0.2014003, 4861294.711001552
0.2015027, 4762246.329557258
0.2017748, 4002101.0486199027
0.2019503, 3994507.936863578
0.2022155, 3936700.991829656
0.2024815, 3662739.4210218913
0.2042801, 3641508.78149226
0.2043667, 3624215.31237254
0.2050579, 3279235.4528178596
0.2074239, 3104336.5861830856
0.2076913, 3070081.4548872802
0.207866, 3064010.8138709688
0.2094368, 3036099.7403505617
0.2103936, 2936501.816488649
0.2128259, 2945824.011618165
0.2134455, 2789165.4021667293
0.2137909, 2765630.878355846
0.2157025, 2768299.3449449143
0.2163092, 2616158.6648202986
0.2171727, 2506887.8290399793
0.2319587, 2459256.352758166
0.2328242, 2405528.8622788
0.2367524, 2282184.242049728
0.2910458, 2280252.9995533293
0.3153274, 2258982.1446399996
0.3606401, 2248719.9089913345
0.4395655, 2201910.4594747727
0.4403446, 2166743.6018282883
0.636353, 2144909.2428604867
0.6995861, 2125121.697428716
0.7111459, 2115760.7068317565
0.7268028, 2119125.8634464103
0.8088155, 2115760.7068317565
0.8188632, 2086424.6899413718
0.8569728, 2085875.8969290718
0.9891376, 2066144.2273019208
1.0075198, 2048608.6479337206
1.0547098, 2051734.101922406
2.8197501, 2048608.6479337206
