0.21,5478364
0.21,5398498
0.21,4936693
0.21,4649753
0.21,4573250
0.21,4550424
0.21,4494764
0.21,3971419
0.21,3537916
0.21,3488666
0.21,3436488
0.21,3434218
0.21,3406560
0.21,3352705
0.21,3314336
0.21,3285158
0.21,3298152
0.21,3239541
0.21,2933930
0.22,2880490
0.22,2660829
0.22,2605387
0.22,2446285
0.22,2433291
0.22,2399406
0.23,2396311
0.23,2399406
0.23,2332440
0.23,2236970
0.23,2217069
0.23,2238379
0.24,2235284
0.25,2269580
0.25,2285980
0.25,2262211
0.26,2107368
0.26,2093811
0.26,2103608
0.26,2086421
0.26,2070182
0.28,2082460
0.29,2070182
0.29,2079869
0.29,2070182
0.31,2063631
0.34,2066726
0.35,2082460
0.35,2070182
0.36,2063631
0.38,2066726
0.38,2063631
0.38,2066726
0.39,2070980
0.40,2066726
0.41,2079869
0.41,2066726
0.44,2063631
0.46,2070182
0.49,2063631
