0.0008625999999999912, 4472971
0.005932899999999991, 4426191
0.008852699999999991, 4325610
0.011822, 4201129
0.0157061, 4144542
0.018896999999999997, 4112279
0.020194199999999995, 4055692
0.024540499999999993, 4015406
0.026682099999999986, 3992477
0.03559219999999999, 3986433
0.0380829, 3923218
0.042481500000000005, 3842222
0.0469338, 3832620
0.07963419999999999, 3830592
0.0849801, 3782906
0.19184349999999997, 3774426
0.1965127, 3773767
0.2132109, 3764824
0.21910739999999998, 3764165
0.2431978, 3721298
0.24910269999999998, 3658083
0.360791, 3628908
0.3670618, 3584560
0.3808429, 3571198
0.3866472000000001, 3570539
0.47617810000000005, 3564139
0.4813056, 3563480
0.5411799, 3461467
0.5460977, 3460808
0.5699643, 3453142
0.5748143, 3452483
0.5876702, 3443056
0.5898796000000001, 3442397
0.6620746000000001, 3411377
0.6666691, 3410718
0.8858166000000001, 3373992
0.8904922, 3373333
0.9073340000000001, 3358274
0.9115982, 3357615
1.4185948, 3346147
1.4243952, 3340406
1.4317712, 3337743
1.8898982999999998, 3335379
1.8948099, 3334720
1.8980254, 3319661
1.9022785000000002, 3319002
2.0210187, 3278038
2.0430895, 3233994
2.2855535999999996, 3230800
2.2880273, 3215082
2.3001459, 3186756
2.3036936, 3174086
2.3059312999999997, 3168345
2.3160311, 3165682
2.9769460999999997, 3130633
4.9764783999999995, 3117864
4.979636999999999, 3099863
5.0387021, 3084145
8.0223052, 3073400
8.0273856, 3055399
8.1562093, 3030383
8.161145000000001, 3012382
8.225026100000001, 3008037
8.353393200000001, 2992557
8.3546967, 2974556
8.611141700000001, 2961886
8.6904076, 2956145
11.323110000000002, 2954885
11.563408200000001, 2953567
11.6505601, 2952192
21.4137786, 2950559
31.8550789, 2942191
32.384017400000005, 2936450
49.0748574, 2935956
49.199339800000004, 2931611
49.8404612, 2931136
49.841878, 2913135
51.2492913, 2884585
51.2576875, 2846759
87.7662404, 2832566
87.768701, 2831132
87.94202109999999, 2828221
87.9447898, 2826787
88.3939214, 2812741
88.39522149999999, 2794740
88.3971225, 2793306
89.1192482, 2782070
89.1216352, 2780636
89.30663949999999, 2776329
89.30933979999999, 2774895
96.34305219999999, 2773635
97.0071201, 2772317
97.2138086, 2770942
120.177914, 2769988
145.9903782, 2746307
146.1317137, 2732603
147.3535854, 2716885
193.9357731, 2669432
199.4682477, 2655728
204.3190861, 2643058
205.8304484, 2637317
236.3401785, 2604164
265.8063724, 2580830
265.9422325, 2567126
266.6600822, 2538379
266.6615531, 2508694
280.5282994, 2495121
280.6210689, 2447612
280.6263404, 2417652
280.62729129999997, 2399651
296.3548061, 2394065
306.3744352, 2379956
333.87566, 2376833
333.8816992, 2360594
335.9410166, 2301539
335.9425454, 2271854
364.7478047, 2268959
364.749501, 2245612
379.9234996, 2210563
