0.2715255, 29460
0.2719752, 28894
0.272157, 29039
0.2722994, 29162
0.272442, 29048
0.2725859, 27183
0.2727273, 26090
0.2728721, 26782
0.2730153, 26074
0.2731938, 26262
0.273456, 26757
0.2736031, 27255
0.2738879, 27953
0.2740302, 27779
0.2741712, 27867
0.2744562, 27641
0.2751452, 27556
0.2752873, 29006
0.2754323, 29572
0.2755738, 29017
0.2757943, 30030
0.2759352, 27912
0.276076, 28001
0.2763839, 28355
0.2769073, 28565
0.277127, 28538
0.27727, 28324
0.2774134, 26398
0.2775558, 24686
0.2781257, 26170
0.2782704, 26717
0.2784169, 26010
0.2785583, 25949
0.2787, 26529
0.2789846, 27023
0.2791263, 26316
0.2792667, 25590
0.2795564, 27788
0.2797027, 27493
0.279845, 26896
0.279987, 27536
0.2801293, 27191
0.2803711, 26983
0.2805209, 26909
0.2806634, 26470
0.2809535, 26901
0.2812391, 27048
0.2813839, 27227
0.2818179, 25229
0.2819954, 25133
0.2822863, 25808
0.2824625, 27135
0.2826044, 27949
0.2830199, 28866
0.283305, 28924
0.2835885, 29072
0.2837297, 28218
0.2838707, 27562
0.2840133, 26746
0.2841555, 27797
0.2842974, 26849
0.2844396, 26904
0.2848668, 27246
0.2852931, 27373
0.285435, 27735
0.2860014, 28633
0.2861424, 28607
0.2862818, 27943
0.2864231, 27388
0.2865637, 26055
0.2869398, 26185
0.2870838, 25670
0.2872285, 25783
0.2876597, 25791
0.2878026, 26997
0.2879462, 26963
0.288375, 27730
0.2885183, 27685
0.2886606, 27916
0.2888026, 27865
0.2892271, 27884
0.2896529, 26438
0.2898159, 26623
0.2900966, 26321
0.2904174, 27804
0.2906787, 28626
0.2909474, 28935
0.2910914, 27855
0.2912355, 27983
0.2913784, 27967
0.2915204, 28120
0.2916622, 28326
0.2919482, 28003
0.2922343, 27975
0.2923772, 27852
0.2926876, 28252
0.2928317, 27569
0.2931164, 27816
0.293258, 25804
0.2933998, 25552
0.2935429, 26643
0.293684, 26292
0.2938251, 25585
0.2942526, 25860
0.294396, 26028
0.2946816, 26321
0.2948246, 26882
0.2949677, 26781
0.2951123, 28526
0.2952549, 28099
0.2955423, 28936
0.2956872, 30160
0.295829, 30095
0.2961126, 28796
0.2962545, 28147
0.2963957, 27147
0.2965367, 27264
0.2966766, 28016
0.2969581, 27185
0.2970986, 26951
0.2972397, 27097
0.2973853, 25902
0.2977903, 25234
0.2979335, 25065
0.2982186, 24590
0.2984591, 24838
0.2986038, 25476
0.2987465, 24818
0.2988881, 26055
0.2990307, 26080
0.299173, 26408
0.3005828, 27876
0.3008671, 26882
0.30101, 26618
0.3011523, 26755
0.3012957, 26303
0.3014382, 26535
0.3015822, 26070
0.3017259, 26058
0.3018672, 25905
0.3020102, 25683
0.3021526, 27077
0.302295, 26320
0.3024355, 26963
0.3025763, 26609
0.3027171, 26359
0.302858, 25533
0.302998, 25472
0.3031396, 25480
0.3032829, 25514
0.3034235, 25500
0.3038472, 23572
0.3045548, 23538
0.3049788, 23774
0.3054037, 24167
0.3060079, 23448
0.3061529, 23415
0.3062964, 24412
0.306438, 23973
0.3066197, 24419
0.3068034, 24280
0.3073093, 24599
0.307454, 24828
0.3080257, 25093
0.3081672, 23770
0.3085964, 23474
0.3087392, 23691
0.3088816, 24145
0.309026, 26489
0.3093098, 26564
0.309452, 26568
0.3097349, 26463
0.3098753, 26105
0.310016, 25522
0.3101588, 25551
0.3103025, 26443
0.3104459, 26497
0.3110207, 26581
0.3113068, 26390
0.3114506, 25146
0.3115938, 25455
0.3117375, 26524
0.3153108, 26938
0.3155053, 26656
0.3156975, 28670
0.3158894, 28268
0.316084, 25785
0.3164691, 25301
0.3166594, 25834
0.3168518, 26646
0.3173669, 25814
0.3175638, 26387
0.3179537, 26475
0.3181457, 27002
0.3183393, 27422
0.31853, 27402
0.318721, 27067
0.3191069, 26788
0.319298, 27555
0.3194893, 27409
0.3196817, 27035
0.3200386, 27138
0.3202077, 28546
0.3203768, 30107
0.3205445, 29578
0.3207138, 29245
0.3212198, 27747
0.3215545, 27763
0.3217218, 26712
0.3218884, 27191
0.3225643, 27279
0.3227334, 27613
0.3229021, 28012
0.32307, 27910
0.3237418, 27778
0.3239079, 27631
0.3241319, 28001
0.3244667, 28151
0.3246335, 27831
0.3248004, 27107
0.3249492, 27348
0.3251011, 27824
0.325251, 27261
0.3255508, 27095
0.3257025, 27173
0.3264095, 27326
0.3265598, 27212
0.32671, 26887
0.3270076, 25769
0.3274541, 25097
0.3277552, 26043
0.3279052, 26884
0.3283632, 25512
0.3285141, 26191
0.3294155, 25512
0.3297286, 25282
0.3298704, 26532
0.3302986, 27206
0.330726, 27104
0.3308692, 27423
0.3311528, 27737
0.3312972, 27737
0.3314384, 27859
0.3315783, 27582
0.3317181, 26890
0.331858, 26641
0.3321411, 26054
0.3322817, 27439
0.3324249, 27337
0.3329916, 27568
0.3332762, 27366
0.3335592, 26298
0.333936, 26055
0.3340802, 24802
0.3347853, 24932
0.3349256, 25420
0.3352073, 25334
0.3354896, 24709
0.3357715, 24251
0.3359133, 24209
0.3361377, 24727
0.3364231, 24517
0.3368512, 24701
0.3369935, 24329
0.3374213, 24785
0.3379921, 25541
0.3384222, 24664
0.3389925, 24651
0.3391336, 24834
0.3394149, 26900
0.3395586, 27265
0.3397011, 27844
0.3400069, 27253
0.3401531, 27214
0.3404375, 27126
0.3405785, 26483
0.3407198, 26658
0.3408615, 26374
0.3411424, 25683
0.3415227, 25353
0.3416679, 25252
0.341953, 25567
0.3420944, 25303
0.3422347, 25258
0.3423748, 24990
0.3425156, 24634
0.3426585, 24813
0.3429457, 25016
0.3435169, 24170
0.3439341, 24736
0.3441684, 25780
0.344311, 25743
0.3445907, 27153
0.3447302, 25983
0.3448697, 26250
0.3451486, 27893
0.3452873, 27447
0.3457067, 28453
0.3458478, 28166
0.3459874, 27937
0.3466898, 27144
0.346829, 27230
0.3471093, 27429
0.3472479, 27811
0.3473877, 27627
0.3475264, 28791
0.3476654, 28932
0.347803, 28586
0.3479397, 27747
0.3482985, 27884
0.3488495, 28113
0.3492242, 27763
0.3493625, 28497
0.3495033, 28729
0.3496414, 29006
0.349779, 29649
0.3499178, 29140
0.3500565, 29840
0.350334, 30511
0.3504738, 31003
0.3506112, 31112
0.3507497, 31502
0.350887, 30851
0.3510262, 30417
0.351305, 30543
0.3514444, 31048
0.3515841, 30009
0.3517227, 29199
0.3518603, 28102
0.3521425, 27479
0.3524203, 26449
0.3528329, 26603
0.3529697, 26383
0.3531077, 26204
0.3532464, 26306
0.3533855, 26265
0.3536631, 25793
0.3542123, 26015
0.3543507, 25989
0.3548996, 26202
0.3554497, 26340
0.3555869, 26338
0.3558623, 26581
0.3560032, 25781
0.3563233, 25531
0.3564705, 26149
0.3566116, 26457
0.3570308, 26380
0.3571714, 26503
0.3573105, 25905
0.3574503, 25783
0.3575909, 26788
0.3578731, 26831
0.3580124, 27849
0.3581523, 28145
0.3584349, 27883
0.3587139, 28357
0.3588526, 26381
0.3589909, 26701
0.3591294, 26302
0.3592671, 25983
0.359405, 26020
0.3595438, 25727
0.3596827, 25590
0.3598209, 26899
0.360016, 27836
0.3602014, 27067
0.3603398, 27578
0.3606174, 28477
0.3607563, 27405
0.3611705, 26654
0.361858, 24973
0.3619952, 26190
0.3622745, 26385
0.3629684, 25889
0.3633921, 26486
0.3635297, 28007
0.3637645, 27312
0.3639054, 27321
0.3640799, 28626
0.3642181, 28047
0.3643556, 30187
0.3646348, 30801
0.3649153, 29064
0.3650539, 28986
0.3653331, 28469
0.365472, 28432
0.3656111, 27922
0.3658914, 27875
0.3660307, 28293
0.3661703, 28149
0.3664505, 28298
0.3665894, 27841
0.3667281, 27370
0.3670052, 27017
0.3671453, 28027
0.367284, 28035
0.3674226, 26827
0.3676971, 26616
0.3681243, 26443
0.3682623, 25970
0.3684023, 25997
0.3685398, 25877
0.3692302, 26629
0.3693697, 27189
0.3697888, 26055
0.3699296, 26403
0.3700678, 25075
0.3703454, 24495
0.3704843, 25159
0.3706231, 25868
0.3707611, 25322
0.371135, 25772
0.3716885, 24777
0.3718275, 25131
0.3719739, 26320
0.3721986, 24951
0.3725114, 24513
0.3726506, 24668
0.3730674, 24367
0.3732058, 25331
0.3733455, 25575
0.3737659, 25503
0.3739057, 26109
0.3741849, 26985
0.3748832, 27616
0.3750211, 26621
0.3755787, 27012
0.3758587, 27163
0.3759991, 27760
0.3761378, 28181
0.3762752, 28170
0.3764131, 27909
0.3765519, 27749
0.3768285, 27901
0.3772379, 27247
0.3773753, 27610
0.3775129, 28110
0.3776504, 27646
0.3777894, 27635
0.3780658, 27251
0.378203, 26930
0.3784369, 26495
0.3785783, 26843
0.3794164, 25790
0.379555, 26135
0.3798354, 26631
0.3799954, 26504
0.3802995, 25865
0.380861, 25450
0.3811396, 24814
0.3814195, 25042
0.3818394, 25864
0.3822541, 26202
0.3823931, 25958
0.3825308, 25593
0.3828105, 24616
0.3829483, 26310
0.3830893, 26402
0.3832271, 27599
0.3833648, 27161
0.3835023, 27873
0.3836394, 28235
0.3839153, 27861
0.3842141, 27081
0.3844919, 26479
0.3846306, 25864
0.3847708, 25557
0.3849102, 25518
0.385327, 26000
0.3854652, 26209
0.3856031, 25856
0.3859776, 25616
0.3861168, 25573
0.386396, 24256
0.3866725, 23681
0.3868111, 24375
0.3870878, 25081
0.3872263, 25278
0.3875034, 24000
0.3876417, 24374
0.3880615, 24415
0.3887566, 25319
0.389173, 25779
0.3893109, 26488
0.3894502, 27225
0.3897293, 27569
0.3900085, 27991
0.3901469, 28102
0.3902863, 28148
0.3904244, 27671
0.3905647, 28101
0.3908415, 28395
0.3911166, 28718
0.3912539, 30124
0.3913909, 28966
0.3916653, 29144
0.3918032, 30194
0.3919397, 30346
0.392077, 30041
0.3922142, 30249
0.3923533, 30183
0.3924917, 29826
0.3927666, 30973
0.3929055, 30856
0.3931367, 30363
0.3934172, 29504
0.3935559, 29574
0.3936935, 29374
0.393832, 29456
0.3941126, 30155
0.3943902, 27964
0.3945285, 28213
0.3946664, 28497
0.3948054, 29300
0.3949426, 29551
0.3952183, 30065
0.3953568, 29286
0.3954954, 28244
0.3957703, 27743
0.3959089, 27743
0.3960474, 26862
0.3961863, 27956
0.3967398, 27529
0.3974361, 28172
0.397576, 28527
0.3978542, 28919
0.3981187, 28899
0.3982959, 28592
0.3991765, 28373
0.3993524, 27463
0.3998813, 27608
0.4000581, 27792
0.4002347, 27193
0.4007619, 27551
0.4009372, 27704
0.4015773, 27583
0.4020124, 27593
0.4023116, 27680
0.4028069, 26724
0.4032261, 27701
0.4037445, 27159
0.4039119, 27277
0.404328, 27158
0.4047455, 27385
0.4048852, 27328
0.4050244, 27806
0.4054409, 27629
0.4057204, 27583
0.4058582, 26090
0.4062179, 28079
0.406356, 28061
0.406494, 27258
0.4066319, 27093
0.4067688, 26889
0.4070491, 27502
0.4071877, 28727
0.4073266, 28429
0.4074634, 27609
0.4080138, 27818
0.4081512, 27798
0.4084264, 27986
0.408703, 26623
0.4088414, 26187
0.4089789, 26141
0.4091159, 26904
0.4092547, 28363
0.4096269, 28330
0.4102733, 28407
0.4104113, 28077
0.4105507, 28569
0.4108289, 28473
0.4109689, 27630
0.4112474, 26825
0.4113863, 27056
0.4116636, 27694
0.4122262, 28015
0.4123665, 27888
0.4126449, 27600
0.4127847, 28055
0.413064, 29124
0.4132028, 28053
0.413619, 28193
0.4137583, 28129
0.4139009, 29080
0.4142149, 28552
0.4143541, 28699
0.4144921, 28284
0.4153133, 27239
0.4154504, 25703
0.4155896, 26109
0.4157271, 25013
0.4162807, 24485
0.4165568, 24566
0.4169236, 24719
0.4181733, 25497
0.4183121, 24316
0.4188704, 25112
0.4190087, 25498
0.4194295, 25419
0.4197078, 25466
0.4199883, 25267
0.420405, 23742
0.4208231, 22762
0.4209635, 23028
0.4211019, 23558
0.4212412, 23457
0.4213796, 22974
0.4216578, 23147
0.4221524, 23464
0.4224269, 23756
0.42284, 24348
0.422979, 24432
0.423256, 24875
0.4235317, 24598
0.4236707, 23786
0.4238096, 23696
0.4240901, 23813
0.4246076, 23737
0.4247462, 22310
0.4248856, 23415
0.4254436, 22871
0.4258593, 23448
0.4260004, 23340
0.426138, 24238
0.4262764, 24414
0.4264151, 22689
0.4287917, 22860
0.4292102, 22663
0.4293486, 22667
0.4297613, 22919
0.430082, 22995
0.4303571, 23232
0.4307712, 22647
0.4309101, 22792
0.4314629, 22524
0.4316018, 22351
0.4321174, 23014
0.4322556, 22938
0.4323945, 22932
0.4329506, 23834
0.4336397, 24604
0.4340052, 24227
0.4349881, 24181
0.4352667, 24511
0.4354058, 24883
0.4355453, 25710
0.4359627, 24355
0.4363857, 24885
0.4365234, 24634
0.4370799, 23749
0.4372204, 23749
0.4373615, 23869
0.4377806, 25274
0.4382004, 26258
0.4383395, 26222
0.4386173, 26166
0.4387552, 26096
0.4388945, 25575
0.4390333, 25655
0.4392687, 25711
0.4394102, 25634
0.4396911, 24920
0.4398304, 23744
0.4401089, 23975
0.4402493, 24496
0.4410877, 24209
0.4412285, 24398
0.4415045, 24540
0.441783, 24572
0.441923, 23894
0.4420627, 23102
0.4423398, 23534
0.4426188, 23156
0.4427585, 23453
0.4428963, 23137
0.4430349, 24266
0.4433124, 24024
0.4434525, 24619
0.4435916, 26127
0.4441497, 26280
0.4442864, 26020
0.4444247, 25693
0.4449784, 25975
0.4455284, 26698
0.4456678, 26035
0.4458061, 26416
0.4460396, 26773
0.4464561, 27442
0.4469828, 27041
0.4471198, 26658
0.4476779, 26783
0.447816, 25869
0.4480947, 24869
0.4482322, 24571
0.4486509, 24312
0.44879, 24471
0.4489284, 23913
0.4493452, 23778
0.4494852, 24180
0.4496242, 24575
0.4502281, 24607
0.4503663, 25250
0.4506432, 24271
0.4507827, 23538
0.4509232, 23556
0.4510624, 23882
0.4512024, 24573
0.4513409, 25471
0.4514792, 24716
0.4524456, 24723
0.4528591, 25383
0.4531365, 24160
0.4534139, 24308
0.4540971, 24162
0.4543759, 23817
0.454515, 23479
0.4553449, 22741
0.455622, 23194
0.4557619, 23303
0.4565951, 23537
0.4572938, 23802
0.4575728, 23325
0.4581266, 23817
0.45884, 23918
0.4590183, 23699
0.4591939, 22811
0.4595468, 22969
0.4598996, 22307
0.4606031, 22344
0.4620764, 22540
0.4625229, 23063
0.4626648, 23271
0.4636293, 23277
0.463904, 23229
0.4643181, 23139
0.464457, 23404
0.4645952, 22885
0.4647337, 23479
0.4648722, 23783
0.4650124, 24254
0.4651512, 23465
0.4655676, 23672
0.4658471, 23849
0.4666837, 23499
0.4668213, 23388
0.4669609, 23124
0.4680737, 22817
0.4687694, 23505
0.4690506, 23450
0.4691895, 22807
0.4701939, 21791
0.4703327, 21583
0.4710225, 20961
0.4717162, 21076
0.4724104, 20708
0.4726895, 20719
0.4729692, 20974
0.473248, 21110
0.4738044, 21414
0.4753318, 21325
0.4757453, 21887
0.4758845, 21872
0.4767143, 23237
0.4776448, 22729
0.4777851, 22937
0.4781566, 23737
0.4785015, 23516
0.4787095, 23626
0.4801274, 23487
0.4808118, 23108
0.4814792, 23633
0.4816254, 23148
0.4819188, 23163
0.4823756, 23341
0.4829482, 23869
0.4834001, 23905
0.4842206, 23840
0.4845132, 24022
0.4851031, 24346
0.4862832, 24114
0.4865955, 24391
0.4872508, 24056
0.4874289, 24190
0.4877076, 24715
0.4878452, 23593
0.4882607, 22766
0.4892337, 22700
0.4895127, 22940
0.4897897, 23024
0.4899276, 22551
0.490066, 22667
0.4904786, 22323
0.4910274, 22071
0.4914426, 21985
0.491854, 23966
0.4921302, 23905
0.4925496, 23390
0.4929666, 24601
0.4931064, 24488
0.4932458, 24521
0.4936602, 24147
0.4939339, 22942
0.4940723, 23134
0.4944434, 23146
0.4945838, 22855
0.4947215, 22987
0.4951348, 23045
0.4952733, 22757
0.4959028, 22738
0.4967382, 22717
0.4968774, 23468
0.4970169, 23112
0.4975782, 23435
0.4980009, 23418
0.4982803, 23650
0.4989808, 23817
0.4992596, 23252
0.4996088, 22705
0.4998855, 22007
0.5020551, 22113
0.5023335, 21723
0.5024727, 21969
0.5027488, 22281
0.5028877, 22401
0.5035857, 23253
0.5037271, 23080
0.5042839, 23215
0.5044225, 22762
0.5045612, 22854
0.5051141, 23192
0.506091, 23148
0.5072052, 22359
0.507344, 22223
0.5075841, 22300
0.5077246, 22552
0.5078652, 23010
0.5081457, 23333
0.5088387, 24228
0.5089758, 24073
0.5096313, 23798
0.5101862, 23332
0.5107398, 23529
0.5111561, 23273
0.5114386, 23284
0.5115787, 23071
0.5122779, 23378
0.512696, 22438
0.5129748, 23764
0.5131133, 23251
0.5138081, 23754
0.5139481, 23684
0.5140878, 24271
0.5142282, 24279
0.5143656, 25267
0.5145035, 24529
0.5159196, 24666
0.5166176, 24741
0.5171389, 25118
0.5172772, 24367
0.5178293, 23990
0.5182422, 23733
0.5187905, 24000
0.5189292, 23695
0.5190672, 24516
0.5206736, 25156
0.5212064, 25730
0.5213834, 25791
0.5226259, 25530
0.5228014, 25482
0.5233322, 25368
0.5234781, 25703
0.5241726, 25831
0.5243113, 26096
0.5245898, 26135
0.5248688, 25666
0.5250091, 26534
0.5252475, 26968
0.5253896, 26774
0.5256697, 25485
0.5259482, 25882
0.5260885, 25637
0.5262273, 25667
0.5267851, 25510
0.5269231, 25278
0.5270619, 25973
0.527624, 26534
0.5281823, 26596
0.5283219, 26352
0.5285988, 26338
0.5287379, 25169
0.5288762, 25088
0.5290137, 24022
0.5291512, 23663
0.5294274, 24283
0.5299791, 23319
0.5303903, 23566
0.5305274, 22613
0.5309419, 22522
0.5312165, 23254
0.5315757, 23024
0.5322808, 23296
0.5329357, 23169
0.5330758, 22711
0.5333541, 23314
0.5336301, 22799
0.5345904, 23248
0.5347277, 24231
0.5350061, 24421
0.5355651, 24591
0.5358437, 24325
0.5359818, 25060
0.5361193, 25943
0.536257, 25441
0.5365363, 25746
0.5366766, 25929
0.5369554, 25600
0.5377924, 25251
0.538767, 24366
0.5394929, 24465
0.5405763, 24515
0.5407154, 24935
0.5411327, 24895
0.5412724, 24741
0.5416959, 24249
0.5425365, 24325
0.5429567, 23281
0.5437582, 23080
0.5443125, 22191
0.5447287, 22307
0.5452848, 22571
0.5455629, 23261
0.5457, 22884
0.5461157, 21877
0.5462544, 21731
0.5466686, 22274
0.5477822, 22407
0.5479218, 22782
0.5483356, 22456
0.5488845, 22925
0.5494379, 23074
0.5495756, 23559
0.5501342, 23739
0.5502737, 22733
0.5513933, 22278
0.5516714, 22113
0.5518097, 23713
0.5519477, 23574
0.5520864, 22948
0.5523608, 22909
0.5527752, 22710
0.553189, 23050
0.5533266, 22213
0.5536021, 21921
0.5537402, 21671
0.5540168, 22393
0.554155, 22638
0.554293, 22523
0.5545689, 22536
0.5553624, 22144
0.5557189, 21840
0.5558614, 21827
0.5560003, 21674
0.5562798, 21233
0.5571221, 20955
0.5575395, 20555
0.5576786, 20577
0.5579575, 20582
0.5583741, 20431
0.5587869, 20487
0.5589257, 20209
0.5590642, 20107
0.5593413, 21146
0.5594826, 20855
0.5600352, 20931
0.5610007, 21441
0.5614151, 21844
0.5615524, 21899
0.5618281, 21794
0.5619647, 22560
0.5621034, 23783
0.5623418, 23144
0.5624834, 23690
0.5626221, 24071
0.5627598, 23265
0.5628973, 23666
0.5630344, 23222
0.5633101, 23816
0.5635253, 22816
0.563801, 22820
0.5640798, 22543
0.5649133, 22001
0.5656098, 22006
0.5661689, 22123
0.5668642, 22006
0.569158, 22965
0.5695763, 23197
0.5698108, 23502
0.5706399, 23458
0.571604, 22971
0.5721549, 22724
0.5725655, 21977
0.5727033, 22206
0.5728407, 21317
0.5733952, 21361
0.5736736, 21515
0.5749347, 21775
0.575487, 22318
0.5756266, 22217
0.5764576, 22568
0.5765951, 22303
0.5772486, 21342
0.578351, 21458
0.5797764, 21357
0.5799538, 21838
0.5803097, 22099
0.5804888, 21965
0.5815539, 21909
0.5819093, 21806
0.5820875, 21294
0.5827946, 21026
0.5838851, 20983
0.5848693, 21005
0.5851503, 20741
0.5852905, 20789
0.5855234, 20468
0.5858041, 21150
0.5859426, 20895
0.5871861, 20682
0.5878157, 20824
0.5886528, 21272
0.5888734, 21315
0.5891537, 21091
0.5914203, 20867
0.5925382, 21973
0.5931892, 21062
0.5933309, 20285
0.5934705, 20349
0.5947608, 20000
0.596304, 19766
0.5965829, 19494
0.5974163, 19863
0.5976961, 19792
0.5979978, 20095
0.6002382, 21246
0.600518, 21204
0.6017316, 21176
0.6018704, 21395
0.6020117, 20415
0.6022892, 20891
0.6025663, 20563
0.6039607, 20220
0.6040993, 20325
0.6049368, 19640
0.6143229, 19748
0.615018, 20440
0.6152956, 20127
0.6161248, 20967
0.6176028, 20873
0.618016, 20930
0.6182932, 20944
0.6196351, 21391
0.6200506, 20867
0.6201893, 20894
0.6213017, 20817
0.621581, 20533
0.6228251, 20358
0.6236539, 20612
0.6250026, 20561
0.6255607, 20280
0.6259789, 20545
0.6263987, 19752
0.6277154, 20047
0.6282765, 20448
0.6286927, 21101
0.6299375, 20841
0.6317967, 20560
0.6320767, 20997
0.6322151, 20691
0.6329171, 20909
0.6345918, 20695
0.6360225, 20710
0.6364401, 21038
0.6371283, 20837
0.6376786, 20752
0.6379525, 19883
0.638504, 19856
0.6390189, 20192
0.6410076, 20240
0.6414284, 19869
0.6444406, 20318
0.644576, 20813
0.6456489, 20557
0.646052, 20511
0.6477779, 20700
0.6484601, 21012
0.6487332, 21185
0.6490026, 21216
0.6492747, 20904
0.6496807, 20743
0.6499504, 21454
0.6504966, 21366
0.6506332, 20788
0.6520727, 21180
0.6532862, 20152
0.6534206, 20525
0.6557801, 20599
0.656734, 20457
0.6568705, 19918
0.6626154, 20005
0.6639636, 21100
0.6642323, 21566
0.6645036, 21607
0.6647739, 20845
0.6650469, 20928
0.6651872, 20766
0.6655983, 20879
0.6662743, 20540
0.6672173, 20928
0.6681385, 21060
0.6682748, 20461
0.668411, 20376
0.6687733, 20598
0.6689109, 20273
0.6693162, 20788
0.6706641, 20186
0.6718938, 19554
0.6725739, 20061
0.6729831, 19731
0.674733, 19792
0.6765459, 19917
0.6773568, 20351
0.6777604, 20179
0.6804294, 19912
0.6807025, 19546
0.6808367, 19610
0.6811074, 20010
0.681914, 19717
0.6830036, 20224
0.683679, 19888
0.6839485, 19609
0.6842193, 18302
0.685854, 17885
0.6869427, 18167
0.6917804, 18228
0.6938098, 18161
0.6972096, 18329
0.6974828, 17959
0.6981612, 17990
0.6982969, 18294
0.7005614, 18611
0.7034201, 18643
0.7035544, 18659
0.7036892, 17897
0.7039591, 18289
0.7046366, 18256
0.7059298, 18120
0.713072, 18112
0.7139749, 17698
0.7147818, 17609
0.7157263, 17573
0.7166766, 17738
0.7187236, 17244
0.7204875, 16983
0.7268644, 17145
0.7318157, 16787
0.7323343, 16266
0.7364282, 15990
0.7400503, 15931
0.7404564, 16185
0.740728, 15862
0.7436853, 16179
0.7469385, 16263
0.7478934, 16678
0.7499224, 17709
0.7500567, 17719
0.7515994, 17679
0.7518008, 17466
0.7538204, 17705
0.7539569, 17546
0.7614201, 17529
0.7630883, 17285
0.7633614, 17266
0.767421, 16792
0.768198, 16919
0.7712546, 17059
0.7720663, 16907
0.7766469, 16820
0.7780013, 16803
0.779465, 16903
0.7816221, 16883
0.7868124, 16902
0.7896622, 16725
0.7924604, 16866
0.7952629, 16857
0.7969016, 17186
0.7981138, 17280
0.8013668, 17531
0.8019108, 17575
0.8023198, 17735
0.8055556, 17915
0.8071406, 17798
0.8083096, 17846
0.8121676, 18411
0.8140199, 17787
0.8164558, 17167
0.818344, 17053
0.8193643, 17424
0.8199081, 17681
0.8207142, 17552
0.8242046, 17645
0.8247542, 16893
0.830556, 16809
0.83248, 16386
0.8380381, 15797
0.8387104, 15179
0.8438913, 14928
0.8462084, 14824
0.8514592, 15162
0.8593331, 15077
0.8714146, 15180
0.878408, 15529
0.8792343, 15648
0.8799893, 15211
0.8801286, 15406
0.8829003, 15572
0.8870728, 15695
0.8921696, 15962
0.8963561, 15365
0.9015967, 15357
0.9042172, 15209
0.9066382, 15163
0.9126302, 15137
0.9167275, 14981
0.9232165, 15038
0.9352542, 15141
0.9373326, 15295
0.9426171, 15183
0.9445348, 15214
0.9483079, 14834
0.9501903, 14751
0.9595644, 14427
0.9603797, 14436
0.9664196, 14643
0.9665555, 14224
0.9710119, 14141
0.9738312, 13956
0.9761396, 14051
0.9788843, 14253
0.9949248, 14188
1.0176507, 13971
1.018454, 13406
1.0372435, 13608
1.0385896, 13834
1.038993, 13806
1.0416937, 13657
1.0556232, 13657
1.0676698, 13518
1.0738775, 12826
1.0769263, 12751
1.0869743, 12674
1.1168109, 12721
1.125417, 12851
1.1395856, 12696
1.1552142, 12507
1.189712, 12461
1.199981, 12393
1.2437883, 12017
1.2746369, 12012
1.2967572, 12022
1.3201731, 12114
1.3744244, 12049
1.3939746, 12038
1.4428643, 11954
1.4834691, 11940
1.5077008, 11653
1.6366777, 11517
1.642025, 11452
1.8317459, 11216
1.9875454, 11124
1.9988018, 11088
2.0521841, 11030
2.0697401, 11016
2.0839043, 10923
2.1129913, 10923
