0.13,2501477
0.13,2475479
0.13,2469561
0.13,2457474
0.13,2457127
0.13,2451674
0.13,2425676
0.13,2424211
0.13,2422703
0.13,2396358
0.14,2391433
0.14,2382975
0.14,2377189
0.14,2364755
0.14,2359342
0.14,2358837
0.14,2352910
0.14,2346750
0.21,2339731
0.26,2332027
0.26,2325766
0.32,2323627
0.66,2318973
0.76,2309507
1.08,2306245
1.76,2304816
2.80,2301544
3.26,2295895
3.26,2294974
3.26,2288181
4.45,2280569
4.45,2279648
4.46,2272855
17.07,2271646
21.93,2268022
21.93,2267101
21.93,2260308
56.56,2256091
62.01,2256033
62.01,2255112
62.01,2248319
62.20,2242728
67.82,2237001
68.07,2231849
69.04,2231204
69.04,2230283
69.04,2223490
86.12,2222373
86.28,2211904
86.28,2210983
86.28,2204190
92.53,2200367
92.53,2199446
92.54,2192653
97.50,2189587
97.50,2188666
97.50,2181873
115.72,2180664
121.97,2177040
121.97,2176119
121.97,2169326
134.61,2168097
145.70,2165242
160.64,2164710
163.46,2163669
163.49,2162460
208.65,2150771
209.48,2149680
229.68,2140778
230.51,2140161
348.18,2138653
402.97,2135409
402.97,2133826
