0.2669583, 2856631
0.2670967, 2867160
0.2674805, 2793322
0.2676091, 2779353
0.2678575, 2752895
0.2687219, 2604726
0.2696019, 2589141
0.2699364, 2259134
0.2700642, 2225067
0.2703092, 2213495
0.2709205, 2214226
0.2720008, 2139485
0.2723704, 2154265
0.2736103, 2078026
0.2743377, 2047225
0.2744823, 2033697
0.2752185, 1966348
0.2756897, 1958629
0.2763932, 1920046
0.276677, 1871284
0.2776409, 1869140
0.2806723, 1865040
0.2818941, 1841706
0.2820165, 1849803
0.2822612, 1836199
0.282628, 1810754
0.2827492, 1753601
0.2852739, 1691320
0.2874638, 1685709
0.2903952, 1674036
0.2918663, 1630269
0.2984063, 1622861
0.3021925, 1613560
0.3049349, 1602639
0.3077296, 1577145
0.3105773, 1569235
0.3134736, 1564844
0.3137202, 1553720
0.3258606, 1516064
0.3306214, 1486041
0.3353547, 1484877
0.3366979, 1482190
0.3473799, 1481083
0.3495845, 1463818
0.3572393, 1424879
0.3605064, 1436431
0.36075, 1409908
0.3621893, 1396835
0.3670238, 1407166
0.3703223, 1413799
0.3738374, 1412918
0.3848573, 1416689
0.3898131, 1408677
0.404453, 1407090
0.4060518, 1403086
0.4283364, 1401455
0.4291565, 1399303
0.4637815, 1393390
0.4639018, 1356412
0.4660327, 1345937
0.4712555, 1350822
0.4780979, 1335111
0.4808727, 1334892
0.489374, 1316103
0.4940394, 1313435
0.4952377, 1312393
0.5073109, 1313119
0.5245029, 1318727
0.53094, 1320889
0.5339535, 1312755
0.5341978, 1299257
0.5362778, 1299244
0.537875, 1289039
0.5411653, 1277122
0.5554581, 1267607
0.5697528, 1243694
0.5856098, 1211822
0.6100324, 1216092
0.6382846, 1197824
0.652094, 1187862
0.6846372, 1189296
0.7194712, 1178427
0.7507142, 1178785
0.7617797, 1162928
0.8830243, 1159380
0.9422542, 1151495
1.075215, 1149367
1.1345701, 1129668
1.1709936, 1129178
1.1921912, 1119963
1.2225994, 1113511
1.3786484, 1103002
1.4639073, 1098495
1.5880843, 1087799
1.6613056, 1065448
1.7419163, 1064888
1.9060563, 1059625
1.9128593, 1055335
2.2880754, 1039643
2.3607229, 1039183
