0.13,216240
0.13,215989
0.13,215928
0.13,212205
0.13,211954
0.13,211531
0.14,210014
0.14,209357
0.15,209319
0.43,209303
0.51,209099
0.51,209061
0.53,208782
0.58,208439
0.72,208051
0.78,208013
2.46,208002
2.47,207964
5.22,207878
5.41,207535
9.67,207530
9.67,207492
18.78,207355
18.83,207012
20.24,207007
20.24,206969
21.89,206577
21.89,205920
21.93,205882
22.61,205866
22.84,205662
22.85,205624
22.91,205345
23.03,205002
23.48,204614
23.64,204576
27.81,204565
27.84,204527
32.40,203934
32.53,203896
36.17,203749
36.61,203676
36.64,203638
36.89,203359
37.41,203016
40.78,202773
41.39,202138
41.39,201031
42.06,200993
52.67,200360
52.76,200213
52.78,200102
52.81,200006
52.81,199480
52.95,199222
52.95,198115
53.36,198079
81.72,197782
86.01,197512
92.88,197353
92.92,197313
92.94,196718
92.94,195611
128.40,195226
136.01,194928
158.45,194879
191.11,194599
193.08,194507
193.32,194450
234.58,194407
420.71,194403
424.85,194292
424.85,194154
427.06,193819
430.13,193727
430.56,193670
