0.00022980000000000222, 377019
0.005347999999999992, 360414
0.007136200000000009, 357686
0.008907100000000001, 351210
0.012593099999999996, 342904
0.014224600000000004, 339736
0.015649700000000016, 339136
0.01728460000000001, 335891
0.01865839999999999, 332109
0.02270040000000001, 330413
0.025036699999999995, 324954
0.029783699999999996, 324088
0.03293780000000002, 317077
0.03876270000000001, 308771
0.057842000000000005, 307040
0.05966770000000002, 306328
0.0651908, 300913
0.06724859999999999, 294690
0.07184789999999999, 292116
0.07370789999999999, 285760
0.07539560000000001, 284175
0.07836200000000001, 282384
0.0821811, 280496
0.0843701, 277952
