0.24,477754
0.29,476030
0.33,455665
0.44,448001
0.56,442104
0.60,428602
0.68,428164
0.72,396273
0.99,391445
1.18,382909
1.26,370738
1.46,357952
1.62,354462
1.65,349192
1.69,345890
1.77,332074
2.00,331710
2.04,329898
2.08,325174
2.12,318814
2.28,318701
2.36,314627
2.43,308284
2.63,305968
2.67,299057
2.71,292489
3.14,292360
3.37,289595
3.49,288062
3.60,282648
3.76,281431
3.84,281105
4.11,280807
4.15,272294
4.43,269052
4.78,263955
5.17,263383
5.21,262502
5.25,259238
5.32,252495
5.72,248683
5.88,246030
6.15,244608
6.47,241702
6.67,238052
6.79,236418
6.98,231330
7.49,225838
7.73,220606
7.92,220393
8.04,219907
8.27,218127
8.31,213102
8.54,211914
8.70,211662
8.81,210940
8.85,210901
9.01,208790
9.20,203584
9.59,200971
9.98,199312
10.17,198046
10.67,195542
10.71,193427
11.26,190135
11.34,189231
11.61,187888
12.00,187463
12.58,187234
12.74,183476
13.01,181091
13.40,180793
13.48,180390
13.52,179840
13.71,175417
14.46,173207
14.63,173185
14.80,172969
14.89,171941
14.93,170944
15.40,169345
15.76,167840
15.88,166734
16.15,163999
16.78,162999
17.26,162733
17.30,161545
17.90,161507
17.98,160701
18.43,159869
18.75,159329
18.94,158318
19.34,157802
19.58,154948
19.95,154605
20.02,152480
21.50,150155
21.86,149020
22.36,148964
22.77,147536
23.78,147216
24.09,145109
27.04,143842
27.24,143174
28.77,142827
28.97,142745
29.12,142394
30.41,142178
31.37,142166
31.41,141098
33.16,140839
33.71,139998
34.96,139672
35.45,139610
37.44,139284
37.51,138612
37.55,138286
37.67,137197
37.79,134751
38.96,134425
