0.22,6981258
0.22,6966509
0.22,6966010
0.22,6959519
0.22,6956888
0.22,6955910
0.22,6952223
0.25,6932442
0.25,6925951
0.25,6923340
0.25,6923320
0.25,6921843
0.25,6915352
0.26,6912028
0.26,6909397
0.26,6903396
0.26,6903144
0.29,6900832
0.61,6897685
0.65,6896521
0.65,6893890
0.65,6887889
0.66,6887706
0.66,6885194
1.35,6883393
1.35,6883210
1.36,6880698
13.88,6879706
13.88,6877075
29.35,6871662
114.14,6870730
133.63,6870707
133.64,6869665
133.64,6869313
133.65,6868891
133.66,6868395
133.67,6866970
133.67,6866425
219.82,6865978
219.82,6865433
219.82,6862802
227.09,6850980
227.09,6844489
227.09,6841878
227.09,6841858
227.10,6840381
227.10,6833890
227.10,6830566
227.10,6827935
227.10,6821934
227.10,6821682
227.14,6819370
227.46,6817251
227.47,6817068
227.47,6814556
228.52,6811567
228.65,6811410
229.05,6809744
229.05,6809430
229.05,6808737
229.22,6806425
238.29,6805540
242.34,6804612
242.35,6803570
242.35,6803218
242.36,6802796
242.38,6802300
242.38,6800875
242.38,6800330
249.15,6797886
249.16,6797534
249.93,6797377
265.11,6795723
265.12,6795520
265.13,6795482
265.13,6794250
265.14,6792570
265.15,6791574
265.15,6791029
292.72,6791024
292.73,6790986
292.73,6789754
292.74,6788074
292.75,6787078
292.75,6786533
