0.15,691529
0.15,690837
0.15,690751
0.15,689835
0.15,684201
0.15,681694
0.15,681383
0.16,680922
0.38,680635
0.38,678928
0.38,678617
0.39,678156
0.42,678137
0.43,677335
0.65,677018
0.69,676979
0.93,676789
0.93,676328
0.97,676309
0.97,675507
1.67,674792
1.67,674671
1.68,674481
1.68,674360
1.74,674020
1.74,673899
2.56,673639
2.59,673328
2.84,672867
3.75,672825
3.75,672786
3.75,671843
3.75,671022
3.77,670138
3.77,670017
3.78,669113
3.78,668992
3.79,668714
3.94,668311
3.94,668190
3.95,667912
7.65,667803
7.65,667682
7.65,667404
8.75,666807
8.75,666686
8.76,666408
8.77,666213
8.77,665774
8.77,665216
10.35,665051
10.35,664493
10.73,664492
10.73,663934
14.28,663821
21.55,663506
46.31,663352
46.31,662794
51.51,662780
51.51,662502
82.02,662220
82.24,661678
82.25,660767
97.28,660698
97.32,659787
98.37,659454
98.45,658912
98.46,658001
100.74,657180
109.08,656863
111.42,656824
158.59,656280
159.31,655706
159.31,655148
