0.21,4173207
0.21,4152286
0.21,3929991
0.21,3757796
0.21,3528400
0.21,3324955
0.21,3278602
0.21,3182052
0.22,3161850
0.22,3020533
0.22,3025199
0.22,2919846
0.22,2921849
0.22,2911311
0.22,2796119
0.22,2733575
0.22,2680057
0.22,2672179
0.22,2679705
0.23,2646056
0.23,2607861
0.23,2595780
0.23,2608676
0.23,2606397
0.23,2557047
0.23,2562748
0.23,2583835
0.24,2593900
0.24,2559827
0.25,2551128
0.26,2559827
0.26,2563509
0.26,2533289
0.26,2531576
0.26,2513426
0.27,2514104
0.27,2507253
0.27,2493107
0.28,2506664
0.28,2509663
0.29,2489142
0.29,2479455
0.29,2453524
0.30,2463211
0.30,2453615
0.31,2445670
0.31,2461909
0.31,2460510
0.31,2464024
0.31,2459602
0.31,2467264
0.31,2451025
0.32,2453519
0.32,2454006
0.32,2391495
0.32,2392935
0.32,2380657
0.32,2379217
0.34,2367580
0.34,2370851
0.35,2367580
0.35,2370851
0.36,2370551
0.36,2356635
0.37,2358439
0.37,2356635
0.40,2358439
0.42,2317862
