0.20,4392946
0.20,4228366
0.20,4071987
0.20,3974288
0.20,3441450
0.20,3300710
0.20,3082459
0.21,3010433
0.21,2922623
0.21,2791219
0.21,2768307
0.21,2709101
0.21,2599671
0.21,2562280
0.21,2545880
0.22,2525162
0.22,2531228
0.22,2534990
0.23,2513230
0.23,2516328
0.23,2522069
0.23,2509075
0.24,2501140
0.24,2350970
0.24,2309953
0.24,2307683
0.24,2251744
0.25,2245253
0.26,2236196
0.27,2249336
0.29,2231994
0.29,2234264
0.30,2231994
0.31,2234264
0.31,2231994
0.31,2234771
0.32,2231805
0.32,2218665
0.33,2214923
0.33,2176915
0.37,2180657
0.37,2139945
0.39,2097146
0.43,2100112
0.43,2097335
0.44,2100112
0.45,2113069
0.45,2100112
0.46,2097335
0.47,2099605
0.47,2097146
0.59,2100112
0.60,2097335
0.64,2099605
0.67,2097146
