0.20,5547623
0.20,5486725
0.20,5110765
0.20,5036626
0.20,4902093
0.20,4786082
0.20,4748060
0.20,4296068
0.20,4348105
0.20,4246066
0.20,4179200
0.21,4180753
0.21,4147032
0.21,3979162
0.21,3987276
0.21,3846744
0.21,3758116
0.21,3690339
0.21,3666518
0.21,3648790
0.21,3635170
0.21,3621226
0.21,3575518
0.21,3126113
0.21,2910879
0.21,2868646
0.21,2863473
0.22,2868646
0.22,2869258
0.22,2546443
0.23,2549397
0.23,2546443
0.23,2551135
0.23,2546443
0.26,2551135
0.27,2560239
0.27,2550209
0.27,2560239
0.28,2562242
0.28,2553138
0.29,2544987
0.29,2550193
0.31,2536411
0.31,2542551
0.32,2541129
0.33,2543565
0.33,2541129
0.33,2542551
0.33,2536411
0.33,2534989
0.34,2536411
0.36,2542551
0.37,2560634
0.37,2559212
0.37,2561648
0.37,2563070
0.38,2560634
0.38,2542551
0.40,2541129
0.40,2534989
0.41,2536411
0.42,2534989
0.43,2541129
0.43,2542551
0.44,2536411
0.44,2534989
0.45,2536411
0.45,2534989
0.46,2549093
0.47,2534989
0.48,2536411
0.50,2534989
0.57,2536411
0.58,2534989
0.66,2536411
0.66,2534989
0.66,2536411
0.66,2534989
0.73,2536411
0.76,2534989
