0.21,5333600
0.21,4637609
0.21,4438883
0.21,4335031
0.21,4118437
0.21,3833432
0.21,3666841
0.21,3534607
0.21,3508814
0.21,3481530
0.21,3466488
0.21,3373614
0.21,3216268
0.21,3240728
0.21,3069427
0.21,2919994
0.22,2868362
0.22,2698860
0.22,2673220
0.22,2638988
0.22,2633752
0.22,2488055
0.22,2460435
0.23,2488055
0.23,2460435
0.23,2353536
0.23,2341048
0.23,2323222
0.23,2200108
0.23,2161593
0.24,2161977
0.25,2124171
0.25,2111683
0.25,2090797
0.25,2080381
0.25,2098291
0.26,2085151
0.27,2098291
0.27,2080381
0.36,2090797
0.39,2080381
