0.21,4407137
0.21,4100252
0.21,4020907
0.21,4022483
0.21,3698250
0.21,3603852
0.21,3601460
0.22,3507738
0.22,3404131
0.22,3288245
0.22,3167728
0.22,3188307
0.22,3165484
0.22,3091590
0.22,2969496
0.22,2799893
0.22,2712364
0.23,2676454
0.23,2651573
0.23,2661967
0.23,2601913
0.23,2480521
0.23,2440077
0.23,2426937
0.24,2402479
0.24,2267329
0.24,2273374
0.25,2241647
0.25,2254787
0.26,2241647
0.27,2163739
0.29,2175376
0.29,2176841
0.29,2179300
0.29,2182425
0.30,2165518
0.30,2135612
0.31,2133153
0.32,2120665
0.32,2110249
0.42,2124190
0.44,2110249
0.46,2120665
0.46,2110249
