0.20,4556835
0.20,4523565
0.20,4386273
0.20,4188825
0.20,4092307
0.20,4074501
0.20,4003019
0.20,3993332
0.20,3771551
0.20,3754237
0.20,3766654
0.20,3760440
0.20,3757747
0.20,3689142
0.20,3686514
0.20,3684852
0.20,3612971
0.20,3590479
0.20,3588389
0.20,3396281
0.20,3409838
0.20,3422098
0.21,3414654
0.21,3406686
0.21,3396778
0.21,3354807
0.21,3203763
0.21,3071243
0.21,3027060
0.21,3027089
0.21,3040214
0.21,3039809
0.21,2981929
0.21,2982334
0.22,2889074
0.22,2869318
0.22,2698429
0.22,2660315
0.22,2680071
0.22,2645074
0.22,2639333
0.23,2581449
0.23,2579566
0.23,2610118
0.23,2599488
0.23,2601201
0.23,2577515
0.23,2582086
0.23,2595226
0.23,2578987
0.23,2580409
0.23,2567660
0.23,2563315
0.23,2539778
0.23,2523501
0.23,2503985
0.24,2491707
0.26,2427140
0.28,2439418
0.28,2429731
0.28,2382635
0.28,2368653
0.29,2358662
0.31,2368653
0.32,2245539
0.36,2235548
0.36,2222408
0.38,2233038
0.38,2225433
0.38,2231781
0.39,2225433
0.40,2231781
0.40,2241468
0.40,2242295
0.40,2252410
0.40,2222966
0.41,2207801
0.41,2217916
0.41,2207523
0.42,2186778
