0.21,4828940
0.21,4593692
0.21,4571561
0.21,4373779
0.21,4246927
0.21,4264995
0.21,4251328
0.21,4225122
0.21,3860948
0.21,3857561
0.21,3713096
0.22,3719887
0.22,3614729
0.22,3350137
0.22,3350626
0.22,3347658
0.22,3318201
0.22,3280411
0.22,3161537
0.22,3147929
0.22,2958939
0.22,2911414
0.22,2871316
0.23,2721248
0.23,2715507
0.23,2717924
0.23,2675353
0.23,2558203
0.23,2597009
0.24,2467825
0.24,2454521
0.24,2438282
0.24,2463703
0.24,2477007
0.24,2308117
0.25,2269311
0.25,2188110
0.25,2162689
0.25,2067219
0.25,2045909
0.34,2062148
0.35,2045909
