0.20,4773049
0.20,4651991
0.20,4496368
0.20,4147468
0.20,4154019
0.20,4152273
0.21,4139666
0.21,3991733
0.21,3863838
0.21,3819180
0.21,3840599
0.21,3819180
0.21,3662325
0.21,3609402
0.21,3549382
0.21,3501406
0.21,3478592
0.21,3480509
0.21,3500556
0.21,3502302
0.21,3473473
0.21,3402131
0.21,3324895
0.21,3101205
0.22,3079151
0.22,3070388
0.22,3073750
0.22,3005915
0.22,3002553
0.22,2974986
0.22,2968768
0.22,2903038
0.23,2873534
0.23,2887667
0.23,2895898
0.23,2871406
0.23,2864208
0.23,2811833
0.23,2740152
0.23,2744245
0.23,2736916
0.23,2732823
0.23,2736916
0.24,2710409
0.24,2716426
0.24,2724361
0.24,2624126
0.24,2616643
0.25,2596913
0.25,2594961
0.25,2612871
0.25,2565230
0.25,2561869
0.25,2562528
0.25,2561869
0.25,2548729
0.25,2549388
0.26,2546863
0.26,2501867
0.27,2493942
0.27,2496401
0.27,2471909
0.28,2469450
0.28,2469425
0.29,2493917
0.29,2497583
0.29,2473091
0.29,2469425
0.29,2475336
0.30,2440644
0.30,2438737
0.32,2434798
0.32,2438737
0.32,2439742
0.33,2438737
0.33,2440644
0.34,2437283
0.35,2440644
0.35,2436705
0.35,2433344
0.35,2435803
0.36,2395601
0.36,2395467
0.36,2429885
0.37,2426760
0.39,2408421
0.39,2425127
0.39,2414897
0.40,2403807
0.40,2393391
0.40,2403807
0.41,2393391
0.41,2400782
0.42,2386393
0.42,2370625
0.42,2361264
0.43,2340241
0.48,2342700
0.48,2340241
0.51,2342700
0.53,2340241
0.54,2344180
0.55,2340241
0.57,2342700
0.58,2340241
