0.22,25570
0.24,25539
0.25,25394
0.28,25225
0.30,21972
0.43,20575
0.53,20202
0.56,20012
0.59,19901
0.60,19579
0.65,19545
0.66,18887
0.69,18679
0.72,18326
0.78,17991
0.81,17691
0.83,17649
0.86,15956
1.05,15905
1.10,15836
1.19,15571
1.22,15295
1.33,15144
1.34,14830
1.43,14634
1.48,14505
1.57,14352
1.58,14311
1.63,14300
1.74,14224
1.75,13835
1.89,13518
1.92,13442
2.07,13096
2.27,13031
2.28,12617
2.31,12613
2.34,12531
2.39,12453
2.46,12381
2.58,12340
2.71,12305
2.72,12055
2.86,12002
2.89,11868
2.97,11824
3.07,11786
3.13,11739
3.21,11586
3.39,11548
3.46,11495
3.52,11413
3.67,11280
3.72,11244
3.84,11224
4.01,11168
4.02,11150
4.16,10895
4.25,10852
4.29,10811
4.35,10555
4.46,10552
4.81,10485
4.84,10436
5.11,10384
5.17,10319
5.26,10270
5.33,10101
5.44,10099
5.71,10081
5.83,10053
5.86,10032
6.16,9976
6.24,9896
6.30,9809
7.88,9565
8.67,9461
8.77,9378
8.98,9119
9.33,8918
10.74,8860
11.03,8855
12.02,8793
12.32,8788
12.85,8721
13.95,8695
14.33,8658
14.53,8644
14.69,8568
15.12,8557
