0.25,32691
0.25,33378
0.25,33115
0.25,33140
0.25,33096
0.25,33187
0.25,33261
0.25,32716
0.25,32161
0.25,32188
0.25,30426
0.25,30185
0.25,30470
0.25,30345
0.25,30173
0.25,30279
0.25,29723
0.25,29650
0.25,29554
0.25,29749
0.25,29657
0.25,29661
0.25,29553
0.26,29815
0.26,30338
0.26,30306
0.26,30809
0.26,30708
0.26,30449
0.26,29921
0.26,29772
0.26,30150
0.26,30076
0.26,29597
0.26,28452
0.26,28635
0.26,28855
0.26,29435
0.26,29973
0.26,29534
0.26,29179
0.26,29057
0.26,28996
0.26,30079
0.26,30144
0.26,30206
0.26,30285
0.26,30403
0.26,30890
0.26,30964
0.26,31060
0.26,31038
0.26,31089
0.26,31307
0.26,31326
0.26,31293
0.26,31216
0.26,30653
0.26,30832
0.26,30786
0.26,30482
0.26,29035
0.26,28516
0.26,28349
0.26,30720
0.26,29642
0.26,29702
0.26,29751
0.26,29510
0.26,29486
0.26,29835
0.26,30246
0.26,30575
0.26,29635
0.26,29457
0.26,30063
0.26,30283
0.26,30233
0.26,29932
0.26,30019
0.26,30475
0.26,30666
0.26,31099
0.26,30735
0.26,30309
0.26,29951
0.26,29976
0.26,30254
0.26,29707
0.26,29545
0.27,29576
0.27,29545
0.27,29622
0.27,29384
0.27,29317
0.27,28774
0.27,29054
0.27,29167
0.27,29087
0.27,28941
0.27,28714
0.27,29041
0.27,28578
0.27,28799
0.27,28659
0.27,28798
0.27,27629
0.27,27475
0.27,27082
0.27,28056
0.27,28375
0.27,28813
0.27,29256
0.27,28977
0.27,29545
0.27,29469
0.27,29516
0.27,28927
0.27,28631
0.27,28765
0.27,28795
0.27,27765
0.27,27973
0.27,29831
0.27,29710
0.27,29399
0.27,29128
0.27,29072
0.27,29295
0.27,29440
0.27,29259
0.27,29629
0.27,28850
0.27,27442
0.27,27483
0.27,27505
0.27,28050
0.27,28067
0.27,28207
0.27,28223
0.27,27988
0.27,27547
0.27,28289
0.27,27895
0.27,28774
0.27,27724
0.27,28199
0.27,27828
0.27,27654
0.27,27518
0.27,27441
0.27,27600
0.27,26973
0.27,26923
0.27,26909
0.27,26842
0.28,26756
0.28,26643
0.28,26690
0.28,26494
0.28,27085
0.28,27686
0.28,28248
0.28,27674
0.28,26148
0.28,26953
0.28,26831
0.28,25866
0.28,27854
0.28,28003
0.28,27679
0.28,27894
0.28,28036
0.28,28023
0.28,28401
0.28,28634
0.28,28478
0.28,28677
0.28,29573
0.28,30100
0.28,29982
0.28,29971
0.28,30296
0.28,30546
0.28,30267
0.28,30032
0.28,29857
0.28,29545
0.28,29630
0.28,30332
0.28,31322
0.28,31244
0.28,30320
0.28,30328
0.28,30607
0.28,30203
0.28,30238
0.28,31912
0.28,31710
0.28,31893
0.28,31688
0.28,31570
0.28,32286
0.28,32355
0.28,32047
0.28,32490
0.28,32213
0.28,32242
0.28,31223
0.28,31674
0.28,31241
0.28,31572
0.28,31297
0.28,30746
0.28,29730
0.28,29837
0.28,31324
0.28,33047
0.28,30837
0.28,29578
0.28,29811
0.28,28852
0.29,28620
0.29,28876
0.29,28693
0.29,28977
0.29,29330
0.29,29336
0.29,30595
0.29,30761
0.29,30709
0.29,29999
0.29,28153
0.29,29409
0.29,29106
0.29,29281
0.29,29166
0.29,29796
0.29,28969
0.29,28580
0.29,28392
0.29,28277
0.29,28876
0.29,28808
0.29,28802
0.29,28768
0.29,30143
0.29,30117
0.29,30151
0.29,30024
0.29,30788
0.29,31415
0.29,30901
0.29,30228
0.29,30531
0.29,30731
0.29,30600
0.29,30648
0.29,30507
0.29,30503
0.29,30615
0.29,30657
0.29,31465
0.29,29921
0.29,29900
0.29,30160
0.29,29608
0.29,30123
0.29,30020
0.29,30554
0.29,30388
0.29,29372
0.29,30084
0.29,30081
0.29,29661
0.29,30081
0.29,30066
0.29,30065
0.29,29935
0.29,29873
0.29,29862
0.29,29548
0.29,29978
0.29,28795
0.29,29710
0.29,29986
0.29,30317
0.29,30522
0.30,29853
0.30,31197
0.30,31118
0.30,31200
0.30,30096
0.30,30127
0.30,29551
0.30,30195
0.30,30762
0.30,30695
0.30,30837
0.30,31717
0.30,31643
0.30,31887
0.30,31994
0.30,31890
0.30,31505
0.30,32835
0.30,33151
0.30,31808
0.30,32299
0.30,32446
0.30,32303
0.30,31895
0.30,31255
0.30,31245
0.30,29619
0.30,29830
0.30,29855
0.30,29844
0.30,29836
0.30,29560
0.30,29834
0.30,29977
0.30,29707
0.30,31293
0.30,31348
0.30,31808
0.30,30798
0.30,30640
0.30,30621
0.30,31149
0.30,31053
0.30,30649
0.30,30120
0.30,30300
0.30,30289
0.30,29997
0.30,29275
0.30,29202
0.30,29010
0.30,28768
0.30,29299
0.30,28476
0.30,27867
0.30,27869
0.30,28554
0.30,28428
0.30,28070
0.30,28014
0.30,28041
0.30,28085
0.30,27916
0.30,29008
0.30,28823
0.30,28832
0.30,27754
0.30,29046
0.31,29083
0.31,29334
0.31,29297
0.31,28994
0.31,28654
0.31,28760
0.31,28573
0.31,28449
0.31,28842
0.31,28963
0.31,30025
0.31,31030
0.31,31013
0.31,30987
0.31,29904
0.31,29712
0.31,29300
0.31,29364
0.31,29429
0.31,29487
0.31,29916
0.31,30374
0.31,30028
0.31,30254
0.31,30208
0.31,30244
0.31,29897
0.31,29935
0.31,32201
0.31,32363
0.31,31077
0.31,31680
0.31,31342
0.31,31748
0.31,31757
0.31,31807
0.31,31542
0.31,29475
0.31,29308
0.31,29916
0.31,29617
0.31,30160
0.31,30772
0.31,30831
0.31,31249
0.31,30003
0.31,29169
0.31,28158
0.31,26980
0.31,26933
0.31,27473
0.31,28901
0.31,28057
0.31,27666
0.31,27793
0.31,28515
0.31,28516
0.31,28610
0.31,28633
0.31,29215
0.31,28740
0.31,29113
0.31,27506
0.31,27054
0.31,27198
0.32,27379
0.32,27666
0.32,28701
0.32,28659
0.32,28629
0.32,28235
0.32,28194
0.32,28421
0.32,28421
0.32,28683
0.32,28549
0.32,28560
0.32,28723
0.32,28093
0.32,27900
0.32,27754
0.32,27723
0.32,28038
0.32,28858
0.32,28508
0.32,28634
0.32,28363
0.32,29592
0.32,29937
0.32,30211
0.32,30085
0.32,30336
0.32,30209
0.32,29931
0.32,29831
0.32,29799
0.32,29854
0.32,29802
0.32,29770
0.32,29250
0.32,27762
0.32,26928
0.32,27090
0.32,28195
0.32,28542
0.32,28451
0.32,28530
0.32,28540
0.32,28145
0.32,27959
0.32,27732
0.32,27875
0.32,28038
0.32,29253
0.32,29690
0.32,30268
0.32,30127
0.32,30042
0.32,29252
0.32,29461
0.32,29497
0.32,29391
0.32,29037
0.32,29220
0.32,28870
0.32,28862
0.32,28551
0.32,28215
0.32,28582
0.32,29124
0.32,27762
0.33,28377
0.33,28471
0.33,28203
0.33,28695
0.33,28488
0.33,28600
0.33,29503
0.33,29208
0.33,28770
0.33,28800
0.33,28535
0.33,29072
0.33,28636
0.33,28943
0.33,28932
0.33,28963
0.33,28942
0.33,29425
0.33,29753
0.33,29857
0.33,30183
0.33,30582
0.33,30753
0.33,30671
0.33,29951
0.33,29929
0.33,30159
0.33,30209
0.33,29904
0.33,29907
0.33,29253
0.33,28890
0.33,28800
0.33,28345
0.33,28363
0.33,28254
0.33,28090
0.33,27467
0.33,28306
0.33,28620
0.33,26162
0.33,26113
0.33,25925
0.33,25922
0.33,26614
0.33,25948
0.33,25288
0.33,25607
0.33,25999
0.33,25824
0.33,25106
0.33,25293
0.33,25373
0.33,26510
0.33,25908
0.33,26187
0.33,25909
0.33,26164
0.33,26605
0.33,26581
0.33,27460
0.33,27041
0.33,27492
0.33,26918
0.33,26465
0.34,26147
0.34,26450
0.34,27703
0.34,27856
0.34,27763
0.34,29173
0.34,32001
0.34,32142
0.34,32585
0.34,32133
0.34,32335
0.34,32645
0.34,32562
0.34,31164
0.34,30755
0.34,29824
0.34,29798
0.34,28813
0.34,27699
0.34,28160
0.34,27665
0.34,26819
0.34,27320
0.34,27257
0.34,27391
0.34,27572
0.34,27245
0.34,28201
0.34,28606
0.34,28140
0.34,28284
0.34,27958
0.34,28006
0.34,28903
0.34,28811
0.34,28394
0.34,29138
0.34,29362
0.34,29200
0.34,29447
0.34,29786
0.34,29322
0.34,29280
0.34,29509
0.34,29801
0.34,29353
0.34,29051
0.34,28524
0.34,28687
0.34,29284
0.34,29640
0.34,29846
0.34,28898
0.34,28267
0.34,28758
0.34,28157
0.34,28444
0.34,28529
0.34,28886
0.34,29193
0.34,30617
0.34,30793
0.34,32071
0.34,32536
0.34,32255
0.34,32134
0.34,32193
0.35,31069
0.35,31209
0.35,31568
0.35,31983
0.35,32791
0.35,32979
0.35,32777
0.35,32683
0.35,32741
0.35,32239
0.35,32214
0.35,31292
0.35,31247
0.35,32441
0.35,29970
0.35,30088
0.35,30017
0.35,30015
0.35,29742
0.35,29806
0.35,30473
0.35,30060
0.35,30007
0.35,29908
0.35,30122
0.35,31926
0.35,31943
0.35,31530
0.35,31458
0.35,28575
0.35,27458
0.35,27409
0.35,27116
0.35,26924
0.35,26657
0.35,24869
0.35,26644
0.35,26555
0.35,27037
0.35,27549
0.35,28049
0.35,27970
0.35,27438
0.35,28004
0.35,28203
0.35,29102
0.35,29788
0.35,29381
0.35,29662
0.35,29776
0.35,28995
0.35,29601
0.35,29336
0.35,29665
0.35,29150
0.35,29065
0.35,29023
0.35,29933
0.35,30005
0.35,30126
0.35,30467
0.35,30407
0.35,29256
0.35,28378
0.35,27976
0.35,27406
0.35,27289
0.35,28361
0.36,28367
0.36,28906
0.36,28957
0.36,28947
0.36,29072
0.36,30492
0.36,29988
0.36,29703
0.36,29435
0.36,29831
0.36,29515
0.36,29909
0.36,29238
0.36,29158
0.36,28811
0.36,29604
0.36,29985
0.36,29980
0.36,29176
0.36,30157
0.36,31066
0.36,30615
0.36,30876
0.36,30529
0.36,30648
0.36,30648
0.36,30550
0.36,30890
0.36,30827
0.36,30530
0.36,30009
0.36,31171
0.36,31255
0.36,31193
0.36,30626
0.36,30570
0.36,31059
0.36,30617
0.36,30351
0.36,29673
0.36,30081
0.36,29152
0.36,27868
0.36,29065
0.36,28773
0.36,28573
0.36,28553
0.36,28799
0.36,28486
0.36,28726
0.36,28938
0.36,28918
0.36,28392
0.36,27902
0.36,27426
0.36,27024
0.36,26857
0.36,26622
0.36,27456
0.36,27520
0.36,27281
0.36,28227
0.36,27998
0.36,28320
0.36,28844
0.37,28834
0.37,28594
0.37,28057
0.37,28409
0.37,29736
0.37,29933
0.37,28365
0.37,28980
0.37,29375
0.37,29947
0.37,29419
0.37,30325
0.37,29731
0.37,26734
0.37,26896
0.37,26904
0.37,27054
0.37,27397
0.37,27190
0.37,25374
0.37,25366
0.37,25595
0.37,25539
0.37,25854
0.37,25519
0.37,25574
0.37,26089
0.37,26109
0.37,25774
0.37,27547
0.37,27534
0.37,27324
0.37,27824
0.37,27656
0.37,27652
0.37,27529
0.37,28424
0.37,28780
0.37,29103
0.37,29872
0.37,29973
0.37,30009
0.37,30032
0.37,29965
0.37,29995
0.37,29751
0.37,29265
0.37,29797
0.37,30523
0.37,31521
0.37,31217
0.37,31540
0.37,31543
0.37,31326
0.37,31375
0.37,31325
0.37,31571
0.37,31580
0.37,31775
0.37,31859
0.37,32036
0.37,31681
0.37,33234
0.37,33005
0.37,32974
0.37,32881
0.38,31895
0.38,31547
0.38,31679
0.38,31444
0.38,31716
0.38,31458
0.38,31409
0.38,31384
0.38,31313
0.38,31114
0.38,30773
0.38,30130
0.38,30257
0.38,30386
0.38,30806
0.38,30980
0.38,31731
0.38,31249
0.38,31251
0.38,31586
0.38,31650
0.38,31819
0.38,32254
0.38,32756
0.38,32913
0.38,33092
0.38,33698
0.38,31910
0.38,31942
0.38,31825
0.38,32818
0.38,32392
0.38,33042
0.38,33098
0.38,33226
0.38,32144
0.38,32141
0.38,32251
0.38,32551
0.38,32402
0.38,32533
0.38,32859
0.38,32856
0.38,34730
0.38,34724
0.38,34559
0.38,34668
0.38,33639
0.38,33343
0.38,33025
0.38,33030
0.38,33344
0.38,33404
0.38,33430
0.38,32954
0.38,32625
0.38,32494
0.38,32317
0.38,32419
0.38,32148
0.38,31894
0.38,31419
0.38,30931
0.38,31051
0.38,31543
0.38,32101
0.38,32185
0.39,31918
0.39,32008
0.39,32260
0.39,32608
0.39,32505
0.39,32516
0.39,32521
0.39,31894
0.39,32009
0.39,31985
0.39,31806
0.39,30862
0.39,30455
0.39,30571
0.39,30979
0.39,30788
0.39,31057
0.39,31055
0.39,31049
0.39,30953
0.39,31743
0.39,31226
0.39,31070
0.39,31010
0.39,29698
0.39,29218
0.39,29735
0.39,29410
0.39,29621
0.39,28697
0.39,29603
0.39,29474
0.39,29985
0.39,29725
0.39,29504
0.39,29970
0.39,29559
0.39,29855
0.39,30759
0.39,30679
0.39,30805
0.39,30810
0.39,32424
0.39,32623
0.39,32578
0.39,32724
0.39,32701
0.39,33767
0.39,32758
0.39,32113
0.39,31951
0.39,30912
0.39,30956
0.39,30906
0.39,30937
0.39,30740
0.39,30836
0.39,30707
0.39,30302
0.39,30231
0.39,29944
0.39,29847
0.39,29856
0.39,29516
0.39,29817
0.39,30107
0.40,30924
0.40,30105
0.40,29605
0.40,29579
0.40,29594
0.40,29502
0.40,29929
0.40,29934
0.40,29770
0.40,29875
0.40,29928
0.40,30669
0.40,30246
0.40,28947
0.40,28198
0.40,28911
0.40,27893
0.40,27895
0.40,28010
0.40,28013
0.40,27995
0.40,26937
0.40,27071
0.40,27101
0.40,26995
0.40,27884
0.40,28305
0.40,27101
0.40,26788
0.40,26846
0.40,25470
0.40,26575
0.40,28558
0.40,28503
0.40,28757
0.40,28935
0.40,28941
0.40,28931
0.40,28956
0.40,28648
0.40,28384
0.40,28184
0.40,27091
0.40,28099
0.40,27728
0.40,27382
0.40,27455
0.40,26635
0.40,27016
0.40,27036
0.40,27322
0.40,26879
0.40,26791
0.40,27775
0.40,27745
0.40,27307
0.40,26977
0.40,27129
0.40,27211
0.40,29220
0.40,28877
0.40,28896
0.40,28299
0.40,28580
0.40,28477
0.40,28438
0.40,28780
0.40,29061
0.40,29132
0.41,29571
0.41,29560
0.41,29251
0.41,29444
0.41,29276
0.41,28452
0.41,27685
0.41,28556
0.41,29181
0.41,30069
0.41,29868
0.41,28509
0.41,28600
0.41,28598
0.41,28237
0.41,28241
0.41,28738
0.41,29135
0.41,29194
0.41,29122
0.41,29392
0.41,29837
0.41,29813
0.41,29344
0.41,29112
0.41,30591
0.41,30338
0.41,30547
0.41,31044
0.41,30820
0.41,30840
0.41,30833
0.41,30452
0.41,29832
0.41,29842
0.41,30047
0.41,29655
0.41,29527
0.41,29358
0.41,27659
0.41,27363
0.41,27217
0.41,27307
0.41,26931
0.41,26859
0.41,26000
0.41,26246
0.41,28851
0.41,29068
0.41,30455
0.41,30451
0.41,30908
0.41,31507
0.41,30557
0.41,29570
0.41,29404
0.41,28239
0.41,28388
0.41,30180
0.41,30188
0.41,31228
0.41,31058
0.41,30925
0.41,31536
0.41,31276
0.42,30589
0.42,30314
0.42,30326
0.42,30138
0.42,30108
0.42,29119
0.42,29237
0.42,29386
0.42,28657
0.42,28673
0.42,28592
0.42,31007
0.42,31072
0.42,31073
0.42,30912
0.42,27203
0.42,28299
0.42,28277
0.42,27593
0.42,27632
0.42,27739
0.42,27665
0.42,27311
0.42,30012
0.42,29825
0.42,30202
0.42,30020
0.42,30253
0.42,29873
0.42,29753
0.42,29155
0.42,29154
0.42,29739
0.42,28644
0.42,28674
0.42,28833
0.42,29227
0.42,28571
0.42,28995
0.42,29038
0.42,30196
0.42,30228
0.42,29790
0.42,29784
0.42,29815
0.42,30926
0.42,31196
0.42,31033
0.42,31016
0.42,30993
0.42,31002
0.42,30738
0.42,30960
0.42,31009
0.42,31005
0.42,30537
0.42,31128
0.42,30937
0.42,30377
0.42,30559
0.42,31159
0.42,30921
0.42,30206
0.42,30681
0.42,29827
0.43,30597
0.43,30850
0.43,31257
0.43,31428
0.43,31440
0.43,30732
0.43,31838
0.43,32745
0.43,32590
0.43,32666
0.43,32660
0.43,32866
0.43,32134
0.43,32081
0.43,32183
0.43,32519
0.43,32510
0.43,32645
0.43,32442
0.43,32513
0.43,31502
0.43,31395
0.43,31535
0.43,30879
0.43,30937
0.43,30659
0.43,30920
0.43,30991
0.43,29611
0.43,29698
0.43,29081
0.43,28099
0.43,28111
0.43,28324
0.43,28359
0.43,26799
0.43,27453
0.43,26974
0.43,27054
0.43,28461
0.43,28267
0.43,28339
0.43,28815
0.43,29188
0.43,30038
0.43,29800
0.43,30106
0.43,29371
0.43,30257
0.43,29887
0.43,30393
0.43,30462
0.43,30047
0.43,28331
0.43,28399
0.43,29039
0.43,29856
0.43,31408
0.43,31828
0.43,32428
0.43,32171
0.43,32559
0.43,32744
0.43,32072
0.43,32493
0.43,31957
0.43,31957
0.43,31840
0.43,32167
0.44,32049
0.44,32067
0.44,32195
0.44,32933
0.44,32870
0.44,32517
0.44,32289
0.44,32192
0.44,32227
0.44,32847
0.44,33482
0.44,32351
0.44,32751
0.44,32792
0.44,32184
0.44,32351
0.44,32588
0.44,32772
0.44,33243
0.44,32962
0.44,33420
0.44,33670
0.44,33992
0.44,32725
0.44,32624
0.44,32511
0.44,31766
0.44,31477
0.44,30520
0.44,30633
0.44,30810
0.44,31167
0.44,31909
0.44,32045
0.44,30830
0.44,30937
0.44,31120
0.44,31723
0.44,32019
0.44,32865
0.44,30844
0.44,31099
0.44,31315
0.44,30495
0.44,30837
0.44,31406
0.44,31537
0.44,31683
0.44,31931
0.44,31184
0.44,31293
0.44,30981
0.44,29486
0.44,28118
0.44,28444
0.44,28564
0.44,27927
0.44,27869
0.44,27389
0.44,28466
0.44,28754
0.44,28709
0.44,28818
0.44,30287
0.44,30421
0.44,30169
0.44,30675
0.45,30645
0.45,30418
0.45,27493
0.45,26662
0.45,28467
0.45,28407
0.45,28167
0.45,28103
0.45,28038
0.45,27992
0.45,28949
0.45,28929
0.45,29170
0.45,27615
0.45,29050
0.45,29057
0.45,29237
0.45,29894
0.45,30080
0.45,29320
0.45,29307
0.45,29730
0.45,29648
0.45,29926
0.45,29602
0.45,29859
0.45,29936
0.45,29868
0.45,30057
0.45,30086
0.45,30764
0.45,30438
0.45,30815
0.45,30372
0.45,30615
0.45,30363
0.45,30034
0.45,30102
0.45,29874
0.45,29234
0.45,28831
0.45,27589
0.45,27687
0.45,27907
0.45,27969
0.45,28100
0.45,28421
0.45,28876
0.45,28643
0.45,28458
0.45,29364
0.45,29608
0.45,28180
0.45,26941
0.45,27039
0.45,27143
0.45,27590
0.45,27590
0.45,28683
0.45,28603
0.45,28198
0.45,28422
0.45,28556
0.45,28393
0.46,28421
0.46,29263
0.46,29661
0.46,28791
0.46,28644
0.46,28462
0.46,29002
0.46,28471
0.46,28495
0.46,30191
0.46,30129
0.46,30729
0.46,31266
0.46,31025
0.46,31331
0.46,31741
0.46,31288
0.46,31143
0.46,31401
0.46,31792
0.46,32316
0.46,31617
0.46,31589
0.46,30872
0.46,30605
0.46,30275
0.46,30188
0.46,30022
0.46,30010
0.46,30298
0.46,30669
0.46,30335
0.46,29538
0.46,29532
0.46,29120
0.46,29187
0.46,29304
0.46,29375
0.46,29243
0.46,30023
0.46,30588
0.46,30435
0.46,30295
0.46,30239
0.46,30277
0.46,30160
0.46,30940
0.46,32110
0.46,31642
0.46,31114
0.46,31951
0.46,31968
0.46,31267
0.46,31499
0.46,31606
0.46,32125
0.46,31620
0.46,31796
0.46,31918
0.46,31863
0.46,32159
0.46,32636
0.46,32483
0.47,31886
0.47,31729
0.47,31268
0.47,30930
0.47,30934
0.47,31141
0.47,30826
0.47,30916
0.47,30867
0.47,30411
0.47,29919
0.47,29985
0.47,30217
0.47,30137
0.47,30663
0.47,30499
0.47,28980
0.47,28519
0.47,28928
0.47,28523
0.47,28771
0.47,28487
0.47,28330
0.47,28975
0.47,28459
0.47,27959
0.47,28235
0.47,27664
0.47,28018
0.47,30023
0.47,30011
0.47,29981
0.47,30605
0.47,30161
0.47,30104
0.47,29846
0.47,29116
0.47,27781
0.47,28021
0.47,28045
0.47,28296
0.47,28240
0.47,28775
0.47,29180
0.47,28537
0.47,28425
0.47,29330
0.47,28396
0.47,28207
0.47,28367
0.47,28318
0.47,28555
0.47,28571
0.47,29096
0.47,27493
0.47,27516
0.47,28382
0.47,27623
0.47,27988
0.47,27433
0.47,27064
0.47,27244
0.47,27042
0.47,27025
0.47,26902
0.47,26931
0.47,26636
0.47,26552
0.48,26535
0.48,26656
0.48,27359
0.48,29928
0.48,29206
0.48,28600
0.48,27602
0.48,26598
0.48,26989
0.48,27378
0.48,28649
0.48,29384
0.48,31038
0.48,30307
0.48,30357
0.48,30154
0.48,30208
0.48,29963
0.48,31823
0.48,31763
0.48,32244
0.48,31524
0.48,31228
0.48,31822
0.48,31464
0.48,30762
0.48,29403
0.48,29253
0.48,29363
0.48,29365
0.48,29136
0.48,28330
0.48,28275
0.48,28259
0.48,28468
0.48,28749
0.48,27696
0.48,27628
0.48,27791
0.48,27738
0.48,27769
0.48,29004
0.48,28428
0.48,28199
0.48,28252
0.48,27808
0.48,29471
0.48,30332
0.48,31896
0.48,32279
0.48,31598
0.48,31562
0.48,31252
0.48,31113
0.48,30697
0.48,31444
0.48,31549
0.48,31098
0.48,29809
0.48,28755
0.48,28557
0.48,28947
0.48,29429
0.48,29680
0.48,29670
0.48,29651
0.49,30114
0.49,29932
0.49,30171
0.49,31027
0.49,31272
0.49,31313
0.49,31192
0.49,32228
0.49,31767
0.49,30981
0.49,30932
0.49,31075
0.49,31443
0.49,31670
0.49,30956
0.49,31797
0.49,31274
0.49,30955
0.49,30977
0.49,31657
0.49,31846
0.49,31532
0.49,31584
0.49,30898
0.49,31249
0.49,31422
0.49,29845
0.49,29859
0.49,31314
0.49,31540
0.49,31613
0.49,31544
0.49,31540
0.49,32021
0.49,31856
0.49,31915
0.49,31684
0.49,31142
0.49,31362
0.49,31293
0.49,30783
0.49,30830
0.49,30788
0.49,30501
0.49,30296
0.49,30105
0.49,30205
0.49,30341
0.49,30019
0.49,30008
0.49,28307
0.49,29228
0.49,29190
0.49,29549
0.49,28275
0.49,28445
0.49,28403
0.49,27913
0.49,28546
0.49,29001
0.49,28747
0.49,28889
0.49,28166
0.49,29429
0.49,29144
0.49,29219
0.49,29240
0.49,29107
0.50,29451
0.50,29707
0.50,29318
0.50,29139
0.50,28781
0.50,28224
0.50,27996
0.50,27998
0.50,28435
0.50,28451
0.50,29386
0.50,29903
0.50,29859
0.50,29276
0.50,30525
0.50,29025
0.50,27643
0.50,27660
0.50,28494
0.50,28156
0.50,29231
0.50,29138
0.50,29863
0.50,30276
0.50,30087
0.50,30271
0.50,30293
0.50,30341
0.50,30999
0.50,30987
0.50,31329
0.50,31179
0.50,31465
0.50,31428
0.50,30750
0.50,30813
0.50,30984
0.50,31759
0.50,31602
0.50,31008
0.50,31220
0.50,31139
0.50,31841
0.50,31847
0.50,31721
0.50,32125
0.50,31904
0.50,31958
0.50,32214
0.50,31811
0.50,31675
0.50,31424
0.50,30671
0.50,30218
0.50,29964
0.50,29314
0.50,28816
0.50,28865
0.50,28946
0.50,29026
0.50,29365
0.50,29060
0.50,30970
0.50,30176
0.50,30678
0.50,29493
0.51,29223
0.51,28846
0.51,28633
0.51,28649
0.51,29562
0.51,29541
0.51,29523
0.51,28519
0.51,28158
0.51,28303
0.51,28142
0.51,28519
0.51,29347
0.51,28586
0.51,28433
0.51,28576
0.51,28617
0.51,26980
0.51,26647
0.51,26612
0.51,26321
0.51,27643
0.51,28247
0.51,27962
0.51,28137
0.51,29012
0.51,30227
0.51,27909
0.51,29199
0.51,28980
0.51,28693
0.51,28822
0.51,29337
0.51,29309
0.51,29569
0.51,28754
0.51,29640
0.51,29698
0.51,30257
0.51,30099
0.51,29378
0.51,29393
0.51,28839
0.51,28152
0.51,28046
0.51,27228
0.51,26466
0.51,26235
0.51,26971
0.51,26170
0.51,25558
0.51,26393
0.51,25973
0.51,26007
0.51,25825
0.51,25869
0.51,26219
0.51,26813
0.51,26816
0.51,26529
0.51,26529
0.51,26536
0.51,26162
0.51,27614
0.51,28299
0.52,28979
0.52,28705
0.52,28170
0.52,28609
0.52,29479
0.52,29572
0.52,29469
0.52,29652
0.52,28000
0.52,26732
0.52,26518
0.52,25392
0.52,25893
0.52,26339
0.52,27452
0.52,28761
0.52,28261
0.52,28751
0.52,28789
0.52,28763
0.52,28754
0.52,28571
0.52,28603
0.52,28824
0.52,27340
0.52,27103
0.52,27491
0.52,27397
0.52,27369
0.52,27578
0.52,27601
0.52,27632
0.52,28302
0.52,28203
0.52,28122
0.52,29085
0.52,29014
0.52,28278
0.52,27924
0.52,28023
0.52,28232
0.52,27725
0.52,27418
0.52,26694
0.52,27098
0.52,27338
0.52,27326
0.52,27449
0.52,26752
0.52,26292
0.52,26889
0.52,27273
0.52,27056
0.52,27334
0.52,27215
0.52,27224
0.52,27316
0.52,27504
0.52,28396
0.52,28226
0.52,28321
0.52,28442
0.52,28574
0.52,27981
0.52,27692
0.52,26752
0.53,27692
0.53,27597
0.53,27595
0.53,27601
0.53,27921
0.53,27344
0.53,27645
0.53,27677
0.53,28188
0.53,25777
0.53,24749
0.53,24747
0.53,24761
0.53,24607
0.53,25184
0.53,24079
0.53,24238
0.53,23505
0.53,24747
0.53,24637
0.53,24890
0.53,25028
0.53,24278
0.53,24328
0.53,24775
0.53,25043
0.53,26574
0.53,26795
0.53,28310
0.53,28291
0.53,28284
0.53,28672
0.53,28205
0.53,28210
0.53,27749
0.53,28949
0.53,28582
0.53,28858
0.53,29119
0.53,29132
0.53,29426
0.53,29431
0.53,29779
0.53,29667
0.53,29399
0.53,29797
0.53,29604
0.53,28525
0.53,27801
0.53,27941
0.53,26555
0.53,26429
0.53,26436
0.53,26627
0.53,26952
0.53,27079
0.53,27728
0.53,27769
0.53,27009
0.53,26970
0.53,27176
0.53,26199
0.53,26129
0.54,27758
0.54,27783
0.54,27862
0.54,28028
0.54,27441
0.54,26605
0.54,26615
0.54,26880
0.54,26742
0.54,27018
0.54,26621
0.54,27217
0.54,26978
0.54,27185
0.54,27423
0.54,28532
0.54,28714
0.54,30172
0.54,30250
0.54,30535
0.54,30185
0.54,30572
0.54,31171
0.54,31061
0.54,30870
0.54,31163
0.54,30707
0.54,30501
0.54,30404
0.54,28798
0.54,29391
0.54,29154
0.54,28841
0.54,28762
0.54,27979
0.54,28455
0.54,28794
0.54,28810
0.54,28396
0.54,28428
0.54,28312
0.54,28061
0.54,27304
0.54,26572
0.54,26769
0.54,26627
0.54,26854
0.54,27233
0.54,27177
0.54,27285
0.54,27282
0.54,27347
0.54,27520
0.54,27832
0.54,27143
0.54,27118
0.54,27056
0.54,26990
0.54,27521
0.54,28214
0.54,27274
0.54,27707
0.54,30261
0.54,30234
0.54,29409
0.55,28976
0.55,28422
0.55,28491
0.55,29159
0.55,29247
0.55,29335
0.55,29330
0.55,29231
0.55,27876
0.55,28560
0.55,29100
0.55,29181
0.55,29852
0.55,29046
0.55,29434
0.55,28805
0.55,28369
0.55,28777
0.55,29024
0.55,29301
0.55,29455
0.55,30042
0.55,30533
0.55,30755
0.55,30360
0.55,30359
0.55,30991
0.55,31652
0.55,31776
0.55,32201
0.55,31533
0.55,31902
0.55,30882
0.55,31036
0.55,30587
0.55,29877
0.55,28308
0.55,28892
0.55,28937
0.55,29072
0.55,28996
0.55,28992
0.55,29406
0.55,28763
0.55,28841
0.55,28723
0.55,28748
0.55,28724
0.55,28879
0.55,30573
0.55,30615
0.55,30142
0.55,30382
0.55,26906
0.55,27628
0.55,27936
0.55,28017
0.55,30346
0.55,30376
0.55,30159
0.55,30712
0.56,30620
0.56,29715
0.56,29799
0.56,29173
0.56,29812
0.56,30529
0.56,31121
0.56,30857
0.56,30530
0.56,31141
0.56,30977
0.56,31392
0.56,31296
0.56,31066
0.56,30779
0.56,30837
0.56,30852
0.56,30468
0.56,29509
0.56,29805
0.56,29797
0.56,30027
0.56,29475
0.56,29376
0.56,29335
0.56,29919
0.56,30572
0.56,30601
0.56,30277
0.56,30654
0.56,30020
0.56,30061
0.56,30033
0.56,30907
0.56,31078
0.56,30390
0.56,29470
0.56,29599
0.56,29560
0.56,29066
0.56,29055
0.56,28105
0.56,28018
0.56,28005
0.56,28175
0.56,29238
0.56,28757
0.56,29297
0.56,29198
0.56,28962
0.56,28753
0.56,28438
0.56,28798
0.56,29043
0.56,29928
0.56,30115
0.56,30010
0.56,30146
0.56,29861
0.56,29672
0.56,29959
0.56,28395
0.56,28185
0.56,28354
0.56,29251
0.56,29423
0.57,29467
0.57,29796
0.57,29756
0.57,29266
0.57,29870
0.57,29699
0.57,29734
0.57,29256
0.57,29728
0.57,29950
0.57,30087
0.57,29700
0.57,29330
0.57,29391
0.57,29964
0.57,29816
0.57,30038
0.57,30360
0.57,30864
0.57,31268
0.57,31226
0.57,31231
0.57,31082
0.57,30683
0.57,30462
0.57,30118
0.57,30890
0.57,30487
0.57,30439
0.57,29853
0.57,30028
0.57,30347
0.57,30324
0.57,29700
0.57,29879
0.57,29942
0.57,29884
0.57,29300
0.57,30018
0.57,32332
0.57,31906
0.57,31604
0.57,31514
0.57,30586
0.57,31278
0.57,30700
0.57,31313
0.57,29900
0.57,29705
0.57,29980
0.57,31171
0.57,31368
0.57,31206
0.57,30501
0.57,30575
0.57,30775
0.57,30705
0.57,28541
0.57,28568
0.57,28668
0.57,28857
0.57,28743
0.57,29395
0.57,28855
0.57,29007
0.57,28931
0.57,28900
0.58,28819
0.58,29065
0.58,29045
0.58,29347
0.58,29675
0.58,29877
0.58,29958
0.58,29934
0.58,29937
0.58,29962
0.58,29617
0.58,29408
0.58,29830
0.58,29471
0.58,29721
0.58,29866
0.58,29716
0.58,29242
0.58,29264
0.58,29447
0.58,28527
0.58,28431
0.58,29030
0.58,29142
0.58,29326
0.58,29213
0.58,28920
0.58,28986
0.58,28114
0.58,27862
0.58,28519
0.58,28606
0.58,28338
0.58,27698
0.58,28921
0.58,28801
0.58,28821
0.58,29409
0.58,29359
0.58,28618
0.58,29234
0.58,28665
0.58,28842
0.58,28884
0.58,28650
0.58,28553
0.58,28150
0.58,28360
0.58,28411
0.58,29861
0.58,30142
0.58,30207
0.58,29832
0.58,28867
0.58,28945
0.58,29182
0.58,29034
0.58,29088
0.58,29114
0.58,29109
0.58,29364
0.58,28773
0.58,28344
0.58,31749
0.58,30925
0.59,31460
0.59,31253
0.59,31181
0.59,31145
0.59,30982
0.59,31987
0.59,31694
0.59,31753
0.59,31414
0.59,31387
0.59,30679
0.59,30368
0.59,30179
0.59,30217
0.59,29928
0.59,29906
0.59,29562
0.59,29503
0.59,29502
0.59,30305
0.59,29689
0.59,29308
0.59,29206
0.59,29317
0.59,29596
0.59,29461
0.59,29286
0.59,29834
0.59,30070
0.59,29997
0.59,30441
0.59,30173
0.59,29321
0.59,29041
0.59,29721
0.59,29747
0.59,29923
0.59,29917
0.59,29744
0.59,29031
0.59,28646
0.59,29123
0.59,28175
0.59,28255
0.59,28245
0.59,28999
0.59,28107
0.59,28213
0.59,29070
0.59,28925
0.59,27646
0.59,27699
0.59,27240
0.59,27657
0.59,27105
0.59,27044
0.59,27627
0.59,28266
0.59,28555
0.59,29424
0.59,29041
0.59,29393
0.59,29161
0.60,28947
0.60,28708
0.60,29427
0.60,27705
0.60,27327
0.60,27534
0.60,27574
0.60,27436
0.60,27456
0.60,27273
0.60,27196
0.60,27528
0.60,27579
0.60,28650
0.60,28360
0.60,28604
0.60,28645
0.60,29046
0.60,28811
0.60,28621
0.60,28890
0.60,28790
0.60,28642
0.60,27852
0.60,28062
0.60,27545
0.60,27755
0.60,27549
0.60,27397
0.60,27489
0.60,27696
0.60,27809
0.60,27736
0.60,28037
0.60,28424
0.60,27501
0.60,27761
0.60,27768
0.60,27225
0.60,26368
0.60,26766
0.60,26952
0.60,27044
0.60,28447
0.60,27575
0.60,27030
0.60,27087
0.60,27913
0.60,27429
0.60,27937
0.60,28178
0.60,28230
0.60,28390
0.60,28400
0.60,28459
0.60,29497
0.60,28925
0.60,28820
0.60,28763
0.60,28798
0.60,28854
0.60,28494
0.60,28998
0.60,29291
0.60,29160
0.60,28729
0.61,28308
0.61,28757
0.61,28873
0.61,29898
0.61,29837
0.61,29900
0.61,29769
0.61,28845
0.61,28910
0.61,29256
0.61,29238
0.61,30005
0.61,29479
0.61,30172
0.61,30368
0.61,30080
0.61,30083
0.61,30359
0.61,30026
0.61,29778
0.61,29937
0.61,30608
0.61,30807
0.61,31163
0.61,31255
0.61,31467
0.61,32056
0.61,32317
0.61,31682
0.61,31847
0.61,31830
0.61,31201
0.61,31465
0.61,31407
0.61,31482
0.61,30242
0.61,30619
0.61,30585
0.61,30704
0.61,30348
0.61,30541
0.61,31178
0.61,31326
0.61,31322
0.61,30540
0.61,29977
0.61,31263
0.61,32163
0.61,32216
0.61,32299
0.61,32840
0.61,31813
0.61,31634
0.61,31952
0.61,31901
0.61,31233
0.61,31644
0.61,31658
0.61,31679
0.61,31275
0.61,31108
0.61,31067
0.61,31053
0.61,31060
0.61,30906
0.61,31313
0.61,30746
0.62,30597
0.62,30447
0.62,30389
0.62,30001
0.62,30693
0.62,30866
0.62,30841
0.62,30660
0.62,30734
0.62,30633
0.62,31787
0.62,30928
0.62,32050
0.62,30700
0.62,30678
0.62,30652
0.62,30113
0.62,30802
0.62,29371
0.62,29539
0.62,29650
0.62,29978
0.62,30407
0.62,31257
0.62,31229
0.62,30460
0.62,29684
0.62,30309
0.62,30029
0.62,30359
0.62,30355
0.62,30180
0.62,28294
0.62,28425
0.62,28398
0.62,28790
0.62,28803
0.62,29554
0.62,28505
0.62,28615
0.62,29176
0.62,29471
0.62,30393
0.62,29877
0.62,29805
0.62,29872
0.62,29843
0.62,30127
0.62,30367
0.62,30284
0.62,30251
0.62,30543
0.62,30510
0.62,30543
0.62,30589
0.62,30711
0.62,30666
0.62,29648
0.62,28565
0.62,29142
0.63,29723
0.63,28396
0.63,29083
0.63,29724
0.63,29394
0.63,30576
0.63,30616
0.63,30968
0.63,30840
0.63,31029
0.63,30349
0.63,30329
0.63,29879
0.63,30170
0.63,30036
0.63,29778
0.63,29677
0.63,29673
0.63,28973
0.63,29083
0.63,29480
0.63,29083
0.63,28387
0.63,28709
0.63,28889
0.63,28955
0.63,29202
0.63,29201
0.63,29024
0.63,29209
0.63,29335
0.63,29428
0.63,30088
0.63,30265
0.63,29683
0.63,30319
0.63,29986
0.63,29729
0.63,30028
0.63,31061
0.63,30591
0.63,29972
0.63,30347
0.63,29726
0.63,30003
0.63,30592
0.63,28411
0.63,28638
0.63,28132
0.63,28353
0.63,28230
0.63,29039
0.63,27919
0.63,27832
0.63,27144
0.63,27617
0.63,27814
0.63,28398
0.63,27452
0.63,27610
0.63,28229
0.63,28534
0.63,28346
0.63,28320
0.63,28210
0.63,27663
0.63,27802
0.63,28110
0.63,27617
0.64,28399
0.64,28392
0.64,28477
0.64,28443
0.64,28170
0.64,28352
0.64,28193
0.64,29425
0.64,30734
0.64,31441
0.64,31393
0.64,31960
0.64,31565
0.64,30955
0.64,30653
0.64,29948
0.64,29665
0.64,31513
0.64,31714
0.64,31751
0.64,32001
0.64,32218
0.64,31976
0.64,32117
0.64,32524
0.64,32497
0.64,31762
0.64,31502
0.64,31125
0.64,31791
0.64,31727
0.64,31604
0.64,31515
0.64,31133
0.64,30856
0.64,30904
0.64,29126
0.64,30620
0.64,30492
0.64,30528
0.64,29387
0.64,28573
0.64,27205
0.64,27328
0.64,27551
0.64,27542
0.64,26646
0.64,26746
0.64,27464
0.64,27481
0.64,27107
0.64,27037
0.64,27468
0.64,27075
0.64,26806
0.64,26565
0.64,26764
0.64,26387
0.64,26084
0.64,25756
0.64,26522
0.64,26050
0.64,25635
0.64,27151
0.65,27185
0.65,27427
0.65,27428
0.65,27162
0.65,27195
0.65,26907
0.65,27084
0.65,27310
0.65,27297
0.65,27389
0.65,27578
0.65,28109
0.65,28206
0.65,28311
0.65,28969
0.65,28439
0.65,28949
0.65,28937
0.65,28688
0.65,25935
0.65,27648
0.65,26397
0.65,26535
0.65,26541
0.65,26622
0.65,26531
0.65,26705
0.65,26360
0.65,26375
0.65,26626
0.65,26638
0.65,29090
0.65,28315
0.65,28038
0.65,27643
0.65,28038
0.65,27852
0.65,26416
0.65,26422
0.65,26977
0.65,27243
0.65,27226
0.65,26262
0.65,25215
0.65,26110
0.65,25777
0.65,26065
0.65,26184
0.65,25703
0.65,25234
0.65,25780
0.65,25708
0.65,26550
0.65,26549
0.65,26282
0.65,27631
0.65,28877
0.65,28744
0.65,28895
0.65,28377
0.65,28493
0.66,27351
0.66,28700
0.66,28839
0.66,29372
0.66,27833
0.66,27964
0.66,26783
0.66,26789
0.66,26390
0.66,25880
0.66,25974
0.66,26209
0.66,25976
0.66,25985
0.66,25500
0.66,25084
0.66,24690
0.66,24557
0.66,23985
0.66,25445
0.66,25281
0.66,25697
0.66,25921
0.66,26015
0.66,26501
0.66,26670
0.66,26665
0.66,27539
0.66,28652
0.66,27215
0.66,28058
0.66,29939
0.66,29821
0.66,29897
0.66,29199
0.66,29849
0.66,29319
0.66,29341
0.66,29222
0.66,28871
0.66,28770
0.66,28781
0.66,27556
0.66,27906
0.66,27945
0.66,28707
0.66,29165
0.66,28889
0.66,28299
0.66,28188
0.66,28946
0.66,28820
0.66,28588
0.66,28854
0.66,29194
0.66,29476
0.66,29699
0.67,30257
0.67,30723
0.67,31937
0.67,32206
0.67,31665
0.67,31289
0.67,31040
0.67,31046
0.67,31525
0.67,30041
0.67,31093
0.67,29753
0.67,30566
0.67,30549
0.67,30061
0.67,29879
0.67,30120
0.67,29928
0.67,29897
0.67,29900
0.67,30008
0.67,31082
0.67,30804
0.67,30706
0.67,31659
0.67,31728
0.67,29034
0.67,29179
0.67,29656
0.67,29900
0.67,29242
0.67,29227
0.67,29161
0.67,29429
0.67,29519
0.67,27863
0.67,27826
0.67,28918
0.67,28934
0.67,29506
0.67,29518
0.67,29505
0.67,29338
0.67,29142
0.67,29395
0.67,28918
0.67,30032
0.67,30050
0.67,29895
0.67,30128
0.67,30528
0.67,30983
0.67,31967
0.67,32188
0.67,31787
0.67,31991
0.67,32290
0.67,32159
0.67,31479
0.67,30549
0.67,30480
0.67,30120
0.67,31081
0.67,31199
0.68,30605
0.68,30218
0.68,29970
0.68,30876
0.68,30105
0.68,30291
0.68,30224
0.68,30271
0.68,30233
0.68,30162
0.68,30153
0.68,31067
0.68,31174
0.68,31180
0.68,30618
0.68,30350
0.68,30454
0.68,30197
0.68,30031
0.68,29219
0.68,29483
0.68,29322
0.68,29414
0.68,29278
0.68,28296
0.68,28423
0.68,28329
0.68,28402
0.68,28348
0.68,29568
0.68,29663
0.68,29643
0.68,29594
0.68,29506
0.68,29814
0.68,29524
0.68,29050
0.68,28984
0.68,28904
0.68,29241
0.68,28672
0.68,28692
0.68,29692
0.68,29925
0.68,31283
0.68,31570
0.68,31165
0.68,31023
0.68,30987
0.68,31980
0.68,31524
0.68,31698
0.68,31548
0.68,32240
0.68,32267
0.68,31292
0.68,31754
0.68,32662
0.68,33373
0.68,32991
0.68,32616
0.68,32705
0.68,30897
0.68,30996
0.69,30921
0.69,30515
0.69,30254
0.69,30149
0.69,31990
0.69,32232
0.69,32145
0.69,32091
0.69,31180
0.69,31037
0.69,31954
0.69,32152
0.69,31758
0.69,32113
0.69,31662
0.69,31798
0.69,31941
0.69,31361
0.69,31512
0.69,31452
0.69,30367
0.69,30322
0.69,31301
0.69,31018
0.69,31058
0.69,30879
0.69,31268
0.69,32128
0.69,33916
0.69,33710
0.69,33896
0.69,34028
0.69,30922
0.69,30657
0.69,30030
0.69,30002
0.69,30295
0.69,30268
0.69,30239
0.69,29952
0.69,30302
0.69,30537
0.69,29655
0.69,29581
0.69,29573
0.69,29421
0.69,29633
0.69,29033
0.69,28970
0.69,29048
0.69,29042
0.69,29964
0.69,28756
0.69,28689
0.69,28810
0.69,29297
0.69,29823
0.69,29830
0.69,29632
0.69,30553
0.69,30633
0.69,29823
0.69,29130
0.69,28938
0.69,28473
0.70,27854
0.70,27726
0.70,27407
0.70,28307
0.70,28371
0.70,28374
0.70,28479
0.70,29238
0.70,29354
0.70,28696
0.70,29202
0.70,28994
0.70,29273
0.70,29271
0.70,29128
0.70,29122
0.70,29217
0.70,28928
0.70,28921
0.70,29004
0.70,30038
0.70,30037
0.70,30264
0.70,28733
0.70,28506
0.70,28405
0.70,28337
0.70,29046
0.70,28655
0.70,28619
0.70,28661
0.70,27308
0.70,27156
0.70,27101
0.70,27170
0.70,27936
0.70,28500
0.70,27292
0.70,26991
0.70,26565
0.70,26488
0.70,26071
0.70,26032
0.70,27835
0.70,27938
0.70,28270
0.70,27721
0.70,27833
0.70,28061
0.70,27983
0.70,27627
0.70,28524
0.70,28043
0.70,28301
0.70,27162
0.70,27126
0.70,25499
0.70,24997
0.70,24822
0.70,24579
0.70,26347
0.70,26550
0.70,26465
0.71,26634
0.71,26735
0.71,26604
0.71,26878
0.71,27080
0.71,26012
0.71,26978
0.71,26273
0.71,25916
0.71,25785
0.71,25350
0.71,28414
0.71,28432
0.71,28302
0.71,27797
0.71,26782
0.71,26789
0.71,26232
0.71,27388
0.71,27477
0.71,27396
0.71,27316
0.71,27361
0.71,27151
0.71,27698
0.71,28002
0.71,28324
0.71,28483
0.71,29534
0.71,28698
0.71,27881
0.71,28335
0.71,28610
0.71,29356
0.71,29024
0.71,29236
0.71,29667
0.71,30417
0.71,31733
0.71,31968
0.71,32262
0.71,32416
0.71,32942
0.71,32324
0.71,32428
0.71,32340
0.71,31992
0.71,31204
0.71,31239
0.71,30972
0.71,30758
0.71,30949
0.71,31152
0.71,30555
0.71,28017
0.71,28153
0.71,28122
0.71,28208
0.72,26047
0.72,26257
0.72,26166
0.72,27497
0.72,26793
0.72,26742
0.72,27378
0.72,27719
0.72,28019
0.72,28053
0.72,27193
0.72,26324
0.72,26427
0.72,26454
0.72,25384
0.72,26200
0.72,25920
0.72,25197
0.72,26117
0.72,26034
0.72,26065
0.72,26424
0.72,26543
0.72,26872
0.72,27052
0.72,26773
0.72,26662
0.72,26682
0.72,27171
0.72,27225
0.72,26927
0.72,27128
0.72,27104
0.72,27684
0.72,27741
0.72,27959
0.72,28180
0.72,27970
0.72,27223
0.72,27117
0.72,26681
0.72,26540
0.72,26261
0.72,26355
0.72,26314
0.72,26614
0.72,27077
0.72,27444
0.72,27523
0.72,26959
0.72,27286
0.72,27184
0.72,27020
0.72,26909
0.72,26688
0.72,26623
0.72,26385
0.72,26296
0.72,26387
0.72,26392
0.72,27755
0.72,27796
0.73,27926
0.73,28396
0.73,27102
0.73,27312
0.73,27893
0.73,29714
0.73,29607
0.73,29032
0.73,29591
0.73,29701
0.73,29724
0.73,29774
0.73,29465
0.73,29610
0.73,29565
0.73,29500
0.73,30213
0.73,29990
0.73,30028
0.73,29658
0.73,29664
0.73,29495
0.73,29172
0.73,29072
0.73,28334
0.73,28513
0.73,27700
0.73,26912
0.73,27030
0.73,25884
0.73,25390
0.73,25672
0.73,25590
0.73,25849
0.73,25918
0.73,25581
0.73,25625
0.73,25535
0.73,25418
0.73,25565
0.73,25633
0.73,25287
0.73,25652
0.73,25564
0.73,26509
0.73,26880
0.73,26965
0.73,26619
0.73,26785
0.73,25984
0.73,26050
0.73,25609
0.73,26003
0.73,26160
0.73,26588
0.73,26562
0.73,26586
0.73,26320
0.73,25724
0.73,25028
0.73,26407
0.73,26930
0.73,27178
0.73,27132
0.74,27085
0.74,27648
0.74,27866
0.74,27348
0.74,29064
0.74,28633
0.74,28756
0.74,29174
0.74,29181
0.74,29193
0.74,28521
0.74,27494
0.74,27955
0.74,27166
0.74,27413
0.74,27359
0.74,28214
0.74,28406
0.74,28473
0.74,28697
0.74,28128
0.74,29787
0.74,28981
0.74,28961
0.74,28946
0.74,28444
0.74,28377
0.74,28129
0.74,28105
0.74,27621
0.74,27748
0.74,27615
0.74,27560
0.74,27655
0.74,27595
0.74,27426
0.74,27511
0.74,29187
0.74,29197
0.74,29536
0.74,29251
0.74,28522
0.74,29737
0.74,30061
0.74,30884
0.74,31020
0.74,30783
0.74,31026
0.74,31431
0.74,31733
0.74,31416
0.74,29971
0.74,29789
0.74,29945
0.74,30015
0.74,30041
0.74,30105
0.74,30694
0.74,30496
0.74,30215
0.74,29264
0.74,28927
0.74,28865
0.75,29653
0.75,29590
0.75,27529
0.75,28257
0.75,28192
0.75,28038
0.75,28000
0.75,27916
0.75,27911
0.75,27868
0.75,28127
0.75,28180
0.75,28168
0.75,29424
0.75,30209
0.75,30671
0.75,30673
0.75,29873
0.75,30365
0.75,29912
0.75,29275
0.75,29412
0.75,29398
0.75,29318
0.75,28990
0.75,29046
0.75,29010
0.75,28609
0.75,28755
0.75,28245
0.75,29795
0.75,29922
0.75,29878
0.75,29330
0.75,29863
0.75,29829
0.75,30057
0.75,30014
0.75,29377
0.75,29811
0.75,29450
0.75,29719
0.75,30038
0.75,30493
0.75,30852
0.75,31373
0.75,31077
0.75,31099
0.75,30872
0.75,31696
0.75,31235
0.75,31765
0.75,31655
0.75,30384
0.75,30956
0.75,29467
0.75,29050
0.75,29096
0.75,29243
0.75,28800
0.75,29004
0.76,28921
0.76,29044
0.76,29259
0.76,29601
0.76,30962
0.76,31286
0.76,31350
0.76,30541
0.76,30982
0.76,31545
0.76,31587
0.76,30858
0.76,31423
0.76,31360
0.76,31366
0.76,31195
0.76,31127
0.76,30086
0.76,29694
0.76,29841
0.76,29780
0.76,29717
0.76,29657
0.76,29420
0.76,29433
0.76,29252
0.76,28288
0.76,28246
0.76,27894
0.76,26811
0.76,26806
0.76,26342
0.76,25943
0.76,25620
0.76,25585
0.76,25577
0.76,27994
0.76,27959
0.76,26560
0.76,26933
0.76,27248
0.76,27018
0.76,25936
0.76,24847
0.76,25097
0.76,25022
0.76,25065
0.76,24272
0.76,24236
0.76,24284
0.76,24342
0.76,26340
0.76,25252
0.76,25421
0.76,27703
0.76,28392
0.76,29209
0.76,28840
0.76,28939
0.76,29217
0.76,29190
0.76,28793
0.77,26978
0.77,26484
0.77,26213
0.77,26234
0.77,25649
0.77,26883
0.77,26873
0.77,28578
0.77,27288
0.77,27311
0.77,27413
0.77,28928
0.77,28992
0.77,29165
0.77,29078
0.77,29125
0.77,29574
0.77,26966
0.77,25732
0.77,25776
0.77,25511
0.77,24887
0.77,25410
0.77,24315
0.77,24157
0.77,24076
0.77,23801
0.77,24066
0.77,24684
0.77,25915
0.77,26018
0.77,26038
0.77,26512
0.77,28141
0.77,28099
0.77,28112
0.77,28145
0.77,28344
0.77,28251
0.77,28433
0.77,28243
0.77,27961
0.77,27434
0.77,27208
0.77,27130
0.77,27285
0.77,27659
0.77,27460
0.77,27526
0.77,28016
0.77,27997
0.77,28413
0.77,27419
0.77,28375
0.77,28371
0.77,28114
0.77,28010
0.77,27949
0.77,28091
0.78,28250
0.78,28439
0.78,28588
0.78,28002
0.78,27461
0.78,27917
0.78,27877
0.78,28547
0.78,28592
0.78,28213
0.78,28118
0.78,27606
0.78,27349
0.78,26594
0.78,26940
0.78,26633
0.78,25836
0.78,25766
0.78,25896
0.78,25720
0.78,25970
0.78,28733
0.78,26626
0.78,27096
0.78,27279
0.78,27475
0.78,27217
0.78,26725
0.78,27409
0.78,27382
0.78,26206
0.78,26188
0.78,25953
0.78,25966
0.78,26124
0.78,25932
0.78,26112
0.78,26332
0.78,27089
0.78,27024
0.78,27804
0.78,28237
0.79,28901
0.79,28279
0.79,27828
0.79,27768
0.79,27327
0.79,28170
0.79,27774
0.79,27764
0.79,27571
0.79,27682
0.79,27671
0.79,27480
0.79,27374
0.79,27315
0.79,27313
0.79,29051
0.79,28963
0.79,29321
0.79,28510
0.79,28433
0.79,28222
0.79,28451
0.79,28720
0.79,28307
0.79,28430
0.79,28663
0.79,28636
0.79,26182
0.79,26134
0.79,26105
0.79,25954
0.79,26246
0.79,26131
0.79,26587
0.79,26396
0.79,26374
0.79,26312
0.79,26342
0.79,26795
0.79,27338
0.79,27279
0.79,27180
0.79,27915
0.79,28029
0.79,29650
0.79,29149
0.79,27825
0.79,27639
0.79,27390
0.79,27583
0.79,28569
0.79,28478
0.79,27831
0.79,27988
0.79,28255
0.79,27116
0.79,27393
0.80,27714
0.80,29172
0.80,29214
0.80,28940
0.80,29117
0.80,28070
0.80,28011
0.80,27692
0.80,27691
0.80,28520
0.80,28409
0.80,28831
0.80,28390
0.80,28262
0.80,28328
0.80,27664
0.80,26975
0.80,26966
0.80,27282
0.80,29589
0.80,29263
0.80,28772
0.80,31146
0.80,31071
0.80,30958
0.80,30963
0.80,30595
0.80,30914
0.80,30311
0.80,30574
0.80,31218
0.80,30840
0.80,30895
0.80,31092
0.80,31102
0.80,31117
0.80,31195
0.80,31248
0.80,30001
0.80,30436
0.80,31801
0.80,31813
0.80,31535
0.80,31506
0.80,31659
0.80,30957
0.80,31454
0.80,31199
0.80,31221
0.80,30949
0.80,31633
0.80,31504
0.80,31607
0.80,31172
0.80,31175
0.80,30327
0.80,31129
0.80,31266
0.80,30733
0.81,30110
0.81,29704
0.81,29854
0.81,28581
0.81,28546
0.81,28591
0.81,27885
0.81,28625
0.81,28813
0.81,29136
0.81,28449
0.81,27907
0.81,27902
0.81,28014
0.81,28492
0.81,29178
0.81,29197
0.81,30038
0.81,30295
0.81,29956
0.81,30880
0.81,29775
0.81,28439
0.81,28804
0.81,28439
0.81,28593
0.81,29345
0.81,30296
0.81,30139
0.81,29820
0.81,30698
0.81,30806
0.81,31769
0.81,32192
0.81,31976
0.81,32067
0.81,32220
0.81,29731
0.81,29675
0.81,29250
0.81,28974
0.81,29293
0.81,29025
0.81,29397
0.81,28619
0.81,28304
0.81,27448
0.81,27514
0.81,27555
0.81,27667
0.81,28108
0.81,27771
0.81,26667
0.81,25796
0.81,25259
0.81,25250
0.81,25835
0.82,25634
0.82,25685
0.82,25812
0.82,25416
0.82,25503
0.82,26216
0.82,25744
0.82,26140
0.82,25670
0.82,25876
0.82,25716
0.82,25521
0.82,25476
0.82,26255
0.82,25768
0.82,26351
0.82,26373
0.82,25877
0.82,25970
0.82,25350
0.82,25160
0.82,25143
0.82,26099
0.82,25683
0.82,26159
0.82,26852
0.82,26777
0.82,27312
0.82,27513
0.82,27532
0.82,27245
0.82,27243
0.82,28311
0.82,28092
0.82,28528
0.82,28983
0.82,29050
0.82,28777
0.82,28660
0.82,28522
0.82,29136
0.82,28760
0.82,29992
0.82,30003
0.82,31051
0.82,30999
0.82,30954
0.82,31026
0.82,31167
0.82,30877
0.82,30941
0.82,30099
0.82,30587
0.82,30610
0.82,30549
0.82,30766
0.82,30532
0.82,28832
0.82,30507
0.82,30370
0.82,30176
0.82,30418
0.82,30686
0.82,30646
0.83,30659
0.83,32124
0.83,32037
0.83,32062
0.83,33186
0.83,32691
0.83,32970
0.83,33135
0.83,32724
0.83,33185
0.83,33038
0.83,32139
0.83,31147
0.83,30996
0.83,31046
0.83,30961
0.83,30386
0.83,30188
0.83,31162
0.83,31332
0.83,31961
0.83,31944
0.83,32968
0.83,33593
0.83,32923
0.83,32695
0.83,32401
0.83,32484
0.83,32318
0.83,32710
0.83,32962
0.83,32523
0.83,31747
0.83,31143
0.83,31094
0.83,30600
0.83,30842
0.83,30520
0.83,30564
0.83,31492
0.83,31114
0.83,30708
0.83,30755
0.83,30839
0.83,30629
0.83,29615
0.83,29704
0.83,29676
0.83,29594
0.83,29368
0.83,27400
0.83,27244
0.83,27672
0.83,28036
0.83,28035
0.83,27425
0.83,27600
0.83,27891
0.83,27689
0.83,27396
0.83,27321
0.83,26722
0.84,26665
0.84,26325
0.84,26460
0.84,26446
0.84,26586
0.84,26607
0.84,27321
0.84,27297
0.84,27105
0.84,26914
0.84,26017
0.84,25932
0.84,25963
0.84,26048
0.84,26905
0.84,27659
0.84,28313
0.84,27930
0.84,27822
0.84,27717
0.84,27667
0.84,26474
0.84,25911
0.84,27191
0.84,27569
0.84,27605
0.84,27278
0.84,27187
0.84,26872
0.84,28430
0.84,28522
0.84,28468
0.84,28951
0.84,26858
0.84,26703
0.84,27193
0.84,27728
0.84,27632
0.84,27600
0.84,27852
0.84,27267
0.84,26572
0.84,26607
0.84,27154
0.84,27964
0.84,27657
0.84,27739
0.84,27828
0.84,28684
0.84,28493
0.84,28331
0.84,28029
0.84,28146
0.84,28086
0.84,28523
0.84,28955
0.84,28953
0.84,29085
0.84,28944
0.84,29019
0.85,28684
0.85,27133
0.85,27475
0.85,27044
0.85,26944
0.85,27833
0.85,27839
0.85,27827
0.85,27681
0.85,27508
0.85,26878
0.85,26800
0.85,27186
0.85,27697
0.85,27952
0.85,28563
0.85,27778
0.85,27636
0.85,27684
0.85,28822
0.85,28324
0.85,28763
0.85,29858
0.85,29464
0.85,29373
0.85,28972
0.85,28453
0.85,28535
0.85,27547
0.85,27443
0.85,27275
0.85,26922
0.85,26788
0.85,26927
0.85,27005
0.85,27725
0.85,27931
0.85,27345
0.85,27470
0.85,27528
0.85,27809
0.85,27597
0.85,27863
0.85,28076
0.85,28116
0.85,29371
0.85,29968
0.85,29815
0.85,29804
0.85,29548
0.85,29680
0.85,29231
0.85,28288
0.85,28569
0.85,28322
0.85,28069
0.85,27395
0.85,26867
0.85,27017
0.85,27118
0.86,26986
0.86,27424
0.86,27493
0.86,27618
0.86,26822
0.86,26824
0.86,27210
0.86,27093
0.86,26967
0.86,27591
0.86,27856
0.86,27861
0.86,27889
0.86,27703
0.86,27406
0.86,28430
0.86,27961
0.86,27788
0.86,27248
0.86,28800
0.86,29459
0.86,29160
0.86,29573
0.86,29298
0.86,29219
0.86,28921
0.86,28599
0.86,29482
0.86,29164
0.86,28809
0.86,28200
0.86,28211
0.86,28643
0.86,29207
0.86,28452
0.86,29274
0.86,29496
0.86,29991
0.86,31077
0.86,29716
0.86,29432
0.86,29411
0.86,29077
0.86,29455
0.86,28589
0.86,28202
0.86,28500
0.86,29306
0.86,29273
0.86,29162
0.86,29104
0.86,29324
0.86,29261
0.86,29448
0.86,29309
0.86,29481
0.86,28648
0.86,28500
0.86,28484
0.86,29031
0.87,28377
0.87,28720
0.87,29151
0.87,29058
0.87,28762
0.87,28755
0.87,27736
0.87,28298
0.87,28516
0.87,29844
0.87,29035
0.87,28642
0.87,28869
0.87,27939
0.87,27671
0.87,27652
0.87,28348
0.87,29278
0.87,29142
0.87,29154
0.87,29249
0.87,29322
0.87,29474
0.87,30413
0.87,29696
0.87,28311
0.87,28412
0.87,28874
0.87,28693
0.87,28758
0.87,28594
0.87,27979
0.87,28229
0.87,28186
0.87,28124
0.87,29271
0.87,28658
0.87,29010
0.87,28536
0.87,28913
0.87,27690
0.87,27907
0.87,27989
0.87,27878
0.87,27884
0.87,27652
0.87,27765
0.87,27822
0.87,28745
0.87,28662
0.87,28705
0.87,28923
0.87,29182
0.87,29306
0.87,28415
0.87,29279
0.87,29186
0.87,29847
0.88,29976
0.88,29829
0.88,31116
0.88,30963
0.88,30950
0.88,31140
0.88,31179
0.88,30444
0.88,30382
0.88,29580
0.88,30499
0.88,30933
0.88,30822
0.88,30858
0.88,30288
0.88,31255
0.88,29890
0.88,29148
0.88,29696
0.88,29592
0.88,30312
0.88,30218
0.88,29160
0.88,29665
0.88,29703
0.88,29801
0.88,29986
0.88,29375
0.88,29978
0.88,30486
0.88,28434
0.88,27866
0.88,26409
0.88,25573
0.88,26142
0.88,26089
0.88,25803
0.88,25532
0.88,25974
0.88,25891
0.88,25485
0.88,26090
0.88,26120
0.88,25943
0.88,25147
0.88,25926
0.88,26099
0.88,27787
0.88,27665
0.88,27045
0.88,26943
0.88,27288
0.88,26867
0.88,26345
0.88,25513
0.89,27043
0.89,27802
0.89,27688
0.89,27422
0.89,27156
0.89,27926
0.89,26330
0.89,27068
0.89,27086
0.89,27101
0.89,26357
0.89,26341
0.89,26418
0.89,26139
0.89,26276
0.89,26210
0.89,27423
0.89,27031
0.89,27183
0.89,27316
0.89,27563
0.89,26020
0.89,25843
0.89,26492
0.89,27453
0.89,27917
0.89,27983
0.89,27337
0.89,26632
0.89,26575
0.89,27923
0.89,28152
0.89,28250
0.89,28408
0.89,27940
0.89,27938
0.89,28297
0.89,29033
0.89,29056
0.89,29923
0.89,28751
0.89,28586
0.89,28917
0.89,29306
0.89,28661
0.89,28505
0.89,28280
0.89,28607
0.89,27462
0.89,27546
0.89,27607
0.89,28109
0.90,27760
0.90,27799
0.90,26905
0.90,27179
0.90,27076
0.90,27440
0.90,27481
0.90,27560
0.90,27633
0.90,28044
0.90,27855
0.90,28583
0.90,29320
0.90,29388
0.90,29217
0.90,29117
0.90,28431
0.90,28433
0.90,28488
0.90,29601
0.90,29643
0.90,30451
0.90,30329
0.90,30859
0.90,30459
0.90,29874
0.90,29853
0.90,30729
0.90,30136
0.90,30565
0.90,30218
0.90,30136
0.90,29920
0.90,29953
0.90,29484
0.90,28878
0.90,29109
0.90,28848
0.90,28909
0.90,28852
0.90,27452
0.90,27611
0.90,27201
0.90,27748
0.90,27756
0.90,27751
0.90,27743
0.90,28115
0.90,28506
0.90,28012
0.90,28030
0.90,27843
0.90,27923
0.90,27855
0.90,28135
0.90,28049
0.90,27745
0.90,26964
0.90,27021
0.90,26998
0.91,26358
0.91,26607
0.91,25077
0.91,25092
0.91,25094
0.91,25047
0.91,24528
0.91,25035
0.91,24887
0.91,24879
0.91,24971
0.91,26097
0.91,25590
0.91,25775
0.91,25125
0.91,25183
0.91,25193
0.91,25682
0.91,24974
0.91,25224
0.91,26001
0.91,26580
0.91,26506
0.91,25722
0.91,25749
0.91,25663
0.91,25579
0.91,25456
0.91,25570
0.91,25552
0.91,25720
0.91,25562
0.91,26012
0.91,25807
0.91,25445
0.91,25088
0.91,24704
0.91,25198
0.91,25188
0.91,24558
0.91,24383
0.91,24440
0.91,24306
0.91,24066
0.91,24575
0.91,24574
0.91,25524
0.91,25869
0.91,27898
0.91,28634
0.91,28779
0.91,28019
0.92,27735
0.92,28513
0.92,27852
0.92,28142
0.92,27870
0.92,27709
0.92,27555
0.92,27516
0.92,28778
0.92,28409
0.92,28074
0.92,28224
0.92,28666
0.92,28335
0.92,28309
0.92,28672
0.92,28661
0.92,28005
0.92,28223
0.92,28310
0.92,28315
0.92,28134
0.92,28578
0.92,28371
0.92,27270
0.92,27556
0.92,28283
0.92,27858
0.92,28120
0.92,28123
0.92,28077
0.92,29053
0.92,29360
0.92,29354
0.92,29381
0.92,29468
0.92,30021
0.92,29725
0.92,29337
0.92,29008
0.92,30429
0.92,29827
0.92,29622
0.92,29645
0.92,29356
0.92,29830
0.92,29833
0.92,30539
0.92,30546
0.92,30544
0.92,30241
0.92,30217
0.92,29384
0.92,29133
0.92,28930
0.92,28622
0.92,28095
0.92,28180
0.92,28378
0.92,28330
0.92,28468
0.92,28194
0.93,27527
0.93,26999
0.93,27247
0.93,26875
0.93,26855
0.93,27061
0.93,27106
0.93,27105
0.93,27205
0.93,26171
0.93,26470
0.93,26633
0.93,26561
0.93,26907
0.93,26792
0.93,26837
0.93,25476
0.93,26690
0.93,26466
0.93,27237
0.93,26545
0.93,26840
0.93,26827
0.93,26814
0.93,26008
0.93,26131
0.93,24409
0.93,24355
0.93,24981
0.93,24664
0.93,24831
0.93,24591
0.93,24650
0.93,23658
0.93,23715
0.93,23659
0.93,23731
0.93,23468
0.93,23527
0.93,23118
0.93,23487
0.93,22953
0.93,23446
0.93,23983
0.93,24311
0.93,25161
0.93,25322
0.93,25465
0.93,25077
0.93,24218
0.93,25595
0.93,26116
0.93,25862
0.93,26956
0.94,26788
0.94,27465
0.94,27377
0.94,27015
0.94,27289
0.94,27417
0.94,26646
0.94,26856
0.94,26939
0.94,26454
0.94,27237
0.94,27194
0.94,25910
0.94,26176
0.94,25946
0.94,26074
0.94,26298
0.94,27077
0.94,27571
0.94,28011
0.94,28679
0.94,27759
0.94,27947
0.94,27952
0.94,28199
0.94,27967
0.94,28049
0.94,28126
0.94,28044
0.94,27860
0.94,27310
0.94,27741
0.94,26562
0.94,25966
0.94,26270
0.94,26334
0.94,26698
0.94,27230
0.94,27030
0.94,26505
0.94,26503
0.94,24537
0.94,25193
0.94,25978
0.94,25880
0.94,25757
0.94,25471
0.94,25262
0.94,25409
0.95,25275
0.95,25032
0.95,25812
0.95,24803
0.95,24805
0.95,24509
0.95,24974
0.95,25223
0.95,25455
0.95,25392
0.95,25398
0.95,24120
0.95,24423
0.95,25814
0.95,25725
0.95,25090
0.95,25058
0.95,26829
0.95,26956
0.95,26701
0.95,26623
0.95,25916
0.95,25914
0.95,25792
0.95,25750
0.95,25235
0.95,28282
0.95,28407
0.95,28368
0.95,28167
0.95,27851
0.95,28385
0.95,29192
0.95,29094
0.95,28644
0.95,28684
0.95,29576
0.95,29572
0.95,29437
0.95,29107
0.95,29102
0.95,29715
0.95,29325
0.95,29589
0.95,29329
0.95,29424
0.95,27555
0.95,28328
0.95,27750
0.95,27743
0.95,27675
0.95,27887
0.95,27762
0.95,27985
0.96,28646
0.96,28614
0.96,28215
0.96,27843
0.96,27853
0.96,27575
0.96,27387
0.96,27415
0.96,27331
0.96,27672
0.96,27736
0.96,27946
0.96,27888
0.96,27860
0.96,27751
0.96,27614
0.96,27619
0.96,28199
0.96,28251
0.96,28677
0.96,28804
0.96,29405
0.96,29333
0.96,29297
0.96,29426
0.96,29218
0.96,29672
0.96,29646
0.96,29529
0.96,29641
0.96,30055
0.96,30143
0.96,29401
0.96,29301
0.96,29572
0.96,28283
0.96,28217
0.96,27869
0.96,28339
0.96,28311
0.96,27020
0.96,27358
0.96,27339
0.96,27310
0.96,27460
0.96,27951
0.96,28138
0.96,29230
0.96,28837
0.96,28759
0.96,28493
0.96,28775
0.96,28451
0.96,28546
0.97,28267
0.97,28436
0.97,28723
0.97,28788
0.97,28531
0.97,28596
0.97,28520
0.97,28427
0.97,28149
0.97,27366
0.97,27191
0.97,28105
0.97,28085
0.97,28699
0.97,28596
0.97,28487
0.97,28110
0.97,27741
0.97,26737
0.97,26689
0.97,26701
0.97,26752
0.97,26668
0.97,26958
0.97,27853
0.97,28247
0.97,28462
0.97,28565
0.97,28545
0.97,28170
0.97,28818
0.97,28958
0.97,29012
0.97,29936
0.97,29485
0.97,28993
0.97,29483
0.97,28178
0.97,27747
0.97,27748
0.97,27012
0.97,26448
0.97,25872
0.97,26104
0.97,26050
0.97,25758
0.97,25334
0.97,25230
0.97,25240
0.97,25436
0.97,25581
0.97,25592
0.97,25739
0.98,25738
0.98,25286
0.98,25873
0.98,25926
0.98,26057
0.98,26087
0.98,25628
0.98,25555
0.98,25578
0.98,25513
0.98,25454
0.98,25577
0.98,25527
0.98,25942
0.98,26497
0.98,26326
0.98,25885
0.98,25919
0.98,25691
0.98,25376
0.98,25386
0.98,24989
0.98,25207
0.98,25408
0.98,25550
0.98,25628
0.98,26207
0.98,27159
0.98,27252
0.98,27514
0.98,26157
0.98,25753
0.98,25923
0.98,25802
0.98,27632
0.98,27956
0.98,27004
0.98,26653
0.98,26996
0.98,26829
0.98,27684
0.98,27000
0.98,26958
0.98,26648
0.98,26395
0.98,26370
0.99,26387
0.99,26372
0.99,26350
0.99,26671
0.99,26821
0.99,27961
0.99,28331
0.99,29186
0.99,28780
0.99,28305
0.99,28370
0.99,28382
0.99,28190
0.99,29604
0.99,30472
0.99,30963
0.99,30719
0.99,30272
0.99,30252
0.99,30512
0.99,30342
0.99,30051
0.99,30302
0.99,30954
0.99,30499
0.99,30976
0.99,30844
0.99,29866
0.99,28894
0.99,28940
0.99,29268
0.99,29128
0.99,29365
0.99,29385
0.99,30002
0.99,30082
0.99,30586
0.99,30635
0.99,30554
0.99,30566
0.99,30474
0.99,30330
0.99,30145
0.99,29997
0.99,30299
0.99,29216
0.99,28880
0.99,28878
0.99,29205
0.99,29243
0.99,29260
0.99,29600
0.99,30723
1.00,30434
1.00,30451
1.00,30322
1.00,28927
1.00,28762
1.00,28464
1.00,28646
1.00,28788
1.00,29276
1.00,28576
1.00,28317
1.00,28345
1.00,27908
1.00,27898
1.00,27637
1.00,27617
1.00,27342
1.00,27336
1.00,27815
1.00,28035
1.00,28252
1.00,27671
1.00,27792
1.00,27859
1.00,28077
1.00,26671
1.00,27093
1.00,27006
1.00,26987
1.00,26950
1.00,26849
1.00,26902
1.00,26899
1.00,26975
1.00,27435
1.00,26817
1.00,26862
1.00,26147
1.00,26096
1.00,26440
1.00,25706
1.00,26255
1.00,26319
1.00,26909
1.00,26768
1.00,26705
1.00,27076
1.00,28215
1.00,28539
1.00,28051
1.00,28076
1.01,28514
1.01,28386
1.01,28282
1.01,28126
1.01,27985
1.01,28093
1.01,28883
1.01,28747
1.01,29036
1.01,28985
1.01,29070
1.01,29275
1.01,28920
1.01,29086
1.01,28968
1.01,28880
1.01,28001
1.01,27917
1.01,28241
1.01,27628
1.01,27857
1.01,26603
1.01,26731
1.01,27235
1.01,26508
1.01,26560
1.01,26996
1.01,27842
1.01,28355
1.01,29253
1.01,28654
1.01,29091
1.01,29562
1.01,29639
1.01,28095
1.01,27939
1.01,28107
1.01,28780
1.01,28977
1.01,28323
1.01,27822
1.01,27699
1.01,28716
1.01,27998
1.01,28292
1.01,28300
1.01,27784
1.01,27995
1.01,27694
1.01,26615
1.01,26407
1.01,26526
1.01,26292
1.01,26683
1.01,26875
1.02,27356
1.02,27154
1.02,27811
1.02,27774
1.02,28015
1.02,28277
1.02,28219
1.02,28091
1.02,27461
1.02,27685
1.02,28400
1.02,28321
1.02,28262
1.02,27986
1.02,28230
1.02,28402
1.02,28251
1.02,27766
1.02,27530
1.02,26723
1.02,26457
1.02,26331
1.02,25660
1.02,25701
1.02,25256
1.02,25207
1.02,24874
1.02,24124
1.02,24196
1.02,25425
1.02,25348
1.02,25274
1.02,25552
1.02,25481
1.02,25582
1.02,25628
1.02,25563
1.02,26442
1.02,26944
1.02,27103
1.02,26826
1.02,26827
1.02,26981
1.02,27176
1.02,27187
1.02,26657
1.02,27418
1.02,26065
1.03,26043
1.03,25680
1.03,25408
1.03,25356
1.03,25324
1.03,25293
1.03,25345
1.03,25100
1.03,25017
1.03,24833
1.03,24661
1.03,24971
1.03,24992
1.03,25244
1.03,25086
1.03,25236
1.03,25001
1.03,24451
1.03,23931
1.03,23889
1.03,24632
1.03,24608
1.03,24617
1.03,24324
1.03,24370
1.03,24082
1.03,23926
1.03,23667
1.03,23878
1.03,24047
1.03,24909
1.03,25022
1.03,25222
1.03,24605
1.03,25041
1.03,24990
1.03,25071
1.03,25695
1.03,25699
1.03,25354
1.03,25593
1.03,25647
1.03,25605
1.03,25785
1.03,25793
1.03,25232
1.03,25398
1.03,24732
1.03,24742
1.03,24647
1.03,24552
1.04,24171
1.04,23981
1.04,23936
1.04,24168
1.04,23964
1.04,23674
1.04,23525
1.04,23374
1.04,24019
1.04,23504
1.04,23104
1.04,22987
1.04,22784
1.04,23203
1.04,22902
1.04,23210
1.04,23269
1.04,23895
1.04,24760
1.04,24510
1.04,24528
1.04,24509
1.04,24557
1.04,24460
1.04,24656
1.04,24718
1.04,25072
1.04,24999
1.04,24979
1.04,24538
1.04,25001
1.04,24929
1.04,25304
1.04,25818
1.04,25988
1.04,26223
1.04,25471
1.04,25370
1.04,24920
1.04,25008
1.04,25075
1.04,25716
1.04,25101
1.04,25027
1.04,25175
1.04,27243
1.04,26662
1.05,27143
1.05,28314
1.05,28078
1.05,28053
1.05,27732
1.05,27399
1.05,27367
1.05,27257
1.05,27304
1.05,27369
1.05,28084
1.05,28294
1.05,28422
1.05,28046
1.05,27856
1.05,26763
1.05,26629
1.05,27205
1.05,26629
1.05,26615
1.05,27999
1.05,28057
1.05,28177
1.05,28372
1.05,28664
1.05,29232
1.05,29532
1.05,30505
1.05,31124
1.05,30846
1.05,30894
1.05,30874
1.05,31194
1.05,30399
1.05,30368
1.05,29549
1.05,29560
1.05,28843
1.05,29546
1.05,29446
1.05,29886
1.05,29746
1.05,29306
1.05,27956
1.05,27956
1.05,27783
1.05,26942
1.05,26808
1.05,26802
1.05,27011
1.05,25903
1.05,25793
1.06,24879
1.06,25183
1.06,24964
1.06,25919
1.06,25956
1.06,26001
1.06,26009
1.06,25939
1.06,26965
1.06,27269
1.06,27257
1.06,26611
1.06,26545
1.06,27074
1.06,27080
1.06,27511
1.06,27556
1.06,27960
1.06,27734
1.06,28175
1.06,29031
1.06,29122
1.06,28135
1.06,27800
1.06,26744
1.06,26351
1.06,25820
1.06,25815
1.06,24806
1.06,24583
1.06,24454
1.06,24754
1.06,25120
1.06,25184
1.06,25303
1.06,25352
1.06,25510
1.06,25640
1.06,25641
1.06,25229
1.06,24989
1.06,24661
1.06,24615
1.06,24521
1.06,24480
1.06,24560
1.06,24189
1.07,24281
1.07,24170
1.07,24158
1.07,22920
1.07,22468
1.07,22178
1.07,22535
1.07,22646
1.07,22989
1.07,22426
1.07,22524
1.07,22639
1.07,22430
1.07,22531
1.07,22547
1.07,22395
1.07,22135
1.07,20955
1.07,21037
1.07,21177
1.07,21727
1.07,21592
1.07,22129
1.07,22035
1.07,22080
1.07,22304
1.07,22374
1.07,22437
1.07,22751
1.07,22703
1.07,22965
1.08,23078
1.08,23672
1.08,23347
1.08,23054
1.08,23095
1.08,23128
1.08,23256
1.08,23543
1.08,24409
1.08,23973
1.08,24713
1.08,25756
1.08,25507
1.08,25525
1.08,25237
1.08,25559
1.08,25676
1.08,26162
1.08,25603
1.08,25522
1.08,25562
1.08,25830
1.08,26203
1.08,26088
1.08,25805
1.08,26043
1.08,25828
1.08,25819
1.08,25998
1.08,25960
1.08,25803
1.08,27142
1.08,26860
1.08,27485
1.08,27477
1.08,27285
1.08,27007
1.08,26874
1.08,27035
1.08,27128
1.08,26871
1.08,27155
1.08,26429
1.08,26720
1.08,26542
1.08,26829
1.08,26520
1.08,27002
1.08,26446
1.08,26351
1.09,26653
1.09,26907
1.09,26969
1.09,27004
1.09,27166
1.09,27372
1.09,27961
1.09,27943
1.09,27898
1.09,28040
1.09,28145
1.09,27510
1.09,26820
1.09,26300
1.09,26557
1.09,25589
1.09,25292
1.09,25223
1.09,25948
1.09,26431
1.09,26388
1.09,26041
1.09,26124
1.09,26262
1.09,26331
1.09,27207
1.09,26939
1.09,27555
1.09,27506
1.09,27115
1.09,27993
1.09,28004
1.09,27889
1.09,27788
1.09,27303
1.09,27070
1.09,27002
1.09,26818
1.09,27974
1.09,28352
1.09,28319
1.09,28586
1.09,27856
1.09,28054
1.09,27912
1.09,27710
1.09,27792
1.09,27778
1.10,25978
1.10,25945
1.10,26043
1.10,26177
1.10,26590
1.10,26968
1.10,27092
1.10,27124
1.10,26884
1.10,26987
1.10,26713
1.10,27220
1.10,27625
1.10,27537
1.10,27574
1.10,27580
1.10,27228
1.10,27018
1.10,27058
1.10,27248
1.10,26498
1.10,26362
1.10,26321
1.10,25882
1.10,25916
1.10,25882
1.10,25845
1.10,24717
1.10,24612
1.10,24482
1.10,24487
1.10,24690
1.10,24705
1.10,24645
1.10,23885
1.10,23847
1.10,23783
1.10,23761
1.10,22890
1.10,22964
1.10,23321
1.10,23882
1.10,24645
1.10,24769
1.10,24684
1.10,24941
1.10,24733
1.10,24379
1.10,24401
1.11,24226
1.11,23814
1.11,23482
1.11,24127
1.11,25339
1.11,25536
1.11,25692
1.11,25661
1.11,25196
1.11,24695
1.11,25283
1.11,25201
1.11,24884
1.11,25090
1.11,25029
1.11,24849
1.11,24991
1.11,24513
1.11,24111
1.11,24500
1.11,24761
1.11,24718
1.11,24167
1.11,24331
1.11,24133
1.11,24156
1.11,23908
1.11,24356
1.11,24397
1.11,24370
1.11,24355
1.11,24047
1.11,24692
1.11,23211
1.11,23514
1.11,23293
1.11,23867
1.11,23970
1.11,23990
1.11,23850
1.11,23732
1.11,23497
1.12,23452
1.12,23011
1.12,22678
1.12,22214
1.12,22121
1.12,22076
1.12,22145
1.12,22413
1.12,22526
1.12,22322
1.12,22344
1.12,22661
1.12,22574
1.12,22710
1.12,22305
1.12,22361
1.12,21497
1.12,21584
1.12,21854
1.12,21981
1.12,21965
1.12,21973
1.12,22553
1.12,22581
1.12,22815
1.12,22863
1.12,22612
1.12,22522
1.12,22383
1.12,22365
1.12,22419
1.12,22425
1.12,22435
1.12,22609
1.12,22739
1.12,22469
1.12,22476
1.12,22685
1.12,22064
1.12,21986
1.12,22228
1.13,21749
1.13,21884
1.13,22046
1.13,21760
1.13,22047
1.13,21645
1.13,21514
1.13,22418
1.13,22077
1.13,21869
1.13,20487
1.13,20383
1.13,20097
1.13,20265
1.13,20323
1.13,20524
1.13,20522
1.13,20612
1.13,20745
1.13,20822
1.13,20749
1.13,20823
1.13,20880
1.13,21765
1.13,21876
1.13,22088
1.13,22065
1.13,22225
1.13,22196
1.13,22225
1.13,22075
1.13,21898
1.13,21692
1.13,21813
1.13,21353
1.13,21631
1.13,21403
1.13,21394
1.13,21331
1.13,21252
1.14,21072
1.14,21517
1.14,21575
1.14,22015
1.14,21986
1.14,21968
1.14,22036
1.14,22451
1.14,22187
1.14,21762
1.14,21880
1.14,21947
1.14,21949
1.14,21490
1.14,22115
1.14,22176
1.14,22185
1.14,21882
1.14,22290
1.14,22440
1.14,21606
1.14,21401
1.14,21401
1.14,22034
1.14,21779
1.14,21489
1.14,22522
1.14,22943
1.14,22718
1.14,22564
1.14,23056
1.14,23656
1.14,23601
1.14,23707
1.14,23380
1.15,23299
1.15,23307
1.15,23129
1.15,23428
1.15,22862
1.15,22895
1.15,22280
1.15,22070
1.15,22014
1.15,21614
1.15,21436
1.15,21367
1.15,21448
1.15,21719
1.15,21779
1.15,21823
1.15,22350
1.15,22463
1.15,22276
1.15,22221
1.15,22700
1.15,22373
1.15,22704
1.15,22607
1.15,22771
1.15,22338
1.15,22322
1.15,22920
1.15,22926
1.15,22810
1.15,23374
1.15,23005
1.15,23721
1.15,22887
1.15,21209
1.15,20846
1.15,20994
1.15,20938
1.15,21199
1.15,21271
1.16,21249
1.16,21148
1.16,20764
1.16,20782
1.16,20554
1.16,21139
1.16,21100
1.16,20554
1.16,20866
1.16,21264
1.16,21453
1.16,21331
1.16,21324
1.16,21283
1.16,21263
1.16,21011
1.16,21054
1.16,20995
1.16,21340
1.16,21613
1.16,21484
1.16,21568
1.16,21225
1.16,21335
1.16,21397
1.16,20653
1.16,20691
1.16,20711
1.16,20285
1.16,20764
1.16,20794
1.16,20772
1.16,20501
1.16,20311
1.17,20654
1.17,20854
1.17,20696
1.17,20278
1.17,20327
1.17,20286
1.17,19939
1.17,19960
1.17,19831
1.17,20007
1.17,19783
1.17,19870
1.17,20136
1.17,19905
1.17,19807
1.17,19127
1.17,18780
1.17,18718
1.17,18733
1.17,18799
1.17,18694
1.17,18362
1.17,18827
1.17,18874
1.17,18673
1.17,18414
1.17,18129
1.17,18414
1.17,18399
1.17,18349
1.17,19768
1.17,21391
1.17,21392
1.17,21407
1.17,21198
1.17,21110
1.18,20946
1.18,21102
1.18,20234
1.18,20447
1.18,19971
1.18,20388
1.18,20357
1.18,20331
1.18,19725
1.18,19656
1.18,19179
1.18,19454
1.18,19271
1.18,19144
1.18,19103
1.18,19302
1.18,19597
1.18,19254
1.18,19627
1.18,19592
1.18,19544
1.18,19777
1.18,19882
1.18,19894
1.18,19972
1.18,19972
1.18,20048
1.18,19714
1.18,19550
1.18,19554
1.19,19775
1.19,19497
1.19,19624
1.19,19658
1.19,19863
1.19,20164
1.19,20626
1.19,21519
1.19,21410
1.19,21278
1.19,20902
1.19,20764
1.19,21092
1.19,21599
1.19,21678
1.19,21757
1.19,21576
1.19,21423
1.19,21425
1.19,21049
1.19,20993
1.19,20248
1.19,19928
1.19,20009
1.19,20046
1.19,19378
1.20,19057
1.20,19632
1.20,19754
1.20,20149
1.20,20257
1.20,20233
1.20,20474
1.20,20675
1.20,20628
1.20,20698
1.20,20274
1.20,20028
1.20,20556
1.20,20521
1.20,20191
1.20,20301
1.20,20202
1.20,20164
1.20,20572
1.20,19959
1.20,19981
1.20,19474
1.20,19481
1.20,19270
1.20,19254
1.20,19250
1.20,19727
1.20,19587
1.20,19865
1.20,19503
1.20,19609
1.20,19848
1.20,19976
1.20,19925
1.20,20991
1.20,21344
1.20,21107
1.20,20683
1.21,20834
1.21,20969
1.21,20916
1.21,21079
1.21,21416
1.21,21443
1.21,21679
1.21,21667
1.21,21894
1.21,21905
1.21,21910
1.21,21663
1.21,21529
1.21,21449
1.21,21457
1.21,21579
1.21,21280
1.21,21466
1.21,21442
1.21,21010
1.21,21321
1.21,21323
1.21,21243
1.22,21477
1.22,21248
1.22,20270
1.22,20606
1.22,20854
1.22,21058
1.22,20493
1.22,20616
1.22,19951
1.22,19915
1.22,19900
1.22,19469
1.22,19700
1.22,19701
1.22,19753
1.22,21107
1.22,21324
1.22,21491
1.22,21130
1.22,21288
1.22,21387
1.22,20692
1.22,20751
1.22,21153
1.22,20840
1.22,20766
1.22,20775
1.22,20708
1.22,20782
1.23,21059
1.23,21742
1.23,21504
1.23,21247
1.23,21175
1.23,21649
1.23,21343
1.23,20869
1.23,20722
1.23,20749
1.23,20608
1.23,20726
1.23,20891
1.23,20754
1.23,20654
1.23,20605
1.23,20588
1.23,20466
1.23,20348
1.23,21206
1.23,21211
1.23,21500
1.23,21545
1.23,21414
1.23,21607
1.23,21632
1.23,22079
1.23,21718
1.23,22024
1.23,21729
1.24,22643
1.24,22521
1.24,22680
1.24,22673
1.24,22889
1.24,22773
1.24,23030
1.24,23312
1.24,23529
1.24,23027
1.24,22696
1.24,22303
1.24,21523
1.24,20668
1.24,20851
1.24,21318
1.24,21575
1.24,21697
1.24,21925
1.24,22130
1.24,22072
1.24,22827
1.24,22878
1.24,23040
1.24,23108
1.24,23055
1.24,22985
1.24,22906
1.24,22368
1.24,22403
1.24,22521
1.24,22468
1.25,22365
1.25,22293
1.25,22370
1.25,22663
1.25,22116
1.25,21850
1.25,21883
1.25,22011
1.25,21831
1.25,22100
1.25,22009
1.25,22672
1.25,21697
1.25,21023
1.25,20781
1.25,20710
1.25,20684
1.25,20997
1.25,21041
1.25,21377
1.25,21751
1.25,20575
1.25,20664
1.25,20497
1.25,20749
1.25,20925
1.25,20377
1.25,20353
1.25,20067
1.25,20118
1.25,21222
1.26,21036
1.26,21124
1.26,20928
1.26,20714
1.26,20731
1.26,20713
1.26,20927
1.26,20709
1.26,20408
1.26,20817
1.26,21221
1.26,21682
1.26,21517
1.26,21570
1.26,21754
1.26,21764
1.26,21894
1.26,21291
1.26,21193
1.26,21196
1.26,21701
1.26,21492
1.26,20912
1.26,20837
1.26,20908
1.26,20975
1.26,21145
1.26,21495
1.26,21559
1.26,21709
1.26,21591
1.26,21364
1.26,21649
1.27,21794
1.27,21845
1.27,22062
1.27,20890
1.27,20757
1.27,20640
1.27,20472
1.27,20504
1.27,20302
1.27,20291
1.27,20215
1.27,20404
1.27,20239
1.27,20601
1.27,20490
1.27,20970
1.27,20700
1.27,20731
1.27,20788
1.27,21132
1.27,20819
1.27,20850
1.27,20938
1.27,20814
1.27,21065
1.27,20827
1.27,21034
1.27,21125
1.27,20601
1.27,20743
1.27,20554
1.28,21022
1.28,21234
1.28,20297
1.28,20277
1.28,20096
1.28,20517
1.28,20316
1.28,20059
1.28,20126
1.28,20265
1.28,20215
1.28,20819
1.28,20467
1.28,20371
1.28,20698
1.28,20773
1.28,20836
1.28,21452
1.28,21453
1.28,21467
1.28,20990
1.28,20742
1.28,20577
1.28,20313
1.28,20491
1.28,20756
1.28,20599
1.28,20534
1.28,20642
1.29,20659
1.29,21125
1.29,20587
1.29,20443
1.29,20745
1.29,20696
1.29,21031
1.29,21158
1.29,21267
1.29,21734
1.29,21906
1.29,21425
1.29,21394
1.29,22401
1.29,22291
1.29,21804
1.29,21254
1.29,21289
1.29,21367
1.29,20788
1.29,21073
1.29,21124
1.29,21194
1.29,21377
1.29,21490
1.29,21571
1.29,21540
1.29,21464
1.29,21612
1.29,20813
1.29,20968
1.29,21487
1.29,20826
1.30,20887
1.30,20791
1.30,20724
1.30,21052
1.30,20915
1.30,21083
1.30,21581
1.30,21217
1.30,20868
1.30,20812
1.30,20767
1.30,20608
1.30,20903
1.30,20682
1.30,20969
1.30,20797
1.30,20832
1.30,20207
1.30,20079
1.30,19878
1.30,19831
1.30,19796
1.30,19552
1.30,19568
1.31,19658
1.31,19541
1.31,19584
1.31,19443
1.31,19024
1.31,19072
1.31,19091
1.31,19156
1.31,18848
1.31,18730
1.31,18783
1.31,18738
1.31,18551
1.31,18345
1.31,18349
1.31,18091
1.31,18036
1.31,17918
1.31,18045
1.32,18081
1.32,18271
1.32,18172
1.32,18625
1.32,18382
1.32,18353
1.32,17927
1.32,17915
1.32,18478
1.32,18303
1.32,18360
1.32,18357
1.32,18419
1.32,18727
1.32,18676
1.32,18815
1.32,19133
1.32,19462
1.32,19109
1.32,19208
1.32,19265
1.32,19216
1.32,19309
1.32,18440
1.33,18249
1.33,18087
1.33,17487
1.33,17553
1.33,18375
1.33,18839
1.33,18781
1.33,18698
1.33,18896
1.33,18824
1.33,18840
1.33,19100
1.33,18591
1.33,18563
1.33,18775
1.33,19120
1.33,18303
1.33,17318
1.33,17398
1.33,17214
1.33,16931
1.33,16826
1.33,16513
1.33,16212
1.34,16240
1.34,16299
1.34,16299
1.34,16804
1.34,16957
1.34,16610
1.34,16643
1.34,16649
1.34,16878
1.34,16807
1.34,16907
1.34,17379
1.34,17655
1.34,17636
1.34,16713
1.34,16714
1.34,16713
1.34,16654
1.34,16726
1.34,17183
1.35,17311
1.35,17055
1.35,17005
1.35,16793
1.35,16872
1.35,16605
1.35,16529
1.35,16931
1.35,16794
1.35,17144
1.35,17130
1.35,17337
1.35,16716
1.35,16660
1.35,16835
1.35,16849
1.35,16775
1.35,17429
1.35,17390
1.36,17773
1.36,17513
1.36,17399
1.36,17456
1.36,17399
1.36,17492
1.36,17504
1.36,17829
1.36,17838
1.36,17951
1.36,18365
1.36,18880
1.36,18748
1.36,18807
1.36,18727
1.36,18598
1.36,18762
1.36,18913
1.36,18840
1.36,18710
1.36,18714
1.36,19112
1.37,19226
1.37,19231
1.37,19480
1.37,20202
1.37,20239
1.37,20032
1.37,19962
1.37,19848
1.37,19902
1.37,19765
1.37,19827
1.37,19990
1.37,20330
1.37,20517
1.37,20330
1.37,20567
1.37,20541
1.37,20408
1.37,20640
1.37,20514
1.38,20262
1.38,20467
1.38,20353
1.38,20354
1.38,20294
1.38,20353
1.38,19992
1.38,20188
1.38,20010
1.38,20252
1.38,20255
1.38,20225
1.38,20022
1.38,20342
1.38,20302
1.38,19738
1.38,20077
1.38,19976
1.38,20001
1.38,19793
1.38,19871
1.38,19873
1.39,19986
1.39,20009
1.39,19773
1.39,19621
1.39,18810
1.39,19227
1.39,19289
1.39,19051
1.39,18798
1.39,18934
1.39,18758
1.39,19157
1.39,19191
1.39,19436
1.39,19434
1.39,19387
1.39,19181
1.39,19286
1.39,19459
1.39,19272
1.39,18994
1.39,18463
1.39,18441
1.40,18457
1.40,18656
1.40,18593
1.40,18743
1.40,18829
1.40,18891
1.40,18908
1.40,18748
1.40,18960
1.40,18700
1.40,18314
1.40,18330
1.40,18104
1.40,18179
1.40,18053
1.40,18173
1.40,18254
1.41,18358
1.41,18366
1.41,18017
1.41,17855
1.41,17362
1.41,17245
1.41,17319
1.41,17309
1.41,17578
1.41,16948
1.41,17079
1.41,17032
1.41,16613
1.42,16380
1.42,16247
1.42,16208
1.42,16416
1.42,16259
1.42,16387
1.42,16047
1.42,16218
1.42,15857
1.42,15804
1.42,15947
1.42,16056
1.42,15898
1.43,15925
1.43,16010
1.43,15821
1.43,15888
1.43,15935
1.43,15940
1.43,15935
1.43,15710
1.43,15858
1.43,15886
1.43,16033
1.43,15991
1.43,15491
1.43,15679
1.43,15578
1.43,15590
1.43,15713
1.44,15728
1.44,15594
1.44,15732
1.44,15782
1.44,16145
1.44,16166
1.44,16489
1.44,16599
1.44,16372
1.44,15645
1.44,15562
1.44,15505
1.44,15555
1.44,15549
1.44,15558
1.45,14635
1.45,14616
1.45,14663
1.45,15303
1.45,15241
1.45,15292
1.45,15148
1.45,15357
1.45,15335
1.45,15092
1.45,15034
1.46,15163
1.46,15133
1.46,14835
1.46,14898
1.46,14737
1.46,14752
1.46,14692
1.46,14697
1.46,14991
1.46,14864
1.47,14551
1.47,14643
1.47,14808
1.47,14757
1.47,14723
1.47,14216
1.47,14150
1.47,13909
1.47,14030
1.48,14056
1.48,14082
1.48,14181
1.48,13869
1.48,13770
1.48,13758
1.48,13751
1.48,13639
1.48,13624
1.49,13554
1.49,13567
1.49,13881
1.49,13909
1.49,13839
1.49,13714
1.49,13733
1.49,13661
1.50,13653
1.50,13848
1.50,13645
1.50,13653
1.50,13515
1.50,13472
1.50,13608
1.50,13702
1.50,13810
1.50,13721
1.50,13926
1.51,13965
1.51,13921
1.51,13957
1.51,13631
1.51,14051
1.51,14050
1.51,14277
1.51,14269
1.51,14438
1.51,14662
1.52,14623
1.52,14287
1.52,14727
1.52,14620
1.52,14901
1.52,14827
1.52,14704
1.52,14469
1.52,14476
1.52,14219
1.52,14265
1.52,14093
1.53,14019
1.53,13938
1.53,14078
1.53,14020
1.53,14378
1.53,14210
1.53,14228
1.53,14361
1.53,14336
1.53,14303
1.53,14596
1.54,14369
1.54,14895
1.54,15090
1.54,14959
1.54,14589
1.54,14465
1.54,14360
1.54,14393
1.55,14756
1.55,14716
1.55,14759
1.55,14835
1.55,14846
1.55,14712
1.55,14604
1.55,14612
1.56,14584
1.56,14461
1.56,14423
1.56,14305
1.56,13980
1.56,13928
1.56,13883
1.56,13754
1.56,13745
1.56,13580
1.57,13386
1.57,13251
1.57,13506
1.57,13427
1.57,13735
1.57,13419
1.57,13549
1.57,13507
1.57,13510
1.58,13429
1.58,13300
1.58,13206
1.58,13213
1.58,13222
1.58,13170
1.58,12785
1.58,12827
1.58,12769
1.58,12671
1.59,12629
1.59,12679
1.59,12460
1.59,12631
1.59,12638
1.59,12686
1.60,12717
1.60,12787
1.60,12762
1.60,12678
1.60,12685
1.60,12662
1.60,12786
1.60,12778
1.60,12775
1.61,12775
1.61,12912
1.61,12920
1.61,13004
1.61,13059
1.62,13074
1.62,13017
1.62,13068
1.62,13054
1.62,13085
1.62,13081
1.62,13040
1.62,13012
1.62,13030
1.62,13111
1.62,13028
1.62,13241
1.63,13062
1.63,13092
1.63,13323
1.63,13283
1.63,13387
1.63,13390
1.63,13300
1.64,13193
1.64,13147
1.64,12981
1.64,12950
1.64,13039
1.64,13171
1.64,12936
1.64,12933
1.65,12866
1.65,12923
1.65,12696
1.65,12547
1.65,12700
1.66,12862
1.66,12769
1.66,12779
1.66,12767
1.66,12843
1.66,12945
1.66,13009
1.66,13041
1.66,13026
1.66,12955
1.67,12990
1.67,12926
1.67,12948
1.67,12846
1.67,12767
1.67,12881
1.67,12883
1.67,12882
1.68,13038
1.68,13076
1.68,13032
1.68,12787
1.68,12854
1.68,12954
1.68,13154
1.68,13064
1.68,13086
1.68,13000
1.69,13090
1.69,13231
1.69,13197
1.69,13242
1.70,13301
1.70,13378
1.70,13332
1.70,13493
1.70,13443
1.70,13475
1.70,13288
1.70,13375
1.70,13376
1.70,13436
1.70,13280
1.70,13297
1.71,13391
1.71,13303
1.71,13331
1.71,13212
1.71,13115
1.71,12929
1.71,12816
1.71,12812
1.72,12822
1.72,12816
1.72,12802
1.72,12833
1.72,12774
1.72,12730
1.73,12632
1.73,12803
1.73,12793
1.73,12879
1.73,12845
1.73,12774
1.74,12750
1.74,12637
1.74,12551
1.74,12625
1.74,12673
1.74,12685
1.75,12489
1.75,12511
1.75,12495
1.76,12482
1.76,12485
1.76,11891
1.76,11875
1.76,11867
1.77,11868
1.77,11897
1.77,11807
1.77,11838
1.78,11816
1.78,11808
1.78,11750
1.79,11742
1.79,11764
1.80,11713
1.80,11916
1.80,11799
1.80,11586
1.80,11565
1.80,11384
1.80,11417
1.80,11432
1.81,11454
1.81,11447
1.81,11454
1.81,11465
1.81,11511
1.81,11588
1.81,11531
1.81,11501
1.81,11501
1.82,11541
1.82,11541
1.82,11557
1.83,11404
1.83,11411
1.83,11415
1.83,11416
1.83,11373
1.83,11366
1.83,11289
1.84,11210
1.84,11161
1.84,11168
1.84,11188
1.85,11190
1.85,11183
1.85,11140
1.85,11111
1.85,11133
1.86,11185
1.86,11168
1.87,11116
1.87,11214
1.87,11192
1.87,11241
1.87,11112
1.89,11032
1.90,11030
1.91,11010
1.91,10995
1.91,11003
1.92,10970
1.92,10801
1.92,10798
1.93,10800
1.93,10830
1.93,10712
1.95,10722
1.95,10691
1.95,10722
1.96,10698
1.96,10724
1.96,10750
1.97,10815
1.97,10828
1.97,10876
1.98,10859
1.98,10910
1.99,10901
1.99,10969
2.00,10908
2.00,10866
2.00,10871
2.01,10797
2.02,10796
2.02,10773
2.02,10815
2.03,10850
2.03,10852
2.04,10850
2.04,10820
2.04,10837
2.05,10838
2.05,10871
2.05,10857
2.06,10856
2.06,10788
2.06,10746
2.09,10661
2.09,10581
2.09,10573
2.11,10560
2.11,10541
2.12,10542
2.13,10528
2.14,10355
2.16,10367
2.17,10385
2.17,10393
2.17,10381
2.21,10400
2.21,10335
2.22,10317
2.22,10320
2.22,10320
2.22,10243
2.23,10169
2.23,10154
2.28,10159
2.33,10154
2.33,10130
2.39,10136
2.41,10123
2.44,10100
2.46,10093
2.69,10019
2.76,10020
2.77,9930
2.88,9922
