0.22,25566
0.24,24434
0.30,24190
0.34,24010
0.35,22747
0.41,21829
0.47,21076
0.52,19609
0.65,18999
0.68,18624
0.73,17998
0.77,17884
0.81,17283
0.94,17216
0.97,16824
1.05,16681
1.10,15818
1.11,15701
1.16,15629
1.21,15554
1.31,15174
1.33,15154
1.36,15033
1.37,14939
1.42,14656
1.59,14301
1.62,14234
1.65,13674
1.67,13595
1.74,13478
1.76,13458
1.79,13420
1.86,13353
1.87,13301
1.90,13219
1.97,13140
2.03,13121
2.08,13069
2.10,13045
2.13,12890
2.21,12617
2.35,12543
2.40,12413
2.42,12360
2.45,12304
2.51,12050
2.52,12018
2.55,11967
2.63,11894
2.65,11837
2.68,11795
2.69,11770
2.72,11713
2.76,11502
2.84,11445
2.94,11378
3.07,11318
3.12,11164
3.15,10873
3.42,10828
3.44,10683
3.55,10563
3.68,10423
3.99,10334
4.15,10309
4.23,10293
4.32,10287
4.34,9951
4.47,9775
4.71,9774
4.72,9691
4.78,9678
4.92,9631
5.38,9616
5.53,9591
5.55,9585
5.64,9410
5.92,9348
6.03,9222
6.52,9217
6.56,9205
7.52,9174
7.55,9021
8.48,9012
8.59,8875
8.66,8824
9.61,8720
10.33,8705
10.42,8658
10.79,8640
11.30,8634
11.40,8633
11.81,8617
12.32,8610
12.60,8605
12.67,8594
13.22,8592
13.62,8557
13.66,8552
