0.21,28960
0.21,28317
0.21,27955
0.21,29141
0.21,29142
0.21,30513
0.21,29675
0.21,29480
0.21,30176
0.21,30042
0.21,30693
0.21,30677
0.21,31155
0.21,30772
0.21,30544
0.21,30337
0.22,30486
0.22,31132
0.22,31234
0.22,30956
0.22,31033
0.22,30983
0.22,31268
0.22,31208
0.22,29117
0.22,28085
0.22,28115
0.22,28156
0.22,29059
0.22,29228
0.22,29228
0.22,28868
0.22,28238
0.22,27516
0.22,28421
0.22,28648
0.22,29173
0.22,30772
0.22,30555
0.22,30665
0.22,30497
0.22,31507
0.22,31578
0.22,31507
0.22,30591
0.22,30758
0.22,30806
0.22,31024
0.22,30969
0.22,30370
0.22,30180
0.22,30366
0.22,27858
0.22,28350
0.22,29115
0.22,29594
0.22,29141
0.22,28901
0.22,28762
0.22,28728
0.22,29367
0.22,29193
0.22,29329
0.22,29703
0.22,28225
0.22,28771
0.22,28154
0.22,28464
0.22,27503
0.22,28073
0.22,28547
0.22,28569
0.22,29515
0.22,29643
0.22,29936
0.22,29574
0.22,29608
0.22,30453
0.22,31619
0.22,30658
0.22,30879
0.23,30037
0.23,29312
0.23,29574
0.23,29956
0.23,29854
0.23,29560
0.23,29606
0.23,28817
0.23,29846
0.23,29997
0.23,30078
0.23,30054
0.23,30785
0.23,30818
0.23,30485
0.23,30808
0.23,30745
0.23,30551
0.23,30687
0.23,30778
0.23,30137
0.23,29950
0.23,30265
0.23,30165
0.23,30662
0.23,30842
0.23,30046
0.23,29969
0.23,30132
0.23,31722
0.23,32805
0.23,32800
0.23,32773
0.23,32988
0.23,31847
0.23,31061
0.23,30988
0.23,30868
0.23,30662
0.23,30065
0.23,31311
0.23,31262
0.23,31341
0.23,31208
0.23,29888
0.23,31082
0.23,32028
0.23,32045
0.23,32162
0.23,32136
0.23,30585
0.23,30496
0.23,31853
0.23,31499
0.23,31389
0.23,31357
0.23,31795
0.23,32302
0.23,31882
0.23,32040
0.23,32006
0.23,32343
0.23,32076
0.23,30477
0.23,28498
0.24,29628
0.24,29320
0.24,29386
0.24,30379
0.24,30409
0.24,30358
0.24,28753
0.24,28828
0.24,27769
0.24,29577
0.24,29523
0.24,28093
0.24,27608
0.24,28466
0.24,28433
0.24,27475
0.24,27184
0.24,27415
0.24,29204
0.24,28700
0.24,28531
0.24,28343
0.24,27905
0.24,28284
0.24,30895
0.24,30821
0.24,30723
0.24,30804
0.24,30776
0.24,29896
0.24,29834
0.24,30374
0.24,28339
0.24,28592
0.24,28500
0.24,27939
0.24,28316
0.24,28355
0.24,27820
0.24,28110
0.24,27287
0.24,26467
0.24,26482
0.24,26513
0.24,29310
0.24,29550
0.24,29729
0.24,29587
0.24,28846
0.24,28838
0.24,28390
0.24,28497
0.24,26921
0.24,27061
0.24,28153
0.24,27787
0.24,28035
0.24,28195
0.24,28300
0.24,28058
0.24,28184
0.24,27900
0.24,27938
0.24,28325
0.24,28410
0.25,28320
0.25,28195
0.25,28170
0.25,28995
0.25,29013
0.25,28861
0.25,29610
0.25,28621
0.25,29542
0.25,29140
0.25,29259
0.25,29678
0.25,29469
0.25,30302
0.25,30118
0.25,30666
0.25,30292
0.25,30950
0.25,30842
0.25,30650
0.25,30675
0.25,30413
0.25,30170
0.25,29751
0.25,30292
0.25,30104
0.25,29771
0.25,30294
0.25,30541
0.25,31227
0.25,31766
0.25,31091
0.25,31443
0.25,31114
0.25,30715
0.25,30799
0.25,30341
0.25,30638
0.25,30055
0.25,30473
0.25,30759
0.25,31305
0.25,30562
0.25,30261
0.25,29974
0.25,29896
0.25,29950
0.25,30883
0.25,30727
0.25,29844
0.25,29953
0.25,29952
0.25,30159
0.25,28763
0.25,28718
0.25,28743
0.25,28414
0.25,28654
0.25,29039
0.25,29686
0.25,29477
0.25,29666
0.25,30246
0.25,30143
0.25,30462
0.25,31035
0.26,30944
0.26,31006
0.26,31071
0.26,30359
0.26,30594
0.26,30866
0.26,29876
0.26,29116
0.26,29163
0.26,29549
0.26,30172
0.26,30173
0.26,28909
0.26,28927
0.26,29008
0.26,28722
0.26,28520
0.26,28535
0.26,28154
0.26,28142
0.26,27971
0.26,27530
0.26,28280
0.26,28209
0.26,28434
0.26,28342
0.26,28880
0.26,29039
0.26,28595
0.26,28666
0.26,28474
0.26,28465
0.26,27650
0.26,27940
0.26,28187
0.26,27857
0.26,28895
0.26,29324
0.26,27829
0.26,27924
0.26,27680
0.26,27859
0.26,28679
0.26,29046
0.26,29694
0.26,29466
0.26,29197
0.26,29302
0.26,29318
0.26,28559
0.26,28818
0.26,28820
0.26,28926
0.26,28511
0.26,28417
0.26,29342
0.26,29022
0.26,28358
0.26,28332
0.26,28671
0.26,28684
0.26,28195
0.26,28127
0.26,28393
0.26,28102
0.26,28128
0.27,28457
0.27,28502
0.27,29422
0.27,29996
0.27,30198
0.27,29691
0.27,29730
0.27,29796
0.27,30508
0.27,30661
0.27,30598
0.27,30451
0.27,30538
0.27,30116
0.27,30039
0.27,28865
0.27,28876
0.27,28920
0.27,29222
0.27,29977
0.27,29795
0.27,29988
0.27,30304
0.27,29855
0.27,30235
0.27,29662
0.27,30463
0.27,30409
0.27,30632
0.27,30845
0.27,30708
0.27,30520
0.27,30239
0.27,30648
0.27,30589
0.27,30563
0.27,30386
0.27,27262
0.27,27298
0.27,27370
0.27,27681
0.27,27627
0.27,27562
0.27,27762
0.27,26796
0.27,27175
0.27,27836
0.27,28273
0.27,29135
0.27,28768
0.27,29432
0.27,29976
0.27,29989
0.27,30086
0.27,29560
0.27,29542
0.27,29848
0.27,30527
0.27,30665
0.27,30730
0.27,30988
0.27,30767
0.27,30654
0.27,29914
0.27,30108
0.28,30157
0.28,31100
0.28,30918
0.28,30801
0.28,30769
0.28,30926
0.28,30838
0.28,31047
0.28,31286
0.28,31107
0.28,30164
0.28,30173
0.28,30142
0.28,30156
0.28,30100
0.28,30243
0.28,29785
0.28,29477
0.28,28262
0.28,28199
0.28,28816
0.28,30567
0.28,30083
0.28,30086
0.28,30223
0.28,29955
0.28,30090
0.28,29931
0.28,30202
0.28,30215
0.28,30343
0.28,31353
0.28,31316
0.28,31585
0.28,31168
0.28,30693
0.28,30845
0.28,29816
0.28,28541
0.28,28860
0.28,29036
0.28,29048
0.28,29365
0.28,28224
0.28,28566
0.28,28625
0.28,28732
0.28,28974
0.28,28937
0.28,28550
0.28,28621
0.28,28539
0.28,28227
0.28,27793
0.28,28416
0.28,28533
0.28,29759
0.28,29958
0.28,29219
0.28,28810
0.28,28280
0.28,28146
0.28,28063
0.28,27531
0.28,28372
0.29,28291
0.29,27548
0.29,27508
0.29,28215
0.29,27465
0.29,27005
0.29,26995
0.29,27025
0.29,27997
0.29,28257
0.29,27474
0.29,27427
0.29,27329
0.29,27082
0.29,28015
0.29,27925
0.29,28406
0.29,28715
0.29,29273
0.29,28143
0.29,28437
0.29,28345
0.29,28864
0.29,28491
0.29,29069
0.29,28805
0.29,30012
0.29,26977
0.29,27049
0.29,26968
0.29,25650
0.29,27712
0.29,27653
0.29,27607
0.29,27896
0.29,27965
0.29,27731
0.29,27642
0.29,28454
0.29,28512
0.29,28678
0.29,29504
0.29,28524
0.29,27598
0.29,27847
0.29,28078
0.29,28758
0.29,28742
0.29,28372
0.29,28246
0.29,28345
0.29,28041
0.29,28089
0.29,27713
0.29,27516
0.29,27434
0.29,27358
0.29,27743
0.29,28080
0.29,27760
0.29,27702
0.29,27687
0.29,27392
0.29,27697
0.29,27675
0.29,27936
0.29,27932
0.29,28623
0.30,29984
0.30,30077
0.30,30028
0.30,30067
0.30,30007
0.30,30064
0.30,29918
0.30,29572
0.30,29455
0.30,29362
0.30,30186
0.30,30117
0.30,30002
0.30,29977
0.30,29795
0.30,29939
0.30,30150
0.30,30759
0.30,31000
0.30,31387
0.30,30790
0.30,30814
0.30,30028
0.30,30602
0.30,29709
0.30,30665
0.30,31448
0.30,31467
0.30,31389
0.30,31623
0.30,31433
0.30,31627
0.30,32021
0.30,32307
0.30,32312
0.30,32448
0.30,32306
0.30,31747
0.30,31126
0.30,32114
0.30,32230
0.30,32075
0.30,32324
0.30,32334
0.30,31821
0.30,30580
0.30,31731
0.30,30233
0.30,30509
0.30,30411
0.30,30685
0.30,30663
0.30,30735
0.30,31024
0.30,30531
0.30,30649
0.30,30263
0.30,30188
0.30,30058
0.30,30799
0.30,28643
0.30,29801
0.30,30077
0.30,30915
0.30,30727
0.30,30858
0.30,30437
0.30,29743
0.30,29798
0.31,27788
0.31,27781
0.31,28220
0.31,27913
0.31,27934
0.31,28892
0.31,29243
0.31,29010
0.31,29473
0.31,30076
0.31,30194
0.31,30189
0.31,29921
0.31,29392
0.31,30451
0.31,30471
0.31,30054
0.31,30215
0.31,28986
0.31,28869
0.31,28692
0.31,28862
0.31,29407
0.31,29474
0.31,30005
0.31,31424
0.31,31209
0.31,32408
0.31,33081
0.31,31643
0.31,32156
0.31,31901
0.31,32067
0.31,30124
0.31,30144
0.31,29946
0.31,30111
0.31,29802
0.31,31287
0.31,31310
0.31,31672
0.31,31509
0.31,31672
0.31,31976
0.31,32654
0.31,31792
0.31,31737
0.31,31289
0.31,31887
0.31,31786
0.31,31426
0.31,31281
0.31,31206
0.31,28978
0.31,27970
0.31,29908
0.31,29922
0.31,30011
0.31,31021
0.31,30637
0.31,29691
0.31,29692
0.31,30168
0.31,30140
0.31,28794
0.31,28859
0.32,29883
0.32,29995
0.32,29817
0.32,29401
0.32,29303
0.32,28661
0.32,28982
0.32,29122
0.32,29603
0.32,30221
0.32,30412
0.32,30335
0.32,30458
0.32,30921
0.32,31694
0.32,31432
0.32,32507
0.32,33734
0.32,33757
0.32,33256
0.32,29857
0.32,29781
0.32,30097
0.32,29084
0.32,29124
0.32,28946
0.32,28936
0.32,28687
0.32,28676
0.32,28584
0.32,28553
0.32,28612
0.32,28616
0.32,26909
0.32,26007
0.32,26340
0.32,26433
0.32,25124
0.32,26349
0.32,25801
0.32,26762
0.32,27664
0.32,26359
0.32,26871
0.32,28002
0.32,28563
0.32,28302
0.32,28054
0.32,28111
0.32,28650
0.32,28581
0.32,28917
0.32,29956
0.32,29759
0.32,29773
0.32,29723
0.32,29974
0.32,31767
0.32,31478
0.32,30384
0.32,30091
0.32,29870
0.32,29707
0.32,29610
0.32,29774
0.32,29671
0.33,29546
0.33,29442
0.33,29824
0.33,30235
0.33,30591
0.33,30829
0.33,29983
0.33,31222
0.33,31068
0.33,31138
0.33,30640
0.33,30360
0.33,28572
0.33,28290
0.33,28453
0.33,28459
0.33,28375
0.33,28513
0.33,28403
0.33,28308
0.33,27458
0.33,25697
0.33,25657
0.33,27243
0.33,27667
0.33,28314
0.33,27898
0.33,28269
0.33,27758
0.33,27700
0.33,27522
0.33,27528
0.33,26993
0.33,29297
0.33,28886
0.33,29764
0.33,30899
0.33,29870
0.33,30977
0.33,31735
0.33,31702
0.33,31853
0.33,32312
0.33,30149
0.33,30917
0.33,30185
0.33,30451
0.33,30503
0.33,30285
0.33,29762
0.33,30836
0.33,30804
0.33,30762
0.33,28698
0.33,30382
0.33,30169
0.33,30723
0.33,30705
0.33,30366
0.33,30800
0.33,31761
0.33,31638
0.33,31706
0.33,31751
0.33,31825
0.33,32805
0.33,32724
0.33,31924
0.33,30914
0.34,30070
0.34,28469
0.34,28355
0.34,28380
0.34,28427
0.34,28593
0.34,28885
0.34,29790
0.34,30210
0.34,30323
0.34,30341
0.34,29832
0.34,29239
0.34,28860
0.34,28655
0.34,28426
0.34,30159
0.34,30231
0.34,30542
0.34,30658
0.34,30858
0.34,30558
0.34,28699
0.34,28696
0.34,28363
0.34,28344
0.34,28520
0.34,28398
0.34,28642
0.34,27652
0.34,27918
0.34,27028
0.34,26869
0.34,27179
0.34,28140
0.34,27912
0.34,28632
0.34,28473
0.34,27614
0.34,27388
0.34,26555
0.34,27800
0.34,28065
0.34,28056
0.34,29257
0.34,29750
0.34,29362
0.34,29560
0.34,29725
0.34,29194
0.34,27837
0.34,28158
0.34,27852
0.34,26901
0.34,28009
0.34,28158
0.34,27834
0.34,27389
0.34,26137
0.34,26790
0.34,27058
0.34,27070
0.34,27450
0.34,27407
0.34,29964
0.34,29825
0.34,30208
0.34,29929
0.34,29693
0.35,29509
0.35,29534
0.35,28369
0.35,27893
0.35,27903
0.35,28319
0.35,28188
0.35,29675
0.35,28836
0.35,28747
0.35,28667
0.35,28639
0.35,28724
0.35,28346
0.35,29112
0.35,28910
0.35,27455
0.35,27672
0.35,27046
0.35,26940
0.35,26832
0.35,26579
0.35,26658
0.35,26289
0.35,26073
0.35,25778
0.35,25886
0.35,26623
0.35,27067
0.35,26767
0.35,26954
0.35,26945
0.35,28000
0.35,27495
0.35,27419
0.35,27271
0.35,27578
0.35,27027
0.35,27403
0.35,27423
0.35,27623
0.35,29013
0.35,29068
0.35,29125
0.35,29429
0.35,29359
0.35,29584
0.35,29609
0.35,28572
0.35,28102
0.35,27903
0.35,27940
0.35,27885
0.35,27701
0.35,27724
0.35,27666
0.35,27644
0.35,27932
0.35,29721
0.35,29687
0.35,29970
0.35,30376
0.35,30555
0.35,30610
0.36,29546
0.36,29264
0.36,28973
0.36,29767
0.36,30011
0.36,30029
0.36,29799
0.36,29821
0.36,29713
0.36,31438
0.36,31429
0.36,30502
0.36,30045
0.36,29804
0.36,30289
0.36,30258
0.36,30465
0.36,30407
0.36,30258
0.36,30613
0.36,31211
0.36,31930
0.36,31775
0.36,31160
0.36,31984
0.36,31785
0.36,31423
0.36,30363
0.36,30491
0.36,30347
0.36,30609
0.36,30000
0.36,30028
0.36,30853
0.36,30783
0.36,31121
0.36,30231
0.36,30334
0.36,30141
0.36,30019
0.36,30303
0.36,30307
0.36,30651
0.36,30969
0.36,31283
0.36,30332
0.36,30340
0.36,30083
0.36,30041
0.36,29048
0.36,27980
0.36,28695
0.36,28234
0.36,28418
0.36,29285
0.36,29697
0.36,29787
0.36,29937
0.36,29349
0.36,29356
0.36,28752
0.36,28494
0.36,28874
0.36,28788
0.36,28606
0.36,28341
0.36,27996
0.36,28412
0.36,30091
0.37,30237
0.37,29989
0.37,30550
0.37,30575
0.37,30730
0.37,30615
0.37,30924
0.37,30991
0.37,31019
0.37,31098
0.37,31421
0.37,30343
0.37,30739
0.37,30593
0.37,30611
0.37,30776
0.37,30625
0.37,30263
0.37,29954
0.37,30051
0.37,29840
0.37,28555
0.37,28465
0.37,28189
0.37,28210
0.37,28861
0.37,29584
0.37,29506
0.37,30209
0.37,30246
0.37,29108
0.37,29084
0.37,29262
0.37,29173
0.37,30389
0.37,29723
0.37,30015
0.37,29365
0.37,29694
0.37,30605
0.37,30755
0.37,30825
0.37,29410
0.37,30203
0.37,30197
0.37,29861
0.37,30184
0.37,30745
0.37,30856
0.37,30722
0.37,30767
0.37,31214
0.37,30767
0.37,30935
0.37,30863
0.37,30624
0.37,30601
0.37,30501
0.37,30584
0.37,32492
0.37,32147
0.37,31823
0.37,31858
0.37,32340
0.37,32092
0.37,31525
0.37,31607
0.37,31664
0.38,31906
0.38,31049
0.38,30293
0.38,29995
0.38,29801
0.38,30478
0.38,30005
0.38,29843
0.38,29807
0.38,29578
0.38,29461
0.38,29197
0.38,29146
0.38,29440
0.38,28965
0.38,29495
0.38,29635
0.38,29533
0.38,29544
0.38,30434
0.38,30499
0.38,30196
0.38,29624
0.38,28623
0.38,29177
0.38,29645
0.38,29961
0.38,29489
0.38,30043
0.38,29623
0.38,29200
0.38,29880
0.38,29893
0.38,30110
0.38,30252
0.38,29899
0.38,30172
0.38,29972
0.38,29699
0.38,28194
0.38,28130
0.38,27542
0.38,29390
0.38,29543
0.38,29351
0.38,29705
0.38,29975
0.38,30335
0.38,29186
0.38,30055
0.38,30011
0.38,29974
0.38,29335
0.38,29711
0.38,29922
0.38,30752
0.38,31723
0.38,31940
0.38,31988
0.38,31900
0.38,34135
0.38,34139
0.38,34076
0.38,33830
0.38,33292
0.38,32839
0.38,32924
0.39,31840
0.39,31505
0.39,31458
0.39,31622
0.39,31736
0.39,31468
0.39,30881
0.39,30915
0.39,31978
0.39,31949
0.39,32028
0.39,30776
0.39,31610
0.39,31637
0.39,31495
0.39,32635
0.39,33181
0.39,32911
0.39,32257
0.39,33027
0.39,32548
0.39,32679
0.39,32650
0.39,31507
0.39,30464
0.39,31118
0.39,30587
0.39,30635
0.39,30812
0.39,31027
0.39,30926
0.39,31390
0.39,31039
0.39,31123
0.39,29710
0.39,30001
0.39,28934
0.39,29021
0.39,28552
0.39,28636
0.39,28997
0.39,29265
0.39,28944
0.39,28707
0.39,28396
0.39,28267
0.39,29290
0.39,29470
0.39,30520
0.39,30426
0.39,30740
0.39,29323
0.39,29266
0.39,30215
0.39,30008
0.39,29867
0.39,29956
0.39,29756
0.39,29803
0.39,29386
0.39,30312
0.39,28798
0.39,30726
0.39,30539
0.39,30000
0.39,29777
0.39,30794
0.39,30627
0.40,30426
0.40,30134
0.40,30187
0.40,30140
0.40,29970
0.40,30507
0.40,30994
0.40,30086
0.40,30910
0.40,30401
0.40,30358
0.40,30289
0.40,30185
0.40,30584
0.40,30582
0.40,31185
0.40,31589
0.40,31681
0.40,31658
0.40,31602
0.40,31511
0.40,31427
0.40,31339
0.40,31728
0.40,31686
0.40,31791
0.40,31864
0.40,31529
0.40,31946
0.40,31848
0.40,31724
0.40,32549
0.40,32853
0.40,33340
0.40,31293
0.40,31231
0.40,31158
0.40,31353
0.40,30605
0.40,30668
0.40,30919
0.40,30977
0.40,30901
0.40,32566
0.40,32346
0.40,32711
0.40,32604
0.40,32433
0.40,32187
0.40,30953
0.40,30191
0.40,30215
0.40,30435
0.40,29442
0.40,29722
0.40,29539
0.40,30235
0.40,31497
0.40,32403
0.40,32779
0.40,32559
0.40,32716
0.40,32718
0.40,31022
0.40,31434
0.40,31491
0.40,31517
0.41,30284
0.41,29037
0.41,29252
0.41,29408
0.41,29409
0.41,29546
0.41,29384
0.41,29795
0.41,28786
0.41,28874
0.41,29412
0.41,28415
0.41,28610
0.41,29171
0.41,29358
0.41,29504
0.41,29441
0.41,29552
0.41,30603
0.41,30164
0.41,29133
0.41,29852
0.41,30896
0.41,32490
0.41,32664
0.41,32727
0.41,32888
0.41,32894
0.41,32901
0.41,33092
0.41,32715
0.41,32857
0.41,33979
0.41,34205
0.41,34427
0.41,32041
0.41,31774
0.41,31407
0.41,31392
0.41,30922
0.41,31305
0.41,32003
0.41,31954
0.41,31998
0.41,31796
0.41,31709
0.41,30436
0.41,30965
0.41,30750
0.41,30539
0.41,30346
0.41,29259
0.41,29401
0.41,28739
0.41,28619
0.41,28031
0.41,27932
0.41,28518
0.41,28614
0.41,28929
0.41,29744
0.41,29680
0.41,28519
0.41,28454
0.41,28166
0.41,27906
0.41,29521
0.41,29456
0.41,28923
0.42,29255
0.42,29240
0.42,29114
0.42,28833
0.42,29102
0.42,29642
0.42,29849
0.42,29679
0.42,29824
0.42,29734
0.42,29672
0.42,29636
0.42,30273
0.42,30005
0.42,30100
0.42,29874
0.42,30979
0.42,31112
0.42,30807
0.42,30813
0.42,31019
0.42,30352
0.42,30235
0.42,29305
0.42,29321
0.42,29596
0.42,29660
0.42,29580
0.42,29536
0.42,29652
0.42,29544
0.42,29541
0.42,30065
0.42,30706
0.42,31199
0.42,31241
0.42,31355
0.42,31800
0.42,32433
0.42,32773
0.42,32994
0.42,32981
0.42,32556
0.42,32693
0.42,31515
0.42,32495
0.42,32255
0.42,33010
0.42,32731
0.42,32816
0.42,32749
0.42,32497
0.42,32269
0.42,33105
0.42,33103
0.42,32318
0.42,32032
0.42,31938
0.42,32397
0.42,32440
0.42,32089
0.42,31389
0.42,31227
0.42,30930
0.42,30769
0.42,30530
0.42,30573
0.42,31034
0.43,30248
0.43,30194
0.43,31587
0.43,31421
0.43,30593
0.43,30123
0.43,30672
0.43,29973
0.43,29325
0.43,29296
0.43,29358
0.43,27531
0.43,28224
0.43,26469
0.43,27017
0.43,26872
0.43,28945
0.43,29083
0.43,28211
0.43,29006
0.43,29000
0.43,29496
0.43,27543
0.43,27778
0.43,28044
0.43,27993
0.43,27968
0.43,27649
0.43,27403
0.43,27265
0.43,27336
0.43,27671
0.43,27468
0.43,27320
0.43,27756
0.43,27603
0.43,27877
0.43,28073
0.43,27657
0.43,27901
0.43,28062
0.43,28148
0.43,27971
0.43,27902
0.43,28291
0.43,28986
0.43,29117
0.43,28175
0.43,28102
0.43,27883
0.43,28663
0.43,28488
0.43,28388
0.43,26829
0.43,26004
0.43,26287
0.43,27067
0.43,27218
0.43,26948
0.43,27665
0.43,27865
0.43,27802
0.43,27835
0.43,27831
0.43,28305
0.43,27266
0.44,28389
0.44,27637
0.44,27674
0.44,27065
0.44,27309
0.44,27467
0.44,28027
0.44,27836
0.44,27157
0.44,27242
0.44,26845
0.44,26737
0.44,27325
0.44,26767
0.44,26877
0.44,26712
0.44,26431
0.44,26460
0.44,27990
0.44,28027
0.44,27957
0.44,28007
0.44,28240
0.44,29518
0.44,29709
0.44,29518
0.44,29028
0.44,30165
0.44,30648
0.44,30328
0.44,30373
0.44,30288
0.44,30349
0.44,30200
0.44,30179
0.44,30155
0.44,30675
0.44,29882
0.44,29168
0.44,28513
0.44,28601
0.44,29390
0.44,28982
0.44,29126
0.44,29338
0.44,29212
0.44,29689
0.44,29077
0.44,29145
0.44,29408
0.44,29579
0.44,29674
0.44,29562
0.44,29179
0.44,28034
0.44,28281
0.44,28428
0.44,30138
0.44,31309
0.44,32422
0.44,32107
0.44,32296
0.44,31689
0.44,31625
0.44,32204
0.44,31450
0.44,30799
0.45,30365
0.45,30799
0.45,29436
0.45,29097
0.45,29033
0.45,29602
0.45,29439
0.45,29751
0.45,30666
0.45,30358
0.45,30404
0.45,30371
0.45,30101
0.45,29540
0.45,29126
0.45,30612
0.45,29441
0.45,29369
0.45,28893
0.45,29471
0.45,29442
0.45,29481
0.45,29993
0.45,29760
0.45,29540
0.45,28569
0.45,28003
0.45,28230
0.45,28203
0.45,29194
0.45,29107
0.45,29801
0.45,29634
0.45,29653
0.45,29952
0.45,30028
0.45,29814
0.45,29520
0.45,30113
0.45,29601
0.45,29506
0.45,30094
0.45,29828
0.45,29776
0.45,29811
0.45,30001
0.45,30925
0.45,31060
0.45,31310
0.45,31277
0.45,31225
0.45,30658
0.45,29668
0.45,30437
0.45,28655
0.45,27808
0.45,28160
0.45,28861
0.45,29060
0.45,29487
0.45,31199
0.45,31735
0.45,30973
0.45,31353
0.45,32115
0.45,32421
0.45,32393
0.45,32814
0.45,31807
0.46,31800
0.46,32133
0.46,32433
0.46,31884
0.46,31824
0.46,32119
0.46,32323
0.46,31710
0.46,31736
0.46,31760
0.46,31227
0.46,31328
0.46,31380
0.46,30378
0.46,30744
0.46,30016
0.46,30258
0.46,30644
0.46,30674
0.46,28807
0.46,30574
0.46,29290
0.46,29457
0.46,29492
0.46,29584
0.46,29808
0.46,29555
0.46,29537
0.46,29407
0.46,29816
0.46,30193
0.46,29989
0.46,29690
0.46,29515
0.46,30197
0.46,30423
0.46,30916
0.46,31233
0.46,32155
0.46,31957
0.46,31772
0.46,31861
0.46,32477
0.46,32082
0.46,32137
0.46,32129
0.46,31916
0.46,31862
0.46,31455
0.46,31323
0.46,30642
0.46,30691
0.46,29837
0.46,30663
0.46,30380
0.46,29988
0.46,29662
0.46,29113
0.46,28986
0.46,26590
0.46,26326
0.46,25910
0.46,25889
0.46,25653
0.46,26051
0.46,26426
0.46,26689
0.47,28312
0.47,27901
0.47,27898
0.47,27662
0.47,27709
0.47,29030
0.47,29401
0.47,28662
0.47,27841
0.47,28265
0.47,28162
0.47,27408
0.47,28541
0.47,28802
0.47,28521
0.47,28082
0.47,27673
0.47,27595
0.47,27986
0.47,28392
0.47,28133
0.47,28999
0.47,28837
0.47,29015
0.47,28841
0.47,28854
0.47,29244
0.47,27797
0.47,27723
0.47,27555
0.47,27583
0.47,28064
0.47,27574
0.47,27638
0.47,27824
0.47,27667
0.47,27667
0.47,28604
0.47,28261
0.47,28721
0.47,27090
0.47,26900
0.47,26917
0.47,27258
0.47,28064
0.47,28969
0.47,29856
0.47,29811
0.47,29312
0.47,29723
0.47,30525
0.47,30557
0.47,31334
0.47,31148
0.47,31093
0.47,31545
0.47,30999
0.47,31212
0.47,31694
0.47,32534
0.47,32875
0.47,32714
0.47,32834
0.47,32867
0.47,32567
0.47,32611
0.48,32599
0.48,32151
0.48,32075
0.48,31308
0.48,30520
0.48,30302
0.48,30350
0.48,30150
0.48,30527
0.48,31505
0.48,31403
0.48,31334
0.48,30600
0.48,30454
0.48,30508
0.48,30647
0.48,30185
0.48,30158
0.48,30845
0.48,29497
0.48,29457
0.48,29625
0.48,29421
0.48,28501
0.48,28599
0.48,28548
0.48,27658
0.48,27672
0.48,27862
0.48,28056
0.48,27916
0.48,27975
0.48,27667
0.48,27646
0.48,27613
0.48,27892
0.48,27229
0.48,26702
0.48,29026
0.48,28815
0.48,29105
0.48,28616
0.48,28753
0.48,28763
0.48,29031
0.48,27941
0.48,27944
0.48,28141
0.48,28172
0.48,28217
0.48,28036
0.48,27058
0.48,27522
0.48,27418
0.48,27363
0.48,27390
0.48,27387
0.48,28777
0.48,27951
0.48,27963
0.48,27921
0.48,27689
0.48,27357
0.48,27923
0.48,28968
0.48,28454
0.48,28531
0.48,28727
0.49,28714
0.49,28174
0.49,28727
0.49,29615
0.49,29786
0.49,29696
0.49,30480
0.49,29875
0.49,29768
0.49,29453
0.49,29697
0.49,27687
0.49,27048
0.49,27275
0.49,28298
0.49,27466
0.49,27539
0.49,28296
0.49,28285
0.49,28281
0.49,28271
0.49,28529
0.49,28707
0.49,28597
0.49,28421
0.49,28156
0.49,29071
0.49,29069
0.49,29276
0.49,29633
0.49,29165
0.49,29454
0.49,29548
0.49,28886
0.49,28776
0.49,28793
0.49,29565
0.49,29566
0.49,29579
0.49,29615
0.49,28013
0.49,27814
0.49,29906
0.49,28741
0.49,28814
0.49,29794
0.49,30379
0.49,29980
0.49,30421
0.49,29692
0.49,30707
0.49,31788
0.49,31344
0.49,32383
0.49,32954
0.49,32382
0.49,32914
0.49,32824
0.49,33030
0.49,33356
0.49,32704
0.49,32872
0.49,31952
0.49,29621
0.49,29653
0.49,30023
0.49,29554
0.49,27431
0.49,27291
0.49,25821
0.50,26704
0.50,26575
0.50,26770
0.50,26868
0.50,25838
0.50,26004
0.50,26152
0.50,26064
0.50,25402
0.50,25053
0.50,24440
0.50,24825
0.50,24988
0.50,25264
0.50,25071
0.50,24745
0.50,27386
0.50,27084
0.50,26600
0.50,26431
0.50,26453
0.50,26937
0.50,27255
0.50,28095
0.50,27862
0.50,28535
0.50,28179
0.50,27943
0.50,28331
0.50,28293
0.50,27870
0.50,28378
0.50,29046
0.50,28057
0.50,28627
0.50,27566
0.50,26122
0.50,26155
0.50,26668
0.50,26969
0.50,27007
0.50,26588
0.50,26465
0.50,26017
0.50,26419
0.50,25976
0.50,26241
0.50,26345
0.50,26142
0.50,26152
0.50,26603
0.50,25279
0.50,26204
0.50,26203
0.50,26304
0.50,27197
0.50,27019
0.50,27504
0.50,26740
0.50,26731
0.50,30194
0.51,30098
0.51,30504
0.51,30811
0.51,30781
0.51,30770
0.51,30790
0.51,30676
0.51,30932
0.51,31296
0.51,30597
0.51,31325
0.51,31340
0.51,31586
0.51,30506
0.51,30074
0.51,29936
0.51,29225
0.51,29808
0.51,28217
0.51,28983
0.51,29810
0.51,30063
0.51,30461
0.51,30257
0.51,30222
0.51,30041
0.51,30012
0.51,30334
0.51,30652
0.51,31264
0.51,30734
0.51,30436
0.51,30292
0.51,29440
0.51,29761
0.51,29547
0.51,29644
0.51,28969
0.51,30703
0.51,30652
0.51,31156
0.51,31959
0.51,31411
0.51,32279
0.51,32543
0.51,32739
0.51,33033
0.51,32354
0.51,32008
0.51,32003
0.51,32012
0.51,31443
0.51,32697
0.51,34177
0.51,33937
0.51,34314
0.51,33026
0.51,33049
0.51,30018
0.51,30735
0.51,31668
0.51,31711
0.51,31837
0.51,33391
0.51,33515
0.52,33592
0.52,32256
0.52,32720
0.52,32613
0.52,32458
0.52,32516
0.52,32453
0.52,31083
0.52,31593
0.52,31913
0.52,32153
0.52,30787
0.52,30719
0.52,30678
0.52,30398
0.52,30115
0.52,30282
0.52,30412
0.52,30972
0.52,31010
0.52,29801
0.52,29725
0.52,29987
0.52,29551
0.52,30726
0.52,30980
0.52,30923
0.52,30977
0.52,30820
0.52,30531
0.52,30656
0.52,30653
0.52,30412
0.52,30367
0.52,30035
0.52,30195
0.52,30146
0.52,30017
0.52,30009
0.52,30428
0.52,29891
0.52,30401
0.52,29997
0.52,31069
0.52,31155
0.52,31433
0.52,31657
0.52,31563
0.52,31336
0.52,31396
0.52,30508
0.52,31478
0.52,32316
0.52,31610
0.52,31090
0.52,31732
0.52,30911
0.52,31024
0.52,30176
0.52,30185
0.52,29135
0.52,30017
0.52,29944
0.52,29852
0.52,29727
0.52,29825
0.52,29755
0.53,31280
0.53,31012
0.53,31208
0.53,31350
0.53,31599
0.53,32998
0.53,32840
0.53,33061
0.53,32989
0.53,32988
0.53,32640
0.53,32656
0.53,33045
0.53,32359
0.53,33175
0.53,33251
0.53,33178
0.53,33017
0.53,32832
0.53,32714
0.53,32425
0.53,31980
0.53,32139
0.53,31829
0.53,30966
0.53,31264
0.53,30879
0.53,30745
0.53,30755
0.53,30745
0.53,30530
0.53,30928
0.53,30693
0.53,31595
0.53,31547
0.53,30481
0.53,30792
0.53,30837
0.53,30856
0.53,30820
0.53,31291
0.53,27977
0.53,27761
0.53,30465
0.53,29543
0.53,29379
0.53,29862
0.53,29230
0.53,28529
0.53,28582
0.53,29406
0.53,29193
0.53,29340
0.53,29496
0.53,29510
0.53,29620
0.53,29669
0.53,29625
0.53,30876
0.53,30912
0.53,30264
0.53,31016
0.53,30996
0.53,30545
0.53,31029
0.53,31000
0.54,31314
0.54,30721
0.54,30842
0.54,30437
0.54,29890
0.54,29635
0.54,29760
0.54,30697
0.54,30214
0.54,30060
0.54,30235
0.54,31524
0.54,31380
0.54,30914
0.54,30398
0.54,29732
0.54,29939
0.54,30388
0.54,30541
0.54,30393
0.54,30277
0.54,29900
0.54,29823
0.54,29524
0.54,29495
0.54,29299
0.54,29390
0.54,29464
0.54,29347
0.54,29641
0.54,29600
0.54,28905
0.54,29079
0.54,28946
0.54,28789
0.54,29952
0.54,30372
0.54,30757
0.54,30975
0.54,30840
0.54,30907
0.54,30148
0.54,30102
0.54,30069
0.54,29796
0.54,30434
0.54,30474
0.54,30813
0.54,30245
0.54,29807
0.54,29547
0.54,29524
0.54,30349
0.54,30283
0.54,30095
0.54,30785
0.54,30922
0.54,31176
0.54,30982
0.54,30618
0.54,30508
0.54,32019
0.54,31837
0.54,30524
0.54,31014
0.54,30201
0.54,29315
0.54,29922
0.55,29003
0.55,27895
0.55,27922
0.55,27927
0.55,27804
0.55,27717
0.55,27313
0.55,28072
0.55,28318
0.55,28177
0.55,28293
0.55,27543
0.55,27444
0.55,27949
0.55,29540
0.55,29570
0.55,28957
0.55,29857
0.55,29849
0.55,29111
0.55,29190
0.55,29487
0.55,29313
0.55,29304
0.55,30364
0.55,30836
0.55,30908
0.55,29735
0.55,29696
0.55,29901
0.55,29663
0.55,29059
0.55,29047
0.55,29914
0.55,30001
0.55,30007
0.55,30572
0.55,30886
0.55,31779
0.55,31468
0.55,30832
0.55,30363
0.55,30158
0.55,30276
0.55,30373
0.55,29686
0.55,29544
0.55,29431
0.55,29828
0.55,28897
0.55,28883
0.55,29027
0.55,28730
0.55,28957
0.55,28452
0.55,28370
0.55,28339
0.55,28933
0.55,30023
0.55,30007
0.55,29947
0.55,29846
0.55,30280
0.55,29563
0.55,29420
0.55,28968
0.55,28969
0.55,29136
0.55,28483
0.56,28150
0.56,28814
0.56,28581
0.56,28666
0.56,28756
0.56,29613
0.56,29451
0.56,29626
0.56,28775
0.56,30338
0.56,30449
0.56,30674
0.56,30385
0.56,30443
0.56,30813
0.56,30574
0.56,30631
0.56,30393
0.56,30430
0.56,30652
0.56,30621
0.56,30318
0.56,30432
0.56,30531
0.56,30564
0.56,30859
0.56,30705
0.56,30673
0.56,30613
0.56,30828
0.56,31372
0.56,31614
0.56,30863
0.56,31102
0.56,31362
0.56,31422
0.56,31561
0.56,31957
0.56,32000
0.56,31986
0.56,31455
0.56,31294
0.56,31300
0.56,30275
0.56,30547
0.56,30494
0.56,29608
0.56,30359
0.56,31765
0.56,31001
0.56,30790
0.56,30615
0.56,31202
0.56,31027
0.56,30197
0.56,29233
0.56,28139
0.56,28692
0.56,28586
0.56,28059
0.56,28164
0.56,28349
0.56,28507
0.56,28986
0.56,28561
0.56,28508
0.57,28371
0.57,29289
0.57,30213
0.57,29955
0.57,28574
0.57,26438
0.57,26426
0.57,26434
0.57,26162
0.57,26145
0.57,26397
0.57,26709
0.57,26752
0.57,26998
0.57,26994
0.57,25742
0.57,25954
0.57,26494
0.57,26663
0.57,26825
0.57,26763
0.57,26223
0.57,25690
0.57,26884
0.57,27818
0.57,27803
0.57,27508
0.57,26796
0.57,26914
0.57,26947
0.57,26927
0.57,26910
0.57,27033
0.57,26797
0.57,27085
0.57,27113
0.57,27800
0.57,28929
0.57,28780
0.57,28767
0.57,29077
0.57,28925
0.57,27878
0.57,27863
0.57,27422
0.57,28283
0.57,27902
0.57,27884
0.57,28045
0.57,28828
0.57,29078
0.57,28377
0.57,27919
0.57,27843
0.57,27383
0.57,27802
0.57,27666
0.57,28946
0.57,28822
0.57,28128
0.57,27775
0.57,27628
0.57,27366
0.57,25307
0.58,25612
0.58,26048
0.58,26785
0.58,27122
0.58,27740
0.58,28132
0.58,27905
0.58,28079
0.58,27306
0.58,27069
0.58,27095
0.58,27413
0.58,27946
0.58,27882
0.58,28153
0.58,27169
0.58,26733
0.58,26977
0.58,26915
0.58,26214
0.58,26206
0.58,26862
0.58,27950
0.58,27621
0.58,27478
0.58,27101
0.58,27254
0.58,28327
0.58,28447
0.58,27689
0.58,27486
0.58,28643
0.58,28551
0.58,27797
0.58,26846
0.58,26616
0.58,27318
0.58,27944
0.58,28320
0.58,29486
0.58,29402
0.58,29045
0.58,29618
0.58,28217
0.58,28630
0.58,29493
0.58,29547
0.58,29445
0.58,29636
0.58,25916
0.58,25693
0.58,25594
0.58,26672
0.58,26575
0.58,26188
0.58,26312
0.58,28341
0.58,27763
0.58,27975
0.58,28048
0.58,27838
0.58,28017
0.59,28308
0.59,28145
0.59,28606
0.59,30034
0.59,30105
0.59,30644
0.59,30301
0.59,29983
0.59,29986
0.59,30074
0.59,30319
0.59,30815
0.59,30387
0.59,30450
0.59,30516
0.59,32134
0.59,29213
0.59,30127
0.59,30077
0.59,29745
0.59,29920
0.59,30874
0.59,30649
0.59,30646
0.59,31429
0.59,31530
0.59,31519
0.59,31623
0.59,31257
0.59,31528
0.59,31464
0.59,31807
0.59,32877
0.59,32526
0.59,32613
0.59,32760
0.59,32374
0.59,32650
0.59,32215
0.59,31810
0.59,31704
0.59,31737
0.59,31771
0.59,31664
0.59,31363
0.59,31135
0.59,30516
0.59,30234
0.59,30167
0.59,30155
0.59,29897
0.59,29777
0.59,29893
0.59,30418
0.59,30430
0.59,30262
0.59,30250
0.59,29883
0.59,30487
0.59,30138
0.59,30541
0.59,30417
0.59,29920
0.59,30920
0.59,30912
0.60,31222
0.60,31068
0.60,30816
0.60,28741
0.60,28858
0.60,28375
0.60,28341
0.60,28860
0.60,29236
0.60,29054
0.60,29801
0.60,28519
0.60,28830
0.60,28545
0.60,28332
0.60,29311
0.60,29093
0.60,28783
0.60,29522
0.60,30034
0.60,30145
0.60,30033
0.60,30198
0.60,29840
0.60,29810
0.60,30349
0.60,30215
0.60,30317
0.60,29250
0.60,29472
0.60,30393
0.60,30264
0.60,30336
0.60,30794
0.60,30565
0.60,30311
0.60,30468
0.60,30099
0.60,30258
0.60,31386
0.60,31513
0.60,30670
0.60,30408
0.60,30679
0.60,30661
0.60,30897
0.60,30584
0.60,29913
0.60,30615
0.60,30501
0.60,30565
0.60,30162
0.60,30247
0.60,30529
0.60,29986
0.60,30129
0.60,30130
0.60,30051
0.60,29876
0.60,29745
0.60,29424
0.60,29481
0.60,29149
0.60,29436
0.60,29220
0.60,29509
0.61,29495
0.61,29361
0.61,28723
0.61,28433
0.61,27903
0.61,27805
0.61,28132
0.61,28084
0.61,28132
0.61,27680
0.61,27732
0.61,27749
0.61,27370
0.61,27264
0.61,27485
0.61,27687
0.61,27571
0.61,27510
0.61,27489
0.61,27322
0.61,26477
0.61,26521
0.61,26186
0.61,25926
0.61,25987
0.61,25313
0.61,25165
0.61,25252
0.61,25740
0.61,25208
0.61,25511
0.61,25730
0.61,25742
0.61,25716
0.61,26671
0.61,27178
0.61,27166
0.61,27144
0.61,27258
0.61,26899
0.61,27018
0.61,27016
0.61,28087
0.61,28169
0.61,27179
0.61,27267
0.61,27179
0.61,27602
0.61,27528
0.61,27659
0.61,27816
0.61,27861
0.61,27775
0.61,27503
0.61,27247
0.61,28369
0.61,28211
0.61,28206
0.61,28213
0.61,28578
0.61,28561
0.61,28218
0.62,27855
0.62,29339
0.62,29557
0.62,29361
0.62,29545
0.62,29361
0.62,29593
0.62,29656
0.62,30000
0.62,30798
0.62,30433
0.62,30500
0.62,30407
0.62,30124
0.62,30795
0.62,30943
0.62,29993
0.62,28806
0.62,28567
0.62,28763
0.62,28684
0.62,28319
0.62,28324
0.62,29871
0.62,30124
0.62,30916
0.62,30708
0.62,30895
0.62,31524
0.62,30810
0.62,31010
0.62,30166
0.62,29145
0.62,28672
0.62,28026
0.62,27811
0.62,28065
0.62,27106
0.62,27666
0.62,28256
0.62,28255
0.62,28370
0.62,28828
0.62,28974
0.62,28219
0.62,27274
0.62,27066
0.62,29298
0.62,29508
0.62,29600
0.62,29384
0.62,29412
0.62,29622
0.62,29646
0.62,30234
0.62,30370
0.62,30516
0.62,28807
0.62,28703
0.62,28696
0.62,29065
0.62,29049
0.62,28281
0.62,27856
0.63,27756
0.63,27502
0.63,27484
0.63,27969
0.63,27598
0.63,27598
0.63,28235
0.63,28925
0.63,29746
0.63,30250
0.63,30364
0.63,30782
0.63,31452
0.63,31413
0.63,30923
0.63,30591
0.63,29696
0.63,30006
0.63,29949
0.63,29466
0.63,28919
0.63,28619
0.63,29562
0.63,29864
0.63,29494
0.63,30481
0.63,30777
0.63,30699
0.63,30703
0.63,31336
0.63,31698
0.63,31635
0.63,31604
0.63,31778
0.63,32043
0.63,32320
0.63,31847
0.63,32721
0.63,29376
0.63,29156
0.63,28609
0.63,27478
0.63,27653
0.63,27699
0.63,27112
0.63,26855
0.63,27697
0.63,28056
0.63,27995
0.63,28714
0.63,28531
0.63,28269
0.63,28331
0.63,28223
0.63,28826
0.63,28629
0.63,29001
0.63,29219
0.63,29277
0.63,29256
0.63,29989
0.63,30438
0.63,30161
0.63,30663
0.64,30598
0.64,30022
0.64,29551
0.64,29143
0.64,28966
0.64,28768
0.64,28960
0.64,28954
0.64,28800
0.64,28846
0.64,29411
0.64,28932
0.64,28061
0.64,28540
0.64,29134
0.64,30126
0.64,30997
0.64,29751
0.64,29728
0.64,29884
0.64,29153
0.64,29740
0.64,29462
0.64,29796
0.64,31038
0.64,30219
0.64,29701
0.64,29202
0.64,29201
0.64,29052
0.64,29011
0.64,29728
0.64,29462
0.64,29627
0.64,30033
0.64,29710
0.64,29898
0.64,30398
0.64,30276
0.64,30952
0.64,30668
0.64,31261
0.64,31325
0.64,31604
0.64,31276
0.64,30714
0.64,30724
0.64,28989
0.64,29037
0.64,29580
0.64,28535
0.64,30537
0.64,30646
0.64,30289
0.64,30133
0.64,30059
0.64,30099
0.64,29482
0.64,29635
0.64,30608
0.64,30667
0.64,30245
0.64,31422
0.64,31693
0.65,31685
0.65,31490
0.65,31430
0.65,31045
0.65,31377
0.65,31351
0.65,31576
0.65,31181
0.65,31241
0.65,30975
0.65,31134
0.65,31093
0.65,31711
0.65,30761
0.65,30791
0.65,30745
0.65,30855
0.65,30873
0.65,31881
0.65,31772
0.65,31715
0.65,31100
0.65,31053
0.65,31458
0.65,30971
0.65,30031
0.65,29226
0.65,29346
0.65,29470
0.65,29243
0.65,28748
0.65,29071
0.65,29671
0.65,30251
0.65,29853
0.65,29882
0.65,30014
0.65,29964
0.65,29979
0.65,29502
0.65,30118
0.65,30129
0.65,30260
0.65,30068
0.65,29710
0.65,29393
0.65,28871
0.65,28352
0.65,28421
0.65,29050
0.65,28881
0.65,30002
0.65,30385
0.65,30553
0.65,31073
0.65,31613
0.65,31553
0.65,33083
0.65,33210
0.65,33914
0.65,33838
0.65,33452
0.65,33393
0.65,33655
0.65,32868
0.65,32965
0.65,32437
0.66,32260
0.66,32192
0.66,32073
0.66,32408
0.66,32326
0.66,32059
0.66,31998
0.66,31464
0.66,31565
0.66,30787
0.66,30642
0.66,30557
0.66,30692
0.66,30827
0.66,30824
0.66,30315
0.66,30906
0.66,30877
0.66,30559
0.66,30624
0.66,30572
0.66,30553
0.66,30385
0.66,29658
0.66,29196
0.66,29213
0.66,29220
0.66,28383
0.66,28385
0.66,27672
0.66,27434
0.66,28411
0.66,28344
0.66,28019
0.66,27972
0.66,27621
0.66,28804
0.66,28935
0.66,28832
0.66,29045
0.66,29133
0.66,28605
0.66,28619
0.66,28590
0.66,28925
0.66,29824
0.66,30434
0.66,29853
0.66,29423
0.66,28489
0.66,27396
0.66,27189
0.66,27113
0.66,26814
0.66,26775
0.66,27128
0.66,27776
0.66,27815
0.66,29185
0.66,29723
0.66,29468
0.66,29231
0.66,29763
0.66,29903
0.66,30155
0.67,29944
0.67,30071
0.67,30139
0.67,29501
0.67,29956
0.67,29896
0.67,28851
0.67,28391
0.67,28807
0.67,28887
0.67,29281
0.67,29242
0.67,29502
0.67,29777
0.67,29934
0.67,30248
0.67,30212
0.67,30055
0.67,29624
0.67,29144
0.67,29461
0.67,29002
0.67,29052
0.67,29328
0.67,29014
0.67,28809
0.67,28798
0.67,28805
0.67,29565
0.67,29542
0.67,29019
0.67,28939
0.67,29033
0.67,28601
0.67,28394
0.67,28179
0.67,28582
0.67,28791
0.67,28622
0.67,28276
0.67,28771
0.67,28366
0.67,27802
0.67,27826
0.67,26894
0.67,26941
0.67,27491
0.67,27627
0.67,29024
0.67,28677
0.67,27845
0.67,26648
0.67,26611
0.67,26992
0.67,28648
0.67,28726
0.67,28734
0.67,28447
0.67,28537
0.67,28529
0.67,28578
0.67,28362
0.68,28670
0.68,28907
0.68,29283
0.68,29661
0.68,29679
0.68,29223
0.68,28277
0.68,28033
0.68,28280
0.68,28301
0.68,28487
0.68,29286
0.68,28623
0.68,28107
0.68,28296
0.68,28229
0.68,27200
0.68,27416
0.68,27539
0.68,27315
0.68,27767
0.68,27596
0.68,28727
0.68,28400
0.68,28376
0.68,28380
0.68,28343
0.68,28189
0.68,28737
0.68,28904
0.68,28210
0.68,28358
0.68,29822
0.68,28583
0.68,28365
0.68,28362
0.68,28385
0.68,28504
0.68,28407
0.68,29116
0.68,29342
0.68,29248
0.68,28770
0.68,28790
0.68,28677
0.68,28591
0.68,28263
0.68,28274
0.68,28438
0.68,28347
0.68,27873
0.68,28421
0.68,29208
0.68,29695
0.68,29805
0.68,29197
0.68,28707
0.68,28300
0.68,29113
0.68,29185
0.69,29625
0.69,29430
0.69,29329
0.69,28535
0.69,28742
0.69,28879
0.69,28902
0.69,28920
0.69,29066
0.69,28378
0.69,28161
0.69,29339
0.69,27944
0.69,27971
0.69,28232
0.69,28691
0.69,27966
0.69,28223
0.69,28314
0.69,28388
0.69,27647
0.69,27250
0.69,27194
0.69,27804
0.69,27512
0.69,26584
0.69,26659
0.69,26338
0.69,25405
0.69,25675
0.69,26194
0.69,28190
0.69,28401
0.69,28410
0.69,27712
0.69,28064
0.69,29538
0.69,28851
0.69,28698
0.69,29035
0.69,28907
0.69,29160
0.69,29171
0.69,29058
0.69,29422
0.69,30122
0.69,30257
0.69,30528
0.69,30169
0.69,30197
0.69,30618
0.69,30098
0.69,30127
0.69,29917
0.69,29648
0.69,29610
0.69,29384
0.69,29818
0.69,29713
0.69,30197
0.69,29367
0.69,29203
0.69,29095
0.69,29572
0.69,30719
0.69,30020
0.69,29949
0.69,29911
0.70,29889
0.70,29989
0.70,30156
0.70,30135
0.70,29891
0.70,29996
0.70,29999
0.70,29774
0.70,29811
0.70,29849
0.70,29506
0.70,28925
0.70,28884
0.70,28864
0.70,29687
0.70,29885
0.70,29678
0.70,28300
0.70,28141
0.70,27920
0.70,27601
0.70,27412
0.70,27239
0.70,27181
0.70,27531
0.70,28587
0.70,28756
0.70,29855
0.70,30040
0.70,28981
0.70,28624
0.70,28439
0.70,29259
0.70,27904
0.70,28070
0.70,27709
0.70,27318
0.70,27124
0.70,27623
0.70,27271
0.70,27549
0.70,27783
0.70,28324
0.70,28161
0.70,28531
0.70,28623
0.70,28478
0.70,28912
0.70,28004
0.70,27786
0.70,27885
0.70,27981
0.70,27333
0.70,26866
0.70,26835
0.70,27294
0.70,27028
0.70,28319
0.71,27625
0.71,27517
0.71,27909
0.71,26454
0.71,27011
0.71,27515
0.71,27350
0.71,27332
0.71,27380
0.71,27646
0.71,28770
0.71,28074
0.71,28381
0.71,28367
0.71,28285
0.71,27892
0.71,28360
0.71,28174
0.71,28320
0.71,28378
0.71,28227
0.71,28099
0.71,27987
0.71,26837
0.71,26831
0.71,27280
0.71,27499
0.71,27503
0.71,27584
0.71,27629
0.71,27895
0.71,26687
0.71,26537
0.71,26828
0.71,26909
0.71,26694
0.71,26987
0.71,27198
0.71,27510
0.71,26390
0.71,26382
0.71,26674
0.71,26263
0.71,25993
0.71,25876
0.71,25752
0.71,25265
0.71,25402
0.71,25437
0.71,25715
0.71,25676
0.71,25533
0.71,25389
0.71,24759
0.71,24699
0.71,24319
0.71,25096
0.71,25113
0.71,24778
0.71,24528
0.71,24562
0.71,24814
0.71,24681
0.71,25241
0.71,24998
0.72,25029
0.72,24831
0.72,26695
0.72,26894
0.72,27819
0.72,28500
0.72,27996
0.72,28632
0.72,27944
0.72,28664
0.72,28767
0.72,28477
0.72,28482
0.72,29052
0.72,29691
0.72,30587
0.72,31199
0.72,30864
0.72,30785
0.72,31206
0.72,30741
0.72,30696
0.72,30167
0.72,29857
0.72,28867
0.72,27831
0.72,28523
0.72,29273
0.72,29208
0.72,29223
0.72,29707
0.72,29371
0.72,29926
0.72,29262
0.72,28320
0.72,27874
0.72,27834
0.72,28392
0.72,29044
0.72,30433
0.72,30942
0.72,30666
0.72,31098
0.72,31705
0.72,31358
0.72,31091
0.72,30320
0.72,29770
0.72,30009
0.72,30133
0.72,30362
0.72,30593
0.72,30663
0.72,30236
0.72,29398
0.72,29182
0.72,29576
0.72,28407
0.72,28155
0.72,29004
0.72,28708
0.72,28677
0.72,28620
0.73,27694
0.73,28097
0.73,28278
0.73,29149
0.73,28532
0.73,29842
0.73,29308
0.73,28441
0.73,28580
0.73,28533
0.73,28666
0.73,28568
0.73,28550
0.73,28802
0.73,28522
0.73,28203
0.73,27895
0.73,27247
0.73,27511
0.73,26873
0.73,26854
0.73,26810
0.73,26993
0.73,26724
0.73,27366
0.73,27170
0.73,26501
0.73,25789
0.73,26233
0.73,26029
0.73,26441
0.73,26067
0.73,26164
0.73,25779
0.73,25852
0.73,25591
0.73,25786
0.73,27294
0.73,27295
0.73,27351
0.73,26711
0.73,27779
0.73,27263
0.73,28050
0.73,28161
0.73,27933
0.73,27617
0.73,27531
0.73,27654
0.74,27761
0.74,28544
0.74,28936
0.74,28942
0.74,29045
0.74,28985
0.74,28842
0.74,29037
0.74,28964
0.74,29026
0.74,28685
0.74,29531
0.74,30661
0.74,29746
0.74,31024
0.74,31792
0.74,31849
0.74,31137
0.74,31134
0.74,31479
0.74,31681
0.74,32224
0.74,32368
0.74,32441
0.74,33009
0.74,32518
0.74,31635
0.74,31510
0.74,30556
0.74,30771
0.74,31103
0.74,32042
0.74,31763
0.74,31638
0.74,31562
0.74,30515
0.74,30104
0.74,29992
0.74,30366
0.74,31109
0.74,30869
0.74,30732
0.74,30059
0.74,29108
0.74,28767
0.74,28588
0.74,28947
0.74,29001
0.74,29157
0.74,29943
0.74,29846
0.74,30312
0.74,29862
0.74,30276
0.74,30460
0.74,30716
0.74,30254
0.74,30283
0.74,30418
0.74,30912
0.75,31664
0.75,31036
0.75,30988
0.75,30961
0.75,30024
0.75,29492
0.75,29660
0.75,29025
0.75,28593
0.75,28697
0.75,28286
0.75,28456
0.75,28267
0.75,28235
0.75,28188
0.75,28042
0.75,27571
0.75,26915
0.75,26998
0.75,27564
0.75,28816
0.75,28655
0.75,28987
0.75,28760
0.75,29252
0.75,29424
0.75,30878
0.75,30946
0.75,30034
0.75,29217
0.75,29542
0.75,29370
0.75,29275
0.75,29036
0.75,29216
0.75,29262
0.75,29117
0.75,28987
0.75,29247
0.75,26757
0.75,27649
0.75,27194
0.75,27592
0.75,27668
0.75,27570
0.75,28076
0.75,28490
0.75,27794
0.75,27682
0.75,27667
0.75,27904
0.75,27993
0.75,28351
0.75,28241
0.75,28804
0.75,28732
0.75,28873
0.75,28888
0.75,28047
0.75,28075
0.75,28172
0.75,27827
0.76,27547
0.76,27526
0.76,27467
0.76,27646
0.76,26834
0.76,26740
0.76,28305
0.76,28677
0.76,28103
0.76,28094
0.76,27814
0.76,27599
0.76,28345
0.76,28056
0.76,28155
0.76,28208
0.76,28292
0.76,28269
0.76,28647
0.76,29008
0.76,29395
0.76,29090
0.76,29100
0.76,29208
0.76,28947
0.76,29024
0.76,30248
0.76,30194
0.76,29782
0.76,29672
0.76,29636
0.76,29021
0.76,29421
0.76,28834
0.76,28821
0.76,29823
0.76,29277
0.76,29125
0.76,28743
0.76,29633
0.76,30066
0.76,30259
0.76,29900
0.76,30323
0.76,30203
0.76,29540
0.76,29713
0.76,29740
0.76,29580
0.76,28293
0.76,28557
0.76,28852
0.76,28643
0.76,29319
0.76,29121
0.76,29204
0.76,29048
0.76,28963
0.76,28793
0.76,28380
0.76,28505
0.77,28293
0.77,28399
0.77,26711
0.77,27046
0.77,27242
0.77,27793
0.77,27752
0.77,27890
0.77,27691
0.77,27755
0.77,28103
0.77,28484
0.77,28279
0.77,28314
0.77,28686
0.77,28571
0.77,28931
0.77,29089
0.77,28515
0.77,28697
0.77,28677
0.77,29889
0.77,29318
0.77,28487
0.77,29084
0.77,29512
0.77,30111
0.77,29774
0.77,29925
0.77,29819
0.77,29353
0.77,29420
0.77,29331
0.77,28976
0.77,28789
0.77,28793
0.77,28773
0.77,29006
0.77,28493
0.77,28727
0.77,29753
0.77,29639
0.77,29550
0.77,29473
0.77,29289
0.77,29054
0.77,28718
0.77,28644
0.77,29299
0.77,29714
0.77,29430
0.77,29783
0.77,30087
0.77,30630
0.77,30689
0.77,31072
0.77,31193
0.77,31280
0.77,31064
0.77,31042
0.77,30054
0.78,30382
0.78,31006
0.78,31040
0.78,30615
0.78,30562
0.78,30462
0.78,30547
0.78,30429
0.78,30289
0.78,30210
0.78,30428
0.78,30403
0.78,30570
0.78,30539
0.78,30099
0.78,29908
0.78,29806
0.78,29014
0.78,30086
0.78,30127
0.78,30215
0.78,29338
0.78,30323
0.78,29626
0.78,28677
0.78,28669
0.78,29586
0.78,29949
0.78,29006
0.78,29072
0.78,28720
0.78,28526
0.78,28946
0.78,29108
0.78,28165
0.78,27940
0.78,27246
0.78,27004
0.78,25724
0.78,25282
0.78,25181
0.78,25020
0.78,24344
0.78,24144
0.78,25385
0.78,25011
0.78,25253
0.78,25255
0.78,24961
0.78,24905
0.78,24907
0.78,25505
0.78,25867
0.78,26433
0.78,26504
0.78,27547
0.78,27335
0.79,27336
0.79,27366
0.79,27990
0.79,27654
0.79,27323
0.79,26602
0.79,26314
0.79,27020
0.79,26193
0.79,26546
0.79,26561
0.79,26389
0.79,26405
0.79,26323
0.79,26214
0.79,25965
0.79,25981
0.79,26042
0.79,25986
0.79,26460
0.79,28527
0.79,27652
0.79,28164
0.79,28231
0.79,28148
0.79,27925
0.79,27717
0.79,28199
0.79,28422
0.79,28459
0.79,29050
0.79,29062
0.79,29212
0.79,29174
0.79,29042
0.79,28847
0.79,28848
0.79,29460
0.79,28960
0.79,29080
0.79,29110
0.79,28352
0.79,27950
0.79,28445
0.79,28755
0.79,28554
0.79,29038
0.79,28519
0.79,27832
0.79,28899
0.79,28783
0.79,27988
0.79,28916
0.79,29310
0.79,28746
0.79,29283
0.79,29509
0.79,29411
0.79,29132
0.80,29266
0.80,29055
0.80,28401
0.80,28928
0.80,30468
0.80,30482
0.80,30158
0.80,29706
0.80,29360
0.80,30104
0.80,30016
0.80,29785
0.80,30057
0.80,29935
0.80,28532
0.80,28507
0.80,29033
0.80,31043
0.80,30851
0.80,30714
0.80,29820
0.80,28818
0.80,28735
0.80,28964
0.80,29332
0.80,29454
0.80,29542
0.80,29422
0.80,29332
0.80,29428
0.80,29191
0.80,30127
0.80,29524
0.80,28888
0.80,28843
0.80,28941
0.80,28929
0.80,28647
0.80,28691
0.80,28297
0.80,28791
0.80,28808
0.80,28796
0.80,29173
0.80,29167
0.80,29913
0.80,30540
0.80,29827
0.80,29960
0.80,29934
0.80,29800
0.80,30655
0.80,31016
0.80,31148
0.80,31266
0.80,30974
0.80,31025
0.81,30819
0.81,30206
0.81,30259
0.81,30167
0.81,30095
0.81,29995
0.81,29635
0.81,30495
0.81,30226
0.81,31151
0.81,31175
0.81,30495
0.81,30384
0.81,30683
0.81,30609
0.81,28535
0.81,28648
0.81,28679
0.81,29257
0.81,28739
0.81,28011
0.81,27772
0.81,28062
0.81,27364
0.81,27153
0.81,27216
0.81,27193
0.81,26024
0.81,26317
0.81,26819
0.81,26751
0.81,27032
0.81,27024
0.81,27710
0.81,27751
0.81,27693
0.81,27734
0.81,27780
0.81,26998
0.81,27486
0.81,27747
0.81,28161
0.81,27754
0.81,27681
0.81,27708
0.81,27697
0.81,27815
0.81,28500
0.81,27811
0.81,27554
0.81,28263
0.81,28008
0.81,28006
0.81,27577
0.81,27843
0.81,27877
0.81,28166
0.81,27948
0.82,28225
0.82,28018
0.82,27564
0.82,27384
0.82,27063
0.82,26442
0.82,26371
0.82,27233
0.82,27967
0.82,27785
0.82,27412
0.82,26572
0.82,26336
0.82,26212
0.82,26594
0.82,26667
0.82,28135
0.82,28413
0.82,29231
0.82,28953
0.82,28614
0.82,28693
0.82,27452
0.82,26795
0.82,26915
0.82,26941
0.82,26419
0.82,26375
0.82,26424
0.82,25904
0.82,26240
0.82,25904
0.82,25663
0.82,25766
0.82,25612
0.82,25806
0.82,25835
0.82,25415
0.82,25651
0.82,25633
0.82,25890
0.82,26228
0.82,26340
0.82,26932
0.82,27659
0.82,28331
0.82,28105
0.82,27729
0.82,28030
0.82,28324
0.82,29380
0.82,29043
0.82,29229
0.82,29086
0.82,27950
0.82,28000
0.82,28015
0.82,28006
0.82,26107
0.82,26402
0.83,26609
0.83,26228
0.83,28304
0.83,28507
0.83,28410
0.83,28493
0.83,28513
0.83,28351
0.83,28605
0.83,28125
0.83,29556
0.83,29343
0.83,28944
0.83,28909
0.83,30129
0.83,30178
0.83,29859
0.83,29893
0.83,28292
0.83,27792
0.83,28146
0.83,28467
0.83,29300
0.83,29427
0.83,29027
0.83,28687
0.83,28770
0.83,28802
0.83,29178
0.83,29135
0.83,29189
0.83,29492
0.83,28769
0.83,28656
0.83,29403
0.83,28970
0.83,28510
0.83,28338
0.83,28847
0.83,28335
0.83,28933
0.83,28850
0.83,29511
0.83,29102
0.83,28922
0.83,27944
0.83,27726
0.83,27791
0.83,27690
0.83,25582
0.83,25550
0.83,25139
0.83,25958
0.83,26183
0.83,25958
0.83,27808
0.83,27983
0.83,28185
0.83,28199
0.83,27657
0.84,26325
0.84,26554
0.84,28684
0.84,28900
0.84,28489
0.84,28706
0.84,29614
0.84,29745
0.84,30266
0.84,30452
0.84,29949
0.84,29848
0.84,29755
0.84,29926
0.84,29304
0.84,29783
0.84,29797
0.84,28926
0.84,28914
0.84,28946
0.84,28829
0.84,29580
0.84,29147
0.84,29578
0.84,29661
0.84,29120
0.84,29229
0.84,28970
0.84,29571
0.84,29320
0.84,29580
0.84,29577
0.84,29284
0.84,28239
0.84,28546
0.84,27966
0.84,27962
0.84,27880
0.84,28145
0.84,28251
0.84,28837
0.84,28297
0.84,28221
0.84,28599
0.84,28669
0.84,28697
0.84,28911
0.84,28170
0.84,28244
0.84,27759
0.84,27482
0.84,27835
0.84,27765
0.84,27461
0.85,27971
0.85,28093
0.85,29374
0.85,29331
0.85,29368
0.85,29413
0.85,29137
0.85,28084
0.85,28103
0.85,28186
0.85,27957
0.85,27937
0.85,28844
0.85,28935
0.85,28941
0.85,28875
0.85,28300
0.85,28405
0.85,27750
0.85,27102
0.85,27262
0.85,26962
0.85,27570
0.85,27631
0.85,29593
0.85,30459
0.85,30469
0.85,31071
0.85,29675
0.85,28784
0.85,28759
0.85,28777
0.85,28654
0.85,29053
0.85,28757
0.85,27579
0.85,28014
0.85,27951
0.85,28022
0.85,28091
0.85,28135
0.85,27888
0.85,27782
0.85,27772
0.85,26172
0.85,26746
0.85,26585
0.85,26351
0.85,26217
0.85,26383
0.85,27416
0.85,26376
0.85,26963
0.85,26376
0.85,26556
0.85,26220
0.85,26185
0.86,27636
0.86,27676
0.86,27878
0.86,27979
0.86,27713
0.86,28535
0.86,28859
0.86,28844
0.86,28765
0.86,28684
0.86,28660
0.86,28866
0.86,28643
0.86,28018
0.86,27300
0.86,26256
0.86,27151
0.86,27117
0.86,25976
0.86,25618
0.86,25761
0.86,25778
0.86,25592
0.86,25763
0.86,26317
0.86,26853
0.86,27060
0.86,26171
0.86,25620
0.86,26042
0.86,25767
0.86,25622
0.86,25582
0.86,25815
0.86,25988
0.86,26479
0.86,25926
0.86,27618
0.86,27580
0.86,27788
0.86,27461
0.86,27427
0.86,27275
0.86,26529
0.86,26407
0.86,26496
0.86,25998
0.86,26105
0.86,26707
0.86,25954
0.86,26311
0.86,26713
0.86,26374
0.87,26816
0.87,26897
0.87,26963
0.87,26954
0.87,26270
0.87,26811
0.87,27377
0.87,27180
0.87,27188
0.87,26914
0.87,27540
0.87,27615
0.87,27509
0.87,27826
0.87,27327
0.87,27522
0.87,27818
0.87,26815
0.87,26480
0.87,25780
0.87,25730
0.87,25918
0.87,25391
0.87,25771
0.87,25786
0.87,25870
0.87,26733
0.87,26599
0.87,26787
0.87,26280
0.87,26108
0.87,26461
0.87,26860
0.87,26307
0.87,26291
0.87,26532
0.87,26458
0.87,26718
0.87,26604
0.87,26407
0.87,26413
0.87,26579
0.87,26266
0.87,26296
0.87,26112
0.87,26109
0.87,25679
0.87,25877
0.87,26129
0.87,26451
0.87,27084
0.87,26468
0.87,27050
0.87,26739
0.87,26723
0.87,27192
0.87,26546
0.88,27081
0.88,26931
0.88,27698
0.88,27789
0.88,27756
0.88,27266
0.88,27358
0.88,27615
0.88,26942
0.88,28046
0.88,27957
0.88,27885
0.88,27852
0.88,27263
0.88,27586
0.88,27415
0.88,27010
0.88,27193
0.88,27234
0.88,26808
0.88,26769
0.88,28064
0.88,28332
0.88,27960
0.88,29314
0.88,29057
0.88,28998
0.88,29355
0.88,29350
0.88,28197
0.88,29174
0.88,29250
0.88,29027
0.88,28009
0.88,28308
0.88,29720
0.88,29708
0.88,29996
0.88,28593
0.88,27940
0.88,27539
0.88,27701
0.88,28234
0.88,28889
0.88,29373
0.88,29291
0.88,29480
0.88,29468
0.88,28874
0.88,28980
0.88,28843
0.88,28925
0.88,28367
0.88,28468
0.88,29572
0.88,30012
0.88,30165
0.88,30112
0.89,28997
0.89,29315
0.89,28622
0.89,28915
0.89,28637
0.89,28656
0.89,28720
0.89,28614
0.89,29065
0.89,28877
0.89,29538
0.89,29661
0.89,29512
0.89,29175
0.89,29434
0.89,29364
0.89,29368
0.89,29496
0.89,29108
0.89,28728
0.89,28405
0.89,28249
0.89,26443
0.89,26187
0.89,27338
0.89,27428
0.89,27629
0.89,27631
0.89,27473
0.89,27014
0.89,27068
0.89,27104
0.89,26306
0.89,25684
0.89,25775
0.89,25763
0.89,26886
0.89,27390
0.89,28652
0.89,29113
0.89,29255
0.89,29076
0.89,28898
0.89,28981
0.89,28874
0.89,29045
0.90,28745
0.90,29002
0.90,28933
0.90,28773
0.90,28425
0.90,28689
0.90,28808
0.90,28305
0.90,27948
0.90,28333
0.90,27142
0.90,27847
0.90,27985
0.90,27584
0.90,28079
0.90,27940
0.90,28128
0.90,27400
0.90,26316
0.90,26268
0.90,26413
0.90,26477
0.90,26244
0.90,26420
0.90,26559
0.90,26515
0.90,27206
0.90,27197
0.90,27416
0.90,27259
0.90,27656
0.90,27732
0.90,27933
0.90,27958
0.90,27160
0.90,27512
0.90,27322
0.90,27492
0.90,27269
0.90,28103
0.90,28021
0.90,27170
0.90,27275
0.90,27503
0.90,28495
0.90,28926
0.90,28736
0.90,28356
0.90,27729
0.90,27588
0.90,27650
0.90,27798
0.90,27783
0.90,27914
0.90,28270
0.90,28139
0.91,28497
0.91,29155
0.91,29289
0.91,28414
0.91,27976
0.91,27728
0.91,27558
0.91,27570
0.91,27390
0.91,27025
0.91,26989
0.91,26043
0.91,26109
0.91,25362
0.91,25398
0.91,25399
0.91,25422
0.91,25660
0.91,25891
0.91,25860
0.91,25699
0.91,25827
0.91,26535
0.91,26402
0.91,26587
0.91,26423
0.91,26617
0.91,26392
0.91,26630
0.91,26379
0.91,26799
0.91,27168
0.91,27161
0.91,26873
0.91,26900
0.91,26942
0.91,26892
0.91,26454
0.91,26971
0.91,27075
0.91,26833
0.91,27928
0.91,28342
0.91,27586
0.91,27440
0.91,27548
0.91,26372
0.91,26424
0.91,27148
0.91,27564
0.91,27408
0.91,27729
0.91,27804
0.91,27401
0.91,27568
0.91,27215
0.91,26695
0.91,26770
0.92,26658
0.92,27172
0.92,27443
0.92,27085
0.92,27607
0.92,27545
0.92,27631
0.92,26895
0.92,26600
0.92,26279
0.92,25472
0.92,25331
0.92,25458
0.92,25672
0.92,26566
0.92,25802
0.92,26802
0.92,26799
0.92,25540
0.92,25305
0.92,25021
0.92,24995
0.92,25416
0.92,24978
0.92,24961
0.92,24551
0.92,24356
0.92,25365
0.92,25200
0.92,24367
0.92,24772
0.92,24720
0.92,24752
0.92,24840
0.92,24685
0.92,27192
0.92,27975
0.92,28253
0.92,27847
0.92,28072
0.92,27815
0.93,28626
0.93,28410
0.93,28387
0.93,28431
0.93,28178
0.93,28036
0.93,27624
0.93,28154
0.93,28411
0.93,29124
0.93,28701
0.93,28136
0.93,27827
0.93,27713
0.93,27691
0.93,27945
0.93,28018
0.93,27409
0.93,27653
0.93,28210
0.93,28190
0.93,28167
0.93,28942
0.93,28809
0.93,28921
0.93,28620
0.93,28267
0.93,28240
0.93,28062
0.93,27772
0.93,26987
0.93,27077
0.93,27552
0.93,26010
0.93,26616
0.93,26907
0.93,26932
0.93,26760
0.93,27925
0.93,28397
0.93,29103
0.93,29089
0.93,29030
0.93,29171
0.93,29755
0.93,29354
0.93,29883
0.93,30115
0.93,29825
0.94,30009
0.94,29104
0.94,28764
0.94,27965
0.94,28580
0.94,28536
0.94,28538
0.94,28249
0.94,27605
0.94,27538
0.94,27402
0.94,27628
0.94,27476
0.94,27792
0.94,27835
0.94,28726
0.94,28693
0.94,27763
0.94,28091
0.94,27234
0.94,27304
0.94,27102
0.94,27134
0.94,27062
0.94,25815
0.94,24777
0.94,24579
0.94,24604
0.94,24798
0.94,25710
0.94,25404
0.94,25384
0.94,25654
0.94,26084
0.94,25653
0.94,25635
0.94,26165
0.94,26285
0.94,26284
0.94,26642
0.94,27471
0.94,27680
0.94,27598
0.94,27560
0.94,27168
0.94,27347
0.94,26091
0.94,25370
0.94,25992
0.94,25942
0.95,25827
0.95,25702
0.95,25387
0.95,25227
0.95,24987
0.95,24985
0.95,25000
0.95,24884
0.95,25201
0.95,25548
0.95,25920
0.95,25149
0.95,24684
0.95,24738
0.95,24652
0.95,24499
0.95,25648
0.95,25746
0.95,25524
0.95,25197
0.95,25174
0.95,25421
0.95,25511
0.95,25421
0.95,25559
0.95,24913
0.95,25167
0.95,25450
0.95,25565
0.95,24919
0.95,24538
0.95,24161
0.95,24093
0.95,24690
0.95,24627
0.95,25223
0.95,25881
0.95,25795
0.95,25878
0.95,26898
0.95,27069
0.95,26345
0.95,26532
0.95,26368
0.95,25937
0.95,25843
0.95,25624
0.95,25631
0.95,26120
0.95,25847
0.95,27282
0.95,26728
0.95,26896
0.95,26829
0.96,26829
0.96,26505
0.96,26460
0.96,25651
0.96,25587
0.96,25413
0.96,25267
0.96,25258
0.96,25787
0.96,25878
0.96,26564
0.96,26795
0.96,26746
0.96,25931
0.96,25932
0.96,25838
0.96,25379
0.96,26095
0.96,26438
0.96,25778
0.96,25647
0.96,25323
0.96,25311
0.96,25118
0.96,24774
0.96,25061
0.96,26148
0.96,25973
0.96,26306
0.96,26330
0.96,26339
0.96,26422
0.96,26651
0.96,26108
0.96,26128
0.96,26120
0.96,26313
0.96,26158
0.96,25559
0.96,25928
0.96,26032
0.96,26355
0.96,24820
0.96,24790
0.96,24028
0.96,24221
0.96,24241
0.96,24069
0.96,24047
0.96,23739
0.96,23668
0.97,23898
0.97,24059
0.97,24367
0.97,24375
0.97,24582
0.97,24587
0.97,24978
0.97,26082
0.97,25785
0.97,24920
0.97,24899
0.97,24786
0.97,26610
0.97,25340
0.97,25213
0.97,25200
0.97,24982
0.97,25573
0.97,25383
0.97,24639
0.97,24951
0.97,24948
0.97,24566
0.97,24840
0.97,24964
0.97,25127
0.97,26745
0.97,27065
0.97,27239
0.97,27684
0.97,27790
0.97,28169
0.97,28620
0.97,28548
0.97,28837
0.97,29124
0.97,28895
0.97,29035
0.97,28823
0.97,28764
0.97,28864
0.97,29833
0.97,30059
0.97,30067
0.97,30129
0.97,29689
0.97,29713
0.97,31101
0.97,30660
0.97,31224
0.97,30212
0.97,30140
0.98,29729
0.98,30184
0.98,30059
0.98,29874
0.98,29734
0.98,29960
0.98,29372
0.98,29176
0.98,28819
0.98,28920
0.98,28893
0.98,28870
0.98,28740
0.98,28267
0.98,28263
0.98,27329
0.98,27169
0.98,27710
0.98,27418
0.98,26988
0.98,27067
0.98,28950
0.98,27067
0.98,27073
0.98,26819
0.98,26302
0.98,26818
0.98,27022
0.98,26564
0.98,26170
0.98,25962
0.98,26161
0.98,26102
0.98,26870
0.98,25178
0.98,25075
0.98,26403
0.98,26959
0.98,26574
0.98,27017
0.98,26865
0.98,25719
0.98,26521
0.98,26372
0.98,26865
0.98,27184
0.98,26945
0.98,27105
0.98,26925
0.98,26764
0.98,26198
0.98,26390
0.98,26693
0.98,27369
0.98,27085
0.98,26926
0.98,26677
0.99,24690
0.99,24757
0.99,25022
0.99,25116
0.99,25118
0.99,25089
0.99,25329
0.99,25002
0.99,25087
0.99,25881
0.99,25982
0.99,26577
0.99,27301
0.99,27155
0.99,26980
0.99,27056
0.99,26727
0.99,28421
0.99,27910
0.99,28153
0.99,27223
0.99,27407
0.99,27347
0.99,27391
0.99,26662
0.99,26407
0.99,26471
0.99,26138
0.99,26440
0.99,27164
0.99,27139
0.99,27131
0.99,27385
0.99,27170
0.99,27404
0.99,27847
0.99,27564
0.99,27159
0.99,27342
0.99,27256
0.99,27422
0.99,27104
0.99,27118
0.99,27721
0.99,27625
0.99,28147
0.99,27544
0.99,27741
1.00,28627
1.00,29367
1.00,29558
1.00,29935
1.00,29715
1.00,28766
1.00,28618
1.00,28656
1.00,28220
1.00,27923
1.00,27889
1.00,29055
1.00,28625
1.00,28692
1.00,27727
1.00,27357
1.00,27479
1.00,28164
1.00,27950
1.00,27380
1.00,25471
1.00,25142
1.00,24690
1.00,24673
1.00,24763
1.00,24970
1.00,24422
1.00,24752
1.00,24395
1.00,23852
1.00,23797
1.00,23540
1.00,23745
1.00,23692
1.00,24001
1.00,23882
1.00,23183
1.00,23098
1.00,23112
1.00,23193
1.00,23295
1.00,23630
1.00,23744
1.00,23962
1.00,23217
1.00,22900
1.00,22614
1.00,23079
1.01,22808
1.01,22814
1.01,23625
1.01,24171
1.01,24163
1.01,24860
1.01,25031
1.01,24970
1.01,24840
1.01,24338
1.01,23747
1.01,24111
1.01,24736
1.01,24679
1.01,24295
1.01,25249
1.01,25115
1.01,25120
1.01,25283
1.01,25283
1.01,24901
1.01,25055
1.01,24798
1.01,26166
1.01,26363
1.01,26547
1.01,26433
1.01,26794
1.01,27054
1.01,28170
1.01,28287
1.01,27923
1.01,27900
1.01,27224
1.01,27332
1.01,26906
1.01,26547
1.01,26466
1.01,27182
1.01,27110
1.01,26713
1.01,27524
1.01,27492
1.01,27278
1.01,27349
1.01,27578
1.02,27271
1.02,26842
1.02,27123
1.02,27069
1.02,27786
1.02,27670
1.02,27176
1.02,27581
1.02,27288
1.02,26827
1.02,26654
1.02,26305
1.02,27102
1.02,27634
1.02,27759
1.02,27484
1.02,26898
1.02,27372
1.02,27635
1.02,27593
1.02,26530
1.02,26890
1.02,27172
1.02,27992
1.02,28236
1.02,27669
1.02,27698
1.02,27461
1.02,27550
1.02,27627
1.02,27876
1.02,27728
1.02,27789
1.02,28398
1.02,28429
1.02,28969
1.02,26787
1.02,26979
1.02,27571
1.02,25734
1.02,26549
1.02,26903
1.02,26858
1.02,26302
1.02,28205
1.02,26317
1.02,26873
1.02,26707
1.02,26636
1.02,26653
1.02,26676
1.03,26592
1.03,26753
1.03,26522
1.03,26542
1.03,26424
1.03,26500
1.03,27354
1.03,27139
1.03,27126
1.03,26985
1.03,26992
1.03,26735
1.03,26395
1.03,26984
1.03,27265
1.03,27125
1.03,26536
1.03,25987
1.03,25215
1.03,25565
1.03,25687
1.03,25681
1.03,25429
1.03,25746
1.03,25911
1.03,25994
1.03,25835
1.03,24650
1.03,24420
1.03,24562
1.03,25258
1.03,25263
1.03,25309
1.03,25202
1.03,24951
1.03,25041
1.03,25089
1.03,25258
1.03,24360
1.03,24256
1.03,24339
1.03,24158
1.03,24302
1.03,23962
1.04,24257
1.04,24126
1.04,24291
1.04,24524
1.04,24312
1.04,23987
1.04,23804
1.04,23871
1.04,23878
1.04,24222
1.04,24029
1.04,23961
1.04,24151
1.04,23764
1.04,24024
1.04,24143
1.04,23867
1.04,23921
1.04,23318
1.04,22777
1.04,22768
1.04,22321
1.04,21999
1.04,22453
1.04,22869
1.04,22799
1.04,22818
1.04,21929
1.04,22445
1.04,22257
1.04,22061
1.04,21970
1.04,22004
1.04,22201
1.04,22310
1.04,21814
1.04,21680
1.05,21841
1.05,21525
1.05,22388
1.05,22348
1.05,22160
1.05,22237
1.05,22288
1.05,22626
1.05,23543
1.05,23708
1.05,23731
1.05,23515
1.05,23636
1.05,23633
1.05,25317
1.05,24973
1.05,24990
1.05,24823
1.05,24138
1.05,23922
1.05,23698
1.05,23652
1.05,23471
1.05,23239
1.05,23161
1.05,23150
1.05,23304
1.05,23618
1.05,23499
1.05,24762
1.05,24752
1.05,24948
1.05,24561
1.05,24093
1.05,24139
1.05,24147
1.05,24059
1.05,24053
1.06,25133
1.06,25085
1.06,25325
1.06,25488
1.06,25529
1.06,25832
1.06,26345
1.06,26491
1.06,26790
1.06,26341
1.06,26469
1.06,26172
1.06,26242
1.06,26256
1.06,25140
1.06,25109
1.06,25005
1.06,24824
1.06,24500
1.06,24224
1.06,23990
1.06,23728
1.06,23223
1.06,23297
1.06,22987
1.06,22755
1.06,23456
1.06,23038
1.06,23608
1.06,23307
1.06,23666
1.06,23482
1.06,23540
1.06,23540
1.06,23747
1.06,23661
1.06,23008
1.06,22711
1.06,22954
1.07,22920
1.07,23360
1.07,23515
1.07,23796
1.07,23468
1.07,23211
1.07,24577
1.07,23346
1.07,24659
1.07,25075
1.07,25854
1.07,24469
1.07,25207
1.07,25074
1.07,24669
1.07,24765
1.07,24711
1.07,25507
1.07,25438
1.07,24205
1.07,24381
1.07,24618
1.07,24960
1.07,24242
1.07,24227
1.07,24322
1.07,24679
1.07,24569
1.07,24446
1.07,24201
1.07,24332
1.07,24525
1.07,24473
1.07,24155
1.07,24899
1.07,24519
1.07,24024
1.08,24116
1.08,23953
1.08,23977
1.08,24221
1.08,24690
1.08,25053
1.08,24047
1.08,24285
1.08,23950
1.08,23611
1.08,23692
1.08,23363
1.08,23431
1.08,23466
1.08,22825
1.08,22666
1.08,22486
1.08,22582
1.08,22914
1.08,23182
1.08,22786
1.08,22671
1.08,22330
1.08,22259
1.08,22488
1.08,22533
1.08,22978
1.08,22230
1.08,22211
1.08,22371
1.08,22627
1.08,23049
1.08,23449
1.08,24907
1.08,24315
1.08,24110
1.08,24398
1.08,24345
1.08,24374
1.08,24692
1.08,24569
1.08,24842
1.09,25006
1.09,25785
1.09,25622
1.09,27546
1.09,26896
1.09,27003
1.09,27272
1.09,27300
1.09,27347
1.09,27279
1.09,26468
1.09,26428
1.09,25877
1.09,26396
1.09,25458
1.09,25395
1.09,25046
1.09,24637
1.09,24569
1.09,24448
1.09,24624
1.09,24559
1.09,24828
1.09,23548
1.09,23526
1.09,23987
1.09,23958
1.09,23634
1.09,23218
1.09,23965
1.09,23985
1.09,24308
1.09,24289
1.09,24314
1.09,25060
1.09,24720
1.09,24956
1.09,24978
1.09,24945
1.10,24425
1.10,24475
1.10,24217
1.10,24644
1.10,24659
1.10,24413
1.10,24226
1.10,24280
1.10,24387
1.10,24447
1.10,24838
1.10,24679
1.10,25617
1.10,25351
1.10,25227
1.10,25178
1.10,25203
1.10,25223
1.10,25409
1.10,25438
1.10,25689
1.10,25760
1.10,26120
1.10,26216
1.10,26189
1.10,26243
1.10,26160
1.10,26260
1.10,26124
1.10,27837
1.10,27414
1.10,27333
1.10,27409
1.10,27998
1.10,28054
1.10,27998
1.10,27795
1.10,27317
1.10,27118
1.10,26991
1.10,27020
1.10,26292
1.10,27403
1.10,26897
1.11,27156
1.11,26228
1.11,26516
1.11,26465
1.11,26518
1.11,26350
1.11,26366
1.11,26035
1.11,25755
1.11,25838
1.11,25865
1.11,26188
1.11,26516
1.11,26668
1.11,26404
1.11,26241
1.11,26239
1.11,26015
1.11,26280
1.11,26548
1.11,26280
1.11,26125
1.11,25962
1.11,25732
1.11,25634
1.11,25166
1.11,25119
1.11,25291
1.11,24399
1.11,24257
1.11,24052
1.11,23753
1.11,23784
1.11,23559
1.11,24019
1.11,24044
1.11,24051
1.11,24238
1.11,24373
1.11,24501
1.11,24221
1.11,24862
1.11,24730
1.12,24740
1.12,24740
1.12,24394
1.12,24305
1.12,24631
1.12,24273
1.12,24155
1.12,24322
1.12,24571
1.12,24505
1.12,24227
1.12,24340
1.12,24485
1.12,24151
1.12,24410
1.12,24624
1.12,24918
1.12,24920
1.12,25303
1.12,24950
1.12,24156
1.12,23814
1.12,23974
1.12,24245
1.12,24239
1.12,24330
1.12,24158
1.12,24338
1.12,23965
1.12,24074
1.12,24019
1.13,24265
1.13,24167
1.13,23940
1.13,23837
1.13,23836
1.13,23398
1.13,23584
1.13,23210
1.13,23546
1.13,23892
1.13,23869
1.13,23481
1.13,23882
1.13,23939
1.13,23771
1.13,24173
1.13,24111
1.13,24007
1.13,24001
1.13,23815
1.13,24330
1.13,25346
1.13,25105
1.13,25048
1.13,25268
1.13,25597
1.13,25434
1.13,25344
1.13,25359
1.13,25016
1.13,25239
1.13,24026
1.13,24001
1.13,25155
1.13,25261
1.13,24902
1.13,24901
1.13,24930
1.13,24973
1.14,24545
1.14,24537
1.14,24740
1.14,24916
1.14,24986
1.14,24916
1.14,24464
1.14,24167
1.14,23344
1.14,24061
1.14,23852
1.14,24450
1.14,24094
1.14,23774
1.14,23364
1.14,23693
1.14,23862
1.14,23861
1.14,23824
1.14,23815
1.14,23611
1.14,23375
1.14,23628
1.14,23697
1.14,23193
1.14,23847
1.14,23351
1.14,23282
1.14,23331
1.14,23623
1.14,23700
1.14,23781
1.14,23217
1.15,23222
1.15,23677
1.15,23763
1.15,23585
1.15,23392
1.15,23307
1.15,23552
1.15,23610
1.15,23544
1.15,23610
1.15,23261
1.15,23333
1.15,23848
1.15,24007
1.15,23453
1.15,22596
1.15,22598
1.15,22480
1.15,22622
1.15,22555
1.15,22269
1.15,22214
1.15,22205
1.15,22197
1.15,22116
1.15,22106
1.15,21365
1.15,21435
1.15,21089
1.15,20941
1.15,20898
1.15,20538
1.16,20457
1.16,20602
1.16,20639
1.16,20555
1.16,20459
1.16,20452
1.16,19714
1.16,19697
1.16,19361
1.16,19375
1.16,19768
1.16,20042
1.16,19932
1.16,19877
1.16,20152
1.16,19840
1.16,19696
1.16,19411
1.16,19646
1.16,19685
1.16,19571
1.16,19780
1.16,20007
1.16,20065
1.16,20021
1.16,19444
1.16,19266
1.16,19413
1.16,19428
1.16,19664
1.16,19633
1.16,19523
1.16,19586
1.16,20070
1.17,20011
1.17,20048
1.17,19843
1.17,20759
1.17,20764
1.17,20865
1.17,21562
1.17,21735
1.17,21266
1.17,21416
1.17,22111
1.17,21931
1.17,22390
1.17,22367
1.17,22343
1.17,21815
1.17,22095
1.17,22088
1.17,22097
1.17,22061
1.17,21528
1.17,21578
1.17,21438
1.17,21514
1.17,21382
1.17,21359
1.17,22115
1.17,22164
1.17,21438
1.18,21388
1.18,21337
1.18,21350
1.18,21783
1.18,21120
1.18,21870
1.18,22622
1.18,21255
1.18,21518
1.18,21532
1.18,21843
1.18,21714
1.18,21451
1.18,21330
1.18,21788
1.18,22248
1.18,22378
1.18,22127
1.18,21926
1.18,22093
1.18,21902
1.18,21765
1.18,21932
1.18,22981
1.18,23066
1.18,23052
1.18,23301
1.18,23924
1.18,23655
1.18,22740
1.18,22617
1.18,22509
1.18,22428
1.18,22294
1.19,21741
1.19,21729
1.19,21868
1.19,21844
1.19,21939
1.19,21603
1.19,21600
1.19,21696
1.19,21597
1.19,21561
1.19,20896
1.19,20757
1.19,20858
1.19,20928
1.19,21492
1.19,21357
1.19,22256
1.19,22141
1.19,21277
1.19,21295
1.19,21292
1.19,21266
1.19,21583
1.19,22128
1.19,22432
1.19,22831
1.20,22826
1.20,22937
1.20,23088
1.20,23384
1.20,23154
1.20,23162
1.20,23665
1.20,23715
1.20,23534
1.20,23465
1.20,22475
1.20,22800
1.20,22709
1.20,22660
1.20,22321
1.20,22242
1.20,22308
1.20,22525
1.20,22547
1.20,22664
1.20,22792
1.20,23089
1.20,23041
1.20,23037
1.20,23339
1.20,23552
1.20,24061
1.20,24318
1.20,24101
1.20,24171
1.20,23511
1.20,23518
1.20,23613
1.20,23176
1.20,23264
1.20,23033
1.21,23447
1.21,23256
1.21,23418
1.21,23372
1.21,23343
1.21,23360
1.21,23699
1.21,23198
1.21,22901
1.21,22660
1.21,22622
1.21,22342
1.21,21989
1.21,21777
1.21,21664
1.21,21776
1.21,22187
1.21,22194
1.21,21045
1.21,21096
1.21,21271
1.21,21278
1.21,20964
1.21,20868
1.21,20979
1.22,20447
1.22,20450
1.22,20447
1.22,20320
1.22,20307
1.22,20345
1.22,20268
1.22,19952
1.22,19999
1.22,20309
1.22,20111
1.22,20174
1.22,20416
1.22,20292
1.22,21098
1.22,20968
1.22,20977
1.23,21096
1.23,21431
1.23,21463
1.23,21516
1.23,21124
1.23,20811
1.23,20870
1.23,20924
1.23,20968
1.23,20917
1.23,20651
1.23,20488
1.23,20427
1.23,20484
1.23,20361
1.23,20378
1.23,20376
1.23,20464
1.23,20504
1.23,20145
1.23,20417
1.23,20279
1.23,20340
1.24,20004
1.24,20011
1.24,20126
1.24,20312
1.24,20475
1.24,20491
1.24,20494
1.24,20481
1.24,20384
1.24,20228
1.24,20372
1.24,20566
1.24,20835
1.24,20553
1.24,19926
1.24,19784
1.24,20114
1.24,20160
1.24,21294
1.24,21287
1.24,21374
1.24,21617
1.24,21399
1.24,21271
1.24,21023
1.24,21035
1.24,20988
1.24,20746
1.24,21441
1.24,21037
1.24,21015
1.25,21408
1.25,21389
1.25,21713
1.25,21604
1.25,21329
1.25,21316
1.25,21865
1.25,21762
1.25,21581
1.25,21522
1.25,21653
1.25,21999
1.25,21853
1.25,22004
1.25,21771
1.25,21429
1.25,21563
1.25,23129
1.25,23164
1.25,22940
1.25,22903
1.25,23191
1.25,23017
1.25,23141
1.25,23418
1.25,23359
1.25,22786
1.25,22549
1.25,22561
1.25,22781
1.26,22676
1.26,22678
1.26,22768
1.26,22637
1.26,22784
1.26,22910
1.26,22817
1.26,22588
1.26,22503
1.26,22385
1.26,22172
1.26,21866
1.26,21870
1.26,22408
1.26,22000
1.26,22074
1.26,22146
1.26,22157
1.26,22420
1.26,22398
1.26,22686
1.26,22715
1.26,22509
1.26,22917
1.26,22913
1.26,23076
1.26,22775
1.26,22235
1.26,22184
1.27,22687
1.27,23091
1.27,23026
1.27,22837
1.27,22897
1.27,22859
1.27,22640
1.27,22312
1.27,22394
1.27,22576
1.27,22489
1.27,22464
1.27,22205
1.27,22147
1.27,22075
1.27,22072
1.27,22082
1.27,22030
1.27,21337
1.27,21542
1.27,21909
1.27,21942
1.27,21914
1.27,22317
1.27,22825
1.27,22827
1.27,22316
1.28,22523
1.28,22354
1.28,21824
1.28,22140
1.28,22684
1.28,22903
1.28,22721
1.28,22669
1.28,22840
1.28,22745
1.28,22191
1.28,21756
1.28,21898
1.28,21820
1.28,20780
1.28,20212
1.28,18858
1.28,18673
1.28,18432
1.28,18239
1.28,18200
1.28,17985
1.28,17760
1.28,17844
1.28,18317
1.28,18344
1.29,18196
1.29,18480
1.29,18404
1.29,18521
1.29,18468
1.29,18724
1.29,18624
1.29,18630
1.29,18768
1.29,18667
1.29,18466
1.29,18453
1.29,18302
1.29,18675
1.29,18418
1.30,18345
1.30,18299
1.30,18289
1.30,18428
1.30,18542
1.30,18383
1.30,17992
1.30,17930
1.30,17927
1.30,17598
1.30,17552
1.30,17764
1.30,17767
1.30,18216
1.30,18332
1.30,18349
1.30,18010
1.30,18043
1.30,17863
1.30,17455
1.30,17502
1.31,17703
1.31,17952
1.31,18263
1.31,17876
1.31,18025
1.31,18476
1.31,18443
1.31,18453
1.31,18526
1.31,18622
1.31,18462
1.31,18382
1.31,18546
1.31,18316
1.31,18370
1.31,18462
1.31,18544
1.31,18539
1.31,18682
1.31,18557
1.31,18785
1.31,18783
1.32,19029
1.32,19165
1.32,18962
1.32,18547
1.32,18665
1.32,18563
1.32,18457
1.32,18500
1.32,18525
1.32,18950
1.32,18953
1.32,18646
1.32,18749
1.32,19411
1.32,19428
1.32,19398
1.32,19379
1.32,19420
1.32,19541
1.32,19719
1.32,19664
1.32,19622
1.32,19677
1.32,19971
1.33,19990
1.33,19747
1.33,20011
1.33,20584
1.33,20686
1.33,20101
1.33,20255
1.33,20518
1.33,20659
1.33,20719
1.33,20677
1.33,20471
1.33,21122
1.33,21304
1.33,21336
1.33,21262
1.33,21396
1.34,21587
1.34,21394
1.34,21826
1.34,21685
1.34,21726
1.34,21712
1.34,21796
1.34,21245
1.34,21219
1.34,21377
1.34,21315
1.34,21479
1.34,21595
1.34,21408
1.34,20841
1.34,20890
1.34,20630
1.34,20416
1.34,20482
1.34,20788
1.34,20830
1.35,20864
1.35,20794
1.35,20836
1.35,20799
1.35,21038
1.35,20940
1.35,20898
1.35,21096
1.35,20922
1.35,21375
1.35,21316
1.35,21385
1.35,21418
1.35,20568
1.35,20351
1.35,20339
1.35,20323
1.35,20409
1.35,20964
1.35,20702
1.35,20713
1.35,20727
1.35,20656
1.35,20633
1.35,20665
1.35,20690
1.35,20655
1.35,20765
1.36,20383
1.36,20408
1.36,20478
1.36,20571
1.36,20438
1.36,20365
1.36,20757
1.36,20616
1.36,20131
1.36,19944
1.36,19963
1.36,19971
1.36,20856
1.36,20389
1.36,20379
1.36,20562
1.36,21290
1.36,21319
1.36,21469
1.36,22113
1.36,22347
1.36,22632
1.36,22438
1.37,22502
1.37,22406
1.37,23295
1.37,23146
1.37,23400
1.37,23404
1.37,23464
1.37,23295
1.37,23727
1.37,23697
1.37,23523
1.37,22721
1.37,22732
1.37,23055
1.37,22598
1.37,22774
1.37,22340
1.37,22309
1.37,22695
1.37,22256
1.37,21549
1.37,21428
1.37,21417
1.37,21399
1.37,21292
1.37,21326
1.37,21397
1.37,21842
1.37,22103
1.37,22404
1.37,22038
1.37,21743
1.38,21635
1.38,21426
1.38,21396
1.38,21079
1.38,20927
1.38,21033
1.38,20809
1.38,20950
1.38,21229
1.38,21184
1.38,21484
1.38,21695
1.38,21808
1.38,21784
1.38,21645
1.38,21793
1.38,21889
1.38,21887
1.38,21397
1.38,21368
1.39,21377
1.39,21312
1.39,21534
1.39,21665
1.39,21659
1.39,21489
1.39,21183
1.39,21346
1.39,21482
1.39,21509
1.39,21679
1.39,21594
1.39,21412
1.39,21574
1.39,21561
1.39,21546
1.39,21882
1.39,21546
1.39,21361
1.39,21321
1.39,21322
1.39,21612
1.39,21434
1.39,21584
1.39,21564
1.39,21454
1.39,21228
1.39,20881
1.39,20236
1.39,20071
1.40,19933
1.40,20096
1.40,19923
1.40,19988
1.40,19924
1.40,19899
1.40,19852
1.40,19929
1.40,19955
1.40,19652
1.40,19630
1.40,19674
1.40,19785
1.40,19114
1.40,18787
1.41,18491
1.41,18685
1.41,18602
1.41,18346
1.41,18411
1.41,18285
1.41,18272
1.41,18715
1.41,18564
1.41,17875
1.41,18382
1.41,18419
1.41,18182
1.41,18310
1.41,18284
1.41,18219
1.41,18035
1.41,17902
1.41,17478
1.42,17408
1.42,17587
1.42,17588
1.42,17696
1.42,17497
1.42,17668
1.42,17442
1.42,17375
1.42,17359
1.42,17545
1.42,18510
1.42,18144
1.42,18118
1.42,17888
1.42,17640
1.42,17591
1.42,17740
1.42,17395
1.42,17044
1.43,17246
1.43,17455
1.43,17739
1.43,17670
1.43,17635
1.43,17503
1.43,17563
1.43,17314
1.43,17305
1.43,17198
1.43,17170
1.43,16978
1.43,16994
1.43,16936
1.44,17142
1.44,16916
1.44,16587
1.44,16583
1.44,16877
1.44,16896
1.44,16907
1.44,16604
1.44,16669
1.44,16694
1.44,16682
1.44,16706
1.44,16631
1.44,15673
1.44,15676
1.44,16480
1.45,16204
1.45,16236
1.45,16038
1.45,15994
1.45,15979
1.45,15886
1.45,15576
1.45,15915
1.45,15458
1.45,15452
1.45,15363
1.46,15309
1.46,15257
1.46,15338
1.46,15405
1.46,15208
1.46,15350
1.46,15387
1.46,15681
1.46,15458
1.46,15398
1.46,15569
1.46,15620
1.46,15669
1.46,15943
1.46,15772
1.47,15742
1.47,15652
1.47,15318
1.47,15276
1.47,15340
1.47,15343
1.48,15431
1.48,15576
1.48,15720
1.48,15748
1.48,15622
1.48,16053
1.48,16000
1.48,16133
1.48,15541
1.48,15607
1.48,15618
1.48,15861
1.48,15851
1.48,16032
1.48,15879
1.48,15672
1.49,15504
1.49,15507
1.49,15577
1.49,15541
1.49,15257
1.50,15154
1.50,15163
1.50,15110
1.50,15043
1.50,15056
1.50,14844
1.50,14882
1.50,14879
1.50,15067
1.50,14516
1.50,14739
1.50,14589
1.51,14552
1.51,14571
1.51,14601
1.51,14551
1.51,14429
1.51,14516
1.51,14463
1.52,14538
1.52,14778
1.52,14606
1.52,14550
1.52,14485
1.52,14504
1.52,14348
1.52,14116
1.52,14231
1.52,14235
1.53,14071
1.53,14367
1.53,14303
1.53,14305
1.54,14428
1.54,14339
1.54,14245
1.54,14152
1.54,13885
1.54,13858
1.54,13890
1.54,13889
1.54,13911
1.55,14137
1.55,13989
1.55,13943
1.55,14072
1.55,14314
1.55,14275
1.55,14221
1.55,14154
1.55,14175
1.56,14137
1.56,14090
1.56,13941
1.56,13941
1.56,13968
1.56,13818
1.56,13895
1.56,13779
1.56,13815
1.56,13874
1.56,13920
1.56,13987
1.57,13871
1.57,13861
1.57,13708
1.57,13642
1.57,13527
1.57,13460
1.57,13455
1.57,13561
1.58,13251
1.58,13392
1.58,13573
1.58,13580
1.58,13710
1.59,13732
1.59,13723
1.59,13714
1.59,13371
1.59,13397
1.59,13373
1.60,13383
1.60,13424
1.60,13223
1.60,13077
1.60,13149
1.60,13385
1.60,13370
1.61,13307
1.61,13361
1.61,13418
1.61,13360
1.61,13646
1.61,13615
1.62,13642
1.62,13456
1.62,13366
1.62,13130
1.62,13228
1.62,13298
1.63,13169
1.63,13040
1.63,12719
1.63,12646
1.63,12646
1.63,12711
1.64,12688
1.64,12800
1.64,12731
1.64,12790
1.64,12726
1.64,12790
1.64,12630
1.64,12644
1.64,12624
1.65,12725
1.65,12717
1.65,12331
1.65,12299
1.65,12282
1.65,12296
1.65,12181
1.65,12183
1.65,12186
1.65,12156
1.65,12188
1.65,12128
1.65,12071
1.66,12126
1.66,12159
1.66,12089
1.66,11952
1.66,11965
1.66,12016
1.67,11956
1.67,11808
1.67,11820
1.67,11588
1.67,11569
1.68,11629
1.68,11618
1.68,11719
1.68,11748
1.68,11764
1.68,11760
1.69,11748
1.69,11769
1.69,11827
1.69,11865
1.70,11612
1.70,11662
1.70,11602
1.70,11626
1.70,11618
1.70,11588
1.71,11591
1.71,11552
1.72,11198
1.72,10953
1.72,10933
1.72,10885
1.73,10885
1.74,10898
1.74,10972
1.75,11101
1.75,11075
1.76,11133
1.76,11021
1.77,10929
1.77,10969
1.77,10882
1.78,11059
1.79,11092
1.79,11059
1.80,10988
1.80,10882
1.80,10963
1.81,11027
1.82,11021
1.82,11031
1.82,11021
1.83,11000
1.83,10996
1.83,10954
1.84,10919
1.84,10896
1.84,10679
1.84,10581
1.85,10558
1.85,10563
1.87,10670
1.88,10636
1.89,10714
1.90,10619
1.91,10555
1.91,10523
1.92,10516
1.92,10513
1.92,10522
1.92,10549
1.93,10555
1.93,10490
1.94,10450
1.94,10275
1.95,10269
1.95,10280
1.95,10269
1.95,10323
1.96,10302
1.97,10303
1.97,10140
1.97,10135
1.97,10138
1.97,10296
1.98,10297
1.98,10309
1.98,10166
1.99,10171
1.99,10170
1.99,10165
2.01,10165
2.01,10156
2.02,10122
2.07,10151
2.08,10122
2.10,10105
2.10,10102
2.10,10105
2.11,10067
2.11,9943
2.11,9960
2.11,9960
2.12,9969
2.12,9963
2.13,9931
2.13,10002
2.14,10015
2.14,10005
2.18,9996
2.18,9987
2.19,9911
2.19,9889
2.20,9825
2.20,9810
2.21,9779
2.23,9791
2.23,9720
2.24,9723
2.24,9714
2.24,9687
2.25,9687
2.25,9677
2.25,9648
2.28,9617
2.28,9502
2.29,9497
2.30,9470
2.32,9474
2.35,9401
2.37,9370
2.38,9372
2.40,9348
2.41,9200
2.43,9198
2.43,9197
2.44,9202
2.48,9091
2.54,9026
2.54,9008
2.56,9009
2.56,8979
2.58,8974
2.61,8981
2.62,8974
2.63,8973
2.63,8970
2.67,8971
2.68,8933
2.68,8932
2.68,8809
