0.23,25216
0.26,24760
0.28,24359
0.29,24277
0.34,23865
0.36,22983
0.37,22937
0.39,22723
0.40,22436
0.45,21653
0.46,21346
0.51,21001
0.54,20667
0.55,20026
0.57,19612
0.63,19188
0.70,18843
0.76,18591
0.79,18044
0.87,17488
0.90,16679
0.99,16584
1.05,15620
1.09,15534
1.14,15349
1.20,15048
1.26,14390
1.49,13268
1.70,13122
1.77,12872
1.85,12810
1.89,12674
1.94,12438
1.97,12331
2.10,11985
2.13,11655
2.31,11413
2.37,11391
2.46,11307
2.52,11107
2.67,11106
2.70,10958
2.88,10787
3.03,10765
3.05,10718
3.08,10638
3.09,10560
3.14,10501
3.18,10461
3.36,10259
3.39,10238
3.62,10116
3.63,10107
3.78,10041
3.80,10022
3.87,9910
4.07,9854
4.18,9850
4.36,9846
4.37,9686
5.74,9656
5.80,9645
5.93,9275
6.10,9259
6.78,9082
6.85,9026
7.13,9023
7.44,8983
7.55,8871
7.97,8809
8.23,8736
8.25,8662
9.28,8621
10.49,8589
10.53,8570
13.02,8569
14.44,8566
14.64,8553
14.96,8477
