0.23,24832
0.25,24702
0.28,24259
0.31,23661
0.34,23224
0.37,23161
0.39,22783
0.40,22641
0.42,22173
0.45,21662
0.49,21531
0.51,19485
0.52,19473
0.60,19411
0.61,19066
0.63,18846
0.66,18661
0.67,18479
0.70,16803
0.73,16324
0.84,16250
0.96,16124
0.99,16095
1.03,16019
1.06,15997
1.08,15926
1.11,15791
1.12,15766
1.15,15520
1.23,15437
1.26,15245
1.32,15244
1.35,15201
1.36,14909
1.42,14620
1.50,14607
1.56,14553
1.65,14472
1.67,14409
1.68,13918
1.88,13666
1.89,13259
1.91,12745
2.01,12719
2.15,12582
2.21,12525
2.25,12451
2.34,12267
2.43,12247
2.49,12220
2.54,11925
2.57,11871
2.76,11729
2.85,11715
2.99,11672
3.00,11655
3.20,11637
3.23,11566
3.32,11514
3.33,11488
3.36,11459
3.42,11324
3.86,11304
3.95,11300
3.99,11263
4.02,11179
4.11,11153
4.19,11122
4.23,11026
4.25,11003
4.49,10888
4.55,10776
4.78,10713
4.82,10251
5.15,10194
5.41,10149
5.72,10140
6.29,10073
6.79,10055
7.29,10019
7.38,10017
7.58,10010
7.68,10002
7.70,9980
7.73,9877
7.88,9859
7.91,9816
7.95,9809
8.00,9733
8.19,9727
8.31,9725
8.45,9656
8.82,9591
9.02,9513
9.14,9448
9.58,9413
9.65,9348
10.01,9332
10.14,9331
10.42,9272
10.92,9270
10.99,9265
11.11,9234
11.47,9198
12.08,9136
12.36,9088
14.26,9037
15.21,9015
16.70,9007
17.06,8999
