0.21,30517
0.21,30694
0.21,30312
0.21,30380
0.21,30075
0.21,30154
0.21,29343
0.21,28554
0.21,28738
0.21,28855
0.21,29362
0.21,30432
0.21,30410
0.21,30270
0.21,30778
0.21,30129
0.21,29920
0.21,29516
0.21,29209
0.21,29195
0.21,28533
0.21,28513
0.21,28760
0.21,28613
0.21,28364
0.21,28490
0.21,28702
0.21,27505
0.21,28188
0.21,28982
0.21,28964
0.21,28496
0.21,28228
0.21,29428
0.21,29324
0.21,28846
0.21,27923
0.21,27525
0.21,27370
0.21,27036
0.22,27311
0.22,26777
0.22,26719
0.22,26581
0.22,26574
0.22,27140
0.22,27533
0.22,27688
0.22,27665
0.22,27930
0.22,28189
0.22,28074
0.22,28000
0.22,27816
0.22,24922
0.22,24890
0.22,26025
0.22,25773
0.22,25976
0.22,25838
0.22,25137
0.22,25135
0.22,25939
0.22,25974
0.22,26807
0.22,25929
0.22,26772
0.22,26159
0.22,27325
0.22,28029
0.22,27806
0.22,28116
0.22,28530
0.22,28259
0.22,27391
0.22,27619
0.22,28572
0.22,26839
0.22,27173
0.22,26889
0.22,26940
0.22,26500
0.22,26626
0.22,27139
0.22,27529
0.22,29204
0.22,29425
0.22,29849
0.22,29586
0.22,29794
0.22,29671
0.22,29613
0.22,29828
0.22,27709
0.22,29434
0.22,29468
0.22,29457
0.22,29672
0.22,29729
0.22,29089
0.22,29138
0.22,28603
0.22,28718
0.22,28704
0.22,28998
0.23,27037
0.23,28217
0.23,28021
0.23,30913
0.23,31042
0.23,32103
0.23,31437
0.23,31624
0.23,32484
0.23,31163
0.23,31226
0.23,31395
0.23,31221
0.23,31145
0.23,31636
0.23,31726
0.23,30986
0.23,30408
0.23,30349
0.23,28091
0.23,28007
0.23,27044
0.23,27029
0.23,27382
0.23,26654
0.23,26934
0.23,26959
0.23,27266
0.23,27255
0.23,27928
0.23,28144
0.23,28863
0.23,28941
0.23,28898
0.23,28345
0.23,28238
0.23,28230
0.23,28364
0.23,27258
0.23,27817
0.23,27831
0.23,27860
0.23,28648
0.23,28626
0.23,28400
0.23,29154
0.23,28949
0.23,29004
0.23,29015
0.23,29047
0.23,28690
0.23,28816
0.23,29400
0.23,29124
0.23,29161
0.23,29688
0.23,29031
0.23,29287
0.23,28825
0.23,28751
0.23,27894
0.23,27452
0.23,28573
0.23,28402
0.24,28369
0.24,28793
0.24,28999
0.24,29067
0.24,29807
0.24,29765
0.24,30373
0.24,31273
0.24,31382
0.24,31202
0.24,30068
0.24,29653
0.24,29921
0.24,28673
0.24,28527
0.24,28593
0.24,27668
0.24,27015
0.24,27601
0.24,28058
0.24,28236
0.24,27844
0.24,27765
0.24,26828
0.24,27112
0.24,26887
0.24,26818
0.24,28658
0.24,27931
0.24,28295
0.24,28453
0.24,28368
0.24,29254
0.24,29670
0.24,29607
0.24,29975
0.24,30062
0.24,30448
0.24,30061
0.24,29759
0.24,29749
0.24,29338
0.24,29201
0.24,29997
0.24,30872
0.24,31400
0.24,31832
0.24,31889
0.24,31568
0.24,31407
0.24,31134
0.24,31811
0.24,31806
0.24,31416
0.24,31555
0.24,30584
0.24,30885
0.24,30919
0.24,31190
0.24,31220
0.24,30666
0.24,30534
0.24,30399
0.24,30290
0.24,30749
0.24,31723
0.25,31778
0.25,31919
0.25,31766
0.25,31751
0.25,31278
0.25,31310
0.25,31237
0.25,30828
0.25,29395
0.25,29999
0.25,29738
0.25,29039
0.25,29188
0.25,30457
0.25,30848
0.25,30680
0.25,30552
0.25,30541
0.25,30416
0.25,30342
0.25,29925
0.25,29392
0.25,28850
0.25,28782
0.25,29616
0.25,29984
0.25,31063
0.25,31093
0.25,31570
0.25,30395
0.25,29914
0.25,29911
0.25,29537
0.25,29540
0.25,29830
0.25,29785
0.25,29914
0.25,29840
0.25,30368
0.25,31260
0.25,31787
0.25,31629
0.25,31564
0.25,31421
0.25,31439
0.25,32010
0.25,32023
0.25,33240
0.25,33482
0.25,33368
0.25,31751
0.25,31098
0.25,30956
0.25,30998
0.25,30804
0.25,30016
0.25,30061
0.25,30047
0.25,30987
0.25,29875
0.25,30324
0.25,30438
0.25,29805
0.25,29921
0.25,29929
0.25,29947
0.25,29327
0.25,29518
0.26,29835
0.26,29727
0.26,29360
0.26,30005
0.26,28802
0.26,28083
0.26,27224
0.26,26502
0.26,28142
0.26,30325
0.26,29254
0.26,29031
0.26,28982
0.26,28629
0.26,29568
0.26,29364
0.26,29381
0.26,29212
0.26,29227
0.26,30538
0.26,30129
0.26,30954
0.26,31588
0.26,31752
0.26,31869
0.26,31873
0.26,31104
0.26,30410
0.26,30237
0.26,30127
0.26,30028
0.26,30807
0.26,30251
0.26,30282
0.26,30196
0.26,30058
0.26,31137
0.26,30620
0.26,30811
0.26,29238
0.26,28581
0.26,29688
0.26,30406
0.26,29027
0.26,29260
0.26,28821
0.26,28666
0.26,29651
0.26,29600
0.26,29778
0.26,29254
0.26,29963
0.26,30308
0.26,30446
0.26,30867
0.26,30949
0.26,31072
0.26,31098
0.26,30268
0.26,30688
0.26,30296
0.26,30862
0.26,30853
0.26,30719
0.27,30488
0.27,30341
0.27,30173
0.27,30163
0.27,30034
0.27,29825
0.27,31270
0.27,31408
0.27,31202
0.27,30970
0.27,30574
0.27,30503
0.27,30478
0.27,29640
0.27,29145
0.27,29998
0.27,29586
0.27,28699
0.27,29056
0.27,29479
0.27,28876
0.27,29189
0.27,29777
0.27,29966
0.27,30881
0.27,30963
0.27,30903
0.27,30874
0.27,30475
0.27,30085
0.27,29992
0.27,29962
0.27,29646
0.27,29729
0.27,29893
0.27,30044
0.27,30003
0.27,29978
0.27,30145
0.27,30233
0.27,30725
0.27,30643
0.27,31301
0.27,30077
0.27,29828
0.27,29387
0.27,29433
0.27,29899
0.27,30005
0.27,29632
0.27,29886
0.27,29884
0.27,29879
0.27,30128
0.27,30225
0.27,30304
0.27,30351
0.27,30696
0.27,30714
0.27,29545
0.27,29528
0.27,30047
0.27,29816
0.27,29967
0.27,29996
0.28,29973
0.28,29821
0.28,29432
0.28,29170
0.28,29217
0.28,28494
0.28,28588
0.28,28774
0.28,28447
0.28,28249
0.28,28409
0.28,28272
0.28,28290
0.28,27892
0.28,26474
0.28,25199
0.28,25644
0.28,26227
0.28,27684
0.28,27330
0.28,28390
0.28,27683
0.28,27708
0.28,27790
0.28,28006
0.28,28005
0.28,28569
0.28,29712
0.28,30549
0.28,30075
0.28,30125
0.28,30505
0.28,31111
0.28,30621
0.28,30943
0.28,30979
0.28,31549
0.28,31410
0.28,30259
0.28,29907
0.28,29009
0.28,28277
0.28,27538
0.28,26929
0.28,27452
0.28,26105
0.28,25090
0.28,27149
0.28,27513
0.28,25426
0.28,25570
0.28,25851
0.28,26324
0.28,26310
0.28,26026
0.28,26390
0.28,28049
0.28,28134
0.28,28272
0.28,28557
0.28,28389
0.28,27003
0.28,27344
0.28,27911
0.28,27957
0.28,28233
0.29,26764
0.29,26827
0.29,26610
0.29,26883
0.29,27602
0.29,28861
0.29,28812
0.29,29453
0.29,31155
0.29,30416
0.29,29517
0.29,29453
0.29,30827
0.29,31162
0.29,31549
0.29,31101
0.29,30940
0.29,30719
0.29,30917
0.29,30203
0.29,29024
0.29,27890
0.29,27559
0.29,28162
0.29,28317
0.29,28405
0.29,27277
0.29,27922
0.29,28530
0.29,28302
0.29,28643
0.29,29375
0.29,29249
0.29,29898
0.29,28040
0.29,27913
0.29,28309
0.29,28740
0.29,28592
0.29,29332
0.29,30309
0.29,30527
0.29,30369
0.29,30764
0.29,30739
0.29,30985
0.29,31184
0.29,31489
0.29,31572
0.29,30764
0.29,30216
0.29,30287
0.29,29457
0.29,29439
0.29,29562
0.29,29897
0.29,29962
0.29,29677
0.29,29554
0.29,29270
0.29,29231
0.29,28545
0.29,29527
0.29,29807
0.29,30018
0.30,30037
0.30,29921
0.30,29085
0.30,29187
0.30,29260
0.30,28901
0.30,27849
0.30,26845
0.30,26962
0.30,27421
0.30,26662
0.30,25561
0.30,25346
0.30,26206
0.30,25061
0.30,25954
0.30,26702
0.30,26654
0.30,26591
0.30,29115
0.30,29362
0.30,29182
0.30,29204
0.30,29739
0.30,29800
0.30,29868
0.30,29671
0.30,29685
0.30,29747
0.30,28855
0.30,28664
0.30,29492
0.30,29360
0.30,29601
0.30,29801
0.30,28892
0.30,29067
0.30,29365
0.30,29662
0.30,29631
0.30,29026
0.30,29507
0.30,29659
0.30,30434
0.30,31025
0.30,30891
0.30,30681
0.30,30613
0.30,31618
0.30,32011
0.30,30895
0.30,32569
0.30,32729
0.30,31543
0.30,31157
0.30,30425
0.30,30536
0.30,30566
0.30,29351
0.30,29070
0.30,29544
0.31,29452
0.31,29093
0.31,29125
0.31,30374
0.31,30709
0.31,30701
0.31,31179
0.31,30596
0.31,30596
0.31,30548
0.31,30472
0.31,30437
0.31,30389
0.31,30870
0.31,30935
0.31,30413
0.31,29389
0.31,29355
0.31,29226
0.31,30431
0.31,31065
0.31,31111
0.31,31494
0.31,31087
0.31,30601
0.31,30434
0.31,31032
0.31,30899
0.31,30805
0.31,30961
0.31,30330
0.31,30330
0.31,31164
0.31,31116
0.31,31575
0.31,31574
0.31,30033
0.31,30362
0.31,28985
0.31,28534
0.31,28019
0.31,28199
0.31,27815
0.31,27791
0.31,26986
0.31,26282
0.31,26343
0.31,26096
0.31,26058
0.31,25839
0.31,26834
0.31,26423
0.31,26448
0.31,26336
0.31,27405
0.31,27839
0.31,27878
0.31,28019
0.31,28025
0.31,29451
0.31,29173
0.31,29234
0.31,27596
0.31,28041
0.32,28455
0.32,29918
0.32,29874
0.32,31169
0.32,31482
0.32,31517
0.32,31518
0.32,31632
0.32,31677
0.32,30871
0.32,30323
0.32,30821
0.32,30539
0.32,30320
0.32,30497
0.32,30223
0.32,30297
0.32,30165
0.32,29880
0.32,30227
0.32,30215
0.32,30248
0.32,30015
0.32,30518
0.32,31060
0.32,30852
0.32,30856
0.32,30558
0.32,30828
0.32,30725
0.32,29402
0.32,29857
0.32,28793
0.32,29041
0.32,28983
0.32,29260
0.32,31407
0.32,31430
0.32,30891
0.32,30817
0.32,30580
0.32,30488
0.32,30987
0.32,30839
0.32,31011
0.32,31202
0.32,31216
0.32,31265
0.32,31311
0.32,31728
0.32,31833
0.32,29339
0.32,29281
0.32,29351
0.32,28946
0.32,29379
0.32,31021
0.32,31365
0.32,31067
0.32,31371
0.32,31395
0.32,30209
0.32,30087
0.32,29704
0.32,29872
0.32,29576
0.32,30404
0.32,30798
0.33,31043
0.33,30183
0.33,30093
0.33,29501
0.33,30313
0.33,30552
0.33,30190
0.33,29512
0.33,30069
0.33,29314
0.33,29528
0.33,29391
0.33,28334
0.33,28744
0.33,28228
0.33,29326
0.33,29478
0.33,30173
0.33,30518
0.33,30349
0.33,30679
0.33,30811
0.33,32310
0.33,32297
0.33,32611
0.33,32728
0.33,32897
0.33,32873
0.33,31135
0.33,31120
0.33,31069
0.33,30422
0.33,30439
0.33,31746
0.33,31603
0.33,31635
0.33,31936
0.33,31631
0.33,31889
0.33,31954
0.33,31914
0.33,32793
0.33,31983
0.33,31872
0.33,31522
0.33,31352
0.33,31437
0.33,31467
0.33,31365
0.33,31087
0.33,31270
0.33,31209
0.33,31913
0.33,30941
0.33,30951
0.33,31291
0.33,31886
0.33,31886
0.33,31765
0.33,31371
0.33,31510
0.33,30626
0.33,30852
0.33,31080
0.33,30941
0.33,31238
0.34,30758
0.34,30867
0.34,30852
0.34,30824
0.34,30186
0.34,29301
0.34,28575
0.34,28399
0.34,28231
0.34,28576
0.34,28541
0.34,28951
0.34,29215
0.34,29520
0.34,29230
0.34,29952
0.34,29866
0.34,29802
0.34,29940
0.34,29143
0.34,27450
0.34,27160
0.34,28003
0.34,28385
0.34,28222
0.34,27442
0.34,27773
0.34,27626
0.34,27558
0.34,27249
0.34,27614
0.34,28658
0.34,28578
0.34,28344
0.34,27973
0.34,29407
0.34,29328
0.34,30219
0.34,30196
0.34,30137
0.34,29984
0.34,28339
0.34,28375
0.34,28084
0.34,28081
0.34,28026
0.34,27933
0.34,27852
0.34,27427
0.34,26818
0.34,27491
0.34,27556
0.34,27037
0.34,26849
0.34,27837
0.34,28495
0.34,28269
0.34,30576
0.34,30637
0.34,29632
0.34,29736
0.34,29767
0.34,29726
0.34,29953
0.35,29263
0.35,29240
0.35,29648
0.35,29318
0.35,29089
0.35,29209
0.35,29134
0.35,29034
0.35,28948
0.35,29404
0.35,28762
0.35,29141
0.35,28871
0.35,28801
0.35,29743
0.35,28836
0.35,27956
0.35,28145
0.35,28188
0.35,28836
0.35,29756
0.35,29591
0.35,29563
0.35,29469
0.35,29795
0.35,28786
0.35,29795
0.35,29811
0.35,30180
0.35,31239
0.35,30810
0.35,30702
0.35,30668
0.35,30494
0.35,30632
0.35,29109
0.35,29523
0.35,29282
0.35,28928
0.35,28134
0.35,26367
0.35,26363
0.35,25658
0.35,24503
0.35,24814
0.35,26886
0.35,28162
0.35,28657
0.35,28195
0.35,28414
0.35,28888
0.35,28783
0.35,28951
0.35,29746
0.35,29687
0.35,29762
0.35,29769
0.35,30269
0.35,30418
0.35,32364
0.35,32404
0.35,31794
0.35,31536
0.35,30542
0.36,30510
0.36,29874
0.36,29681
0.36,31974
0.36,31890
0.36,31423
0.36,31846
0.36,31513
0.36,31450
0.36,31733
0.36,30787
0.36,31865
0.36,30320
0.36,30176
0.36,30865
0.36,31071
0.36,31786
0.36,31858
0.36,31827
0.36,32403
0.36,32328
0.36,32932
0.36,33113
0.36,33402
0.36,33629
0.36,32878
0.36,32707
0.36,32375
0.36,31969
0.36,31681
0.36,29773
0.36,30042
0.36,29297
0.36,29931
0.36,29808
0.36,29832
0.36,29181
0.36,29651
0.36,29719
0.36,29659
0.36,28616
0.36,28611
0.36,28804
0.36,28829
0.36,26213
0.36,26573
0.36,26092
0.36,26085
0.36,26049
0.36,25829
0.36,25712
0.36,26946
0.36,27386
0.36,27396
0.36,27292
0.36,27245
0.36,28115
0.36,27809
0.36,27713
0.36,27945
0.36,28176
0.36,28150
0.36,27934
0.36,27996
0.37,27494
0.37,27375
0.37,27625
0.37,27972
0.37,28039
0.37,29330
0.37,28348
0.37,27450
0.37,25869
0.37,25333
0.37,25928
0.37,26284
0.37,25692
0.37,27198
0.37,28541
0.37,29401
0.37,29238
0.37,30143
0.37,30103
0.37,30944
0.37,29468
0.37,29597
0.37,29077
0.37,28893
0.37,28707
0.37,28479
0.37,27674
0.37,27650
0.37,27316
0.37,27620
0.37,28248
0.37,28351
0.37,28337
0.37,28400
0.37,28275
0.37,28268
0.37,28326
0.37,28436
0.37,28343
0.37,29238
0.37,29088
0.37,29433
0.37,29459
0.37,29427
0.37,29490
0.37,29548
0.37,30839
0.37,29792
0.37,29745
0.37,29775
0.37,30042
0.37,29885
0.37,27497
0.37,26736
0.37,27032
0.37,26148
0.37,25772
0.37,25659
0.37,25443
0.37,24526
0.37,25017
0.37,24882
0.37,24808
0.37,24499
0.37,25986
0.37,26724
0.38,27096
0.38,27888
0.38,28378
0.38,28810
0.38,29289
0.38,29366
0.38,28957
0.38,29055
0.38,28978
0.38,28973
0.38,29047
0.38,28499
0.38,27662
0.38,26955
0.38,27388
0.38,27423
0.38,29013
0.38,28121
0.38,28440
0.38,27329
0.38,27297
0.38,29953
0.38,30141
0.38,29641
0.38,29753
0.38,29376
0.38,29360
0.38,29281
0.38,29052
0.38,29225
0.38,29370
0.38,30356
0.38,30323
0.38,30513
0.38,31129
0.38,31498
0.38,30674
0.38,30940
0.38,31153
0.38,30445
0.38,29900
0.38,29216
0.38,29368
0.38,30110
0.38,29074
0.38,29109
0.38,29929
0.38,29330
0.38,29470
0.38,29599
0.38,29521
0.38,28948
0.38,26801
0.38,27032
0.38,26822
0.38,26686
0.38,26237
0.38,26613
0.38,26290
0.38,26230
0.38,26178
0.38,26280
0.38,26564
0.38,26732
0.39,27266
0.39,27853
0.39,27933
0.39,27937
0.39,27852
0.39,27762
0.39,27794
0.39,28028
0.39,28494
0.39,28422
0.39,28347
0.39,28469
0.39,28350
0.39,27859
0.39,27935
0.39,28398
0.39,28538
0.39,28936
0.39,28906
0.39,28803
0.39,28632
0.39,27891
0.39,29693
0.39,29802
0.39,30249
0.39,31283
0.39,31401
0.39,31920
0.39,30622
0.39,30563
0.39,30671
0.39,31670
0.39,31127
0.39,30945
0.39,29386
0.39,29563
0.39,29645
0.39,29284
0.39,29973
0.39,30650
0.39,30581
0.39,30311
0.39,29477
0.39,29335
0.39,28133
0.39,28052
0.39,28363
0.39,28418
0.39,28107
0.39,28226
0.39,28323
0.39,29185
0.39,29282
0.39,28825
0.39,29132
0.39,29804
0.39,29226
0.39,28759
0.39,28508
0.39,28208
0.39,28121
0.39,28092
0.39,28050
0.39,27183
0.39,27989
0.40,27848
0.40,27171
0.40,27092
0.40,27566
0.40,28874
0.40,28456
0.40,28534
0.40,27968
0.40,27739
0.40,28611
0.40,29194
0.40,29120
0.40,29036
0.40,28890
0.40,28745
0.40,28507
0.40,28691
0.40,29899
0.40,29712
0.40,30836
0.40,30849
0.40,30930
0.40,30190
0.40,30502
0.40,30283
0.40,30721
0.40,31205
0.40,31636
0.40,31923
0.40,32138
0.40,31520
0.40,31566
0.40,32823
0.40,32893
0.40,32582
0.40,32210
0.40,30724
0.40,30698
0.40,30910
0.40,31139
0.40,31472
0.40,32315
0.40,32241
0.40,32116
0.40,31654
0.40,31583
0.40,31498
0.40,31592
0.40,31661
0.40,31047
0.40,30931
0.40,30813
0.40,30823
0.40,30043
0.40,30194
0.40,30248
0.40,30200
0.40,30431
0.40,29292
0.40,29298
0.40,30049
0.40,31206
0.40,31783
0.40,31698
0.40,31738
0.40,31942
0.41,31699
0.41,31557
0.41,31418
0.41,31572
0.41,30932
0.41,31229
0.41,31396
0.41,31574
0.41,31705
0.41,31440
0.41,31402
0.41,31298
0.41,31517
0.41,30885
0.41,30707
0.41,29962
0.41,30005
0.41,30007
0.41,30236
0.41,30329
0.41,30421
0.41,31087
0.41,31009
0.41,30751
0.41,30956
0.41,31181
0.41,31068
0.41,29800
0.41,30537
0.41,30193
0.41,30020
0.41,29694
0.41,30715
0.41,30817
0.41,30877
0.41,31151
0.41,31052
0.41,30025
0.41,29936
0.41,29865
0.41,29538
0.41,29543
0.41,28735
0.41,28652
0.41,28694
0.41,29655
0.41,29940
0.41,30512
0.41,29054
0.41,30325
0.41,30740
0.41,31440
0.41,30597
0.41,31524
0.41,30475
0.41,28808
0.41,29011
0.41,28987
0.41,29273
0.41,30445
0.41,30745
0.41,31545
0.42,31558
0.42,30825
0.42,30259
0.42,30209
0.42,28755
0.42,28263
0.42,28112
0.42,28055
0.42,28081
0.42,27978
0.42,27574
0.42,27028
0.42,27828
0.42,27741
0.42,27820
0.42,27776
0.42,27081
0.42,28381
0.42,27777
0.42,27605
0.42,27606
0.42,28204
0.42,29322
0.42,29285
0.42,29209
0.42,29458
0.42,29521
0.42,29573
0.42,28903
0.42,28883
0.42,28459
0.42,29078
0.42,28445
0.42,27436
0.42,27761
0.42,28107
0.42,29104
0.42,29620
0.42,29021
0.42,29040
0.42,28844
0.42,28264
0.42,28762
0.42,28827
0.42,28790
0.42,29580
0.42,28798
0.42,28304
0.42,28454
0.42,28386
0.42,27853
0.42,27154
0.42,27234
0.42,28283
0.42,28122
0.42,28339
0.42,28135
0.42,27891
0.42,28062
0.42,28060
0.42,29228
0.42,29695
0.42,29713
0.42,30020
0.42,29295
0.42,27752
0.42,26960
0.43,27360
0.43,27397
0.43,27929
0.43,27915
0.43,28123
0.43,27787
0.43,28721
0.43,29575
0.43,29571
0.43,29643
0.43,29568
0.43,29477
0.43,30456
0.43,30750
0.43,30480
0.43,30405
0.43,30766
0.43,30757
0.43,30670
0.43,31223
0.43,30570
0.43,30431
0.43,29398
0.43,30393
0.43,29675
0.43,30100
0.43,30533
0.43,29912
0.43,30343
0.43,30324
0.43,31541
0.43,31513
0.43,31689
0.43,31380
0.43,31340
0.43,30884
0.43,31042
0.43,29667
0.43,29631
0.43,29544
0.43,29825
0.43,29534
0.43,30365
0.43,29778
0.43,30031
0.43,30074
0.43,30176
0.43,29900
0.43,30977
0.43,30737
0.43,29944
0.43,29569
0.43,29635
0.43,29634
0.43,31115
0.43,29806
0.43,30043
0.43,29046
0.43,29913
0.43,29910
0.43,30882
0.44,30820
0.44,30553
0.44,30754
0.44,30887
0.44,31500
0.44,31624
0.44,31728
0.44,31958
0.44,30683
0.44,32354
0.44,31961
0.44,32216
0.44,32307
0.44,31961
0.44,31900
0.44,31848
0.44,32605
0.44,32669
0.44,32243
0.44,31674
0.44,31996
0.44,32115
0.44,32075
0.44,31965
0.44,31301
0.44,32003
0.44,32230
0.44,31639
0.44,31991
0.44,31347
0.44,31378
0.44,31292
0.44,29895
0.44,29406
0.44,28771
0.44,28907
0.44,28544
0.44,27389
0.44,26819
0.44,26964
0.44,26724
0.44,26990
0.44,26907
0.44,26910
0.44,26942
0.44,28015
0.44,28011
0.44,28527
0.44,28534
0.44,28874
0.44,28550
0.44,28529
0.44,28491
0.44,27068
0.44,28287
0.44,29296
0.44,29705
0.44,28156
0.44,28055
0.44,28295
0.44,28111
0.44,27702
0.44,27612
0.44,26943
0.44,27276
0.45,27222
0.45,28377
0.45,27354
0.45,27922
0.45,27780
0.45,28613
0.45,28973
0.45,28587
0.45,28667
0.45,28397
0.45,28540
0.45,28586
0.45,28622
0.45,28786
0.45,28155
0.45,27877
0.45,28263
0.45,28665
0.45,30785
0.45,31490
0.45,31861
0.45,31328
0.45,30791
0.45,30647
0.45,30808
0.45,30481
0.45,30089
0.45,30050
0.45,30304
0.45,30417
0.45,29630
0.45,29643
0.45,29628
0.45,29755
0.45,29817
0.45,30097
0.45,30590
0.45,31400
0.45,30836
0.45,31031
0.45,30888
0.45,30854
0.45,29870
0.45,29791
0.45,29541
0.45,29787
0.45,30900
0.45,30486
0.45,30601
0.45,30471
0.45,30647
0.45,30489
0.45,30366
0.45,29728
0.45,30815
0.45,30623
0.45,31404
0.45,31742
0.45,31348
0.45,30987
0.45,30910
0.45,31083
0.45,30988
0.45,31358
0.45,31301
0.46,31396
0.46,32122
0.46,31513
0.46,31631
0.46,31451
0.46,31925
0.46,31432
0.46,32236
0.46,32287
0.46,31951
0.46,30155
0.46,30001
0.46,29301
0.46,29609
0.46,29940
0.46,30224
0.46,31166
0.46,30339
0.46,30494
0.46,30058
0.46,30108
0.46,30091
0.46,31735
0.46,32141
0.46,32181
0.46,31958
0.46,31550
0.46,31653
0.46,31816
0.46,31661
0.46,31396
0.46,29592
0.46,29761
0.46,29778
0.46,29656
0.46,30353
0.46,30180
0.46,29511
0.46,29535
0.46,29253
0.46,29006
0.46,27728
0.46,27659
0.46,27571
0.46,27564
0.46,27598
0.46,28155
0.46,28236
0.46,29034
0.46,28615
0.46,29130
0.46,29197
0.46,29053
0.46,29499
0.46,29914
0.46,29632
0.46,30111
0.46,31061
0.46,31086
0.46,30589
0.47,30743
0.47,30031
0.47,30012
0.47,30286
0.47,29387
0.47,29508
0.47,29770
0.47,29566
0.47,29518
0.47,29568
0.47,30294
0.47,30266
0.47,30027
0.47,29891
0.47,30845
0.47,30774
0.47,30412
0.47,30350
0.47,29236
0.47,29286
0.47,29495
0.47,29725
0.47,29996
0.47,29932
0.47,29416
0.47,29168
0.47,29229
0.47,29451
0.47,30064
0.47,30022
0.47,29388
0.47,29531
0.47,29535
0.47,29751
0.47,30579
0.47,30649
0.47,31393
0.47,30522
0.47,30444
0.47,30476
0.47,30485
0.47,30441
0.47,30924
0.47,31392
0.47,31469
0.47,33000
0.47,32849
0.47,32684
0.47,32584
0.47,32087
0.47,32076
0.47,32104
0.47,32054
0.47,32412
0.47,32338
0.47,32257
0.47,31687
0.47,31323
0.47,30885
0.47,31350
0.47,31355
0.47,31473
0.47,31639
0.47,30534
0.47,30491
0.47,29923
0.47,30137
0.48,30480
0.48,30349
0.48,29467
0.48,29094
0.48,29105
0.48,30142
0.48,30138
0.48,30034
0.48,29818
0.48,31128
0.48,30966
0.48,30754
0.48,31137
0.48,31018
0.48,31012
0.48,30635
0.48,30640
0.48,30689
0.48,30492
0.48,29645
0.48,28929
0.48,28308
0.48,29056
0.48,29055
0.48,29293
0.48,28228
0.48,27896
0.48,28074
0.48,28076
0.48,28205
0.48,28203
0.48,29047
0.48,29520
0.48,29335
0.48,30229
0.48,30270
0.48,29666
0.48,29520
0.48,29314
0.48,29283
0.48,28435
0.48,29741
0.48,30579
0.48,30816
0.48,31295
0.48,30664
0.48,30998
0.48,30483
0.48,30643
0.48,31055
0.48,30914
0.48,31274
0.48,30765
0.48,30708
0.48,30547
0.48,31287
0.48,31582
0.48,30268
0.48,30241
0.48,31268
0.48,31441
0.48,31027
0.48,31724
0.48,31768
0.48,31680
0.48,32306
0.49,30507
0.49,29264
0.49,31034
0.49,30658
0.49,30192
0.49,29800
0.49,29871
0.49,30590
0.49,30974
0.49,30593
0.49,30824
0.49,30636
0.49,30934
0.49,31347
0.49,30148
0.49,30053
0.49,29981
0.49,30827
0.49,30811
0.49,30812
0.49,30583
0.49,30327
0.49,30387
0.49,30222
0.49,30384
0.49,30648
0.49,30659
0.49,30230
0.49,30453
0.49,30761
0.49,31271
0.49,30212
0.49,30694
0.49,30667
0.49,30327
0.49,30509
0.49,31505
0.49,29349
0.49,29282
0.49,28876
0.49,28153
0.49,26953
0.49,25817
0.49,26785
0.49,26620
0.49,27462
0.49,27670
0.49,27686
0.49,27729
0.49,27341
0.49,27356
0.49,27175
0.49,26990
0.49,26770
0.49,26592
0.49,27814
0.49,27982
0.49,28329
0.49,28163
0.49,29094
0.49,29076
0.49,28990
0.49,28978
0.49,28467
0.49,29090
0.49,29325
0.50,29506
0.50,29245
0.50,29662
0.50,29037
0.50,28948
0.50,29079
0.50,28966
0.50,28954
0.50,28377
0.50,28240
0.50,28178
0.50,28811
0.50,28463
0.50,29114
0.50,29811
0.50,29078
0.50,29396
0.50,29444
0.50,29650
0.50,29766
0.50,29960
0.50,30428
0.50,29586
0.50,28454
0.50,28156
0.50,27940
0.50,28480
0.50,27399
0.50,27493
0.50,27331
0.50,27879
0.50,28973
0.50,29373
0.50,29964
0.50,30075
0.50,31622
0.50,32339
0.50,31891
0.50,31602
0.50,31844
0.50,32478
0.50,31870
0.50,30576
0.50,30578
0.50,31479
0.50,30784
0.50,29840
0.50,30399
0.50,31968
0.50,31954
0.50,32074
0.50,32312
0.50,32674
0.50,32965
0.50,32977
0.50,32131
0.50,32134
0.50,32198
0.50,32260
0.50,31717
0.50,31744
0.50,32143
0.50,31626
0.51,31902
0.51,31602
0.51,31713
0.51,31444
0.51,31295
0.51,30219
0.51,30199
0.51,29987
0.51,28521
0.51,28521
0.51,28722
0.51,28667
0.51,29288
0.51,29638
0.51,29121
0.51,29067
0.51,29028
0.51,28813
0.51,29958
0.51,30003
0.51,29752
0.51,29987
0.51,28328
0.51,28217
0.51,28299
0.51,28119
0.51,28208
0.51,28624
0.51,28889
0.51,28727
0.51,28597
0.51,28507
0.51,27792
0.51,28649
0.51,29215
0.51,29071
0.51,28959
0.51,28815
0.51,28066
0.51,27594
0.51,27602
0.51,27408
0.51,27517
0.51,27626
0.51,27039
0.51,27155
0.51,27279
0.51,26955
0.51,28676
0.51,28710
0.51,28997
0.51,29443
0.51,29192
0.51,29407
0.51,30018
0.51,30049
0.51,29807
0.51,29197
0.51,29318
0.51,27660
0.51,28157
0.51,25741
0.51,25733
0.52,26297
0.52,26354
0.52,26230
0.52,26566
0.52,26352
0.52,25269
0.52,24293
0.52,24237
0.52,23625
0.52,23800
0.52,23502
0.52,25532
0.52,26284
0.52,26422
0.52,27964
0.52,28665
0.52,28467
0.52,28954
0.52,28466
0.52,28427
0.52,27601
0.52,28212
0.52,27654
0.52,27931
0.52,27925
0.52,28340
0.52,28317
0.52,29102
0.52,29155
0.52,28937
0.52,28937
0.52,28677
0.52,27923
0.52,27760
0.52,27675
0.52,27820
0.52,27834
0.52,29140
0.52,29096
0.52,28305
0.52,28619
0.52,28548
0.52,28175
0.52,29102
0.52,29136
0.52,28562
0.52,28822
0.52,27949
0.52,27780
0.52,27782
0.52,27974
0.52,29587
0.52,29871
0.52,30553
0.52,30655
0.52,30211
0.52,29975
0.52,29666
0.52,29822
0.52,27944
0.52,27849
0.53,27713
0.53,27339
0.53,27228
0.53,27369
0.53,27439
0.53,27609
0.53,27912
0.53,27794
0.53,27913
0.53,28301
0.53,28231
0.53,27983
0.53,27856
0.53,26504
0.53,26683
0.53,27234
0.53,27262
0.53,27327
0.53,28361
0.53,28349
0.53,28110
0.53,28059
0.53,28755
0.53,28298
0.53,28528
0.53,28666
0.53,28507
0.53,27849
0.53,28421
0.53,28923
0.53,28928
0.53,29439
0.53,29568
0.53,29101
0.53,29337
0.53,29655
0.53,28269
0.53,28688
0.53,29337
0.53,29998
0.53,29782
0.53,30000
0.53,30114
0.53,30522
0.53,30429
0.53,30362
0.53,30410
0.53,29910
0.53,30457
0.53,30787
0.53,30901
0.53,30045
0.53,29921
0.53,30433
0.53,30897
0.53,30454
0.53,30600
0.53,31018
0.53,31434
0.53,31553
0.53,31488
0.53,31342
0.53,31243
0.54,30965
0.54,30787
0.54,30882
0.54,31131
0.54,31242
0.54,31414
0.54,31445
0.54,31531
0.54,30652
0.54,31428
0.54,31683
0.54,31771
0.54,31970
0.54,31509
0.54,32131
0.54,32294
0.54,32236
0.54,31170
0.54,31374
0.54,31307
0.54,31437
0.54,31572
0.54,31642
0.54,31469
0.54,31346
0.54,32043
0.54,31931
0.54,31839
0.54,31595
0.54,30541
0.54,30758
0.54,31616
0.54,31386
0.54,31455
0.54,31622
0.54,31516
0.54,32073
0.54,30965
0.54,31606
0.54,29541
0.54,28369
0.54,28364
0.54,29218
0.54,28940
0.54,28276
0.54,28032
0.54,27719
0.54,27412
0.54,26516
0.54,26989
0.54,27311
0.54,27810
0.54,27633
0.54,29196
0.54,30793
0.54,29909
0.54,30122
0.54,30331
0.54,30273
0.54,30279
0.54,32638
0.54,32292
0.54,32577
0.54,32633
0.54,32576
0.54,32922
0.55,32979
0.55,32901
0.55,31549
0.55,30940
0.55,31044
0.55,30768
0.55,30669
0.55,30370
0.55,30553
0.55,31174
0.55,31431
0.55,31677
0.55,31631
0.55,31846
0.55,31010
0.55,30710
0.55,31186
0.55,29871
0.55,29880
0.55,29850
0.55,29528
0.55,30399
0.55,30608
0.55,30176
0.55,30055
0.55,29580
0.55,29718
0.55,29669
0.55,29766
0.55,29440
0.55,30492
0.55,31104
0.55,30578
0.55,30871
0.55,30579
0.55,30426
0.55,29325
0.55,29361
0.55,28780
0.55,28547
0.55,28774
0.55,29056
0.55,29448
0.55,27874
0.55,27014
0.55,26584
0.55,27504
0.55,27675
0.55,28102
0.55,27821
0.55,27462
0.55,27460
0.55,27684
0.55,27081
0.55,27618
0.55,27949
0.55,28040
0.55,28240
0.55,28078
0.55,27088
0.55,27629
0.56,27696
0.56,27701
0.56,27515
0.56,27385
0.56,27418
0.56,27343
0.56,26947
0.56,26945
0.56,27403
0.56,26357
0.56,26274
0.56,25850
0.56,27365
0.56,27862
0.56,28002
0.56,28572
0.56,28672
0.56,28925
0.56,29856
0.56,30076
0.56,30493
0.56,30829
0.56,30721
0.56,31175
0.56,31780
0.56,31948
0.56,31165
0.56,31097
0.56,31318
0.56,30908
0.56,30959
0.56,30865
0.56,30693
0.56,30732
0.56,30814
0.56,30751
0.56,30731
0.56,30389
0.56,30984
0.56,30973
0.56,30503
0.56,31039
0.56,30010
0.56,30252
0.56,30639
0.56,30662
0.56,29786
0.56,30017
0.56,29970
0.56,30243
0.56,30423
0.56,30417
0.56,30404
0.56,30244
0.56,30505
0.56,30733
0.56,30690
0.56,30873
0.56,30453
0.56,29894
0.56,29723
0.56,28876
0.56,28288
0.56,28292
0.56,27684
0.56,27780
0.57,27574
0.57,27643
0.57,27477
0.57,27490
0.57,26121
0.57,25914
0.57,27442
0.57,27886
0.57,29163
0.57,29424
0.57,29850
0.57,29864
0.57,30390
0.57,30444
0.57,30723
0.57,30695
0.57,31062
0.57,31009
0.57,31147
0.57,31449
0.57,30950
0.57,30714
0.57,30492
0.57,30223
0.57,30302
0.57,30097
0.57,30198
0.57,29944
0.57,29397
0.57,29848
0.57,30268
0.57,30219
0.57,30329
0.57,29456
0.57,29405
0.57,29973
0.57,29541
0.57,29509
0.57,29908
0.57,29385
0.57,29723
0.57,29370
0.57,30050
0.57,30385
0.57,30401
0.57,29444
0.57,29193
0.57,28210
0.57,28076
0.57,27855
0.57,28682
0.57,28978
0.57,29621
0.57,29068
0.57,30226
0.57,29867
0.57,29986
0.57,29904
0.57,29880
0.57,29546
0.57,29844
0.57,30488
0.57,30470
0.57,30705
0.57,30652
0.57,30710
0.57,30656
0.58,30277
0.58,29792
0.58,29656
0.58,28222
0.58,28195
0.58,28205
0.58,28261
0.58,28257
0.58,28522
0.58,27915
0.58,28267
0.58,28481
0.58,29356
0.58,29249
0.58,31619
0.58,31645
0.58,30463
0.58,30969
0.58,31235
0.58,31726
0.58,31495
0.58,32013
0.58,33083
0.58,33258
0.58,32804
0.58,31608
0.58,31100
0.58,31248
0.58,31551
0.58,32105
0.58,31925
0.58,30905
0.58,31153
0.58,31802
0.58,29365
0.58,29680
0.58,29772
0.58,29266
0.58,28986
0.58,28095
0.58,28029
0.58,28078
0.58,28135
0.58,28419
0.58,27902
0.58,28117
0.58,27770
0.58,27332
0.58,27147
0.58,29464
0.58,29788
0.58,29587
0.58,29037
0.58,29059
0.58,29014
0.58,29874
0.58,29259
0.58,29846
0.58,29963
0.58,30138
0.58,29219
0.58,29280
0.58,28538
0.58,29221
0.58,29397
0.59,29934
0.59,31195
0.59,31669
0.59,32428
0.59,32100
0.59,32061
0.59,32469
0.59,32515
0.59,33393
0.59,33145
0.59,33277
0.59,32593
0.59,32109
0.59,32735
0.59,32620
0.59,32602
0.59,32340
0.59,30724
0.59,30905
0.59,30703
0.59,30244
0.59,30276
0.59,30331
0.59,30396
0.59,30178
0.59,30219
0.59,31129
0.59,31736
0.59,31730
0.59,31802
0.59,31959
0.59,33628
0.59,33167
0.59,33017
0.59,32243
0.59,32572
0.59,32403
0.59,32056
0.59,31666
0.59,31751
0.59,31735
0.59,31510
0.59,31399
0.59,31544
0.59,31457
0.59,31552
0.59,31507
0.59,30924
0.59,30642
0.59,30762
0.59,30769
0.59,30960
0.59,30760
0.59,31259
0.59,31119
0.59,31026
0.59,29855
0.59,29006
0.59,28951
0.59,29336
0.59,28896
0.59,29670
0.59,30495
0.59,28964
0.59,28285
0.60,30230
0.60,30068
0.60,30005
0.60,29662
0.60,29819
0.60,29677
0.60,30170
0.60,29452
0.60,30653
0.60,30855
0.60,29012
0.60,28713
0.60,28669
0.60,28343
0.60,30696
0.60,30954
0.60,30745
0.60,30627
0.60,31310
0.60,31160
0.60,32131
0.60,32367
0.60,32154
0.60,31756
0.60,32030
0.60,32198
0.60,32764
0.60,32352
0.60,32361
0.60,31340
0.60,31039
0.60,30630
0.60,29751
0.60,29766
0.60,30501
0.60,30458
0.60,30601
0.60,30791
0.60,31835
0.60,32698
0.60,32606
0.60,32634
0.60,32493
0.60,32556
0.60,32615
0.60,32586
0.60,31958
0.60,31970
0.60,32159
0.60,32217
0.60,31458
0.60,31465
0.60,31607
0.60,31856
0.60,31894
0.60,31979
0.60,32959
0.60,32912
0.60,32857
0.60,33154
0.60,31328
0.60,31029
0.60,30778
0.60,30193
0.60,30146
0.61,30039
0.61,29616
0.61,29574
0.61,29606
0.61,29185
0.61,29206
0.61,29313
0.61,30739
0.61,30708
0.61,31554
0.61,31509
0.61,32242
0.61,32032
0.61,32135
0.61,32294
0.61,31391
0.61,32402
0.61,32244
0.61,32153
0.61,31860
0.61,31612
0.61,31750
0.61,31733
0.61,31689
0.61,31550
0.61,31463
0.61,31460
0.61,31356
0.61,29657
0.61,29918
0.61,30172
0.61,29995
0.61,29584
0.61,28981
0.61,29445
0.61,27537
0.61,28155
0.61,28421
0.61,27785
0.61,27167
0.61,26446
0.61,26602
0.61,26990
0.61,27035
0.61,26518
0.61,26177
0.61,26518
0.61,26378
0.61,26426
0.61,26859
0.61,28025
0.61,28295
0.61,28553
0.61,27951
0.61,29015
0.61,29210
0.61,30022
0.61,29986
0.62,29593
0.62,30577
0.62,30459
0.62,30418
0.62,30202
0.62,29899
0.62,30232
0.62,30363
0.62,30172
0.62,30517
0.62,30211
0.62,30063
0.62,30259
0.62,30307
0.62,30334
0.62,30352
0.62,30481
0.62,30173
0.62,29683
0.62,28526
0.62,28912
0.62,28949
0.62,28931
0.62,28546
0.62,28553
0.62,28157
0.62,28191
0.62,27750
0.62,27408
0.62,28569
0.62,28205
0.62,28203
0.62,28411
0.62,28306
0.62,28236
0.62,27819
0.62,27896
0.62,27677
0.62,25887
0.62,26029
0.62,26797
0.62,28197
0.62,28371
0.62,28771
0.62,28892
0.62,29098
0.62,28933
0.62,29066
0.62,29073
0.62,28364
0.62,28344
0.62,27600
0.62,27502
0.62,27676
0.62,27643
0.62,27344
0.62,27226
0.62,27961
0.62,28153
0.63,27888
0.63,25452
0.63,25757
0.63,26026
0.63,25854
0.63,26294
0.63,26437
0.63,26380
0.63,25995
0.63,25751
0.63,25579
0.63,26162
0.63,26178
0.63,26497
0.63,26563
0.63,26525
0.63,27149
0.63,28319
0.63,27665
0.63,26990
0.63,26356
0.63,26339
0.63,27232
0.63,27998
0.63,27613
0.63,27343
0.63,27165
0.63,27395
0.63,27157
0.63,26871
0.63,26525
0.63,26193
0.63,26198
0.63,26520
0.63,26330
0.63,25974
0.63,26256
0.63,26055
0.63,26219
0.63,26290
0.63,26113
0.63,26374
0.63,27745
0.63,27897
0.63,28488
0.63,29262
0.63,29260
0.63,29134
0.63,29293
0.63,29352
0.63,29588
0.63,29193
0.63,28164
0.63,26261
0.63,26734
0.63,26530
0.63,26584
0.63,27635
0.63,27339
0.63,27210
0.63,27138
0.63,26561
0.64,27303
0.64,27509
0.64,27688
0.64,27220
0.64,27183
0.64,26497
0.64,26484
0.64,26643
0.64,27778
0.64,27666
0.64,28491
0.64,27506
0.64,26735
0.64,28555
0.64,28551
0.64,28649
0.64,28833
0.64,28893
0.64,28864
0.64,28964
0.64,28369
0.64,29332
0.64,29412
0.64,29502
0.64,29523
0.64,29435
0.64,30023
0.64,31116
0.64,30707
0.64,30796
0.64,30389
0.64,28977
0.64,29243
0.64,28998
0.64,28589
0.64,28634
0.64,30165
0.64,30402
0.64,29888
0.64,30447
0.64,30853
0.64,30316
0.64,30234
0.64,29755
0.64,29567
0.64,29649
0.64,31301
0.64,31407
0.64,31315
0.64,31448
0.64,30859
0.64,30972
0.64,30937
0.64,31124
0.64,32300
0.64,31815
0.64,31584
0.64,31770
0.64,31635
0.64,31629
0.64,31504
0.64,29965
0.64,31037
0.65,31914
0.65,32008
0.65,31802
0.65,31913
0.65,31543
0.65,31060
0.65,31042
0.65,31183
0.65,31238
0.65,31751
0.65,31604
0.65,31565
0.65,31276
0.65,31084
0.65,31069
0.65,30049
0.65,29454
0.65,29160
0.65,29118
0.65,29006
0.65,28413
0.65,28534
0.65,28148
0.65,28049
0.65,28433
0.65,29995
0.65,30048
0.65,30391
0.65,30349
0.65,28402
0.65,29041
0.65,29576
0.65,28565
0.65,28179
0.65,28561
0.65,28594
0.65,27321
0.65,27869
0.65,27201
0.65,27478
0.65,28393
0.65,29847
0.65,29782
0.65,30450
0.65,30432
0.65,30320
0.65,29518
0.65,29462
0.65,29410
0.65,28561
0.65,28738
0.65,29054
0.65,28872
0.65,28623
0.65,28157
0.65,28962
0.65,29123
0.65,29458
0.65,29608
0.65,29528
0.65,30101
0.65,29900
0.65,28587
0.65,28928
0.65,29613
0.65,29896
0.65,29532
0.66,27562
0.66,27459
0.66,28328
0.66,29207
0.66,29618
0.66,29408
0.66,29433
0.66,29167
0.66,28440
0.66,28483
0.66,28766
0.66,29529
0.66,28613
0.66,28487
0.66,28437
0.66,28085
0.66,28307
0.66,30791
0.66,30801
0.66,30673
0.66,30716
0.66,30557
0.66,30670
0.66,30844
0.66,30830
0.66,31189
0.66,31190
0.66,31426
0.66,31160
0.66,31157
0.66,31270
0.66,31840
0.66,31987
0.66,30616
0.66,30236
0.66,30170
0.66,30012
0.66,29862
0.66,30197
0.66,30069
0.66,30338
0.66,30249
0.66,29520
0.66,29678
0.66,29791
0.66,29921
0.66,29514
0.66,28802
0.66,28508
0.66,28267
0.66,27865
0.66,26950
0.66,26707
0.66,28411
0.66,28200
0.66,28386
0.66,28413
0.66,28499
0.66,28468
0.66,28636
0.66,28692
0.67,27712
0.67,27262
0.67,27672
0.67,27725
0.67,27722
0.67,27967
0.67,27803
0.67,27460
0.67,27837
0.67,27556
0.67,28571
0.67,28909
0.67,28534
0.67,28362
0.67,28131
0.67,28212
0.67,28165
0.67,28276
0.67,28972
0.67,28867
0.67,28841
0.67,28867
0.67,28652
0.67,28978
0.67,27794
0.67,27757
0.67,27811
0.67,27668
0.67,27964
0.67,27693
0.67,26913
0.67,27233
0.67,27112
0.67,26904
0.67,26843
0.67,27006
0.67,27346
0.67,27634
0.67,28034
0.67,28078
0.67,28140
0.67,27960
0.67,28518
0.67,28839
0.67,28135
0.67,27621
0.67,27373
0.67,26966
0.67,27009
0.67,25570
0.67,25947
0.67,25932
0.67,26569
0.67,26147
0.67,26175
0.67,26678
0.67,26105
0.67,26726
0.68,27098
0.68,27556
0.68,28441
0.68,27805
0.68,27999
0.68,28130
0.68,28128
0.68,27635
0.68,27259
0.68,27686
0.68,29510
0.68,28625
0.68,28502
0.68,26679
0.68,27113
0.68,26828
0.68,26944
0.68,27081
0.68,26067
0.68,25670
0.68,25579
0.68,25890
0.68,26567
0.68,26279
0.68,25967
0.68,26396
0.68,27105
0.68,26733
0.68,26825
0.68,27193
0.68,27925
0.68,28047
0.68,28027
0.68,26883
0.68,27234
0.68,27367
0.68,27758
0.68,27849
0.68,27652
0.68,27292
0.68,27269
0.68,25782
0.68,25905
0.68,26491
0.68,26584
0.68,26139
0.68,26147
0.68,26497
0.68,26061
0.68,25342
0.68,25475
0.68,25870
0.68,26246
0.68,26093
0.68,26757
0.69,26860
0.69,27008
0.69,27944
0.69,27745
0.69,28753
0.69,28519
0.69,28576
0.69,28542
0.69,29287
0.69,29518
0.69,29508
0.69,29155
0.69,29078
0.69,29130
0.69,30800
0.69,31236
0.69,31425
0.69,31299
0.69,31177
0.69,29681
0.69,29909
0.69,30114
0.69,29659
0.69,29732
0.69,29685
0.69,29609
0.69,29137
0.69,28210
0.69,28481
0.69,28328
0.69,28051
0.69,28622
0.69,28320
0.69,28382
0.69,28134
0.69,28650
0.69,29115
0.69,29244
0.69,28930
0.69,28824
0.69,28709
0.69,28644
0.69,28145
0.69,28125
0.69,27972
0.69,28090
0.69,28286
0.69,29134
0.69,28968
0.69,28185
0.69,28665
0.69,28451
0.69,27328
0.69,27470
0.69,27367
0.69,27452
0.69,27593
0.69,27281
0.70,27417
0.70,27629
0.70,27623
0.70,28087
0.70,28504
0.70,29140
0.70,28858
0.70,28920
0.70,28878
0.70,27574
0.70,28091
0.70,28387
0.70,28802
0.70,28331
0.70,28754
0.70,29018
0.70,28992
0.70,27682
0.70,28273
0.70,27938
0.70,27879
0.70,27834
0.70,26934
0.70,26926
0.70,27664
0.70,27832
0.70,29495
0.70,28227
0.70,27419
0.70,26272
0.70,26989
0.70,27011
0.70,27914
0.70,28340
0.70,28289
0.70,28179
0.70,29103
0.70,28927
0.70,28788
0.70,29138
0.70,29461
0.70,28954
0.70,28945
0.70,28684
0.70,28625
0.70,28635
0.70,28286
0.70,28201
0.70,28545
0.70,28290
0.70,28224
0.70,27702
0.70,27639
0.70,27754
0.70,28334
0.70,28581
0.71,29845
0.71,29730
0.71,29800
0.71,29861
0.71,29835
0.71,29839
0.71,29939
0.71,29786
0.71,31234
0.71,30380
0.71,29709
0.71,29716
0.71,30249
0.71,30634
0.71,28670
0.71,29278
0.71,28792
0.71,28700
0.71,28861
0.71,30098
0.71,30312
0.71,28933
0.71,27597
0.71,27117
0.71,27460
0.71,26707
0.71,27631
0.71,27253
0.71,26768
0.71,26811
0.71,26270
0.71,25638
0.71,25805
0.71,25672
0.71,25878
0.71,26696
0.71,27401
0.71,27502
0.71,27212
0.71,26516
0.71,27363
0.71,27506
0.71,27483
0.71,26164
0.71,26363
0.71,25745
0.71,25297
0.71,25193
0.71,24550
0.71,24695
0.71,24505
0.71,25020
0.71,25129
0.71,26910
0.71,26476
0.72,26520
0.72,27258
0.72,27563
0.72,27406
0.72,27752
0.72,26531
0.72,26618
0.72,26187
0.72,26545
0.72,26703
0.72,26878
0.72,26853
0.72,26771
0.72,25444
0.72,25246
0.72,25010
0.72,24987
0.72,24770
0.72,24422
0.72,24780
0.72,24730
0.72,26162
0.72,27207
0.72,28157
0.72,28227
0.72,28578
0.72,28511
0.72,29374
0.72,28607
0.72,28387
0.72,29276
0.72,27372
0.72,27566
0.72,28374
0.72,27051
0.72,28201
0.72,29107
0.72,28331
0.72,27745
0.72,27390
0.72,27327
0.72,27346
0.72,27151
0.72,27123
0.72,28732
0.72,28653
0.72,28095
0.72,27185
0.72,26742
0.72,27022
0.72,27133
0.72,26760
0.72,25604
0.72,26409
0.72,26236
0.73,26794
0.73,26775
0.73,26531
0.73,26975
0.73,26503
0.73,26672
0.73,27245
0.73,26796
0.73,26691
0.73,26487
0.73,26235
0.73,26941
0.73,26851
0.73,26781
0.73,26306
0.73,26330
0.73,26166
0.73,26108
0.73,26159
0.73,25706
0.73,25008
0.73,24962
0.73,24808
0.73,27965
0.73,27962
0.73,28763
0.73,28606
0.73,27184
0.73,27322
0.73,27472
0.73,28531
0.73,28317
0.73,28890
0.73,29081
0.73,29073
0.73,28235
0.73,29056
0.73,29242
0.73,28499
0.73,28450
0.73,29481
0.73,29087
0.73,27489
0.73,27455
0.73,27418
0.73,26779
0.73,26268
0.73,27226
0.73,27748
0.73,28058
0.73,28160
0.73,26993
0.73,26508
0.73,27423
0.73,26772
0.73,26793
0.73,26805
0.73,27099
0.73,26542
0.74,26459
0.74,25893
0.74,25198
0.74,24829
0.74,24614
0.74,24501
0.74,24578
0.74,24946
0.74,24954
0.74,25197
0.74,25323
0.74,25102
0.74,25197
0.74,25193
0.74,25082
0.74,26441
0.74,26512
0.74,26376
0.74,26369
0.74,26459
0.74,26626
0.74,28311
0.74,28321
0.74,28370
0.74,28278
0.74,26819
0.74,26361
0.74,25757
0.74,25779
0.74,25630
0.74,25817
0.74,25465
0.74,25441
0.74,25942
0.74,25935
0.74,26164
0.74,26404
0.74,26246
0.74,26986
0.74,26283
0.74,25935
0.74,25959
0.74,25658
0.74,25298
0.75,25798
0.75,25799
0.75,26002
0.75,26145
0.75,26176
0.75,26172
0.75,25926
0.75,26521
0.75,26819
0.75,26658
0.75,26766
0.75,26653
0.75,26953
0.75,26555
0.75,26535
0.75,26722
0.75,27153
0.75,26793
0.75,27128
0.75,27665
0.75,27578
0.75,26970
0.75,27028
0.75,26775
0.75,27129
0.75,27174
0.75,27994
0.75,27875
0.75,28069
0.75,28150
0.75,27730
0.75,27880
0.75,28329
0.75,27885
0.75,28698
0.75,28068
0.75,28167
0.75,28304
0.75,27762
0.75,27018
0.75,26485
0.75,27252
0.75,27160
0.75,27288
0.75,27190
0.75,24829
0.75,25451
0.75,25568
0.75,25269
0.75,25309
0.75,25167
0.75,25695
0.75,25645
0.75,26226
0.75,26200
0.75,26215
0.75,28261
0.76,27613
0.76,27828
0.76,28684
0.76,28235
0.76,28209
0.76,28218
0.76,27628
0.76,27248
0.76,27100
0.76,27022
0.76,26122
0.76,27014
0.76,28653
0.76,28963
0.76,29008
0.76,29095
0.76,27870
0.76,27870
0.76,28029
0.76,28059
0.76,28147
0.76,28012
0.76,28139
0.76,28000
0.76,28337
0.76,28354
0.76,28491
0.76,28909
0.76,28924
0.76,28810
0.76,27608
0.76,27031
0.76,26181
0.76,26407
0.76,26365
0.76,26496
0.76,26733
0.76,26511
0.76,26796
0.76,26769
0.76,26800
0.76,26805
0.76,27200
0.76,26995
0.76,27891
0.76,27847
0.76,27489
0.76,27585
0.76,27673
0.76,27587
0.76,27345
0.76,26888
0.76,27428
0.76,26982
0.76,27110
0.76,27712
0.76,27576
0.76,27580
0.76,27403
0.77,28184
0.77,28055
0.77,27680
0.77,28017
0.77,28472
0.77,28659
0.77,28325
0.77,28785
0.77,28546
0.77,28572
0.77,29332
0.77,29787
0.77,29561
0.77,28708
0.77,28579
0.77,28509
0.77,27994
0.77,28018
0.77,28265
0.77,29197
0.77,29268
0.77,29990
0.77,29903
0.77,29285
0.77,29684
0.77,30882
0.77,30920
0.77,30150
0.77,29145
0.77,29129
0.77,29120
0.77,29156
0.77,28976
0.77,29667
0.77,29538
0.77,29285
0.77,29128
0.77,29419
0.77,29329
0.77,28769
0.77,29036
0.77,28592
0.77,28518
0.77,27839
0.77,28196
0.77,27910
0.77,28803
0.77,28745
0.77,29262
0.77,29020
0.77,29073
0.77,29161
0.77,28228
0.77,28103
0.77,27815
0.77,27952
0.77,27791
0.77,27407
0.78,27669
0.78,27074
0.78,27093
0.78,27275
0.78,27325
0.78,27653
0.78,27658
0.78,28288
0.78,27947
0.78,28227
0.78,28003
0.78,27659
0.78,27152
0.78,27233
0.78,27297
0.78,27179
0.78,27299
0.78,27363
0.78,27849
0.78,28402
0.78,27749
0.78,27780
0.78,27150
0.78,26156
0.78,25434
0.78,26675
0.78,27130
0.78,26472
0.78,25899
0.78,25663
0.78,25904
0.78,26473
0.78,26235
0.78,26413
0.78,26094
0.78,27092
0.78,27714
0.78,28108
0.78,27838
0.78,27676
0.78,27395
0.78,28201
0.78,28068
0.78,28013
0.78,27810
0.78,27719
0.78,26937
0.78,27253
0.78,27468
0.78,27129
0.78,26813
0.78,27136
0.78,27475
0.78,27931
0.78,27743
0.78,28147
0.78,27978
0.78,28932
0.78,30730
0.78,30324
0.78,29978
0.78,27867
0.79,27596
0.79,27777
0.79,27884
0.79,26501
0.79,26418
0.79,26616
0.79,26671
0.79,26583
0.79,26955
0.79,26936
0.79,26904
0.79,26867
0.79,27972
0.79,27811
0.79,26576
0.79,26429
0.79,26741
0.79,27459
0.79,27570
0.79,27468
0.79,27980
0.79,27356
0.79,27505
0.79,27592
0.79,27272
0.79,28937
0.79,28919
0.79,28951
0.79,28435
0.79,28639
0.79,27842
0.79,27989
0.79,27738
0.79,27925
0.79,27248
0.79,27082
0.79,27153
0.79,27456
0.79,28031
0.79,28657
0.79,28703
0.79,28629
0.79,28391
0.79,28319
0.79,28282
0.79,26914
0.79,27863
0.79,28485
0.79,28164
0.79,27933
0.79,29248
0.79,29204
0.79,29255
0.79,29035
0.79,28628
0.79,28289
0.80,28288
0.80,26327
0.80,25452
0.80,25748
0.80,25872
0.80,25693
0.80,25602
0.80,25569
0.80,25414
0.80,25421
0.80,25451
0.80,25192
0.80,25902
0.80,25853
0.80,24845
0.80,24645
0.80,25213
0.80,25282
0.80,25887
0.80,27624
0.80,26859
0.80,26602
0.80,26388
0.80,26508
0.80,26464
0.80,26472
0.80,26279
0.80,26333
0.80,26527
0.80,26506
0.80,26384
0.80,26388
0.80,26472
0.80,27552
0.80,26343
0.80,27312
0.80,27388
0.80,27383
0.80,27580
0.80,27967
0.80,27855
0.80,27648
0.80,27737
0.80,27798
0.80,27077
0.80,27129
0.80,27036
0.80,26738
0.80,25806
0.80,25607
0.80,25599
0.80,26267
0.81,27087
0.81,27403
0.81,27386
0.81,27726
0.81,28078
0.81,28606
0.81,27477
0.81,27745
0.81,27281
0.81,26960
0.81,26992
0.81,27196
0.81,27068
0.81,27081
0.81,27013
0.81,27074
0.81,27225
0.81,26962
0.81,27166
0.81,27972
0.81,27973
0.81,28183
0.81,28206
0.81,28244
0.81,28316
0.81,27910
0.81,27871
0.81,27888
0.81,28449
0.81,28364
0.81,28702
0.81,28087
0.81,27407
0.81,27216
0.81,27397
0.81,27292
0.81,26076
0.81,25861
0.81,26101
0.81,25814
0.81,25966
0.81,25061
0.81,26015
0.81,26283
0.81,25479
0.81,25622
0.81,24668
0.81,24773
0.81,24959
0.81,24653
0.81,25066
0.81,25038
0.81,25417
0.81,25265
0.81,26063
0.82,25948
0.82,26928
0.82,26789
0.82,28154
0.82,27320
0.82,27274
0.82,26595
0.82,26955
0.82,27769
0.82,27852
0.82,27455
0.82,29328
0.82,29842
0.82,29925
0.82,30311
0.82,29272
0.82,29756
0.82,29848
0.82,29577
0.82,30207
0.82,29933
0.82,30208
0.82,30451
0.82,29852
0.82,29703
0.82,30892
0.82,30362
0.82,30038
0.82,31068
0.82,30416
0.82,29991
0.82,29920
0.82,30478
0.82,30373
0.82,30669
0.82,30705
0.82,30402
0.82,30254
0.82,30278
0.82,30096
0.82,29423
0.82,30478
0.82,29216
0.82,27103
0.82,26935
0.82,26929
0.82,26421
0.82,26304
0.82,26230
0.82,26250
0.82,26589
0.82,26627
0.82,26544
0.82,25398
0.82,26004
0.82,25623
0.82,25800
0.82,26011
0.82,26313
0.82,26415
0.83,25961
0.83,25989
0.83,25997
0.83,26658
0.83,26685
0.83,27323
0.83,26893
0.83,26604
0.83,27143
0.83,26982
0.83,27115
0.83,26456
0.83,26160
0.83,26183
0.83,26376
0.83,26240
0.83,26132
0.83,25714
0.83,25885
0.83,26033
0.83,26117
0.83,25888
0.83,26125
0.83,26024
0.83,26359
0.83,26587
0.83,26695
0.83,26846
0.83,27101
0.83,27336
0.83,27804
0.83,28301
0.83,27840
0.83,27705
0.83,27280
0.83,27396
0.83,27728
0.83,29566
0.83,29514
0.83,29494
0.83,29528
0.83,29675
0.83,30060
0.83,30275
0.83,29883
0.83,30783
0.83,30653
0.83,30299
0.83,27396
0.83,27154
0.83,27202
0.83,28196
0.83,27567
0.83,28235
0.83,28622
0.83,28322
0.83,28191
0.83,28183
0.84,28477
0.84,28781
0.84,28589
0.84,28738
0.84,28846
0.84,28663
0.84,27960
0.84,27917
0.84,29141
0.84,28169
0.84,28156
0.84,28075
0.84,28878
0.84,29225
0.84,29856
0.84,29523
0.84,29624
0.84,29696
0.84,27901
0.84,28163
0.84,28132
0.84,28299
0.84,28459
0.84,28070
0.84,29027
0.84,28947
0.84,28685
0.84,28722
0.84,28974
0.84,28970
0.84,29219
0.84,29233
0.84,29872
0.84,30070
0.84,29893
0.84,30867
0.84,30966
0.84,30813
0.84,30043
0.84,30021
0.84,30230
0.84,30207
0.84,30080
0.84,30652
0.84,30269
0.84,29903
0.84,29959
0.84,29383
0.84,29309
0.84,29111
0.84,29020
0.84,29486
0.84,29301
0.84,30040
0.84,30314
0.84,30582
0.84,30569
0.85,30713
0.85,30850
0.85,30875
0.85,30198
0.85,30060
0.85,29934
0.85,30696
0.85,31226
0.85,31515
0.85,31467
0.85,31721
0.85,31197
0.85,31125
0.85,30938
0.85,30809
0.85,31104
0.85,31783
0.85,30636
0.85,30630
0.85,29993
0.85,30128
0.85,30730
0.85,30533
0.85,30073
0.85,29546
0.85,29605
0.85,29857
0.85,29868
0.85,29790
0.85,29979
0.85,29814
0.85,30393
0.85,30434
0.85,29880
0.85,30081
0.85,29761
0.85,29778
0.85,29005
0.85,29724
0.85,29909
0.86,30342
0.86,30403
0.86,30965
0.86,31087
0.86,31854
0.86,30783
0.86,30459
0.86,30606
0.86,30864
0.86,30485
0.86,30669
0.86,30907
0.86,30251
0.86,30089
0.86,30146
0.86,29519
0.86,29652
0.86,29174
0.86,29190
0.86,30263
0.86,30461
0.86,30423
0.86,29849
0.86,29774
0.86,26417
0.86,26119
0.86,28724
0.86,29510
0.86,30422
0.86,30029
0.86,30883
0.86,30852
0.86,30043
0.86,30147
0.86,30172
0.86,30310
0.86,30082
0.86,29408
0.86,29676
0.86,29822
0.86,29963
0.86,29882
0.86,29891
0.86,29702
0.86,30046
0.86,29290
0.86,29379
0.86,29698
0.86,30082
0.86,29758
0.86,29133
0.86,28827
0.86,29000
0.86,28836
0.86,28990
0.86,29044
0.86,29237
0.86,29266
0.86,29936
0.86,29761
0.87,30383
0.87,30263
0.87,30490
0.87,29866
0.87,30146
0.87,30419
0.87,30422
0.87,30258
0.87,30085
0.87,30598
0.87,30605
0.87,30675
0.87,30836
0.87,30861
0.87,29819
0.87,30123
0.87,30398
0.87,30512
0.87,30425
0.87,30704
0.87,30569
0.87,30569
0.87,30906
0.87,30862
0.87,30996
0.87,31529
0.87,31195
0.87,31199
0.87,31484
0.87,31360
0.87,31440
0.87,31451
0.87,31233
0.87,30857
0.87,30924
0.87,30750
0.87,30896
0.87,30896
0.87,30677
0.87,30324
0.87,30313
0.87,29159
0.87,29841
0.87,31117
0.87,30380
0.87,29698
0.87,30231
0.87,29438
0.87,29077
0.87,29544
0.87,30062
0.87,28984
0.87,28481
0.87,28693
0.87,28599
0.87,28375
0.87,28442
0.87,28691
0.87,28695
0.87,28458
0.88,28486
0.88,28496
0.88,28345
0.88,28382
0.88,28439
0.88,28228
0.88,28217
0.88,27969
0.88,28524
0.88,28466
0.88,28251
0.88,28229
0.88,28607
0.88,28707
0.88,28562
0.88,28584
0.88,28857
0.88,29221
0.88,28715
0.88,27328
0.88,26680
0.88,26390
0.88,26427
0.88,26035
0.88,26337
0.88,25751
0.88,25634
0.88,25256
0.88,26056
0.88,25256
0.88,26341
0.88,27254
0.88,27416
0.88,27575
0.88,27612
0.88,27170
0.88,27003
0.88,27323
0.88,27006
0.88,26362
0.88,25869
0.88,25911
0.88,26018
0.88,25872
0.88,26003
0.88,25300
0.88,25514
0.88,25289
0.88,25343
0.88,25993
0.88,25563
0.88,25505
0.88,26888
0.88,27341
0.89,27368
0.89,26825
0.89,26885
0.89,26892
0.89,28096
0.89,28125
0.89,28156
0.89,27749
0.89,27741
0.89,27721
0.89,28432
0.89,28983
0.89,28721
0.89,27894
0.89,28448
0.89,28850
0.89,28612
0.89,28752
0.89,28609
0.89,27934
0.89,28798
0.89,28981
0.89,28419
0.89,28493
0.89,26248
0.89,26221
0.89,26012
0.89,26764
0.89,27066
0.89,27146
0.89,26324
0.89,25490
0.89,24929
0.89,24650
0.89,24310
0.89,24133
0.89,24122
0.89,24059
0.89,24034
0.89,23642
0.89,23904
0.89,24006
0.89,24290
0.89,24197
0.90,24228
0.90,24819
0.90,25197
0.90,25328
0.90,25069
0.90,24999
0.90,26088
0.90,25348
0.90,25312
0.90,25481
0.90,25742
0.90,25759
0.90,26765
0.90,26646
0.90,26495
0.90,26816
0.90,27283
0.90,26893
0.90,27906
0.90,27914
0.90,27718
0.90,27325
0.90,26782
0.90,26534
0.90,26422
0.90,25561
0.90,25737
0.90,25757
0.90,25745
0.90,25333
0.90,25388
0.90,26044
0.90,26748
0.90,26918
0.90,26952
0.90,27273
0.90,27211
0.90,26940
0.90,27326
0.90,27841
0.90,27826
0.90,27794
0.90,26922
0.90,26303
0.90,26175
0.90,25931
0.90,26663
0.90,26857
0.90,26861
0.90,26603
0.90,26209
0.90,26261
0.90,24918
0.90,24829
0.91,24870
0.91,27554
0.91,27225
0.91,26994
0.91,27348
0.91,28275
0.91,27395
0.91,27312
0.91,28144
0.91,27440
0.91,26277
0.91,26217
0.91,26092
0.91,25911
0.91,25971
0.91,25411
0.91,25885
0.91,26082
0.91,26030
0.91,26047
0.91,26347
0.91,26265
0.91,25298
0.91,25155
0.91,24858
0.91,24804
0.91,25177
0.91,24019
0.91,24592
0.91,24474
0.91,24948
0.91,25361
0.91,25064
0.91,25240
0.91,25227
0.91,25336
0.91,25253
0.91,25504
0.91,25703
0.91,25335
0.91,25737
0.91,25674
0.91,25799
0.91,25783
0.91,25870
0.92,25809
0.92,26027
0.92,26471
0.92,27820
0.92,27913
0.92,27077
0.92,27387
0.92,26875
0.92,26707
0.92,26159
0.92,24998
0.92,25441
0.92,25325
0.92,25550
0.92,26585
0.92,26672
0.92,26839
0.92,25892
0.92,25832
0.92,26081
0.92,25674
0.92,25574
0.92,25886
0.92,25784
0.92,25488
0.92,25506
0.92,25545
0.92,25399
0.92,25305
0.92,25313
0.92,24906
0.92,25000
0.92,25354
0.92,23806
0.92,23735
0.92,23806
0.92,24050
0.92,24467
0.92,23984
0.92,23304
0.92,22887
0.93,22436
0.93,22452
0.93,22421
0.93,22459
0.93,22452
0.93,22203
0.93,22722
0.93,22676
0.93,24896
0.93,25017
0.93,25012
0.93,24386
0.93,24618
0.93,24615
0.93,24829
0.93,23306
0.93,23283
0.93,23422
0.93,23425
0.93,23188
0.93,22655
0.93,21961
0.93,22010
0.93,21859
0.93,21838
0.93,21892
0.93,22063
0.93,22359
0.93,21631
0.93,22294
0.93,23019
0.93,22946
0.93,23321
0.93,23993
0.93,23615
0.93,24993
0.93,25157
0.93,24697
0.93,24756
0.93,24484
0.93,25313
0.93,25778
0.93,25441
0.93,25136
0.93,25112
0.93,25010
0.93,26070
0.93,25443
0.93,26002
0.93,26457
0.94,26536
0.94,26225
0.94,26501
0.94,26371
0.94,25624
0.94,25710
0.94,26270
0.94,26422
0.94,26597
0.94,26349
0.94,26599
0.94,26700
0.94,27059
0.94,27099
0.94,27235
0.94,27424
0.94,28246
0.94,27676
0.94,27462
0.94,27078
0.94,26620
0.94,26706
0.94,26433
0.94,26471
0.94,26681
0.94,26981
0.94,27172
0.94,26231
0.94,26276
0.94,26095
0.94,26069
0.94,26098
0.94,27337
0.94,27125
0.94,25838
0.94,26047
0.94,25711
0.94,25353
0.94,25019
0.94,25845
0.94,24994
0.94,25177
0.94,25139
0.94,25142
0.94,25042
0.94,25929
0.94,26145
0.94,25749
0.94,26411
0.94,26426
0.94,26692
0.95,26266
0.95,26058
0.95,26621
0.95,26095
0.95,25936
0.95,26178
0.95,26107
0.95,25778
0.95,26027
0.95,25968
0.95,26210
0.95,25835
0.95,25512
0.95,25065
0.95,25319
0.95,23730
0.95,23398
0.95,23161
0.95,23223
0.95,23564
0.95,22837
0.95,22324
0.95,23578
0.95,23459
0.95,23715
0.95,23632
0.95,23641
0.95,23850
0.95,24553
0.95,24742
0.95,24825
0.95,24846
0.95,24699
0.95,24769
0.95,25054
0.95,24972
0.95,25115
0.95,25016
0.95,25011
0.95,25216
0.95,25521
0.95,25748
0.95,24036
0.95,24079
0.95,24179
0.95,24192
0.95,24106
0.95,24936
0.95,25221
0.95,25881
0.95,26397
0.95,27044
0.96,26129
0.96,26165
0.96,25830
0.96,25523
0.96,25524
0.96,25396
0.96,25510
0.96,25215
0.96,25240
0.96,25109
0.96,24839
0.96,24455
0.96,24614
0.96,24847
0.96,25278
0.96,25226
0.96,25158
0.96,25573
0.96,25456
0.96,26358
0.96,26497
0.96,27060
0.96,27067
0.96,27144
0.96,26974
0.96,26973
0.96,26719
0.96,25601
0.96,26239
0.96,26094
0.96,26172
0.96,26033
0.96,26011
0.96,25752
0.96,25147
0.96,25298
0.96,24880
0.96,24652
0.96,24660
0.96,24381
0.96,24178
0.96,24195
0.96,24195
0.96,24196
0.96,24728
0.96,24506
0.96,24264
0.96,24844
0.96,24488
0.96,24443
0.96,24136
0.96,24179
0.97,24529
0.97,24910
0.97,24899
0.97,24920
0.97,25167
0.97,25328
0.97,25335
0.97,25272
0.97,25272
0.97,24843
0.97,24636
0.97,24506
0.97,24245
0.97,24409
0.97,25833
0.97,25552
0.97,26039
0.97,27054
0.97,26685
0.97,26716
0.97,26894
0.97,26610
0.97,26673
0.97,26609
0.97,27369
0.97,27561
0.97,27256
0.97,27078
0.97,25998
0.97,25571
0.97,25628
0.97,25474
0.97,25128
0.97,25514
0.97,24219
0.97,24569
0.97,25579
0.97,25823
0.97,27013
0.97,24817
0.97,24939
0.97,26061
0.97,25137
0.97,24987
0.97,24703
0.98,25599
0.98,25729
0.98,27201
0.98,27656
0.98,26582
0.98,26511
0.98,26254
0.98,25965
0.98,26450
0.98,26272
0.98,25787
0.98,26154
0.98,26079
0.98,26262
0.98,26425
0.98,26473
0.98,26498
0.98,26516
0.98,26179
0.98,26941
0.98,27214
0.98,27825
0.98,27878
0.98,27014
0.98,27084
0.98,26463
0.98,26567
0.98,26437
0.98,26051
0.98,26628
0.98,27563
0.98,27890
0.98,27913
0.98,26966
0.98,27344
0.98,27601
0.98,27204
0.98,26862
0.98,27077
0.98,26780
0.98,27322
0.98,27933
0.98,28114
0.98,27754
0.98,28117
0.98,26722
0.98,26396
0.98,26948
0.98,26558
0.98,26598
0.98,26472
0.98,26550
0.99,26364
0.99,25875
0.99,25507
0.99,25640
0.99,25993
0.99,25772
0.99,25854
0.99,25340
0.99,25006
0.99,26282
0.99,26489
0.99,25928
0.99,25711
0.99,25858
0.99,25984
0.99,25194
0.99,26559
0.99,26373
0.99,26206
0.99,25228
0.99,25607
0.99,25468
0.99,26058
0.99,25961
0.99,25382
0.99,25337
0.99,25330
0.99,25461
0.99,25492
0.99,27138
0.99,26812
0.99,26481
0.99,26332
0.99,26301
0.99,26246
0.99,26001
0.99,25995
0.99,26045
0.99,27581
0.99,27785
0.99,27686
0.99,27514
0.99,27466
0.99,27639
0.99,27698
0.99,27698
0.99,27543
0.99,27908
0.99,28093
0.99,28485
1.00,28946
1.00,28193
1.00,27440
1.00,27526
1.00,26660
1.00,26246
1.00,26497
1.00,26262
1.00,26674
1.00,27465
1.00,27427
1.00,26957
1.00,27196
1.00,26791
1.00,26769
1.00,26550
1.00,26554
1.00,26425
1.00,26777
1.00,26861
1.00,26918
1.00,27183
1.00,27280
1.00,25428
1.00,25459
1.00,25579
1.00,25572
1.00,25053
1.00,24979
1.00,25461
1.00,25291
1.00,24382
1.00,24098
1.00,24912
1.00,25026
1.00,24959
1.00,24971
1.00,24993
1.00,24793
1.00,25341
1.00,25208
1.00,25498
1.00,25853
1.00,25642
1.00,25774
1.00,26816
1.01,27086
1.01,26781
1.01,27457
1.01,27345
1.01,27042
1.01,26959
1.01,26459
1.01,27236
1.01,27333
1.01,27556
1.01,27861
1.01,27607
1.01,27823
1.01,27929
1.01,27923
1.01,27882
1.01,28041
1.01,27716
1.01,26412
1.01,26078
1.01,25925
1.01,25812
1.01,25760
1.01,25086
1.01,24882
1.01,25131
1.01,24759
1.01,25628
1.01,25907
1.01,25988
1.01,24970
1.01,24752
1.01,24436
1.01,24534
1.01,24263
1.01,24645
1.01,25459
1.01,25729
1.01,24609
1.01,24773
1.01,24456
1.01,24192
1.01,23963
1.01,23410
1.01,23150
1.01,22553
1.01,23076
1.01,22902
1.01,24066
1.02,24152
1.02,23976
1.02,24303
1.02,24622
1.02,25395
1.02,25581
1.02,25787
1.02,25510
1.02,25553
1.02,24763
1.02,25233
1.02,25078
1.02,24962
1.02,24672
1.02,23770
1.02,24450
1.02,24449
1.02,23921
1.02,23536
1.02,23449
1.02,23157
1.02,23119
1.02,23232
1.02,23203
1.02,22484
1.02,22259
1.02,21520
1.02,21060
1.02,20724
1.02,21276
1.02,21359
1.02,21035
1.02,22177
1.02,22471
1.02,22516
1.02,22465
1.02,22542
1.02,22028
1.03,22598
1.03,22633
1.03,22877
1.03,21544
1.03,21598
1.03,21778
1.03,22379
1.03,22754
1.03,23188
1.03,23232
1.03,23120
1.03,23783
1.03,23963
1.03,23949
1.03,23028
1.03,22503
1.03,23129
1.03,22403
1.03,23111
1.03,23161
1.03,22650
1.03,22295
1.03,22878
1.03,22748
1.03,22767
1.03,22697
1.03,22688
1.03,22633
1.03,23523
1.03,23556
1.03,23178
1.03,23194
1.03,24127
1.03,25085
1.03,24859
1.03,24890
1.03,24693
1.03,24576
1.03,24724
1.03,24819
1.04,26243
1.04,26232
1.04,25991
1.04,26878
1.04,26442
1.04,26215
1.04,25957
1.04,25944
1.04,25599
1.04,26250
1.04,25945
1.04,26312
1.04,25122
1.04,25841
1.04,25724
1.04,26030
1.04,26192
1.04,25216
1.04,24532
1.04,24542
1.04,24476
1.04,24676
1.04,24363
1.04,24375
1.04,23583
1.04,23514
1.04,23425
1.04,23302
1.04,23142
1.04,23290
1.04,23126
1.04,23170
1.04,23509
1.04,23377
1.04,24302
1.04,24285
1.04,24385
1.04,24545
1.04,24994
1.04,24359
1.04,24044
1.04,24123
1.04,24824
1.04,24944
1.04,25375
1.04,25272
1.04,25212
1.04,25698
1.05,25180
1.05,23435
1.05,23550
1.05,23366
1.05,24471
1.05,23756
1.05,24177
1.05,24604
1.05,24412
1.05,24163
1.05,23936
1.05,24216
1.05,23987
1.05,23836
1.05,23856
1.05,23838
1.05,23651
1.05,24029
1.05,24095
1.05,24119
1.05,23916
1.05,23765
1.05,23539
1.05,23646
1.05,23530
1.05,23675
1.05,23426
1.05,23424
1.05,23692
1.05,23714
1.05,23335
1.05,23294
1.05,23278
1.05,22820
1.05,22739
1.05,23052
1.05,22861
1.06,22376
1.06,23254
1.06,24277
1.06,24269
1.06,24328
1.06,24000
1.06,23900
1.06,23803
1.06,24449
1.06,24254
1.06,24077
1.06,24186
1.06,24215
1.06,24769
1.06,24603
1.06,24493
1.06,24377
1.06,24580
1.06,24058
1.06,24015
1.06,24591
1.06,24791
1.06,24793
1.06,25116
1.06,24730
1.06,25041
1.06,25034
1.06,26118
1.06,26138
1.06,25949
1.06,25617
1.06,25346
1.06,25436
1.06,25657
1.06,24878
1.06,24985
1.06,24627
1.07,24598
1.07,24849
1.07,24929
1.07,25170
1.07,24870
1.07,24873
1.07,25017
1.07,25248
1.07,25070
1.07,24838
1.07,24721
1.07,26764
1.07,26702
1.07,26832
1.07,27016
1.07,26191
1.07,25362
1.07,24736
1.07,25296
1.07,23797
1.07,23654
1.07,23564
1.07,23128
1.07,23195
1.07,23226
1.07,23361
1.07,23330
1.07,23376
1.07,22810
1.07,22723
1.07,22909
1.07,23081
1.07,22668
1.07,22712
1.07,22418
1.07,22785
1.07,22722
1.07,22876
1.07,23472
1.08,23242
1.08,22327
1.08,22635
1.08,24773
1.08,24816
1.08,24422
1.08,25298
1.08,25143
1.08,25070
1.08,25178
1.08,25675
1.08,25690
1.08,26034
1.08,25949
1.08,25930
1.08,25736
1.08,25724
1.08,25541
1.08,25497
1.08,25279
1.08,24988
1.08,25368
1.08,25768
1.08,25777
1.08,25748
1.08,25754
1.08,26068
1.08,25981
1.08,25948
1.08,26067
1.08,26391
1.08,26194
1.08,26946
1.08,26613
1.08,26533
1.08,25276
1.08,24985
1.08,25139
1.08,25076
1.09,25029
1.09,24860
1.09,25164
1.09,26002
1.09,26416
1.09,27150
1.09,27383
1.09,26016
1.09,25808
1.09,25794
1.09,25781
1.09,25965
1.09,26161
1.09,26036
1.09,26030
1.09,24706
1.09,25207
1.09,25164
1.09,25478
1.09,25492
1.09,25444
1.09,25449
1.09,24816
1.09,24897
1.09,24809
1.09,24364
1.09,24555
1.09,24459
1.09,24510
1.09,24086
1.09,24272
1.09,24544
1.09,24537
1.09,24548
1.09,25537
1.09,24990
1.09,25455
1.09,25129
1.09,26031
1.09,25988
1.09,26222
1.10,26116
1.10,26074
1.10,25792
1.10,25291
1.10,24628
1.10,24700
1.10,25201
1.10,25093
1.10,25241
1.10,25393
1.10,25435
1.10,25277
1.10,25012
1.10,24936
1.10,24888
1.10,24828
1.10,24556
1.10,24415
1.10,24803
1.10,24209
1.10,24602
1.10,24655
1.10,24660
1.10,24886
1.10,24473
1.10,24295
1.10,23680
1.10,23851
1.10,24513
1.10,24988
1.10,25129
1.10,26252
1.10,26274
1.10,25840
1.10,25576
1.10,27324
1.10,27514
1.10,27443
1.10,27161
1.10,27300
1.10,26879
1.10,26653
1.10,26793
1.11,26906
1.11,27153
1.11,27086
1.11,27258
1.11,27310
1.11,26955
1.11,26819
1.11,26872
1.11,26387
1.11,26930
1.11,26941
1.11,26714
1.11,26334
1.11,26206
1.11,26336
1.11,26640
1.11,26833
1.11,26715
1.11,26668
1.11,26845
1.11,27050
1.11,27984
1.11,27971
1.11,28021
1.11,27913
1.11,28286
1.11,28300
1.11,28355
1.11,28236
1.11,28114
1.11,28467
1.11,28692
1.11,28342
1.11,28510
1.11,28596
1.11,27761
1.11,27542
1.11,26894
1.11,26774
1.11,27579
1.11,26305
1.11,26649
1.11,26886
1.11,26821
1.11,26671
1.11,26874
1.11,26837
1.11,26589
1.11,25726
1.11,25744
1.11,25719
1.11,25231
1.11,25117
1.11,25280
1.11,24976
1.11,24824
1.11,24760
1.12,24824
1.12,24200
1.12,24478
1.12,24482
1.12,24633
1.12,25458
1.12,25376
1.12,25143
1.12,24957
1.12,24957
1.12,24946
1.12,24093
1.12,24582
1.12,23544
1.12,23435
1.12,23284
1.12,22475
1.12,22740
1.12,22910
1.12,22658
1.12,22297
1.12,23234
1.12,22725
1.12,23332
1.12,23420
1.12,23506
1.12,23586
1.12,23743
1.12,23890
1.12,23368
1.12,22842
1.12,22784
1.12,22655
1.12,22438
1.12,23085
1.12,23066
1.12,23031
1.12,22966
1.12,23560
1.13,23193
1.13,23246
1.13,23167
1.13,23182
1.13,22085
1.13,22125
1.13,21755
1.13,20848
1.13,20485
1.13,21157
1.13,21157
1.13,21190
1.13,21095
1.13,21267
1.13,21188
1.13,21264
1.13,21283
1.13,21913
1.13,21864
1.13,21594
1.13,21870
1.13,22305
1.13,22401
1.13,22274
1.13,22823
1.13,22527
1.13,22531
1.13,22359
1.13,21971
1.13,22011
1.13,21987
1.13,21693
1.13,21690
1.13,21514
1.13,21549
1.13,21545
1.14,20966
1.14,21392
1.14,21374
1.14,21355
1.14,21545
1.14,22329
1.14,23096
1.14,22566
1.14,22783
1.14,23143
1.14,23139
1.14,22830
1.14,22526
1.14,22480
1.14,22564
1.14,22456
1.14,23288
1.14,23284
1.14,23147
1.14,24293
1.14,24352
1.14,24471
1.14,24378
1.14,24433
1.14,24514
1.14,24412
1.14,24803
1.14,25547
1.14,25669
1.14,25391
1.14,25238
1.14,25023
1.14,25458
1.14,25046
1.14,25540
1.14,25533
1.14,25454
1.14,25165
1.14,25098
1.15,25179
1.15,25044
1.15,26374
1.15,26437
1.15,26306
1.15,25857
1.15,25236
1.15,25607
1.15,25421
1.15,25591
1.15,25637
1.15,25569
1.15,25886
1.15,25936
1.15,25818
1.15,25084
1.15,24984
1.15,24980
1.15,23388
1.15,23385
1.15,23631
1.15,24689
1.15,24393
1.15,25042
1.15,25352
1.15,25354
1.15,24858
1.15,24633
1.15,24579
1.15,24522
1.16,24582
1.16,24419
1.16,24750
1.16,24992
1.16,24136
1.16,24406
1.16,24595
1.16,23828
1.16,24262
1.16,23777
1.16,23227
1.16,23489
1.16,23334
1.16,23215
1.16,23158
1.16,23306
1.16,23392
1.16,23017
1.16,22727
1.16,23572
1.16,23961
1.16,24499
1.16,24672
1.16,25401
1.16,25265
1.16,23652
1.16,23929
1.16,24109
1.16,23968
1.16,24088
1.16,24027
1.16,23717
1.16,23972
1.16,23862
1.16,23719
1.16,23148
1.16,22980
1.17,22995
1.17,23465
1.17,23264
1.17,23441
1.17,23548
1.17,24090
1.17,23366
1.17,23358
1.17,23276
1.17,23593
1.17,23399
1.17,23494
1.17,22897
1.17,22133
1.17,22393
1.17,22385
1.17,22490
1.17,22450
1.17,22419
1.17,22385
1.17,22593
1.17,22678
1.17,22167
1.17,22180
1.17,22350
1.17,22358
1.17,22264
1.17,22665
1.17,22774
1.17,22647
1.17,22544
1.17,22047
1.17,21171
1.17,21082
1.18,21241
1.18,21234
1.18,21109
1.18,21079
1.18,21125
1.18,21235
1.18,21199
1.18,21523
1.18,21492
1.18,22030
1.18,21788
1.18,21763
1.18,21628
1.18,21426
1.18,21561
1.18,21542
1.18,21521
1.18,21767
1.18,21564
1.18,21392
1.18,21370
1.18,21745
1.18,21679
1.18,21717
1.18,21742
1.18,21459
1.18,21602
1.18,22277
1.18,22394
1.18,22034
1.19,22272
1.19,22504
1.19,22267
1.19,22190
1.19,22070
1.19,21707
1.19,21674
1.19,21674
1.19,22274
1.19,22151
1.19,22549
1.19,22963
1.19,21972
1.19,21627
1.19,21761
1.19,22669
1.19,22830
1.19,23070
1.19,23262
1.19,23194
1.19,23287
1.19,23141
1.19,22495
1.19,22487
1.19,22366
1.19,22230
1.19,22416
1.19,22400
1.19,22210
1.19,22364
1.19,22565
1.20,22982
1.20,22951
1.20,23099
1.20,23278
1.20,23574
1.20,23758
1.20,24324
1.20,24387
1.20,24398
1.20,23623
1.20,23321
1.20,23018
1.20,22764
1.20,22805
1.20,22829
1.20,23115
1.20,23051
1.20,23082
1.20,22407
1.20,23310
1.20,23469
1.20,23202
1.20,23264
1.20,22995
1.20,23326
1.20,23141
1.20,22960
1.20,22099
1.20,21986
1.20,21821
1.20,21805
1.20,21203
1.20,21334
1.20,21455
1.20,21095
1.21,21285
1.21,20945
1.21,20835
1.21,21195
1.21,21185
1.21,21339
1.21,20457
1.21,20548
1.21,20373
1.21,20455
1.21,19797
1.21,19888
1.21,20103
1.21,20470
1.21,20930
1.21,20875
1.21,20524
1.21,20290
1.21,20279
1.21,20443
1.21,21020
1.21,21292
1.21,21232
1.21,21176
1.22,21455
1.22,21241
1.22,20993
1.22,20903
1.22,20438
1.22,20365
1.22,21354
1.22,21128
1.22,21696
1.22,21685
1.22,21678
1.22,21665
1.22,21685
1.22,21158
1.22,20712
1.22,20538
1.22,20547
1.22,20718
1.22,21270
1.22,21038
1.22,21332
1.22,21476
1.22,21526
1.22,21638
1.22,21593
1.22,21445
1.22,21700
1.22,21583
1.22,21485
1.22,21568
1.22,21679
1.23,21584
1.23,21276
1.23,21368
1.23,21431
1.23,21368
1.23,21073
1.23,21172
1.23,21235
1.23,21282
1.23,21456
1.23,22019
1.23,21933
1.23,21944
1.23,21260
1.23,21367
1.23,21295
1.23,21366
1.23,21410
1.23,21044
1.23,21101
1.23,21515
1.23,21801
1.23,21797
1.23,21797
1.23,22164
1.23,22082
1.23,22342
1.23,22393
1.24,22654
1.24,22702
1.24,22657
1.24,22659
1.24,22951
1.24,22780
1.24,22727
1.24,22790
1.24,22737
1.24,22338
1.24,22522
1.24,22403
1.24,22687
1.24,24092
1.24,25416
1.24,25328
1.24,25136
1.24,25378
1.24,25253
1.24,25046
1.24,25467
1.24,25235
1.24,25654
1.24,25525
1.24,25711
1.24,25606
1.24,25681
1.24,25403
1.24,25538
1.24,25023
1.25,25394
1.25,25228
1.25,25086
1.25,25187
1.25,24889
1.25,24940
1.25,25073
1.25,25344
1.25,25433
1.25,25275
1.25,24415
1.25,25053
1.25,25086
1.25,24654
1.25,24258
1.25,23822
1.25,23456
1.25,22455
1.25,22477
1.25,22405
1.25,21986
1.25,22736
1.25,22777
1.25,22266
1.25,22075
1.25,21490
1.25,21508
1.25,21576
1.25,21581
1.25,20836
1.25,20804
1.25,20979
1.25,21261
1.25,21809
1.25,21987
1.25,21522
1.25,21182
1.25,21140
1.25,21275
1.25,21218
1.25,21349
1.26,21140
1.26,21151
1.26,20924
1.26,20545
1.26,19938
1.26,19989
1.26,20237
1.26,20364
1.26,21123
1.26,21418
1.26,21406
1.26,21397
1.26,21518
1.26,21222
1.26,20963
1.26,20770
1.26,20789
1.26,20425
1.26,20255
1.26,20277
1.26,20484
1.26,20113
1.26,20059
1.26,20216
1.26,20178
1.27,20229
1.27,19891
1.27,20105
1.27,19994
1.27,19954
1.27,20062
1.27,19968
1.27,20088
1.27,20193
1.27,20302
1.27,20197
1.27,21022
1.27,20989
1.27,21122
1.27,21163
1.27,21296
1.27,20906
1.27,20766
1.27,20756
1.27,19849
1.27,19964
1.27,19953
1.27,19889
1.27,19862
1.27,19757
1.27,19697
1.27,20436
1.27,20599
1.27,20188
1.27,20238
1.27,20809
1.28,20177
1.28,20726
1.28,20740
1.28,20954
1.28,20937
1.28,21254
1.28,21340
1.28,21745
1.28,21859
1.28,21558
1.28,21539
1.28,20890
1.28,20969
1.28,20947
1.28,20942
1.28,20965
1.28,21085
1.28,20742
1.28,20658
1.28,20761
1.28,20777
1.28,20699
1.29,20582
1.29,20818
1.29,20964
1.29,21393
1.29,21453
1.29,21192
1.29,21644
1.29,21876
1.29,21832
1.29,22202
1.29,22486
1.29,22214
1.29,22351
1.29,22345
1.29,22818
1.29,22847
1.29,22829
1.29,22872
1.29,22729
1.29,22810
1.29,22675
1.29,22575
1.29,21846
1.29,21760
1.29,21828
1.29,21664
1.29,21931
1.29,22216
1.29,22211
1.30,21602
1.30,21534
1.30,22216
1.30,21792
1.30,21659
1.30,21760
1.30,21658
1.30,21654
1.30,21626
1.30,21306
1.30,21194
1.30,21414
1.30,21464
1.30,21126
1.30,21260
1.30,21029
1.30,20213
1.30,20272
1.30,20259
1.30,19800
1.30,19197
1.30,18033
1.30,18485
1.30,18448
1.30,18729
1.30,19039
1.30,18945
1.31,18675
1.31,18411
1.31,18967
1.31,19250
1.31,19227
1.31,19091
1.31,19200
1.31,19322
1.31,19547
1.31,19137
1.31,18793
1.31,18337
1.31,18461
1.31,18626
1.32,18563
1.32,18947
1.32,18510
1.32,18719
1.32,19359
1.32,19064
1.32,19092
1.32,18884
1.32,18622
1.32,18997
1.32,18617
1.32,18653
1.32,18813
1.32,18782
1.32,18885
1.32,19152
1.32,19323
1.32,19313
1.32,19069
1.32,19308
1.32,19281
1.32,19325
1.32,19188
1.32,19071
1.32,19325
1.32,19411
1.32,19457
1.32,19484
1.32,19326
1.32,18836
1.33,18883
1.33,18818
1.33,18832
1.33,18757
1.33,18964
1.33,19198
1.33,19184
1.33,19040
1.33,19116
1.33,19102
1.33,19288
1.33,19347
1.33,19346
1.33,19391
1.33,19666
1.33,19770
1.33,19491
1.33,19421
1.34,18929
1.34,19125
1.34,18755
1.34,18442
1.34,18324
1.34,18255
1.34,18298
1.34,18230
1.34,18281
1.34,18112
1.34,18215
1.34,18128
1.34,18062
1.34,17863
1.34,18402
1.34,18393
1.34,18592
1.34,18508
1.34,18479
1.34,18490
1.34,18873
1.34,19140
1.34,19387
1.35,19093
1.35,19228
1.35,19208
1.35,19201
1.35,19168
1.35,19269
1.35,19385
1.35,19330
1.35,19996
1.35,20169
1.35,20338
1.35,20325
1.35,20303
1.35,20570
1.35,20466
1.35,20226
1.35,20330
1.36,19804
1.36,19425
1.36,19190
1.36,18812
1.36,18847
1.36,18842
1.36,18593
1.36,18794
1.36,18730
1.36,18642
1.36,18652
1.36,18602
1.36,18635
1.36,18779
1.36,19112
1.36,19113
1.36,19079
1.36,19120
1.36,19060
1.36,19505
1.36,19653
1.36,19470
1.36,19654
1.37,19683
1.37,19372
1.37,19325
1.37,19287
1.37,19744
1.37,19150
1.37,19147
1.37,19392
1.37,19378
1.37,19735
1.37,19754
1.37,19843
1.37,19851
1.37,19859
1.37,19813
1.37,19452
1.37,19412
1.37,19459
1.37,19071
1.38,18293
1.38,18361
1.38,18321
1.38,18315
1.38,18211
1.38,18080
1.38,18137
1.38,18145
1.38,18297
1.38,18250
1.38,18359
1.38,18195
1.38,18164
1.38,18445
1.38,18259
1.38,18315
1.38,18365
1.38,18529
1.38,18752
1.38,18546
1.38,18358
1.38,18422
1.39,18311
1.39,18253
1.39,18221
1.39,18315
1.39,18445
1.39,18954
1.39,18859
1.39,19213
1.39,19229
1.39,19179
1.39,19254
1.39,19002
1.39,18863
1.39,18598
1.39,19021
1.40,19027
1.40,18782
1.40,18617
1.40,18606
1.40,18478
1.40,18574
1.40,18478
1.40,18401
1.40,18345
1.40,18699
1.40,18694
1.40,19022
1.40,18934
1.40,18892
1.40,19132
1.40,19187
1.40,18987
1.40,18944
1.40,18445
1.40,18592
1.41,18440
1.41,18325
1.41,18175
1.41,17855
1.41,17926
1.41,18054
1.41,18125
1.41,17953
1.41,17792
1.41,17725
1.41,17839
1.41,18098
1.41,18095
1.41,18045
1.41,18202
1.41,18150
1.41,17927
1.42,17638
1.42,17568
1.42,17801
1.42,17863
1.42,17923
1.42,17965
1.42,17972
1.42,17746
1.42,17764
1.42,17431
1.42,17385
1.42,17322
1.43,17562
1.43,17642
1.43,17645
1.43,17648
1.43,17741
1.43,17661
1.43,17598
1.43,17538
1.43,17465
1.43,17573
1.43,17532
1.43,17848
1.43,17657
1.43,17924
1.43,17990
1.44,17987
1.44,17934
1.44,18018
1.44,17913
1.44,18080
1.44,18040
1.44,18057
1.44,17973
1.44,17928
1.44,18369
1.44,17940
1.44,17997
1.44,18141
1.44,18134
1.44,18168
1.44,18477
1.44,18199
1.44,18200
1.44,18269
1.44,18137
1.44,18115
1.44,17990
1.45,17927
1.45,17966
1.45,18583
1.45,18517
1.45,18294
1.45,18233
1.45,18346
1.45,18379
1.45,18202
1.45,18202
1.45,18211
1.45,18321
1.45,18323
1.45,18673
1.45,18756
1.45,18607
1.45,18609
1.46,18792
1.46,18868
1.46,18862
1.46,18883
1.46,18629
1.46,18614
1.46,18314
1.46,17728
1.46,17609
1.46,17897
1.46,17958
1.46,17893
1.46,17687
1.46,17454
1.46,16802
1.47,16771
1.47,16827
1.47,16820
1.47,16883
1.47,16631
1.47,16491
1.47,16500
1.47,16505
1.47,16482
1.47,16538
1.48,16516
1.48,17017
1.48,17053
1.48,16934
1.48,17187
1.48,17204
1.48,16818
1.48,17059
1.49,17021
1.49,17444
1.49,17347
1.49,17517
1.49,17535
1.49,17542
1.49,17490
1.49,17677
1.49,17444
1.49,17449
1.49,17519
1.49,17427
1.49,17691
1.49,17390
1.49,17199
1.49,17096
1.50,16993
1.50,16988
1.50,17043
1.50,16841
1.50,16814
1.50,16710
1.50,16759
1.51,16722
1.51,16693
1.51,16775
1.51,17107
1.51,16971
1.51,16952
1.51,16861
1.51,16963
1.51,16995
1.51,16921
1.51,17189
1.51,16908
1.51,16732
1.52,16706
1.52,16620
1.52,16895
1.52,16928
1.52,16952
1.52,16592
1.52,16577
1.52,16405
1.53,16426
1.53,16416
1.53,16501
1.53,16422
1.53,16198
1.53,16320
1.53,16445
1.53,16517
1.53,16541
1.53,16299
1.53,16259
1.53,16232
1.53,16095
1.53,16147
1.53,16268
1.54,16159
1.54,16133
1.54,16060
1.54,15957
1.54,16039
1.54,16062
1.54,16072
1.54,16090
1.54,15764
1.54,15868
1.55,16060
1.55,16011
1.55,16060
1.55,15954
1.55,15955
1.55,15922
1.55,15755
1.56,15690
1.56,16010
1.56,16020
1.56,16079
1.56,16110
1.56,16238
1.56,16347
1.57,16469
1.57,16115
1.57,16105
1.57,15881
1.57,15722
1.57,15840
1.57,15735
1.57,15801
1.58,15828
1.58,15742
1.58,15549
1.58,15552
1.58,15454
1.58,15193
1.58,15056
1.58,15021
1.58,15012
1.58,14846
1.58,14932
1.59,14964
1.59,15175
1.59,15296
1.59,15290
1.59,15203
1.59,15042
1.59,15118
1.59,15182
1.59,14687
1.60,14748
1.60,14478
1.60,14358
1.60,14277
1.60,14488
1.60,14399
1.61,14377
1.61,14339
1.61,14355
1.61,14328
1.61,14235
1.61,14342
1.61,13954
1.61,14158
1.62,14214
1.62,14228
1.62,14209
1.62,14114
1.62,14161
1.63,13932
1.63,13876
1.63,13846
1.63,13804
1.63,13797
1.64,13843
1.64,13739
1.64,13832
1.64,13726
1.64,13700
1.65,13930
1.65,14109
1.65,14174
1.65,14201
1.65,14178
1.65,14173
1.65,14132
1.66,14158
1.66,14305
1.66,14239
1.66,14222
1.66,14200
1.66,14118
1.66,14111
1.67,14050
1.67,13998
1.67,14006
1.67,13972
1.67,13956
1.67,13964
1.67,13991
1.68,13909
1.68,13830
1.68,13734
1.68,13649
1.68,13615
1.69,13690
1.69,13564
1.69,13372
1.69,13351
1.69,13291
1.70,13322
1.70,13377
1.70,13498
1.70,13395
1.70,13480
1.71,13540
1.71,13547
1.71,13233
1.71,12911
1.71,12935
1.71,12964
1.72,12960
1.72,12892
1.72,12901
1.72,12872
1.72,12869
1.72,12890
1.73,12887
1.73,12877
1.73,12500
1.73,12315
1.73,12342
1.74,12348
1.74,12316
1.75,12295
1.75,12327
1.75,12127
1.75,12126
1.76,12094
1.76,12201
1.76,12211
1.76,12245
1.76,12198
1.76,12199
1.76,12201
1.77,12220
1.77,12134
1.77,12221
1.77,12303
1.78,12261
1.78,12129
1.78,12152
1.79,12047
1.79,12099
1.79,12002
1.80,12008
1.80,11989
1.82,11988
1.82,11988
1.82,11965
1.82,12033
1.82,12074
1.83,12102
1.83,12051
1.84,12068
1.84,12120
1.84,12147
1.84,12149
1.84,12177
1.85,12188
1.85,12173
1.85,12160
1.86,12157
1.87,12200
1.87,12202
1.88,12205
1.88,12127
1.88,12067
1.89,12090
1.89,12094
1.89,11969
1.89,12029
1.90,12025
1.90,11800
1.90,11788
1.91,11704
1.91,11699
1.91,11548
1.92,11546
1.92,11604
1.93,11642
1.93,11642
1.93,11690
1.93,11603
1.94,11527
1.94,11517
1.95,11494
1.96,11396
1.96,11420
1.96,11411
1.96,11391
1.97,11350
1.98,11339
1.98,11312
1.99,11301
1.99,11218
2.00,11229
2.00,11193
2.02,11185
2.02,11189
2.04,11016
2.04,10982
2.05,10894
2.05,10903
2.05,10884
2.08,10884
2.09,10736
2.11,10727
2.13,10629
2.15,10550
2.16,10545
2.21,10533
2.24,10399
2.26,10367
2.26,10372
2.27,10341
2.30,10341
2.34,10309
2.51,10274
2.81,10258
