0.21,30041
0.21,31491
0.21,30200
0.21,29689
0.21,29910
0.21,29390
0.21,29094
0.21,28922
0.21,28794
0.21,27920
0.21,28017
0.21,28264
0.21,28499
0.21,28930
0.21,29161
0.21,28924
0.21,28971
0.21,28644
0.21,29946
0.21,30134
0.21,30443
0.21,31088
0.21,31084
0.21,31355
0.21,31505
0.21,31036
0.21,30976
0.21,30991
0.21,29646
0.21,28843
0.21,29093
0.21,28859
0.21,27869
0.21,27617
0.21,27541
0.21,27343
0.21,27570
0.21,26644
0.21,26998
0.21,27084
0.21,28311
0.21,28601
0.21,28231
0.21,27688
0.21,28046
0.21,27710
0.21,28106
0.21,28841
0.21,28960
0.21,28671
0.21,29071
0.21,29914
0.21,29459
0.21,28944
0.21,29973
0.21,28643
0.21,28681
0.21,29643
0.21,28876
0.21,28836
0.21,28750
0.21,28631
0.21,28530
0.21,28600
0.21,28601
0.22,28461
0.22,29007
0.22,28889
0.22,28446
0.22,27343
0.22,27043
0.22,28454
0.22,30111
0.22,30912
0.22,31917
0.22,31896
0.22,32157
0.22,32298
0.22,33029
0.22,32987
0.22,33090
0.22,32586
0.22,32661
0.22,32339
0.22,32048
0.22,30754
0.22,29547
0.22,29660
0.22,29516
0.22,29351
0.22,28289
0.22,28451
0.22,28872
0.22,29007
0.22,28633
0.22,28912
0.22,27647
0.22,27553
0.22,27187
0.22,28422
0.22,28130
0.22,28095
0.22,28614
0.22,29807
0.22,30175
0.22,30530
0.22,30654
0.22,30632
0.22,30286
0.22,29830
0.22,30010
0.22,31345
0.22,31048
0.22,31184
0.22,30782
0.22,31285
0.22,30976
0.22,31689
0.22,32076
0.22,31752
0.22,31748
0.22,31843
0.22,30972
0.22,31013
0.22,31075
0.22,31041
0.22,30766
0.22,31091
0.22,31017
0.22,30684
0.22,29838
0.22,29800
0.22,30759
0.22,30598
0.23,29764
0.23,30433
0.23,30465
0.23,30166
0.23,30199
0.23,29946
0.23,29778
0.23,28972
0.23,27668
0.23,27817
0.23,29451
0.23,29421
0.23,29642
0.23,29454
0.23,30905
0.23,30169
0.23,29933
0.23,30830
0.23,30316
0.23,31034
0.23,31728
0.23,32118
0.23,32397
0.23,31698
0.23,30647
0.23,30807
0.23,30815
0.23,30827
0.23,30843
0.23,29146
0.23,28480
0.23,28991
0.23,28881
0.23,30164
0.23,29795
0.23,30411
0.23,32078
0.23,31990
0.23,30531
0.23,30474
0.23,29938
0.23,29999
0.23,29513
0.23,29474
0.23,29659
0.23,30200
0.23,30060
0.23,29983
0.23,30045
0.23,30139
0.23,30274
0.23,30121
0.23,28254
0.23,27852
0.23,27477
0.23,27489
0.23,28032
0.23,28733
0.23,27946
0.23,27972
0.23,27997
0.23,27859
0.23,27974
0.23,28044
0.23,27440
0.23,29070
0.23,28258
0.24,28679
0.24,28296
0.24,28000
0.24,28140
0.24,28787
0.24,28872
0.24,29162
0.24,28617
0.24,28408
0.24,27748
0.24,27785
0.24,28002
0.24,28265
0.24,28644
0.24,28716
0.24,28393
0.24,28605
0.24,29257
0.24,29432
0.24,29623
0.24,29250
0.24,29951
0.24,30004
0.24,30019
0.24,29324
0.24,29633
0.24,29113
0.24,30097
0.24,30286
0.24,30316
0.24,30071
0.24,30153
0.24,30289
0.24,31050
0.24,31231
0.24,31882
0.24,31667
0.24,31098
0.24,31157
0.24,31528
0.24,30422
0.24,30449
0.24,30012
0.24,29773
0.24,29327
0.24,28528
0.24,28271
0.24,28459
0.24,28671
0.24,28057
0.24,27952
0.24,29185
0.24,29142
0.24,28039
0.24,26970
0.24,27536
0.24,28275
0.24,30849
0.24,29826
0.24,29962
0.24,30132
0.24,29793
0.24,30745
0.24,30384
0.24,30365
0.24,30237
0.24,30199
0.24,30115
0.24,30128
0.25,30118
0.25,30353
0.25,30572
0.25,30472
0.25,30695
0.25,30925
0.25,31123
0.25,31058
0.25,31196
0.25,31362
0.25,32794
0.25,31400
0.25,31504
0.25,31376
0.25,31269
0.25,32237
0.25,30926
0.25,30426
0.25,30554
0.25,29324
0.25,29898
0.25,29904
0.25,30199
0.25,30075
0.25,30577
0.25,30423
0.25,30378
0.25,30641
0.25,30716
0.25,30705
0.25,30674
0.25,30536
0.25,30613
0.25,30685
0.25,30565
0.25,30511
0.25,30587
0.25,30603
0.25,30889
0.25,31569
0.25,32695
0.25,32174
0.25,32223
0.25,32307
0.25,32365
0.25,31312
0.25,31615
0.25,31562
0.25,30844
0.25,30720
0.25,31943
0.25,32261
0.25,31170
0.25,31235
0.25,31102
0.25,31389
0.25,31243
0.25,30880
0.25,31278
0.25,32247
0.25,32305
0.25,31792
0.25,31280
0.25,30798
0.25,31216
0.25,30996
0.25,30944
0.26,31204
0.26,30953
0.26,31034
0.26,31043
0.26,31120
0.26,31072
0.26,30963
0.26,29610
0.26,29513
0.26,29417
0.26,30796
0.26,30738
0.26,31167
0.26,30920
0.26,31222
0.26,31034
0.26,31466
0.26,30850
0.26,30418
0.26,29289
0.26,29103
0.26,29626
0.26,30115
0.26,29615
0.26,28194
0.26,27962
0.26,27757
0.26,28008
0.26,28122
0.26,28412
0.26,28580
0.26,28973
0.26,29153
0.26,29939
0.26,29857
0.26,30229
0.26,29764
0.26,29826
0.26,30086
0.26,30387
0.26,29490
0.26,29803
0.26,29920
0.26,30279
0.26,30891
0.26,31429
0.26,31298
0.26,31796
0.26,31471
0.26,30707
0.26,30395
0.26,30026
0.26,29761
0.26,31259
0.26,31342
0.26,31953
0.26,31883
0.26,32760
0.26,32779
0.26,32856
0.26,32659
0.26,32583
0.26,31531
0.26,30565
0.26,30281
0.26,29684
0.26,30112
0.26,30047
0.27,30340
0.27,31271
0.27,30800
0.27,30823
0.27,30714
0.27,30857
0.27,30862
0.27,30842
0.27,30886
0.27,30173
0.27,29599
0.27,30008
0.27,30670
0.27,30293
0.27,30228
0.27,30810
0.27,30657
0.27,30039
0.27,29186
0.27,30621
0.27,29893
0.27,30482
0.27,30030
0.27,28747
0.27,28855
0.27,29680
0.27,28798
0.27,30448
0.27,30539
0.27,30484
0.27,31234
0.27,30587
0.27,31206
0.27,30675
0.27,30401
0.27,30586
0.27,31087
0.27,30866
0.27,30867
0.27,31014
0.27,31087
0.27,29474
0.27,30595
0.27,31656
0.27,32481
0.27,31615
0.27,30676
0.27,30034
0.27,29058
0.27,28953
0.27,28982
0.27,28517
0.27,28902
0.27,29350
0.27,29331
0.27,28104
0.27,27755
0.27,27252
0.27,28155
0.27,27726
0.28,28362
0.28,27150
0.28,26930
0.28,27493
0.28,27482
0.28,27384
0.28,27476
0.28,26882
0.28,27121
0.28,27270
0.28,27798
0.28,27324
0.28,27469
0.28,27655
0.28,27721
0.28,29014
0.28,28957
0.28,29621
0.28,29448
0.28,29584
0.28,30125
0.28,29857
0.28,30717
0.28,30809
0.28,30620
0.28,30260
0.28,30621
0.28,30846
0.28,30921
0.28,30457
0.28,29819
0.28,30480
0.28,30549
0.28,30594
0.28,30544
0.28,31317
0.28,31181
0.28,31080
0.28,31741
0.28,31907
0.28,32582
0.28,31883
0.28,32043
0.28,31357
0.28,30904
0.28,30798
0.28,29868
0.28,30943
0.28,31478
0.28,31496
0.28,31477
0.28,31389
0.28,30815
0.28,29938
0.28,30455
0.28,30031
0.28,29811
0.28,29903
0.28,30172
0.28,30671
0.28,30057
0.28,30132
0.28,30614
0.28,31329
0.28,31356
0.28,32630
0.29,32613
0.29,32501
0.29,32574
0.29,33216
0.29,33563
0.29,32779
0.29,33047
0.29,33018
0.29,32687
0.29,32461
0.29,32335
0.29,31466
0.29,31266
0.29,32755
0.29,32437
0.29,32294
0.29,32315
0.29,32350
0.29,30912
0.29,30983
0.29,30808
0.29,30596
0.29,30089
0.29,29956
0.29,30263
0.29,30078
0.29,30101
0.29,29985
0.29,29924
0.29,30126
0.29,30110
0.29,29967
0.29,30990
0.29,30212
0.29,30449
0.29,30407
0.29,30652
0.29,29989
0.29,29916
0.29,30102
0.29,29534
0.29,28885
0.29,28949
0.29,29147
0.29,28895
0.29,28631
0.29,29912
0.29,29922
0.29,29584
0.29,29774
0.29,29777
0.29,29401
0.29,28415
0.29,29140
0.29,29287
0.29,29381
0.29,29346
0.29,28633
0.29,29971
0.29,29572
0.29,30275
0.29,30430
0.29,30469
0.29,32709
0.29,32459
0.29,32327
0.29,32338
0.30,30716
0.30,29852
0.30,30071
0.30,28991
0.30,29319
0.30,29780
0.30,29671
0.30,29887
0.30,29974
0.30,29390
0.30,29380
0.30,28985
0.30,28673
0.30,28731
0.30,27885
0.30,27726
0.30,28651
0.30,29174
0.30,29817
0.30,29154
0.30,29103
0.30,29079
0.30,29268
0.30,30119
0.30,30152
0.30,30624
0.30,31228
0.30,31161
0.30,31156
0.30,30824
0.30,30770
0.30,30284
0.30,29985
0.30,30201
0.30,29905
0.30,29847
0.30,29381
0.30,29137
0.30,28815
0.30,28875
0.30,29751
0.30,28504
0.30,29021
0.30,30715
0.30,30456
0.30,30529
0.30,30813
0.30,30617
0.30,30506
0.30,30703
0.30,29670
0.30,30095
0.30,30202
0.30,28904
0.30,27861
0.30,27642
0.30,27921
0.30,28140
0.30,28001
0.30,27270
0.30,27777
0.30,27880
0.30,27676
0.30,28534
0.31,28281
0.31,28326
0.31,28335
0.31,28171
0.31,28517
0.31,28526
0.31,28394
0.31,28593
0.31,28727
0.31,29301
0.31,29672
0.31,29831
0.31,29830
0.31,30030
0.31,30066
0.31,29756
0.31,29962
0.31,30285
0.31,29691
0.31,30506
0.31,31035
0.31,31148
0.31,30936
0.31,31414
0.31,31075
0.31,30569
0.31,31125
0.31,30738
0.31,30691
0.31,30326
0.31,30310
0.31,30388
0.31,31127
0.31,30611
0.31,31117
0.31,30283
0.31,30059
0.31,30000
0.31,30432
0.31,30858
0.31,30589
0.31,29688
0.31,30833
0.31,31003
0.31,31116
0.31,31234
0.31,30276
0.31,30040
0.31,28331
0.31,28571
0.31,28445
0.31,28222
0.31,28280
0.31,28455
0.31,29145
0.31,28945
0.31,29385
0.31,29842
0.31,30653
0.31,30716
0.31,30446
0.31,30865
0.31,30760
0.31,30337
0.31,30533
0.31,30476
0.31,30257
0.32,29542
0.32,29589
0.32,29493
0.32,29786
0.32,29496
0.32,29288
0.32,28546
0.32,28830
0.32,28583
0.32,28702
0.32,28624
0.32,28727
0.32,28742
0.32,28778
0.32,28878
0.32,28925
0.32,28627
0.32,27987
0.32,27582
0.32,28807
0.32,28666
0.32,29106
0.32,29060
0.32,27151
0.32,26607
0.32,27856
0.32,27983
0.32,27930
0.32,29097
0.32,30589
0.32,31042
0.32,31193
0.32,29632
0.32,29424
0.32,29442
0.32,29229
0.32,30374
0.32,30504
0.32,29416
0.32,29130
0.32,29513
0.32,29450
0.32,30128
0.32,30467
0.32,30487
0.32,30919
0.32,30853
0.32,30012
0.32,30031
0.32,30292
0.32,30670
0.32,29734
0.32,28936
0.32,27892
0.32,27881
0.32,27739
0.32,27787
0.32,28144
0.32,29250
0.32,29450
0.32,29493
0.32,30328
0.32,30637
0.32,30644
0.32,30412
0.32,30340
0.32,30281
0.33,30332
0.33,30547
0.33,30427
0.33,29201
0.33,29150
0.33,29153
0.33,28735
0.33,27864
0.33,28606
0.33,28484
0.33,28355
0.33,28593
0.33,28809
0.33,29548
0.33,31008
0.33,30894
0.33,30946
0.33,30822
0.33,28694
0.33,28290
0.33,28267
0.33,28006
0.33,28235
0.33,27716
0.33,27698
0.33,27675
0.33,28581
0.33,28589
0.33,28361
0.33,28234
0.33,28781
0.33,29454
0.33,29996
0.33,30171
0.33,29669
0.33,30001
0.33,30067
0.33,30039
0.33,29789
0.33,29827
0.33,29572
0.33,29670
0.33,29357
0.33,29240
0.33,29567
0.33,29775
0.33,29745
0.33,29645
0.33,29582
0.33,29598
0.33,29724
0.33,29029
0.33,28598
0.33,28096
0.33,27645
0.33,27622
0.33,27425
0.33,27549
0.33,27669
0.33,27317
0.33,26887
0.33,28024
0.33,28026
0.33,28537
0.33,28489
0.33,28457
0.33,28334
0.33,28709
0.34,29803
0.34,29631
0.34,29161
0.34,29926
0.34,29680
0.34,29438
0.34,29234
0.34,29261
0.34,29689
0.34,30285
0.34,30282
0.34,30457
0.34,30807
0.34,30775
0.34,30699
0.34,30690
0.34,30520
0.34,30221
0.34,29961
0.34,29874
0.34,30528
0.34,30784
0.34,29810
0.34,29869
0.34,29925
0.34,29102
0.34,29197
0.34,30066
0.34,29525
0.34,29560
0.34,29171
0.34,29006
0.34,29388
0.34,29330
0.34,29229
0.34,29157
0.34,29506
0.34,30016
0.34,29861
0.34,29330
0.34,29361
0.34,29449
0.34,28801
0.34,29135
0.34,28182
0.34,28405
0.34,28473
0.34,27191
0.34,27136
0.34,26426
0.34,26246
0.34,25586
0.34,25758
0.34,25869
0.34,26355
0.34,25781
0.34,27931
0.34,27427
0.34,27331
0.34,27620
0.34,27015
0.34,27090
0.34,26855
0.34,27984
0.34,29027
0.34,28636
0.34,29193
0.35,29522
0.35,28919
0.35,28822
0.35,28596
0.35,29199
0.35,28328
0.35,28146
0.35,28294
0.35,28750
0.35,28927
0.35,28565
0.35,28736
0.35,28434
0.35,28527
0.35,28706
0.35,28858
0.35,28227
0.35,27851
0.35,27709
0.35,28767
0.35,28587
0.35,28823
0.35,30319
0.35,30315
0.35,28717
0.35,28351
0.35,28459
0.35,28209
0.35,28165
0.35,28135
0.35,28121
0.35,27901
0.35,27466
0.35,27365
0.35,27253
0.35,27365
0.35,29605
0.35,30080
0.35,29569
0.35,29418
0.35,29393
0.35,29387
0.35,29183
0.35,29911
0.35,29769
0.35,30006
0.35,29779
0.35,29383
0.35,29754
0.35,30612
0.35,31090
0.35,30853
0.35,31102
0.35,31401
0.35,31577
0.35,31392
0.35,30754
0.35,31877
0.35,32077
0.35,32222
0.35,32970
0.35,33873
0.35,33926
0.35,33686
0.35,31749
0.35,32175
0.35,32200
0.36,32149
0.36,31609
0.36,31827
0.36,32240
0.36,32034
0.36,32048
0.36,31599
0.36,31484
0.36,30001
0.36,30192
0.36,30327
0.36,29421
0.36,29172
0.36,29339
0.36,30483
0.36,29888
0.36,29751
0.36,29499
0.36,30209
0.36,31505
0.36,31757
0.36,31355
0.36,31338
0.36,31463
0.36,30987
0.36,30506
0.36,30461
0.36,29911
0.36,30700
0.36,31905
0.36,31743
0.36,31419
0.36,31656
0.36,32241
0.36,31785
0.36,32325
0.36,31816
0.36,32019
0.36,31981
0.36,32743
0.36,32602
0.36,32609
0.36,30445
0.36,30293
0.36,29940
0.36,30206
0.36,30168
0.36,30113
0.36,30649
0.36,30651
0.36,29615
0.36,30357
0.36,28960
0.36,28863
0.36,28314
0.36,29129
0.36,29159
0.36,29734
0.36,29639
0.36,29190
0.36,28901
0.36,29517
0.36,29077
0.36,29132
0.36,28638
0.36,28667
0.36,27616
0.37,27668
0.37,27927
0.37,28246
0.37,30200
0.37,30183
0.37,30493
0.37,31207
0.37,30774
0.37,30190
0.37,29897
0.37,29677
0.37,28326
0.37,29449
0.37,29125
0.37,29446
0.37,29309
0.37,29559
0.37,29177
0.37,28979
0.37,28977
0.37,30223
0.37,30224
0.37,29343
0.37,29295
0.37,29490
0.37,29485
0.37,29541
0.37,29343
0.37,29263
0.37,29344
0.37,29045
0.37,29090
0.37,28011
0.37,28146
0.37,29923
0.37,29431
0.37,28784
0.37,27902
0.37,26938
0.37,25978
0.37,26343
0.37,26624
0.37,27274
0.37,26299
0.37,27050
0.37,27317
0.37,27603
0.37,27838
0.37,27236
0.37,26494
0.37,27096
0.37,26825
0.37,26952
0.37,27062
0.37,26920
0.37,27376
0.37,27126
0.37,26182
0.37,27907
0.37,27958
0.37,27925
0.37,29085
0.37,28801
0.37,29585
0.37,29739
0.37,30541
0.37,29812
0.37,29940
0.38,29807
0.38,29495
0.38,28766
0.38,28226
0.38,27996
0.38,27999
0.38,29005
0.38,29025
0.38,29792
0.38,28869
0.38,29080
0.38,28743
0.38,28538
0.38,28821
0.38,28838
0.38,29355
0.38,29635
0.38,29964
0.38,28770
0.38,28798
0.38,28073
0.38,28283
0.38,27869
0.38,27686
0.38,26903
0.38,26942
0.38,27777
0.38,27790
0.38,29430
0.38,30031
0.38,30091
0.38,30032
0.38,30124
0.38,29969
0.38,30123
0.38,30463
0.38,29581
0.38,29502
0.38,28967
0.38,28506
0.38,28555
0.38,29884
0.38,29952
0.38,30272
0.38,30240
0.38,30476
0.38,30472
0.38,30845
0.38,29897
0.38,29912
0.38,29609
0.38,30495
0.38,30635
0.38,30486
0.38,30299
0.38,30437
0.38,30392
0.38,30558
0.38,29643
0.38,30186
0.38,29837
0.38,29889
0.38,30101
0.38,30462
0.38,29744
0.38,29181
0.38,29228
0.39,29545
0.39,29608
0.39,29762
0.39,29895
0.39,29846
0.39,29906
0.39,28787
0.39,29257
0.39,28765
0.39,29487
0.39,30397
0.39,30074
0.39,30353
0.39,31054
0.39,31004
0.39,30807
0.39,30692
0.39,31792
0.39,29931
0.39,29165
0.39,28843
0.39,28877
0.39,28980
0.39,28566
0.39,28559
0.39,27950
0.39,27942
0.39,28692
0.39,28485
0.39,28074
0.39,29393
0.39,30077
0.39,30223
0.39,29759
0.39,29243
0.39,29322
0.39,28911
0.39,29852
0.39,29752
0.39,28673
0.39,28750
0.39,28888
0.39,28813
0.39,28719
0.39,28451
0.39,27636
0.39,27726
0.39,27327
0.39,27239
0.39,26748
0.39,27355
0.39,27385
0.39,26841
0.39,26856
0.39,26646
0.39,27298
0.39,27608
0.39,27290
0.39,27213
0.39,27977
0.39,28401
0.39,28020
0.39,27915
0.39,28344
0.40,27971
0.40,30096
0.40,29905
0.40,28538
0.40,28317
0.40,28423
0.40,27681
0.40,27514
0.40,28534
0.40,28074
0.40,27447
0.40,27323
0.40,26502
0.40,26432
0.40,26326
0.40,26794
0.40,26601
0.40,26054
0.40,27191
0.40,27431
0.40,28231
0.40,28225
0.40,27785
0.40,26590
0.40,26727
0.40,27125
0.40,26882
0.40,26692
0.40,26271
0.40,25573
0.40,25532
0.40,26244
0.40,27941
0.40,28240
0.40,27676
0.40,27981
0.40,27163
0.40,27390
0.40,27198
0.40,27667
0.40,27140
0.40,27101
0.40,26168
0.40,25672
0.40,24751
0.40,25126
0.40,24311
0.40,25367
0.40,26245
0.40,26628
0.40,26578
0.40,28339
0.40,28505
0.40,27965
0.40,27427
0.40,28142
0.40,28578
0.40,29122
0.40,29738
0.40,30775
0.40,30046
0.40,30089
0.40,29537
0.40,30771
0.40,30672
0.40,30108
0.40,30068
0.40,29163
0.41,29342
0.41,30889
0.41,29731
0.41,28746
0.41,28799
0.41,27945
0.41,27802
0.41,27162
0.41,27099
0.41,27893
0.41,27911
0.41,29051
0.41,28087
0.41,28040
0.41,28151
0.41,27467
0.41,27153
0.41,26899
0.41,26519
0.41,26963
0.41,26869
0.41,26891
0.41,26741
0.41,27108
0.41,27168
0.41,26929
0.41,27908
0.41,28790
0.41,28725
0.41,28759
0.41,28444
0.41,27584
0.41,28056
0.41,28263
0.41,29332
0.41,29329
0.41,29590
0.41,29698
0.41,29717
0.41,30369
0.41,30212
0.41,29945
0.41,29975
0.41,29972
0.41,30234
0.41,30166
0.41,30477
0.41,30524
0.41,30480
0.41,31974
0.41,32014
0.41,31598
0.41,31662
0.41,31562
0.41,31467
0.41,31149
0.41,30468
0.41,30472
0.41,30615
0.41,30311
0.41,30468
0.41,30635
0.41,29292
0.41,30176
0.41,29362
0.41,28624
0.41,29397
0.42,30722
0.42,30427
0.42,30722
0.42,30934
0.42,29634
0.42,30674
0.42,30255
0.42,30563
0.42,31359
0.42,30871
0.42,30503
0.42,30537
0.42,30529
0.42,30547
0.42,31478
0.42,31690
0.42,31370
0.42,31112
0.42,31004
0.42,31026
0.42,30325
0.42,29788
0.42,30314
0.42,30121
0.42,30566
0.42,30514
0.42,30293
0.42,30504
0.42,30476
0.42,30467
0.42,29234
0.42,29271
0.42,28969
0.42,27759
0.42,27345
0.42,27573
0.42,27393
0.42,27677
0.42,27960
0.42,28143
0.42,28459
0.42,28159
0.42,28896
0.42,29678
0.42,29084
0.42,29065
0.42,27806
0.42,28163
0.42,27844
0.42,26669
0.42,26584
0.42,26649
0.42,26643
0.42,26394
0.42,26369
0.42,26998
0.42,27006
0.42,26900
0.42,27249
0.42,27675
0.42,27852
0.42,27904
0.42,29469
0.42,30844
0.42,30799
0.42,30885
0.43,31717
0.43,31574
0.43,32047
0.43,31162
0.43,31583
0.43,31082
0.43,30671
0.43,31007
0.43,31040
0.43,31026
0.43,30434
0.43,29018
0.43,29037
0.43,27880
0.43,28290
0.43,29374
0.43,28328
0.43,28398
0.43,28423
0.43,28542
0.43,29492
0.43,30890
0.43,31558
0.43,30349
0.43,30792
0.43,30550
0.43,30949
0.43,30968
0.43,31204
0.43,30335
0.43,29660
0.43,30229
0.43,30334
0.43,30360
0.43,29026
0.43,28862
0.43,29189
0.43,29644
0.43,29383
0.43,29025
0.43,29986
0.43,29995
0.43,29715
0.43,29054
0.43,28967
0.43,29789
0.43,29689
0.43,29573
0.43,29760
0.43,30957
0.43,30928
0.43,30763
0.43,30656
0.43,31877
0.43,31736
0.43,31454
0.43,31542
0.43,30392
0.43,30753
0.43,29827
0.43,29869
0.43,29460
0.43,29376
0.43,28985
0.43,29294
0.43,28784
0.43,28756
0.43,29037
0.44,28863
0.44,29186
0.44,30150
0.44,29857
0.44,30535
0.44,30425
0.44,30518
0.44,31480
0.44,31796
0.44,31778
0.44,31981
0.44,31864
0.44,32563
0.44,30840
0.44,31017
0.44,31352
0.44,31587
0.44,31318
0.44,31165
0.44,30335
0.44,29565
0.44,29709
0.44,29550
0.44,30083
0.44,30472
0.44,29631
0.44,29552
0.44,29572
0.44,30136
0.44,30355
0.44,30267
0.44,30174
0.44,30582
0.44,30535
0.44,31623
0.44,31111
0.44,31223
0.44,31064
0.44,30293
0.44,30436
0.44,30362
0.44,30773
0.44,29819
0.44,29827
0.44,30196
0.44,30292
0.44,31053
0.44,30757
0.44,30176
0.44,29807
0.44,28830
0.44,28808
0.44,29351
0.44,30610
0.44,30986
0.44,30843
0.44,30164
0.44,29761
0.44,31013
0.44,31534
0.44,31029
0.44,31345
0.44,31308
0.44,31109
0.44,31106
0.45,30908
0.45,31481
0.45,31507
0.45,31094
0.45,31191
0.45,31284
0.45,31084
0.45,31135
0.45,31163
0.45,30133
0.45,30224
0.45,31565
0.45,31184
0.45,30352
0.45,29460
0.45,29553
0.45,30098
0.45,29617
0.45,28741
0.45,28601
0.45,29082
0.45,29108
0.45,30258
0.45,30398
0.45,30037
0.45,30216
0.45,29231
0.45,29004
0.45,28332
0.45,27963
0.45,27879
0.45,28865
0.45,29771
0.45,28971
0.45,29060
0.45,29482
0.45,29669
0.45,29759
0.45,29324
0.45,29360
0.45,28682
0.45,28984
0.45,28445
0.45,28174
0.45,28073
0.45,27430
0.45,27979
0.45,28673
0.45,29495
0.45,28620
0.45,28927
0.45,28976
0.45,29589
0.45,29215
0.45,29076
0.45,29465
0.45,29305
0.45,29539
0.45,29843
0.45,29135
0.45,29153
0.45,29273
0.45,29206
0.45,28442
0.45,28273
0.45,28841
0.46,29349
0.46,29915
0.46,29164
0.46,29229
0.46,29162
0.46,29046
0.46,29198
0.46,29310
0.46,29979
0.46,30086
0.46,31665
0.46,32251
0.46,31078
0.46,30598
0.46,30833
0.46,30801
0.46,30495
0.46,30126
0.46,29934
0.46,30776
0.46,30726
0.46,30737
0.46,31942
0.46,32764
0.46,32646
0.46,32429
0.46,32394
0.46,32324
0.46,32746
0.46,34098
0.46,34135
0.46,34166
0.46,34149
0.46,33188
0.46,33240
0.46,33323
0.46,33198
0.46,31971
0.46,33753
0.46,33168
0.46,33228
0.46,32446
0.46,33118
0.46,33120
0.46,33187
0.46,33967
0.46,32796
0.46,32275
0.46,32376
0.46,32420
0.46,32092
0.46,30971
0.46,30495
0.46,30123
0.46,30109
0.46,29919
0.46,28791
0.46,28311
0.46,28369
0.46,27933
0.46,27841
0.46,27839
0.46,27536
0.46,27163
0.46,25500
0.46,25446
0.46,26641
0.46,27787
0.47,29309
0.47,29357
0.47,29050
0.47,28835
0.47,28728
0.47,29461
0.47,29387
0.47,29073
0.47,28814
0.47,29089
0.47,29875
0.47,29501
0.47,29490
0.47,28074
0.47,28381
0.47,29306
0.47,29611
0.47,29667
0.47,29661
0.47,29513
0.47,29358
0.47,27858
0.47,28033
0.47,27892
0.47,27882
0.47,28317
0.47,28122
0.47,27482
0.47,27782
0.47,28935
0.47,29138
0.47,29543
0.47,29603
0.47,29946
0.47,30069
0.47,30055
0.47,30828
0.47,30865
0.47,30775
0.47,30744
0.47,30828
0.47,29740
0.47,28830
0.47,30529
0.47,30656
0.47,30563
0.47,30702
0.47,30062
0.47,30107
0.47,29473
0.47,29759
0.47,29687
0.47,28260
0.47,28995
0.47,29354
0.47,28956
0.47,29230
0.47,28593
0.47,29626
0.47,29952
0.47,29951
0.47,30210
0.47,30211
0.47,30621
0.47,29627
0.47,29165
0.47,29133
0.47,29919
0.48,31224
0.48,31385
0.48,31535
0.48,30779
0.48,30471
0.48,30217
0.48,30974
0.48,30989
0.48,30933
0.48,30640
0.48,30191
0.48,30491
0.48,29699
0.48,30797
0.48,30334
0.48,29935
0.48,30572
0.48,31624
0.48,31125
0.48,31301
0.48,31361
0.48,31024
0.48,30464
0.48,30470
0.48,30290
0.48,29603
0.48,30041
0.48,30383
0.48,30391
0.48,30413
0.48,29994
0.48,29930
0.48,30368
0.48,30336
0.48,31182
0.48,31194
0.48,29913
0.48,30953
0.48,30916
0.48,31252
0.48,31072
0.48,30528
0.48,30542
0.48,31175
0.48,31110
0.48,30786
0.48,29949
0.48,29853
0.48,30353
0.48,30382
0.48,30726
0.48,30577
0.48,30528
0.48,30246
0.48,30369
0.48,30226
0.48,30870
0.48,30840
0.48,30632
0.48,30880
0.48,30577
0.48,30033
0.48,29965
0.48,28901
0.48,28979
0.48,28777
0.48,29637
0.48,29570
0.49,30290
0.49,30212
0.49,30211
0.49,30556
0.49,30877
0.49,30784
0.49,30302
0.49,30127
0.49,30248
0.49,30761
0.49,30549
0.49,30426
0.49,30026
0.49,30319
0.49,30294
0.49,30274
0.49,28988
0.49,29103
0.49,28919
0.49,28381
0.49,28267
0.49,28050
0.49,27670
0.49,27430
0.49,27699
0.49,28049
0.49,28255
0.49,28203
0.49,28042
0.49,28057
0.49,27856
0.49,27849
0.49,27680
0.49,27961
0.49,28044
0.49,28135
0.49,28125
0.49,28168
0.49,28747
0.49,29440
0.49,29296
0.49,29269
0.49,28847
0.49,28948
0.49,28751
0.49,29193
0.49,28022
0.49,27881
0.49,28142
0.49,28329
0.49,29485
0.49,28601
0.49,28607
0.49,28547
0.49,27874
0.49,27726
0.49,26956
0.49,27622
0.49,27769
0.49,29145
0.49,29212
0.49,29994
0.49,30235
0.49,30352
0.50,31302
0.50,31361
0.50,31414
0.50,30685
0.50,30677
0.50,30138
0.50,29885
0.50,29662
0.50,29507
0.50,29502
0.50,29262
0.50,29114
0.50,28479
0.50,28460
0.50,28460
0.50,28190
0.50,28008
0.50,27883
0.50,26902
0.50,27276
0.50,27668
0.50,28129
0.50,30391
0.50,30071
0.50,30898
0.50,30654
0.50,30219
0.50,29989
0.50,30042
0.50,30259
0.50,29873
0.50,28394
0.50,28848
0.50,28307
0.50,28292
0.50,29421
0.50,29864
0.50,29689
0.50,29250
0.50,29395
0.50,28369
0.50,28879
0.50,28797
0.50,28405
0.50,28609
0.50,28382
0.50,27905
0.50,28557
0.50,28470
0.50,28288
0.50,28590
0.50,29281
0.50,29316
0.50,29208
0.50,29578
0.50,29201
0.50,28980
0.50,29370
0.50,29479
0.50,31397
0.50,31435
0.50,31667
0.50,30723
0.51,30705
0.51,30391
0.51,30893
0.51,32019
0.51,32102
0.51,32204
0.51,31622
0.51,31775
0.51,30153
0.51,30300
0.51,30893
0.51,30663
0.51,30650
0.51,30906
0.51,31380
0.51,31371
0.51,31307
0.51,30961
0.51,31398
0.51,31241
0.51,31181
0.51,31247
0.51,31235
0.51,30798
0.51,30719
0.51,31183
0.51,29319
0.51,29212
0.51,28847
0.51,29019
0.51,27741
0.51,28436
0.51,28667
0.51,28865
0.51,29517
0.51,29754
0.51,29650
0.51,29551
0.51,29767
0.51,29037
0.51,29358
0.51,29398
0.51,29402
0.51,28327
0.51,28424
0.51,28219
0.51,27891
0.51,28066
0.51,28444
0.51,28700
0.51,28405
0.51,28957
0.51,28961
0.51,28564
0.51,28562
0.51,28642
0.51,26980
0.51,27697
0.51,27730
0.51,28141
0.51,28167
0.51,29103
0.51,28937
0.51,29434
0.51,28922
0.52,28414
0.52,28877
0.52,28610
0.52,28653
0.52,28588
0.52,27325
0.52,27397
0.52,27290
0.52,27141
0.52,26621
0.52,26673
0.52,27146
0.52,27108
0.52,27065
0.52,26855
0.52,26000
0.52,26358
0.52,26267
0.52,26422
0.52,25072
0.52,25114
0.52,25180
0.52,24955
0.52,24795
0.52,25004
0.52,26079
0.52,25718
0.52,26547
0.52,26448
0.52,26729
0.52,25589
0.52,26442
0.52,26256
0.52,27047
0.52,27094
0.52,27037
0.52,26949
0.52,26156
0.52,25392
0.52,25315
0.52,25221
0.52,25111
0.52,24392
0.52,24956
0.52,24982
0.52,24833
0.52,24998
0.52,25459
0.52,25640
0.52,25224
0.52,25533
0.52,25588
0.52,25560
0.52,26371
0.52,27954
0.52,27596
0.52,28267
0.52,28023
0.52,29242
0.52,29077
0.52,29092
0.52,29182
0.52,29414
0.53,28945
0.53,29661
0.53,30082
0.53,30951
0.53,31027
0.53,31486
0.53,31868
0.53,31597
0.53,30882
0.53,30881
0.53,30514
0.53,30121
0.53,30028
0.53,30097
0.53,30406
0.53,29694
0.53,30228
0.53,32117
0.53,31989
0.53,31917
0.53,31611
0.53,31686
0.53,31299
0.53,31865
0.53,31713
0.53,31158
0.53,31074
0.53,31174
0.53,31325
0.53,31030
0.53,31255
0.53,31694
0.53,32076
0.53,32765
0.53,32949
0.53,32874
0.53,32729
0.53,32707
0.53,31975
0.53,32081
0.53,32030
0.53,32041
0.53,30896
0.53,30641
0.53,30316
0.53,30341
0.53,30209
0.53,31081
0.53,31020
0.53,30941
0.53,31315
0.53,31652
0.53,31444
0.53,29832
0.53,29740
0.53,28821
0.53,28370
0.53,28731
0.53,27641
0.53,28575
0.53,28538
0.53,28493
0.53,28402
0.53,28055
0.54,28106
0.54,28099
0.54,27902
0.54,28032
0.54,27755
0.54,27187
0.54,27588
0.54,27736
0.54,28115
0.54,28038
0.54,28505
0.54,28028
0.54,28413
0.54,28479
0.54,28841
0.54,28183
0.54,28957
0.54,28627
0.54,28659
0.54,28758
0.54,28892
0.54,29871
0.54,30275
0.54,31955
0.54,30892
0.54,30452
0.54,30716
0.54,30726
0.54,31076
0.54,29831
0.54,29908
0.54,30431
0.54,29647
0.54,30505
0.54,30570
0.54,30213
0.54,30149
0.54,29251
0.54,29329
0.54,29302
0.54,29420
0.54,29437
0.54,29425
0.54,28620
0.54,28375
0.54,29135
0.54,29292
0.54,30312
0.54,30304
0.54,31049
0.54,30585
0.54,30796
0.54,31091
0.54,31153
0.54,31090
0.54,31012
0.54,30544
0.54,30087
0.54,29749
0.54,29577
0.54,30362
0.54,30342
0.54,30936
0.54,29830
0.55,28643
0.55,28057
0.55,28136
0.55,27561
0.55,27282
0.55,28044
0.55,26999
0.55,27562
0.55,28110
0.55,28088
0.55,28329
0.55,27157
0.55,26868
0.55,26890
0.55,26967
0.55,26610
0.55,26728
0.55,27029
0.55,26561
0.55,26315
0.55,26243
0.55,26567
0.55,25436
0.55,25982
0.55,25418
0.55,25587
0.55,25660
0.55,27134
0.55,28845
0.55,28221
0.55,28221
0.55,28607
0.55,29209
0.55,28840
0.55,28652
0.55,27929
0.55,28486
0.55,27449
0.55,27542
0.55,26980
0.55,27505
0.55,27400
0.55,27718
0.55,27957
0.55,27701
0.55,27698
0.55,27187
0.55,27441
0.55,28036
0.55,28686
0.55,28167
0.55,28674
0.55,29609
0.55,28847
0.55,29755
0.55,29346
0.55,29301
0.55,29170
0.55,30107
0.55,30397
0.55,30541
0.55,30521
0.56,30713
0.56,30705
0.56,30194
0.56,29587
0.56,29431
0.56,27726
0.56,28763
0.56,27461
0.56,28866
0.56,28330
0.56,27535
0.56,27499
0.56,27251
0.56,26313
0.56,25594
0.56,26226
0.56,26234
0.56,26297
0.56,26004
0.56,26116
0.56,25720
0.56,25725
0.56,25342
0.56,25303
0.56,25130
0.56,25804
0.56,25107
0.56,25469
0.56,24662
0.56,24850
0.56,25029
0.56,24996
0.56,24955
0.56,24605
0.56,24170
0.56,24752
0.56,25055
0.56,25131
0.56,26859
0.56,27114
0.56,28326
0.56,28417
0.56,28546
0.56,29508
0.56,28450
0.56,28353
0.56,28510
0.56,30005
0.56,30268
0.56,29768
0.56,29925
0.56,29936
0.56,29625
0.56,28757
0.56,27318
0.56,27671
0.56,26846
0.56,27632
0.56,27576
0.56,27570
0.56,28768
0.56,28742
0.56,27921
0.57,27866
0.57,27881
0.57,28328
0.57,27996
0.57,28790
0.57,28764
0.57,28759
0.57,27748
0.57,28119
0.57,29029
0.57,29027
0.57,27830
0.57,27933
0.57,28276
0.57,28065
0.57,27254
0.57,27304
0.57,28393
0.57,29247
0.57,28871
0.57,29278
0.57,29106
0.57,29387
0.57,29871
0.57,29844
0.57,29423
0.57,29889
0.57,30346
0.57,30586
0.57,30388
0.57,30207
0.57,32372
0.57,32377
0.57,32096
0.57,30992
0.57,30439
0.57,30594
0.57,30851
0.57,30284
0.57,30622
0.57,30269
0.57,29553
0.57,29564
0.57,29497
0.57,29717
0.57,29739
0.57,29643
0.57,29518
0.57,29297
0.57,29280
0.57,29303
0.57,28873
0.57,28989
0.57,28388
0.57,27742
0.57,27933
0.57,27735
0.57,27800
0.57,28771
0.57,28920
0.57,28064
0.57,28324
0.57,29375
0.57,29539
0.57,29695
0.58,29977
0.58,29590
0.58,29874
0.58,28709
0.58,28247
0.58,28308
0.58,28621
0.58,28656
0.58,28707
0.58,29731
0.58,29624
0.58,29933
0.58,29774
0.58,28618
0.58,28032
0.58,27243
0.58,27207
0.58,27488
0.58,27535
0.58,27517
0.58,27718
0.58,27399
0.58,28746
0.58,28651
0.58,27932
0.58,27976
0.58,28108
0.58,28128
0.58,27315
0.58,28441
0.58,27656
0.58,27544
0.58,27280
0.58,27429
0.58,26973
0.58,27016
0.58,27607
0.58,26551
0.58,26286
0.58,26439
0.58,26683
0.58,26627
0.58,28308
0.58,25099
0.58,25022
0.58,24967
0.58,25305
0.58,26132
0.58,26241
0.58,26127
0.58,26030
0.58,25931
0.58,26821
0.58,27059
0.58,26847
0.58,28370
0.58,28722
0.58,28811
0.58,28827
0.58,28753
0.58,28830
0.58,28619
0.58,29279
0.58,28988
0.58,29086
0.59,29084
0.59,29135
0.59,29732
0.59,28782
0.59,30546
0.59,31324
0.59,31240
0.59,31423
0.59,31547
0.59,31288
0.59,30780
0.59,31088
0.59,31147
0.59,31982
0.59,32193
0.59,32329
0.59,31766
0.59,32409
0.59,32159
0.59,31853
0.59,31754
0.59,31502
0.59,31134
0.59,31800
0.59,31159
0.59,31294
0.59,31573
0.59,30907
0.59,30627
0.59,30982
0.59,30951
0.59,31193
0.59,30340
0.59,30294
0.59,30793
0.59,29916
0.59,30719
0.59,31298
0.59,31280
0.59,30946
0.59,30962
0.59,31235
0.59,31041
0.59,31430
0.59,30989
0.59,30637
0.59,30647
0.59,30410
0.59,30515
0.59,30484
0.59,30816
0.59,30652
0.59,30746
0.59,30808
0.59,30937
0.59,31165
0.59,31306
0.59,31430
0.59,31680
0.59,30778
0.59,30714
0.59,30496
0.59,30624
0.59,30955
0.60,30693
0.60,30791
0.60,30225
0.60,29467
0.60,29366
0.60,29500
0.60,29823
0.60,29787
0.60,29882
0.60,29367
0.60,28807
0.60,29049
0.60,30097
0.60,29929
0.60,28252
0.60,27684
0.60,26830
0.60,26915
0.60,27080
0.60,27055
0.60,28128
0.60,28184
0.60,28150
0.60,28395
0.60,28285
0.60,28366
0.60,28684
0.60,28471
0.60,28873
0.60,28771
0.60,28765
0.60,28331
0.60,27804
0.60,27651
0.60,27690
0.60,28276
0.60,28268
0.60,27761
0.60,26871
0.60,25570
0.60,25929
0.60,26109
0.60,26877
0.60,27247
0.60,26765
0.60,26892
0.60,26330
0.60,26757
0.60,26759
0.60,26242
0.60,26206
0.60,26141
0.60,25863
0.60,25870
0.60,25957
0.60,25898
0.60,25405
0.60,25462
0.60,26518
0.60,28081
0.60,27504
0.60,26532
0.60,25699
0.61,25597
0.61,26297
0.61,26784
0.61,29001
0.61,29745
0.61,29893
0.61,30151
0.61,30553
0.61,30431
0.61,30469
0.61,30283
0.61,30466
0.61,30433
0.61,30083
0.61,31444
0.61,31511
0.61,30382
0.61,30445
0.61,30473
0.61,30655
0.61,30583
0.61,31209
0.61,31234
0.61,30962
0.61,31412
0.61,31270
0.61,32193
0.61,32163
0.61,31434
0.61,30465
0.61,30455
0.61,31089
0.61,30433
0.61,30356
0.61,31606
0.61,31629
0.61,31175
0.61,31177
0.61,30737
0.61,30633
0.61,30227
0.61,28802
0.61,28616
0.61,28700
0.61,28664
0.61,28853
0.61,28373
0.61,28096
0.61,28082
0.61,28183
0.61,28764
0.61,28816
0.61,28366
0.61,28359
0.61,28690
0.61,28500
0.61,28344
0.61,27712
0.61,28253
0.61,28186
0.61,28628
0.61,27162
0.62,28037
0.62,27987
0.62,28546
0.62,29107
0.62,29388
0.62,29369
0.62,30345
0.62,30326
0.62,30644
0.62,31155
0.62,31049
0.62,30220
0.62,30474
0.62,30973
0.62,29336
0.62,28826
0.62,29008
0.62,28633
0.62,28602
0.62,30447
0.62,29992
0.62,30683
0.62,31334
0.62,31406
0.62,30822
0.62,31151
0.62,31588
0.62,32056
0.62,31074
0.62,30591
0.62,30706
0.62,30640
0.62,29228
0.62,29268
0.62,29419
0.62,29439
0.62,29799
0.62,28936
0.62,28905
0.62,29374
0.62,29357
0.62,29263
0.62,29263
0.62,28936
0.62,28793
0.62,28301
0.62,27350
0.62,28766
0.62,28432
0.62,28684
0.62,28535
0.62,28473
0.62,28423
0.62,28783
0.62,27666
0.62,29098
0.62,29574
0.62,30317
0.62,30177
0.62,30136
0.62,29850
0.62,29914
0.62,29369
0.62,28818
0.62,28994
0.63,28892
0.63,28790
0.63,29951
0.63,30678
0.63,30795
0.63,30887
0.63,30509
0.63,31050
0.63,31760
0.63,31996
0.63,32166
0.63,32024
0.63,31697
0.63,31570
0.63,31825
0.63,31311
0.63,31137
0.63,31061
0.63,31571
0.63,31771
0.63,31838
0.63,32071
0.63,31504
0.63,30590
0.63,30740
0.63,30826
0.63,30549
0.63,30016
0.63,28952
0.63,28823
0.63,29016
0.63,29222
0.63,28737
0.63,28712
0.63,27676
0.63,27319
0.63,27625
0.63,27139
0.63,27233
0.63,28168
0.63,27905
0.63,27910
0.63,27987
0.63,27447
0.63,27522
0.63,27869
0.63,28301
0.63,28250
0.63,28402
0.63,28282
0.63,28421
0.63,28487
0.63,28428
0.63,28287
0.63,28518
0.63,27380
0.63,27932
0.63,28025
0.63,27074
0.63,27008
0.63,27107
0.63,27178
0.63,28090
0.63,28605
0.64,28227
0.64,27653
0.64,27285
0.64,27828
0.64,27437
0.64,27296
0.64,26975
0.64,26411
0.64,26881
0.64,26802
0.64,27026
0.64,27231
0.64,26718
0.64,27247
0.64,27395
0.64,27339
0.64,27017
0.64,26997
0.64,26732
0.64,26633
0.64,26410
0.64,26276
0.64,25972
0.64,26398
0.64,26511
0.64,26506
0.64,26522
0.64,26794
0.64,26830
0.64,28361
0.64,28217
0.64,27109
0.64,28121
0.64,28414
0.64,28330
0.64,28625
0.64,28729
0.64,28268
0.64,26632
0.64,28444
0.64,28707
0.64,28723
0.64,27816
0.64,27814
0.64,27742
0.64,28070
0.64,28338
0.64,28595
0.64,28958
0.64,28966
0.64,29069
0.64,29500
0.64,29350
0.64,27852
0.65,27850
0.65,27796
0.65,29011
0.65,28285
0.65,27813
0.65,28401
0.65,27457
0.65,28130
0.65,28655
0.65,29370
0.65,29542
0.65,30018
0.65,30326
0.65,30554
0.65,29717
0.65,29298
0.65,28624
0.65,28558
0.65,28405
0.65,28652
0.65,27976
0.65,28019
0.65,27643
0.65,28167
0.65,27633
0.65,27663
0.65,27945
0.65,28269
0.65,28349
0.65,28080
0.65,27800
0.65,27989
0.65,28149
0.65,27992
0.65,27986
0.65,28133
0.65,28432
0.65,26982
0.65,27264
0.65,26778
0.65,26965
0.65,27129
0.65,26961
0.65,27562
0.65,27307
0.65,27868
0.65,27773
0.65,27904
0.65,27537
0.65,27409
0.65,27158
0.65,27949
0.65,27758
0.65,29268
0.65,30511
0.65,30559
0.65,31249
0.65,29534
0.65,29825
0.65,28891
0.65,31563
0.65,31550
0.65,30367
0.65,31465
0.66,31215
0.66,31173
0.66,31100
0.66,30927
0.66,30936
0.66,30700
0.66,30333
0.66,30303
0.66,29905
0.66,30157
0.66,30098
0.66,30432
0.66,31083
0.66,31156
0.66,31556
0.66,31509
0.66,31738
0.66,31338
0.66,29804
0.66,30217
0.66,29632
0.66,28520
0.66,28642
0.66,29084
0.66,29451
0.66,29589
0.66,29161
0.66,29106
0.66,28951
0.66,28965
0.66,27613
0.66,27495
0.66,27195
0.66,27278
0.66,29415
0.66,28495
0.66,28059
0.66,28184
0.66,27587
0.66,27019
0.66,27158
0.66,28517
0.66,28146
0.66,27579
0.66,27450
0.66,28349
0.66,27671
0.66,27617
0.66,27629
0.66,27642
0.66,28270
0.66,28495
0.66,28807
0.66,28809
0.66,28801
0.66,28621
0.66,28658
0.66,28565
0.66,27443
0.66,27283
0.67,27447
0.67,27478
0.67,28107
0.67,29560
0.67,29195
0.67,27784
0.67,27624
0.67,26288
0.67,26274
0.67,25795
0.67,26446
0.67,25472
0.67,25787
0.67,26630
0.67,26358
0.67,26162
0.67,26418
0.67,26339
0.67,26199
0.67,26755
0.67,28158
0.67,27992
0.67,28174
0.67,28649
0.67,28527
0.67,28421
0.67,27549
0.67,27333
0.67,27051
0.67,28974
0.67,28622
0.67,28880
0.67,28889
0.67,26826
0.67,26744
0.67,26930
0.67,26797
0.67,26104
0.67,26621
0.67,27333
0.67,27492
0.67,27219
0.67,27416
0.67,27346
0.67,26842
0.67,26907
0.67,26820
0.67,26704
0.67,26969
0.67,26779
0.67,27099
0.67,26663
0.67,27023
0.67,27370
0.67,27385
0.67,27646
0.67,27651
0.67,27600
0.67,27306
0.67,27673
0.67,27614
0.68,26751
0.68,27295
0.68,28027
0.68,26974
0.68,27109
0.68,26994
0.68,28430
0.68,28599
0.68,29039
0.68,29404
0.68,29214
0.68,29573
0.68,29515
0.68,29189
0.68,28882
0.68,29737
0.68,30160
0.68,30193
0.68,30166
0.68,29552
0.68,29230
0.68,28276
0.68,29045
0.68,29058
0.68,29608
0.68,28559
0.68,28439
0.68,27324
0.68,27007
0.68,27053
0.68,27223
0.68,26638
0.68,26757
0.68,26337
0.68,26178
0.68,26368
0.68,26630
0.68,26479
0.68,26447
0.68,25517
0.68,26149
0.68,26008
0.68,26446
0.68,27328
0.68,28263
0.68,28158
0.68,29139
0.68,29147
0.68,28466
0.68,28552
0.68,30310
0.68,31062
0.68,30919
0.68,31161
0.68,31423
0.68,30914
0.68,30936
0.68,29798
0.68,29340
0.68,29157
0.68,28902
0.68,28967
0.68,29258
0.69,30235
0.69,30398
0.69,30430
0.69,30568
0.69,30518
0.69,30626
0.69,29966
0.69,29993
0.69,30026
0.69,30256
0.69,30529
0.69,29810
0.69,29649
0.69,28025
0.69,28098
0.69,27988
0.69,28123
0.69,27547
0.69,27590
0.69,27545
0.69,27948
0.69,28653
0.69,28915
0.69,28812
0.69,27888
0.69,27338
0.69,27153
0.69,27800
0.69,26946
0.69,26913
0.69,27097
0.69,27654
0.69,28568
0.69,28266
0.69,28409
0.69,28239
0.69,27813
0.69,27999
0.69,28074
0.69,27902
0.69,27847
0.69,27832
0.69,29015
0.69,28560
0.69,29718
0.69,29730
0.69,29669
0.69,29697
0.69,29147
0.69,29037
0.69,28291
0.69,28238
0.69,28069
0.69,28129
0.69,27963
0.69,27909
0.69,27549
0.69,28283
0.69,28236
0.69,27246
0.69,27486
0.70,27570
0.70,27026
0.70,26356
0.70,26285
0.70,26152
0.70,26143
0.70,26222
0.70,26812
0.70,26794
0.70,27768
0.70,27839
0.70,27921
0.70,28342
0.70,28601
0.70,28146
0.70,28722
0.70,28891
0.70,29048
0.70,29494
0.70,29392
0.70,29116
0.70,29037
0.70,29652
0.70,29618
0.70,30947
0.70,30863
0.70,30912
0.70,30965
0.70,30934
0.70,30964
0.70,29975
0.70,29956
0.70,29587
0.70,29595
0.70,29220
0.70,29217
0.70,29070
0.70,29012
0.70,28791
0.70,28572
0.70,29047
0.70,28795
0.70,28447
0.70,28594
0.70,28365
0.70,28324
0.70,28142
0.70,28171
0.70,28273
0.70,27587
0.70,27547
0.70,27301
0.70,27488
0.70,27940
0.70,27581
0.70,27694
0.70,27858
0.70,26361
0.71,26476
0.71,26086
0.71,26977
0.71,27241
0.71,27193
0.71,27978
0.71,26720
0.71,26278
0.71,26335
0.71,26321
0.71,26501
0.71,26511
0.71,26589
0.71,25353
0.71,25407
0.71,24857
0.71,25342
0.71,25314
0.71,25687
0.71,25233
0.71,25972
0.71,25984
0.71,26160
0.71,26182
0.71,26449
0.71,26955
0.71,25928
0.71,26580
0.71,26621
0.71,27386
0.71,27361
0.71,26757
0.71,27328
0.71,27145
0.71,27421
0.71,27582
0.71,27490
0.71,27413
0.71,27416
0.71,28170
0.71,28907
0.71,28826
0.71,28800
0.71,28531
0.71,28975
0.71,28740
0.71,29220
0.71,29218
0.71,29215
0.71,28991
0.71,28919
0.71,29237
0.71,28520
0.72,29091
0.72,29264
0.72,29245
0.72,29336
0.72,29622
0.72,29498
0.72,29727
0.72,28677
0.72,30250
0.72,29845
0.72,29756
0.72,29980
0.72,30186
0.72,29703
0.72,29322
0.72,29408
0.72,29463
0.72,29424
0.72,29961
0.72,30553
0.72,29934
0.72,30888
0.72,27872
0.72,27688
0.72,26475
0.72,26424
0.72,26409
0.72,25885
0.72,25709
0.72,26281
0.72,25912
0.72,25977
0.72,26115
0.72,25675
0.72,25632
0.72,25337
0.72,25129
0.72,25549
0.72,23879
0.72,23809
0.72,23512
0.72,24686
0.72,25559
0.72,26327
0.72,26296
0.72,26416
0.72,27065
0.72,29871
0.72,30015
0.72,30004
0.72,29828
0.72,30027
0.72,30088
0.72,30121
0.73,30692
0.73,31134
0.73,30940
0.73,31372
0.73,32435
0.73,32089
0.73,31180
0.73,31440
0.73,30911
0.73,30740
0.73,30236
0.73,29554
0.73,29483
0.73,26570
0.73,25625
0.73,26448
0.73,26355
0.73,26519
0.73,26541
0.73,26074
0.73,27719
0.73,28063
0.73,27075
0.73,26731
0.73,26403
0.73,26176
0.73,27615
0.73,27601
0.73,27713
0.73,27730
0.73,27756
0.73,27922
0.73,29022
0.73,28267
0.73,27902
0.73,27725
0.73,27219
0.73,27220
0.73,27388
0.73,26260
0.73,26192
0.73,25992
0.73,25865
0.73,25310
0.73,26362
0.73,26631
0.73,26271
0.73,25757
0.73,25061
0.74,25316
0.74,24956
0.74,25773
0.74,26018
0.74,25826
0.74,25746
0.74,25943
0.74,26052
0.74,25962
0.74,26146
0.74,24208
0.74,24110
0.74,23966
0.74,24834
0.74,24776
0.74,25340
0.74,24400
0.74,24618
0.74,24706
0.74,25127
0.74,25423
0.74,25573
0.74,26061
0.74,26463
0.74,25998
0.74,27349
0.74,25519
0.74,25351
0.74,26675
0.74,26750
0.74,26740
0.74,26854
0.74,25539
0.74,25233
0.74,25045
0.74,24414
0.74,24597
0.74,24764
0.74,24465
0.74,24768
0.74,26359
0.74,26984
0.74,26780
0.74,26136
0.74,26299
0.74,25749
0.74,25126
0.74,25400
0.74,25509
0.74,25699
0.74,26032
0.74,24716
0.74,24335
0.74,24477
0.74,24293
0.74,24277
0.75,26217
0.75,26844
0.75,26961
0.75,28124
0.75,29165
0.75,29164
0.75,29099
0.75,29277
0.75,29505
0.75,29767
0.75,30055
0.75,30817
0.75,29635
0.75,29768
0.75,29848
0.75,29830
0.75,30252
0.75,29235
0.75,29169
0.75,29275
0.75,28618
0.75,28732
0.75,28082
0.75,27946
0.75,27886
0.75,27993
0.75,28328
0.75,28346
0.75,29446
0.75,28686
0.75,29275
0.75,29478
0.75,30328
0.75,30355
0.75,29934
0.75,29378
0.75,30006
0.75,30007
0.75,30057
0.75,29714
0.75,29417
0.75,29538
0.75,29404
0.75,29354
0.75,28429
0.75,27332
0.75,27329
0.75,27397
0.75,27405
0.75,27413
0.75,26237
0.75,26131
0.75,26116
0.76,25941
0.76,26113
0.76,26439
0.76,26510
0.76,26286
0.76,26531
0.76,25970
0.76,26477
0.76,26742
0.76,26722
0.76,27296
0.76,27430
0.76,27362
0.76,27064
0.76,27073
0.76,27302
0.76,26485
0.76,27261
0.76,25894
0.76,25958
0.76,25560
0.76,25633
0.76,27013
0.76,27171
0.76,27714
0.76,27633
0.76,28206
0.76,28247
0.76,27947
0.76,27564
0.76,27481
0.76,27859
0.76,27625
0.76,27540
0.76,27417
0.76,27911
0.76,28231
0.76,28338
0.76,27964
0.76,27855
0.76,28088
0.76,27938
0.76,27920
0.76,27635
0.76,27662
0.76,27673
0.76,27444
0.76,27448
0.76,28831
0.76,29092
0.76,29976
0.76,29397
0.76,29715
0.76,30719
0.76,30938
0.76,30926
0.76,30807
0.76,29952
0.76,30327
0.77,30060
0.77,30056
0.77,30446
0.77,30605
0.77,30318
0.77,31012
0.77,31093
0.77,31020
0.77,31131
0.77,31226
0.77,30814
0.77,30634
0.77,30584
0.77,31287
0.77,30860
0.77,31619
0.77,31176
0.77,31303
0.77,28878
0.77,29006
0.77,29665
0.77,29700
0.77,31223
0.77,31210
0.77,31361
0.77,31244
0.77,31155
0.77,30877
0.77,31162
0.77,30832
0.77,29154
0.77,28975
0.77,29021
0.77,29170
0.77,29732
0.77,29825
0.77,29927
0.77,28940
0.77,29079
0.77,29837
0.77,29645
0.77,29624
0.77,29246
0.77,29235
0.77,29510
0.77,29070
0.77,28962
0.77,29057
0.77,29089
0.77,28886
0.77,28820
0.77,28663
0.77,30549
0.77,29567
0.77,29227
0.77,28929
0.77,28350
0.77,28986
0.77,28460
0.77,28290
0.77,27745
0.78,27297
0.78,26930
0.78,26709
0.78,26759
0.78,26919
0.78,27446
0.78,27010
0.78,27257
0.78,27216
0.78,27481
0.78,28576
0.78,28348
0.78,27711
0.78,28551
0.78,28487
0.78,28384
0.78,28665
0.78,28808
0.78,29084
0.78,29453
0.78,29430
0.78,29116
0.78,28524
0.78,28443
0.78,28807
0.78,28205
0.78,28423
0.78,28565
0.78,28331
0.78,28432
0.78,28487
0.78,28605
0.78,28778
0.78,28246
0.78,28213
0.78,28987
0.78,28786
0.78,28645
0.78,28015
0.78,28109
0.78,28111
0.78,27865
0.78,27597
0.78,26806
0.78,26754
0.78,26744
0.78,26898
0.78,26925
0.78,27206
0.78,27078
0.78,27174
0.78,27642
0.78,27513
0.78,27569
0.78,27681
0.78,27666
0.78,27788
0.78,27848
0.78,27849
0.78,28234
0.79,28230
0.79,28708
0.79,28626
0.79,28421
0.79,28550
0.79,28150
0.79,27999
0.79,27974
0.79,28066
0.79,28048
0.79,28077
0.79,27635
0.79,26818
0.79,26431
0.79,26508
0.79,26606
0.79,26844
0.79,27405
0.79,27488
0.79,26704
0.79,26916
0.79,27107
0.79,27124
0.79,27529
0.79,28004
0.79,28624
0.79,27817
0.79,27576
0.79,27029
0.79,26690
0.79,27235
0.79,27312
0.79,27341
0.79,27188
0.79,27352
0.79,27217
0.79,27132
0.79,26649
0.79,26632
0.79,26239
0.79,26072
0.79,26056
0.79,27390
0.79,26947
0.79,26458
0.79,27039
0.79,26670
0.79,26621
0.79,27059
0.79,27773
0.79,27511
0.79,27510
0.79,27291
0.79,27310
0.79,27485
0.79,27439
0.79,27691
0.79,27346
0.80,28170
0.80,26696
0.80,25597
0.80,25468
0.80,25480
0.80,25528
0.80,25785
0.80,26120
0.80,26170
0.80,26867
0.80,27226
0.80,27247
0.80,27126
0.80,27462
0.80,27147
0.80,26946
0.80,26589
0.80,26561
0.80,26574
0.80,27015
0.80,26718
0.80,26422
0.80,24121
0.80,25085
0.80,25397
0.80,26617
0.80,27183
0.80,27250
0.80,27168
0.80,26984
0.80,26905
0.80,26751
0.80,28204
0.80,28319
0.80,28208
0.80,29195
0.80,29310
0.80,30025
0.80,30078
0.80,30280
0.80,29842
0.80,29241
0.80,25704
0.80,25597
0.80,25735
0.80,26206
0.80,25907
0.80,24890
0.80,24155
0.80,23862
0.80,24181
0.81,24899
0.81,24739
0.81,24714
0.81,24337
0.81,24368
0.81,24267
0.81,23839
0.81,25458
0.81,25515
0.81,24613
0.81,26048
0.81,26191
0.81,26721
0.81,26943
0.81,26789
0.81,27065
0.81,27221
0.81,27099
0.81,27131
0.81,27001
0.81,27010
0.81,26798
0.81,26923
0.81,28358
0.81,28448
0.81,28534
0.81,28506
0.81,29229
0.81,29385
0.81,29511
0.81,29647
0.81,29278
0.81,29416
0.81,29834
0.81,29827
0.81,30485
0.81,30255
0.81,30236
0.81,28580
0.81,27744
0.81,27275
0.81,27347
0.81,27103
0.81,27228
0.81,27651
0.81,27318
0.81,27264
0.81,27432
0.81,26867
0.81,26105
0.81,26839
0.81,26617
0.81,27086
0.81,27139
0.81,27323
0.81,26986
0.81,27470
0.81,28645
0.81,28487
0.81,28914
0.81,28700
0.81,28313
0.81,28317
0.82,28401
0.82,27949
0.82,28195
0.82,28085
0.82,28374
0.82,28212
0.82,28763
0.82,28710
0.82,28240
0.82,28712
0.82,29192
0.82,27498
0.82,27931
0.82,28519
0.82,29272
0.82,29686
0.82,30209
0.82,29623
0.82,29705
0.82,29672
0.82,29861
0.82,28890
0.82,28421
0.82,28567
0.82,28948
0.82,28844
0.82,28986
0.82,28920
0.82,29010
0.82,28522
0.82,28475
0.82,28636
0.82,29111
0.82,29238
0.82,29369
0.82,29427
0.82,28687
0.82,28346
0.82,27642
0.82,27366
0.82,27677
0.82,27375
0.82,27515
0.82,28241
0.82,28259
0.82,27844
0.82,27506
0.82,27758
0.82,27269
0.82,27452
0.82,27034
0.82,27083
0.82,26715
0.82,27482
0.82,27386
0.83,27336
0.83,27205
0.83,27102
0.83,27319
0.83,27438
0.83,27053
0.83,27663
0.83,27327
0.83,27598
0.83,28028
0.83,27832
0.83,28136
0.83,28038
0.83,28878
0.83,28833
0.83,29098
0.83,28664
0.83,28886
0.83,28852
0.83,28776
0.83,28850
0.83,28490
0.83,28067
0.83,28081
0.83,27847
0.83,27804
0.83,27613
0.83,27576
0.83,27849
0.83,28017
0.83,28195
0.83,28465
0.83,28311
0.83,28316
0.83,28719
0.83,28942
0.83,29248
0.83,30115
0.83,30108
0.83,29772
0.83,28503
0.83,27841
0.83,27660
0.83,27089
0.83,26680
0.83,26661
0.83,27184
0.83,27439
0.83,26959
0.83,27060
0.83,26696
0.83,28270
0.83,27604
0.83,27093
0.83,28344
0.83,28372
0.84,28171
0.84,28294
0.84,28378
0.84,27850
0.84,27829
0.84,27713
0.84,27240
0.84,26487
0.84,26048
0.84,25913
0.84,25978
0.84,25467
0.84,25690
0.84,25280
0.84,26179
0.84,25662
0.84,25889
0.84,25669
0.84,25170
0.84,25572
0.84,26108
0.84,26256
0.84,26255
0.84,26481
0.84,26413
0.84,26414
0.84,26373
0.84,25971
0.84,26112
0.84,25844
0.84,26124
0.84,26173
0.84,26970
0.84,27229
0.84,27180
0.84,27129
0.84,26672
0.84,25850
0.84,25554
0.84,24889
0.84,25041
0.84,25046
0.84,24761
0.84,25292
0.84,25100
0.84,25188
0.84,25493
0.84,25678
0.84,25399
0.85,25115
0.85,25208
0.85,25190
0.85,25345
0.85,25845
0.85,25596
0.85,25888
0.85,26332
0.85,26101
0.85,26699
0.85,26676
0.85,26796
0.85,27641
0.85,29911
0.85,28529
0.85,28912
0.85,28910
0.85,28883
0.85,29018
0.85,29028
0.85,29037
0.85,28855
0.85,29067
0.85,29113
0.85,29428
0.85,29389
0.85,29514
0.85,29517
0.85,28173
0.85,26981
0.85,28109
0.85,28185
0.85,28059
0.85,28023
0.85,28139
0.85,28109
0.85,28465
0.85,28574
0.85,28463
0.85,28163
0.85,28511
0.85,28264
0.85,27115
0.85,27278
0.85,26361
0.85,26419
0.85,27810
0.85,27483
0.85,27429
0.85,27476
0.85,27000
0.85,26668
0.85,26802
0.85,26020
0.85,25794
0.85,26029
0.85,26781
0.85,26949
0.86,26737
0.86,27063
0.86,25743
0.86,26052
0.86,26297
0.86,25975
0.86,26200
0.86,26687
0.86,26863
0.86,26670
0.86,26817
0.86,27483
0.86,27593
0.86,27019
0.86,27016
0.86,27026
0.86,28476
0.86,27732
0.86,27599
0.86,27342
0.86,28072
0.86,27853
0.86,27777
0.86,28186
0.86,28385
0.86,26538
0.86,27255
0.86,27017
0.86,26739
0.86,26849
0.86,25525
0.86,25531
0.86,26022
0.86,26576
0.86,25990
0.86,25961
0.86,26474
0.86,27121
0.86,27148
0.86,27216
0.86,27430
0.86,27087
0.86,27193
0.86,27538
0.86,29435
0.86,29648
0.86,29495
0.86,29295
0.86,28895
0.86,28803
0.86,29342
0.86,28918
0.86,29191
0.86,27903
0.86,27994
0.86,28312
0.86,28151
0.87,28272
0.87,27281
0.87,27065
0.87,26442
0.87,26574
0.87,26128
0.87,26654
0.87,26572
0.87,26587
0.87,26840
0.87,26952
0.87,26825
0.87,26614
0.87,26517
0.87,26734
0.87,26822
0.87,26828
0.87,26513
0.87,25640
0.87,25198
0.87,25409
0.87,25830
0.87,25831
0.87,25758
0.87,25690
0.87,25463
0.87,25538
0.87,26222
0.87,25931
0.87,26595
0.87,26558
0.87,26333
0.87,26277
0.87,25538
0.87,24996
0.87,24442
0.87,24656
0.87,24437
0.87,24487
0.87,24321
0.87,24386
0.87,24034
0.87,23961
0.87,23208
0.87,23706
0.87,23945
0.87,23785
0.87,23756
0.87,24130
0.87,24481
0.87,25361
0.87,24949
0.87,24995
0.87,24921
0.87,23502
0.88,23768
0.88,23623
0.88,23676
0.88,24173
0.88,24361
0.88,23773
0.88,23036
0.88,23497
0.88,23906
0.88,22739
0.88,22793
0.88,22484
0.88,22308
0.88,22810
0.88,21438
0.88,21769
0.88,21784
0.88,21785
0.88,22788
0.88,23829
0.88,23743
0.88,23849
0.88,22717
0.88,23039
0.88,23169
0.88,23205
0.88,23628
0.88,23900
0.88,24359
0.88,24268
0.88,24425
0.88,24862
0.88,24626
0.88,24698
0.88,25036
0.88,25270
0.88,25238
0.88,25375
0.88,26265
0.88,25377
0.88,25378
0.88,25412
0.88,24775
0.88,24225
0.88,24479
0.89,24405
0.89,23663
0.89,23262
0.89,23266
0.89,23226
0.89,24334
0.89,24873
0.89,24885
0.89,25971
0.89,26631
0.89,27426
0.89,27566
0.89,27596
0.89,27607
0.89,27371
0.89,26603
0.89,26524
0.89,26965
0.89,27421
0.89,26899
0.89,26364
0.89,27618
0.89,27860
0.89,27944
0.89,27929
0.89,27678
0.89,27685
0.89,28122
0.89,28639
0.89,28382
0.89,28358
0.89,27635
0.89,27316
0.89,27667
0.89,27438
0.89,27627
0.89,27962
0.89,27260
0.89,27511
0.89,27842
0.89,27602
0.89,27902
0.89,27591
0.89,27551
0.89,27515
0.89,27900
0.89,27759
0.89,28001
0.90,28019
0.90,28032
0.90,28159
0.90,26950
0.90,27725
0.90,27257
0.90,27247
0.90,27461
0.90,28120
0.90,27158
0.90,27687
0.90,27863
0.90,28884
0.90,29121
0.90,29510
0.90,29616
0.90,29795
0.90,30070
0.90,29980
0.90,29990
0.90,28323
0.90,27813
0.90,26643
0.90,25515
0.90,25470
0.90,25878
0.90,26180
0.90,26741
0.90,25884
0.90,25965
0.90,26168
0.90,25998
0.90,26805
0.90,26789
0.90,25895
0.90,27072
0.90,27140
0.90,27019
0.90,28239
0.90,28399
0.90,28547
0.90,28744
0.90,30767
0.90,30774
0.90,30911
0.90,30709
0.90,29742
0.90,29162
0.90,27468
0.90,27983
0.90,28066
0.90,27901
0.90,28009
0.91,27544
0.91,27422
0.91,27395
0.91,27265
0.91,27156
0.91,27841
0.91,27937
0.91,27802
0.91,27211
0.91,27170
0.91,26732
0.91,26286
0.91,26190
0.91,26210
0.91,26282
0.91,26126
0.91,25894
0.91,26120
0.91,26310
0.91,26082
0.91,25958
0.91,26003
0.91,24945
0.91,24851
0.91,24833
0.91,24915
0.91,25211
0.91,26353
0.91,25436
0.91,24715
0.91,24404
0.91,24251
0.91,24248
0.91,24228
0.91,24300
0.91,24457
0.91,24493
0.91,24710
0.91,25139
0.91,25288
0.91,25239
0.91,24555
0.91,24078
0.91,25132
0.92,24975
0.92,24643
0.92,24242
0.92,24368
0.92,25255
0.92,25301
0.92,25155
0.92,25358
0.92,25984
0.92,26224
0.92,26014
0.92,25883
0.92,26073
0.92,26189
0.92,26930
0.92,27308
0.92,27482
0.92,27303
0.92,27645
0.92,27098
0.92,26880
0.92,26830
0.92,26686
0.92,28661
0.92,28553
0.92,28136
0.92,27968
0.92,28025
0.92,28152
0.92,28220
0.92,28717
0.92,28713
0.92,28801
0.92,28112
0.92,28108
0.92,27782
0.92,27875
0.92,27367
0.92,27774
0.92,26249
0.92,26363
0.92,25748
0.92,25060
0.92,25077
0.92,25177
0.92,25071
0.92,26169
0.92,26575
0.93,26986
0.93,27540
0.93,27144
0.93,26732
0.93,26646
0.93,26380
0.93,25348
0.93,25309
0.93,25868
0.93,28444
0.93,28456
0.93,29230
0.93,29117
0.93,28772
0.93,28941
0.93,28944
0.93,28975
0.93,29200
0.93,29802
0.93,29601
0.93,29282
0.93,29374
0.93,29024
0.93,28580
0.93,29461
0.93,29187
0.93,29090
0.93,29063
0.93,29169
0.93,28720
0.93,28815
0.93,29637
0.93,29693
0.93,30320
0.93,29988
0.93,30076
0.93,29635
0.93,29569
0.93,29106
0.93,29000
0.93,29214
0.93,29042
0.93,28813
0.93,28543
0.93,28375
0.93,27346
0.93,27246
0.93,27074
0.93,26367
0.93,27014
0.93,26228
0.93,26112
0.93,27668
0.93,27865
0.93,28799
0.93,28634
0.93,27686
0.94,27420
0.94,27560
0.94,27435
0.94,27966
0.94,28007
0.94,28034
0.94,27926
0.94,27786
0.94,27915
0.94,27899
0.94,28110
0.94,28026
0.94,27840
0.94,28252
0.94,28248
0.94,28492
0.94,28746
0.94,29081
0.94,29017
0.94,29560
0.94,28970
0.94,28990
0.94,29233
0.94,27536
0.94,27293
0.94,27284
0.94,26038
0.94,26403
0.94,26362
0.94,26594
0.94,26886
0.94,26903
0.94,26700
0.94,26528
0.94,26366
0.94,26502
0.94,26404
0.94,26311
0.94,25845
0.94,25360
0.94,25354
0.94,25461
0.94,25037
0.94,25021
0.95,25152
0.95,24954
0.95,25457
0.95,24600
0.95,24564
0.95,24516
0.95,24382
0.95,24205
0.95,24236
0.95,23956
0.95,23703
0.95,24109
0.95,24630
0.95,25678
0.95,26004
0.95,26331
0.95,26362
0.95,25864
0.95,25220
0.95,25059
0.95,25063
0.95,25618
0.95,24917
0.95,25300
0.95,25342
0.95,24868
0.95,24106
0.95,24248
0.95,24338
0.95,24466
0.95,24693
0.95,24240
0.95,24185
0.95,25736
0.95,25505
0.95,25558
0.95,25433
0.95,25340
0.95,24911
0.95,24454
0.95,24577
0.95,24554
0.95,24501
0.96,24059
0.96,24119
0.96,24064
0.96,24175
0.96,24242
0.96,23946
0.96,23738
0.96,22574
0.96,22449
0.96,23630
0.96,22113
0.96,22950
0.96,24039
0.96,23366
0.96,22968
0.96,23052
0.96,23061
0.96,23718
0.96,23731
0.96,23009
0.96,22882
0.96,23029
0.96,22261
0.96,22126
0.96,22658
0.96,24595
0.96,24703
0.96,24869
0.96,24047
0.96,23850
0.96,23704
0.96,23926
0.96,23976
0.96,23789
0.96,24387
0.96,24113
0.96,24225
0.96,23569
0.96,23494
0.96,23708
0.96,24334
0.96,24548
0.96,24513
0.96,24430
0.96,25682
0.96,24618
0.96,24382
0.97,24760
0.97,26090
0.97,26208
0.97,25215
0.97,25107
0.97,25144
0.97,25292
0.97,25313
0.97,25328
0.97,25299
0.97,25294
0.97,24938
0.97,24980
0.97,25043
0.97,24671
0.97,25234
0.97,26044
0.97,26774
0.97,26539
0.97,26357
0.97,26291
0.97,26568
0.97,26626
0.97,26781
0.97,27109
0.97,26897
0.97,26816
0.97,26724
0.97,26861
0.97,27706
0.97,27735
0.97,27588
0.97,27260
0.97,27656
0.97,28269
0.97,26921
0.97,27009
0.97,26846
0.97,26701
0.97,26756
0.97,26590
0.97,26124
0.97,26501
0.97,26284
0.97,26261
0.98,25671
0.98,26601
0.98,26876
0.98,26765
0.98,27239
0.98,27190
0.98,27247
0.98,26983
0.98,27099
0.98,26907
0.98,26622
0.98,25412
0.98,25292
0.98,25591
0.98,25441
0.98,24137
0.98,24036
0.98,24056
0.98,24054
0.98,24288
0.98,24626
0.98,24541
0.98,24814
0.98,25120
0.98,26002
0.98,26093
0.98,26038
0.98,25917
0.98,25288
0.98,25342
0.98,24734
0.98,24886
0.98,24829
0.98,24678
0.98,24932
0.98,25002
0.98,24783
0.98,24757
0.98,24700
0.98,25187
0.98,26335
0.98,26210
0.98,26124
0.98,25965
0.98,26052
0.98,26259
0.98,25901
0.98,25929
0.99,26510
0.99,27042
0.99,26855
0.99,27145
0.99,26917
0.99,26890
0.99,27048
0.99,26774
0.99,26610
0.99,27596
0.99,27559
0.99,27566
0.99,27260
0.99,27071
0.99,27448
0.99,28696
0.99,28691
0.99,28530
0.99,27730
0.99,26524
0.99,26685
0.99,26843
0.99,26496
0.99,26370
0.99,26672
0.99,26665
0.99,27084
0.99,26788
0.99,26752
0.99,26983
0.99,27004
0.99,27072
0.99,27567
0.99,26054
0.99,26225
0.99,26597
0.99,26123
0.99,25903
0.99,26154
0.99,26111
0.99,27748
0.99,26921
0.99,27812
0.99,28180
0.99,27782
0.99,26607
1.00,25837
1.00,25800
1.00,25529
1.00,25432
1.00,25391
1.00,25607
1.00,25629
1.00,25421
1.00,25325
1.00,25591
1.00,26180
1.00,25432
1.00,25534
1.00,24915
1.00,24565
1.00,25108
1.00,24746
1.00,25352
1.00,25351
1.00,25774
1.00,26102
1.00,26185
1.00,25958
1.00,26114
1.00,26849
1.00,25036
1.00,24204
1.00,24511
1.00,24796
1.00,24932
1.00,24939
1.00,24719
1.00,24978
1.00,24830
1.00,24737
1.00,24592
1.00,24838
1.00,24579
1.00,25487
1.00,25063
1.00,25602
1.00,25295
1.00,25114
1.00,24703
1.00,25544
1.00,25639
1.00,25632
1.00,25510
1.00,25568
1.01,25420
1.01,25441
1.01,25028
1.01,25015
1.01,25028
1.01,24259
1.01,24391
1.01,23668
1.01,23368
1.01,23400
1.01,23455
1.01,24164
1.01,23806
1.01,23878
1.01,24648
1.01,24164
1.01,24685
1.01,24827
1.01,24346
1.01,24492
1.01,24894
1.01,25286
1.01,25072
1.01,25132
1.01,25206
1.01,25335
1.01,25308
1.01,25801
1.01,25914
1.01,25121
1.01,25098
1.01,25165
1.01,25212
1.01,25761
1.01,25672
1.01,25726
1.01,25986
1.01,26120
1.01,25553
1.01,25065
1.01,25107
1.01,24787
1.01,25244
1.01,25286
1.02,25057
1.02,24896
1.02,25575
1.02,25511
1.02,24963
1.02,25199
1.02,25700
1.02,25616
1.02,25399
1.02,25493
1.02,25157
1.02,24888
1.02,24890
1.02,25068
1.02,25011
1.02,25338
1.02,25525
1.02,25609
1.02,25395
1.02,24870
1.02,25644
1.02,25740
1.02,25905
1.02,25931
1.02,26903
1.02,26649
1.02,26564
1.02,26699
1.02,26661
1.02,26795
1.02,26838
1.02,25847
1.02,26332
1.02,26732
1.02,26102
1.02,25834
1.02,25898
1.02,25924
1.02,25232
1.02,25272
1.02,25207
1.02,25479
1.02,25339
1.03,25495
1.03,25743
1.03,26435
1.03,26048
1.03,25587
1.03,25580
1.03,26700
1.03,26707
1.03,26565
1.03,26736
1.03,26567
1.03,26675
1.03,26782
1.03,26654
1.03,26830
1.03,26717
1.03,26730
1.03,26505
1.03,26509
1.03,26664
1.03,26207
1.03,25840
1.03,26269
1.03,25829
1.03,26333
1.03,26104
1.03,25255
1.03,25410
1.03,26139
1.03,26022
1.03,25944
1.03,25944
1.03,25815
1.03,26591
1.03,26551
1.03,26539
1.03,26205
1.03,27497
1.03,27437
1.03,27127
1.03,27122
1.03,26082
1.03,26020
1.03,26019
1.03,26031
1.03,25504
1.04,24479
1.04,24755
1.04,24579
1.04,24924
1.04,24855
1.04,24922
1.04,25160
1.04,24992
1.04,25456
1.04,25415
1.04,25578
1.04,25942
1.04,25321
1.04,25287
1.04,24629
1.04,24879
1.04,25082
1.04,25185
1.04,25344
1.04,26000
1.04,25932
1.04,25725
1.04,25989
1.04,25837
1.04,25624
1.04,25213
1.04,25071
1.04,24757
1.04,24598
1.04,24155
1.04,24841
1.04,26124
1.04,25924
1.04,26607
1.04,27051
1.04,26961
1.04,26788
1.04,26798
1.04,26965
1.04,27111
1.04,27821
1.04,27861
1.04,27923
1.05,27929
1.05,28034
1.05,27694
1.05,27666
1.05,28850
1.05,28684
1.05,28306
1.05,28232
1.05,28558
1.05,28364
1.05,28372
1.05,28356
1.05,27417
1.05,27186
1.05,27010
1.05,27065
1.05,26736
1.05,26729
1.05,27114
1.05,27251
1.05,27341
1.05,27313
1.05,27385
1.05,27372
1.05,27599
1.05,27465
1.05,27106
1.05,26776
1.05,27470
1.05,27523
1.05,27519
1.05,25368
1.05,25282
1.05,26207
1.05,26335
1.05,25826
1.05,25592
1.05,25520
1.05,25727
1.05,25963
1.05,25326
1.05,25784
1.05,26402
1.05,26656
1.05,26614
1.05,26819
1.06,26804
1.06,26213
1.06,26479
1.06,26782
1.06,26860
1.06,27399
1.06,26808
1.06,26801
1.06,27033
1.06,25909
1.06,25617
1.06,25385
1.06,26145
1.06,26304
1.06,26249
1.06,26078
1.06,26561
1.06,26536
1.06,25994
1.06,26325
1.06,26001
1.06,25919
1.06,25997
1.06,25733
1.06,26231
1.06,26057
1.06,26534
1.06,27253
1.06,26937
1.06,27752
1.06,27710
1.06,27573
1.06,27714
1.06,28111
1.06,29102
1.06,29216
1.06,28855
1.06,28599
1.06,27858
1.06,27466
1.06,28982
1.06,28950
1.06,28753
1.06,28688
1.06,28737
1.06,28807
1.06,28739
1.06,28799
1.06,29227
1.07,28715
1.07,28981
1.07,28840
1.07,28778
1.07,29002
1.07,29108
1.07,29047
1.07,28777
1.07,28414
1.07,28416
1.07,28772
1.07,29221
1.07,29182
1.07,29193
1.07,29134
1.07,28625
1.07,28587
1.07,27305
1.07,27012
1.07,26667
1.07,26649
1.07,26775
1.07,26749
1.07,26833
1.07,26726
1.07,26631
1.07,26948
1.07,26984
1.07,26990
1.07,26151
1.07,25972
1.07,25819
1.07,26136
1.07,24040
1.07,23573
1.07,23900
1.07,24276
1.07,23877
1.07,24737
1.07,24861
1.07,24718
1.07,24986
1.08,24820
1.08,24648
1.08,23859
1.08,23897
1.08,23803
1.08,23347
1.08,24128
1.08,24280
1.08,24238
1.08,24084
1.08,24216
1.08,24140
1.08,24446
1.08,24501
1.08,24118
1.08,24075
1.08,24747
1.08,25299
1.08,25348
1.08,24359
1.08,23957
1.08,24283
1.08,23902
1.08,23869
1.08,24038
1.08,23645
1.08,24419
1.08,23369
1.08,22889
1.08,23223
1.08,23358
1.08,22979
1.08,23392
1.08,23359
1.08,24205
1.09,24554
1.09,24515
1.09,24391
1.09,24350
1.09,24962
1.09,25574
1.09,25324
1.09,25321
1.09,25541
1.09,24728
1.09,24986
1.09,25430
1.09,24711
1.09,24738
1.09,24729
1.09,24783
1.09,24021
1.09,23775
1.09,23741
1.09,23699
1.09,24279
1.09,24538
1.09,23390
1.09,23305
1.09,23448
1.09,23257
1.09,23401
1.09,23281
1.09,23786
1.09,23820
1.09,23494
1.09,23682
1.09,24509
1.09,24478
1.09,25342
1.09,25010
1.09,25322
1.09,25003
1.09,24711
1.09,25150
1.09,25505
1.10,25385
1.10,25429
1.10,25438
1.10,25359
1.10,25720
1.10,25656
1.10,25627
1.10,25541
1.10,25430
1.10,25473
1.10,25564
1.10,25326
1.10,24996
1.10,24582
1.10,24450
1.10,24731
1.10,24742
1.10,24856
1.10,23131
1.10,24515
1.10,24513
1.10,23987
1.10,25011
1.10,24770
1.10,23909
1.10,24209
1.10,24282
1.10,23886
1.10,23800
1.10,23502
1.10,23934
1.10,24101
1.10,24172
1.10,23997
1.10,24021
1.10,24000
1.10,23973
1.11,23638
1.11,23329
1.11,23315
1.11,23330
1.11,23269
1.11,22805
1.11,23496
1.11,23715
1.11,23714
1.11,23683
1.11,23568
1.11,23306
1.11,22533
1.11,22539
1.11,22439
1.11,22558
1.11,22465
1.11,22416
1.11,22479
1.11,22560
1.11,22321
1.11,21173
1.11,21183
1.11,21381
1.11,21343
1.11,21438
1.11,21550
1.11,21626
1.11,21641
1.11,21350
1.11,21345
1.11,21325
1.11,21393
1.11,20663
1.11,20803
1.11,21269
1.11,21144
1.11,21400
1.11,20941
1.11,20946
1.11,21032
1.12,21014
1.12,21128
1.12,21571
1.12,21616
1.12,21679
1.12,21536
1.12,21500
1.12,21233
1.12,21248
1.12,21263
1.12,21642
1.12,21059
1.12,21675
1.12,21808
1.12,21877
1.12,22089
1.12,21984
1.12,21074
1.12,21166
1.12,21132
1.12,22011
1.12,21851
1.12,22987
1.12,22892
1.12,23250
1.12,23249
1.13,23265
1.13,23248
1.13,22988
1.13,22512
1.13,22519
1.13,22837
1.13,22946
1.13,23347
1.13,23087
1.13,22796
1.13,22523
1.13,22055
1.13,21902
1.13,21818
1.13,21894
1.13,22154
1.13,22308
1.13,22218
1.13,22277
1.13,21873
1.13,22052
1.13,21575
1.13,21813
1.13,21476
1.13,21629
1.13,21816
1.13,21773
1.13,22068
1.13,21925
1.13,21945
1.13,22046
1.13,21583
1.13,21395
1.13,21412
1.13,21173
1.14,22246
1.14,22975
1.14,23009
1.14,22905
1.14,22851
1.14,23164
1.14,22851
1.14,22834
1.14,23048
1.14,23212
1.14,23300
1.14,23261
1.14,23194
1.14,23405
1.14,23164
1.14,23448
1.14,23829
1.14,24061
1.14,24083
1.14,23622
1.14,24129
1.14,24371
1.14,23647
1.14,23720
1.14,23104
1.14,23334
1.14,23710
1.14,23850
1.14,23641
1.14,22609
1.14,22685
1.14,22599
1.14,22258
1.14,21858
1.14,22052
1.14,21749
1.15,21586
1.15,21526
1.15,21366
1.15,21594
1.15,21953
1.15,22222
1.15,22254
1.15,22471
1.15,22284
1.15,23121
1.15,22765
1.15,22016
1.15,22043
1.15,21926
1.15,21921
1.15,22893
1.15,22578
1.15,22576
1.15,22717
1.15,22827
1.15,23426
1.15,23432
1.15,23507
1.15,23674
1.15,23578
1.15,23822
1.15,23510
1.15,23906
1.15,24425
1.15,23534
1.15,23354
1.15,22888
1.15,22647
1.15,22628
1.16,22721
1.16,22727
1.16,23249
1.16,23303
1.16,22931
1.16,22508
1.16,22515
1.16,22660
1.16,22768
1.16,23499
1.16,23443
1.16,23626
1.16,24059
1.16,24154
1.16,24312
1.16,24359
1.16,24326
1.16,24060
1.16,24110
1.16,24148
1.16,24372
1.16,24490
1.16,23502
1.16,23373
1.16,22849
1.16,22985
1.16,23344
1.16,23494
1.16,23942
1.16,24082
1.16,24112
1.16,24158
1.16,24096
1.16,24050
1.16,24137
1.16,24070
1.16,24104
1.16,23896
1.16,23979
1.17,23877
1.17,23909
1.17,24067
1.17,23898
1.17,23704
1.17,23737
1.17,24115
1.17,24079
1.17,24280
1.17,24434
1.17,24700
1.17,24098
1.17,23327
1.17,23267
1.17,23637
1.17,23190
1.17,23149
1.17,23360
1.17,23895
1.17,23889
1.17,24360
1.17,23352
1.17,22992
1.17,23316
1.17,23441
1.17,23342
1.17,23272
1.17,23262
1.17,23847
1.17,23650
1.17,23524
1.17,24074
1.17,23967
1.17,23757
1.17,23787
1.17,23720
1.17,23715
1.17,23973
1.17,24003
1.17,24662
1.18,24838
1.18,23878
1.18,23587
1.18,23717
1.18,23880
1.18,23890
1.18,23428
1.18,23458
1.18,23373
1.18,23114
1.18,23260
1.18,23365
1.18,23646
1.18,23556
1.18,23766
1.18,23886
1.18,23877
1.18,23870
1.18,23928
1.18,24123
1.18,24305
1.18,24282
1.18,24201
1.18,23481
1.18,23410
1.18,24157
1.18,24055
1.18,24062
1.18,24081
1.18,24289
1.18,24673
1.18,24321
1.18,25629
1.18,25566
1.18,26114
1.18,25867
1.18,25927
1.18,26026
1.18,25902
1.18,26743
1.18,26804
1.18,26793
1.19,26872
1.19,26899
1.19,27441
1.19,29290
1.19,29763
1.19,29527
1.19,29156
1.19,28913
1.19,28986
1.19,28312
1.19,28151
1.19,28347
1.19,27017
1.19,25941
1.19,24468
1.19,24472
1.19,24403
1.19,24210
1.19,24236
1.19,24363
1.19,23871
1.19,23454
1.19,24181
1.19,23346
1.19,22265
1.19,22257
1.19,22217
1.19,22419
1.19,22508
1.19,22927
1.19,22950
1.19,21899
1.19,21927
1.20,22025
1.20,22084
1.20,21824
1.20,21846
1.20,21941
1.20,21846
1.20,22112
1.20,22175
1.20,22068
1.20,21910
1.20,22026
1.20,21997
1.20,21935
1.20,21330
1.20,21049
1.20,22266
1.20,22124
1.20,21977
1.20,22643
1.20,22524
1.20,22497
1.20,22430
1.20,22404
1.20,22490
1.20,22771
1.20,22910
1.20,22608
1.20,22637
1.20,22678
1.20,22841
1.20,22571
1.21,22251
1.21,22626
1.21,22284
1.21,22256
1.21,22093
1.21,21486
1.21,21483
1.21,21390
1.21,21019
1.21,20948
1.21,21047
1.21,20503
1.21,20615
1.21,20834
1.21,20864
1.21,21346
1.21,21388
1.21,21093
1.21,20964
1.21,20903
1.21,20632
1.21,20987
1.21,20975
1.21,21143
1.21,21608
1.21,22556
1.21,21467
1.21,21388
1.22,21307
1.22,20365
1.22,21211
1.22,20893
1.22,21312
1.22,21199
1.22,21287
1.22,21331
1.22,21774
1.22,21835
1.22,21916
1.22,21527
1.22,21737
1.22,21228
1.22,21292
1.22,21097
1.22,20843
1.22,19963
1.22,19833
1.22,19748
1.22,20417
1.22,20778
1.22,20933
1.22,20903
1.22,21040
1.22,20416
1.22,20335
1.22,20469
1.22,20698
1.22,20320
1.22,19861
1.22,19862
1.22,20146
1.23,20011
1.23,20226
1.23,20394
1.23,20445
1.23,20912
1.23,20376
1.23,20339
1.23,20404
1.23,20432
1.23,20262
1.23,20093
1.23,19969
1.23,20044
1.23,19649
1.23,19441
1.23,19600
1.23,19559
1.23,19926
1.23,19735
1.23,19936
1.23,20078
1.23,19821
1.23,20019
1.23,20141
1.23,20089
1.23,20306
1.23,19338
1.23,19503
1.23,19605
1.23,19796
1.23,20079
1.24,20342
1.24,20537
1.24,20134
1.24,20134
1.24,20148
1.24,20206
1.24,19969
1.24,20234
1.24,20789
1.24,20734
1.24,20808
1.24,20649
1.24,20583
1.24,20941
1.24,21034
1.24,21217
1.24,21359
1.24,21299
1.24,21139
1.24,21095
1.24,21025
1.24,21230
1.24,21028
1.24,20853
1.24,20191
1.24,20000
1.24,19932
1.24,19915
1.24,20051
1.24,20183
1.24,20285
1.24,20140
1.24,20029
1.25,19999
1.25,20610
1.25,20570
1.25,20521
1.25,20975
1.25,21188
1.25,21061
1.25,20881
1.25,20364
1.25,20548
1.25,20509
1.25,20298
1.25,20247
1.25,20035
1.25,19936
1.25,20047
1.25,19909
1.25,20908
1.25,21092
1.26,21079
1.26,21092
1.26,21775
1.26,21882
1.26,21241
1.26,21062
1.26,21044
1.26,21552
1.26,21791
1.26,21801
1.26,22017
1.26,21508
1.26,21468
1.26,21272
1.26,21474
1.26,21540
1.26,21641
1.26,21149
1.26,21461
1.26,21408
1.26,20877
1.26,21015
1.26,21062
1.26,21290
1.26,21174
1.26,20996
1.26,21142
1.26,20666
1.26,20667
1.26,20239
1.27,20233
1.27,20460
1.27,20237
1.27,20290
1.27,20163
1.27,20008
1.27,19767
1.27,19861
1.27,19810
1.27,19855
1.27,19921
1.27,21001
1.27,20972
1.27,21029
1.27,20245
1.27,20838
1.27,20488
1.27,20730
1.27,20054
1.27,20476
1.28,20649
1.28,20551
1.28,20581
1.28,19910
1.28,20145
1.28,19723
1.28,19635
1.28,19692
1.28,19880
1.28,19974
1.28,20227
1.28,20121
1.28,20127
1.28,20250
1.28,20579
1.28,20274
1.28,20154
1.28,19285
1.28,19203
1.28,18996
1.28,18997
1.28,19740
1.28,19800
1.28,19886
1.29,19878
1.29,19872
1.29,19798
1.29,19719
1.29,19549
1.29,19713
1.29,19186
1.29,19311
1.29,19149
1.29,18893
1.29,18985
1.29,19147
1.29,19281
1.29,19020
1.29,19028
1.29,18980
1.29,19605
1.29,19577
1.29,19421
1.29,19357
1.29,19323
1.29,19352
1.30,19236
1.30,19826
1.30,19536
1.30,18835
1.30,19005
1.30,18866
1.30,18760
1.30,18544
1.30,18498
1.30,18856
1.30,19174
1.30,19293
1.30,19343
1.30,19330
1.30,19280
1.30,19459
1.30,20310
1.30,19814
1.30,19844
1.30,18929
1.30,19027
1.30,19133
1.30,19087
1.31,19115
1.31,19066
1.31,18903
1.31,19229
1.31,18916
1.31,18941
1.31,18718
1.31,18821
1.31,18790
1.31,18757
1.31,18611
1.31,18613
1.31,18475
1.31,18053
1.31,18207
1.31,18087
1.31,18004
1.31,18006
1.31,18033
1.31,18008
1.31,18196
1.31,18427
1.31,18428
1.31,18425
1.32,18476
1.32,18503
1.32,18469
1.32,18238
1.32,19307
1.32,19660
1.32,19612
1.32,19479
1.32,19155
1.32,19149
1.32,19013
1.32,19106
1.32,19005
1.32,18960
1.32,18957
1.32,18982
1.32,18947
1.32,19336
1.32,18299
1.32,17953
1.32,18100
1.32,17929
1.32,17954
1.32,17974
1.32,17825
1.33,17812
1.33,18239
1.33,17847
1.33,17713
1.33,17616
1.33,17660
1.33,17080
1.33,17411
1.33,17317
1.33,16952
1.33,16872
1.33,16953
1.33,16930
1.33,17302
1.33,17349
1.33,17853
1.33,17831
1.33,17836
1.34,17734
1.34,17349
1.34,17385
1.34,17241
1.34,18981
1.34,18729
1.34,18474
1.34,18700
1.34,18500
1.34,18643
1.34,18737
1.34,18472
1.34,17864
1.34,18245
1.34,18216
1.34,18351
1.34,18537
1.34,18435
1.34,18156
1.34,17973
1.34,18104
1.34,18153
1.34,18363
1.35,18519
1.35,18414
1.35,18764
1.35,18684
1.35,18705
1.35,18412
1.35,18436
1.35,18504
1.35,18496
1.35,18475
1.35,18049
1.35,18041
1.35,18005
1.35,18172
1.35,18435
1.35,18348
1.35,18409
1.35,18382
1.35,18358
1.35,18493
1.35,18297
1.35,18549
1.36,18426
1.36,18319
1.36,18168
1.36,18296
1.36,18257
1.36,18266
1.36,18258
1.36,18565
1.36,18649
1.36,18886
1.36,18608
1.36,18445
1.36,18366
1.36,18480
1.36,18533
1.36,18538
1.36,18073
1.37,17911
1.37,18022
1.37,17920
1.37,18062
1.37,18049
1.37,18160
1.37,18148
1.37,18102
1.37,18050
1.37,17973
1.37,17906
1.37,18003
1.37,18014
1.37,18275
1.37,18452
1.37,18362
1.37,18354
1.37,18209
1.38,18207
1.38,18318
1.38,18321
1.38,18343
1.38,17822
1.38,17624
1.38,18018
1.38,17743
1.38,17721
1.38,17871
1.38,18136
1.38,18214
1.38,18529
1.38,18687
1.38,18686
1.38,18321
1.38,18370
1.38,18352
1.38,18675
1.38,18721
1.38,19016
1.38,18934
1.38,18920
1.38,18948
1.38,18844
1.38,18788
1.39,18732
1.39,18730
1.39,18522
1.39,18142
1.39,18233
1.39,18145
1.39,18143
1.39,18003
1.39,18001
1.39,17747
1.39,17773
1.39,17727
1.39,17953
1.39,17806
1.39,17754
1.40,17803
1.40,17989
1.40,17482
1.40,17443
1.40,17457
1.40,17015
1.40,17007
1.40,17027
1.41,17035
1.41,16979
1.41,17042
1.41,17025
1.41,17129
1.41,17269
1.41,17057
1.41,17164
1.41,17118
1.41,17183
1.41,17173
1.41,17179
1.42,17212
1.42,17695
1.42,17970
1.42,18242
1.42,18231
1.42,17552
1.42,17252
1.42,16974
1.42,16801
1.42,16619
1.42,16477
1.42,16512
1.42,16364
1.42,16253
1.42,16259
1.42,16054
1.42,16059
1.42,16051
1.42,16046
1.42,16062
1.42,16098
1.42,16113
1.43,16232
1.43,16234
1.43,16282
1.43,16566
1.43,16618
1.43,16723
1.43,16070
1.43,15914
1.43,15912
1.43,15894
1.43,15931
1.44,15784
1.44,15617
1.44,15610
1.44,15788
1.44,16092
1.44,16206
1.44,16509
1.44,16564
1.44,16383
1.44,16625
1.44,16516
1.44,16553
1.44,16573
1.44,16611
1.44,16540
1.45,16565
1.45,16512
1.45,16585
1.45,16580
1.45,16755
1.45,16768
1.46,16699
1.46,16666
1.46,16567
1.46,16646
1.46,17084
1.46,17050
1.46,17058
1.46,17504
1.46,17297
1.46,17106
1.47,17140
1.47,17218
1.47,17317
1.47,17594
1.47,17669
1.47,17749
1.47,17777
1.47,17362
1.47,17641
1.47,17780
1.47,17333
1.47,17295
1.47,17408
1.47,17396
1.47,17237
1.47,17335
1.47,17348
1.47,17298
1.47,17501
1.48,17337
1.48,17027
1.48,17161
1.48,17138
1.48,17244
1.48,17182
1.48,17313
1.48,17263
1.48,17132
1.48,17137
1.48,17114
1.48,16918
1.48,16612
1.48,16501
1.48,16645
1.49,16764
1.49,16751
1.49,16740
1.49,16565
1.49,16516
1.49,16362
1.49,16363
1.49,15990
1.49,15991
1.49,16171
1.49,16229
1.49,16188
1.50,16028
1.50,15618
1.50,15633
1.50,15590
1.50,15577
1.50,15689
1.50,15698
1.50,15939
1.50,16094
1.50,16171
1.50,15931
1.50,15911
1.50,15999
1.50,15747
1.50,15536
1.50,15342
1.50,15306
1.50,15180
1.51,15361
1.51,15261
1.51,15251
1.51,14805
1.52,14975
1.52,15125
1.52,15056
1.52,15240
1.52,15099
1.52,15091
1.52,14919
1.52,15060
1.52,14951
1.52,14768
1.52,14690
1.52,14786
1.52,14464
1.52,14431
1.53,14266
1.53,14208
1.53,14117
1.53,14166
1.53,14086
1.53,14091
1.53,14241
1.53,14032
1.53,14216
1.53,13944
1.53,13910
1.53,13905
1.54,13726
1.54,13382
1.54,13501
1.54,13272
1.54,13301
1.54,13053
1.55,13067
1.55,13047
1.55,13063
1.55,13063
1.55,13113
1.56,13001
1.56,13109
1.57,13132
1.57,13129
1.57,13177
1.57,13173
1.57,13087
1.57,13121
1.57,13131
1.57,13135
1.57,13122
1.58,13148
1.58,13136
1.58,13221
1.58,13239
1.58,13251
1.58,13255
1.58,13246
1.58,13234
1.58,13171
1.59,13276
1.59,13268
1.59,13297
1.59,13297
1.59,13323
1.59,12832
1.59,12919
1.59,12852
1.59,12544
1.59,12481
1.60,12528
1.60,12619
1.60,12673
1.60,12961
1.61,12821
1.61,12826
1.61,12983
1.61,12975
1.61,12963
1.62,12896
1.62,12814
1.62,12840
1.62,12767
1.62,12777
1.63,12834
1.63,12718
1.63,12778
1.63,12937
1.63,12979
1.63,13098
1.63,13072
1.63,12793
1.64,12675
1.64,12621
1.64,12562
1.64,12565
1.64,12616
1.64,12565
1.64,12611
1.64,12557
1.65,12576
1.65,12555
1.65,12569
1.66,12214
1.66,12109
1.66,12063
1.66,12168
1.66,12163
1.66,11987
1.67,12067
1.67,12097
1.67,12247
1.67,12240
1.67,12092
1.68,11987
1.68,11827
1.68,11802
1.68,11778
1.68,11744
1.68,11708
1.69,11444
1.69,11446
1.69,11487
1.70,11587
1.70,11610
1.71,11625
1.71,11574
1.71,11518
1.72,11488
1.72,11518
1.72,11454
1.72,11435
1.72,11442
1.73,11392
1.73,11004
1.73,10819
1.73,10853
1.73,10849
1.74,10822
1.74,10864
1.74,10843
1.75,10490
1.75,10511
1.75,10515
1.75,10494
1.76,10480
1.76,10455
1.76,10527
1.76,10552
1.77,10529
1.77,10538
1.78,10470
1.79,10605
1.80,10642
1.81,10655
1.82,10618
1.83,10660
1.83,10525
1.83,10496
1.84,10452
1.85,10418
1.86,10384
1.86,10348
1.87,10347
1.87,10398
1.87,10432
1.89,10441
1.89,10375
1.90,10380
1.90,10365
1.90,10379
1.91,10372
1.91,10406
1.91,10382
1.92,10402
1.92,10351
1.93,10397
1.93,10346
1.94,10332
1.95,10296
1.96,10339
1.96,10362
1.97,10431
1.98,10440
2.01,10450
2.01,10460
2.02,10492
2.02,10453
2.03,10440
2.03,10100
2.03,10029
2.07,10044
2.08,10047
2.09,10001
2.09,9972
2.09,9973
2.09,9974
2.10,9694
2.11,9604
2.12,9617
2.15,9648
2.16,9647
2.18,9604
2.18,9595
2.19,9580
2.19,9581
2.19,9561
2.20,9528
2.23,9520
2.23,9523
2.24,9494
2.25,9465
2.26,9457
2.27,9464
2.27,9404
2.28,9407
2.34,9401
2.37,9374
2.38,9374
2.40,9374
2.42,9372
2.44,9374
2.52,9383
2.52,9374
2.60,9329
2.69,9322
2.73,9254
2.74,9244
2.77,9239
