0.23,25557
0.26,24905
0.29,24687
0.32,24138
0.34,23897
0.35,23759
0.37,22991
0.41,22391
0.43,21519
0.44,21172
0.46,20353
0.53,20349
0.55,19969
0.56,19819
0.59,18885
0.66,18376
0.73,17886
0.81,17253
0.85,17091
0.87,16211
0.96,15878
0.99,15721
1.04,15278
1.08,15204
1.13,15101
1.21,14908
1.23,14492
1.28,14253
1.41,13956
1.61,13697
1.64,13545
1.66,13313
1.78,12762
2.01,12681
2.19,12461
2.28,12437
2.30,12389
2.33,12331
2.38,12185
2.44,12033
2.47,11914
2.59,11824
2.65,11646
2.80,11556
2.99,11405
3.02,11346
3.05,11283
3.08,11164
3.14,11056
3.16,11040
3.19,10971
3.20,10918
3.25,10874
3.34,10750
3.45,10621
3.63,10501
3.92,10363
4.09,10310
4.32,10212
4.41,10158
4.43,10050
4.71,10027
4.84,9930
5.16,9926
5.22,9903
5.31,9830
5.45,9826
5.69,9706
6.21,9666
6.23,9640
6.46,9600
6.55,9488
6.91,9474
7.31,9395
8.58,9258
8.61,9229
8.93,9221
9.29,9216
9.89,9200
10.66,9147
11.05,8853
12.03,8847
12.42,8822
13.11,8817
