0.21,29054
0.21,29320
0.21,30403
0.21,30396
0.21,30141
0.21,30783
0.21,30427
0.21,30437
0.21,30114
0.21,29968
0.21,29603
0.21,29567
0.21,29065
0.21,28957
0.21,29372
0.21,28975
0.21,29687
0.21,30829
0.21,30946
0.21,30906
0.21,31303
0.21,31053
0.21,30941
0.21,31060
0.21,30854
0.21,31072
0.21,31204
0.21,30706
0.21,31959
0.21,31848
0.21,31908
0.21,31533
0.21,31815
0.21,31042
0.21,31209
0.21,31344
0.21,31048
0.21,31271
0.21,30150
0.21,30325
0.21,30288
0.21,29919
0.21,30053
0.21,29677
0.21,29627
0.21,29962
0.21,29883
0.21,29995
0.21,30063
0.21,29888
0.21,29417
0.21,29379
0.22,29748
0.22,29632
0.22,29605
0.22,29836
0.22,29785
0.22,29403
0.22,29195
0.22,28932
0.22,29486
0.22,30787
0.22,30466
0.22,29982
0.22,30054
0.22,30197
0.22,30126
0.22,31369
0.22,31139
0.22,30575
0.22,30294
0.22,30586
0.22,31016
0.22,31426
0.22,31272
0.22,31103
0.22,31238
0.22,30589
0.22,30829
0.22,30683
0.22,30582
0.22,30901
0.22,31073
0.22,29442
0.22,29567
0.22,29375
0.22,29433
0.22,29330
0.22,29047
0.22,29834
0.22,29101
0.22,28889
0.22,28803
0.22,29588
0.22,29907
0.22,30127
0.22,30157
0.22,30839
0.22,30493
0.22,30748
0.22,30306
0.22,29342
0.22,28921
0.22,29065
0.22,28874
0.22,28422
0.22,28379
0.22,28549
0.22,28522
0.22,28506
0.22,28476
0.22,28782
0.22,28194
0.22,27628
0.22,27470
0.22,27867
0.22,28499
0.22,28724
0.22,29282
0.23,30343
0.23,29754
0.23,30000
0.23,30308
0.23,30494
0.23,30542
0.23,30429
0.23,30393
0.23,30623
0.23,30573
0.23,29801
0.23,30145
0.23,29964
0.23,29226
0.23,29393
0.23,28993
0.23,29092
0.23,29030
0.23,28943
0.23,29482
0.23,28959
0.23,30383
0.23,29977
0.23,29441
0.23,29513
0.23,29474
0.23,29758
0.23,29781
0.23,30315
0.23,30503
0.23,29580
0.23,28874
0.23,30030
0.23,29512
0.23,29470
0.23,29387
0.23,29486
0.23,29573
0.23,29265
0.23,29768
0.23,29586
0.23,30041
0.23,29507
0.23,29852
0.23,29970
0.23,30380
0.23,30776
0.23,30694
0.23,30586
0.23,30958
0.23,31272
0.23,31488
0.23,31387
0.23,29604
0.23,31058
0.23,30932
0.23,30142
0.23,30062
0.23,30186
0.23,29475
0.23,29532
0.23,29449
0.23,29294
0.23,29360
0.24,29104
0.24,29187
0.24,29055
0.24,28588
0.24,28397
0.24,28383
0.24,27440
0.24,27684
0.24,28066
0.24,28343
0.24,28496
0.24,29360
0.24,30370
0.24,30391
0.24,30839
0.24,30873
0.24,30869
0.24,30614
0.24,31928
0.24,31710
0.24,31510
0.24,30943
0.24,31318
0.24,31363
0.24,32737
0.24,33115
0.24,33017
0.24,33052
0.24,32652
0.24,32652
0.24,32066
0.24,31723
0.24,31649
0.24,31825
0.24,31852
0.24,31813
0.24,31409
0.24,29972
0.24,30118
0.24,29012
0.24,28767
0.24,29710
0.24,29659
0.24,30155
0.24,30196
0.24,29679
0.24,29428
0.24,29311
0.24,29809
0.24,30784
0.24,30890
0.24,31082
0.24,30890
0.24,30983
0.24,30872
0.24,31485
0.24,32274
0.24,32240
0.24,30773
0.24,30762
0.24,30411
0.24,29936
0.24,29827
0.24,29525
0.24,29111
0.24,28950
0.24,29021
0.25,28861
0.25,29950
0.25,30964
0.25,30467
0.25,30256
0.25,30112
0.25,30245
0.25,30437
0.25,29950
0.25,30355
0.25,30072
0.25,30450
0.25,31890
0.25,32304
0.25,30169
0.25,30236
0.25,29784
0.25,29890
0.25,30055
0.25,30059
0.25,29875
0.25,29787
0.25,28941
0.25,27725
0.25,28421
0.25,28251
0.25,28441
0.25,29291
0.25,29370
0.25,29514
0.25,29038
0.25,28564
0.25,29153
0.25,28876
0.25,28694
0.25,27964
0.25,27820
0.25,28033
0.25,27654
0.25,27763
0.25,28333
0.25,28331
0.25,27877
0.25,27726
0.25,27487
0.25,27559
0.25,27676
0.25,27018
0.25,27396
0.25,26812
0.25,26844
0.25,26493
0.25,26335
0.25,27042
0.25,27040
0.25,26940
0.25,27615
0.25,28391
0.25,28490
0.25,29268
0.25,29425
0.25,29110
0.25,28602
0.25,28618
0.25,28386
0.25,29449
0.25,29422
0.25,29047
0.26,29290
0.26,28528
0.26,27698
0.26,27377
0.26,28395
0.26,28715
0.26,28671
0.26,27844
0.26,26250
0.26,26495
0.26,27343
0.26,27601
0.26,28204
0.26,29169
0.26,27689
0.26,28077
0.26,28669
0.26,28380
0.26,28635
0.26,28292
0.26,28870
0.26,28861
0.26,28675
0.26,28937
0.26,29441
0.26,28572
0.26,28293
0.26,28534
0.26,28549
0.26,28289
0.26,27979
0.26,27964
0.26,27997
0.26,27813
0.26,28039
0.26,30490
0.26,30176
0.26,30054
0.26,29796
0.26,28497
0.26,28671
0.26,28676
0.26,28272
0.26,27405
0.26,28055
0.26,27456
0.26,27632
0.26,27569
0.26,27621
0.26,27871
0.26,28459
0.26,28551
0.26,29182
0.26,28782
0.26,29131
0.26,29386
0.26,29652
0.26,29707
0.26,29453
0.26,29266
0.26,28702
0.26,29567
0.26,29726
0.26,30088
0.26,30512
0.26,30391
0.26,30362
0.26,30280
0.27,30279
0.27,30672
0.27,30896
0.27,30936
0.27,30046
0.27,29380
0.27,30483
0.27,31591
0.27,31507
0.27,31598
0.27,31648
0.27,30984
0.27,30781
0.27,31147
0.27,31639
0.27,31322
0.27,31389
0.27,31322
0.27,30720
0.27,30654
0.27,30756
0.27,31621
0.27,30425
0.27,30161
0.27,31289
0.27,31205
0.27,30619
0.27,30675
0.27,30695
0.27,31036
0.27,30487
0.27,30425
0.27,30845
0.27,30800
0.27,31160
0.27,32421
0.27,31826
0.27,30175
0.27,29286
0.27,28838
0.27,29754
0.27,30663
0.27,30868
0.27,29126
0.27,29224
0.27,28629
0.27,28919
0.27,28905
0.27,30098
0.27,30231
0.27,29989
0.27,30191
0.27,31098
0.27,29941
0.27,28707
0.27,29390
0.27,28086
0.27,27806
0.27,27866
0.27,26953
0.27,28012
0.27,28083
0.27,28750
0.27,28484
0.27,28774
0.27,29276
0.27,29196
0.27,29588
0.28,28649
0.28,28142
0.28,29952
0.28,29939
0.28,29812
0.28,29865
0.28,30204
0.28,31298
0.28,31808
0.28,31538
0.28,31801
0.28,31734
0.28,31246
0.28,30191
0.28,30271
0.28,31783
0.28,31909
0.28,31514
0.28,31305
0.28,31567
0.28,31685
0.28,31790
0.28,31616
0.28,31568
0.28,31149
0.28,31233
0.28,31406
0.28,32151
0.28,31257
0.28,30988
0.28,31808
0.28,31880
0.28,32107
0.28,31703
0.28,30411
0.28,30487
0.28,30841
0.28,31994
0.28,32151
0.28,32122
0.28,32122
0.28,32113
0.28,29873
0.28,29630
0.28,29238
0.28,29225
0.28,29328
0.28,29614
0.28,29077
0.28,28499
0.28,28817
0.28,29287
0.28,30618
0.28,29122
0.28,28953
0.28,29118
0.28,29070
0.28,29042
0.28,30013
0.28,30966
0.28,31094
0.28,31396
0.28,31949
0.28,31756
0.29,31636
0.29,32493
0.29,31935
0.29,31774
0.29,31699
0.29,31510
0.29,30541
0.29,30431
0.29,30613
0.29,30404
0.29,30121
0.29,30236
0.29,30134
0.29,30283
0.29,29747
0.29,29658
0.29,29406
0.29,29492
0.29,28996
0.29,29785
0.29,28876
0.29,29538
0.29,29185
0.29,29344
0.29,30048
0.29,30375
0.29,30987
0.29,30980
0.29,31344
0.29,31079
0.29,30897
0.29,31068
0.29,31096
0.29,30949
0.29,30614
0.29,31782
0.29,31706
0.29,31808
0.29,30706
0.29,31349
0.29,31043
0.29,31283
0.29,31233
0.29,31408
0.29,30501
0.29,30418
0.29,30764
0.29,30408
0.29,30243
0.29,29746
0.29,29239
0.29,29828
0.29,30109
0.29,29870
0.29,29866
0.29,29753
0.29,30113
0.29,29695
0.29,29184
0.29,28708
0.29,28833
0.29,28570
0.29,29018
0.29,28806
0.29,28635
0.29,28535
0.29,29362
0.29,29753
0.29,29619
0.30,28872
0.30,28571
0.30,28896
0.30,28940
0.30,28852
0.30,28902
0.30,28060
0.30,28664
0.30,29062
0.30,29468
0.30,29013
0.30,28860
0.30,27788
0.30,27364
0.30,27389
0.30,26724
0.30,26734
0.30,26543
0.30,27617
0.30,28475
0.30,28134
0.30,27235
0.30,26879
0.30,27075
0.30,26869
0.30,26606
0.30,26955
0.30,26683
0.30,27768
0.30,27676
0.30,28748
0.30,27782
0.30,27665
0.30,28118
0.30,28274
0.30,28023
0.30,27681
0.30,27019
0.30,25344
0.30,25039
0.30,25039
0.30,24519
0.30,24430
0.30,24544
0.30,25354
0.30,25352
0.30,25376
0.30,25245
0.30,25070
0.30,25182
0.30,24929
0.30,25352
0.30,25436
0.30,25625
0.30,25317
0.30,24273
0.30,24773
0.30,24498
0.30,27534
0.30,27614
0.30,27627
0.30,28528
0.30,30744
0.30,30713
0.30,30724
0.30,30153
0.30,29850
0.30,30179
0.31,29782
0.31,30075
0.31,30487
0.31,31117
0.31,30943
0.31,30877
0.31,30775
0.31,30880
0.31,30090
0.31,29380
0.31,29296
0.31,29366
0.31,29302
0.31,30254
0.31,30200
0.31,30124
0.31,30295
0.31,30765
0.31,31007
0.31,32386
0.31,31152
0.31,30987
0.31,30783
0.31,30147
0.31,30391
0.31,30854
0.31,31182
0.31,31191
0.31,30904
0.31,30949
0.31,30762
0.31,30666
0.31,30766
0.31,31569
0.31,31533
0.31,30779
0.31,30911
0.31,30643
0.31,30625
0.31,31096
0.31,31033
0.31,31888
0.31,29738
0.31,29846
0.31,29173
0.31,29029
0.31,28695
0.31,29855
0.31,29734
0.31,29441
0.31,28992
0.31,29318
0.31,31935
0.31,31913
0.31,31920
0.31,31761
0.31,31117
0.31,31004
0.31,32884
0.31,32253
0.31,32501
0.31,32197
0.31,32695
0.31,32721
0.31,32851
0.31,32824
0.31,31500
0.32,30873
0.32,30840
0.32,29566
0.32,30206
0.32,30473
0.32,30957
0.32,30563
0.32,30784
0.32,30609
0.32,30181
0.32,29880
0.32,29746
0.32,28653
0.32,29158
0.32,28713
0.32,28715
0.32,28586
0.32,28920
0.32,29798
0.32,29604
0.32,30474
0.32,29612
0.32,29713
0.32,30124
0.32,29502
0.32,29316
0.32,29250
0.32,29041
0.32,28953
0.32,29205
0.32,29039
0.32,29235
0.32,29198
0.32,29193
0.32,28262
0.32,28952
0.32,29480
0.32,28500
0.32,28550
0.32,26875
0.32,26880
0.32,29430
0.32,28973
0.32,29558
0.32,28932
0.32,29531
0.32,30644
0.32,30697
0.32,29900
0.32,30730
0.32,30686
0.32,31412
0.32,30873
0.32,29813
0.32,29967
0.32,29122
0.32,29537
0.32,29480
0.32,30042
0.32,29639
0.32,29640
0.32,29727
0.32,30414
0.32,29342
0.33,29252
0.33,28821
0.33,26904
0.33,25932
0.33,27013
0.33,27022
0.33,27519
0.33,28166
0.33,28327
0.33,28881
0.33,29874
0.33,30339
0.33,30454
0.33,30538
0.33,30460
0.33,30436
0.33,30448
0.33,30460
0.33,30586
0.33,30439
0.33,30461
0.33,30359
0.33,30065
0.33,29857
0.33,29983
0.33,29404
0.33,27936
0.33,29533
0.33,29436
0.33,31421
0.33,31482
0.33,30845
0.33,31251
0.33,31089
0.33,31130
0.33,31278
0.33,31122
0.33,31246
0.33,30768
0.33,31570
0.33,30912
0.33,31165
0.33,31248
0.33,30958
0.33,30867
0.33,32265
0.33,31610
0.33,31628
0.33,30874
0.33,29622
0.33,30105
0.33,30111
0.33,29804
0.33,28895
0.33,29524
0.33,29853
0.33,29491
0.33,29461
0.33,29831
0.33,30040
0.33,29934
0.33,30486
0.33,30138
0.33,29959
0.33,30403
0.33,30151
0.33,30410
0.33,30553
0.34,29553
0.34,28670
0.34,28306
0.34,27950
0.34,26865
0.34,27020
0.34,27271
0.34,27082
0.34,27045
0.34,26285
0.34,26092
0.34,26255
0.34,27007
0.34,26850
0.34,27429
0.34,27965
0.34,26947
0.34,28460
0.34,28415
0.34,27461
0.34,26209
0.34,25594
0.34,25548
0.34,25227
0.34,24840
0.34,25340
0.34,25819
0.34,25806
0.34,24677
0.34,24809
0.34,24836
0.34,24253
0.34,24914
0.34,24962
0.34,25583
0.34,25516
0.34,25656
0.34,25136
0.34,27946
0.34,28098
0.34,27649
0.34,27743
0.34,28973
0.34,29859
0.34,29168
0.34,29967
0.34,29530
0.34,29743
0.34,29423
0.34,29892
0.34,30761
0.34,28710
0.34,29915
0.34,29725
0.34,30479
0.34,30876
0.34,29924
0.34,30152
0.34,30692
0.34,30567
0.34,30669
0.34,30995
0.34,30586
0.34,30967
0.34,30567
0.34,30396
0.35,30995
0.35,30278
0.35,31163
0.35,31880
0.35,32313
0.35,32779
0.35,32314
0.35,31838
0.35,32014
0.35,32018
0.35,32235
0.35,31649
0.35,31194
0.35,30886
0.35,30899
0.35,30903
0.35,30847
0.35,29346
0.35,28786
0.35,28855
0.35,28760
0.35,28694
0.35,28628
0.35,28511
0.35,28984
0.35,29102
0.35,28798
0.35,28811
0.35,28837
0.35,27673
0.35,28000
0.35,28952
0.35,28724
0.35,29412
0.35,29375
0.35,29628
0.35,29845
0.35,30376
0.35,30157
0.35,30457
0.35,30526
0.35,30490
0.35,30572
0.35,30687
0.35,29804
0.35,30672
0.35,30829
0.35,30637
0.35,30987
0.35,30574
0.35,30837
0.35,30956
0.35,31795
0.35,31816
0.35,30291
0.35,30366
0.35,29357
0.35,29585
0.35,28814
0.35,28368
0.35,27905
0.35,27723
0.35,28740
0.35,29376
0.35,29501
0.35,29547
0.35,30273
0.35,30267
0.36,30118
0.36,29798
0.36,30485
0.36,30852
0.36,30694
0.36,30972
0.36,29388
0.36,30045
0.36,30514
0.36,30157
0.36,30676
0.36,30875
0.36,28920
0.36,29315
0.36,29380
0.36,28939
0.36,27995
0.36,28239
0.36,28147
0.36,28498
0.36,28434
0.36,28710
0.36,28185
0.36,28110
0.36,27404
0.36,27383
0.36,26846
0.36,27479
0.36,26341
0.36,27181
0.36,28559
0.36,27732
0.36,27856
0.36,27800
0.36,27805
0.36,27492
0.36,27322
0.36,28870
0.36,28619
0.36,28785
0.36,28693
0.36,29224
0.36,29258
0.36,29604
0.36,30945
0.36,31041
0.36,30873
0.36,30290
0.36,30798
0.36,31208
0.36,30941
0.36,31620
0.36,31346
0.36,31947
0.36,31936
0.36,31768
0.36,31957
0.36,32057
0.36,31965
0.36,32557
0.36,32533
0.36,32709
0.36,32840
0.36,32655
0.36,30864
0.36,30813
0.36,31460
0.36,31062
0.36,31185
0.37,30951
0.37,30034
0.37,29188
0.37,29702
0.37,29510
0.37,29607
0.37,29478
0.37,29183
0.37,29196
0.37,28668
0.37,28015
0.37,28076
0.37,27982
0.37,28070
0.37,27788
0.37,26962
0.37,26796
0.37,26994
0.37,27202
0.37,27687
0.37,27451
0.37,27259
0.37,26314
0.37,26530
0.37,26521
0.37,26872
0.37,27208
0.37,27255
0.37,27342
0.37,28195
0.37,28171
0.37,28097
0.37,28286
0.37,27992
0.37,29485
0.37,29461
0.37,29290
0.37,29397
0.37,31625
0.37,30896
0.37,30424
0.37,30387
0.37,30375
0.37,29623
0.37,29567
0.37,28346
0.37,28403
0.37,27990
0.37,27323
0.37,26687
0.37,25873
0.37,26370
0.37,25252
0.37,25590
0.37,26646
0.37,27215
0.37,26452
0.37,27463
0.37,27543
0.37,27530
0.37,28048
0.37,27606
0.37,27529
0.37,27221
0.37,27210
0.37,27147
0.38,27030
0.38,26807
0.38,26545
0.38,26348
0.38,26787
0.38,26453
0.38,28244
0.38,28281
0.38,28491
0.38,29407
0.38,28578
0.38,29115
0.38,29560
0.38,27765
0.38,27743
0.38,27789
0.38,28963
0.38,28529
0.38,29552
0.38,29555
0.38,29587
0.38,29653
0.38,29376
0.38,29157
0.38,29079
0.38,27480
0.38,27632
0.38,27499
0.38,27536
0.38,27419
0.38,27762
0.38,27892
0.38,27988
0.38,27795
0.38,27646
0.38,27672
0.38,27615
0.38,27047
0.38,26775
0.38,26536
0.38,26115
0.38,26379
0.38,26430
0.38,26366
0.38,26108
0.38,26188
0.38,27082
0.38,27432
0.38,26914
0.38,27065
0.38,27267
0.38,27114
0.38,27525
0.38,27440
0.38,27407
0.38,27184
0.38,27218
0.38,27362
0.38,27371
0.38,27105
0.38,26906
0.38,27082
0.38,27302
0.38,27458
0.39,27482
0.39,27683
0.39,27728
0.39,27958
0.39,29901
0.39,29945
0.39,31151
0.39,31510
0.39,32440
0.39,31607
0.39,30710
0.39,30853
0.39,29605
0.39,29539
0.39,29664
0.39,29589
0.39,29295
0.39,29349
0.39,28035
0.39,28870
0.39,29698
0.39,29730
0.39,29543
0.39,28873
0.39,28527
0.39,28397
0.39,28546
0.39,28409
0.39,28072
0.39,28677
0.39,29171
0.39,28566
0.39,29396
0.39,29389
0.39,29264
0.39,30373
0.39,31081
0.39,30875
0.39,30822
0.39,31210
0.39,30937
0.39,30253
0.39,30684
0.39,30371
0.39,29534
0.39,28084
0.39,29974
0.39,30446
0.39,30737
0.39,30521
0.39,30808
0.39,31039
0.39,32022
0.39,31721
0.39,31885
0.39,31907
0.39,31631
0.39,31289
0.39,31067
0.39,31936
0.39,31993
0.39,32076
0.39,32148
0.39,31984
0.39,31518
0.39,31306
0.39,31883
0.39,31853
0.40,31899
0.40,30335
0.40,30580
0.40,29649
0.40,29172
0.40,29236
0.40,28571
0.40,29314
0.40,30333
0.40,30093
0.40,29530
0.40,29774
0.40,30004
0.40,31049
0.40,30789
0.40,30713
0.40,30201
0.40,29874
0.40,30410
0.40,32396
0.40,32435
0.40,33221
0.40,33596
0.40,33079
0.40,33393
0.40,33782
0.40,33073
0.40,33677
0.40,34447
0.40,34187
0.40,34201
0.40,33445
0.40,33497
0.40,32636
0.40,32425
0.40,32131
0.40,32357
0.40,31770
0.40,31700
0.40,31654
0.40,30958
0.40,29847
0.40,30255
0.40,28676
0.40,28475
0.40,28843
0.40,28935
0.40,29399
0.40,30110
0.40,30355
0.40,31418
0.40,32101
0.40,32627
0.40,33571
0.40,33785
0.40,34073
0.40,33815
0.40,34334
0.40,34119
0.40,34007
0.40,31683
0.40,31219
0.40,31115
0.40,30681
0.40,30688
0.40,30780
0.40,30784
0.41,30588
0.41,30578
0.41,30546
0.41,30442
0.41,30157
0.41,29270
0.41,29288
0.41,29202
0.41,29650
0.41,29385
0.41,29601
0.41,30528
0.41,29463
0.41,28890
0.41,28815
0.41,28825
0.41,28601
0.41,28714
0.41,28912
0.41,30078
0.41,28789
0.41,29084
0.41,27638
0.41,27876
0.41,28164
0.41,28128
0.41,27816
0.41,28194
0.41,28291
0.41,28168
0.41,29210
0.41,29266
0.41,29254
0.41,29984
0.41,30340
0.41,28627
0.41,31361
0.41,31252
0.41,30511
0.41,30534
0.41,30659
0.41,30097
0.41,30145
0.41,30088
0.41,30441
0.41,29974
0.41,30340
0.41,30682
0.41,30110
0.41,30629
0.41,30842
0.41,31128
0.41,31049
0.41,30786
0.41,30076
0.41,30040
0.41,29672
0.41,30106
0.41,29756
0.41,28978
0.41,29251
0.41,28997
0.41,29049
0.41,28972
0.41,29229
0.41,29183
0.42,29110
0.42,29317
0.42,29824
0.42,29839
0.42,30424
0.42,29863
0.42,29776
0.42,29322
0.42,29324
0.42,29495
0.42,29509
0.42,29024
0.42,29058
0.42,29828
0.42,29511
0.42,28965
0.42,29209
0.42,29013
0.42,29034
0.42,29208
0.42,29199
0.42,29245
0.42,28208
0.42,28445
0.42,27451
0.42,27850
0.42,27723
0.42,27763
0.42,27821
0.42,27839
0.42,28057
0.42,29147
0.42,28297
0.42,28695
0.42,28666
0.42,29548
0.42,29791
0.42,29315
0.42,29727
0.42,29604
0.42,29882
0.42,30128
0.42,30256
0.42,30588
0.42,30430
0.42,29679
0.42,28976
0.42,29067
0.42,28526
0.42,29373
0.42,28981
0.42,29283
0.42,29570
0.42,29648
0.42,29480
0.42,29441
0.42,30028
0.42,30012
0.42,29928
0.42,30959
0.42,31087
0.42,31057
0.42,30011
0.42,29947
0.42,28960
0.43,29652
0.43,31440
0.43,31183
0.43,30825
0.43,30372
0.43,29903
0.43,29917
0.43,29353
0.43,28743
0.43,28487
0.43,28062
0.43,27692
0.43,27809
0.43,27695
0.43,28308
0.43,28300
0.43,27537
0.43,27698
0.43,27509
0.43,27761
0.43,27645
0.43,27564
0.43,27197
0.43,27497
0.43,27460
0.43,27431
0.43,27341
0.43,27682
0.43,28104
0.43,28538
0.43,28591
0.43,28476
0.43,28706
0.43,28727
0.43,30436
0.43,29742
0.43,29870
0.43,30013
0.43,29834
0.43,29977
0.43,30163
0.43,29371
0.43,28887
0.43,30377
0.43,30194
0.43,30143
0.43,29410
0.43,29737
0.43,28332
0.43,29347
0.43,29202
0.43,29441
0.43,29658
0.43,29798
0.43,30293
0.43,31034
0.43,30802
0.43,30411
0.43,30614
0.43,29668
0.43,29548
0.43,29529
0.43,29618
0.43,29093
0.43,28917
0.43,29114
0.43,29766
0.44,29868
0.44,29719
0.44,29853
0.44,29430
0.44,29362
0.44,29161
0.44,29259
0.44,29328
0.44,31186
0.44,31729
0.44,30279
0.44,30459
0.44,29566
0.44,29571
0.44,28359
0.44,28311
0.44,27664
0.44,27829
0.44,27633
0.44,27962
0.44,29684
0.44,30387
0.44,28813
0.44,28613
0.44,28471
0.44,28426
0.44,28568
0.44,27661
0.44,27564
0.44,27900
0.44,28066
0.44,26666
0.44,26017
0.44,25907
0.44,27263
0.44,27772
0.44,27977
0.44,27586
0.44,27538
0.44,27427
0.44,27961
0.44,27983
0.44,28070
0.44,27755
0.44,27323
0.44,27493
0.44,29967
0.44,29653
0.44,29784
0.44,29789
0.44,30448
0.44,30112
0.44,30365
0.44,30607
0.44,30748
0.44,30685
0.44,30505
0.44,30588
0.44,31271
0.44,30748
0.44,30391
0.44,30558
0.44,30335
0.44,30551
0.44,30556
0.44,30173
0.45,29441
0.45,29629
0.45,30132
0.45,29567
0.45,29394
0.45,29424
0.45,29480
0.45,29831
0.45,29453
0.45,29120
0.45,29639
0.45,30113
0.45,28780
0.45,28701
0.45,29098
0.45,30171
0.45,30472
0.45,30898
0.45,30911
0.45,30578
0.45,30571
0.45,30571
0.45,29538
0.45,29755
0.45,29850
0.45,29318
0.45,28702
0.45,28578
0.45,28558
0.45,28634
0.45,27049
0.45,27532
0.45,28799
0.45,29721
0.45,28868
0.45,28600
0.45,28340
0.45,28611
0.45,28594
0.45,27425
0.45,27474
0.45,27688
0.45,27929
0.45,28760
0.45,29661
0.45,29176
0.45,29129
0.45,29834
0.45,29912
0.45,29859
0.45,29821
0.45,30669
0.45,30726
0.45,29481
0.45,29215
0.45,29259
0.45,28968
0.45,29267
0.45,29608
0.45,29162
0.45,29781
0.45,30187
0.45,29621
0.45,30177
0.45,30979
0.45,30795
0.46,32230
0.46,31030
0.46,30320
0.46,30019
0.46,31972
0.46,32077
0.46,29400
0.46,29229
0.46,28996
0.46,29124
0.46,29159
0.46,29124
0.46,29140
0.46,29280
0.46,29309
0.46,31429
0.46,31116
0.46,30657
0.46,29720
0.46,28670
0.46,28511
0.46,28539
0.46,28663
0.46,28712
0.46,26208
0.46,27553
0.46,28009
0.46,28312
0.46,28429
0.46,28345
0.46,28299
0.46,28440
0.46,28446
0.46,28334
0.46,28638
0.46,28576
0.46,30000
0.46,29944
0.46,29475
0.46,28593
0.46,28613
0.46,28473
0.46,28901
0.46,27535
0.46,27398
0.46,27392
0.46,27865
0.46,27934
0.46,28028
0.46,27763
0.46,27070
0.46,26526
0.46,26553
0.46,26372
0.46,27118
0.46,26225
0.46,26723
0.46,27200
0.46,27376
0.46,27321
0.46,27539
0.46,28502
0.46,28219
0.46,28841
0.46,28080
0.46,29537
0.47,29539
0.47,29496
0.47,29600
0.47,29430
0.47,28590
0.47,28748
0.47,28615
0.47,28121
0.47,27554
0.47,26524
0.47,27762
0.47,27310
0.47,27470
0.47,27108
0.47,28168
0.47,28100
0.47,28047
0.47,28458
0.47,28528
0.47,28590
0.47,28267
0.47,28219
0.47,28526
0.47,29477
0.47,29583
0.47,30072
0.47,30007
0.47,30126
0.47,30513
0.47,30400
0.47,30424
0.47,29824
0.47,29723
0.47,31058
0.47,31432
0.47,30981
0.47,30501
0.47,30550
0.47,30742
0.47,29851
0.47,30671
0.47,30474
0.47,30400
0.47,30413
0.47,30606
0.47,30962
0.47,31372
0.47,31629
0.47,31635
0.47,31647
0.47,30563
0.47,29400
0.47,29291
0.47,29292
0.47,28432
0.47,27995
0.47,28180
0.47,28444
0.47,28646
0.47,28739
0.47,28519
0.47,29118
0.47,29137
0.47,29435
0.47,29438
0.47,29276
0.48,29473
0.48,29996
0.48,30012
0.48,29605
0.48,29587
0.48,29702
0.48,30216
0.48,30354
0.48,30451
0.48,29489
0.48,29081
0.48,28571
0.48,28905
0.48,29663
0.48,29744
0.48,29128
0.48,29046
0.48,28658
0.48,27170
0.48,27384
0.48,27065
0.48,27051
0.48,27587
0.48,27683
0.48,27552
0.48,27685
0.48,27257
0.48,27340
0.48,27541
0.48,27382
0.48,27419
0.48,27843
0.48,27691
0.48,27391
0.48,26932
0.48,27061
0.48,25865
0.48,27644
0.48,27715
0.48,27721
0.48,28013
0.48,28686
0.48,28757
0.48,28822
0.48,28931
0.48,28919
0.48,28753
0.48,29992
0.48,29116
0.48,29825
0.48,29762
0.48,29701
0.48,29923
0.48,29828
0.48,29874
0.48,30121
0.48,30355
0.48,30237
0.48,30479
0.48,32224
0.48,31651
0.48,31453
0.48,31369
0.48,31650
0.48,31565
0.48,31595
0.48,31212
0.49,31417
0.49,31477
0.49,31380
0.49,30830
0.49,31284
0.49,31541
0.49,30255
0.49,29118
0.49,28893
0.49,29437
0.49,29344
0.49,29397
0.49,28548
0.49,27815
0.49,26985
0.49,26903
0.49,26861
0.49,29243
0.49,29627
0.49,29639
0.49,29208
0.49,28889
0.49,27356
0.49,27604
0.49,27651
0.49,27573
0.49,26985
0.49,26802
0.49,27112
0.49,26536
0.49,26620
0.49,27393
0.49,27263
0.49,27766
0.49,28019
0.49,28206
0.49,28670
0.49,29302
0.49,29741
0.49,29818
0.49,29037
0.49,28600
0.49,28158
0.49,28624
0.49,28949
0.49,29101
0.49,27785
0.49,27721
0.49,26954
0.49,26320
0.49,28906
0.49,28996
0.49,27468
0.49,27112
0.49,26605
0.49,27175
0.49,27376
0.49,26623
0.49,26858
0.49,26816
0.49,27322
0.49,27552
0.49,27528
0.49,27574
0.49,29052
0.49,28579
0.49,26362
0.50,26070
0.50,26396
0.50,25624
0.50,25631
0.50,25258
0.50,26035
0.50,26187
0.50,26345
0.50,27207
0.50,26693
0.50,28214
0.50,28148
0.50,28153
0.50,28170
0.50,28384
0.50,28622
0.50,28312
0.50,28780
0.50,28818
0.50,28466
0.50,28610
0.50,28995
0.50,28404
0.50,28487
0.50,28280
0.50,28110
0.50,28550
0.50,28918
0.50,28942
0.50,29001
0.50,29422
0.50,29301
0.50,29309
0.50,29490
0.50,29938
0.50,30155
0.50,30575
0.50,30418
0.50,30147
0.50,29931
0.50,30212
0.50,30405
0.50,30472
0.50,29984
0.50,29853
0.50,29809
0.50,30595
0.50,30435
0.50,32211
0.50,31548
0.50,30924
0.50,31045
0.50,30565
0.50,30316
0.50,30068
0.50,30074
0.50,30125
0.50,29738
0.50,30405
0.50,31335
0.50,31281
0.50,30646
0.50,30645
0.50,31163
0.51,31165
0.51,30972
0.51,31145
0.51,31018
0.51,31758
0.51,31945
0.51,31593
0.51,31455
0.51,31820
0.51,31834
0.51,32021
0.51,31609
0.51,31058
0.51,31225
0.51,31033
0.51,30171
0.51,29809
0.51,28688
0.51,28538
0.51,28868
0.51,29223
0.51,28776
0.51,28560
0.51,28466
0.51,28148
0.51,26420
0.51,26659
0.51,26539
0.51,27187
0.51,27164
0.51,26971
0.51,27136
0.51,28020
0.51,28988
0.51,28984
0.51,29318
0.51,30328
0.51,28533
0.51,29346
0.51,28462
0.51,28657
0.51,28715
0.51,28347
0.51,28413
0.51,29027
0.51,29258
0.51,29306
0.51,29405
0.51,28274
0.51,28264
0.51,28179
0.51,29971
0.51,29947
0.51,30094
0.51,30290
0.51,30597
0.51,30299
0.51,30151
0.51,29189
0.51,28717
0.51,29678
0.51,30080
0.52,31471
0.52,31516
0.52,29690
0.52,32144
0.52,32398
0.52,32393
0.52,32199
0.52,32797
0.52,32763
0.52,32385
0.52,32621
0.52,31517
0.52,31784
0.52,31300
0.52,31787
0.52,31715
0.52,32521
0.52,32648
0.52,32826
0.52,32150
0.52,32517
0.52,30553
0.52,30569
0.52,30397
0.52,30354
0.52,30483
0.52,30191
0.52,29658
0.52,29755
0.52,29297
0.52,29317
0.52,30830
0.52,30784
0.52,30579
0.52,30515
0.52,30499
0.52,30725
0.52,30389
0.52,30353
0.52,29741
0.52,28583
0.52,28699
0.52,28763
0.52,27937
0.52,27951
0.52,27937
0.52,28004
0.52,27642
0.52,27921
0.52,27886
0.52,29592
0.52,29855
0.52,30060
0.52,30556
0.52,31301
0.52,31496
0.52,30596
0.52,30988
0.52,30551
0.52,29901
0.52,29955
0.52,29833
0.53,28604
0.53,29258
0.53,28843
0.53,29414
0.53,28617
0.53,28571
0.53,28448
0.53,28609
0.53,28502
0.53,28598
0.53,28283
0.53,28345
0.53,27781
0.53,28272
0.53,28848
0.53,29328
0.53,29072
0.53,29258
0.53,29445
0.53,30187
0.53,30206
0.53,30624
0.53,30449
0.53,30394
0.53,28178
0.53,28463
0.53,28318
0.53,28657
0.53,29352
0.53,29182
0.53,29277
0.53,28810
0.53,28664
0.53,28513
0.53,29240
0.53,29551
0.53,29756
0.53,29282
0.53,28848
0.53,28111
0.53,28209
0.53,28765
0.53,28803
0.53,28809
0.53,28259
0.53,27200
0.53,27815
0.53,27218
0.53,27383
0.53,27347
0.53,25981
0.53,27133
0.53,27797
0.53,27679
0.53,27037
0.53,26848
0.53,27047
0.53,26449
0.53,27442
0.53,27791
0.53,28930
0.53,29169
0.53,29646
0.53,30184
0.53,30203
0.53,28837
0.54,28959
0.54,28592
0.54,28886
0.54,28934
0.54,28588
0.54,28061
0.54,27723
0.54,26990
0.54,26833
0.54,26083
0.54,25510
0.54,24773
0.54,26535
0.54,25579
0.54,26709
0.54,26697
0.54,26446
0.54,27162
0.54,27143
0.54,27440
0.54,27149
0.54,26897
0.54,26835
0.54,27702
0.54,27431
0.54,27376
0.54,27617
0.54,26955
0.54,26618
0.54,26771
0.54,26964
0.54,27594
0.54,27871
0.54,25818
0.54,25727
0.54,25127
0.54,25164
0.54,26304
0.54,26011
0.54,26382
0.54,26256
0.54,26486
0.54,26617
0.54,26728
0.54,26592
0.54,26585
0.54,26537
0.54,26931
0.54,26030
0.54,25920
0.54,27211
0.54,26979
0.54,27337
0.54,27469
0.54,28378
0.54,28253
0.54,28519
0.54,28767
0.54,28770
0.54,27988
0.54,28153
0.54,27667
0.54,27701
0.55,27446
0.55,29341
0.55,30209
0.55,30070
0.55,29719
0.55,28225
0.55,29147
0.55,29148
0.55,29947
0.55,29882
0.55,28818
0.55,29041
0.55,27822
0.55,26997
0.55,26948
0.55,28261
0.55,28521
0.55,28888
0.55,28270
0.55,28863
0.55,28431
0.55,29623
0.55,28902
0.55,28927
0.55,29877
0.55,30638
0.55,30629
0.55,30758
0.55,30221
0.55,30278
0.55,31121
0.55,30952
0.55,30662
0.55,30272
0.55,30362
0.55,30048
0.55,30553
0.55,30511
0.55,30174
0.55,27973
0.55,28011
0.55,27977
0.55,28564
0.55,28472
0.55,28444
0.55,28060
0.55,28448
0.55,28480
0.55,28948
0.55,28976
0.55,28702
0.55,28787
0.55,29293
0.55,29629
0.55,29293
0.55,28910
0.55,28049
0.55,29251
0.55,29282
0.55,28989
0.55,28483
0.55,28512
0.55,29497
0.55,29581
0.56,29843
0.56,29875
0.56,29635
0.56,27685
0.56,26797
0.56,26795
0.56,24644
0.56,25194
0.56,25259
0.56,25119
0.56,25134
0.56,25177
0.56,25054
0.56,25378
0.56,25817
0.56,25210
0.56,25491
0.56,25423
0.56,26507
0.56,26775
0.56,26311
0.56,27304
0.56,27569
0.56,27028
0.56,26929
0.56,26960
0.56,26773
0.56,26742
0.56,26425
0.56,26980
0.56,27308
0.56,28921
0.56,29407
0.56,29807
0.56,28386
0.56,28350
0.56,28354
0.56,29546
0.56,29064
0.56,29769
0.56,28186
0.56,27435
0.56,27570
0.56,28601
0.56,28483
0.56,28029
0.56,28176
0.56,27935
0.56,27790
0.56,28321
0.56,27882
0.56,27632
0.56,27444
0.56,27722
0.56,27751
0.56,27266
0.56,27097
0.56,27305
0.56,27959
0.56,28476
0.56,29105
0.56,28785
0.56,28904
0.56,27800
0.57,27947
0.57,27996
0.57,27675
0.57,27526
0.57,27294
0.57,27408
0.57,27545
0.57,28388
0.57,28062
0.57,28053
0.57,27567
0.57,26328
0.57,26183
0.57,25985
0.57,25073
0.57,25223
0.57,25505
0.57,25585
0.57,24954
0.57,25669
0.57,26467
0.57,26516
0.57,26544
0.57,26582
0.57,29125
0.57,29187
0.57,29135
0.57,29125
0.57,29095
0.57,29130
0.57,29288
0.57,29691
0.57,29745
0.57,29911
0.57,29974
0.57,29783
0.57,30051
0.57,29428
0.57,28787
0.57,28501
0.57,29245
0.57,29383
0.57,28745
0.57,28729
0.57,30187
0.57,30054
0.57,29578
0.57,30647
0.57,30772
0.57,30831
0.57,31217
0.57,31433
0.57,31655
0.57,31888
0.57,31732
0.57,31469
0.57,31346
0.57,31230
0.57,31121
0.57,31446
0.57,31353
0.57,30803
0.58,30794
0.58,31185
0.58,30529
0.58,30907
0.58,31290
0.58,30811
0.58,31014
0.58,31681
0.58,31134
0.58,31331
0.58,31019
0.58,31167
0.58,31278
0.58,31306
0.58,31453
0.58,31526
0.58,31525
0.58,31660
0.58,31590
0.58,31786
0.58,31892
0.58,31881
0.58,31932
0.58,31599
0.58,31723
0.58,29423
0.58,29586
0.58,29766
0.58,29660
0.58,29298
0.58,29214
0.58,30156
0.58,29360
0.58,29438
0.58,29494
0.58,29536
0.58,28797
0.58,28073
0.58,28308
0.58,28672
0.58,28526
0.58,28531
0.58,28862
0.58,27362
0.58,27497
0.58,28005
0.58,29047
0.58,28971
0.58,28644
0.58,28901
0.58,28890
0.58,29036
0.58,29370
0.58,29279
0.58,28324
0.58,28311
0.58,27803
0.59,27500
0.59,27653
0.59,27607
0.59,27167
0.59,27281
0.59,27423
0.59,27747
0.59,27645
0.59,28025
0.59,27328
0.59,27209
0.59,26728
0.59,26193
0.59,26122
0.59,26208
0.59,26079
0.59,26762
0.59,26834
0.59,26792
0.59,28185
0.59,27494
0.59,27366
0.59,28082
0.59,27949
0.59,27503
0.59,27238
0.59,27891
0.59,28882
0.59,28879
0.59,29926
0.59,29902
0.59,28856
0.59,28881
0.59,28653
0.59,28505
0.59,27490
0.59,27302
0.59,25937
0.59,25934
0.59,26007
0.59,26676
0.59,26613
0.59,26701
0.59,26402
0.59,26809
0.59,26766
0.59,26671
0.59,25825
0.59,26459
0.59,26252
0.59,27081
0.59,27312
0.59,27168
0.59,28221
0.59,27668
0.59,27523
0.59,27792
0.59,27976
0.59,27757
0.59,28126
0.59,28219
0.59,27872
0.59,29098
0.60,29106
0.60,29853
0.60,29708
0.60,30385
0.60,29473
0.60,29509
0.60,29152
0.60,29451
0.60,29703
0.60,29656
0.60,29704
0.60,29667
0.60,29619
0.60,29532
0.60,29266
0.60,29668
0.60,29823
0.60,29096
0.60,29401
0.60,29652
0.60,29920
0.60,29709
0.60,30088
0.60,29494
0.60,30045
0.60,29620
0.60,28966
0.60,28800
0.60,28384
0.60,28511
0.60,27174
0.60,26680
0.60,26729
0.60,26720
0.60,26598
0.60,26587
0.60,26683
0.60,26818
0.60,25789
0.60,25668
0.60,26326
0.60,26190
0.60,26040
0.60,26375
0.60,27751
0.60,28346
0.60,29450
0.60,29509
0.60,29905
0.60,29797
0.60,29668
0.60,28415
0.60,28084
0.60,27433
0.60,28156
0.60,27638
0.60,27364
0.60,27383
0.60,28326
0.60,28267
0.60,28158
0.60,27747
0.60,27972
0.60,28430
0.60,28919
0.61,28072
0.61,27906
0.61,27612
0.61,27586
0.61,28132
0.61,28000
0.61,28302
0.61,28247
0.61,28097
0.61,28128
0.61,27965
0.61,29106
0.61,29371
0.61,29017
0.61,28707
0.61,28722
0.61,28566
0.61,28776
0.61,28229
0.61,28418
0.61,28861
0.61,28331
0.61,28052
0.61,28267
0.61,28514
0.61,28456
0.61,27945
0.61,27813
0.61,28153
0.61,28112
0.61,28283
0.61,26442
0.61,26515
0.61,26570
0.61,26470
0.61,26742
0.61,27390
0.61,27419
0.61,27594
0.61,27242
0.61,27138
0.61,26840
0.61,26861
0.61,26663
0.61,26804
0.61,28285
0.61,27919
0.61,27575
0.61,27881
0.61,28574
0.61,28431
0.61,30243
0.61,30024
0.61,29362
0.61,30619
0.61,28324
0.61,28600
0.61,28584
0.61,27731
0.61,27948
0.61,28039
0.62,30306
0.62,30579
0.62,30767
0.62,31010
0.62,31121
0.62,30881
0.62,30739
0.62,31328
0.62,31271
0.62,30681
0.62,30258
0.62,29371
0.62,29382
0.62,29174
0.62,28543
0.62,28764
0.62,28739
0.62,28530
0.62,28455
0.62,27689
0.62,27200
0.62,27480
0.62,27649
0.62,28973
0.62,28748
0.62,27830
0.62,27238
0.62,27235
0.62,27304
0.62,26972
0.62,27053
0.62,26710
0.62,27346
0.62,27454
0.62,27692
0.62,27183
0.62,27162
0.62,27520
0.62,27822
0.62,28609
0.62,28438
0.62,29261
0.62,29361
0.62,28833
0.62,27435
0.62,26626
0.62,25502
0.62,26411
0.62,25353
0.62,25338
0.62,25446
0.62,25460
0.62,24317
0.62,24628
0.62,24588
0.62,23815
0.62,24308
0.62,24128
0.62,25186
0.62,25518
0.62,26050
0.62,26418
0.62,26336
0.62,26370
0.63,26584
0.63,26580
0.63,26569
0.63,26619
0.63,27731
0.63,27706
0.63,26856
0.63,27364
0.63,26624
0.63,26580
0.63,27795
0.63,27194
0.63,27198
0.63,27537
0.63,27746
0.63,28275
0.63,29199
0.63,29580
0.63,28819
0.63,28655
0.63,28799
0.63,30583
0.63,30803
0.63,30627
0.63,30030
0.63,30039
0.63,30033
0.63,29635
0.63,29398
0.63,29392
0.63,30149
0.63,29642
0.63,29851
0.63,29710
0.63,29398
0.63,29672
0.63,29711
0.63,29245
0.63,29601
0.63,29404
0.63,29247
0.63,29983
0.63,29682
0.63,29701
0.63,29925
0.63,29400
0.63,29552
0.63,29517
0.63,29568
0.63,29476
0.63,29616
0.63,29386
0.63,29211
0.63,28581
0.63,28533
0.63,28827
0.63,28847
0.63,28903
0.63,28920
0.63,27579
0.63,27522
0.64,27424
0.64,26389
0.64,25376
0.64,26610
0.64,26659
0.64,27682
0.64,27924
0.64,28167
0.64,28224
0.64,28193
0.64,28027
0.64,29024
0.64,29580
0.64,29636
0.64,29221
0.64,28064
0.64,28015
0.64,29085
0.64,28931
0.64,28688
0.64,29954
0.64,28957
0.64,28794
0.64,28796
0.64,28747
0.64,28723
0.64,28932
0.64,29391
0.64,29272
0.64,29712
0.64,29251
0.64,29213
0.64,29213
0.64,28575
0.64,27472
0.64,27741
0.64,27879
0.64,27958
0.64,27842
0.64,28084
0.64,27447
0.64,27645
0.64,27850
0.64,27837
0.64,28098
0.64,28185
0.64,28236
0.64,28150
0.64,28168
0.64,28098
0.64,27491
0.64,27566
0.64,27773
0.64,26990
0.64,27108
0.64,27628
0.64,29945
0.64,30448
0.64,30535
0.65,30916
0.65,30864
0.65,30487
0.65,30148
0.65,30757
0.65,30655
0.65,30135
0.65,29405
0.65,30240
0.65,30364
0.65,30250
0.65,30304
0.65,29682
0.65,28687
0.65,28868
0.65,28916
0.65,28845
0.65,29002
0.65,28603
0.65,28466
0.65,27698
0.65,25757
0.65,26160
0.65,26169
0.65,25694
0.65,25670
0.65,25843
0.65,26640
0.65,26711
0.65,27556
0.65,28292
0.65,28219
0.65,28188
0.65,28311
0.65,29637
0.65,30111
0.65,29291
0.65,30085
0.65,29509
0.65,29565
0.65,29863
0.65,30065
0.65,30943
0.65,30563
0.65,30130
0.65,29252
0.65,28610
0.65,28445
0.65,28633
0.65,29759
0.65,29247
0.65,29645
0.65,29410
0.65,29169
0.65,28855
0.65,28831
0.65,28989
0.65,28681
0.65,29144
0.65,29308
0.65,29322
0.65,30075
0.65,28912
0.66,28691
0.66,28860
0.66,29044
0.66,28974
0.66,28356
0.66,28650
0.66,28206
0.66,29084
0.66,29240
0.66,29303
0.66,30972
0.66,30740
0.66,30671
0.66,31386
0.66,31425
0.66,30687
0.66,30857
0.66,31047
0.66,31059
0.66,31036
0.66,30869
0.66,31003
0.66,30962
0.66,30814
0.66,31059
0.66,29340
0.66,29513
0.66,29083
0.66,28772
0.66,27955
0.66,27505
0.66,28512
0.66,28590
0.66,29023
0.66,28781
0.66,28634
0.66,29049
0.66,29329
0.66,29090
0.66,28912
0.66,28899
0.66,28814
0.66,28808
0.66,28922
0.66,28826
0.66,28610
0.66,28904
0.66,29648
0.66,28858
0.66,28398
0.66,27254
0.66,27381
0.66,27262
0.66,26316
0.66,26530
0.66,26552
0.66,26302
0.66,26754
0.66,25259
0.66,26049
0.67,26197
0.67,26625
0.67,26894
0.67,26623
0.67,26370
0.67,27186
0.67,28412
0.67,28402
0.67,28485
0.67,28473
0.67,27778
0.67,27415
0.67,27930
0.67,28338
0.67,26190
0.67,27133
0.67,27982
0.67,28502
0.67,29464
0.67,30135
0.67,29750
0.67,29295
0.67,28606
0.67,29534
0.67,29304
0.67,29014
0.67,28260
0.67,28005
0.67,28376
0.67,28446
0.67,29575
0.67,29955
0.67,29910
0.67,30441
0.67,29008
0.67,29686
0.67,29291
0.67,29225
0.67,29550
0.67,30493
0.67,30182
0.67,29224
0.67,29307
0.67,28106
0.67,27925
0.67,27549
0.67,28436
0.67,28140
0.67,28243
0.67,28465
0.67,28697
0.67,28822
0.67,28714
0.67,29516
0.67,29557
0.67,29400
0.67,29601
0.67,29877
0.67,29706
0.67,29587
0.67,29536
0.68,30039
0.68,30136
0.68,30306
0.68,30785
0.68,30728
0.68,30712
0.68,30453
0.68,30427
0.68,30367
0.68,29534
0.68,29518
0.68,29392
0.68,28831
0.68,28774
0.68,28816
0.68,28545
0.68,28593
0.68,28600
0.68,28646
0.68,28411
0.68,29057
0.68,28802
0.68,28854
0.68,28953
0.68,28961
0.68,28371
0.68,28474
0.68,28476
0.68,30198
0.68,30493
0.68,30137
0.68,30202
0.68,29005
0.68,28487
0.68,28180
0.68,28439
0.68,28592
0.68,28168
0.68,29355
0.68,28627
0.68,28727
0.68,27670
0.68,28206
0.68,28148
0.68,29574
0.68,29558
0.68,29499
0.68,31083
0.68,30434
0.68,30442
0.68,30099
0.68,30027
0.68,29923
0.68,30124
0.68,30621
0.68,30443
0.68,30577
0.68,31088
0.69,31468
0.69,31297
0.69,31427
0.69,31401
0.69,30360
0.69,30699
0.69,30596
0.69,30718
0.69,30726
0.69,31118
0.69,32129
0.69,32148
0.69,32037
0.69,31812
0.69,32089
0.69,31921
0.69,31795
0.69,31629
0.69,31166
0.69,30336
0.69,30503
0.69,30407
0.69,29913
0.69,30003
0.69,30135
0.69,29897
0.69,30611
0.69,29906
0.69,29919
0.69,29855
0.69,29586
0.69,30069
0.69,30295
0.69,30097
0.69,29162
0.69,29264
0.69,29334
0.69,28575
0.69,29417
0.69,29189
0.69,29410
0.69,29096
0.69,29068
0.69,27235
0.69,27337
0.69,27222
0.69,26666
0.69,26539
0.69,26412
0.69,25599
0.69,25541
0.69,25599
0.69,25489
0.69,25871
0.69,28293
0.69,28201
0.69,28409
0.69,28803
0.69,28326
0.69,28428
0.69,28699
0.69,31100
0.69,31171
0.69,31406
0.70,31431
0.70,30987
0.70,30619
0.70,31217
0.70,31065
0.70,31153
0.70,32803
0.70,32420
0.70,32335
0.70,32407
0.70,31663
0.70,32167
0.70,31879
0.70,31959
0.70,31720
0.70,32131
0.70,31711
0.70,31793
0.70,31816
0.70,31787
0.70,31908
0.70,30963
0.70,31860
0.70,32007
0.70,32340
0.70,31879
0.70,32416
0.70,32609
0.70,32466
0.70,31569
0.70,32352
0.70,32325
0.70,32266
0.70,32118
0.70,32847
0.70,33267
0.70,33460
0.70,33512
0.70,33604
0.70,32795
0.70,32515
0.70,33306
0.70,33342
0.70,31816
0.70,31804
0.70,31443
0.70,32474
0.70,32094
0.70,31918
0.70,32369
0.70,31998
0.70,31650
0.70,31717
0.70,31065
0.70,30115
0.70,27751
0.70,29364
0.70,29332
0.70,29106
0.70,29059
0.70,28710
0.70,27809
0.70,27008
0.70,27092
0.70,27102
0.70,27486
0.70,27581
0.71,27966
0.71,27601
0.71,26962
0.71,26744
0.71,26908
0.71,27031
0.71,26829
0.71,27160
0.71,25975
0.71,25751
0.71,25853
0.71,25870
0.71,25731
0.71,26859
0.71,26364
0.71,26989
0.71,26666
0.71,26695
0.71,26545
0.71,28194
0.71,28197
0.71,28601
0.71,28742
0.71,28770
0.71,29005
0.71,28990
0.71,29129
0.71,28183
0.71,28528
0.71,29198
0.71,29478
0.71,29233
0.71,28298
0.71,28235
0.71,28328
0.71,28168
0.71,28108
0.71,28470
0.71,28586
0.71,29314
0.71,28871
0.71,29241
0.71,29492
0.71,29465
0.71,28783
0.71,29586
0.71,31049
0.71,31357
0.71,30852
0.71,30578
0.71,30642
0.71,30427
0.71,30937
0.71,30169
0.71,29989
0.71,30070
0.71,29865
0.71,30093
0.71,29869
0.71,29864
0.71,29817
0.72,30143
0.72,30516
0.72,30844
0.72,30701
0.72,30843
0.72,30367
0.72,29583
0.72,29656
0.72,29695
0.72,29809
0.72,29629
0.72,30242
0.72,30376
0.72,30413
0.72,30066
0.72,29613
0.72,29590
0.72,29701
0.72,29894
0.72,29732
0.72,28876
0.72,28766
0.72,29619
0.72,29668
0.72,29664
0.72,29747
0.72,29671
0.72,29706
0.72,29881
0.72,29930
0.72,29526
0.72,29719
0.72,28335
0.72,28349
0.72,29038
0.72,29047
0.72,29029
0.72,29147
0.72,29056
0.72,28674
0.72,29110
0.72,29265
0.72,29381
0.72,29374
0.72,29561
0.72,28823
0.72,29033
0.72,29025
0.72,28797
0.72,28999
0.72,28934
0.72,28989
0.72,28862
0.72,28576
0.72,29286
0.72,28758
0.72,28393
0.72,28452
0.73,28466
0.73,27873
0.73,27986
0.73,27717
0.73,27827
0.73,28258
0.73,27983
0.73,27925
0.73,27914
0.73,28144
0.73,28246
0.73,28308
0.73,29553
0.73,29126
0.73,29122
0.73,29038
0.73,29102
0.73,29127
0.73,27826
0.73,27024
0.73,27434
0.73,27496
0.73,27198
0.73,27612
0.73,27448
0.73,27382
0.73,27053
0.73,27167
0.73,27886
0.73,28009
0.73,28277
0.73,27865
0.73,28374
0.73,27597
0.73,27549
0.73,27956
0.73,27989
0.73,28297
0.73,28653
0.73,29003
0.73,28686
0.73,28657
0.73,28546
0.73,28476
0.73,28826
0.73,28561
0.74,27722
0.74,27812
0.74,27759
0.74,27826
0.74,27666
0.74,27132
0.74,26924
0.74,26980
0.74,26842
0.74,27705
0.74,27457
0.74,28173
0.74,27883
0.74,27871
0.74,27396
0.74,27363
0.74,27675
0.74,27915
0.74,28034
0.74,28028
0.74,27505
0.74,27716
0.74,27912
0.74,26627
0.74,27048
0.74,27218
0.74,27495
0.74,27801
0.74,27768
0.74,27724
0.74,27826
0.74,28013
0.74,27931
0.74,28333
0.74,26576
0.74,27694
0.74,27714
0.74,27658
0.74,27627
0.74,28255
0.74,27666
0.74,27733
0.74,27809
0.74,27530
0.74,28295
0.74,28872
0.74,28583
0.74,28971
0.74,30044
0.74,29919
0.74,29933
0.74,30255
0.74,29474
0.74,29515
0.74,30412
0.74,31228
0.74,30137
0.74,30250
0.74,30058
0.74,30040
0.74,30230
0.75,30701
0.75,30747
0.75,30735
0.75,28956
0.75,28970
0.75,29742
0.75,29546
0.75,29661
0.75,28574
0.75,27483
0.75,27478
0.75,27534
0.75,27713
0.75,28264
0.75,27074
0.75,25968
0.75,25944
0.75,25532
0.75,25479
0.75,27812
0.75,28036
0.75,28144
0.75,27954
0.75,30355
0.75,30385
0.75,30428
0.75,30246
0.75,29384
0.75,29019
0.75,29357
0.75,30555
0.75,30712
0.75,29534
0.75,29515
0.75,29869
0.75,29631
0.75,29567
0.75,29581
0.75,28379
0.75,29745
0.75,29726
0.75,29853
0.75,30238
0.75,30370
0.75,30288
0.75,29385
0.75,29290
0.75,28705
0.75,28800
0.75,29086
0.75,29360
0.75,29450
0.75,30081
0.75,29971
0.75,29960
0.75,31032
0.75,31163
0.75,30962
0.75,31033
0.75,30696
0.75,30728
0.75,30601
0.75,30291
0.75,30683
0.76,30804
0.76,30812
0.76,31010
0.76,31083
0.76,31336
0.76,31279
0.76,31595
0.76,31970
0.76,32414
0.76,32627
0.76,32953
0.76,33560
0.76,33190
0.76,33147
0.76,33159
0.76,32194
0.76,31107
0.76,31389
0.76,30749
0.76,30597
0.76,30841
0.76,30413
0.76,30358
0.76,30120
0.76,30058
0.76,30287
0.76,30302
0.76,30265
0.76,30843
0.76,30283
0.76,30261
0.76,30420
0.76,29933
0.76,29378
0.76,29687
0.76,29963
0.76,29874
0.76,30096
0.76,30150
0.76,30239
0.76,30327
0.76,30379
0.76,30404
0.76,31254
0.76,31069
0.76,31135
0.76,29998
0.76,29942
0.76,30441
0.76,30384
0.76,29313
0.76,28744
0.76,28920
0.76,29320
0.76,29239
0.76,29315
0.76,29238
0.76,29193
0.76,28735
0.76,28858
0.76,28431
0.77,28069
0.77,28074
0.77,27485
0.77,27051
0.77,26993
0.77,26937
0.77,26949
0.77,26946
0.77,27767
0.77,27730
0.77,28054
0.77,27217
0.77,27202
0.77,27114
0.77,28812
0.77,28895
0.77,29272
0.77,29825
0.77,29856
0.77,29521
0.77,29373
0.77,29239
0.77,29269
0.77,28724
0.77,27338
0.77,28827
0.77,30112
0.77,29912
0.77,30249
0.77,28166
0.77,28121
0.77,28161
0.77,28265
0.77,28217
0.77,28006
0.77,27915
0.77,28545
0.77,30000
0.77,29748
0.77,29644
0.77,28661
0.77,28285
0.77,28325
0.77,28755
0.77,27797
0.77,27306
0.77,27375
0.77,27814
0.77,28392
0.77,27129
0.77,27038
0.77,26574
0.77,26353
0.77,25833
0.78,25743
0.78,25171
0.78,24947
0.78,25387
0.78,25134
0.78,27061
0.78,27005
0.78,26756
0.78,26643
0.78,26297
0.78,26232
0.78,26581
0.78,26535
0.78,26534
0.78,26584
0.78,26622
0.78,26848
0.78,25886
0.78,26255
0.78,26609
0.78,26761
0.78,26448
0.78,27299
0.78,27187
0.78,27297
0.78,27685
0.78,27457
0.78,28019
0.78,27990
0.78,27196
0.78,27592
0.78,27604
0.78,27866
0.78,28062
0.78,28069
0.78,28098
0.78,28521
0.78,28180
0.78,28287
0.78,28742
0.78,28426
0.78,28352
0.78,27012
0.78,25504
0.78,24739
0.78,24958
0.78,24739
0.78,25846
0.78,25750
0.78,26063
0.78,27043
0.78,26892
0.79,26847
0.79,27619
0.79,28683
0.79,27698
0.79,27698
0.79,28945
0.79,29565
0.79,29426
0.79,29578
0.79,29832
0.79,29656
0.79,30558
0.79,30543
0.79,30634
0.79,30274
0.79,30083
0.79,29854
0.79,31016
0.79,30985
0.79,30963
0.79,30741
0.79,30766
0.79,30746
0.79,30105
0.79,28348
0.79,28275
0.79,28098
0.79,27889
0.79,28313
0.79,28022
0.79,27792
0.79,27723
0.79,27613
0.79,27509
0.79,27817
0.79,28238
0.79,27602
0.79,27563
0.79,27660
0.79,30082
0.79,30472
0.79,30031
0.79,30365
0.79,30012
0.79,30606
0.79,30429
0.79,31362
0.79,30750
0.79,32669
0.79,32477
0.79,32335
0.79,32053
0.79,30228
0.79,29639
0.79,29927
0.79,29583
0.79,29264
0.79,29168
0.79,28258
0.79,28103
0.79,28851
0.79,28896
0.79,29250
0.79,29146
0.79,29578
0.80,29016
0.80,29083
0.80,29016
0.80,28819
0.80,28794
0.80,28623
0.80,28671
0.80,28740
0.80,27658
0.80,28619
0.80,27888
0.80,28460
0.80,28440
0.80,27971
0.80,26982
0.80,26674
0.80,27334
0.80,26952
0.80,27259
0.80,27116
0.80,27058
0.80,26919
0.80,26697
0.80,26700
0.80,26828
0.80,28084
0.80,27927
0.80,27990
0.80,28371
0.80,28373
0.80,27879
0.80,28294
0.80,28451
0.80,28564
0.80,28349
0.80,28389
0.80,28428
0.80,29499
0.80,29529
0.80,29241
0.80,28289
0.80,25957
0.80,26474
0.80,26377
0.80,26456
0.80,26663
0.80,26673
0.80,26964
0.80,26216
0.80,25948
0.80,25639
0.80,25632
0.80,25487
0.80,25775
0.80,25794
0.80,25620
0.81,25690
0.81,25344
0.81,25542
0.81,25217
0.81,24797
0.81,25492
0.81,25789
0.81,25679
0.81,25828
0.81,26537
0.81,26422
0.81,27751
0.81,27852
0.81,27838
0.81,27847
0.81,27517
0.81,27552
0.81,27603
0.81,27854
0.81,27784
0.81,27689
0.81,27916
0.81,28913
0.81,28709
0.81,28372
0.81,28619
0.81,28987
0.81,29183
0.81,29600
0.81,29251
0.81,29842
0.81,29736
0.81,29619
0.81,29556
0.81,30445
0.81,30695
0.81,31220
0.81,31071
0.81,30780
0.81,30794
0.81,30820
0.81,31166
0.81,30775
0.81,30806
0.81,30138
0.81,30120
0.81,30388
0.81,30430
0.81,30107
0.81,28974
0.81,28622
0.81,28517
0.81,28339
0.81,28260
0.81,28036
0.81,27368
0.81,26547
0.81,26313
0.81,27723
0.82,27891
0.82,28300
0.82,28110
0.82,28126
0.82,28581
0.82,28577
0.82,28832
0.82,29551
0.82,29592
0.82,29308
0.82,30101
0.82,31010
0.82,30338
0.82,30246
0.82,30358
0.82,29384
0.82,29857
0.82,30097
0.82,30104
0.82,29954
0.82,29970
0.82,29866
0.82,29848
0.82,29968
0.82,30100
0.82,29312
0.82,29441
0.82,29486
0.82,29298
0.82,28818
0.82,27301
0.82,27533
0.82,28403
0.82,28411
0.82,27308
0.82,27398
0.82,26572
0.82,26623
0.82,26970
0.82,26708
0.82,26958
0.82,26692
0.82,26727
0.82,25317
0.82,25273
0.82,24716
0.82,24953
0.82,25129
0.82,25101
0.82,24862
0.82,24675
0.82,25373
0.82,25371
0.82,26233
0.82,26102
0.82,26429
0.82,26702
0.82,26861
0.82,26883
0.83,27275
0.83,27393
0.83,27276
0.83,27433
0.83,27596
0.83,28115
0.83,28408
0.83,28268
0.83,26918
0.83,26144
0.83,27026
0.83,27122
0.83,25673
0.83,25605
0.83,25224
0.83,25167
0.83,25165
0.83,24852
0.83,24570
0.83,24667
0.83,24812
0.83,25818
0.83,27855
0.83,27757
0.83,28132
0.83,28904
0.83,27846
0.83,27905
0.83,28007
0.83,28291
0.83,28419
0.83,28491
0.83,29855
0.83,29927
0.83,30131
0.83,29679
0.83,29544
0.83,29488
0.83,29674
0.83,30374
0.83,30452
0.83,31401
0.83,31088
0.83,30151
0.83,30020
0.83,30027
0.83,29708
0.83,29113
0.83,29134
0.83,26956
0.83,26258
0.83,26431
0.83,26851
0.83,25777
0.83,25766
0.83,26341
0.83,26995
0.83,27035
0.83,28192
0.83,28029
0.83,27889
0.84,28582
0.84,28133
0.84,28340
0.84,28379
0.84,27979
0.84,29487
0.84,30035
0.84,29919
0.84,30020
0.84,29959
0.84,30733
0.84,30533
0.84,30390
0.84,30207
0.84,30236
0.84,29783
0.84,29872
0.84,30210
0.84,29623
0.84,29512
0.84,29855
0.84,30603
0.84,29714
0.84,29552
0.84,29887
0.84,29895
0.84,29752
0.84,28895
0.84,28833
0.84,29705
0.84,29707
0.84,29748
0.84,29425
0.84,29727
0.84,29590
0.84,29481
0.84,29482
0.84,29511
0.84,28984
0.84,29464
0.84,29538
0.84,27621
0.84,28540
0.84,27292
0.84,27250
0.84,26762
0.84,26888
0.84,26391
0.84,25626
0.84,25843
0.84,25993
0.84,27232
0.84,28008
0.84,27987
0.84,27175
0.84,28298
0.84,27935
0.84,26966
0.84,27122
0.85,27267
0.85,27848
0.85,28645
0.85,28979
0.85,29129
0.85,28959
0.85,28666
0.85,28660
0.85,29074
0.85,28894
0.85,29022
0.85,28606
0.85,28676
0.85,27694
0.85,28055
0.85,28099
0.85,27629
0.85,27840
0.85,28562
0.85,28572
0.85,28566
0.85,27355
0.85,27245
0.85,27338
0.85,25787
0.85,25346
0.85,25825
0.85,25682
0.85,25827
0.85,26231
0.85,25829
0.85,25980
0.85,27428
0.85,28176
0.85,26711
0.85,26430
0.85,27608
0.85,27244
0.85,27421
0.85,27690
0.85,28087
0.85,27439
0.85,27150
0.85,26767
0.85,26494
0.85,26777
0.85,27076
0.85,27101
0.85,27392
0.85,27093
0.85,27421
0.85,27538
0.85,27297
0.85,27589
0.85,26805
0.86,27365
0.86,27025
0.86,27842
0.86,27798
0.86,27789
0.86,28321
0.86,28368
0.86,28152
0.86,28116
0.86,28595
0.86,28611
0.86,28387
0.86,28368
0.86,28532
0.86,28944
0.86,29716
0.86,29928
0.86,29561
0.86,30382
0.86,32152
0.86,31257
0.86,32274
0.86,32295
0.86,32266
0.86,32175
0.86,30159
0.86,30137
0.86,30297
0.86,30307
0.86,30361
0.86,30924
0.86,30635
0.86,29522
0.86,29724
0.86,29779
0.86,29826
0.86,28053
0.86,27548
0.86,27188
0.86,27088
0.86,26134
0.86,25710
0.86,27492
0.86,27399
0.86,27090
0.86,27123
0.86,27300
0.86,27385
0.86,26601
0.86,26526
0.86,26623
0.86,26527
0.86,26942
0.86,26407
0.86,26510
0.86,27357
0.86,27688
0.86,27779
0.86,28293
0.87,28517
0.87,28064
0.87,27797
0.87,27799
0.87,27749
0.87,27302
0.87,27324
0.87,27407
0.87,26077
0.87,26308
0.87,25926
0.87,25878
0.87,26549
0.87,26360
0.87,27323
0.87,27714
0.87,27832
0.87,28424
0.87,28765
0.87,28394
0.87,28657
0.87,28733
0.87,28688
0.87,29062
0.87,28819
0.87,29634
0.87,29711
0.87,30246
0.87,29835
0.87,29529
0.87,30454
0.87,30842
0.87,30765
0.87,31076
0.87,30938
0.87,30907
0.87,30814
0.87,30452
0.87,30192
0.87,29909
0.87,29945
0.87,29886
0.87,29885
0.87,29492
0.87,29677
0.87,29401
0.87,29357
0.87,28761
0.87,28801
0.87,28652
0.87,28894
0.87,28914
0.87,28898
0.87,28339
0.87,27629
0.87,27761
0.87,27222
0.87,26797
0.87,26884
0.87,26998
0.87,27905
0.88,27606
0.88,26758
0.88,27009
0.88,27161
0.88,27046
0.88,26370
0.88,26271
0.88,26087
0.88,26312
0.88,27289
0.88,27539
0.88,27528
0.88,27498
0.88,27554
0.88,27914
0.88,27816
0.88,27368
0.88,27366
0.88,26403
0.88,26739
0.88,27920
0.88,27941
0.88,27838
0.88,27923
0.88,27662
0.88,26986
0.88,26210
0.88,26333
0.88,26289
0.88,25983
0.88,25635
0.88,25967
0.88,27600
0.88,28133
0.88,27936
0.88,28035
0.88,27785
0.88,28378
0.88,28501
0.88,28715
0.88,28044
0.88,27897
0.88,26655
0.88,26251
0.88,26022
0.88,25518
0.88,25518
0.88,26359
0.88,25827
0.88,25748
0.88,25903
0.88,26118
0.88,25957
0.88,27110
0.88,27047
0.88,26729
0.88,27224
0.88,27185
0.88,27182
0.89,27261
0.89,27468
0.89,27375
0.89,27630
0.89,27518
0.89,27407
0.89,27016
0.89,26406
0.89,26214
0.89,25985
0.89,26054
0.89,28784
0.89,28690
0.89,29103
0.89,27189
0.89,27145
0.89,26747
0.89,26962
0.89,27123
0.89,27401
0.89,28374
0.89,27069
0.89,27288
0.89,28686
0.89,29223
0.89,28836
0.89,28515
0.89,28261
0.89,27856
0.89,28581
0.89,28522
0.89,28201
0.89,27906
0.89,28058
0.89,28054
0.89,26444
0.89,25970
0.89,26071
0.89,25868
0.89,25698
0.89,26118
0.89,25520
0.89,25243
0.89,25747
0.89,26078
0.89,26394
0.89,26502
0.89,26430
0.89,26646
0.89,26375
0.89,26443
0.89,26469
0.90,27092
0.90,26996
0.90,27644
0.90,28055
0.90,28053
0.90,28151
0.90,28099
0.90,28585
0.90,28637
0.90,27381
0.90,26924
0.90,26674
0.90,26645
0.90,27483
0.90,27373
0.90,27377
0.90,27572
0.90,28443
0.90,28865
0.90,29469
0.90,28778
0.90,28046
0.90,27275
0.90,27377
0.90,27378
0.90,27595
0.90,27609
0.90,27052
0.90,27395
0.90,27442
0.90,27282
0.90,26961
0.90,28062
0.90,27895
0.90,27555
0.90,27662
0.90,27582
0.90,27470
0.90,27301
0.90,27462
0.90,27006
0.90,27023
0.90,27041
0.90,27039
0.90,27106
0.90,26803
0.90,26777
0.91,26809
0.91,26985
0.91,26926
0.91,27181
0.91,27530
0.91,28029
0.91,27825
0.91,27681
0.91,28791
0.91,28584
0.91,28650
0.91,28653
0.91,29258
0.91,29251
0.91,28879
0.91,28756
0.91,28709
0.91,28632
0.91,29254
0.91,29051
0.91,29041
0.91,29348
0.91,28749
0.91,29002
0.91,28617
0.91,28979
0.91,28753
0.91,28501
0.91,29129
0.91,30044
0.91,29863
0.91,29092
0.91,30433
0.91,28950
0.91,28137
0.91,27947
0.91,27997
0.91,28046
0.91,27787
0.91,28170
0.91,28030
0.91,27133
0.91,27062
0.91,27076
0.91,26800
0.91,27743
0.91,27571
0.91,27884
0.91,27985
0.91,27816
0.91,27536
0.91,27285
0.91,26429
0.91,27249
0.91,27458
0.91,27319
0.91,26996
0.91,26016
0.92,26181
0.92,25319
0.92,27469
0.92,27548
0.92,28181
0.92,27986
0.92,27481
0.92,27607
0.92,27814
0.92,27045
0.92,26578
0.92,25432
0.92,25426
0.92,25197
0.92,24998
0.92,25045
0.92,24460
0.92,24547
0.92,24164
0.92,24258
0.92,23996
0.92,23784
0.92,24120
0.92,23655
0.92,23670
0.92,24176
0.92,24220
0.92,24145
0.92,24163
0.92,23365
0.92,23756
0.92,24520
0.92,23888
0.92,23708
0.92,24020
0.92,23975
0.92,24109
0.92,24306
0.92,24779
0.92,26725
0.92,26683
0.92,26725
0.92,27480
0.92,27447
0.92,27500
0.92,28423
0.92,29050
0.92,28980
0.92,28789
0.92,28769
0.92,28746
0.92,29722
0.92,29809
0.93,29564
0.93,29314
0.93,29439
0.93,29188
0.93,28953
0.93,29535
0.93,28390
0.93,27539
0.93,26740
0.93,25896
0.93,25934
0.93,25660
0.93,25612
0.93,26128
0.93,26335
0.93,26028
0.93,26258
0.93,26424
0.93,25750
0.93,25859
0.93,25957
0.93,25810
0.93,25579
0.93,25884
0.93,25254
0.93,25200
0.93,25237
0.93,25096
0.93,25161
0.93,25309
0.93,26237
0.93,26243
0.93,26765
0.93,26694
0.93,26501
0.93,26511
0.93,26623
0.93,26534
0.93,26031
0.93,26019
0.94,25765
0.94,25908
0.94,25538
0.94,25353
0.94,24295
0.94,24322
0.94,23831
0.94,23480
0.94,23476
0.94,22479
0.94,22304
0.94,22273
0.94,22575
0.94,23168
0.94,23177
0.94,22890
0.94,23170
0.94,23853
0.94,25027
0.94,24762
0.94,24936
0.94,24910
0.94,25118
0.94,25210
0.94,25282
0.94,25344
0.94,25164
0.94,25240
0.94,25891
0.94,27031
0.94,27099
0.94,26955
0.94,27038
0.94,26074
0.94,25739
0.94,25976
0.94,26107
0.94,26195
0.94,25963
0.94,26887
0.94,26642
0.94,26393
0.94,26128
0.94,26247
0.94,26122
0.94,26071
0.94,25132
0.94,24681
0.94,25008
0.94,24960
0.95,24575
0.95,24363
0.95,24294
0.95,24112
0.95,23672
0.95,23621
0.95,23027
0.95,23764
0.95,24772
0.95,24493
0.95,24476
0.95,24484
0.95,24569
0.95,25013
0.95,25029
0.95,25573
0.95,25566
0.95,25447
0.95,24995
0.95,25121
0.95,23584
0.95,22988
0.95,23991
0.95,25093
0.95,25160
0.95,25277
0.95,25290
0.95,25457
0.95,25214
0.95,25143
0.95,25322
0.95,26736
0.95,26693
0.95,26646
0.95,26709
0.95,26759
0.95,26448
0.95,27441
0.96,27706
0.96,28684
0.96,28741
0.96,27725
0.96,28561
0.96,28754
0.96,28795
0.96,28719
0.96,28848
0.96,28617
0.96,28392
0.96,28555
0.96,28742
0.96,29088
0.96,28848
0.96,29231
0.96,28781
0.96,27519
0.96,28238
0.96,28472
0.96,28727
0.96,28744
0.96,28849
0.96,28549
0.96,28651
0.96,28781
0.96,28682
0.96,28666
0.96,29207
0.96,29173
0.96,28941
0.96,28949
0.96,29032
0.96,29193
0.96,28994
0.96,28982
0.96,27752
0.96,28095
0.96,28019
0.96,27020
0.96,26979
0.96,27170
0.96,27170
0.96,27184
0.96,27372
0.96,27033
0.96,27275
0.96,28427
0.96,29028
0.96,28390
0.96,27629
0.96,28124
0.96,28135
0.96,27302
0.96,27815
0.97,28251
0.97,28417
0.97,27270
0.97,27262
0.97,27614
0.97,27401
0.97,26902
0.97,26974
0.97,27188
0.97,27109
0.97,26947
0.97,25980
0.97,25551
0.97,25536
0.97,24780
0.97,26738
0.97,26416
0.97,26146
0.97,26149
0.97,26489
0.97,26852
0.97,26268
0.97,26233
0.97,25830
0.97,25655
0.97,25532
0.97,25636
0.97,25584
0.97,24662
0.97,24701
0.97,24927
0.97,25091
0.97,25090
0.97,24390
0.97,24494
0.97,24495
0.97,25556
0.97,23653
0.97,23325
0.97,23748
0.97,25321
0.97,24292
0.97,24348
0.97,24434
0.97,24265
0.97,25116
0.97,26002
0.97,26112
0.97,26118
0.97,26293
0.97,26011
0.97,25912
0.97,26542
0.97,26230
0.97,26293
0.98,25495
0.98,25477
0.98,25649
0.98,25718
0.98,25644
0.98,25369
0.98,25509
0.98,25249
0.98,24774
0.98,25019
0.98,25112
0.98,25199
0.98,26214
0.98,26218
0.98,26225
0.98,26015
0.98,26616
0.98,26772
0.98,26091
0.98,25308
0.98,25721
0.98,25211
0.98,25200
0.98,25571
0.98,25509
0.98,25918
0.98,26230
0.98,26734
0.98,26748
0.98,25797
0.98,26086
0.98,25643
0.98,25501
0.98,25253
0.98,25214
0.98,25097
0.98,24888
0.98,25190
0.98,25134
0.98,26248
0.98,25464
0.99,25656
0.99,25657
0.99,26236
0.99,26458
0.99,26817
0.99,25817
0.99,25616
0.99,25251
0.99,25266
0.99,25386
0.99,25569
0.99,25361
0.99,24902
0.99,25360
0.99,25524
0.99,25727
0.99,25514
0.99,24868
0.99,24876
0.99,24694
0.99,24722
0.99,24751
0.99,25945
0.99,26508
0.99,26886
0.99,26671
0.99,26437
0.99,26035
0.99,26452
0.99,26682
0.99,26728
0.99,26774
0.99,26976
0.99,27474
0.99,27382
0.99,26786
0.99,27161
0.99,26944
0.99,25976
0.99,26851
0.99,25829
0.99,25617
0.99,26272
0.99,26512
0.99,26232
0.99,26328
0.99,26935
0.99,26544
0.99,26754
0.99,26819
1.00,27446
1.00,27642
1.00,27566
1.00,27465
1.00,26515
1.00,26613
1.00,26066
1.00,26335
1.00,26553
1.00,26631
1.00,26593
1.00,26893
1.00,26705
1.00,26951
1.00,26969
1.00,27395
1.00,27435
1.00,27879
1.00,28075
1.00,27978
1.00,27857
1.00,27591
1.00,27750
1.00,27747
1.00,27830
1.00,28286
1.00,28305
1.00,27844
1.00,27639
1.00,27739
1.00,27495
1.00,27563
1.00,27358
1.00,27768
1.00,28327
1.00,27940
1.00,27839
1.00,27795
1.00,27235
1.00,27305
1.00,27438
1.00,27502
1.00,27280
1.00,25354
1.00,25313
1.00,24527
1.00,24618
1.00,24770
1.00,24121
1.00,24748
1.00,23392
1.00,23313
1.00,24444
1.00,23936
1.01,24123
1.01,24023
1.01,24335
1.01,23785
1.01,24098
1.01,24179
1.01,24175
1.01,24179
1.01,23466
1.01,22979
1.01,22293
1.01,22455
1.01,22483
1.01,21948
1.01,22252
1.01,22222
1.01,22065
1.01,22605
1.01,22502
1.01,23211
1.01,23478
1.01,24116
1.01,24173
1.01,23458
1.01,23164
1.01,23071
1.01,23653
1.01,23859
1.01,23735
1.01,24177
1.01,23996
1.01,23964
1.01,24507
1.01,24539
1.01,23822
1.01,23595
1.01,23617
1.01,23672
1.01,23462
1.01,22990
1.01,22817
1.01,21996
1.01,22101
1.02,22009
1.02,21923
1.02,22458
1.02,22830
1.02,22800
1.02,23148
1.02,23848
1.02,24059
1.02,24319
1.02,24795
1.02,24595
1.02,24717
1.02,23793
1.02,23854
1.02,23981
1.02,23974
1.02,23653
1.02,24552
1.02,25102
1.02,25072
1.02,24868
1.02,24642
1.02,24557
1.02,23638
1.02,23614
1.02,24315
1.02,23992
1.02,24367
1.02,24356
1.02,24492
1.02,24291
1.02,24244
1.02,23668
1.02,23797
1.02,24174
1.02,23990
1.02,24156
1.02,24159
1.02,24032
1.02,23949
1.02,24709
1.03,24507
1.03,24180
1.03,23857
1.03,23667
1.03,24174
1.03,24129
1.03,24238
1.03,24494
1.03,24508
1.03,24811
1.03,24816
1.03,24888
1.03,24579
1.03,24297
1.03,24239
1.03,23972
1.03,23606
1.03,23153
1.03,22684
1.03,22722
1.03,22486
1.03,22696
1.03,22894
1.03,22509
1.03,22045
1.03,23070
1.03,22875
1.03,23090
1.03,22946
1.03,23035
1.03,23261
1.03,23960
1.03,24195
1.03,24232
1.03,24223
1.03,23910
1.03,24223
1.03,24208
1.03,24053
1.03,24025
1.03,25055
1.03,24956
1.04,24937
1.04,24713
1.04,24459
1.04,24364
1.04,24383
1.04,24151
1.04,23970
1.04,24070
1.04,24326
1.04,23100
1.04,22159
1.04,22318
1.04,22219
1.04,22791
1.04,23397
1.04,23607
1.04,23527
1.04,23558
1.04,23363
1.04,23582
1.04,23554
1.04,23685
1.04,23606
1.04,23438
1.04,23834
1.04,24446
1.04,25336
1.04,25699
1.04,25900
1.04,25962
1.04,26027
1.04,24746
1.04,24914
1.04,24931
1.04,25563
1.04,25427
1.04,25009
1.04,25137
1.04,25219
1.04,25129
1.04,25585
1.04,25320
1.04,25321
1.04,25663
1.05,25982
1.05,25855
1.05,25699
1.05,24976
1.05,24894
1.05,23989
1.05,23962
1.05,23801
1.05,23372
1.05,22689
1.05,23013
1.05,23002
1.05,22851
1.05,22984
1.05,22808
1.05,23037
1.05,23958
1.05,24045
1.05,23908
1.05,24870
1.05,24707
1.05,24551
1.05,24608
1.05,24577
1.05,23801
1.05,23845
1.05,23454
1.05,23433
1.05,24096
1.05,24131
1.05,24180
1.05,23858
1.05,23868
1.05,23788
1.05,23817
1.05,23612
1.05,23644
1.05,23157
1.05,23404
1.05,23316
1.05,23568
1.06,23425
1.06,23608
1.06,23848
1.06,23895
1.06,24024
1.06,24262
1.06,24598
1.06,24469
1.06,24688
1.06,26356
1.06,26298
1.06,26605
1.06,26448
1.06,27472
1.06,28217
1.06,28356
1.06,28295
1.06,27500
1.06,27387
1.06,27032
1.06,26947
1.06,26828
1.06,27174
1.06,26963
1.06,27006
1.06,26658
1.06,26857
1.06,26294
1.06,26410
1.06,26388
1.06,26631
1.06,25322
1.06,25430
1.06,25606
1.06,26527
1.06,26509
1.06,26546
1.06,26469
1.06,26682
1.06,27742
1.06,27302
1.06,28560
1.06,28693
1.06,28651
1.06,28619
1.06,28710
1.06,27212
1.07,27457
1.07,27380
1.07,27129
1.07,26198
1.07,25617
1.07,25440
1.07,25146
1.07,26075
1.07,25755
1.07,25605
1.07,25589
1.07,26121
1.07,26294
1.07,27015
1.07,26490
1.07,26649
1.07,26525
1.07,26383
1.07,26205
1.07,25896
1.07,25886
1.07,25789
1.07,25310
1.07,25140
1.07,25241
1.07,25261
1.07,25903
1.07,26317
1.07,25613
1.07,25925
1.07,25811
1.07,25501
1.07,26251
1.07,25592
1.07,25481
1.07,25764
1.07,26014
1.07,25013
1.07,24841
1.07,24209
1.07,24253
1.07,23731
1.08,23821
1.08,23101
1.08,22959
1.08,22607
1.08,23258
1.08,23156
1.08,23508
1.08,24105
1.08,24123
1.08,24732
1.08,24393
1.08,24441
1.08,24756
1.08,24478
1.08,24337
1.08,24524
1.08,23788
1.08,23447
1.08,23786
1.08,23716
1.08,23412
1.08,24581
1.08,24072
1.08,24048
1.08,23987
1.08,23259
1.08,23523
1.08,23372
1.08,23844
1.08,23824
1.08,24369
1.08,25508
1.08,25454
1.08,25535
1.08,27004
1.08,27068
1.08,27406
1.08,27415
1.08,27293
1.08,27283
1.09,26793
1.09,26619
1.09,25105
1.09,26356
1.09,26330
1.09,26902
1.09,26873
1.09,26864
1.09,28054
1.09,27464
1.09,27094
1.09,26988
1.09,25995
1.09,25945
1.09,25894
1.09,26112
1.09,26124
1.09,26081
1.09,25946
1.09,25585
1.09,24800
1.09,24808
1.09,25016
1.09,25635
1.09,25620
1.09,25565
1.09,25302
1.09,25240
1.09,25161
1.09,24491
1.09,24925
1.09,24949
1.09,24943
1.09,25202
1.09,25712
1.09,25709
1.09,25484
1.09,25456
1.09,24718
1.09,25576
1.09,25523
1.09,25277
1.10,25901
1.10,25597
1.10,25729
1.10,26222
1.10,26169
1.10,26285
1.10,26228
1.10,25521
1.10,25833
1.10,25836
1.10,24786
1.10,24768
1.10,25003
1.10,25147
1.10,25317
1.10,25867
1.10,25771
1.10,25751
1.10,25616
1.10,25699
1.10,25658
1.10,25716
1.10,25698
1.10,25684
1.10,25621
1.10,25613
1.10,26418
1.10,26417
1.10,25385
1.10,22888
1.10,23084
1.10,22480
1.10,22117
1.10,21656
1.10,21581
1.10,21332
1.10,21496
1.10,21501
1.10,21578
1.10,21563
1.11,22272
1.11,22682
1.11,22632
1.11,22822
1.11,22634
1.11,22756
1.11,22710
1.11,22747
1.11,23220
1.11,23124
1.11,21983
1.11,22231
1.11,23616
1.11,23284
1.11,23213
1.11,22494
1.11,22521
1.11,22566
1.11,22486
1.11,22635
1.11,23351
1.11,22591
1.11,22336
1.11,22284
1.11,22157
1.11,21852
1.11,21361
1.11,21410
1.11,21406
1.11,21458
1.11,21139
1.11,21281
1.11,21285
1.11,20878
1.12,20427
1.12,20763
1.12,20840
1.12,20840
1.12,21079
1.12,22236
1.12,22251
1.12,22107
1.12,22367
1.12,22407
1.12,22246
1.12,22223
1.12,23031
1.12,23103
1.12,23071
1.12,23625
1.12,23592
1.12,22923
1.12,22572
1.12,22474
1.12,22313
1.12,22409
1.12,23043
1.12,23518
1.12,23323
1.12,23340
1.12,23109
1.12,23072
1.12,23082
1.12,22741
1.12,22433
1.12,22522
1.12,22054
1.12,21780
1.12,21798
1.12,22388
1.12,22377
1.12,22350
1.13,22598
1.13,22576
1.13,21466
1.13,20918
1.13,20930
1.13,21958
1.13,22682
1.13,22747
1.13,23776
1.13,23561
1.13,22475
1.13,22512
1.13,22605
1.13,22683
1.13,22710
1.13,22722
1.13,22710
1.13,23004
1.13,23329
1.13,23324
1.13,23992
1.13,23973
1.13,23896
1.13,24230
1.13,24248
1.13,24491
1.13,24924
1.13,25780
1.13,25632
1.13,25072
1.13,25221
1.13,25293
1.13,25425
1.13,24841
1.13,24716
1.13,24398
1.13,24461
1.14,24421
1.14,24212
1.14,24219
1.14,24216
1.14,24156
1.14,24072
1.14,24055
1.14,23653
1.14,22895
1.14,22783
1.14,22783
1.14,23174
1.14,23202
1.14,23251
1.14,23298
1.14,23330
1.14,23856
1.14,23952
1.14,23632
1.14,21145
1.14,21164
1.14,20763
1.14,20934
1.14,21046
1.14,21087
1.14,21074
1.14,22389
1.14,21190
1.14,21318
1.14,20942
1.14,21034
1.14,21030
1.14,20891
1.15,20571
1.15,20357
1.15,20394
1.15,20551
1.15,20925
1.15,21554
1.15,21542
1.15,21554
1.15,20719
1.15,19828
1.15,20280
1.15,20540
1.15,20324
1.15,20451
1.15,18812
1.15,19540
1.15,19525
1.15,19331
1.15,19437
1.15,19189
1.15,19403
1.15,19391
1.15,19590
1.15,19554
1.15,19554
1.15,19631
1.15,19760
1.15,19999
1.15,21665
1.15,21816
1.15,21348
1.15,21450
1.16,21517
1.16,21421
1.16,21773
1.16,21779
1.16,21719
1.16,22028
1.16,21994
1.16,21894
1.16,22097
1.16,22140
1.16,22275
1.16,22355
1.16,21979
1.16,22084
1.16,22031
1.16,21971
1.16,22426
1.16,22450
1.16,22428
1.16,22587
1.16,22911
1.16,23421
1.16,23432
1.16,22720
1.16,22503
1.16,22741
1.16,21393
1.16,20641
1.16,20261
1.16,20043
1.16,19636
1.16,19619
1.17,19659
1.17,19968
1.17,19979
1.17,20085
1.17,19927
1.17,19751
1.17,19562
1.17,19640
1.17,19737
1.17,19597
1.17,19744
1.17,19719
1.17,19479
1.17,19407
1.17,19641
1.17,19668
1.17,19829
1.17,19945
1.17,19922
1.17,19969
1.17,20775
1.18,20593
1.18,20486
1.18,20392
1.18,19960
1.18,20228
1.18,20365
1.18,20406
1.18,20003
1.18,19820
1.18,19236
1.18,19264
1.18,19137
1.18,18937
1.18,19179
1.18,19532
1.18,19512
1.18,19477
1.18,18970
1.18,19022
1.18,19714
1.18,19757
1.18,20179
1.18,20059
1.18,20021
1.18,20250
1.18,19520
1.18,20118
1.18,19887
1.18,19861
1.18,20027
1.19,20458
1.19,20931
1.19,20737
1.19,20720
1.19,20656
1.19,20732
1.19,20831
1.19,21012
1.19,21276
1.19,20449
1.19,20718
1.19,20740
1.19,20708
1.19,20219
1.19,19825
1.19,19760
1.19,19851
1.19,20310
1.19,20545
1.19,20711
1.19,20711
1.19,20789
1.19,20830
1.19,20829
1.19,20839
1.19,20438
1.19,20520
1.19,19923
1.19,19668
1.19,19367
1.19,19226
1.19,19149
1.20,18926
1.20,18640
1.20,18604
1.20,19060
1.20,19141
1.20,19153
1.20,19215
1.20,20079
1.20,20423
1.20,19917
1.20,19958
1.20,19766
1.20,19517
1.20,19137
1.20,19084
1.20,19086
1.20,19056
1.20,18909
1.20,19084
1.20,19151
1.20,19311
1.20,19149
1.20,19248
1.21,19143
1.21,19271
1.21,19193
1.21,19256
1.21,19350
1.21,19378
1.21,19241
1.21,19212
1.21,19325
1.21,19243
1.21,20201
1.21,19570
1.21,19306
1.21,18970
1.21,19211
1.21,19331
1.21,19247
1.21,19626
1.21,19911
1.21,20226
1.21,20323
1.22,20961
1.22,21263
1.22,21214
1.22,21640
1.22,21682
1.22,20508
1.22,20687
1.22,20708
1.22,21083
1.22,21189
1.22,21258
1.22,21017
1.22,20750
1.22,19968
1.22,19837
1.22,20028
1.22,20074
1.22,19969
1.22,20098
1.22,20186
1.22,20516
1.22,20515
1.22,20599
1.22,20860
1.22,20791
1.22,20837
1.23,22002
1.23,21971
1.23,21412
1.23,21353
1.23,20665
1.23,20659
1.23,20610
1.23,20859
1.23,20613
1.23,20618
1.23,20527
1.23,20635
1.23,20400
1.23,20418
1.23,19533
1.23,19580
1.23,19435
1.23,19376
1.23,19275
1.23,19155
1.23,19188
1.23,19090
1.23,19300
1.23,19304
1.23,19552
1.23,19472
1.23,19167
1.24,19168
1.24,19238
1.24,19179
1.24,19125
1.24,19130
1.24,19334
1.24,19264
1.24,19349
1.24,19367
1.24,20082
1.24,20142
1.24,20269
1.24,20558
1.24,20683
1.24,20811
1.24,20888
1.24,20860
1.24,20947
1.24,20858
1.24,20934
1.24,20744
1.24,20748
1.24,20654
1.24,20631
1.24,20975
1.25,21256
1.25,21420
1.25,20801
1.25,20868
1.25,20674
1.25,20670
1.25,20577
1.25,21125
1.25,20965
1.25,20972
1.25,21240
1.25,20676
1.25,20785
1.25,20135
1.25,20512
1.25,19967
1.25,19988
1.25,20665
1.25,20782
1.25,20801
1.25,20793
1.25,20916
1.25,20897
1.25,20742
1.25,20982
1.25,21193
1.26,21112
1.26,21064
1.26,20913
1.26,20897
1.26,20754
1.26,20144
1.26,20095
1.26,20545
1.26,20365
1.26,20118
1.26,20180
1.26,20109
1.26,20290
1.26,20509
1.26,20452
1.26,20406
1.26,20589
1.26,20630
1.26,20593
1.26,20506
1.26,20085
1.26,20363
1.26,20321
1.26,20248
1.26,20346
1.26,20361
1.26,20395
1.26,20577
1.26,20648
1.27,20673
1.27,20693
1.27,20659
1.27,20656
1.27,20544
1.27,20792
1.27,20601
1.27,20576
1.27,20100
1.27,20041
1.27,20037
1.27,19556
1.27,19267
1.27,19247
1.27,19486
1.27,19635
1.27,19426
1.27,19475
1.27,20108
1.27,20149
1.27,20108
1.27,19758
1.27,19986
1.27,20124
1.27,20543
1.28,20551
1.28,19800
1.28,19883
1.28,19894
1.28,20158
1.28,19565
1.28,19379
1.28,19296
1.28,19062
1.28,19021
1.28,18759
1.28,19303
1.28,19798
1.28,19669
1.28,19507
1.28,19547
1.28,19691
1.28,19694
1.28,19866
1.28,19420
1.28,19400
1.28,18894
1.28,18890
1.28,18891
1.29,19298
1.29,19372
1.29,19301
1.29,19145
1.29,18749
1.29,18718
1.29,18802
1.29,18949
1.29,18916
1.29,18638
1.29,18838
1.29,18805
1.29,18809
1.29,18826
1.29,18955
1.29,18924
1.29,19027
1.29,19121
1.29,19212
1.29,19356
1.29,19350
1.29,19373
1.29,18928
1.30,18811
1.30,19028
1.30,18962
1.30,18873
1.30,18833
1.30,18957
1.30,19012
1.30,19464
1.30,19254
1.30,19045
1.30,19200
1.30,19691
1.30,19302
1.30,19206
1.30,19115
1.30,18866
1.30,18004
1.31,18299
1.31,18189
1.31,18142
1.31,18057
1.31,18194
1.31,18072
1.31,17932
1.31,17626
1.31,17949
1.31,18228
1.31,17863
1.31,18070
1.31,18129
1.31,18183
1.31,18041
1.31,17392
1.31,17253
1.31,17112
1.31,17112
1.31,17519
1.32,17112
1.32,16968
1.32,16686
1.32,16935
1.32,17192
1.32,17408
1.32,17383
1.32,17076
1.32,16734
1.32,16413
1.32,16187
1.32,16292
1.32,17146
1.33,17185
1.33,17144
1.33,17457
1.33,17324
1.33,17388
1.33,17625
1.33,17425
1.33,17421
1.33,17697
1.33,18330
1.33,18486
1.33,18458
1.33,18516
1.33,18351
1.33,18317
1.33,18327
1.33,18069
1.33,18060
1.33,18265
1.33,18425
1.33,18541
1.34,18897
1.34,19768
1.34,19875
1.34,19980
1.34,19962
1.34,19832
1.34,20456
1.34,20564
1.34,20495
1.34,20639
1.34,20378
1.34,20137
1.34,20097
1.34,20194
1.34,20057
1.34,19578
1.34,19589
1.34,19835
1.34,19920
1.34,19855
1.34,19793
1.34,19693
1.34,19656
1.34,19942
1.35,20067
1.35,19606
1.35,19304
1.35,19337
1.35,19138
1.35,18836
1.35,19438
1.35,19414
1.35,19459
1.35,19550
1.35,19476
1.35,19635
1.35,19280
1.35,19417
1.35,19424
1.35,19475
1.35,19370
1.35,19378
1.35,19438
1.35,19365
1.35,19158
1.35,18986
1.35,18422
1.35,18111
1.36,18191
1.36,18180
1.36,18445
1.36,18312
1.36,18484
1.36,18332
1.36,18305
1.36,18232
1.36,18209
1.36,18218
1.36,18247
1.36,18323
1.36,17905
1.36,17822
1.36,17831
1.36,17923
1.36,18216
1.36,18169
1.37,18470
1.37,17477
1.37,17715
1.37,17983
1.37,17913
1.37,18142
1.37,18618
1.37,17975
1.37,18437
1.37,18389
1.37,18568
1.37,18747
1.37,18610
1.37,18525
1.37,18490
1.37,18473
1.37,18460
1.38,18539
1.38,18063
1.38,18409
1.38,18077
1.38,17945
1.38,17804
1.38,17482
1.38,17321
1.38,17259
1.38,17126
1.38,17098
1.38,16901
1.38,17080
1.38,16871
1.38,16881
1.38,16928
1.39,16907
1.39,16838
1.39,16719
1.39,16943
1.39,17230
1.39,17253
1.39,17473
1.39,17452
1.39,16889
1.39,16217
1.39,16305
1.40,15838
1.40,15729
1.40,15758
1.40,15697
1.40,15804
1.40,15886
1.40,15506
1.40,15513
1.40,15527
1.40,15465
1.40,15489
1.40,15540
1.40,15489
1.40,15419
1.40,15489
1.40,15575
1.40,15528
1.40,15469
1.40,15591
1.40,15758
1.41,15840
1.41,15894
1.41,15821
1.41,15711
1.41,15289
1.41,15197
1.41,15383
1.41,15934
1.41,15884
1.41,16149
1.41,16107
1.41,16085
1.42,16084
1.42,16185
1.42,16395
1.42,16675
1.42,16441
1.42,16780
1.42,16757
1.42,16705
1.42,16850
1.42,16547
1.42,16681
1.42,17043
1.42,16879
1.42,16944
1.43,16911
1.43,16898
1.43,16917
1.43,17045
1.43,17082
1.43,17878
1.43,17695
1.43,17845
1.43,17695
1.43,17819
1.43,17743
1.43,17625
1.43,17176
1.43,17128
1.43,17140
1.43,17164
1.43,17176
1.43,17221
1.43,17179
1.43,17896
1.43,17952
1.44,17979
1.44,17819
1.44,17855
1.44,17961
1.44,17932
1.44,18512
1.44,18006
1.44,18045
1.44,18029
1.44,18047
1.44,18035
1.44,17999
1.44,17997
1.44,18023
1.44,17913
1.44,17912
1.44,17957
1.44,17992
1.44,17225
1.44,17219
1.45,17264
1.45,16919
1.45,16783
1.45,16949
1.45,17002
1.45,16979
1.45,16758
1.45,16504
1.45,15918
1.45,15607
1.45,15487
1.45,15593
1.45,15338
1.45,15379
1.46,15368
1.46,15320
1.46,15360
1.46,15598
1.46,15668
1.46,15633
1.46,15793
1.46,15977
1.46,16303
1.46,16415
1.46,16707
1.46,16256
1.46,16202
1.46,16217
1.46,15867
1.46,15928
1.47,15837
1.47,15229
1.47,15310
1.47,15711
1.47,15265
1.48,15401
1.48,15744
1.48,15705
1.48,16025
1.48,15775
1.48,15414
1.48,15411
1.48,15345
1.48,15326
1.48,15340
1.48,15204
1.48,15078
1.48,15066
1.48,15067
1.49,15072
1.49,15069
1.49,15244
1.49,15163
1.49,15184
1.49,14978
1.49,14786
1.49,14992
1.50,15116
1.50,15055
1.50,14949
1.50,15025
1.50,14960
1.51,14967
1.51,15010
1.51,15006
1.51,14998
1.51,15006
1.52,15076
1.52,15062
1.52,14870
1.52,14874
1.52,14881
1.52,14874
1.52,14014
1.52,13973
1.53,13866
1.53,13933
1.53,13896
1.53,14116
1.54,14105
1.54,14042
1.54,13993
1.55,13984
1.55,14046
1.55,14121
1.55,14133
1.55,14095
1.55,14388
1.55,14325
1.56,14328
1.56,14287
1.56,14358
1.56,14601
1.56,14510
1.56,14513
1.56,14624
1.56,14595
1.57,14612
1.57,14731
1.57,14825
1.57,14885
1.57,15067
1.57,15012
1.57,15018
1.57,15044
1.57,15032
1.57,14398
1.57,14554
1.57,14555
1.58,14612
1.58,14515
1.58,14433
1.59,14520
1.59,14563
1.59,14394
1.59,13971
1.59,13781
1.59,13896
1.60,13924
1.60,13891
1.60,13738
1.60,13611
1.60,13616
1.60,13575
1.61,13128
1.62,13213
1.62,13038
1.62,13048
1.62,13020
1.63,13060
1.63,13061
1.63,12983
1.63,12980
1.63,13008
1.64,13031
1.64,13159
1.64,13131
1.64,12959
1.65,13078
1.66,13059
1.66,12965
1.66,12844
1.67,12857
1.68,12824
1.68,12927
1.68,12954
1.68,12891
1.68,12904
1.68,12868
1.68,12826
1.68,12724
1.69,12731
1.69,12703
1.69,12753
1.69,12782
1.70,12802
1.70,12887
1.70,12728
1.70,12740
1.70,12740
1.70,12649
1.71,12606
1.71,12630
1.72,12582
1.72,12507
1.72,12464
1.72,12490
1.72,12483
1.73,12601
1.73,12573
1.73,12096
1.73,12230
1.74,12311
1.74,12379
1.74,12399
1.74,12429
1.74,12646
1.74,12681
1.75,12458
1.75,12585
1.75,12623
1.76,12629
1.76,12626
1.77,12630
1.78,12688
1.78,12684
1.78,12766
1.78,12624
1.79,12615
1.79,12512
1.79,12368
1.80,12403
1.80,12483
1.80,12477
1.80,12285
1.80,12290
1.80,12202
1.80,12081
1.81,12039
1.82,11998
1.82,11826
1.83,11832
1.83,11830
1.83,11822
1.83,11754
1.83,11690
1.84,11407
1.84,11446
1.84,11467
1.84,11476
1.85,11461
1.86,11529
1.87,11514
1.87,11465
1.87,11422
1.88,11384
1.89,11398
1.89,11392
1.89,11357
1.90,11227
1.90,11220
1.92,11263
1.93,11275
1.94,11263
1.94,11166
1.94,11095
1.96,11119
1.97,11155
1.97,11155
1.97,10722
1.97,10611
1.98,10650
1.98,10653
1.98,10620
2.00,10622
2.03,10465
2.04,10402
2.05,10425
2.06,10431
2.06,10415
2.06,10470
2.07,10469
2.08,10448
2.11,10465
2.11,10415
2.13,10376
2.13,10364
2.13,10341
2.14,10329
2.15,10271
2.15,10265
2.19,10223
2.19,10143
2.20,10121
2.22,10110
2.25,10111
2.25,10100
2.27,10116
2.29,10109
2.30,10111
2.33,10101
2.34,10111
2.35,10110
2.38,10121
2.38,10111
2.43,10112
2.43,10119
2.44,10093
2.48,9952
2.52,9951
2.54,9948
2.55,9949
2.56,9941
2.65,9940
2.68,9941
2.71,9939
2.73,9868
2.76,9868
2.77,9789
