0.22,25218
0.25,24607
0.28,24218
0.31,23909
0.33,23074
0.34,22627
0.36,22319
0.43,21687
0.45,21272
0.48,21263
0.49,20851
0.51,20781
0.52,20059
0.57,19576
0.61,19443
0.63,18906
0.67,18263
0.73,17951
0.75,17857
0.76,16282
0.90,15976
0.91,15969
0.93,15616
1.01,14860
1.02,14695
1.07,14667
1.08,14291
1.17,14255
1.20,14137
1.22,13871
1.25,13854
1.26,13845
1.31,13687
1.37,13619
1.43,13540
1.44,13477
1.46,13280
1.49,13106
1.52,13093
1.56,12818
1.61,12763
1.62,12674
1.65,12562
1.67,12232
1.85,12157
1.89,11783
1.97,11628
2.12,11323
2.39,11202
2.42,10825
2.50,10781
2.56,10748
2.58,10503
2.66,10417
2.73,10345
2.82,10327
2.87,10275
2.90,10190
2.93,10139
3.00,10015
3.32,9969
3.51,9874
3.86,9868
3.89,9814
4.26,9698
4.35,9626
4.92,9483
5.15,9427
5.32,9408
5.43,9231
5.50,9036
5.52,9023
5.59,8934
7.13,8915
7.16,8876
8.32,8868
8.36,8816
8.57,8812
8.70,8663
