0.21,29228
0.21,29300
0.21,29373
0.21,29179
0.21,29401
0.21,28400
0.21,29013
0.21,28885
0.21,28936
0.21,29170
0.21,28981
0.21,29028
0.21,29408
0.21,27923
0.21,28337
0.21,28861
0.21,28572
0.21,29429
0.21,29060
0.21,29107
0.21,29193
0.21,29279
0.21,29232
0.21,28815
0.21,27554
0.21,27874
0.21,28743
0.21,29101
0.21,29197
0.21,30578
0.21,30615
0.21,29743
0.21,29518
0.21,30387
0.21,30258
0.21,30153
0.21,30078
0.21,30146
0.22,29395
0.22,28687
0.22,29061
0.22,28969
0.22,28050
0.22,28329
0.22,28694
0.22,29169
0.22,28877
0.22,28296
0.22,29377
0.22,29477
0.22,29367
0.22,29552
0.22,29927
0.22,29924
0.22,29794
0.22,29650
0.22,29268
0.22,29163
0.22,28344
0.22,28225
0.22,28220
0.22,28888
0.22,28493
0.22,29704
0.22,29840
0.22,30100
0.22,29718
0.22,30925
0.22,30818
0.22,30874
0.22,31402
0.22,31477
0.22,31110
0.22,29911
0.22,29467
0.22,28776
0.22,29838
0.22,29718
0.22,28891
0.22,28904
0.22,29590
0.22,29398
0.22,29664
0.22,28772
0.22,28601
0.22,28580
0.22,28421
0.22,28745
0.22,29278
0.22,29201
0.22,29185
0.22,29391
0.22,30102
0.22,30763
0.22,30811
0.22,30854
0.22,29779
0.22,29723
0.22,30075
0.22,30527
0.22,31077
0.22,31078
0.22,30381
0.22,30239
0.22,29882
0.22,29892
0.23,28909
0.23,28972
0.23,29298
0.23,28982
0.23,29006
0.23,29006
0.23,28712
0.23,28849
0.23,29563
0.23,29651
0.23,29531
0.23,29589
0.23,29322
0.23,29671
0.23,30013
0.23,29980
0.23,30202
0.23,30525
0.23,30582
0.23,28054
0.23,27313
0.23,27790
0.23,28095
0.23,27977
0.23,27596
0.23,27380
0.23,26961
0.23,27910
0.23,27874
0.23,27956
0.23,28942
0.23,29458
0.23,29402
0.23,30247
0.23,30438
0.23,30423
0.23,30763
0.23,30953
0.23,31162
0.23,30343
0.23,29836
0.23,29190
0.23,29804
0.23,29064
0.23,29157
0.23,29325
0.23,29859
0.23,30081
0.23,29897
0.23,30674
0.23,30242
0.23,29733
0.23,29663
0.23,29587
0.23,30036
0.23,31177
0.23,30928
0.23,29220
0.23,29454
0.23,29112
0.23,28879
0.23,28896
0.23,29502
0.23,30254
0.23,30272
0.24,29904
0.24,30928
0.24,31178
0.24,31152
0.24,31063
0.24,31217
0.24,31517
0.24,31540
0.24,32368
0.24,30987
0.24,30250
0.24,29148
0.24,30642
0.24,30503
0.24,30544
0.24,30548
0.24,30298
0.24,30294
0.24,30683
0.24,30136
0.24,29960
0.24,29205
0.24,29211
0.24,29534
0.24,28448
0.24,28779
0.24,28714
0.24,29486
0.24,29180
0.24,29276
0.24,29952
0.24,29974
0.24,29897
0.24,29021
0.24,29404
0.24,28029
0.24,28371
0.24,28973
0.24,28618
0.24,28013
0.24,27412
0.24,27649
0.24,27565
0.24,28142
0.24,28522
0.24,28546
0.24,29120
0.24,30243
0.24,30092
0.24,29645
0.24,29877
0.24,30131
0.24,29868
0.24,30120
0.24,30367
0.24,30461
0.24,30498
0.24,30222
0.24,29917
0.24,30060
0.24,30261
0.24,30344
0.24,30197
0.24,30645
0.24,31328
0.25,31542
0.25,30517
0.25,29370
0.25,28818
0.25,28899
0.25,28901
0.25,28882
0.25,28650
0.25,28587
0.25,27892
0.25,27875
0.25,27891
0.25,27428
0.25,26921
0.25,26879
0.25,26737
0.25,27318
0.25,27111
0.25,28372
0.25,28499
0.25,28572
0.25,29250
0.25,29195
0.25,30707
0.25,31222
0.25,31847
0.25,32498
0.25,32212
0.25,31970
0.25,31983
0.25,31405
0.25,31334
0.25,31210
0.25,30924
0.25,31388
0.25,31469
0.25,31443
0.25,31933
0.25,31841
0.25,32247
0.25,29074
0.25,29389
0.25,29242
0.25,29197
0.25,29237
0.25,29159
0.25,28797
0.25,29572
0.25,29221
0.25,30214
0.25,29844
0.25,29737
0.25,30043
0.25,29308
0.25,29841
0.25,29793
0.25,29929
0.25,29921
0.25,29807
0.25,30270
0.25,29917
0.25,29262
0.25,29381
0.25,29456
0.25,30835
0.25,29399
0.25,30136
0.26,28235
0.26,29424
0.26,28926
0.26,28926
0.26,28596
0.26,27155
0.26,25801
0.26,26068
0.26,27300
0.26,27836
0.26,28100
0.26,27604
0.26,26490
0.26,26505
0.26,27117
0.26,26847
0.26,27743
0.26,27552
0.26,27544
0.26,27288
0.26,27745
0.26,28188
0.26,28434
0.26,28680
0.26,27810
0.26,27910
0.26,28015
0.26,29515
0.26,29635
0.26,29045
0.26,29964
0.26,29109
0.26,29022
0.26,29436
0.26,29355
0.26,29291
0.26,29222
0.26,29186
0.26,29586
0.26,29768
0.26,29744
0.26,30558
0.26,30774
0.26,30608
0.26,29892
0.26,30514
0.26,30235
0.26,30449
0.26,30436
0.26,29941
0.26,30313
0.26,30585
0.26,31171
0.26,32101
0.26,31672
0.26,32055
0.26,30010
0.26,30316
0.26,29133
0.26,29264
0.26,30048
0.26,30028
0.26,30496
0.26,29922
0.26,32347
0.26,32346
0.27,31557
0.27,30752
0.27,30725
0.27,30197
0.27,30245
0.27,28872
0.27,29077
0.27,29242
0.27,28961
0.27,29952
0.27,27723
0.27,27780
0.27,28120
0.27,28559
0.27,28939
0.27,27946
0.27,27917
0.27,27867
0.27,28472
0.27,28588
0.27,28783
0.27,28905
0.27,28728
0.27,28287
0.27,28329
0.27,27760
0.27,27603
0.27,28127
0.27,28167
0.27,28259
0.27,27955
0.27,29048
0.27,29907
0.27,29875
0.27,30210
0.27,29774
0.27,29295
0.27,29534
0.27,27999
0.27,27996
0.27,28023
0.27,27961
0.27,28341
0.27,28402
0.27,28358
0.27,28350
0.27,28889
0.27,28923
0.27,28842
0.27,28503
0.27,28571
0.27,28255
0.27,28345
0.27,28343
0.27,28505
0.27,29856
0.27,29790
0.27,29989
0.27,30031
0.27,29760
0.27,27470
0.27,27137
0.27,27211
0.27,27177
0.27,27183
0.27,27236
0.28,27185
0.28,29494
0.28,29575
0.28,29587
0.28,30308
0.28,30391
0.28,30411
0.28,29756
0.28,30205
0.28,30042
0.28,30049
0.28,30055
0.28,30069
0.28,30183
0.28,30116
0.28,30133
0.28,29972
0.28,28412
0.28,28359
0.28,28329
0.28,29931
0.28,29013
0.28,29525
0.28,29457
0.28,28910
0.28,28900
0.28,30648
0.28,30118
0.28,30418
0.28,30189
0.28,30314
0.28,30227
0.28,30138
0.28,30203
0.28,31176
0.28,31806
0.28,31810
0.28,31700
0.28,31142
0.28,31074
0.28,31320
0.28,30140
0.28,30045
0.28,30085
0.28,30248
0.28,30342
0.28,30787
0.28,31299
0.28,31140
0.28,30985
0.28,31044
0.28,30967
0.28,31004
0.28,31459
0.28,32434
0.28,32652
0.28,32349
0.28,32511
0.28,32633
0.28,31869
0.28,31612
0.28,31258
0.28,31231
0.28,30350
0.28,30038
0.29,29141
0.29,28752
0.29,28207
0.29,28233
0.29,28301
0.29,28469
0.29,27247
0.29,28068
0.29,28102
0.29,29001
0.29,29022
0.29,28974
0.29,29219
0.29,28879
0.29,30570
0.29,31023
0.29,31387
0.29,31424
0.29,30562
0.29,29696
0.29,29520
0.29,30049
0.29,28952
0.29,28904
0.29,28691
0.29,28846
0.29,29443
0.29,29343
0.29,28124
0.29,27491
0.29,28443
0.29,29307
0.29,29353
0.29,29471
0.29,30871
0.29,30811
0.29,30715
0.29,31237
0.29,31239
0.29,30756
0.29,31500
0.29,31620
0.29,31549
0.29,31111
0.29,31449
0.29,31419
0.29,29811
0.29,28640
0.29,28750
0.29,29264
0.29,29618
0.29,29721
0.29,29336
0.29,29885
0.29,29366
0.29,29148
0.29,29296
0.29,30222
0.29,30234
0.29,30242
0.29,30200
0.29,29244
0.30,29885
0.30,30126
0.30,30156
0.30,29796
0.30,30214
0.30,30300
0.30,30128
0.30,29800
0.30,29432
0.30,29092
0.30,29123
0.30,29234
0.30,29581
0.30,29838
0.30,30246
0.30,30191
0.30,29411
0.30,28264
0.30,28219
0.30,28688
0.30,28851
0.30,29145
0.30,29256
0.30,29441
0.30,29640
0.30,29648
0.30,30679
0.30,30365
0.30,29483
0.30,29532
0.30,29912
0.30,30145
0.30,30060
0.30,29564
0.30,29565
0.30,29375
0.30,29016
0.30,29963
0.30,29492
0.30,29460
0.30,29678
0.30,28509
0.30,28309
0.30,27212
0.30,26660
0.30,27035
0.30,27008
0.30,28227
0.30,27407
0.30,27472
0.30,27247
0.30,26895
0.30,26827
0.30,26437
0.30,26864
0.30,26848
0.30,26791
0.30,27016
0.30,29340
0.30,29389
0.30,29280
0.30,28546
0.30,29445
0.30,29554
0.30,28610
0.30,28297
0.30,27352
0.31,27283
0.31,27468
0.31,26764
0.31,26550
0.31,26371
0.31,26052
0.31,25826
0.31,26381
0.31,26734
0.31,26703
0.31,26464
0.31,27413
0.31,25977
0.31,25950
0.31,26513
0.31,27645
0.31,27811
0.31,27488
0.31,28045
0.31,28303
0.31,27762
0.31,28012
0.31,29236
0.31,29835
0.31,29933
0.31,29920
0.31,29712
0.31,29475
0.31,29045
0.31,28409
0.31,28699
0.31,28917
0.31,28959
0.31,28632
0.31,28713
0.31,28571
0.31,28860
0.31,28912
0.31,29431
0.31,28547
0.31,28804
0.31,29012
0.31,28926
0.31,29316
0.31,30127
0.31,30024
0.31,30441
0.31,30784
0.31,30353
0.31,30430
0.31,29172
0.31,28282
0.31,27929
0.31,28642
0.31,28686
0.31,28624
0.31,28447
0.31,28548
0.31,28532
0.31,29898
0.31,29516
0.31,29519
0.31,29361
0.31,28957
0.31,28826
0.31,28140
0.32,27880
0.32,27964
0.32,28853
0.32,28548
0.32,30167
0.32,30415
0.32,30307
0.32,30295
0.32,30974
0.32,30204
0.32,30258
0.32,30388
0.32,29808
0.32,30319
0.32,30680
0.32,30688
0.32,30145
0.32,30232
0.32,30473
0.32,30767
0.32,31339
0.32,31178
0.32,31706
0.32,31726
0.32,31431
0.32,31181
0.32,30609
0.32,29669
0.32,29892
0.32,30088
0.32,29850
0.32,30554
0.32,29717
0.32,31303
0.32,32200
0.32,31881
0.32,31547
0.32,29621
0.32,29570
0.32,29822
0.32,28330
0.32,28569
0.32,29320
0.32,29278
0.32,29085
0.32,28934
0.32,29370
0.32,29394
0.32,30073
0.32,29253
0.32,29182
0.32,28884
0.32,30142
0.32,30275
0.32,30231
0.32,29342
0.32,28645
0.32,29938
0.32,29526
0.32,28114
0.32,28082
0.32,28637
0.32,27047
0.32,26671
0.32,26798
0.32,26950
0.32,27014
0.33,27133
0.33,27511
0.33,27388
0.33,27696
0.33,27050
0.33,27207
0.33,27366
0.33,27289
0.33,28148
0.33,28180
0.33,28240
0.33,28121
0.33,28085
0.33,29251
0.33,29404
0.33,29778
0.33,28221
0.33,28353
0.33,28885
0.33,28832
0.33,28194
0.33,30448
0.33,30412
0.33,29290
0.33,28982
0.33,29810
0.33,29761
0.33,29624
0.33,29452
0.33,29941
0.33,30392
0.33,30465
0.33,30628
0.33,31591
0.33,31706
0.33,31347
0.33,31341
0.33,31601
0.33,31863
0.33,30910
0.33,31604
0.33,31724
0.33,31132
0.33,31072
0.33,30526
0.33,30802
0.33,30491
0.33,30993
0.33,30911
0.33,31025
0.33,30770
0.33,31114
0.33,30860
0.33,30107
0.33,30037
0.33,30048
0.33,29720
0.33,29490
0.33,30098
0.33,30152
0.33,30121
0.33,29548
0.33,29246
0.33,29471
0.34,28843
0.34,28974
0.34,29374
0.34,28799
0.34,29215
0.34,28708
0.34,29162
0.34,28938
0.34,29529
0.34,29626
0.34,28708
0.34,28397
0.34,28264
0.34,28547
0.34,27380
0.34,27583
0.34,27523
0.34,26659
0.34,26947
0.34,27344
0.34,28898
0.34,28450
0.34,28777
0.34,28049
0.34,27758
0.34,27703
0.34,28134
0.34,28099
0.34,29644
0.34,29706
0.34,28948
0.34,29524
0.34,30417
0.34,30417
0.34,30472
0.34,30202
0.34,30048
0.34,30300
0.34,30282
0.34,29732
0.34,29689
0.34,29890
0.34,29681
0.34,29776
0.34,29095
0.34,28963
0.34,29048
0.34,29225
0.34,29162
0.34,29584
0.34,29317
0.34,29339
0.34,28702
0.34,26933
0.34,26469
0.34,26685
0.34,26805
0.34,27685
0.34,27576
0.34,27612
0.34,28788
0.34,28443
0.34,28350
0.34,28574
0.34,28611
0.34,28993
0.35,29203
0.35,29067
0.35,28562
0.35,28188
0.35,28312
0.35,28434
0.35,29052
0.35,30218
0.35,30153
0.35,30054
0.35,30261
0.35,30223
0.35,30033
0.35,29737
0.35,29485
0.35,29628
0.35,30513
0.35,30396
0.35,30398
0.35,30529
0.35,30756
0.35,30728
0.35,30536
0.35,28777
0.35,28689
0.35,28910
0.35,29882
0.35,28341
0.35,28367
0.35,27743
0.35,27649
0.35,27645
0.35,27227
0.35,28433
0.35,28883
0.35,28849
0.35,28651
0.35,29519
0.35,29988
0.35,30160
0.35,30079
0.35,31099
0.35,31757
0.35,32050
0.35,31767
0.35,31201
0.35,31211
0.35,31070
0.35,31048
0.35,31402
0.35,30172
0.35,30194
0.35,30193
0.35,30035
0.35,29156
0.35,28987
0.35,29076
0.35,29573
0.35,29580
0.35,30045
0.35,30219
0.36,31144
0.36,30730
0.36,30925
0.36,30974
0.36,30942
0.36,30634
0.36,31493
0.36,31898
0.36,31628
0.36,31858
0.36,32608
0.36,32083
0.36,32244
0.36,31140
0.36,30848
0.36,30954
0.36,31142
0.36,31132
0.36,31005
0.36,30476
0.36,30789
0.36,30212
0.36,30097
0.36,31077
0.36,29222
0.36,29064
0.36,29073
0.36,28982
0.36,28747
0.36,28420
0.36,28584
0.36,28167
0.36,29005
0.36,28946
0.36,28761
0.36,28008
0.36,28390
0.36,28021
0.36,30517
0.36,29695
0.36,29692
0.36,29795
0.36,29689
0.36,29578
0.36,27424
0.36,28420
0.36,29010
0.36,29184
0.36,29224
0.36,29283
0.36,27660
0.36,26682
0.36,26905
0.36,26843
0.36,26756
0.36,26716
0.36,26614
0.36,26620
0.36,28607
0.36,28307
0.36,28847
0.36,29713
0.36,29287
0.36,29624
0.36,29405
0.36,29239
0.37,29393
0.37,29124
0.37,28574
0.37,28853
0.37,29751
0.37,29043
0.37,30359
0.37,29781
0.37,29455
0.37,29588
0.37,29480
0.37,29202
0.37,29424
0.37,29422
0.37,29344
0.37,29511
0.37,29269
0.37,31289
0.37,31077
0.37,30537
0.37,30616
0.37,30678
0.37,30381
0.37,30079
0.37,29810
0.37,30074
0.37,30414
0.37,30120
0.37,29629
0.37,30017
0.37,29989
0.37,30591
0.37,30402
0.37,30287
0.37,30923
0.37,31017
0.37,30829
0.37,30562
0.37,30755
0.37,31045
0.37,30138
0.37,31699
0.37,30732
0.37,31379
0.37,29395
0.37,28763
0.37,28487
0.37,28975
0.37,29034
0.37,28151
0.37,27863
0.37,27692
0.37,27767
0.37,27460
0.37,27067
0.37,26723
0.37,27059
0.37,27193
0.37,26974
0.37,26397
0.37,26395
0.37,26057
0.37,25655
0.37,25617
0.37,27117
0.37,27541
0.37,27384
0.37,27243
0.38,27475
0.38,27650
0.38,27678
0.38,27365
0.38,27415
0.38,28828
0.38,28684
0.38,29831
0.38,30154
0.38,29767
0.38,29684
0.38,29500
0.38,29551
0.38,29572
0.38,30499
0.38,30341
0.38,30517
0.38,31117
0.38,31348
0.38,31452
0.38,31347
0.38,31931
0.38,31678
0.38,31280
0.38,30741
0.38,30934
0.38,30869
0.38,31120
0.38,30972
0.38,31158
0.38,30735
0.38,30600
0.38,30737
0.38,30397
0.38,30535
0.38,30362
0.38,30364
0.38,28777
0.38,28600
0.38,28496
0.38,28516
0.38,28450
0.38,29164
0.38,29049
0.38,29417
0.38,29559
0.38,29333
0.38,30026
0.38,31332
0.38,31195
0.38,31180
0.38,30927
0.38,30809
0.38,30879
0.38,30693
0.38,30417
0.38,30605
0.38,30143
0.38,30137
0.38,29598
0.38,29835
0.38,29866
0.38,29868
0.38,29292
0.38,29350
0.38,28900
0.39,28307
0.39,28241
0.39,28792
0.39,28946
0.39,28508
0.39,28866
0.39,29004
0.39,29765
0.39,29692
0.39,29610
0.39,29880
0.39,29349
0.39,29352
0.39,29544
0.39,29441
0.39,29700
0.39,29906
0.39,30245
0.39,30216
0.39,29562
0.39,28768
0.39,29118
0.39,29104
0.39,29053
0.39,29309
0.39,29574
0.39,29815
0.39,30032
0.39,29354
0.39,28940
0.39,28653
0.39,28371
0.39,28659
0.39,28685
0.39,28724
0.39,28351
0.39,28504
0.39,27820
0.39,28446
0.39,28405
0.39,28367
0.39,27626
0.39,28841
0.39,28277
0.39,28561
0.39,28537
0.39,28483
0.39,28785
0.39,28032
0.39,28707
0.39,28651
0.39,28744
0.39,29102
0.39,28803
0.39,28965
0.39,28894
0.39,29633
0.39,29201
0.39,29744
0.39,29105
0.39,29868
0.39,28947
0.39,28924
0.39,28316
0.39,28369
0.39,28216
0.39,27877
0.39,28030
0.40,27652
0.40,28300
0.40,28969
0.40,28446
0.40,28537
0.40,28716
0.40,28724
0.40,28294
0.40,28507
0.40,28193
0.40,28663
0.40,28714
0.40,27696
0.40,27716
0.40,27699
0.40,27695
0.40,28427
0.40,28261
0.40,27917
0.40,28157
0.40,26951
0.40,26046
0.40,26471
0.40,25821
0.40,26411
0.40,26138
0.40,25977
0.40,27098
0.40,27139
0.40,27229
0.40,26757
0.40,27081
0.40,26707
0.40,28317
0.40,28295
0.40,28531
0.40,28722
0.40,28716
0.40,29423
0.40,29809
0.40,30521
0.40,31184
0.40,31876
0.40,32277
0.40,31773
0.40,31514
0.40,31605
0.40,31097
0.40,30441
0.40,30478
0.40,30327
0.40,31244
0.40,31382
0.40,31577
0.40,29891
0.40,30327
0.40,30160
0.40,30213
0.40,30723
0.40,30452
0.40,30937
0.40,30724
0.40,29883
0.40,28973
0.40,28861
0.41,28830
0.41,28865
0.41,29400
0.41,29344
0.41,30121
0.41,30144
0.41,30350
0.41,30001
0.41,28846
0.41,29060
0.41,30316
0.41,29725
0.41,31202
0.41,30592
0.41,30482
0.41,30486
0.41,30364
0.41,31375
0.41,31527
0.41,31033
0.41,30478
0.41,30424
0.41,30545
0.41,30889
0.41,30847
0.41,31292
0.41,31420
0.41,31088
0.41,31490
0.41,31867
0.41,31179
0.41,31001
0.41,30954
0.41,31264
0.41,31355
0.41,31419
0.41,30797
0.41,31137
0.41,30745
0.41,30755
0.41,29402
0.41,29230
0.41,29155
0.41,29253
0.41,29382
0.41,29431
0.41,28637
0.41,29017
0.41,29050
0.41,29136
0.41,28955
0.41,28582
0.41,28492
0.41,27872
0.41,28276
0.41,28196
0.41,28024
0.41,28185
0.41,28507
0.41,28645
0.41,27629
0.41,27446
0.41,28753
0.41,28977
0.41,28806
0.41,28966
0.42,28840
0.42,28820
0.42,28800
0.42,29072
0.42,28973
0.42,29345
0.42,29079
0.42,30656
0.42,30284
0.42,30321
0.42,30356
0.42,30326
0.42,30351
0.42,30412
0.42,30156
0.42,29219
0.42,29154
0.42,29356
0.42,29414
0.42,29343
0.42,29386
0.42,29280
0.42,29273
0.42,29265
0.42,29285
0.42,28877
0.42,29088
0.42,30003
0.42,30129
0.42,30057
0.42,30049
0.42,29997
0.42,29575
0.42,29561
0.42,29779
0.42,29756
0.42,29425
0.42,30412
0.42,30793
0.42,30683
0.42,30342
0.42,30271
0.42,29717
0.42,29703
0.42,31140
0.42,31580
0.42,31035
0.42,31166
0.42,30381
0.42,30545
0.42,30595
0.42,30990
0.42,31014
0.42,29908
0.42,29293
0.42,28925
0.42,29729
0.42,29419
0.42,29884
0.42,30773
0.42,29692
0.42,29573
0.42,30120
0.42,29599
0.42,29608
0.42,29280
0.42,30555
0.43,30548
0.43,30370
0.43,31816
0.43,31828
0.43,30915
0.43,30894
0.43,30897
0.43,30632
0.43,29862
0.43,29966
0.43,29946
0.43,30220
0.43,31520
0.43,31478
0.43,31679
0.43,32293
0.43,32870
0.43,32857
0.43,32467
0.43,32036
0.43,31524
0.43,31714
0.43,30510
0.43,30452
0.43,30032
0.43,27719
0.43,27748
0.43,27494
0.43,28290
0.43,28338
0.43,27567
0.43,27945
0.43,27852
0.43,28976
0.43,29049
0.43,29946
0.43,30219
0.43,31211
0.43,30405
0.43,30129
0.43,30003
0.43,30460
0.43,29325
0.43,29581
0.43,29228
0.43,29148
0.43,29160
0.43,29432
0.43,29597
0.43,29077
0.43,29355
0.43,29101
0.43,29478
0.43,29581
0.43,28616
0.43,29471
0.43,30000
0.43,29414
0.43,29397
0.43,29188
0.43,29133
0.43,28080
0.43,26174
0.43,24574
0.43,26472
0.44,26127
0.44,26264
0.44,27149
0.44,27908
0.44,27600
0.44,27097
0.44,28760
0.44,28982
0.44,28099
0.44,28086
0.44,27457
0.44,25935
0.44,25899
0.44,27421
0.44,27665
0.44,26930
0.44,26467
0.44,26269
0.44,26310
0.44,26701
0.44,26721
0.44,26573
0.44,27174
0.44,26702
0.44,28558
0.44,27791
0.44,27525
0.44,27661
0.44,27799
0.44,28616
0.44,30488
0.44,30179
0.44,30198
0.44,30241
0.44,29922
0.44,30080
0.44,29592
0.44,29847
0.44,30292
0.44,30202
0.44,30348
0.44,30593
0.44,28861
0.44,29159
0.44,28683
0.44,28648
0.44,29095
0.44,29003
0.44,28940
0.44,29244
0.44,29350
0.44,29008
0.44,28698
0.44,28180
0.44,28163
0.44,27944
0.44,27865
0.44,27855
0.44,30140
0.44,29774
0.44,31725
0.44,31816
0.44,31945
0.44,31939
0.44,31910
0.44,32014
0.45,32183
0.45,32059
0.45,31912
0.45,29628
0.45,29654
0.45,29489
0.45,29422
0.45,29474
0.45,28493
0.45,28559
0.45,28569
0.45,28658
0.45,28967
0.45,28821
0.45,29342
0.45,29376
0.45,29569
0.45,28867
0.45,28798
0.45,28702
0.45,28809
0.45,28808
0.45,28716
0.45,28262
0.45,28371
0.45,28556
0.45,28057
0.45,27873
0.45,27966
0.45,27592
0.45,27583
0.45,29238
0.45,29188
0.45,28602
0.45,28847
0.45,29028
0.45,28983
0.45,30594
0.45,30677
0.45,30920
0.45,30961
0.45,30725
0.45,31141
0.45,31184
0.45,31202
0.45,30806
0.45,30780
0.45,30114
0.45,30550
0.45,30320
0.45,29188
0.45,29184
0.45,30361
0.45,30516
0.45,29972
0.45,30265
0.45,30099
0.45,30240
0.45,29842
0.45,29605
0.45,29615
0.45,29176
0.45,27318
0.45,26992
0.45,26846
0.45,28695
0.46,28947
0.46,30084
0.46,29259
0.46,29251
0.46,29579
0.46,29727
0.46,29612
0.46,30817
0.46,30624
0.46,30390
0.46,30528
0.46,30294
0.46,30146
0.46,29625
0.46,29856
0.46,29739
0.46,29708
0.46,29317
0.46,29945
0.46,30305
0.46,31148
0.46,31758
0.46,31818
0.46,31913
0.46,31895
0.46,31544
0.46,31346
0.46,32249
0.46,32430
0.46,32238
0.46,31906
0.46,31992
0.46,32422
0.46,32388
0.46,32496
0.46,32795
0.46,32536
0.46,32996
0.46,33036
0.46,33100
0.46,33150
0.46,33236
0.46,32876
0.46,32376
0.46,31848
0.46,31679
0.46,32038
0.46,32000
0.46,31753
0.46,31029
0.46,31373
0.46,30119
0.46,29464
0.46,29489
0.46,29543
0.46,29614
0.46,29455
0.46,29444
0.46,29411
0.46,29265
0.46,29772
0.46,29610
0.46,29238
0.46,29836
0.46,30811
0.46,30268
0.46,30268
0.47,30661
0.47,32351
0.47,32722
0.47,33217
0.47,33122
0.47,32790
0.47,32924
0.47,32724
0.47,32064
0.47,32258
0.47,32783
0.47,33701
0.47,33747
0.47,34274
0.47,34247
0.47,34544
0.47,34665
0.47,34548
0.47,33557
0.47,32179
0.47,31011
0.47,30578
0.47,30732
0.47,31874
0.47,30656
0.47,30987
0.47,30684
0.47,30880
0.47,30864
0.47,30860
0.47,30924
0.47,31049
0.47,31014
0.47,30317
0.47,30811
0.47,30598
0.47,29892
0.47,30327
0.47,31555
0.47,32146
0.47,32940
0.47,33032
0.47,33555
0.47,32964
0.47,32794
0.47,31338
0.47,31834
0.47,30721
0.47,31269
0.47,31316
0.47,30756
0.47,30834
0.47,30972
0.47,30839
0.47,30819
0.47,30907
0.47,30419
0.47,30432
0.47,30311
0.47,30269
0.47,29969
0.47,29452
0.47,29315
0.47,29431
0.47,29084
0.47,27899
0.47,28073
0.47,26882
0.48,26930
0.48,26922
0.48,26488
0.48,26275
0.48,26816
0.48,26834
0.48,26582
0.48,27414
0.48,26809
0.48,26737
0.48,26803
0.48,26830
0.48,26789
0.48,26756
0.48,28324
0.48,29638
0.48,29621
0.48,29014
0.48,29172
0.48,28319
0.48,29428
0.48,29064
0.48,28548
0.48,28549
0.48,28422
0.48,27846
0.48,28403
0.48,27847
0.48,28131
0.48,27755
0.48,27675
0.48,27704
0.48,27561
0.48,28612
0.48,28257
0.48,28803
0.48,28718
0.48,28697
0.48,28932
0.48,28837
0.48,29356
0.48,30283
0.48,30464
0.48,30083
0.48,29225
0.48,29145
0.48,28328
0.48,28834
0.48,28325
0.48,27499
0.48,27460
0.48,28146
0.48,28197
0.48,27922
0.48,27887
0.48,27917
0.48,27757
0.48,27586
0.48,27636
0.48,27629
0.48,27521
0.48,28190
0.48,29373
0.48,29687
0.48,27645
0.48,29360
0.48,29912
0.49,30077
0.49,30317
0.49,30747
0.49,31008
0.49,29750
0.49,29489
0.49,29557
0.49,30247
0.49,30168
0.49,30138
0.49,30334
0.49,30142
0.49,30066
0.49,30560
0.49,30084
0.49,30336
0.49,30371
0.49,29466
0.49,28890
0.49,26149
0.49,25410
0.49,24807
0.49,24753
0.49,24293
0.49,23933
0.49,23883
0.49,24764
0.49,24353
0.49,24969
0.49,26510
0.49,25951
0.49,25904
0.49,25854
0.49,26390
0.49,26913
0.49,27103
0.49,27145
0.49,26840
0.49,27122
0.49,27498
0.49,28330
0.49,29554
0.49,29634
0.49,29234
0.49,27901
0.49,28623
0.49,28542
0.49,29128
0.49,28366
0.49,30600
0.49,30431
0.49,30518
0.49,30564
0.49,29911
0.49,30833
0.49,30845
0.49,30779
0.49,30477
0.49,30120
0.49,30295
0.49,29866
0.49,28999
0.49,28939
0.49,29189
0.49,28964
0.49,29550
0.49,29859
0.50,29990
0.50,30150
0.50,30368
0.50,30219
0.50,29453
0.50,29854
0.50,29519
0.50,29515
0.50,28854
0.50,30053
0.50,29952
0.50,30236
0.50,29259
0.50,29299
0.50,28328
0.50,29225
0.50,29342
0.50,29631
0.50,29778
0.50,28993
0.50,28926
0.50,28809
0.50,28577
0.50,28551
0.50,28912
0.50,28212
0.50,28873
0.50,28883
0.50,28595
0.50,28468
0.50,26148
0.50,26904
0.50,27548
0.50,27511
0.50,27769
0.50,27501
0.50,27482
0.50,27175
0.50,27131
0.50,27039
0.50,26636
0.50,26195
0.50,26781
0.50,28433
0.50,29678
0.50,29176
0.50,29176
0.50,29292
0.50,29371
0.50,29333
0.50,29091
0.50,29240
0.50,29246
0.50,30205
0.50,30107
0.50,28443
0.50,28509
0.50,28442
0.50,28029
0.50,28663
0.50,28194
0.50,27419
0.50,28259
0.50,28239
0.50,29087
0.51,29256
0.51,28993
0.51,29301
0.51,28663
0.51,27007
0.51,27068
0.51,26996
0.51,24773
0.51,24741
0.51,23336
0.51,24136
0.51,24595
0.51,24549
0.51,23232
0.51,23127
0.51,23308
0.51,23878
0.51,24770
0.51,24545
0.51,25161
0.51,24800
0.51,26523
0.51,26778
0.51,26714
0.51,26741
0.51,26283
0.51,26256
0.51,26894
0.51,30604
0.51,30660
0.51,30681
0.51,30348
0.51,30319
0.51,29099
0.51,28728
0.51,28780
0.51,29246
0.51,29788
0.51,29119
0.51,29215
0.51,29207
0.51,29794
0.51,29703
0.51,29840
0.51,29978
0.51,29973
0.51,30227
0.51,29778
0.51,29853
0.51,29887
0.51,30147
0.51,29177
0.51,29498
0.51,28916
0.51,28647
0.51,28011
0.51,27569
0.51,27561
0.51,27476
0.51,27390
0.51,26382
0.51,28411
0.51,29630
0.52,29736
0.52,28632
0.52,28875
0.52,29053
0.52,29537
0.52,29482
0.52,28767
0.52,28868
0.52,29486
0.52,28917
0.52,29204
0.52,29447
0.52,29088
0.52,28887
0.52,28679
0.52,29642
0.52,30301
0.52,30380
0.52,30366
0.52,30348
0.52,30587
0.52,30623
0.52,30566
0.52,30060
0.52,29494
0.52,29437
0.52,29276
0.52,29393
0.52,29516
0.52,30114
0.52,29483
0.52,29137
0.52,29076
0.52,29490
0.52,29834
0.52,29808
0.52,29680
0.52,29120
0.52,29978
0.52,29480
0.52,29474
0.52,29558
0.52,29448
0.52,29997
0.52,30302
0.52,30319
0.52,30144
0.52,30383
0.52,30807
0.52,30655
0.52,29978
0.52,29906
0.52,29339
0.52,29341
0.52,29502
0.52,29482
0.52,29358
0.52,28781
0.52,28548
0.52,28575
0.52,28143
0.52,27978
0.52,27981
0.52,28794
0.52,28870
0.53,28981
0.53,30743
0.53,30691
0.53,30939
0.53,30929
0.53,30727
0.53,31173
0.53,30853
0.53,30886
0.53,31160
0.53,31144
0.53,31268
0.53,31270
0.53,31340
0.53,31861
0.53,31874
0.53,30794
0.53,30556
0.53,30701
0.53,29804
0.53,31039
0.53,30907
0.53,30804
0.53,31159
0.53,29458
0.53,29267
0.53,29338
0.53,29031
0.53,28948
0.53,28735
0.53,27835
0.53,28347
0.53,28386
0.53,28197
0.53,29164
0.53,29568
0.53,30202
0.53,29984
0.53,29813
0.53,29798
0.53,29745
0.53,29394
0.53,29465
0.53,29246
0.53,29183
0.53,29853
0.53,29470
0.53,29614
0.53,30045
0.53,29955
0.53,30268
0.53,30235
0.53,30318
0.53,30756
0.53,30831
0.53,31180
0.53,31222
0.53,31154
0.53,30730
0.53,29478
0.53,29251
0.54,29277
0.54,29317
0.54,29565
0.54,28332
0.54,28154
0.54,27996
0.54,27536
0.54,27463
0.54,27552
0.54,27431
0.54,27921
0.54,28444
0.54,29262
0.54,29164
0.54,29208
0.54,29868
0.54,29844
0.54,29042
0.54,28834
0.54,27383
0.54,27420
0.54,27620
0.54,28163
0.54,28317
0.54,27885
0.54,27592
0.54,28185
0.54,28256
0.54,29608
0.54,30637
0.54,31100
0.54,30909
0.54,30965
0.54,30908
0.54,31090
0.54,31373
0.54,31360
0.54,31332
0.54,31155
0.54,31142
0.54,31678
0.54,30954
0.54,30902
0.54,30718
0.54,30375
0.54,30356
0.54,30420
0.54,30078
0.54,30004
0.54,30827
0.54,30669
0.54,29738
0.54,30845
0.54,30479
0.54,30748
0.54,29868
0.54,29887
0.54,30528
0.54,30499
0.54,30249
0.54,29923
0.54,29814
0.55,30011
0.55,29842
0.55,29733
0.55,31605
0.55,31710
0.55,31592
0.55,31461
0.55,29168
0.55,29158
0.55,28846
0.55,30002
0.55,29480
0.55,29540
0.55,30094
0.55,28967
0.55,28775
0.55,28996
0.55,30597
0.55,30362
0.55,30024
0.55,29909
0.55,30570
0.55,30176
0.55,30682
0.55,30150
0.55,30618
0.55,30764
0.55,29851
0.55,29956
0.55,30128
0.55,30175
0.55,30381
0.55,30592
0.55,30587
0.55,30909
0.55,31167
0.55,32523
0.55,32357
0.55,32628
0.55,32779
0.55,32740
0.55,32293
0.55,32131
0.55,31842
0.55,31801
0.55,31044
0.55,31174
0.55,31344
0.55,30970
0.55,30454
0.55,30712
0.55,30369
0.55,30896
0.55,30271
0.55,29672
0.55,29599
0.55,29421
0.55,29637
0.55,29118
0.55,28924
0.55,28243
0.55,27780
0.56,27668
0.56,27300
0.56,27518
0.56,27131
0.56,27216
0.56,27392
0.56,28362
0.56,28451
0.56,28148
0.56,28049
0.56,27463
0.56,27274
0.56,28156
0.56,27900
0.56,28332
0.56,28196
0.56,26785
0.56,26373
0.56,25935
0.56,26711
0.56,26697
0.56,26681
0.56,26684
0.56,26240
0.56,25940
0.56,26555
0.56,26481
0.56,26679
0.56,27078
0.56,27129
0.56,27498
0.56,28920
0.56,29198
0.56,29371
0.56,29995
0.56,29303
0.56,28137
0.56,29223
0.56,29154
0.56,29095
0.56,28936
0.56,28880
0.56,29089
0.56,29565
0.56,29386
0.56,29358
0.56,29495
0.56,29255
0.56,28887
0.56,28648
0.56,29734
0.56,29436
0.56,29786
0.56,31086
0.56,31291
0.56,31571
0.56,30780
0.56,30188
0.56,30442
0.56,30907
0.56,30426
0.56,30717
0.56,30808
0.57,28538
0.57,28497
0.57,28123
0.57,27955
0.57,27791
0.57,27832
0.57,26779
0.57,26826
0.57,27169
0.57,26329
0.57,26408
0.57,26767
0.57,26967
0.57,26830
0.57,27589
0.57,27664
0.57,27560
0.57,27064
0.57,27930
0.57,27569
0.57,27862
0.57,28648
0.57,28786
0.57,28671
0.57,28472
0.57,28186
0.57,28961
0.57,29480
0.57,30308
0.57,29537
0.57,29274
0.57,29623
0.57,29524
0.57,30087
0.57,30259
0.57,30066
0.57,29971
0.57,30307
0.57,30151
0.57,30090
0.57,29556
0.57,29149
0.57,29233
0.57,29720
0.57,29193
0.57,29513
0.57,28608
0.57,28390
0.57,28966
0.57,28467
0.57,28595
0.57,28452
0.57,29202
0.57,29161
0.57,28918
0.57,28844
0.57,28738
0.57,28275
0.57,28653
0.57,27472
0.58,28436
0.58,28505
0.58,27696
0.58,28100
0.58,27686
0.58,27728
0.58,30050
0.58,30103
0.58,31537
0.58,31088
0.58,29864
0.58,29149
0.58,29246
0.58,28318
0.58,28338
0.58,28474
0.58,30422
0.58,30531
0.58,30487
0.58,29861
0.58,30064
0.58,30007
0.58,31438
0.58,30570
0.58,30666
0.58,30691
0.58,30033
0.58,29846
0.58,29679
0.58,30124
0.58,29692
0.58,29409
0.58,29450
0.58,30006
0.58,29884
0.58,29407
0.58,29239
0.58,28891
0.58,28968
0.58,28635
0.58,29520
0.58,29063
0.58,29333
0.58,28519
0.58,28652
0.58,29650
0.58,30196
0.58,29747
0.58,30610
0.58,31080
0.58,31167
0.58,31191
0.58,31178
0.58,31252
0.58,31787
0.58,30966
0.58,30448
0.58,30797
0.58,30350
0.58,30260
0.58,29725
0.58,30294
0.58,31333
0.58,31513
0.58,31764
0.59,32164
0.59,31961
0.59,31789
0.59,31772
0.59,31296
0.59,31336
0.59,31362
0.59,31270
0.59,31664
0.59,32381
0.59,31836
0.59,31539
0.59,32014
0.59,32163
0.59,32211
0.59,32394
0.59,32423
0.59,31989
0.59,31657
0.59,32146
0.59,31725
0.59,30520
0.59,30852
0.59,30076
0.59,30034
0.59,30602
0.59,30652
0.59,31170
0.59,31211
0.59,31261
0.59,31677
0.59,31658
0.59,31278
0.59,31353
0.59,31307
0.59,30031
0.59,30279
0.59,29809
0.59,29167
0.59,28889
0.59,29773
0.59,29444
0.59,30120
0.59,29957
0.59,30160
0.59,30115
0.59,29778
0.59,29290
0.59,28599
0.59,28471
0.59,28675
0.59,28719
0.59,28694
0.59,28532
0.59,28185
0.59,27981
0.59,28089
0.59,28382
0.59,28034
0.59,27912
0.59,27798
0.59,27906
0.59,28898
0.60,29241
0.60,30245
0.60,28661
0.60,28453
0.60,28360
0.60,28830
0.60,28996
0.60,28220
0.60,28165
0.60,27893
0.60,28026
0.60,28545
0.60,28021
0.60,28178
0.60,28454
0.60,30264
0.60,29560
0.60,29118
0.60,29154
0.60,29699
0.60,29875
0.60,30112
0.60,29134
0.60,29200
0.60,29738
0.60,29208
0.60,28750
0.60,26812
0.60,26255
0.60,26270
0.60,26262
0.60,26288
0.60,25721
0.60,26076
0.60,25553
0.60,26013
0.60,27464
0.60,26926
0.60,27186
0.60,27052
0.60,27371
0.60,27421
0.60,28320
0.60,28476
0.60,28176
0.60,28193
0.60,29104
0.60,29790
0.60,29323
0.60,28754
0.60,29142
0.60,28866
0.60,28696
0.60,28341
0.60,28403
0.60,28515
0.60,29036
0.60,29107
0.60,29702
0.60,29288
0.60,30074
0.60,30046
0.61,29851
0.61,30132
0.61,29381
0.61,29378
0.61,29752
0.61,29829
0.61,30327
0.61,30426
0.61,31218
0.61,30666
0.61,30806
0.61,30665
0.61,30758
0.61,29859
0.61,30067
0.61,30142
0.61,30151
0.61,30546
0.61,30570
0.61,30522
0.61,30303
0.61,30281
0.61,30558
0.61,30595
0.61,31021
0.61,29848
0.61,29840
0.61,29575
0.61,29613
0.61,28868
0.61,29710
0.61,29966
0.61,30267
0.61,30545
0.61,30781
0.61,29494
0.61,30029
0.61,30307
0.61,30324
0.61,29957
0.61,29237
0.61,30898
0.61,30736
0.61,29861
0.61,28283
0.61,27955
0.61,28096
0.61,28535
0.61,29194
0.61,29278
0.61,29127
0.61,29130
0.61,29178
0.61,28770
0.61,28431
0.61,28306
0.61,28652
0.61,29678
0.61,30243
0.61,28992
0.61,29398
0.61,29688
0.62,30176
0.62,29972
0.62,29566
0.62,30147
0.62,30685
0.62,30676
0.62,30391
0.62,30325
0.62,30195
0.62,30329
0.62,30222
0.62,30169
0.62,30154
0.62,30179
0.62,30542
0.62,30441
0.62,30033
0.62,30131
0.62,30786
0.62,30895
0.62,30988
0.62,31224
0.62,30921
0.62,31153
0.62,30801
0.62,31132
0.62,31000
0.62,30474
0.62,30656
0.62,30548
0.62,30191
0.62,30624
0.62,30814
0.62,30528
0.62,29519
0.62,29742
0.62,29560
0.62,29820
0.62,29954
0.62,29511
0.62,29387
0.62,28645
0.62,28173
0.62,27828
0.62,27774
0.62,25719
0.62,26321
0.62,26764
0.62,27483
0.62,27515
0.62,27555
0.62,28662
0.62,28519
0.62,29551
0.62,29560
0.62,29599
0.62,29321
0.62,29938
0.62,29818
0.62,29992
0.62,29636
0.62,30174
0.62,30775
0.62,31904
0.62,32083
0.63,32676
0.63,31399
0.63,31201
0.63,30127
0.63,30058
0.63,30005
0.63,30074
0.63,31084
0.63,31058
0.63,31104
0.63,31066
0.63,30783
0.63,30643
0.63,30596
0.63,30905
0.63,29689
0.63,29422
0.63,29652
0.63,29398
0.63,28957
0.63,28911
0.63,28939
0.63,27883
0.63,27345
0.63,27032
0.63,27309
0.63,27963
0.63,28802
0.63,30329
0.63,29490
0.63,29050
0.63,27406
0.63,26527
0.63,26597
0.63,26669
0.63,27214
0.63,28820
0.63,29604
0.63,28604
0.63,28831
0.63,28428
0.63,28639
0.63,29177
0.63,29140
0.63,31032
0.63,31579
0.63,31763
0.63,31156
0.63,31321
0.63,29767
0.63,29781
0.63,30062
0.63,30088
0.63,29310
0.63,29953
0.63,28467
0.63,28472
0.63,27916
0.63,27443
0.63,28279
0.63,28411
0.63,28729
0.63,28716
0.63,30185
0.64,30161
0.64,29826
0.64,30363
0.64,30497
0.64,30237
0.64,29879
0.64,30978
0.64,31296
0.64,30341
0.64,30220
0.64,30456
0.64,30125
0.64,30292
0.64,30263
0.64,30203
0.64,30177
0.64,30082
0.64,28747
0.64,28976
0.64,29036
0.64,28691
0.64,28619
0.64,29014
0.64,29052
0.64,29812
0.64,30410
0.64,30068
0.64,29552
0.64,29934
0.64,29869
0.64,30357
0.64,30523
0.64,30413
0.64,30297
0.64,30293
0.64,31708
0.64,30743
0.64,30614
0.64,30444
0.64,30032
0.64,30333
0.64,29890
0.64,30589
0.64,30617
0.64,30521
0.64,29200
0.64,29275
0.64,29723
0.64,29657
0.64,28827
0.64,29727
0.64,28954
0.64,28892
0.64,29076
0.64,29062
0.64,28588
0.64,28103
0.64,28037
0.64,26750
0.64,26834
0.65,27213
0.65,27056
0.65,27279
0.65,25794
0.65,26039
0.65,28429
0.65,28888
0.65,28496
0.65,27768
0.65,27836
0.65,27722
0.65,27624
0.65,27766
0.65,27830
0.65,27614
0.65,26889
0.65,26454
0.65,25475
0.65,25538
0.65,25360
0.65,26430
0.65,26708
0.65,26767
0.65,26776
0.65,26501
0.65,26704
0.65,27557
0.65,26236
0.65,26578
0.65,27033
0.65,26177
0.65,26611
0.65,26197
0.65,26213
0.65,26886
0.65,26743
0.65,28168
0.65,28706
0.65,30108
0.65,30523
0.65,28299
0.65,28487
0.65,29351
0.65,29745
0.65,30706
0.65,30373
0.65,30053
0.65,28702
0.65,28390
0.65,29133
0.65,29178
0.65,29026
0.65,29985
0.65,29892
0.65,29870
0.65,29735
0.65,29573
0.65,31700
0.65,31490
0.65,31471
0.65,31497
0.65,31496
0.66,31989
0.66,31987
0.66,32718
0.66,32718
0.66,32711
0.66,33050
0.66,33189
0.66,32051
0.66,32185
0.66,32131
0.66,32002
0.66,32000
0.66,32249
0.66,31815
0.66,32028
0.66,31734
0.66,32101
0.66,31350
0.66,30344
0.66,29840
0.66,29185
0.66,29189
0.66,29249
0.66,29243
0.66,29162
0.66,28610
0.66,29006
0.66,29720
0.66,30606
0.66,30901
0.66,31092
0.66,31634
0.66,32134
0.66,32085
0.66,32270
0.66,32381
0.66,31888
0.66,32258
0.66,32189
0.66,31765
0.66,32126
0.66,31775
0.66,31487
0.66,31998
0.66,30866
0.66,31162
0.66,31051
0.66,30974
0.66,30980
0.66,30862
0.66,30375
0.66,30027
0.66,29422
0.66,30170
0.66,30391
0.66,30431
0.66,30483
0.66,31112
0.66,31251
0.66,30510
0.66,29559
0.66,29361
0.66,29719
0.66,29923
0.66,29551
0.66,29573
0.67,29557
0.67,29389
0.67,28753
0.67,26461
0.67,27612
0.67,27220
0.67,27204
0.67,26881
0.67,26834
0.67,26795
0.67,26737
0.67,26928
0.67,26404
0.67,26467
0.67,27685
0.67,28707
0.67,28450
0.67,28725
0.67,28762
0.67,28761
0.67,28737
0.67,27803
0.67,27688
0.67,27980
0.67,28797
0.67,29485
0.67,29440
0.67,28991
0.67,29258
0.67,29080
0.67,29866
0.67,29766
0.67,28913
0.67,29494
0.67,29548
0.67,30476
0.67,31007
0.67,30724
0.67,30854
0.67,30917
0.67,30810
0.67,30852
0.67,32376
0.67,31970
0.67,32083
0.67,32305
0.67,29461
0.67,27560
0.67,26616
0.67,27532
0.67,27957
0.67,27096
0.67,26941
0.67,27125
0.67,26764
0.67,27117
0.67,27956
0.67,27759
0.67,28039
0.67,28172
0.67,28508
0.68,28762
0.68,30677
0.68,28874
0.68,27731
0.68,27477
0.68,27865
0.68,27648
0.68,27232
0.68,28165
0.68,28410
0.68,28910
0.68,28535
0.68,28876
0.68,28514
0.68,28297
0.68,28339
0.68,29240
0.68,29396
0.68,29286
0.68,28966
0.68,28829
0.68,28848
0.68,29751
0.68,30073
0.68,30083
0.68,30745
0.68,30930
0.68,30442
0.68,29903
0.68,30748
0.68,30774
0.68,30590
0.68,30489
0.68,30533
0.68,30693
0.68,30888
0.68,30786
0.68,31437
0.68,31450
0.68,31362
0.68,31602
0.68,32235
0.68,32766
0.68,32395
0.68,32513
0.68,32795
0.68,32551
0.68,32313
0.68,32033
0.68,31378
0.68,31391
0.68,31268
0.68,30999
0.68,31639
0.68,31743
0.68,31764
0.68,30794
0.68,30890
0.68,30838
0.68,31286
0.68,30391
0.68,30240
0.68,30215
0.68,30904
0.68,30611
0.69,31022
0.69,30748
0.69,30663
0.69,30319
0.69,30437
0.69,30106
0.69,29912
0.69,30882
0.69,32288
0.69,32244
0.69,31329
0.69,30863
0.69,31003
0.69,31266
0.69,30920
0.69,30887
0.69,30950
0.69,30441
0.69,30120
0.69,30435
0.69,30438
0.69,31483
0.69,29974
0.69,30449
0.69,30115
0.69,28718
0.69,28643
0.69,29961
0.69,30122
0.69,29947
0.69,28702
0.69,28624
0.69,29063
0.69,28878
0.69,28903
0.69,29063
0.69,28833
0.69,28554
0.69,28845
0.69,28056
0.69,27778
0.69,27867
0.69,28189
0.69,27854
0.69,28873
0.69,28696
0.69,29199
0.69,29044
0.69,29299
0.69,29280
0.69,29208
0.69,29227
0.69,29046
0.69,28884
0.69,29164
0.69,29236
0.69,29377
0.69,29762
0.69,29882
0.70,30063
0.70,29985
0.70,29599
0.70,29697
0.70,29665
0.70,29035
0.70,29539
0.70,29196
0.70,29157
0.70,29181
0.70,28434
0.70,28822
0.70,28844
0.70,28992
0.70,28825
0.70,28861
0.70,27839
0.70,27267
0.70,27136
0.70,28892
0.70,29487
0.70,30689
0.70,30693
0.70,30397
0.70,30384
0.70,29958
0.70,30110
0.70,29911
0.70,30275
0.70,30264
0.70,30319
0.70,30401
0.70,30598
0.70,30329
0.70,30339
0.70,30994
0.70,31039
0.70,32078
0.70,31940
0.70,31359
0.70,31427
0.70,31361
0.70,31427
0.70,30912
0.70,31007
0.70,30938
0.70,30268
0.70,32174
0.70,31930
0.70,32419
0.70,32620
0.70,32512
0.70,32386
0.70,32175
0.70,32413
0.70,32434
0.70,32253
0.70,32824
0.70,32412
0.70,31269
0.70,31428
0.70,31550
0.70,31640
0.70,31640
0.70,31922
0.70,31910
0.71,31507
0.71,30913
0.71,30225
0.71,30280
0.71,30335
0.71,30933
0.71,30959
0.71,30964
0.71,31177
0.71,30694
0.71,29587
0.71,29890
0.71,28682
0.71,28595
0.71,28744
0.71,30466
0.71,30569
0.71,29174
0.71,28968
0.71,28144
0.71,27821
0.71,28365
0.71,28625
0.71,28730
0.71,28400
0.71,28625
0.71,29388
0.71,29402
0.71,29416
0.71,29246
0.71,28686
0.71,28375
0.71,28464
0.71,28653
0.71,28653
0.71,28320
0.71,28306
0.71,29156
0.71,28669
0.71,29868
0.71,29698
0.71,29861
0.71,29989
0.71,30881
0.71,30031
0.71,29706
0.71,29050
0.71,28544
0.71,28612
0.71,28343
0.71,29262
0.71,28579
0.71,29476
0.71,29327
0.71,29432
0.71,29537
0.71,29472
0.71,29516
0.71,29306
0.71,29463
0.72,29744
0.72,30309
0.72,30307
0.72,28980
0.72,28783
0.72,28360
0.72,28789
0.72,29114
0.72,29285
0.72,28676
0.72,28628
0.72,29235
0.72,29106
0.72,29053
0.72,29075
0.72,29385
0.72,30261
0.72,30259
0.72,30152
0.72,30163
0.72,29214
0.72,29676
0.72,29709
0.72,29415
0.72,30649
0.72,28426
0.72,28360
0.72,28270
0.72,28289
0.72,28764
0.72,28822
0.72,28966
0.72,30049
0.72,30506
0.72,31274
0.72,31026
0.72,31361
0.72,31494
0.72,31083
0.72,31219
0.72,28896
0.72,28519
0.72,28358
0.72,28752
0.72,28596
0.72,28350
0.72,28478
0.72,27532
0.72,27053
0.72,26915
0.72,27027
0.72,26796
0.72,26343
0.72,26257
0.72,25467
0.72,25918
0.72,26530
0.72,27025
0.72,27613
0.72,27998
0.72,28410
0.72,27415
0.72,27041
0.72,26992
0.72,27220
0.73,27296
0.73,27293
0.73,27257
0.73,27717
0.73,27835
0.73,26842
0.73,26968
0.73,25786
0.73,25667
0.73,25917
0.73,25730
0.73,24994
0.73,25721
0.73,25659
0.73,25667
0.73,24898
0.73,24937
0.73,24938
0.73,24995
0.73,24970
0.73,25386
0.73,25528
0.73,25411
0.73,25582
0.73,25992
0.73,26563
0.73,26729
0.73,26584
0.73,26297
0.73,26098
0.73,25130
0.73,25451
0.73,25386
0.73,25418
0.73,26028
0.73,25618
0.73,26484
0.73,26320
0.73,26603
0.73,27047
0.73,26300
0.73,26904
0.73,26913
0.73,26982
0.73,26791
0.73,26765
0.73,26114
0.73,25711
0.73,25722
0.73,26132
0.73,25762
0.73,25761
0.73,26287
0.73,26963
0.73,26356
0.73,26735
0.73,26740
0.74,26519
0.74,26150
0.74,26107
0.74,26320
0.74,25707
0.74,26002
0.74,28252
0.74,28641
0.74,28603
0.74,28303
0.74,28392
0.74,28091
0.74,28391
0.74,28796
0.74,29400
0.74,28937
0.74,28832
0.74,28771
0.74,29368
0.74,29666
0.74,29727
0.74,29936
0.74,29707
0.74,28668
0.74,29001
0.74,28535
0.74,28780
0.74,28347
0.74,26444
0.74,27182
0.74,26721
0.74,27117
0.74,27108
0.74,27158
0.74,27195
0.74,27167
0.74,26445
0.74,27542
0.74,28001
0.74,28581
0.74,28662
0.74,28802
0.74,28982
0.74,28953
0.75,28899
0.75,28849
0.75,28326
0.75,30132
0.75,30205
0.75,30292
0.75,30610
0.75,30587
0.75,30264
0.75,30328
0.75,30523
0.75,30484
0.75,30837
0.75,30642
0.75,29295
0.75,29401
0.75,29321
0.75,29480
0.75,30139
0.75,30111
0.75,30126
0.75,29671
0.75,30046
0.75,30077
0.75,31297
0.75,31142
0.75,30985
0.75,30851
0.75,30651
0.75,30765
0.75,31719
0.75,31945
0.75,32675
0.75,32656
0.75,33415
0.75,33459
0.75,32506
0.75,31482
0.75,31174
0.75,30720
0.75,29749
0.75,29564
0.75,29563
0.75,28161
0.75,28294
0.75,28337
0.75,28233
0.75,28447
0.75,28434
0.75,27534
0.75,27455
0.75,28169
0.75,27775
0.75,27315
0.75,27199
0.75,28510
0.75,28442
0.75,28877
0.75,29014
0.75,29170
0.75,29186
0.75,28979
0.75,28844
0.75,29426
0.75,29542
0.76,29549
0.76,28389
0.76,29306
0.76,29102
0.76,29275
0.76,29307
0.76,29224
0.76,29059
0.76,29025
0.76,28977
0.76,28348
0.76,28243
0.76,28677
0.76,28562
0.76,28681
0.76,29317
0.76,29520
0.76,29232
0.76,28956
0.76,28957
0.76,28992
0.76,29252
0.76,29274
0.76,29204
0.76,29118
0.76,28774
0.76,27893
0.76,27636
0.76,27652
0.76,27600
0.76,27449
0.76,27426
0.76,27421
0.76,27870
0.76,27776
0.76,27667
0.76,27834
0.76,27901
0.76,27752
0.76,27824
0.76,26282
0.76,26252
0.76,28631
0.76,28751
0.76,28752
0.76,28336
0.76,28014
0.76,27877
0.76,28637
0.76,28720
0.76,28101
0.76,27873
0.76,27473
0.76,27057
0.76,27260
0.76,27531
0.76,28975
0.76,28847
0.76,28313
0.76,27878
0.76,27290
0.76,28886
0.77,28845
0.77,28143
0.77,28243
0.77,27265
0.77,26575
0.77,29234
0.77,28468
0.77,28841
0.77,28467
0.77,28178
0.77,28091
0.77,28045
0.77,28489
0.77,28703
0.77,28683
0.77,28804
0.77,28764
0.77,29186
0.77,29065
0.77,28868
0.77,27854
0.77,27784
0.77,27824
0.77,28111
0.77,27398
0.77,26907
0.77,27681
0.77,28155
0.77,28803
0.77,28515
0.77,28590
0.77,28395
0.77,27559
0.77,28061
0.77,28568
0.77,28621
0.77,28710
0.77,28652
0.77,28677
0.77,27659
0.77,27815
0.77,27874
0.77,28534
0.77,28738
0.77,27882
0.77,28681
0.77,27819
0.77,28057
0.77,28287
0.77,28620
0.77,28301
0.77,28317
0.77,27989
0.78,28060
0.78,27758
0.78,26243
0.78,27099
0.78,27207
0.78,28641
0.78,28780
0.78,29187
0.78,29237
0.78,29573
0.78,29738
0.78,29567
0.78,29323
0.78,29376
0.78,29240
0.78,29634
0.78,30274
0.78,30287
0.78,30312
0.78,30434
0.78,30528
0.78,30155
0.78,30155
0.78,30140
0.78,30219
0.78,30565
0.78,30533
0.78,29926
0.78,29467
0.78,29445
0.78,29481
0.78,29781
0.78,29787
0.78,29641
0.78,29052
0.78,29086
0.78,29632
0.78,29112
0.78,28862
0.78,29094
0.78,28592
0.78,28565
0.78,28612
0.78,28667
0.78,28592
0.78,29109
0.78,28334
0.78,28533
0.78,28606
0.78,28543
0.78,28032
0.78,28262
0.78,28346
0.78,28038
0.78,27974
0.78,26926
0.79,27476
0.79,27308
0.79,27168
0.79,25704
0.79,25894
0.79,26317
0.79,26238
0.79,26307
0.79,26340
0.79,26606
0.79,27609
0.79,28067
0.79,28439
0.79,28778
0.79,28585
0.79,28363
0.79,28465
0.79,28800
0.79,29199
0.79,29370
0.79,29561
0.79,29597
0.79,30016
0.79,30392
0.79,30447
0.79,30721
0.79,30227
0.79,29933
0.79,29782
0.79,27915
0.79,29613
0.79,29524
0.79,28897
0.79,28486
0.79,28521
0.79,28719
0.79,28861
0.79,28229
0.79,28022
0.79,28017
0.79,28597
0.79,29280
0.79,28566
0.79,28791
0.79,28175
0.79,27951
0.79,28021
0.79,27441
0.79,27934
0.79,27476
0.79,27583
0.79,27990
0.79,27879
0.79,27904
0.79,28023
0.79,27040
0.79,27121
0.80,27096
0.80,28151
0.80,28261
0.80,28615
0.80,28300
0.80,28087
0.80,28054
0.80,28058
0.80,27881
0.80,28446
0.80,27964
0.80,28487
0.80,29031
0.80,29632
0.80,29514
0.80,29766
0.80,29826
0.80,29803
0.80,29822
0.80,30350
0.80,30388
0.80,30187
0.80,31329
0.80,30776
0.80,30296
0.80,29208
0.80,29219
0.80,29088
0.80,28623
0.80,28506
0.80,28449
0.80,28258
0.80,29098
0.80,29413
0.80,29205
0.80,29392
0.80,29081
0.80,29060
0.80,29058
0.80,29127
0.80,28714
0.80,27392
0.80,27793
0.80,27682
0.80,27818
0.80,28335
0.80,29302
0.80,29036
0.80,29456
0.80,29749
0.80,28962
0.80,29198
0.80,29642
0.80,29650
0.80,29625
0.80,29822
0.80,29972
0.80,29952
0.81,29952
0.81,30201
0.81,30614
0.81,30868
0.81,31402
0.81,31252
0.81,30996
0.81,30973
0.81,30940
0.81,31096
0.81,31728
0.81,31255
0.81,31102
0.81,30975
0.81,30813
0.81,30825
0.81,30855
0.81,30602
0.81,30990
0.81,30326
0.81,30047
0.81,30576
0.81,29396
0.81,27824
0.81,27562
0.81,27458
0.81,27890
0.81,27875
0.81,27764
0.81,28045
0.81,27369
0.81,27581
0.81,28054
0.81,28002
0.81,28178
0.81,28177
0.81,27384
0.81,28492
0.81,28468
0.81,29019
0.81,29441
0.81,28735
0.81,28712
0.81,28758
0.81,28761
0.81,28758
0.81,28743
0.81,28199
0.81,29090
0.81,29050
0.81,29138
0.81,30059
0.81,30180
0.81,30281
0.81,30649
0.81,30780
0.81,30731
0.81,30400
0.81,29653
0.81,29594
0.81,29574
0.82,29553
0.82,29848
0.82,29705
0.82,28508
0.82,29435
0.82,28706
0.82,28214
0.82,28021
0.82,28053
0.82,27335
0.82,27562
0.82,28976
0.82,29010
0.82,28861
0.82,27673
0.82,27868
0.82,27750
0.82,27983
0.82,27691
0.82,27197
0.82,28029
0.82,28264
0.82,28445
0.82,29117
0.82,29069
0.82,29301
0.82,29951
0.82,30029
0.82,28676
0.82,28761
0.82,27217
0.82,26305
0.82,27162
0.82,27038
0.82,27008
0.82,26847
0.82,26886
0.82,26540
0.82,26440
0.82,27073
0.82,28679
0.82,29180
0.82,29143
0.82,29570
0.82,29509
0.82,29996
0.82,29847
0.82,29699
0.82,29180
0.82,29005
0.82,28907
0.82,28875
0.82,28813
0.82,28685
0.82,28675
0.83,28540
0.83,29141
0.83,29169
0.83,29161
0.83,28394
0.83,28601
0.83,28721
0.83,28749
0.83,28768
0.83,29080
0.83,27468
0.83,27098
0.83,27135
0.83,27669
0.83,27172
0.83,27077
0.83,27168
0.83,27983
0.83,27828
0.83,27102
0.83,27124
0.83,26849
0.83,26833
0.83,26167
0.83,25779
0.83,25759
0.83,25875
0.83,25408
0.83,25466
0.83,25019
0.83,25725
0.83,26527
0.83,26572
0.83,26441
0.83,27204
0.83,27171
0.83,27085
0.83,26322
0.83,26242
0.83,25605
0.83,26868
0.83,27067
0.83,27894
0.83,28080
0.83,27711
0.83,27742
0.83,27646
0.83,27879
0.83,28039
0.83,28103
0.83,27703
0.83,27883
0.83,27847
0.83,28398
0.83,28703
0.84,28755
0.84,28788
0.84,28430
0.84,27954
0.84,26799
0.84,27352
0.84,27340
0.84,28035
0.84,28076
0.84,28387
0.84,27957
0.84,28546
0.84,28693
0.84,29159
0.84,28637
0.84,27968
0.84,28229
0.84,28155
0.84,27207
0.84,27274
0.84,27284
0.84,27118
0.84,27189
0.84,27761
0.84,28108
0.84,27813
0.84,28120
0.84,28464
0.84,28644
0.84,28628
0.84,28315
0.84,28553
0.84,28654
0.84,29257
0.84,28818
0.84,28403
0.84,27500
0.84,27770
0.84,27618
0.84,27832
0.84,26409
0.84,26050
0.84,25398
0.84,25717
0.84,25747
0.84,25538
0.84,25802
0.84,25935
0.84,26029
0.84,26232
0.84,26629
0.84,28441
0.84,28320
0.84,28268
0.84,28330
0.84,27938
0.84,27895
0.84,26958
0.84,26179
0.84,26346
0.84,26534
0.84,26857
0.85,26837
0.85,26934
0.85,25920
0.85,27067
0.85,27771
0.85,28053
0.85,27893
0.85,27926
0.85,27810
0.85,28075
0.85,29074
0.85,29069
0.85,29164
0.85,28348
0.85,28280
0.85,28356
0.85,28006
0.85,28054
0.85,27461
0.85,28688
0.85,28658
0.85,28677
0.85,29342
0.85,29571
0.85,30237
0.85,30031
0.85,30032
0.85,30114
0.85,30172
0.85,30170
0.85,30092
0.85,29671
0.85,30230
0.85,31101
0.85,31056
0.85,29944
0.85,30315
0.85,30283
0.85,30223
0.85,30432
0.85,31246
0.85,30260
0.85,30299
0.85,29217
0.85,29244
0.85,28824
0.85,27199
0.85,27342
0.85,26735
0.85,26248
0.85,26253
0.85,25365
0.85,25838
0.85,25398
0.85,25288
0.85,25267
0.85,24825
0.85,24388
0.85,24490
0.85,25314
0.86,25253
0.86,25192
0.86,25720
0.86,25840
0.86,26330
0.86,27853
0.86,28057
0.86,27753
0.86,26994
0.86,26993
0.86,27248
0.86,27266
0.86,27234
0.86,27412
0.86,27232
0.86,28021
0.86,26487
0.86,26379
0.86,26604
0.86,25549
0.86,26493
0.86,26563
0.86,26581
0.86,28345
0.86,27648
0.86,27649
0.86,27419
0.86,27491
0.86,27523
0.86,26862
0.86,26569
0.86,26875
0.86,26645
0.86,26621
0.86,26573
0.86,26298
0.86,26329
0.86,26006
0.86,25499
0.86,26091
0.86,25942
0.86,25987
0.86,26271
0.86,26161
0.86,26500
0.86,26507
0.86,26317
0.86,25740
0.86,25699
0.86,26246
0.86,26232
0.86,26025
0.86,26053
0.86,26050
0.86,26040
0.86,26835
0.86,26363
0.87,26546
0.87,26407
0.87,26211
0.87,26539
0.87,26304
0.87,26180
0.87,25515
0.87,25481
0.87,25589
0.87,25785
0.87,25611
0.87,25506
0.87,25770
0.87,25482
0.87,25486
0.87,25040
0.87,24977
0.87,25037
0.87,24890
0.87,24494
0.87,24298
0.87,24356
0.87,25398
0.87,25376
0.87,25858
0.87,25815
0.87,25875
0.87,26857
0.87,26974
0.87,27089
0.87,27270
0.87,27247
0.87,27602
0.87,27616
0.87,27611
0.87,27585
0.87,26950
0.87,28004
0.87,28013
0.87,27447
0.87,27526
0.87,27596
0.87,27690
0.87,27901
0.87,27885
0.87,27381
0.87,27833
0.87,27229
0.87,27023
0.87,27462
0.87,27339
0.87,27444
0.87,27758
0.87,28365
0.87,29655
0.87,28736
0.88,28792
0.88,29643
0.88,29700
0.88,29868
0.88,29863
0.88,30304
0.88,30686
0.88,30652
0.88,30593
0.88,30865
0.88,31193
0.88,31238
0.88,31741
0.88,31480
0.88,31562
0.88,31588
0.88,31862
0.88,31674
0.88,31490
0.88,31405
0.88,31318
0.88,31502
0.88,30429
0.88,30772
0.88,30667
0.88,30215
0.88,29769
0.88,29767
0.88,29769
0.88,30414
0.88,30736
0.88,31294
0.88,32280
0.88,31847
0.88,32003
0.88,32151
0.88,32069
0.88,31079
0.88,30875
0.88,29806
0.88,30119
0.88,27188
0.88,26828
0.88,26638
0.88,26793
0.88,26793
0.88,27423
0.88,27443
0.88,27257
0.88,27143
0.88,27141
0.88,26833
0.88,26793
0.88,27172
0.88,26038
0.88,25382
0.88,24953
0.89,25257
0.89,25206
0.89,24350
0.89,24366
0.89,25249
0.89,24934
0.89,25363
0.89,25359
0.89,25644
0.89,25621
0.89,25667
0.89,26255
0.89,26292
0.89,26609
0.89,26592
0.89,26711
0.89,27157
0.89,27248
0.89,28167
0.89,28663
0.89,27180
0.89,26980
0.89,27145
0.89,27061
0.89,27715
0.89,27562
0.89,27585
0.89,27704
0.89,27872
0.89,28010
0.89,27452
0.89,27942
0.89,27909
0.89,28369
0.89,28318
0.89,28971
0.89,28953
0.89,28891
0.89,28435
0.89,28297
0.89,28554
0.89,27999
0.89,28357
0.89,26643
0.89,26839
0.89,26838
0.89,26291
0.89,27018
0.89,26333
0.89,25395
0.89,26064
0.89,27430
0.89,27274
0.89,27265
0.89,27062
0.89,27077
0.90,27657
0.90,27942
0.90,27506
0.90,27714
0.90,27168
0.90,26926
0.90,27553
0.90,27885
0.90,27990
0.90,28128
0.90,28013
0.90,27932
0.90,27792
0.90,27737
0.90,27547
0.90,27667
0.90,27772
0.90,26593
0.90,26517
0.90,26585
0.90,25985
0.90,26294
0.90,25273
0.90,25194
0.90,26029
0.90,25851
0.90,25685
0.90,27102
0.90,26966
0.90,27065
0.90,27134
0.90,27131
0.90,26948
0.90,26870
0.90,26281
0.90,25419
0.90,25462
0.90,25756
0.90,25985
0.90,26334
0.90,27448
0.90,27803
0.90,27311
0.90,27711
0.90,27567
0.90,27467
0.90,26505
0.90,26358
0.90,25854
0.90,25974
0.90,25861
0.90,25679
0.90,25599
0.90,25919
0.90,25927
0.90,25570
0.90,24848
0.90,26370
0.91,25974
0.91,25615
0.91,26785
0.91,27803
0.91,27887
0.91,28434
0.91,28029
0.91,26963
0.91,26274
0.91,26296
0.91,26286
0.91,26603
0.91,26891
0.91,26363
0.91,26697
0.91,26624
0.91,27187
0.91,27037
0.91,27149
0.91,26541
0.91,26481
0.91,26292
0.91,26306
0.91,26350
0.91,27045
0.91,27079
0.91,27342
0.91,27511
0.91,28019
0.91,27923
0.91,27537
0.91,27918
0.91,27641
0.91,28486
0.91,28202
0.91,27570
0.91,27425
0.91,26885
0.91,26279
0.91,26008
0.91,26218
0.91,26696
0.91,26699
0.91,26220
0.91,25759
0.91,25712
0.91,25646
0.91,25866
0.91,25171
0.91,24757
0.91,24240
0.91,24066
0.91,25292
0.92,25615
0.92,25840
0.92,26318
0.92,26376
0.92,26587
0.92,26933
0.92,26996
0.92,26463
0.92,26692
0.92,26743
0.92,26838
0.92,26698
0.92,26224
0.92,26634
0.92,27020
0.92,26658
0.92,27105
0.92,27154
0.92,27714
0.92,28096
0.92,28300
0.92,27453
0.92,27431
0.92,25585
0.92,27077
0.92,27468
0.92,27395
0.92,27538
0.92,27704
0.92,28508
0.92,28597
0.92,28347
0.92,27890
0.92,27691
0.92,27357
0.92,27433
0.92,27884
0.92,27643
0.92,27580
0.92,27538
0.92,28067
0.92,28582
0.92,28388
0.92,28360
0.92,28504
0.92,27954
0.92,27934
0.92,27742
0.92,27895
0.92,27984
0.92,27758
0.92,27701
0.92,27627
0.92,26733
0.92,26169
0.92,25432
0.93,25376
0.93,26210
0.93,26175
0.93,26199
0.93,25973
0.93,25793
0.93,25472
0.93,25556
0.93,25114
0.93,24568
0.93,25483
0.93,25481
0.93,25883
0.93,25816
0.93,26453
0.93,26793
0.93,26939
0.93,27299
0.93,27253
0.93,27017
0.93,27133
0.93,26928
0.93,27076
0.93,27150
0.93,27246
0.93,26688
0.93,26861
0.93,26165
0.93,26300
0.93,26147
0.93,26216
0.93,26172
0.93,26586
0.93,26706
0.93,26560
0.93,26911
0.93,27115
0.93,26665
0.93,26991
0.93,27292
0.93,27277
0.93,27301
0.93,27274
0.93,27187
0.93,27123
0.93,27129
0.93,25749
0.93,25659
0.93,26065
0.93,26407
0.93,25853
0.93,27211
0.93,27500
0.93,27602
0.93,27556
0.94,27521
0.94,27773
0.94,28514
0.94,28496
0.94,29008
0.94,29434
0.94,29503
0.94,29227
0.94,28797
0.94,27517
0.94,27628
0.94,27159
0.94,27159
0.94,27272
0.94,26801
0.94,27067
0.94,27354
0.94,27289
0.94,27101
0.94,26788
0.94,26870
0.94,26972
0.94,25544
0.94,25510
0.94,25470
0.94,25401
0.94,25495
0.94,25458
0.94,25389
0.94,25281
0.94,25717
0.94,27068
0.94,27489
0.94,27885
0.94,28188
0.94,27446
0.94,27442
0.94,27473
0.94,27211
0.94,27000
0.94,26987
0.94,26393
0.94,26074
0.94,26300
0.94,26530
0.94,26484
0.94,26266
0.94,26299
0.94,26547
0.94,26235
0.94,26235
0.94,25347
0.94,25154
0.95,25103
0.95,24879
0.95,23524
0.95,23283
0.95,23675
0.95,23454
0.95,23584
0.95,23520
0.95,23440
0.95,23697
0.95,23742
0.95,23786
0.95,26000
0.95,25765
0.95,25805
0.95,25464
0.95,25437
0.95,25229
0.95,25671
0.95,25464
0.95,25127
0.95,25900
0.95,25975
0.95,26243
0.95,25314
0.95,25306
0.95,24680
0.95,25520
0.95,25772
0.95,25538
0.95,25299
0.95,25727
0.95,25798
0.95,25874
0.95,26078
0.95,25836
0.95,25813
0.95,25864
0.95,25912
0.96,26106
0.96,26108
0.96,26138
0.96,26042
0.96,26381
0.96,27297
0.96,26936
0.96,26970
0.96,26940
0.96,25377
0.96,25480
0.96,26256
0.96,25422
0.96,26046
0.96,26579
0.96,26684
0.96,26735
0.96,26546
0.96,25441
0.96,25952
0.96,26358
0.96,26737
0.96,27569
0.96,27629
0.96,27288
0.96,27203
0.96,26795
0.96,26683
0.96,25601
0.96,25208
0.96,26049
0.96,25716
0.96,26203
0.96,27353
0.96,26887
0.96,26860
0.96,26924
0.96,26925
0.96,26745
0.96,27563
0.96,27590
0.96,27206
0.96,27202
0.96,27547
0.96,27090
0.97,27966
0.97,27509
0.97,27361
0.97,27370
0.97,27326
0.97,27503
0.97,27334
0.97,26788
0.97,26791
0.97,26952
0.97,26069
0.97,25815
0.97,25778
0.97,27612
0.97,28306
0.97,28503
0.97,28070
0.97,28018
0.97,28096
0.97,27294
0.97,27717
0.97,29443
0.97,29990
0.97,29747
0.97,29366
0.97,29483
0.97,29198
0.97,29620
0.97,29550
0.97,28747
0.97,28495
0.97,28562
0.97,28735
0.97,28923
0.97,28897
0.97,29344
0.97,29136
0.97,28813
0.97,28725
0.97,27743
0.97,27684
0.97,27660
0.97,27650
0.97,27504
0.97,27270
0.97,27213
0.97,26878
0.97,26704
0.97,27657
0.98,27287
0.98,27931
0.98,27873
0.98,27106
0.98,27162
0.98,27410
0.98,28911
0.98,29780
0.98,29080
0.98,29156
0.98,28993
0.98,28804
0.98,28757
0.98,29016
0.98,29083
0.98,28507
0.98,28092
0.98,28086
0.98,27400
0.98,27314
0.98,27062
0.98,26952
0.98,27105
0.98,27156
0.98,27416
0.98,27545
0.98,27562
0.98,27870
0.98,28464
0.98,29098
0.98,29228
0.98,28643
0.98,28343
0.98,28489
0.98,27976
0.98,28310
0.98,28355
0.98,28511
0.98,28145
0.98,28027
0.98,28219
0.98,28069
0.98,28056
0.98,26856
0.98,26584
0.98,26146
0.98,25736
0.98,25831
0.99,25864
0.99,26318
0.99,27290
0.99,26786
0.99,27500
0.99,27467
0.99,26716
0.99,26456
0.99,26430
0.99,26249
0.99,26243
0.99,26359
0.99,26296
0.99,26871
0.99,27263
0.99,27007
0.99,27963
0.99,28662
0.99,28835
0.99,28432
0.99,28296
0.99,28196
0.99,28330
0.99,27698
0.99,27595
0.99,27950
0.99,27858
0.99,28072
0.99,28146
0.99,28170
0.99,28129
0.99,27625
0.99,28063
0.99,28084
0.99,27672
0.99,28112
0.99,27881
0.99,27782
0.99,27481
0.99,27331
0.99,26714
0.99,26728
0.99,27046
0.99,27035
0.99,27150
0.99,27307
0.99,27062
1.00,27215
1.00,27151
1.00,27336
1.00,27424
1.00,27431
1.00,26585
1.00,26237
1.00,26262
1.00,26459
1.00,26644
1.00,26716
1.00,26900
1.00,27277
1.00,27981
1.00,27328
1.00,27217
1.00,27064
1.00,26967
1.00,26969
1.00,26835
1.00,26459
1.00,27118
1.00,26644
1.00,26249
1.00,26272
1.00,26279
1.00,26699
1.00,27084
1.00,26674
1.00,26828
1.00,27228
1.00,26600
1.00,26700
1.00,26825
1.00,26943
1.00,27041
1.00,27418
1.00,27169
1.00,27030
1.00,26517
1.00,26194
1.00,26568
1.00,26237
1.00,26721
1.00,26761
1.00,26338
1.00,27089
1.00,25873
1.00,24187
1.01,25348
1.01,26478
1.01,26533
1.01,26525
1.01,26436
1.01,26611
1.01,26419
1.01,26418
1.01,25304
1.01,25090
1.01,24999
1.01,24846
1.01,24967
1.01,24757
1.01,24623
1.01,24627
1.01,24572
1.01,24595
1.01,24963
1.01,26004
1.01,26002
1.01,25761
1.01,25950
1.01,25448
1.01,25140
1.01,25800
1.01,26442
1.01,25459
1.01,25738
1.01,25778
1.01,25888
1.01,26064
1.01,25671
1.01,25721
1.01,25709
1.01,24922
1.01,24683
1.01,24575
1.01,23872
1.01,23871
1.01,23789
1.01,23794
1.02,23758
1.02,23675
1.02,23738
1.02,23255
1.02,24183
1.02,24009
1.02,23508
1.02,24386
1.02,23493
1.02,23561
1.02,23280
1.02,23319
1.02,24088
1.02,24177
1.02,24209
1.02,24094
1.02,24805
1.02,24735
1.02,24572
1.02,24545
1.02,24854
1.02,25346
1.02,25505
1.02,25038
1.02,25051
1.02,24921
1.02,23966
1.02,24335
1.02,24267
1.02,24579
1.02,23959
1.02,24151
1.02,24020
1.02,23711
1.02,24105
1.02,24454
1.02,24445
1.02,24552
1.02,26010
1.02,26149
1.02,26194
1.02,25629
1.02,25238
1.02,25124
1.02,25277
1.02,25043
1.02,24909
1.02,24158
1.02,24143
1.02,24391
1.02,24361
1.03,24117
1.03,24189
1.03,24265
1.03,24307
1.03,24202
1.03,24222
1.03,23964
1.03,24095
1.03,24245
1.03,23782
1.03,23759
1.03,23715
1.03,24167
1.03,24295
1.03,24525
1.03,24262
1.03,24746
1.03,24745
1.03,24840
1.03,25185
1.03,25593
1.03,25710
1.03,25173
1.03,24760
1.03,24983
1.03,25006
1.03,24879
1.03,25677
1.03,26835
1.03,26868
1.03,26502
1.03,26289
1.03,26192
1.03,25799
1.03,25678
1.03,25928
1.03,25948
1.03,25135
1.03,25455
1.03,25050
1.03,25249
1.03,25400
1.03,25424
1.03,25589
1.04,25686
1.04,25695
1.04,25732
1.04,26231
1.04,26514
1.04,26214
1.04,25993
1.04,26123
1.04,26216
1.04,26179
1.04,25339
1.04,25337
1.04,25326
1.04,25799
1.04,26034
1.04,25885
1.04,26105
1.04,26063
1.04,25618
1.04,26089
1.04,26102
1.04,26135
1.04,25954
1.04,25942
1.04,25964
1.04,24969
1.04,24702
1.04,24894
1.04,24997
1.04,25082
1.04,25113
1.04,25099
1.04,24702
1.04,24593
1.04,24272
1.04,24762
1.04,24965
1.04,26811
1.04,26488
1.04,26728
1.04,26483
1.04,26505
1.04,26079
1.04,26684
1.04,26356
1.04,26733
1.04,26666
1.05,27156
1.05,27242
1.05,27015
1.05,27108
1.05,27632
1.05,27932
1.05,27942
1.05,28331
1.05,27761
1.05,27709
1.05,28183
1.05,28458
1.05,28433
1.05,27242
1.05,26878
1.05,26779
1.05,26723
1.05,26629
1.05,26823
1.05,26732
1.05,26727
1.05,26535
1.05,26627
1.05,26769
1.05,26838
1.05,27337
1.05,27053
1.05,26820
1.05,26934
1.05,27011
1.05,27136
1.05,26730
1.05,26761
1.05,26411
1.05,26750
1.05,26413
1.05,26276
1.05,26268
1.05,24220
1.05,24322
1.05,25071
1.05,25060
1.05,25029
1.05,24988
1.05,24994
1.05,24930
1.05,24309
1.05,23829
1.05,24063
1.05,24289
1.05,23595
1.05,23845
1.05,23617
1.06,23868
1.06,23427
1.06,23675
1.06,23487
1.06,23934
1.06,23609
1.06,23181
1.06,23019
1.06,22868
1.06,22972
1.06,23588
1.06,23719
1.06,24094
1.06,24063
1.06,24889
1.06,25163
1.06,25356
1.06,24473
1.06,24481
1.06,23942
1.06,24094
1.06,24210
1.06,24235
1.06,24253
1.06,24328
1.06,25226
1.06,22653
1.06,22754
1.06,22724
1.06,23055
1.06,22960
1.06,23476
1.06,25038
1.06,24767
1.06,25332
1.06,24954
1.06,25521
1.06,25255
1.07,25278
1.07,25657
1.07,26218
1.07,26327
1.07,26949
1.07,27016
1.07,26229
1.07,26151
1.07,25907
1.07,26756
1.07,26711
1.07,26479
1.07,25989
1.07,26001
1.07,26758
1.07,26044
1.07,25845
1.07,24751
1.07,25640
1.07,25689
1.07,25903
1.07,25777
1.07,25945
1.07,26256
1.07,25943
1.07,26101
1.07,26433
1.07,26858
1.07,26281
1.07,26446
1.07,25790
1.07,25591
1.07,26043
1.07,25749
1.07,25565
1.07,25895
1.07,25853
1.07,25540
1.07,25499
1.07,25926
1.07,25997
1.07,26277
1.08,25997
1.08,25858
1.08,25757
1.08,25288
1.08,25741
1.08,24920
1.08,25606
1.08,25656
1.08,26311
1.08,26261
1.08,26618
1.08,26526
1.08,26632
1.08,26572
1.08,25981
1.08,26293
1.08,26471
1.08,26401
1.08,26114
1.08,26162
1.08,25457
1.08,25101
1.08,25143
1.08,25758
1.08,25037
1.08,24962
1.08,24713
1.08,25131
1.08,25026
1.08,25345
1.08,25342
1.08,25099
1.08,24535
1.08,24427
1.08,23320
1.08,23353
1.08,23461
1.08,23181
1.08,23156
1.08,23198
1.08,23245
1.08,23371
1.09,23095
1.09,23581
1.09,23661
1.09,23423
1.09,23526
1.09,23376
1.09,23352
1.09,23570
1.09,22333
1.09,23636
1.09,23536
1.09,23362
1.09,23003
1.09,22614
1.09,22743
1.09,22183
1.09,22369
1.09,22241
1.09,21943
1.09,21515
1.09,21743
1.09,22269
1.09,22514
1.09,22784
1.09,23223
1.09,23234
1.09,23277
1.09,23433
1.09,23683
1.09,23538
1.09,23403
1.09,23103
1.09,22655
1.09,22362
1.09,22541
1.09,22538
1.09,22396
1.09,22590
1.09,24195
1.10,23059
1.10,23031
1.10,22999
1.10,23031
1.10,22967
1.10,22741
1.10,22476
1.10,22514
1.10,22433
1.10,22212
1.10,22577
1.10,22934
1.10,23819
1.10,23908
1.10,24032
1.10,23761
1.10,24071
1.10,24147
1.10,24076
1.10,23685
1.10,23730
1.10,23200
1.10,23164
1.10,23349
1.10,23357
1.10,23346
1.10,23526
1.10,22617
1.10,22613
1.10,22214
1.10,22148
1.10,22158
1.10,22354
1.10,22283
1.10,21495
1.10,21528
1.10,21543
1.10,21496
1.10,21539
1.10,21656
1.10,22153
1.11,22430
1.11,22195
1.11,22040
1.11,21977
1.11,22397
1.11,22179
1.11,21802
1.11,21973
1.11,22348
1.11,22999
1.11,22850
1.11,22734
1.11,23879
1.11,24371
1.11,24521
1.11,24033
1.11,24806
1.11,24787
1.11,24585
1.11,24510
1.11,24341
1.11,24286
1.11,23937
1.11,23959
1.11,24083
1.11,22954
1.11,23283
1.11,23828
1.11,23917
1.11,23744
1.11,23793
1.11,24154
1.11,23979
1.11,24206
1.11,24425
1.11,24641
1.11,24707
1.11,24913
1.11,25645
1.11,25108
1.11,25061
1.12,24009
1.12,24611
1.12,24219
1.12,23834
1.12,22891
1.12,22876
1.12,22426
1.12,22623
1.12,22713
1.12,22878
1.12,23405
1.12,23224
1.12,22766
1.12,23024
1.12,22693
1.12,22298
1.12,22479
1.12,22389
1.12,22300
1.12,22364
1.12,22201
1.12,21977
1.12,21720
1.12,21462
1.12,21465
1.12,21048
1.12,21243
1.13,21916
1.13,21666
1.13,21554
1.13,21971
1.13,22172
1.13,22032
1.13,21867
1.13,21872
1.13,21811
1.13,21866
1.13,21615
1.13,21613
1.13,21864
1.13,21488
1.13,21843
1.13,21412
1.13,21488
1.13,21599
1.13,21420
1.13,20673
1.13,20494
1.13,20855
1.13,22267
1.13,22740
1.13,22799
1.13,23050
1.13,23433
1.13,23442
1.13,23155
1.14,23117
1.14,22985
1.14,23729
1.14,23686
1.14,23789
1.14,23841
1.14,24335
1.14,24273
1.14,24560
1.14,24630
1.14,24604
1.14,24445
1.14,24522
1.14,25209
1.14,25372
1.14,25123
1.14,25454
1.14,25349
1.14,25347
1.14,26334
1.14,26141
1.14,26164
1.14,25081
1.14,25235
1.14,25171
1.14,24444
1.14,24092
1.14,23309
1.14,23350
1.14,23113
1.14,23139
1.14,22996
1.14,23078
1.14,23157
1.14,23885
1.14,23845
1.14,23421
1.14,23220
1.14,23141
1.14,23137
1.14,23832
1.14,23396
1.14,23245
1.15,23350
1.15,23481
1.15,23070
1.15,23096
1.15,23514
1.15,23871
1.15,23929
1.15,23919
1.15,24169
1.15,24699
1.15,24717
1.15,24531
1.15,24717
1.15,25244
1.15,25098
1.15,26045
1.15,26152
1.15,25940
1.15,24966
1.15,24365
1.15,23128
1.15,23387
1.15,23218
1.15,23303
1.15,23228
1.15,22387
1.15,22213
1.15,21649
1.15,21915
1.15,21760
1.16,22198
1.16,21898
1.16,21916
1.16,21806
1.16,21860
1.16,21935
1.16,22020
1.16,22237
1.16,22088
1.16,22080
1.16,22214
1.16,22035
1.16,21827
1.16,22016
1.16,21885
1.16,21494
1.16,21698
1.16,21652
1.16,21628
1.16,22034
1.16,22314
1.16,22362
1.16,22418
1.16,22583
1.16,22668
1.16,23333
1.16,23633
1.17,24068
1.17,23775
1.17,23736
1.17,24163
1.17,24208
1.17,24167
1.17,23780
1.17,23655
1.17,23556
1.17,23116
1.17,22974
1.17,23081
1.17,22524
1.17,22000
1.17,22030
1.17,22417
1.17,22480
1.17,22411
1.17,22339
1.17,22170
1.17,22325
1.17,22316
1.17,23117
1.17,23185
1.17,23874
1.17,24254
1.17,24213
1.17,24259
1.17,24218
1.17,23867
1.17,23904
1.17,24225
1.18,23913
1.18,23937
1.18,23761
1.18,23919
1.18,23978
1.18,23883
1.18,23662
1.18,23422
1.18,23422
1.18,23383
1.18,23347
1.18,23342
1.18,23672
1.18,23625
1.18,23639
1.18,23289
1.18,23302
1.18,23988
1.18,24794
1.18,25163
1.18,25265
1.18,25347
1.18,25236
1.18,25319
1.18,25269
1.18,25140
1.18,25174
1.18,23838
1.18,24172
1.18,24067
1.18,24035
1.18,24533
1.18,24566
1.18,24349
1.18,23668
1.18,23879
1.18,23719
1.18,23789
1.18,23245
1.18,23203
1.18,23497
1.18,23226
1.19,23141
1.19,23473
1.19,24116
1.19,24456
1.19,24436
1.19,24337
1.19,24324
1.19,24716
1.19,24397
1.19,23751
1.19,23334
1.19,23512
1.19,22904
1.19,23460
1.19,23013
1.19,23366
1.19,23377
1.19,23486
1.19,23508
1.19,23293
1.19,23078
1.19,23017
1.19,23283
1.19,22910
1.19,22844
1.19,22542
1.19,22539
1.19,22513
1.19,22720
1.20,22798
1.20,22656
1.20,23107
1.20,23204
1.20,23197
1.20,23277
1.20,23377
1.20,23417
1.20,23381
1.20,23181
1.20,23864
1.20,23641
1.20,23054
1.20,23505
1.20,22589
1.20,22341
1.20,22293
1.20,22805
1.20,22543
1.20,22177
1.20,22119
1.20,21775
1.20,21709
1.20,22014
1.20,21863
1.20,22638
1.20,22557
1.20,22511
1.20,22602
1.20,22911
1.20,23093
1.20,23506
1.20,23348
1.20,24097
1.20,24258
1.20,24238
1.21,24134
1.21,23668
1.21,23458
1.21,23637
1.21,23570
1.21,23605
1.21,24046
1.21,24101
1.21,24125
1.21,23636
1.21,23702
1.21,23612
1.21,23807
1.21,24112
1.21,24081
1.21,23762
1.21,23834
1.21,24043
1.21,23462
1.21,22864
1.21,22063
1.21,22167
1.21,21776
1.21,22118
1.21,22208
1.21,22605
1.21,22449
1.21,22041
1.21,21836
1.21,21146
1.21,21723
1.21,21651
1.21,21376
1.21,20743
1.21,20813
1.21,20873
1.21,21798
1.21,21783
1.22,21513
1.22,21564
1.22,21387
1.22,21307
1.22,21296
1.22,20900
1.22,21045
1.22,20911
1.22,22066
1.22,22102
1.22,22328
1.22,21742
1.22,21829
1.22,21768
1.22,21940
1.22,21994
1.22,21764
1.22,21930
1.22,21906
1.22,21745
1.22,21043
1.22,21125
1.22,21086
1.22,21200
1.22,21175
1.22,20995
1.22,20938
1.22,20480
1.22,20709
1.23,20618
1.23,20646
1.23,20577
1.23,21047
1.23,20835
1.23,20703
1.23,20449
1.23,21201
1.23,20645
1.23,21001
1.23,20818
1.23,20200
1.23,20477
1.23,20538
1.23,20403
1.23,20316
1.23,20436
1.23,20723
1.23,20240
1.23,20304
1.23,20265
1.23,20222
1.23,20153
1.23,20058
1.23,20171
1.23,19972
1.23,20423
1.24,20668
1.24,20877
1.24,21475
1.24,21227
1.24,21095
1.24,21534
1.24,21481
1.24,21578
1.24,21787
1.24,21703
1.24,21690
1.24,21783
1.24,21984
1.24,21779
1.24,21794
1.24,21457
1.24,21818
1.24,21581
1.24,21444
1.24,21626
1.24,21609
1.24,21771
1.24,21629
1.24,21954
1.24,21955
1.25,22272
1.25,22138
1.25,22364
1.25,22094
1.25,22060
1.25,22158
1.25,21920
1.25,21997
1.25,20919
1.25,21065
1.25,20830
1.25,20866
1.25,20863
1.25,20758
1.25,20848
1.25,20806
1.25,20828
1.25,20846
1.25,20533
1.25,20591
1.25,20506
1.25,20537
1.25,20882
1.25,20759
1.25,20813
1.25,20852
1.25,20888
1.25,20753
1.25,20917
1.25,20738
1.25,20742
1.25,20532
1.25,20725
1.25,21387
1.25,21536
1.26,21311
1.26,21568
1.26,21600
1.26,21606
1.26,21442
1.26,21255
1.26,21110
1.26,21021
1.26,20932
1.26,21063
1.26,21178
1.26,21138
1.26,21339
1.26,21348
1.26,21313
1.26,21185
1.26,21599
1.26,21631
1.26,21812
1.26,21764
1.27,21608
1.27,21331
1.27,20865
1.27,20942
1.27,20949
1.27,21132
1.27,20628
1.27,19593
1.27,19434
1.27,19180
1.27,19361
1.27,19261
1.27,19224
1.27,19394
1.27,19319
1.27,19338
1.27,19501
1.27,19423
1.27,19382
1.27,19399
1.27,18882
1.28,18923
1.28,18902
1.28,18908
1.28,18451
1.28,18523
1.28,18151
1.28,18095
1.28,18069
1.28,18590
1.28,18544
1.28,18514
1.28,18788
1.28,18805
1.28,18800
1.28,18618
1.28,18762
1.28,18472
1.28,18598
1.28,18587
1.28,18725
1.29,18722
1.29,18799
1.29,18970
1.29,18843
1.29,18828
1.29,18850
1.29,18999
1.29,19011
1.29,19070
1.29,18898
1.29,19489
1.29,18882
1.29,19006
1.29,18832
1.29,19048
1.29,19178
1.29,19147
1.29,19345
1.29,19204
1.29,19259
1.30,19243
1.30,19108
1.30,19134
1.30,19008
1.30,19087
1.30,19018
1.30,18904
1.30,18959
1.30,19373
1.30,19606
1.30,19563
1.30,19549
1.30,19588
1.30,19345
1.30,19277
1.30,19566
1.30,19316
1.30,19408
1.30,19529
1.30,19663
1.30,18995
1.30,19252
1.30,19016
1.31,18960
1.31,18955
1.31,18957
1.31,19051
1.31,18994
1.31,18690
1.31,18827
1.31,18092
1.31,17895
1.31,17929
1.31,17723
1.31,17726
1.31,17547
1.31,17609
1.31,17357
1.31,17649
1.31,18959
1.31,18872
1.31,19273
1.31,19135
1.32,18961
1.32,19122
1.32,19105
1.32,18190
1.32,18030
1.32,18409
1.32,18691
1.32,19612
1.32,19598
1.32,19513
1.32,19798
1.32,20226
1.32,20480
1.32,20526
1.32,21022
1.32,20951
1.32,21121
1.32,21222
1.32,21183
1.32,21146
1.32,20902
1.32,20757
1.32,20593
1.32,20203
1.32,20077
1.33,19654
1.33,19336
1.33,19526
1.33,19368
1.33,19442
1.33,19512
1.33,18598
1.33,18790
1.33,18841
1.33,18540
1.33,18330
1.33,18097
1.33,17917
1.33,17916
1.33,17673
1.33,17730
1.33,17786
1.33,18090
1.33,18098
1.33,18086
1.33,18012
1.34,17940
1.34,17692
1.34,17703
1.34,17815
1.34,17646
1.34,18143
1.34,18127
1.34,18155
1.34,18072
1.34,18168
1.34,18356
1.34,18219
1.34,17928
1.34,18021
1.34,18062
1.35,17872
1.35,17800
1.35,17917
1.35,17664
1.35,18031
1.35,17297
1.35,17301
1.35,16979
1.35,17122
1.35,17173
1.35,16842
1.35,16941
1.35,17130
1.35,17079
1.35,17099
1.35,16857
1.35,16684
1.36,16515
1.36,17018
1.36,17110
1.36,16927
1.36,16900
1.36,17181
1.36,17339
1.36,17058
1.36,16999
1.36,17010
1.36,17017
1.36,17094
1.37,17145
1.37,17109
1.37,16588
1.37,16375
1.37,16558
1.37,16580
1.37,16607
1.37,16349
1.37,16412
1.37,16297
1.37,16367
1.37,16465
1.37,15968
1.37,16111
1.37,16064
1.37,16189
1.37,16131
1.37,16213
1.37,16362
1.37,16393
1.38,16373
1.38,16505
1.38,16257
1.38,16449
1.38,16439
1.38,16378
1.38,16622
1.38,16631
1.38,16628
1.38,17315
1.38,16889
1.38,17154
1.39,16803
1.39,16804
1.39,16844
1.39,16994
1.39,16926
1.39,16872
1.39,16597
1.39,16660
1.39,16663
1.39,16781
1.39,16936
1.39,16735
1.40,16350
1.40,16361
1.40,16491
1.40,16445
1.40,16465
1.40,16457
1.40,16438
1.40,16959
1.40,16974
1.40,16747
1.40,16710
1.40,16587
1.40,16554
1.40,16588
1.41,16262
1.41,16209
1.41,16191
1.41,16042
1.41,16193
1.41,16538
1.41,16709
1.41,17149
1.41,17120
1.41,17152
1.41,17161
1.41,17044
1.41,17193
1.41,17259
1.41,17102
1.41,17269
1.41,17302
1.42,17149
1.42,16760
1.42,16798
1.42,17182
1.42,17300
1.42,17302
1.42,17354
1.42,17115
1.42,17161
1.42,17259
1.42,17355
1.42,17138
1.42,17214
1.42,17178
1.42,17314
1.42,17121
1.42,17201
1.43,17284
1.43,17119
1.43,16947
1.43,16801
1.43,16763
1.43,16690
1.43,16624
1.43,16097
1.43,15928
1.43,16232
1.43,16313
1.43,16338
1.43,16630
1.44,16338
1.44,16385
1.44,16330
1.44,16499
1.44,16344
1.44,16259
1.44,16329
1.44,16351
1.44,16128
1.44,16116
1.44,16268
1.44,16259
1.45,16231
1.45,15876
1.45,15583
1.45,15589
1.45,15293
1.45,15502
1.45,15473
1.45,15361
1.45,16115
1.45,16115
1.46,16185
1.46,15693
1.46,15733
1.46,15824
1.46,15688
1.46,15588
1.46,15301
1.46,15577
1.47,15656
1.47,15701
1.47,15660
1.47,15681
1.47,15517
1.47,15538
1.47,15533
1.47,14934
1.47,14750
1.47,14855
1.47,14753
1.47,14821
1.47,14790
1.48,14627
1.48,14625
1.48,14525
1.48,14697
1.48,14525
1.48,14572
1.48,14488
1.48,14542
1.48,14613
1.48,14595
1.48,14569
1.48,14360
1.48,14257
1.49,14361
1.49,14233
1.49,14333
1.49,14434
1.49,14495
1.49,14233
1.50,14300
1.50,14349
1.50,14313
1.50,14403
1.50,14297
1.50,14367
1.50,14367
1.50,14339
1.50,14408
1.50,14356
1.50,14145
1.50,13979
1.50,13737
1.51,13794
1.51,13831
1.51,13925
1.51,14010
1.51,13998
1.51,13898
1.51,13952
1.51,13761
1.52,13712
1.52,13701
1.52,13423
1.52,13348
1.52,13345
1.52,13232
1.52,13241
1.52,13097
1.53,13013
1.53,13049
1.53,12965
1.53,12882
1.53,12888
1.53,12842
1.54,12797
1.54,12679
1.54,12546
1.54,12340
1.54,12306
1.55,12300
1.55,12550
1.55,12629
1.55,12628
1.56,12602
1.56,12524
1.56,12786
1.56,12895
1.57,12947
1.57,13028
1.57,13162
1.57,13187
1.57,13312
1.57,13176
1.58,13251
1.58,13326
1.58,13432
1.58,13420
1.58,13296
1.58,13282
1.59,13207
1.59,13219
1.59,13144
1.60,13219
1.60,13268
1.60,13264
1.60,13238
1.60,13078
1.60,13055
1.60,13264
1.60,13125
1.60,12987
1.61,13125
1.61,13277
1.61,13187
1.61,13305
1.61,13418
1.61,13567
1.61,13649
1.61,13390
1.61,13182
1.62,13274
1.62,13232
1.62,13252
1.63,13213
1.63,13267
1.63,13301
1.63,13471
1.64,13551
1.64,13438
1.64,13413
1.64,13437
1.64,13267
1.65,13185
1.65,13114
1.65,13125
1.65,13114
1.65,13150
1.65,13054
1.66,13073
1.66,12988
1.66,12969
1.66,12838
1.66,13084
1.66,13084
1.67,13207
1.67,13113
1.67,13121
1.68,13167
1.68,13194
1.68,13166
1.68,13018
1.68,13016
1.68,12874
1.68,12918
1.69,12994
1.69,12968
1.69,13110
1.69,13052
1.69,13172
1.69,13198
1.69,13350
1.70,12928
1.70,12927
1.70,12885
1.70,12883
1.70,12891
1.71,12904
1.71,12904
1.71,12817
1.71,12836
1.71,12831
1.71,12830
1.71,12823
1.72,12855
1.72,12852
1.72,12812
1.72,12800
1.72,12623
1.72,12539
1.73,12536
1.74,12533
1.74,12603
1.74,12625
1.74,12650
1.74,12580
1.75,12400
1.75,12306
1.75,12273
1.75,12326
1.75,12355
1.75,12324
1.75,12294
1.75,12310
1.76,12306
1.76,12410
1.76,12370
1.77,12386
1.77,12403
1.77,12256
1.77,12245
1.77,12096
1.77,11926
1.78,11662
1.79,11678
1.79,11496
1.79,11215
1.79,11110
1.79,11157
1.79,11145
1.79,11127
1.80,11163
1.80,11117
1.81,10992
1.81,10963
1.82,10900
1.82,10991
1.83,10830
1.84,10813
1.84,10797
1.84,10693
1.84,10681
1.85,10658
1.85,10672
1.86,10721
1.86,10723
1.87,10747
1.87,10764
1.89,10711
1.90,10690
1.91,10692
1.91,10692
1.91,10717
1.91,10493
1.91,10541
1.91,10459
1.91,10402
1.93,10356
1.93,10252
1.94,10287
1.94,10343
1.94,10354
1.95,10360
1.95,10354
1.96,10322
1.97,10293
1.98,10282
1.98,10102
1.98,10118
1.99,10126
1.99,10087
1.99,10125
2.00,10039
2.00,10045
2.01,10039
2.02,9959
2.03,9881
2.03,9785
2.04,9652
2.05,9646
2.07,9623
2.08,9608
2.08,9645
2.09,9613
2.09,9628
2.09,9582
2.10,9583
2.12,9568
2.12,9564
2.13,9574
2.14,9603
2.14,9612
2.16,9627
2.17,9612
2.17,9583
2.17,9563
2.18,9569
2.18,9561
2.19,9539
2.19,9561
2.22,9554
2.22,9544
2.23,9537
2.23,9531
2.24,9504
2.24,9481
2.26,9462
2.28,9476
2.34,9461
2.35,9460
2.36,9431
2.36,9434
2.38,9435
2.38,9430
2.40,9322
2.44,9323
2.44,9300
2.45,9279
2.45,9268
2.49,9257
2.50,9260
2.54,9230
2.60,9228
2.72,9222
2.79,9202
2.80,9175
2.81,9166
2.81,9109
