0.22,25434
0.26,24514
0.29,24217
0.30,23106
0.33,23097
0.38,22624
0.41,21819
0.57,21391
0.58,20813
0.63,20678
0.64,19968
0.66,19856
0.70,19297
0.76,18950
0.86,18814
0.87,18336
0.89,18033
1.03,17582
1.06,17185
1.09,16880
1.16,16822
1.20,16737
1.21,16575
1.27,15798
1.44,15328
1.56,14991
1.61,14721
1.73,14669
1.76,14634
1.78,14076
1.81,14028
1.90,13917
1.93,13823
2.06,13534
2.17,13429
2.23,13400
2.25,13283
2.30,13167
2.35,13022
2.36,12955
2.38,12908
2.46,12488
2.57,12487
2.68,12395
2.84,12357
2.89,11977
3.06,11610
3.17,11376
3.24,11280
3.32,11196
3.68,11083
3.76,10872
3.79,10683
4.14,10681
4.21,10598
4.31,10569
4.34,10534
4.50,10459
4.61,10280
5.44,10226
6.49,10143
6.95,10128
7.17,10084
7.42,10080
7.55,9948
7.61,9936
7.68,9874
7.85,9867
7.93,9745
8.65,9588
9.28,9533
9.94,9439
10.32,9420
10.38,9322
10.59,9245
10.72,9196
10.99,9117
11.31,9059
11.77,9053
11.92,9045
11.96,9016
12.20,8907
12.53,8830
12.88,8827
12.89,8782
14.26,8759
15.37,8738
