0.20,30696
0.20,30226
0.20,30225
0.20,30600
0.20,30903
0.20,31141
0.20,31047
0.20,31037
0.20,30884
0.20,31028
0.20,31326
0.20,31184
0.20,31018
0.20,29967
0.20,30115
0.20,32136
0.20,32429
0.20,32258
0.20,32286
0.21,32175
0.21,32910
0.21,32310
0.21,31192
0.21,31104
0.21,31828
0.21,31629
0.21,31932
0.21,32216
0.21,32170
0.21,30656
0.21,30819
0.21,30763
0.21,30861
0.21,31040
0.21,30200
0.21,30092
0.21,29380
0.21,28735
0.21,28515
0.21,29297
0.21,28289
0.21,28954
0.21,28250
0.21,28806
0.21,29840
0.21,29205
0.21,29059
0.21,28971
0.21,29324
0.21,28659
0.21,28685
0.21,28904
0.21,28683
0.21,28140
0.21,28435
0.21,28701
0.21,28945
0.21,27952
0.21,27775
0.21,27214
0.21,27289
0.21,27166
0.21,26616
0.21,26874
0.21,27770
0.21,28028
0.21,28045
0.21,29530
0.21,30009
0.21,29568
0.21,29964
0.21,30647
0.21,30605
0.21,31071
0.21,31642
0.21,32129
0.21,31727
0.21,31306
0.21,30986
0.21,30846
0.21,30796
0.21,30887
0.21,30746
0.21,30693
0.22,30314
0.22,29834
0.22,30476
0.22,30486
0.22,30424
0.22,30010
0.22,30051
0.22,30555
0.22,31224
0.22,30700
0.22,30530
0.22,30174
0.22,30476
0.22,31576
0.22,30552
0.22,30950
0.22,30528
0.22,29912
0.22,29966
0.22,30414
0.22,30771
0.22,30579
0.22,30596
0.22,30474
0.22,30375
0.22,30395
0.22,30032
0.22,29421
0.22,29632
0.22,29635
0.22,29546
0.22,28777
0.22,28437
0.22,28820
0.22,28868
0.22,29998
0.22,30343
0.22,30005
0.22,30797
0.22,30792
0.22,30477
0.22,30424
0.22,30434
0.22,30530
0.22,30367
0.22,28591
0.22,29041
0.22,29185
0.22,28645
0.22,28923
0.22,28703
0.22,28604
0.22,28451
0.22,29566
0.22,29798
0.22,29316
0.22,29587
0.22,29469
0.22,30286
0.22,29593
0.22,30398
0.22,29673
0.22,30795
0.22,30404
0.22,30427
0.22,30506
0.22,30414
0.23,31331
0.23,31390
0.23,32318
0.23,32178
0.23,31408
0.23,30991
0.23,31441
0.23,32049
0.23,32312
0.23,31924
0.23,32312
0.23,32410
0.23,31822
0.23,31607
0.23,32623
0.23,32554
0.23,32630
0.23,31645
0.23,33355
0.23,32492
0.23,31581
0.23,31695
0.23,31275
0.23,30929
0.23,30764
0.23,31440
0.23,31494
0.23,32472
0.23,32438
0.23,31458
0.23,31219
0.23,31184
0.23,30643
0.23,30782
0.23,31821
0.23,31648
0.23,31455
0.23,30535
0.23,31324
0.23,31217
0.23,30584
0.23,31023
0.23,31353
0.23,31676
0.23,32036
0.23,32108
0.23,32404
0.23,32243
0.23,32674
0.23,32724
0.23,32646
0.23,32559
0.23,31039
0.23,30291
0.23,30508
0.23,30381
0.23,30782
0.23,31079
0.23,31068
0.23,30911
0.23,30899
0.24,30636
0.24,30175
0.24,30578
0.24,31541
0.24,31518
0.24,30585
0.24,31235
0.24,31211
0.24,31196
0.24,30979
0.24,30965
0.24,31309
0.24,31022
0.24,30994
0.24,30878
0.24,31354
0.24,30722
0.24,30845
0.24,30267
0.24,30428
0.24,30307
0.24,30214
0.24,29447
0.24,29297
0.24,29429
0.24,29265
0.24,27653
0.24,27260
0.24,27569
0.24,27362
0.24,26859
0.24,27041
0.24,27541
0.24,27551
0.24,27524
0.24,26594
0.24,27682
0.24,28443
0.24,28102
0.24,26598
0.24,26934
0.24,28027
0.24,28545
0.24,28020
0.24,28787
0.24,29232
0.24,28110
0.24,27975
0.24,28413
0.24,28283
0.24,28918
0.24,28810
0.24,27897
0.24,29060
0.24,28703
0.24,27952
0.24,27688
0.24,27027
0.24,26713
0.24,25858
0.24,26693
0.24,26933
0.24,26342
0.24,25109
0.24,25884
0.25,25913
0.25,25777
0.25,25834
0.25,25521
0.25,26406
0.25,26363
0.25,27627
0.25,27592
0.25,26557
0.25,25717
0.25,25725
0.25,27288
0.25,28329
0.25,27633
0.25,27901
0.25,27700
0.25,27623
0.25,28022
0.25,26983
0.25,27097
0.25,27255
0.25,26351
0.25,26388
0.25,25977
0.25,26175
0.25,26620
0.25,26253
0.25,25791
0.25,26154
0.25,26092
0.25,26072
0.25,25952
0.25,25441
0.25,25681
0.25,25578
0.25,26565
0.25,26780
0.25,26841
0.25,27124
0.25,27062
0.25,26849
0.25,27946
0.25,27857
0.25,27766
0.25,27766
0.25,28061
0.25,29223
0.25,29368
0.25,29257
0.25,29115
0.25,28724
0.25,28638
0.25,28671
0.25,28970
0.25,28171
0.25,27521
0.25,26907
0.25,27850
0.25,27740
0.25,28514
0.25,28441
0.25,28558
0.25,28893
0.26,29014
0.26,28990
0.26,28776
0.26,28809
0.26,28822
0.26,29405
0.26,29532
0.26,29081
0.26,29127
0.26,29126
0.26,28408
0.26,28725
0.26,28764
0.26,28771
0.26,29241
0.26,28509
0.26,29136
0.26,28520
0.26,28660
0.26,28057
0.26,28349
0.26,27274
0.26,27188
0.26,26963
0.26,27113
0.26,26865
0.26,26328
0.26,26421
0.26,26475
0.26,25784
0.26,27319
0.26,27695
0.26,27855
0.26,28162
0.26,28201
0.26,27870
0.26,28155
0.26,27953
0.26,27600
0.26,27755
0.26,27519
0.26,27426
0.26,27975
0.26,27706
0.26,27910
0.26,28262
0.26,28056
0.26,26667
0.26,28794
0.26,28723
0.26,28373
0.26,27816
0.26,27973
0.26,27689
0.26,28789
0.26,28506
0.26,28394
0.26,28515
0.26,28211
0.26,27876
0.26,27537
0.26,27297
0.26,27221
0.26,29030
0.26,28037
0.27,26361
0.27,26800
0.27,26690
0.27,27703
0.27,28226
0.27,28088
0.27,27537
0.27,27441
0.27,27345
0.27,27477
0.27,29158
0.27,29491
0.27,29875
0.27,30398
0.27,30407
0.27,30384
0.27,30268
0.27,30448
0.27,29698
0.27,29848
0.27,29639
0.27,29462
0.27,29741
0.27,29675
0.27,29810
0.27,29992
0.27,30200
0.27,29534
0.27,29829
0.27,29816
0.27,29876
0.27,29686
0.27,29680
0.27,29701
0.27,28748
0.27,28812
0.27,28851
0.27,29034
0.27,28724
0.27,28494
0.27,28370
0.27,28866
0.27,28706
0.27,28929
0.27,29158
0.27,29192
0.27,29248
0.27,29193
0.27,28997
0.27,29158
0.27,29417
0.27,28877
0.27,28616
0.27,28727
0.27,28867
0.27,29170
0.27,29266
0.27,29149
0.27,28689
0.27,28301
0.27,27945
0.27,28092
0.27,28049
0.27,28210
0.27,29053
0.27,28855
0.27,29072
0.28,28931
0.28,28337
0.28,29121
0.28,29010
0.28,29981
0.28,29924
0.28,30289
0.28,30041
0.28,30133
0.28,30828
0.28,27720
0.28,27070
0.28,26995
0.28,25858
0.28,26291
0.28,26252
0.28,26006
0.28,26501
0.28,26554
0.28,26062
0.28,26608
0.28,26512
0.28,26785
0.28,26789
0.28,26994
0.28,27085
0.28,28481
0.28,28422
0.28,28023
0.28,29594
0.28,29513
0.28,28507
0.28,29177
0.28,29404
0.28,28812
0.28,28827
0.28,28406
0.28,26597
0.28,27746
0.28,25506
0.28,25348
0.28,25432
0.28,25654
0.28,24722
0.28,24531
0.28,24284
0.28,25758
0.28,26031
0.28,26662
0.28,26163
0.28,26270
0.28,25967
0.28,26976
0.28,27036
0.28,27619
0.28,27450
0.28,27209
0.28,26995
0.28,26463
0.28,26344
0.28,26523
0.29,26761
0.29,26981
0.29,26784
0.29,26777
0.29,27131
0.29,27060
0.29,26965
0.29,26279
0.29,26197
0.29,25923
0.29,25094
0.29,25197
0.29,25244
0.29,25810
0.29,26206
0.29,26232
0.29,25789
0.29,26648
0.29,26004
0.29,26535
0.29,26700
0.29,26500
0.29,26678
0.29,26347
0.29,27170
0.29,27460
0.29,27642
0.29,28006
0.29,27747
0.29,27654
0.29,28897
0.29,28857
0.29,28554
0.29,28750
0.29,28847
0.29,30699
0.29,30766
0.29,31310
0.29,31303
0.29,29257
0.29,31259
0.29,31183
0.29,30769
0.29,30512
0.29,30666
0.29,31410
0.29,30869
0.29,30877
0.29,30863
0.29,31154
0.29,31059
0.29,31317
0.29,31275
0.29,31503
0.29,31167
0.29,31182
0.29,30596
0.29,30294
0.29,29945
0.29,29643
0.29,29684
0.29,29752
0.29,29449
0.29,28880
0.29,28580
0.29,27585
0.29,28116
0.30,28032
0.30,28133
0.30,28494
0.30,28695
0.30,28501
0.30,29028
0.30,29251
0.30,28905
0.30,29203
0.30,29003
0.30,29702
0.30,29746
0.30,29632
0.30,28838
0.30,29048
0.30,29416
0.30,29033
0.30,29341
0.30,29419
0.30,29684
0.30,30559
0.30,30239
0.30,30552
0.30,30420
0.30,30677
0.30,30982
0.30,31104
0.30,31107
0.30,31178
0.30,31363
0.30,31547
0.30,31109
0.30,31574
0.30,31328
0.30,30785
0.30,30587
0.30,30597
0.30,30766
0.30,30939
0.30,31554
0.30,30830
0.30,30865
0.30,30811
0.30,30615
0.30,30649
0.30,30820
0.30,30476
0.30,29928
0.30,30262
0.30,30275
0.30,30159
0.30,30226
0.30,30208
0.30,30203
0.30,30029
0.30,28799
0.30,28617
0.30,28639
0.30,28345
0.30,28426
0.30,29796
0.30,29026
0.30,28994
0.30,29376
0.30,29787
0.30,29834
0.30,30597
0.30,30650
0.31,31776
0.31,30998
0.31,29946
0.31,29550
0.31,29002
0.31,28387
0.31,26904
0.31,27001
0.31,26866
0.31,26964
0.31,26007
0.31,26259
0.31,26582
0.31,26923
0.31,26709
0.31,26909
0.31,26385
0.31,27962
0.31,28176
0.31,28219
0.31,29920
0.31,29987
0.31,29720
0.31,29577
0.31,29770
0.31,29934
0.31,29736
0.31,29746
0.31,31085
0.31,31401
0.31,31944
0.31,32065
0.31,31980
0.31,31976
0.31,32141
0.31,31371
0.31,30243
0.31,29604
0.31,29364
0.31,29286
0.31,28997
0.31,28819
0.31,29820
0.31,28822
0.31,28889
0.31,29152
0.31,29842
0.31,29074
0.31,29282
0.31,29759
0.31,29660
0.31,29212
0.31,29509
0.31,29397
0.31,29331
0.31,27999
0.31,27923
0.31,27849
0.31,27563
0.31,27693
0.31,28131
0.31,27819
0.31,28635
0.31,28513
0.31,29309
0.31,29375
0.31,30228
0.32,30641
0.32,30637
0.32,30320
0.32,29904
0.32,30090
0.32,30113
0.32,29287
0.32,29215
0.32,29580
0.32,29770
0.32,29688
0.32,29566
0.32,29542
0.32,29491
0.32,28247
0.32,27898
0.32,27779
0.32,28232
0.32,29692
0.32,28944
0.32,28846
0.32,29284
0.32,29736
0.32,29638
0.32,29598
0.32,29690
0.32,30193
0.32,30459
0.32,30959
0.32,30594
0.32,30117
0.32,29918
0.32,29746
0.32,29985
0.32,29318
0.32,28296
0.32,29628
0.32,29789
0.32,29479
0.32,29810
0.32,29655
0.32,29738
0.32,29159
0.32,29364
0.32,29313
0.32,28796
0.32,29997
0.32,29845
0.32,30440
0.32,30435
0.32,30528
0.32,30371
0.32,29357
0.32,28180
0.32,29046
0.32,29187
0.32,28842
0.32,29441
0.32,30006
0.32,27981
0.32,27829
0.32,27442
0.32,26989
0.32,26467
0.32,26646
0.32,26514
0.33,26293
0.33,26238
0.33,25004
0.33,25711
0.33,25634
0.33,25368
0.33,25348
0.33,25330
0.33,24906
0.33,25305
0.33,24993
0.33,25785
0.33,25837
0.33,25813
0.33,25748
0.33,27052
0.33,27081
0.33,27185
0.33,26325
0.33,26682
0.33,26800
0.33,27643
0.33,27038
0.33,27658
0.33,28417
0.33,28090
0.33,28353
0.33,28267
0.33,29406
0.33,29473
0.33,29475
0.33,29434
0.33,30338
0.33,30411
0.33,30520
0.33,30677
0.33,29718
0.33,29722
0.33,29722
0.33,29629
0.33,29709
0.33,29668
0.33,29269
0.33,29216
0.33,29752
0.33,30215
0.33,30240
0.33,30846
0.33,31572
0.33,33024
0.33,32807
0.33,32917
0.33,33177
0.33,33150
0.33,33192
0.33,33316
0.33,33191
0.33,32915
0.33,32824
0.33,32948
0.33,32798
0.33,33164
0.34,31081
0.34,31627
0.34,30363
0.34,30068
0.34,30024
0.34,30032
0.34,30098
0.34,30788
0.34,30362
0.34,29933
0.34,29960
0.34,29936
0.34,29881
0.34,29721
0.34,29451
0.34,28591
0.34,27917
0.34,28764
0.34,27908
0.34,27908
0.34,27720
0.34,27397
0.34,27350
0.34,28194
0.34,28580
0.34,28639
0.34,28570
0.34,28717
0.34,28724
0.34,27847
0.34,27947
0.34,27444
0.34,27431
0.34,28371
0.34,28183
0.34,28365
0.34,28709
0.34,29157
0.34,28764
0.34,28192
0.34,27802
0.34,27517
0.34,27313
0.34,27342
0.34,27897
0.34,27853
0.34,28065
0.34,28022
0.34,28589
0.34,28860
0.34,28624
0.34,29052
0.34,29052
0.34,29053
0.34,29455
0.34,29317
0.34,30066
0.34,30412
0.34,29532
0.34,29918
0.34,28766
0.34,29325
0.34,29436
0.34,29388
0.34,30234
0.34,30126
0.35,30342
0.35,30124
0.35,30724
0.35,31252
0.35,31086
0.35,31689
0.35,31719
0.35,30713
0.35,29445
0.35,30088
0.35,30643
0.35,30775
0.35,30858
0.35,30944
0.35,30082
0.35,30173
0.35,29188
0.35,28899
0.35,28977
0.35,29298
0.35,27709
0.35,29497
0.35,31338
0.35,30073
0.35,30381
0.35,31112
0.35,31077
0.35,30545
0.35,30741
0.35,31383
0.35,31167
0.35,31234
0.35,31431
0.35,31843
0.35,31793
0.35,32399
0.35,31973
0.35,32096
0.35,32606
0.35,32704
0.35,32581
0.35,32547
0.35,32579
0.35,32111
0.35,32113
0.35,32072
0.35,32136
0.35,29897
0.35,30096
0.35,29599
0.35,29464
0.35,29424
0.35,29286
0.35,29288
0.35,29587
0.35,29843
0.35,29906
0.35,30014
0.35,29121
0.35,29824
0.35,29900
0.35,28934
0.35,28374
0.35,28486
0.35,28725
0.35,29197
0.36,29319
0.36,29615
0.36,29391
0.36,28694
0.36,28277
0.36,27845
0.36,27702
0.36,28741
0.36,28625
0.36,27918
0.36,27293
0.36,28552
0.36,29319
0.36,29086
0.36,28939
0.36,30278
0.36,29733
0.36,30083
0.36,29051
0.36,28359
0.36,27827
0.36,28062
0.36,27741
0.36,28406
0.36,27613
0.36,27712
0.36,27566
0.36,27119
0.36,27474
0.36,27671
0.36,27689
0.36,27639
0.36,27701
0.36,27890
0.36,28743
0.36,28788
0.36,28425
0.36,28217
0.36,28615
0.36,28308
0.36,28593
0.36,26501
0.36,26429
0.36,26415
0.36,27854
0.36,27734
0.36,28864
0.36,28266
0.36,28296
0.36,29681
0.36,29998
0.36,30012
0.36,28873
0.36,28731
0.36,28965
0.36,29553
0.36,29480
0.36,29829
0.36,28652
0.36,28838
0.36,29420
0.36,29341
0.36,29493
0.36,30325
0.36,30554
0.37,30538
0.37,31854
0.37,31521
0.37,31510
0.37,31442
0.37,30781
0.37,30450
0.37,30520
0.37,29632
0.37,30841
0.37,30949
0.37,28735
0.37,28422
0.37,28225
0.37,28241
0.37,28279
0.37,27893
0.37,28612
0.37,28792
0.37,28508
0.37,28670
0.37,28439
0.37,28336
0.37,28195
0.37,30158
0.37,30908
0.37,30985
0.37,31334
0.37,31513
0.37,31282
0.37,31280
0.37,32015
0.37,32019
0.37,29510
0.37,29282
0.37,29551
0.37,29897
0.37,30771
0.37,31248
0.37,31767
0.37,30290
0.37,30296
0.37,29767
0.37,29783
0.37,30090
0.37,29996
0.37,30014
0.37,29667
0.37,29330
0.37,29268
0.37,29727
0.37,29991
0.37,28037
0.37,27997
0.37,27937
0.37,27946
0.37,29082
0.37,28929
0.37,28912
0.37,27572
0.37,27592
0.37,26877
0.37,26681
0.37,26494
0.38,27567
0.38,27577
0.38,27572
0.38,27089
0.38,27252
0.38,26478
0.38,26811
0.38,26905
0.38,25778
0.38,26242
0.38,26102
0.38,25863
0.38,26005
0.38,27007
0.38,27072
0.38,26244
0.38,26425
0.38,26335
0.38,26654
0.38,26761
0.38,26770
0.38,26872
0.38,28395
0.38,28954
0.38,27577
0.38,26804
0.38,26143
0.38,26216
0.38,26387
0.38,26794
0.38,28193
0.38,29910
0.38,30296
0.38,29563
0.38,29466
0.38,29613
0.38,28960
0.38,29092
0.38,29124
0.38,29136
0.38,29507
0.38,29213
0.38,28636
0.38,28912
0.38,28835
0.38,28788
0.38,28688
0.38,29372
0.38,29295
0.38,29425
0.38,29551
0.38,29831
0.38,30697
0.38,29634
0.38,29934
0.38,30041
0.38,30154
0.38,30088
0.38,29859
0.38,30037
0.38,29707
0.38,29540
0.38,29494
0.38,29939
0.38,30284
0.39,30500
0.39,30717
0.39,30764
0.39,31547
0.39,31258
0.39,30022
0.39,31357
0.39,30910
0.39,30858
0.39,31166
0.39,30819
0.39,30805
0.39,30577
0.39,29791
0.39,29825
0.39,30383
0.39,30182
0.39,30424
0.39,30410
0.39,30468
0.39,30415
0.39,30425
0.39,30239
0.39,30376
0.39,30083
0.39,30084
0.39,29949
0.39,29797
0.39,29224
0.39,29458
0.39,30498
0.39,30299
0.39,30423
0.39,30316
0.39,30172
0.39,29934
0.39,30416
0.39,30042
0.39,30277
0.39,30423
0.39,29954
0.39,28821
0.39,28839
0.39,28765
0.39,28674
0.39,27808
0.39,27712
0.39,27640
0.39,27101
0.39,27008
0.39,26801
0.39,26246
0.39,26118
0.39,26305
0.39,26114
0.39,27193
0.39,27581
0.39,26912
0.39,26973
0.39,26739
0.39,27027
0.39,26974
0.39,26925
0.39,26287
0.39,26395
0.39,26790
0.39,26342
0.40,26336
0.40,26335
0.40,26200
0.40,26448
0.40,27259
0.40,27416
0.40,27713
0.40,28251
0.40,28194
0.40,27984
0.40,27805
0.40,27832
0.40,27835
0.40,28240
0.40,28364
0.40,27739
0.40,28747
0.40,28739
0.40,28396
0.40,28631
0.40,28977
0.40,29009
0.40,29612
0.40,29611
0.40,29025
0.40,28102
0.40,27775
0.40,28053
0.40,28876
0.40,29630
0.40,29748
0.40,29966
0.40,29967
0.40,29891
0.40,29304
0.40,29350
0.40,29386
0.40,29344
0.40,28824
0.40,28429
0.40,28430
0.40,29224
0.40,29223
0.40,28964
0.40,30271
0.40,30221
0.40,30373
0.40,28831
0.40,28585
0.40,29172
0.40,29363
0.40,28234
0.40,28452
0.40,28119
0.40,28557
0.40,29589
0.40,28940
0.40,28186
0.40,28369
0.40,28574
0.40,28952
0.40,29683
0.40,29485
0.40,29729
0.40,29768
0.40,29926
0.40,29025
0.40,30443
0.41,29877
0.41,30535
0.41,31248
0.41,31216
0.41,31342
0.41,31550
0.41,31775
0.41,31358
0.41,31178
0.41,32474
0.41,32644
0.41,32848
0.41,32184
0.41,32294
0.41,31946
0.41,32501
0.41,32518
0.41,32478
0.41,32119
0.41,32174
0.41,32230
0.41,32415
0.41,32572
0.41,32545
0.41,32388
0.41,31658
0.41,31610
0.41,31942
0.41,31448
0.41,31767
0.41,31440
0.41,31392
0.41,31731
0.41,31127
0.41,31980
0.41,32967
0.41,32553
0.41,32580
0.41,32169
0.41,32330
0.41,32098
0.41,31802
0.41,31576
0.41,30393
0.41,30314
0.41,31158
0.41,30982
0.41,30682
0.41,30618
0.41,30486
0.41,30222
0.41,29972
0.41,30353
0.41,31039
0.41,29593
0.41,29609
0.41,29219
0.41,29699
0.41,30711
0.41,30310
0.41,31099
0.41,30730
0.41,31246
0.41,31303
0.41,31970
0.41,32243
0.41,31858
0.41,30806
0.42,31399
0.42,31224
0.42,31223
0.42,31167
0.42,30971
0.42,30849
0.42,30757
0.42,30418
0.42,31060
0.42,31280
0.42,31178
0.42,31379
0.42,31784
0.42,31772
0.42,31784
0.42,31352
0.42,31355
0.42,31339
0.42,31740
0.42,31452
0.42,31728
0.42,32233
0.42,31221
0.42,31106
0.42,29917
0.42,30150
0.42,30306
0.42,30368
0.42,30749
0.42,30621
0.42,30613
0.42,30391
0.42,30270
0.42,30123
0.42,30134
0.42,30080
0.42,31030
0.42,30476
0.42,30517
0.42,30144
0.42,30447
0.42,30425
0.42,30381
0.42,29850
0.42,29786
0.42,29884
0.42,28649
0.42,28716
0.42,29126
0.42,28762
0.42,28612
0.42,29826
0.42,29813
0.42,29506
0.42,29530
0.42,29410
0.42,28298
0.42,28703
0.42,29380
0.42,28703
0.42,28330
0.42,28314
0.42,28818
0.42,29325
0.42,29517
0.43,29377
0.43,28760
0.43,29593
0.43,30137
0.43,29631
0.43,29754
0.43,31171
0.43,31089
0.43,30773
0.43,31891
0.43,31750
0.43,31242
0.43,30937
0.43,30827
0.43,31244
0.43,31126
0.43,31826
0.43,32267
0.43,32284
0.43,32174
0.43,32123
0.43,30954
0.43,30945
0.43,31329
0.43,29863
0.43,30063
0.43,29790
0.43,29429
0.43,29437
0.43,29560
0.43,29671
0.43,31417
0.43,31492
0.43,31155
0.43,31464
0.43,31571
0.43,29894
0.43,29891
0.43,29258
0.43,29179
0.43,29190
0.43,28056
0.43,28073
0.43,28911
0.43,28909
0.43,27906
0.43,28116
0.43,27664
0.43,27614
0.43,27573
0.43,28102
0.43,27711
0.43,27832
0.43,27915
0.43,28723
0.43,30119
0.43,30096
0.43,30666
0.43,29383
0.43,29484
0.43,30018
0.44,29713
0.44,29583
0.44,29944
0.44,27910
0.44,27826
0.44,27103
0.44,29049
0.44,28987
0.44,29549
0.44,29509
0.44,29638
0.44,29983
0.44,28825
0.44,28920
0.44,29856
0.44,29785
0.44,29663
0.44,29786
0.44,30230
0.44,29730
0.44,29655
0.44,29187
0.44,29367
0.44,29077
0.44,29923
0.44,29504
0.44,29439
0.44,29452
0.44,29839
0.44,30505
0.44,31440
0.44,31592
0.44,31613
0.44,32206
0.44,32214
0.44,31466
0.44,31556
0.44,31372
0.44,31381
0.44,31406
0.44,31358
0.44,31712
0.44,31242
0.44,30873
0.44,31509
0.44,31633
0.44,31605
0.44,31987
0.44,31609
0.44,31987
0.44,31781
0.44,31689
0.44,32648
0.44,32137
0.44,31389
0.44,30781
0.44,31082
0.44,31489
0.44,30860
0.44,30408
0.44,30355
0.44,30146
0.44,29849
0.45,29759
0.45,30055
0.45,30040
0.45,29816
0.45,30770
0.45,30571
0.45,30870
0.45,30261
0.45,31214
0.45,31291
0.45,31604
0.45,31811
0.45,31779
0.45,31591
0.45,31200
0.45,31789
0.45,31963
0.45,32238
0.45,32135
0.45,32375
0.45,32668
0.45,31869
0.45,31740
0.45,31251
0.45,31712
0.45,31542
0.45,31779
0.45,32096
0.45,32337
0.45,33041
0.45,32718
0.45,32596
0.45,32763
0.45,32838
0.45,33058
0.45,32260
0.45,32406
0.45,32387
0.45,32447
0.45,32430
0.45,32373
0.45,32313
0.45,32429
0.45,32833
0.45,32880
0.45,32815
0.45,32634
0.45,32627
0.45,33079
0.45,32485
0.45,32733
0.45,32514
0.45,32091
0.45,32709
0.45,32103
0.45,31985
0.45,31905
0.45,31603
0.45,31330
0.45,32120
0.45,31838
0.45,31679
0.45,31148
0.45,31682
0.46,32270
0.46,32294
0.46,32401
0.46,31784
0.46,31501
0.46,31501
0.46,31141
0.46,31514
0.46,31291
0.46,31321
0.46,31271
0.46,31535
0.46,30850
0.46,30855
0.46,30903
0.46,30011
0.46,29668
0.46,30055
0.46,29955
0.46,29856
0.46,29453
0.46,29960
0.46,29789
0.46,29510
0.46,29640
0.46,29435
0.46,29653
0.46,29878
0.46,30359
0.46,30181
0.46,30420
0.46,29083
0.46,29220
0.46,28543
0.46,29266
0.46,28962
0.46,29111
0.46,29581
0.46,29611
0.46,29282
0.46,28562
0.46,29342
0.46,29912
0.46,29475
0.46,29334
0.46,29261
0.46,29223
0.46,29378
0.46,29329
0.46,28726
0.46,28768
0.46,29249
0.46,29490
0.46,28672
0.46,28454
0.46,28534
0.46,28496
0.46,28789
0.46,28991
0.46,28755
0.46,28951
0.47,29948
0.47,29654
0.47,30616
0.47,30715
0.47,30087
0.47,30355
0.47,30382
0.47,30722
0.47,31352
0.47,31589
0.47,30875
0.47,30817
0.47,30895
0.47,30890
0.47,30807
0.47,30749
0.47,31080
0.47,31139
0.47,31444
0.47,31115
0.47,31584
0.47,32437
0.47,32564
0.47,32760
0.47,29759
0.47,30374
0.47,29535
0.47,29700
0.47,30288
0.47,30532
0.47,30762
0.47,30868
0.47,30895
0.47,30779
0.47,30118
0.47,29946
0.47,29912
0.47,29233
0.47,29176
0.47,29227
0.47,29143
0.47,29347
0.47,28659
0.47,28582
0.47,28553
0.47,28619
0.47,28862
0.47,28699
0.47,28698
0.47,27997
0.47,28279
0.47,28268
0.47,27764
0.47,27632
0.47,28569
0.47,28567
0.47,29250
0.47,29004
0.47,28974
0.47,30153
0.47,30123
0.47,29998
0.47,30258
0.47,30259
0.47,29938
0.47,31270
0.48,31651
0.48,31504
0.48,31459
0.48,31706
0.48,32244
0.48,32397
0.48,32395
0.48,31987
0.48,32485
0.48,31856
0.48,31442
0.48,30770
0.48,30459
0.48,29944
0.48,30016
0.48,29709
0.48,29899
0.48,30269
0.48,29093
0.48,29369
0.48,30214
0.48,29938
0.48,29946
0.48,29826
0.48,30950
0.48,31197
0.48,31055
0.48,31170
0.48,31225
0.48,31224
0.48,30925
0.48,30750
0.48,31393
0.48,31201
0.48,30278
0.48,30415
0.48,30699
0.48,32060
0.48,31681
0.48,31624
0.48,31036
0.48,30613
0.48,30642
0.48,31406
0.48,31407
0.48,30807
0.48,30311
0.48,30518
0.48,30420
0.48,30679
0.48,29762
0.48,29761
0.48,30073
0.48,30308
0.48,30210
0.48,30541
0.48,30385
0.48,30444
0.48,29851
0.48,29870
0.48,29598
0.48,29223
0.48,30254
0.48,29282
0.48,29059
0.48,27608
0.48,27576
0.49,28222
0.49,27600
0.49,28030
0.49,28556
0.49,28795
0.49,28200
0.49,28127
0.49,28202
0.49,29744
0.49,30424
0.49,30354
0.49,30097
0.49,30054
0.49,30581
0.49,30505
0.49,30844
0.49,30756
0.49,30814
0.49,30653
0.49,30515
0.49,30167
0.49,30015
0.49,30007
0.49,30116
0.49,31128
0.49,31235
0.49,31005
0.49,30947
0.49,31090
0.49,31167
0.49,28919
0.49,28890
0.49,28844
0.49,28523
0.49,28674
0.49,29180
0.49,29154
0.49,29380
0.49,29551
0.49,29506
0.49,29771
0.49,29765
0.49,30316
0.49,32666
0.49,31236
0.49,31379
0.49,31393
0.49,31477
0.49,32119
0.49,32090
0.49,32036
0.49,31508
0.49,29346
0.49,29769
0.49,28858
0.49,29034
0.49,29010
0.49,28753
0.49,28912
0.49,28733
0.49,27934
0.49,28077
0.49,28246
0.49,28362
0.49,28340
0.49,28942
0.49,29034
0.50,28118
0.50,29703
0.50,29938
0.50,29969
0.50,29964
0.50,29773
0.50,29764
0.50,30365
0.50,30078
0.50,29966
0.50,31332
0.50,31189
0.50,31209
0.50,31549
0.50,31274
0.50,31255
0.50,30820
0.50,30481
0.50,29101
0.50,29625
0.50,29171
0.50,29191
0.50,29815
0.50,29472
0.50,29536
0.50,29987
0.50,29787
0.50,30594
0.50,30842
0.50,30574
0.50,31061
0.50,30788
0.50,29778
0.50,29490
0.50,30146
0.50,30200
0.50,29719
0.50,29619
0.50,29893
0.50,30137
0.50,29935
0.50,29221
0.50,29185
0.50,28688
0.50,28519
0.50,28493
0.50,28797
0.50,28849
0.50,28197
0.50,28843
0.50,28569
0.50,28293
0.50,29056
0.50,29392
0.50,29643
0.50,29815
0.50,30001
0.50,29597
0.50,29564
0.50,29303
0.50,28985
0.51,28587
0.51,28794
0.51,28722
0.51,28591
0.51,28268
0.51,27932
0.51,27897
0.51,27991
0.51,28170
0.51,27961
0.51,28294
0.51,28413
0.51,28615
0.51,29642
0.51,30693
0.51,31031
0.51,30924
0.51,31446
0.51,31306
0.51,31352
0.51,30295
0.51,29739
0.51,30536
0.51,30886
0.51,31075
0.51,32021
0.51,31602
0.51,31741
0.51,31911
0.51,31322
0.51,30076
0.51,29828
0.51,30819
0.51,29955
0.51,29909
0.51,29834
0.51,26784
0.51,27492
0.51,26794
0.51,26739
0.51,26424
0.51,26501
0.51,26452
0.51,25911
0.51,26388
0.51,25089
0.51,26403
0.51,27940
0.51,28656
0.51,28840
0.51,28595
0.51,28817
0.51,28714
0.51,28478
0.51,27481
0.51,27256
0.51,27245
0.51,27762
0.51,27865
0.51,27959
0.51,28777
0.51,28735
0.51,28718
0.51,29445
0.51,29054
0.51,29486
0.52,29318
0.52,28410
0.52,28201
0.52,28670
0.52,28576
0.52,29348
0.52,29078
0.52,28413
0.52,29027
0.52,29800
0.52,30154
0.52,30326
0.52,30218
0.52,29958
0.52,30572
0.52,30401
0.52,30066
0.52,30326
0.52,30072
0.52,29344
0.52,29626
0.52,29208
0.52,29496
0.52,31345
0.52,31280
0.52,30255
0.52,30894
0.52,30881
0.52,30853
0.52,30182
0.52,30108
0.52,30300
0.52,30306
0.52,29996
0.52,29786
0.52,28839
0.52,28744
0.52,29163
0.52,29584
0.52,28941
0.52,27991
0.52,27956
0.52,27951
0.52,28146
0.52,28204
0.52,28140
0.52,28261
0.52,28109
0.52,28639
0.52,28713
0.52,28225
0.52,27455
0.52,28307
0.52,28519
0.52,28562
0.52,28574
0.52,29141
0.52,29019
0.52,28948
0.52,28396
0.52,27720
0.52,27453
0.52,27857
0.52,29120
0.52,29611
0.52,29575
0.53,29527
0.53,29277
0.53,28245
0.53,28828
0.53,29693
0.53,29426
0.53,29462
0.53,29600
0.53,28968
0.53,28634
0.53,28725
0.53,28723
0.53,28641
0.53,30784
0.53,30360
0.53,30269
0.53,30115
0.53,29825
0.53,30348
0.53,29352
0.53,29350
0.53,29954
0.53,29961
0.53,30820
0.53,30623
0.53,30372
0.53,30153
0.53,30742
0.53,30210
0.53,29987
0.53,29155
0.53,29246
0.53,28988
0.53,28860
0.53,29115
0.53,29158
0.53,28977
0.53,29165
0.53,29486
0.53,29871
0.53,30036
0.53,30378
0.53,30361
0.53,29761
0.53,29608
0.53,29581
0.53,29058
0.53,28970
0.53,28870
0.53,26990
0.53,27150
0.53,27203
0.53,26162
0.53,26060
0.53,25730
0.53,25208
0.53,25268
0.53,25284
0.53,26217
0.53,25911
0.53,26032
0.54,26252
0.54,26687
0.54,26444
0.54,26387
0.54,27020
0.54,27191
0.54,27866
0.54,27400
0.54,26941
0.54,27407
0.54,30728
0.54,30711
0.54,31578
0.54,31416
0.54,31513
0.54,31501
0.54,31288
0.54,31545
0.54,31620
0.54,31175
0.54,31864
0.54,31816
0.54,31196
0.54,31167
0.54,30750
0.54,30734
0.54,30320
0.54,30409
0.54,29784
0.54,29982
0.54,29893
0.54,28385
0.54,28364
0.54,28712
0.54,28478
0.54,29832
0.54,29184
0.54,28971
0.54,28743
0.54,28750
0.54,28693
0.54,28642
0.54,28517
0.54,29161
0.54,29099
0.54,29735
0.54,30105
0.54,29770
0.54,29730
0.54,29523
0.54,29168
0.54,29234
0.54,29999
0.54,30806
0.54,30456
0.54,29495
0.54,29580
0.54,27565
0.54,26547
0.54,26828
0.54,26847
0.54,26633
0.54,25644
0.54,26920
0.54,25018
0.54,23858
0.55,23528
0.55,23709
0.55,23990
0.55,24025
0.55,24443
0.55,24938
0.55,24666
0.55,24452
0.55,24615
0.55,25032
0.55,25818
0.55,25729
0.55,26195
0.55,26099
0.55,26675
0.55,26345
0.55,25847
0.55,25755
0.55,27418
0.55,27348
0.55,28548
0.55,28733
0.55,29114
0.55,29347
0.55,29678
0.55,30138
0.55,30068
0.55,29929
0.55,29758
0.55,29471
0.55,30140
0.55,29939
0.55,29660
0.55,29852
0.55,29860
0.55,29835
0.55,29334
0.55,29393
0.55,29465
0.55,29349
0.55,29483
0.55,29990
0.55,30807
0.55,30688
0.55,30907
0.55,30806
0.55,31013
0.55,31004
0.55,31532
0.55,31682
0.55,30955
0.55,31503
0.55,31550
0.55,30575
0.55,30554
0.55,30133
0.55,30367
0.55,29805
0.55,28558
0.56,29082
0.56,28327
0.56,28184
0.56,28196
0.56,27165
0.56,27281
0.56,27603
0.56,26081
0.56,26348
0.56,26390
0.56,25756
0.56,25799
0.56,26372
0.56,26743
0.56,27595
0.56,28289
0.56,28693
0.56,28446
0.56,29837
0.56,29700
0.56,29007
0.56,29364
0.56,29397
0.56,29340
0.56,28390
0.56,27880
0.56,26551
0.56,26523
0.56,26781
0.56,27299
0.56,27109
0.56,28690
0.56,29412
0.56,29233
0.56,29502
0.56,29825
0.56,29830
0.56,29211
0.56,28294
0.56,28503
0.56,28616
0.56,28408
0.56,27702
0.56,27298
0.56,27047
0.56,28360
0.56,29456
0.56,29190
0.56,29238
0.56,28094
0.56,27995
0.56,28080
0.56,28298
0.56,26755
0.56,26302
0.56,26292
0.56,27833
0.57,27381
0.57,28014
0.57,27946
0.57,27669
0.57,27921
0.57,27882
0.57,27453
0.57,27401
0.57,27735
0.57,28173
0.57,28622
0.57,28467
0.57,28212
0.57,29473
0.57,29473
0.57,29124
0.57,29181
0.57,28740
0.57,28544
0.57,28561
0.57,28455
0.57,28848
0.57,28515
0.57,28601
0.57,29346
0.57,29460
0.57,29577
0.57,29952
0.57,29987
0.57,30537
0.57,30572
0.57,29908
0.57,29598
0.57,28358
0.57,27563
0.57,27770
0.57,27428
0.57,27280
0.57,27371
0.57,28619
0.57,28133
0.57,27672
0.57,28256
0.57,27761
0.57,26705
0.57,26688
0.57,26814
0.57,26547
0.57,26586
0.57,26676
0.57,26773
0.57,26788
0.57,26831
0.57,27212
0.57,27766
0.57,28152
0.57,28455
0.57,28862
0.57,28855
0.57,28770
0.57,29418
0.57,29959
0.57,30437
0.57,30357
0.57,30060
0.58,30633
0.58,29883
0.58,29637
0.58,29551
0.58,29518
0.58,29501
0.58,29648
0.58,29747
0.58,30187
0.58,30100
0.58,30273
0.58,30372
0.58,30084
0.58,29988
0.58,28993
0.58,28954
0.58,29936
0.58,29908
0.58,30004
0.58,31716
0.58,30691
0.58,30671
0.58,29745
0.58,29591
0.58,29609
0.58,29265
0.58,28960
0.58,28889
0.58,28880
0.58,28755
0.58,28510
0.58,28555
0.58,28474
0.58,27525
0.58,27786
0.58,27430
0.58,28237
0.58,27714
0.58,27779
0.58,27584
0.58,26628
0.58,26799
0.58,27560
0.58,27819
0.58,27789
0.58,27755
0.58,27979
0.58,27979
0.58,27968
0.58,28017
0.58,28091
0.58,28566
0.58,28205
0.58,28299
0.58,28560
0.58,28607
0.58,28331
0.58,29248
0.58,29617
0.58,30527
0.58,30388
0.58,29381
0.58,30505
0.58,31069
0.58,30691
0.58,30849
0.59,30803
0.59,30994
0.59,31394
0.59,30437
0.59,30553
0.59,30835
0.59,31538
0.59,30921
0.59,31142
0.59,30908
0.59,30831
0.59,29805
0.59,30178
0.59,30314
0.59,29847
0.59,29706
0.59,29741
0.59,29242
0.59,27842
0.59,28342
0.59,28098
0.59,28281
0.59,27905
0.59,28641
0.59,29012
0.59,28689
0.59,28496
0.59,28089
0.59,27139
0.59,27381
0.59,26845
0.59,27280
0.59,27219
0.59,27278
0.59,27645
0.59,28012
0.59,28884
0.59,28363
0.59,28464
0.59,28618
0.59,28480
0.59,28517
0.59,28561
0.59,27652
0.59,27658
0.59,27842
0.59,27990
0.59,29281
0.59,29778
0.59,29966
0.59,30376
0.59,30541
0.59,30550
0.59,30928
0.59,30909
0.59,31205
0.59,31217
0.59,31240
0.59,31244
0.59,31181
0.60,31371
0.60,31525
0.60,30277
0.60,30205
0.60,30108
0.60,28302
0.60,27036
0.60,27465
0.60,27490
0.60,26799
0.60,26856
0.60,27529
0.60,27713
0.60,28728
0.60,28782
0.60,28504
0.60,29797
0.60,30010
0.60,29938
0.60,31233
0.60,30900
0.60,30420
0.60,30597
0.60,30842
0.60,30662
0.60,30770
0.60,30462
0.60,30477
0.60,30323
0.60,29692
0.60,29776
0.60,30134
0.60,30126
0.60,29759
0.60,29634
0.60,29601
0.60,29489
0.60,29335
0.60,29270
0.60,29358
0.60,29667
0.60,29747
0.60,29828
0.60,29618
0.60,29402
0.60,30082
0.60,30067
0.60,30075
0.60,30013
0.60,29563
0.60,29447
0.60,29259
0.60,29222
0.60,28988
0.60,29224
0.60,29119
0.60,29067
0.60,29293
0.60,28925
0.60,29075
0.60,29054
0.60,29071
0.60,29587
0.60,29225
0.60,29224
0.61,29265
0.61,30350
0.61,30312
0.61,30345
0.61,30392
0.61,30583
0.61,30556
0.61,30523
0.61,30361
0.61,30510
0.61,30877
0.61,31382
0.61,31198
0.61,31605
0.61,30893
0.61,30891
0.61,31718
0.61,31792
0.61,31572
0.61,29775
0.61,29526
0.61,29703
0.61,29811
0.61,30584
0.61,30629
0.61,30854
0.61,31309
0.61,32039
0.61,32117
0.61,31779
0.61,31882
0.61,31795
0.61,31472
0.61,31618
0.61,31446
0.61,29081
0.61,29113
0.61,29102
0.61,29137
0.61,28749
0.61,28391
0.61,28456
0.61,28597
0.61,28282
0.61,28101
0.61,28120
0.61,28142
0.61,28334
0.61,27831
0.61,28711
0.61,29195
0.61,28387
0.61,29161
0.61,29367
0.61,29695
0.61,29720
0.61,29402
0.61,29739
0.61,28753
0.61,27859
0.61,28217
0.61,28296
0.61,28148
0.62,28107
0.62,29184
0.62,29241
0.62,29175
0.62,29441
0.62,27700
0.62,27748
0.62,28446
0.62,28685
0.62,29493
0.62,29502
0.62,29124
0.62,30137
0.62,29985
0.62,30318
0.62,30497
0.62,30248
0.62,29874
0.62,30334
0.62,30591
0.62,30510
0.62,29438
0.62,30145
0.62,30626
0.62,30526
0.62,30473
0.62,29239
0.62,27968
0.62,28216
0.62,28468
0.62,27589
0.62,26958
0.62,27792
0.62,28000
0.62,28283
0.62,27324
0.62,28682
0.62,28673
0.62,29011
0.62,29279
0.62,28432
0.62,28236
0.62,28396
0.62,28030
0.62,29245
0.62,29482
0.62,29204
0.62,29953
0.62,30952
0.62,30963
0.62,30418
0.62,29548
0.62,30404
0.62,31067
0.62,31155
0.62,30919
0.62,29216
0.62,29344
0.62,28089
0.62,29792
0.62,28479
0.62,28537
0.63,28311
0.63,27162
0.63,26442
0.63,26419
0.63,26819
0.63,25350
0.63,25529
0.63,26772
0.63,27073
0.63,27568
0.63,27548
0.63,27892
0.63,28076
0.63,28470
0.63,28350
0.63,27891
0.63,27944
0.63,28056
0.63,28587
0.63,28630
0.63,29359
0.63,29132
0.63,28265
0.63,29000
0.63,28885
0.63,28608
0.63,28710
0.63,29108
0.63,28917
0.63,28278
0.63,29007
0.63,29058
0.63,28242
0.63,27637
0.63,27510
0.63,27985
0.63,27545
0.63,28661
0.63,27545
0.63,28517
0.63,28685
0.63,28166
0.63,28191
0.63,28744
0.63,28271
0.63,28967
0.63,28928
0.63,29141
0.63,29237
0.63,28471
0.63,28465
0.63,27251
0.63,27340
0.63,26867
0.63,27088
0.63,27164
0.63,27176
0.63,27614
0.63,27536
0.63,27104
0.63,27705
0.64,27051
0.64,27639
0.64,27226
0.64,26473
0.64,28819
0.64,28860
0.64,28832
0.64,28864
0.64,28951
0.64,29480
0.64,28544
0.64,28882
0.64,29053
0.64,29069
0.64,31117
0.64,31317
0.64,32580
0.64,31285
0.64,29311
0.64,28406
0.64,28125
0.64,27539
0.64,27117
0.64,27582
0.64,26331
0.64,26733
0.64,26528
0.64,26082
0.64,26329
0.64,26771
0.64,27216
0.64,27772
0.64,27631
0.64,27647
0.64,28299
0.64,28104
0.64,27556
0.64,27439
0.64,28067
0.64,28075
0.64,27820
0.64,27598
0.64,27713
0.64,27553
0.64,27470
0.64,27308
0.64,27123
0.64,27224
0.64,27064
0.64,27296
0.64,27704
0.64,28026
0.64,29515
0.64,29632
0.64,27616
0.64,27526
0.64,26640
0.64,26782
0.65,26925
0.65,26741
0.65,25105
0.65,25735
0.65,25317
0.65,25247
0.65,25601
0.65,26103
0.65,26224
0.65,26186
0.65,25818
0.65,25661
0.65,25417
0.65,26174
0.65,26819
0.65,27185
0.65,27133
0.65,27210
0.65,27077
0.65,26879
0.65,26335
0.65,26458
0.65,26652
0.65,27758
0.65,26701
0.65,26791
0.65,27397
0.65,27503
0.65,26891
0.65,26979
0.65,26805
0.65,27064
0.65,27322
0.65,27175
0.65,27776
0.65,27874
0.65,27172
0.65,27116
0.65,28219
0.65,28327
0.65,28317
0.65,28700
0.65,28949
0.65,29294
0.65,29048
0.65,28838
0.65,28489
0.65,29369
0.65,29384
0.65,29462
0.65,29347
0.65,29402
0.65,29065
0.65,28962
0.65,28887
0.65,28555
0.65,28778
0.65,28688
0.65,28831
0.66,31244
0.66,29957
0.66,29305
0.66,29255
0.66,29190
0.66,30158
0.66,30108
0.66,31279
0.66,29530
0.66,29857
0.66,29852
0.66,30090
0.66,30061
0.66,30348
0.66,30536
0.66,31306
0.66,31393
0.66,29989
0.66,30094
0.66,30041
0.66,30701
0.66,30319
0.66,30245
0.66,29507
0.66,29140
0.66,27375
0.66,28523
0.66,28597
0.66,28741
0.66,28493
0.66,28470
0.66,28802
0.66,29136
0.66,29000
0.66,28974
0.66,29188
0.66,29184
0.66,29112
0.66,29635
0.66,29866
0.66,29829
0.66,29938
0.66,30332
0.66,30319
0.66,30524
0.66,30545
0.66,30242
0.66,30483
0.66,30773
0.66,30314
0.66,30225
0.66,30586
0.66,30138
0.66,29526
0.66,29040
0.66,29134
0.66,29083
0.66,29705
0.66,29438
0.66,29478
0.67,27992
0.67,27770
0.67,28421
0.67,28186
0.67,27715
0.67,29268
0.67,29085
0.67,29257
0.67,29364
0.67,30011
0.67,29858
0.67,29935
0.67,30536
0.67,30541
0.67,30523
0.67,30535
0.67,30283
0.67,28974
0.67,28706
0.67,28287
0.67,28918
0.67,28684
0.67,28689
0.67,28709
0.67,28293
0.67,28290
0.67,27890
0.67,27996
0.67,27514
0.67,28033
0.67,28344
0.67,27944
0.67,28137
0.67,28506
0.67,29404
0.67,29415
0.67,28365
0.67,28111
0.67,28001
0.67,27848
0.67,28276
0.67,27834
0.67,28022
0.67,27627
0.67,27344
0.67,27349
0.67,26381
0.67,25913
0.67,25927
0.67,26803
0.67,26803
0.67,26980
0.67,28453
0.67,28106
0.67,27930
0.67,28368
0.67,27762
0.67,27868
0.67,28564
0.67,29012
0.67,28968
0.67,29753
0.67,30508
0.67,31034
0.67,30831
0.68,29624
0.68,29760
0.68,29732
0.68,29736
0.68,27314
0.68,27391
0.68,27463
0.68,29680
0.68,29775
0.68,29344
0.68,29662
0.68,29491
0.68,29938
0.68,29388
0.68,29185
0.68,29001
0.68,28285
0.68,27312
0.68,27583
0.68,27830
0.68,27455
0.68,28642
0.68,29142
0.68,28474
0.68,29062
0.68,29113
0.68,29062
0.68,28674
0.68,29456
0.68,29605
0.68,28724
0.68,28829
0.68,28110
0.68,27424
0.68,27581
0.68,26752
0.68,27549
0.68,27643
0.68,27934
0.68,26978
0.68,26824
0.68,26895
0.68,26930
0.68,27666
0.68,27522
0.68,27882
0.68,28732
0.68,28600
0.68,28807
0.68,29147
0.68,29345
0.68,29522
0.68,29384
0.68,28869
0.68,28851
0.68,29656
0.68,29479
0.68,29485
0.68,29916
0.68,29954
0.68,30543
0.69,30707
0.69,30817
0.69,30521
0.69,30810
0.69,30909
0.69,30885
0.69,30280
0.69,30052
0.69,30349
0.69,30508
0.69,31385
0.69,30754
0.69,31020
0.69,31014
0.69,30701
0.69,30560
0.69,30138
0.69,30369
0.69,30275
0.69,30616
0.69,30602
0.69,30520
0.69,30710
0.69,30786
0.69,30808
0.69,30667
0.69,30051
0.69,30118
0.69,29132
0.69,28253
0.69,27748
0.69,27948
0.69,27394
0.69,26416
0.69,26606
0.69,26947
0.69,26467
0.69,26439
0.69,27833
0.69,28081
0.69,28289
0.69,28159
0.69,27988
0.69,28858
0.69,29019
0.69,29317
0.69,29337
0.69,28862
0.69,29045
0.69,29039
0.69,29162
0.69,29182
0.69,29463
0.69,30365
0.69,30415
0.69,29723
0.69,30666
0.69,30497
0.69,30884
0.69,32084
0.69,31141
0.69,31249
0.69,31350
0.69,31609
0.69,29860
0.70,29818
0.70,29833
0.70,29898
0.70,30011
0.70,29579
0.70,30082
0.70,30510
0.70,28867
0.70,28582
0.70,28479
0.70,28492
0.70,28364
0.70,28286
0.70,28530
0.70,27697
0.70,27505
0.70,27131
0.70,27118
0.70,26905
0.70,26726
0.70,26619
0.70,26471
0.70,26148
0.70,26193
0.70,25917
0.70,25870
0.70,25825
0.70,25872
0.70,25447
0.70,25212
0.70,24418
0.70,24449
0.70,24388
0.70,24629
0.70,24085
0.70,24083
0.70,24166
0.70,24114
0.70,23728
0.70,24139
0.70,24452
0.70,24419
0.70,25191
0.70,25072
0.70,24883
0.70,25128
0.70,26080
0.70,26445
0.70,26698
0.70,27994
0.70,28044
0.70,27439
0.70,26590
0.70,26629
0.70,26450
0.70,26577
0.70,25671
0.70,24719
0.70,25875
0.70,26755
0.71,27010
0.71,27548
0.71,27783
0.71,28240
0.71,29796
0.71,29216
0.71,28980
0.71,29649
0.71,29486
0.71,29450
0.71,29408
0.71,29548
0.71,29328
0.71,27841
0.71,28894
0.71,28849
0.71,28657
0.71,29149
0.71,29045
0.71,29120
0.71,28934
0.71,28950
0.71,29206
0.71,29146
0.71,29229
0.71,28887
0.71,28431
0.71,28660
0.71,27894
0.71,27546
0.71,26953
0.71,27335
0.71,27311
0.71,27542
0.71,27078
0.71,26808
0.71,26441
0.71,26469
0.71,26485
0.71,26544
0.71,25682
0.71,25615
0.71,25388
0.71,24281
0.71,24327
0.71,24437
0.71,24163
0.71,25216
0.71,25864
0.71,26412
0.71,26690
0.71,26641
0.71,27185
0.71,27431
0.71,27354
0.71,27007
0.71,26986
0.71,26793
0.71,26725
0.71,26252
0.72,26442
0.72,26459
0.72,26700
0.72,26131
0.72,26296
0.72,26884
0.72,26784
0.72,27065
0.72,27805
0.72,28412
0.72,28027
0.72,28525
0.72,30268
0.72,30277
0.72,30134
0.72,31520
0.72,29900
0.72,29965
0.72,29966
0.72,30155
0.72,30084
0.72,30838
0.72,30696
0.72,30287
0.72,29339
0.72,29772
0.72,29809
0.72,29755
0.72,27660
0.72,27552
0.72,27699
0.72,27738
0.72,27724
0.72,27582
0.72,27225
0.72,27562
0.72,27826
0.72,27594
0.72,27984
0.72,27367
0.72,27410
0.72,27563
0.72,26040
0.72,26288
0.72,27625
0.72,27720
0.72,28479
0.72,29348
0.72,28985
0.72,29935
0.72,30622
0.72,29366
0.72,29658
0.72,29688
0.72,29701
0.72,29678
0.72,29236
0.72,29384
0.72,29151
0.73,29208
0.73,29142
0.73,28427
0.73,27978
0.73,29326
0.73,29345
0.73,29740
0.73,29662
0.73,29482
0.73,28879
0.73,28603
0.73,28826
0.73,28637
0.73,30711
0.73,31081
0.73,31058
0.73,30932
0.73,30843
0.73,30538
0.73,30459
0.73,30094
0.73,30007
0.73,29627
0.73,29633
0.73,29623
0.73,29754
0.73,29157
0.73,29090
0.73,28620
0.73,28695
0.73,28853
0.73,28861
0.73,28579
0.73,28548
0.73,28111
0.73,27876
0.73,27410
0.73,26337
0.73,26578
0.73,26116
0.73,26308
0.73,25802
0.73,27187
0.73,26324
0.73,26319
0.73,25832
0.73,26015
0.73,26029
0.73,26554
0.73,25564
0.73,25444
0.73,25610
0.73,25727
0.73,25506
0.73,25649
0.73,25646
0.73,25653
0.73,25267
0.73,25081
0.74,25275
0.74,25275
0.74,25627
0.74,25645
0.74,25050
0.74,25354
0.74,25461
0.74,27013
0.74,27503
0.74,27561
0.74,27815
0.74,27774
0.74,27689
0.74,27747
0.74,27763
0.74,28447
0.74,27666
0.74,28605
0.74,29250
0.74,28711
0.74,28204
0.74,29166
0.74,30040
0.74,30003
0.74,30073
0.74,29957
0.74,30044
0.74,30494
0.74,30117
0.74,29408
0.74,30097
0.74,29296
0.74,29222
0.74,29347
0.74,30205
0.74,30498
0.74,31197
0.74,31158
0.74,30311
0.74,30857
0.74,30826
0.74,31500
0.75,31977
0.75,32045
0.75,32216
0.75,31732
0.75,31854
0.75,30706
0.75,30700
0.75,30904
0.75,30887
0.75,30836
0.75,29477
0.75,29780
0.75,29671
0.75,29884
0.75,29985
0.75,29502
0.75,29798
0.75,30715
0.75,29971
0.75,29336
0.75,29870
0.75,29769
0.75,28923
0.75,29153
0.75,29404
0.75,29334
0.75,28808
0.75,28995
0.75,29060
0.75,28654
0.75,28241
0.75,28495
0.75,27470
0.75,27678
0.75,28102
0.75,28804
0.75,29687
0.75,29135
0.75,28455
0.75,28010
0.75,28868
0.75,28914
0.75,28528
0.75,27822
0.75,26992
0.75,27095
0.75,26862
0.75,27777
0.75,27712
0.75,27962
0.75,27992
0.75,28763
0.75,28125
0.75,28042
0.75,27920
0.76,27904
0.76,27400
0.76,26631
0.76,26760
0.76,26931
0.76,26547
0.76,26721
0.76,27611
0.76,27775
0.76,27765
0.76,27781
0.76,27125
0.76,26540
0.76,26633
0.76,26774
0.76,26673
0.76,26913
0.76,26299
0.76,28081
0.76,27953
0.76,26906
0.76,26849
0.76,27637
0.76,27563
0.76,27331
0.76,27355
0.76,26460
0.76,26692
0.76,26341
0.76,26414
0.76,25859
0.76,25651
0.76,25625
0.76,25488
0.76,25287
0.76,25832
0.76,25782
0.76,25629
0.76,26464
0.76,26684
0.76,27286
0.76,26607
0.76,26067
0.76,26521
0.76,27650
0.76,28397
0.76,28206
0.76,29631
0.76,29541
0.76,30085
0.76,29598
0.76,30836
0.76,30305
0.76,29639
0.77,29338
0.77,29205
0.77,28645
0.77,28356
0.77,27360
0.77,27130
0.77,27893
0.77,27959
0.77,27913
0.77,28083
0.77,29194
0.77,28888
0.77,28721
0.77,29277
0.77,29460
0.77,29495
0.77,29518
0.77,29464
0.77,29427
0.77,29429
0.77,29185
0.77,29077
0.77,28885
0.77,28549
0.77,28535
0.77,28481
0.77,28354
0.77,28151
0.77,28060
0.77,27630
0.77,27074
0.77,27078
0.77,26968
0.77,27164
0.77,27569
0.77,25785
0.77,25963
0.77,25640
0.77,26066
0.77,25705
0.77,25187
0.77,25654
0.77,26107
0.77,26641
0.77,27190
0.77,27047
0.77,27172
0.77,27565
0.77,27184
0.77,27052
0.77,26953
0.77,26688
0.77,26727
0.77,26124
0.77,26834
0.77,26992
0.77,27090
0.77,26932
0.77,27013
0.77,26688
0.78,27334
0.78,26927
0.78,26937
0.78,27109
0.78,27062
0.78,27281
0.78,25718
0.78,25887
0.78,26746
0.78,26749
0.78,26701
0.78,27127
0.78,27276
0.78,27362
0.78,28109
0.78,29090
0.78,29128
0.78,28671
0.78,28090
0.78,26942
0.78,27916
0.78,26921
0.78,28078
0.78,28252
0.78,28130
0.78,28497
0.78,28443
0.78,28609
0.78,28065
0.78,27063
0.78,27809
0.78,28031
0.78,28184
0.78,28051
0.78,29506
0.78,29388
0.78,29591
0.78,29347
0.78,29485
0.78,26613
0.78,26968
0.78,27133
0.78,26690
0.78,27494
0.78,27463
0.78,26152
0.78,25937
0.78,26362
0.78,26824
0.78,26608
0.78,26363
0.78,26496
0.78,27584
0.78,26872
0.78,26995
0.78,27189
0.79,27566
0.79,27135
0.79,27178
0.79,28927
0.79,28797
0.79,29363
0.79,29396
0.79,29564
0.79,29503
0.79,29424
0.79,29337
0.79,29876
0.79,30387
0.79,30327
0.79,30378
0.79,30416
0.79,30690
0.79,30333
0.79,30216
0.79,30432
0.79,30455
0.79,30574
0.79,30517
0.79,30542
0.79,29633
0.79,30043
0.79,31642
0.79,32107
0.79,32060
0.79,32055
0.79,32248
0.79,31996
0.79,31804
0.79,31844
0.79,31651
0.79,31712
0.79,30807
0.79,30080
0.79,30185
0.79,30351
0.79,30348
0.79,28289
0.79,28711
0.79,28016
0.79,28579
0.79,28713
0.79,29084
0.79,29411
0.79,29924
0.79,29973
0.79,30308
0.79,29964
0.79,29684
0.79,29300
0.79,29660
0.79,30211
0.79,30388
0.79,29752
0.80,28872
0.80,28690
0.80,29198
0.80,29318
0.80,29712
0.80,29964
0.80,29437
0.80,29303
0.80,29266
0.80,29513
0.80,25842
0.80,26718
0.80,26520
0.80,27459
0.80,27208
0.80,27120
0.80,27042
0.80,27319
0.80,27262
0.80,27467
0.80,26138
0.80,25059
0.80,25044
0.80,25040
0.80,25497
0.80,25599
0.80,25634
0.80,25477
0.80,24963
0.80,24663
0.80,25480
0.80,25156
0.80,24986
0.80,24821
0.80,24595
0.80,24555
0.80,24535
0.80,25094
0.80,25158
0.80,25065
0.80,24504
0.80,24968
0.80,27268
0.80,27424
0.80,26579
0.80,27437
0.80,27058
0.80,27558
0.80,27617
0.80,27728
0.80,27790
0.80,27752
0.80,27699
0.80,27248
0.80,27817
0.80,28058
0.81,28347
0.81,28513
0.81,27750
0.81,27541
0.81,27560
0.81,27862
0.81,27575
0.81,26947
0.81,26421
0.81,26680
0.81,26240
0.81,26457
0.81,27605
0.81,27610
0.81,27324
0.81,27309
0.81,27402
0.81,27179
0.81,26954
0.81,27685
0.81,27139
0.81,28046
0.81,30071
0.81,29965
0.81,30098
0.81,29371
0.81,29306
0.81,29465
0.81,29231
0.81,28548
0.81,28914
0.81,29250
0.81,29791
0.81,29586
0.81,28953
0.81,29004
0.81,28842
0.81,28668
0.81,29200
0.81,29163
0.81,29110
0.81,28229
0.81,28616
0.81,28628
0.81,28654
0.81,27917
0.81,28290
0.81,27835
0.81,27884
0.81,27888
0.81,28165
0.81,27721
0.81,27723
0.81,27699
0.81,26907
0.81,27134
0.82,26810
0.82,27682
0.82,27675
0.82,28225
0.82,27214
0.82,26870
0.82,26761
0.82,27007
0.82,26991
0.82,27203
0.82,26990
0.82,26074
0.82,26432
0.82,26801
0.82,25813
0.82,26047
0.82,26028
0.82,26068
0.82,25895
0.82,26939
0.82,26618
0.82,26529
0.82,26491
0.82,24737
0.82,25012
0.82,24609
0.82,24955
0.82,26033
0.82,25941
0.82,25599
0.82,24801
0.82,24929
0.82,25024
0.82,24469
0.82,25047
0.82,24370
0.82,25246
0.82,24918
0.82,25037
0.82,25224
0.82,25619
0.82,25192
0.82,25580
0.82,25114
0.82,24880
0.82,25228
0.82,25104
0.82,25068
0.82,24786
0.82,24292
0.82,24487
0.82,24278
0.82,24618
0.82,25319
0.82,25484
0.83,25565
0.83,25490
0.83,25990
0.83,28446
0.83,28259
0.83,28221
0.83,28582
0.83,28699
0.83,28729
0.83,27903
0.83,27478
0.83,27752
0.83,27713
0.83,26850
0.83,27046
0.83,28081
0.83,27901
0.83,26610
0.83,26073
0.83,26502
0.83,26745
0.83,26917
0.83,27070
0.83,26903
0.83,27120
0.83,27479
0.83,27524
0.83,27786
0.83,28293
0.83,28330
0.83,28023
0.83,27716
0.83,28147
0.83,28181
0.83,28393
0.83,28518
0.83,29317
0.83,29117
0.83,29216
0.83,29039
0.83,29532
0.83,29823
0.83,29844
0.83,29861
0.83,29863
0.83,29987
0.83,28333
0.83,28888
0.83,28708
0.83,28581
0.83,27513
0.83,27248
0.83,27203
0.83,27695
0.83,28347
0.83,28609
0.83,28654
0.83,28718
0.83,28850
0.83,29505
0.84,29469
0.84,29354
0.84,29237
0.84,29197
0.84,29362
0.84,29479
0.84,28813
0.84,29040
0.84,28573
0.84,28707
0.84,29869
0.84,30150
0.84,30794
0.84,30777
0.84,30654
0.84,30476
0.84,30325
0.84,30319
0.84,30173
0.84,30200
0.84,29671
0.84,28829
0.84,28843
0.84,28814
0.84,28887
0.84,29503
0.84,29077
0.84,29047
0.84,28753
0.84,28880
0.84,29053
0.84,29474
0.84,29141
0.84,28124
0.84,28827
0.84,28132
0.84,28258
0.84,28274
0.84,29678
0.84,29640
0.84,29474
0.84,29374
0.84,29653
0.84,28857
0.84,28832
0.84,28666
0.84,28728
0.84,28210
0.84,28459
0.84,29045
0.84,27927
0.84,28511
0.84,28538
0.84,28450
0.84,28869
0.85,29661
0.85,30045
0.85,30768
0.85,30756
0.85,30320
0.85,30307
0.85,31031
0.85,31024
0.85,30436
0.85,30471
0.85,30408
0.85,30359
0.85,30309
0.85,30207
0.85,30108
0.85,29975
0.85,29557
0.85,29299
0.85,29088
0.85,28680
0.85,28550
0.85,28786
0.85,29294
0.85,29620
0.85,30092
0.85,29918
0.85,30360
0.85,30963
0.85,30902
0.85,30901
0.85,30833
0.85,30157
0.85,30918
0.85,30611
0.85,30453
0.85,30189
0.85,30189
0.85,30259
0.85,30183
0.85,30259
0.85,29980
0.85,30793
0.85,30727
0.85,30847
0.85,30826
0.85,30439
0.85,30715
0.85,31431
0.85,31092
0.85,30879
0.85,31010
0.85,31068
0.85,31282
0.85,30904
0.85,30953
0.85,30945
0.85,30811
0.85,30131
0.85,28735
0.85,28736
0.85,28453
0.86,26527
0.86,25858
0.86,25288
0.86,25445
0.86,25707
0.86,26137
0.86,25330
0.86,25189
0.86,25309
0.86,26011
0.86,25750
0.86,26015
0.86,26238
0.86,25904
0.86,25838
0.86,25607
0.86,25838
0.86,25900
0.86,26328
0.86,26295
0.86,26022
0.86,26005
0.86,26051
0.86,26046
0.86,25557
0.86,25878
0.86,25704
0.86,25466
0.86,25818
0.86,26061
0.86,26803
0.86,26744
0.86,26225
0.86,25740
0.86,28458
0.86,28437
0.86,27915
0.86,27810
0.86,27736
0.86,27554
0.86,28161
0.86,27792
0.86,27803
0.86,27650
0.86,27652
0.86,27830
0.86,27821
0.86,27948
0.86,28348
0.86,28423
0.87,28489
0.87,28967
0.87,29543
0.87,28446
0.87,28008
0.87,27746
0.87,27320
0.87,26004
0.87,26254
0.87,26964
0.87,27051
0.87,26955
0.87,26926
0.87,26995
0.87,26162
0.87,26637
0.87,26465
0.87,26464
0.87,27316
0.87,27447
0.87,27386
0.87,27017
0.87,27202
0.87,27409
0.87,29338
0.87,29278
0.87,29171
0.87,30288
0.87,30037
0.87,30087
0.87,30002
0.87,30067
0.87,29905
0.87,29587
0.87,29788
0.87,29828
0.87,30043
0.87,30266
0.87,30479
0.87,30729
0.87,30943
0.87,30995
0.87,30616
0.87,30486
0.87,30050
0.87,29477
0.87,30153
0.87,30025
0.87,29982
0.87,29749
0.87,29677
0.87,29661
0.87,29705
0.87,29287
0.87,28897
0.87,28956
0.87,28946
0.87,26944
0.88,26178
0.88,26347
0.88,25734
0.88,26534
0.88,26923
0.88,26864
0.88,27036
0.88,26912
0.88,26921
0.88,26923
0.88,26712
0.88,27060
0.88,26896
0.88,26650
0.88,26672
0.88,26837
0.88,26672
0.88,26530
0.88,25414
0.88,25376
0.88,25589
0.88,25403
0.88,25365
0.88,25689
0.88,25766
0.88,25728
0.88,25708
0.88,26096
0.88,26134
0.88,25756
0.88,25132
0.88,25223
0.88,25259
0.88,25472
0.88,24904
0.88,24127
0.88,24149
0.88,24332
0.88,23876
0.88,25021
0.88,25075
0.88,25527
0.88,25594
0.88,25652
0.88,25749
0.88,26333
0.88,26327
0.88,26385
0.88,25659
0.88,25976
0.88,25975
0.88,26114
0.88,26034
0.88,26571
0.88,27847
0.88,28097
0.88,28260
0.88,27958
0.88,27750
0.88,27533
0.88,27862
0.88,27825
0.89,27873
0.89,27819
0.89,27919
0.89,27954
0.89,27652
0.89,27970
0.89,27439
0.89,27436
0.89,27421
0.89,27385
0.89,26973
0.89,26197
0.89,26249
0.89,26292
0.89,26259
0.89,26580
0.89,26727
0.89,26616
0.89,24473
0.89,24988
0.89,24216
0.89,24109
0.89,24123
0.89,25367
0.89,25169
0.89,25210
0.89,26356
0.89,26042
0.89,26150
0.89,25867
0.89,26181
0.89,26163
0.89,26320
0.89,26478
0.89,27116
0.89,27178
0.89,27801
0.89,27907
0.89,27221
0.89,27030
0.89,27044
0.89,26459
0.89,25373
0.89,25280
0.89,24770
0.90,24821
0.90,25134
0.90,24770
0.90,24780
0.90,25355
0.90,26137
0.90,26204
0.90,26682
0.90,25167
0.90,25216
0.90,25189
0.90,24690
0.90,24606
0.90,23981
0.90,23837
0.90,23691
0.90,23733
0.90,23975
0.90,25192
0.90,26000
0.90,26204
0.90,26031
0.90,25704
0.90,26049
0.90,25609
0.90,25511
0.90,25593
0.90,25591
0.90,25492
0.90,25507
0.90,25526
0.90,25496
0.90,26496
0.90,26268
0.90,26321
0.90,26389
0.90,26222
0.90,26116
0.90,26618
0.90,26185
0.90,26123
0.90,26670
0.90,26374
0.90,25894
0.90,26178
0.90,26228
0.90,26451
0.90,26250
0.90,26185
0.90,26311
0.90,25837
0.91,25864
0.91,25661
0.91,25746
0.91,25758
0.91,25845
0.91,26151
0.91,26259
0.91,26069
0.91,26124
0.91,25988
0.91,26071
0.91,26058
0.91,26171
0.91,26000
0.91,26357
0.91,25410
0.91,25716
0.91,26264
0.91,26287
0.91,26261
0.91,25952
0.91,25699
0.91,26244
0.91,26936
0.91,26843
0.91,26532
0.91,26941
0.91,27102
0.91,26492
0.91,26564
0.91,26731
0.91,26239
0.91,26350
0.91,26273
0.91,26896
0.91,26853
0.91,26939
0.91,27388
0.91,26975
0.91,26731
0.91,26957
0.91,27273
0.91,27276
0.91,26279
0.91,26115
0.91,26228
0.91,25897
0.91,25193
0.92,25277
0.92,25361
0.92,25253
0.92,25209
0.92,25190
0.92,25282
0.92,25525
0.92,25909
0.92,25699
0.92,24977
0.92,25325
0.92,25190
0.92,25376
0.92,24713
0.92,24905
0.92,25535
0.92,25309
0.92,26290
0.92,27070
0.92,26953
0.92,26322
0.92,27008
0.92,27163
0.92,26895
0.92,27225
0.92,25971
0.92,25748
0.92,25769
0.92,25810
0.92,25476
0.92,25428
0.92,25635
0.92,27624
0.92,27674
0.92,27604
0.92,27298
0.92,27271
0.92,26593
0.92,27194
0.92,27171
0.92,28241
0.92,27160
0.92,26634
0.92,26924
0.92,27082
0.92,27718
0.92,27239
0.92,28225
0.92,28672
0.92,27857
0.92,27663
0.92,27685
0.92,27362
0.92,26589
0.92,26591
0.92,26679
0.92,26821
0.92,27799
0.92,28193
0.92,28376
0.92,28374
0.93,28602
0.93,28111
0.93,28607
0.93,28474
0.93,29543
0.93,29460
0.93,29228
0.93,29329
0.93,28340
0.93,27990
0.93,27905
0.93,27597
0.93,27888
0.93,27865
0.93,28386
0.93,28743
0.93,28754
0.93,28576
0.93,28228
0.93,28280
0.93,28175
0.93,28045
0.93,28210
0.93,27970
0.93,27809
0.93,28992
0.93,29167
0.93,29081
0.93,29977
0.93,29367
0.93,29454
0.93,29528
0.93,29842
0.93,30067
0.93,27638
0.93,27137
0.93,27384
0.93,27509
0.93,26540
0.93,26355
0.93,26306
0.93,26687
0.93,27460
0.93,27608
0.93,27635
0.93,27929
0.93,28463
0.93,28376
0.93,28368
0.93,29072
0.93,27969
0.93,27858
0.94,28020
0.94,28267
0.94,28495
0.94,28304
0.94,27915
0.94,27825
0.94,27781
0.94,27995
0.94,28237
0.94,27197
0.94,26941
0.94,26629
0.94,26952
0.94,26855
0.94,26208
0.94,25770
0.94,25957
0.94,25935
0.94,26357
0.94,25090
0.94,24408
0.94,24282
0.94,24283
0.94,24271
0.94,24152
0.94,24052
0.94,23721
0.94,24407
0.94,24252
0.94,24525
0.94,24133
0.94,24365
0.94,24286
0.94,23834
0.94,23706
0.94,23749
0.94,23853
0.94,25548
0.94,25913
0.94,25957
0.94,25914
0.95,25395
0.95,26164
0.95,26072
0.95,25836
0.95,25664
0.95,26335
0.95,26288
0.95,26314
0.95,26927
0.95,27162
0.95,27998
0.95,27485
0.95,28547
0.95,28726
0.95,28223
0.95,28253
0.95,28223
0.95,28253
0.95,28138
0.95,28851
0.95,28764
0.95,28912
0.95,28611
0.95,28729
0.95,27833
0.95,28459
0.95,28815
0.95,27708
0.95,27739
0.95,27878
0.95,27805
0.95,28100
0.95,27222
0.95,26305
0.95,26405
0.95,25871
0.95,25971
0.95,25805
0.95,25305
0.95,26660
0.95,27048
0.95,27587
0.95,27120
0.95,27982
0.95,28365
0.95,28327
0.96,27989
0.96,27903
0.96,26394
0.96,26918
0.96,25790
0.96,25615
0.96,25631
0.96,25693
0.96,25709
0.96,26035
0.96,26666
0.96,26664
0.96,26496
0.96,26309
0.96,25958
0.96,25479
0.96,25315
0.96,25471
0.96,24390
0.96,25317
0.96,24962
0.96,25336
0.96,25386
0.96,24888
0.96,23455
0.96,23346
0.96,23192
0.96,23713
0.96,23753
0.96,23984
0.96,24238
0.96,24496
0.96,24503
0.96,24386
0.96,24694
0.96,25169
0.96,25667
0.96,25493
0.96,25810
0.96,25855
0.97,26202
0.97,26938
0.97,26648
0.97,26762
0.97,26574
0.97,26386
0.97,26673
0.97,26731
0.97,27008
0.97,27267
0.97,27019
0.97,27029
0.97,27252
0.97,27355
0.97,27294
0.97,28028
0.97,26964
0.97,26975
0.97,26841
0.97,26790
0.97,26690
0.97,26835
0.97,26717
0.97,26592
0.97,25976
0.97,26030
0.97,26547
0.97,26817
0.97,26792
0.97,27149
0.97,27177
0.97,28147
0.97,28275
0.97,27895
0.97,27842
0.97,28403
0.97,28838
0.97,29090
0.97,29600
0.97,29510
0.97,28028
0.97,28457
0.97,28429
0.97,27659
0.97,27628
0.97,27584
0.98,26896
0.98,26940
0.98,27676
0.98,28382
0.98,28980
0.98,29220
0.98,28787
0.98,28904
0.98,27552
0.98,27121
0.98,26853
0.98,26020
0.98,25752
0.98,26044
0.98,25335
0.98,25428
0.98,25996
0.98,26025
0.98,25970
0.98,26669
0.98,26640
0.98,26868
0.98,27040
0.98,26729
0.98,26927
0.98,26128
0.98,26065
0.98,25772
0.98,25470
0.98,25663
0.98,26032
0.98,24741
0.98,25091
0.98,25559
0.98,26125
0.98,25335
0.98,25178
0.98,25020
0.98,25094
0.98,25202
0.98,24323
0.98,24174
0.98,24087
0.98,24547
0.98,24741
0.98,24861
0.98,25008
0.98,25584
0.98,25617
0.99,25732
0.99,25295
0.99,25316
0.99,25347
0.99,23917
0.99,23976
0.99,23093
0.99,23257
0.99,23331
0.99,23108
0.99,22659
0.99,22665
0.99,21100
0.99,20991
0.99,20745
0.99,20783
0.99,20927
0.99,20764
0.99,20646
0.99,20439
0.99,20489
0.99,20576
0.99,20513
0.99,20461
0.99,20415
0.99,20266
0.99,20321
0.99,20211
0.99,20212
0.99,20229
0.99,20257
0.99,20256
0.99,20419
0.99,20615
0.99,20230
0.99,20717
0.99,20935
0.99,21636
1.00,21189
1.00,21587
1.00,22025
1.00,22065
1.00,21749
1.00,22437
1.00,22679
1.00,22663
1.00,22947
1.00,22993
1.00,23487
1.00,22908
1.00,22803
1.00,22752
1.00,22580
1.00,22627
1.00,22708
1.00,22646
1.00,23108
1.00,22824
1.00,21802
1.00,21764
1.00,21674
1.00,21915
1.00,21908
1.00,21642
1.00,21649
1.00,21722
1.00,21862
1.00,22409
1.00,22196
1.00,21429
1.00,21528
1.01,21765
1.01,21950
1.01,21980
1.01,21950
1.01,22371
1.01,22168
1.01,22107
1.01,21662
1.01,20424
1.01,20461
1.01,20264
1.01,20179
1.01,20215
1.01,20664
1.01,20618
1.01,21148
1.01,21157
1.01,20808
1.01,21083
1.01,21547
1.01,20627
1.01,21577
1.01,21581
1.01,21549
1.01,21574
1.01,21736
1.01,21603
1.01,21520
1.01,21747
1.01,21834
1.01,21912
1.01,22142
1.01,21857
1.01,22801
1.01,21800
1.01,21552
1.01,22557
1.01,22549
1.02,22164
1.02,22403
1.02,22535
1.02,22399
1.02,22912
1.02,23308
1.02,22988
1.02,22739
1.02,22631
1.02,22831
1.02,22527
1.02,22738
1.02,23208
1.02,23338
1.02,23926
1.02,25602
1.02,25689
1.02,26065
1.02,26079
1.02,26275
1.02,26238
1.02,26365
1.02,26144
1.02,25397
1.02,24878
1.02,25292
1.02,24994
1.02,25237
1.02,25206
1.02,25443
1.02,25565
1.02,24532
1.02,25136
1.02,25128
1.02,25631
1.02,26018
1.02,26211
1.02,26230
1.02,26450
1.02,25690
1.02,25700
1.02,26247
1.02,25601
1.02,25079
1.02,25099
1.02,25789
1.03,25735
1.03,26293
1.03,25892
1.03,26190
1.03,26087
1.03,26086
1.03,26664
1.03,26091
1.03,26101
1.03,25879
1.03,25758
1.03,25357
1.03,25738
1.03,25607
1.03,25386
1.03,25815
1.03,26078
1.03,25805
1.03,25968
1.03,26316
1.03,26244
1.03,26207
1.03,25791
1.03,26235
1.03,26639
1.03,24705
1.03,24860
1.03,23518
1.03,23449
1.03,23742
1.03,23771
1.03,23725
1.03,23082
1.03,23210
1.03,23467
1.03,23264
1.03,23168
1.03,23264
1.03,23439
1.03,23484
1.03,23315
1.03,23194
1.03,23524
1.03,23117
1.03,23556
1.03,23641
1.03,24179
1.03,23872
1.03,23676
1.03,23523
1.04,23771
1.04,23352
1.04,23149
1.04,22971
1.04,22298
1.04,22370
1.04,22311
1.04,22742
1.04,22799
1.04,23196
1.04,22713
1.04,21914
1.04,21847
1.04,21552
1.04,21364
1.04,21436
1.04,21351
1.04,21034
1.04,21336
1.04,21674
1.04,21525
1.04,22761
1.04,22834
1.04,22951
1.04,22614
1.04,22421
1.04,22020
1.04,22166
1.04,22095
1.04,22002
1.04,22487
1.04,22566
1.04,23015
1.04,23214
1.04,23138
1.04,23214
1.04,23368
1.04,23360
1.04,23250
1.04,23608
1.04,25351
1.04,25365
1.04,25689
1.04,25880
1.04,25065
1.05,25354
1.05,25373
1.05,25196
1.05,25184
1.05,25468
1.05,25180
1.05,25001
1.05,24634
1.05,24527
1.05,24346
1.05,23920
1.05,23923
1.05,24073
1.05,24213
1.05,24116
1.05,24364
1.05,24417
1.05,24492
1.05,24378
1.05,24012
1.05,23880
1.05,24515
1.05,24807
1.05,24630
1.05,24473
1.05,24433
1.05,24867
1.05,25011
1.05,24419
1.05,24631
1.05,24417
1.05,24500
1.05,24670
1.05,24780
1.05,24744
1.06,24535
1.06,24657
1.06,24681
1.06,25359
1.06,25170
1.06,24807
1.06,24725
1.06,24630
1.06,25798
1.06,25683
1.06,25808
1.06,25805
1.06,24899
1.06,24801
1.06,26249
1.06,26258
1.06,26401
1.06,26311
1.06,26530
1.06,26577
1.06,26933
1.06,26899
1.06,26746
1.06,26784
1.06,26421
1.06,26165
1.06,26197
1.06,26833
1.06,26896
1.06,26970
1.06,26986
1.06,24933
1.06,25205
1.06,25603
1.06,24717
1.06,24894
1.06,24726
1.06,24802
1.06,24915
1.06,24860
1.07,24613
1.07,24820
1.07,24662
1.07,24585
1.07,24420
1.07,24648
1.07,24974
1.07,24921
1.07,24815
1.07,25224
1.07,25932
1.07,25843
1.07,26366
1.07,26178
1.07,25616
1.07,25729
1.07,25720
1.07,25974
1.07,25919
1.07,26473
1.07,26208
1.07,25829
1.07,25614
1.07,25567
1.07,26077
1.07,25347
1.07,25600
1.07,26016
1.07,25925
1.07,26290
1.07,25601
1.07,25151
1.07,25045
1.07,25251
1.07,25403
1.07,25452
1.07,25648
1.07,25645
1.07,24329
1.07,24213
1.08,25430
1.08,25530
1.08,25162
1.08,25793
1.08,26326
1.08,26331
1.08,26577
1.08,25731
1.08,25357
1.08,25109
1.08,25156
1.08,25618
1.08,25773
1.08,25731
1.08,25692
1.08,24798
1.08,24460
1.08,24565
1.08,24931
1.08,24716
1.08,24775
1.08,24793
1.08,24807
1.08,25021
1.08,24846
1.08,24885
1.08,23583
1.08,23660
1.08,20772
1.08,20769
1.08,20515
1.08,20594
1.08,20544
1.08,20576
1.08,20583
1.08,20023
1.08,20841
1.08,20690
1.08,20400
1.08,20961
1.09,22073
1.09,22367
1.09,23096
1.09,22918
1.09,22194
1.09,21497
1.09,21566
1.09,21490
1.09,21788
1.09,21855
1.09,21777
1.09,21853
1.09,22081
1.09,22478
1.09,21917
1.09,22044
1.09,22246
1.09,21688
1.09,21665
1.09,22000
1.09,21950
1.09,21967
1.09,22228
1.09,21243
1.09,21303
1.09,21280
1.09,21241
1.09,21021
1.10,21002
1.10,21756
1.10,22406
1.10,22541
1.10,22527
1.10,22928
1.10,23202
1.10,23220
1.10,22710
1.10,22768
1.10,22982
1.10,22994
1.10,24157
1.10,26252
1.10,26612
1.10,26398
1.10,26496
1.10,26082
1.10,26202
1.10,26136
1.10,25745
1.10,26200
1.10,26213
1.10,26336
1.10,25939
1.10,25927
1.10,25408
1.10,24291
1.10,25377
1.10,25318
1.10,25311
1.10,25107
1.10,24906
1.10,25231
1.10,25089
1.10,25091
1.10,24373
1.10,24464
1.10,23836
1.10,23149
1.10,23814
1.10,24029
1.10,24071
1.10,23707
1.11,23595
1.11,23676
1.11,23830
1.11,23886
1.11,23752
1.11,23541
1.11,23559
1.11,23392
1.11,23228
1.11,23314
1.11,22659
1.11,23066
1.11,23091
1.11,23335
1.11,23403
1.11,23477
1.11,23844
1.11,23514
1.11,23294
1.11,22921
1.11,22724
1.11,22857
1.11,23144
1.11,23114
1.11,22987
1.11,23739
1.11,24256
1.11,23765
1.11,23145
1.11,22694
1.11,22945
1.11,22772
1.11,22973
1.11,22659
1.12,22749
1.12,22732
1.12,23259
1.12,23401
1.12,23196
1.12,23066
1.12,23368
1.12,23434
1.12,23330
1.12,24500
1.12,23706
1.12,23194
1.12,23319
1.12,22927
1.12,23215
1.12,22843
1.12,23141
1.12,22826
1.12,21709
1.12,21362
1.12,21526
1.12,21589
1.12,21358
1.12,22509
1.12,22633
1.12,22259
1.12,22730
1.12,22976
1.12,23526
1.12,23257
1.12,23281
1.12,23256
1.12,23232
1.12,23514
1.12,23285
1.13,23200
1.13,22538
1.13,22469
1.13,22502
1.13,22190
1.13,22306
1.13,22118
1.13,22304
1.13,22390
1.13,22406
1.13,22588
1.13,22547
1.13,22595
1.13,22582
1.13,22356
1.13,21876
1.13,22464
1.13,22539
1.13,22712
1.13,23068
1.13,22897
1.13,22897
1.13,22545
1.13,22416
1.13,22125
1.13,22831
1.13,22936
1.13,23038
1.13,22846
1.13,22411
1.13,22279
1.13,22273
1.13,22288
1.13,22499
1.13,21995
1.13,21693
1.13,22001
1.13,22057
1.14,22486
1.14,22402
1.14,22312
1.14,21704
1.14,21944
1.14,21864
1.14,22599
1.14,22495
1.14,22138
1.14,21968
1.14,21588
1.14,22089
1.14,22007
1.14,21658
1.14,21694
1.14,21328
1.14,22632
1.14,22728
1.14,22726
1.14,22668
1.14,22784
1.14,22649
1.14,22809
1.14,22813
1.14,23012
1.14,22791
1.14,22978
1.14,22465
1.14,22897
1.14,22592
1.14,22712
1.14,22587
1.14,22832
1.15,23876
1.15,23590
1.15,23503
1.15,23229
1.15,22356
1.15,22507
1.15,22648
1.15,22612
1.15,22854
1.15,22838
1.15,22457
1.15,21989
1.15,21890
1.15,21883
1.15,21950
1.15,21935
1.15,21831
1.15,22848
1.15,21772
1.15,21582
1.15,20873
1.15,20548
1.15,20471
1.15,20659
1.15,21159
1.15,21326
1.15,21237
1.15,21185
1.15,21519
1.15,21531
1.15,21895
1.15,22455
1.16,21808
1.16,21722
1.16,22014
1.16,22174
1.16,22657
1.16,23195
1.16,23009
1.16,23056
1.16,23111
1.16,23207
1.16,23080
1.16,23199
1.16,22920
1.16,22894
1.16,23111
1.16,23149
1.16,23909
1.16,24116
1.16,24041
1.16,23940
1.16,23772
1.16,23811
1.16,24021
1.16,24082
1.16,24158
1.16,24438
1.16,24492
1.16,25298
1.16,25098
1.16,24770
1.16,24546
1.16,24602
1.16,24658
1.16,24303
1.16,24058
1.16,23681
1.16,23153
1.16,23172
1.17,22956
1.17,23269
1.17,22717
1.17,22028
1.17,22667
1.17,22575
1.17,22862
1.17,22044
1.17,22572
1.17,22377
1.17,22364
1.17,22149
1.17,23136
1.17,22190
1.17,22191
1.17,22077
1.17,22366
1.17,22321
1.17,22359
1.17,22447
1.17,21819
1.17,21839
1.17,22125
1.17,22156
1.17,22152
1.17,21725
1.17,22116
1.17,22132
1.17,21787
1.17,21546
1.17,21550
1.17,21452
1.17,21016
1.17,21226
1.17,20997
1.17,21120
1.18,21124
1.18,21228
1.18,21526
1.18,21524
1.18,21451
1.18,21061
1.18,21156
1.18,21433
1.18,21344
1.18,21207
1.18,21298
1.18,21394
1.18,21358
1.18,21443
1.18,21732
1.18,21438
1.18,21477
1.18,20953
1.18,20132
1.18,20173
1.18,21005
1.18,21132
1.18,21214
1.18,21221
1.18,20950
1.18,20791
1.18,20310
1.18,19994
1.18,19515
1.18,19551
1.19,19872
1.19,19905
1.19,19508
1.19,19880
1.19,19970
1.19,20339
1.19,20770
1.19,20859
1.19,21652
1.19,21599
1.19,21578
1.19,20990
1.19,20968
1.19,21019
1.19,21000
1.19,20827
1.19,21236
1.19,21418
1.19,21269
1.19,21661
1.19,21705
1.19,22397
1.19,22189
1.19,21999
1.19,22091
1.19,21845
1.19,22163
1.19,22137
1.19,22439
1.19,22490
1.19,22515
1.19,22571
1.20,22498
1.20,23303
1.20,23292
1.20,23125
1.20,23219
1.20,22964
1.20,22457
1.20,22338
1.20,22805
1.20,22827
1.20,21543
1.20,21935
1.20,21809
1.20,21443
1.20,21226
1.20,21382
1.20,21354
1.20,21463
1.20,21477
1.20,21257
1.20,20595
1.20,21037
1.20,20946
1.20,21510
1.20,21398
1.21,21415
1.21,21345
1.21,21349
1.21,21595
1.21,22158
1.21,22452
1.21,22420
1.21,22282
1.21,22254
1.21,22036
1.21,22037
1.21,22135
1.21,22079
1.21,22081
1.21,22163
1.21,22848
1.21,22987
1.21,22662
1.21,22762
1.21,22936
1.21,22948
1.21,23345
1.21,23368
1.21,23047
1.21,23085
1.21,23041
1.21,22935
1.21,22984
1.21,22220
1.21,22559
1.21,22591
1.21,22574
1.22,21967
1.22,21644
1.22,21562
1.22,21810
1.22,22128
1.22,22288
1.22,22284
1.22,22068
1.22,21932
1.22,22489
1.22,22043
1.22,21965
1.22,21895
1.22,21558
1.22,21742
1.22,22608
1.22,22386
1.22,22455
1.22,22176
1.22,22112
1.22,21407
1.22,21396
1.22,21529
1.22,21505
1.22,21588
1.22,21220
1.23,21137
1.23,21325
1.23,21305
1.23,21673
1.23,21754
1.23,21541
1.23,21439
1.23,20876
1.23,20877
1.23,20926
1.23,20933
1.23,20576
1.23,20605
1.23,20484
1.23,20330
1.23,20390
1.23,20260
1.23,20252
1.23,20914
1.23,21022
1.23,21113
1.23,21780
1.23,22232
1.23,21838
1.24,21784
1.24,21850
1.24,21730
1.24,21989
1.24,22347
1.24,22094
1.24,22233
1.24,22405
1.24,22400
1.24,22299
1.24,22347
1.24,22287
1.24,22255
1.24,21931
1.24,22287
1.24,22346
1.24,22801
1.24,22861
1.24,22688
1.24,22733
1.24,22906
1.24,22570
1.24,22717
1.24,22514
1.24,23009
1.24,23106
1.24,23209
1.24,23018
1.24,22847
1.24,22451
1.24,23306
1.25,23443
1.25,23527
1.25,22519
1.25,22759
1.25,22769
1.25,22885
1.25,22904
1.25,23060
1.25,23101
1.25,23083
1.25,23130
1.25,23127
1.25,22934
1.25,23315
1.25,21882
1.25,22174
1.25,22244
1.25,22562
1.25,22463
1.25,22018
1.25,21584
1.26,21541
1.26,22035
1.26,22169
1.26,22073
1.26,21493
1.26,22994
1.26,22407
1.26,21565
1.26,21719
1.26,20632
1.26,20761
1.26,20946
1.26,20426
1.26,20521
1.26,21023
1.26,21716
1.26,21023
1.26,20953
1.26,20737
1.26,20729
1.26,20666
1.26,20829
1.26,19482
1.26,19319
1.26,19983
1.27,20147
1.27,20362
1.27,20250
1.27,20190
1.27,20139
1.27,19863
1.27,19913
1.27,20014
1.27,20214
1.27,20310
1.27,20958
1.27,21045
1.27,21042
1.27,20840
1.27,20697
1.27,20569
1.27,20504
1.27,20414
1.27,20837
1.27,20764
1.27,21185
1.27,21033
1.27,21356
1.27,21373
1.27,21138
1.27,21154
1.27,20780
1.27,20803
1.27,20854
1.28,20453
1.28,20665
1.28,20917
1.28,20847
1.28,21166
1.28,21630
1.28,21724
1.28,21627
1.28,21348
1.28,21749
1.28,21763
1.28,21605
1.28,21707
1.28,21249
1.28,20935
1.28,20921
1.28,20831
1.28,20882
1.28,20902
1.28,20732
1.28,20804
1.29,20951
1.29,20998
1.29,20980
1.29,20984
1.29,20980
1.29,20711
1.29,20785
1.29,20782
1.29,20860
1.29,20737
1.29,20860
1.29,20848
1.29,21153
1.29,21140
1.29,20889
1.29,21085
1.29,21167
1.29,20910
1.29,20426
1.29,20318
1.29,19544
1.29,19612
1.29,19122
1.30,19192
1.30,19009
1.30,19387
1.30,19861
1.30,19834
1.30,20013
1.30,19971
1.30,19924
1.30,19423
1.30,19803
1.30,19828
1.30,19836
1.30,19687
1.30,19219
1.30,19152
1.30,18905
1.30,19075
1.30,18560
1.30,18285
1.30,18662
1.30,18998
1.31,19090
1.31,20039
1.31,19876
1.31,20622
1.31,20588
1.31,20229
1.31,20221
1.31,20398
1.31,20137
1.31,20027
1.31,19845
1.31,20221
1.31,20047
1.31,19641
1.31,19700
1.31,19586
1.31,19174
1.31,19180
1.31,19632
1.31,19441
1.31,19364
1.31,19400
1.31,19399
1.31,19724
1.32,19783
1.32,19961
1.32,19868
1.32,19703
1.32,19721
1.32,19614
1.32,19619
1.32,19395
1.32,19588
1.32,19886
1.32,19943
1.32,19939
1.32,19903
1.32,19382
1.32,19228
1.32,18991
1.32,18915
1.32,18929
1.32,19023
1.32,19387
1.32,19560
1.32,19377
1.32,19421
1.32,19483
1.32,19569
1.32,19883
1.33,19864
1.33,19559
1.33,19756
1.33,19983
1.33,20027
1.33,19919
1.33,20049
1.33,20058
1.33,19531
1.33,19310
1.33,19160
1.33,19001
1.33,18771
1.33,18495
1.33,18746
1.33,18582
1.33,18449
1.33,18631
1.33,18770
1.33,18165
1.33,18047
1.33,18303
1.33,18358
1.33,17791
1.34,17776
1.34,17789
1.34,17830
1.34,18037
1.34,18141
1.34,17988
1.34,18338
1.34,18463
1.34,18691
1.34,19036
1.34,18990
1.34,18762
1.35,18951
1.35,18710
1.35,18805
1.35,18862
1.35,18849
1.35,18618
1.35,18619
1.35,18399
1.35,18292
1.35,18141
1.35,17611
1.36,17642
1.36,17415
1.36,17538
1.36,17390
1.36,17281
1.36,17943
1.36,18317
1.36,18132
1.36,18354
1.36,18363
1.36,18609
1.36,18352
1.36,18585
1.36,17733
1.36,17899
1.36,17496
1.36,17616
1.36,17459
1.36,17523
1.37,17662
1.37,17538
1.37,17363
1.37,17445
1.37,17998
1.37,17935
1.37,17871
1.37,18387
1.37,18293
1.37,17750
1.37,17767
1.37,17790
1.37,18232
1.38,18294
1.38,18100
1.38,18017
1.38,17937
1.38,18155
1.38,18194
1.38,18385
1.38,18607
1.38,18554
1.38,18427
1.39,18418
1.39,18296
1.39,18413
1.39,17918
1.39,17640
1.39,17670
1.39,18085
1.39,17751
1.39,17964
1.39,18296
1.39,18052
1.39,18048
1.39,17486
1.39,17590
1.40,17765
1.40,18147
1.40,17607
1.40,17521
1.40,17319
1.40,17233
1.40,17202
1.40,17325
1.40,17106
1.40,17321
1.40,17318
1.40,17568
1.40,17618
1.40,18165
1.40,18171
1.40,18129
1.40,17372
1.40,17804
1.41,17565
1.41,17567
1.41,17518
1.41,17315
1.41,17270
1.41,17401
1.41,17427
1.41,17409
1.41,17534
1.41,17497
1.41,17579
1.41,17497
1.41,17543
1.41,17474
1.41,17432
1.41,17711
1.41,17782
1.41,18213
1.42,18148
1.42,18369
1.42,18079
1.42,18012
1.42,18230
1.42,17580
1.42,17559
1.42,17538
1.42,17404
1.42,17504
1.42,17558
1.42,17654
1.42,17763
1.42,17757
1.42,17751
1.43,17476
1.43,17491
1.43,18808
1.43,18865
1.43,18901
1.43,18850
1.43,18523
1.43,18297
1.43,17938
1.44,17823
1.44,18117
1.44,18102
1.44,18063
1.44,18049
1.44,18017
1.44,18162
1.44,18010
1.44,17928
1.44,18062
1.44,17995
1.44,18154
1.45,18368
1.45,18570
1.45,18567
1.45,18470
1.45,18253
1.45,18556
1.45,18365
1.45,18179
1.45,18113
1.45,18135
1.45,18180
1.45,18346
1.45,18201
1.45,18064
1.45,17697
1.45,17668
1.46,17524
1.46,17411
1.46,17369
1.46,17128
1.46,17222
1.46,17230
1.46,17155
1.46,17032
1.46,16906
1.46,16882
1.46,16772
1.47,16794
1.47,16527
1.47,16602
1.47,16536
1.47,16584
1.47,16749
1.47,16991
1.47,16591
1.47,16824
1.47,16852
1.47,17002
1.47,17216
1.47,17430
1.47,17151
1.47,17555
1.48,17549
1.48,17713
1.48,17484
1.48,17447
1.48,17564
1.48,17571
1.48,17860
1.48,17475
1.48,17485
1.48,17373
1.48,17277
1.48,17387
1.48,17392
1.48,17385
1.48,17397
1.48,17076
1.48,17083
1.48,17120
1.49,17139
1.49,17225
1.49,17212
1.49,17226
1.49,17213
1.49,17047
1.49,16763
1.49,16782
1.49,16693
1.49,16706
1.49,16898
1.49,16879
1.49,16966
1.49,16956
1.49,16744
1.49,16911
1.50,16403
1.50,16436
1.50,16347
1.50,16340
1.50,15939
1.50,16140
1.50,16150
1.50,16408
1.50,16366
1.50,16271
1.50,16080
1.50,16140
1.50,16030
1.50,15915
1.50,15922
1.51,15812
1.51,15685
1.51,15648
1.51,15654
1.51,15634
1.51,15303
1.51,15056
1.51,14923
1.52,14755
1.52,14433
1.52,14679
1.52,14724
1.52,14794
1.52,15132
1.53,15163
1.53,15078
1.53,15211
1.53,15180
1.53,15160
1.53,15089
1.53,15058
1.53,15054
1.54,15041
1.54,14862
1.54,14717
1.54,14725
1.54,14737
1.54,14650
1.54,14685
1.54,14592
1.55,14547
1.55,14472
1.55,14532
1.55,14519
1.55,14592
1.55,14548
1.55,14549
1.56,14412
1.56,14505
1.56,14379
1.56,14816
1.56,14823
1.57,14725
1.57,14719
1.57,14710
1.57,14633
1.57,14519
1.57,14564
1.57,14469
1.57,14287
1.58,14411
1.58,14517
1.58,14554
1.58,14472
1.58,14415
1.58,14392
1.58,14225
1.59,14343
1.59,14327
1.59,14198
1.59,14317
1.59,14439
1.59,14428
1.59,14394
1.59,14346
1.59,14435
1.60,14523
1.60,14585
1.60,14713
1.60,14592
1.60,14602
1.60,14262
1.60,14418
1.61,14601
1.61,14592
1.61,14568
1.61,14564
1.61,14583
1.61,14605
1.61,14497
1.62,14460
1.62,14461
1.62,14508
1.62,14075
1.62,13699
1.62,13535
1.62,13307
1.62,13144
1.63,13012
1.63,13082
1.63,13133
1.63,13106
1.63,13111
1.64,13100
1.64,13090
1.64,13045
1.64,13119
1.65,13120
1.65,13228
1.65,13229
1.65,13158
1.65,13168
1.65,13168
1.65,13137
1.65,13179
1.66,12969
1.66,12972
1.66,12955
1.66,12710
1.66,12471
1.66,12523
1.66,12510
1.66,12520
1.67,12415
1.67,12417
1.68,12419
1.68,12364
1.68,12059
1.68,12151
1.69,12130
1.69,12165
1.70,12065
1.70,11955
1.70,11975
1.70,12102
1.70,11829
1.70,11887
1.71,11876
1.71,11902
1.71,11916
1.71,11968
1.71,11855
1.71,11914
1.71,11932
1.72,11947
1.73,12070
1.73,12068
1.73,12093
1.73,11829
1.73,11810
1.74,11689
1.75,11684
1.75,11638
1.76,11659
1.76,11657
1.76,11655
1.77,11837
1.77,11749
1.77,11779
1.78,11840
1.78,11823
1.79,11812
1.79,11776
1.79,11780
1.79,11765
1.79,11757
1.79,11771
1.79,11726
1.80,11593
1.80,11602
1.81,11592
1.82,11411
1.82,11345
1.83,11313
1.83,11317
1.83,11287
1.83,11208
1.84,11197
1.84,11192
1.84,11211
1.85,11254
1.85,11233
1.86,11257
1.86,11300
1.86,11279
1.86,11272
1.87,11271
1.87,11283
1.88,11271
1.89,11260
1.90,11238
1.92,11200
1.94,11231
1.95,11239
1.96,11152
1.96,11121
1.97,11153
1.97,11134
1.98,11093
1.98,11083
2.00,11080
2.00,11058
2.02,11029
2.02,10979
2.03,10971
2.03,10979
2.04,10955
2.05,10959
2.05,10921
2.05,10917
2.05,10957
2.06,10932
2.06,10892
2.07,10900
2.07,10890
2.08,10885
2.10,10873
2.11,10844
2.11,10830
2.12,10816
2.13,10819
2.13,10844
2.13,10848
2.14,10813
2.14,10825
2.14,10710
2.15,10702
2.16,10715
2.16,10702
2.17,10715
2.18,10702
2.18,10752
2.18,10702
2.18,10715
2.19,10657
2.19,10660
2.21,10551
2.22,10548
2.23,10526
2.24,10519
2.25,10497
2.26,10475
2.28,10475
2.30,10481
2.30,10420
2.31,10421
2.31,10378
2.31,10206
2.35,10182
2.35,10189
2.36,10178
2.37,10177
2.37,10126
2.41,10119
2.43,10137
2.49,10138
2.50,10028
2.51,10027
2.55,10028
2.57,10010
2.59,9996
2.61,9990
2.66,9989
2.72,9986
2.78,9987
2.80,9986
2.81,9972
