0.22,24942
0.27,24727
0.28,24648
0.31,22570
0.42,21897
0.43,21189
0.46,21178
0.54,20002
0.60,19687
0.63,19502
0.67,18651
0.70,18647
0.74,18070
0.75,17853
0.77,17837
0.80,17377
0.84,17322
0.93,17105
0.95,16770
1.05,16715
1.10,15989
1.11,15726
1.16,15503
1.19,15018
1.29,14731
1.41,14707
1.46,14365
1.49,14259
1.62,13873
1.64,13667
1.68,13386
1.70,13171
1.71,13102
1.88,13029
1.91,12910
2.12,12905
2.15,12846
2.18,12835
2.19,12475
2.33,12178
2.48,11995
2.49,11608
2.60,11576
2.63,11564
2.73,11470
2.75,11138
2.76,11093
2.84,11011
3.02,10947
3.06,10840
3.31,10794
3.36,10772
3.51,10755
3.57,10753
3.58,10731
3.60,10543
3.73,10331
3.94,10250
4.43,9955
5.10,9954
5.13,9786
5.16,9770
5.57,9715
5.71,9678
5.74,9457
6.37,9296
6.44,9275
6.66,9215
6.74,9068
6.89,9008
7.24,8830
7.47,8773
7.51,8770
7.71,8757
7.80,8716
9.14,8693
10.09,8566
10.80,8520
11.68,8457
14.65,8452
