0.20,27541
0.20,27863
0.20,28216
0.20,27793
0.20,27589
0.20,28423
0.20,29315
0.20,27616
0.20,27648
0.20,27521
0.20,27273
0.20,27214
0.20,26332
0.20,26565
0.20,25602
0.20,25574
0.20,25493
0.20,25422
0.20,25330
0.20,25947
0.20,25216
0.20,25155
0.20,25338
0.20,26064
0.20,26352
0.20,26355
0.20,26369
0.20,25920
0.20,26609
0.20,26839
0.20,26447
0.20,28365
0.20,28600
0.20,28752
0.20,28285
0.20,28282
0.20,28225
0.20,28256
0.20,28025
0.20,27581
0.20,29568
0.20,29795
0.20,29999
0.20,30099
0.20,30506
0.20,28733
0.20,28688
0.21,28554
0.21,28337
0.21,27855
0.21,27666
0.21,27894
0.21,27156
0.21,27904
0.21,28466
0.21,28054
0.21,28351
0.21,28242
0.21,28947
0.21,28649
0.21,29234
0.21,29584
0.21,29254
0.21,29983
0.21,29917
0.21,30372
0.21,31640
0.21,31865
0.21,31968
0.21,31787
0.21,31394
0.21,31167
0.21,31278
0.21,31394
0.21,31415
0.21,31138
0.21,30596
0.21,30302
0.21,30651
0.21,30557
0.21,30416
0.21,30380
0.21,30628
0.21,31077
0.21,31277
0.21,31003
0.21,30715
0.21,30900
0.21,31009
0.21,30911
0.21,30839
0.21,31134
0.21,30842
0.21,29527
0.21,30132
0.21,30974
0.21,30955
0.21,31346
0.21,31025
0.21,31013
0.21,31093
0.21,30394
0.21,30608
0.21,30603
0.21,30126
0.21,29054
0.21,28918
0.21,29061
0.21,28791
0.21,28411
0.21,28556
0.21,28468
0.22,28652
0.22,29182
0.22,29136
0.22,29431
0.22,29234
0.22,28061
0.22,28772
0.22,28983
0.22,29120
0.22,29038
0.22,28946
0.22,28742
0.22,29970
0.22,30455
0.22,31316
0.22,30342
0.22,30432
0.22,30142
0.22,28663
0.22,28500
0.22,28837
0.22,28853
0.22,30512
0.22,30200
0.22,30632
0.22,30862
0.22,31209
0.22,31520
0.22,32056
0.22,33274
0.22,33229
0.22,32384
0.22,31755
0.22,32447
0.22,32245
0.22,32270
0.22,32324
0.22,32322
0.22,32802
0.22,32526
0.22,31113
0.22,30546
0.22,30513
0.22,30793
0.22,30394
0.22,31086
0.22,30967
0.22,31021
0.22,31800
0.22,31622
0.22,31422
0.22,31803
0.22,32315
0.22,30279
0.22,30246
0.22,29723
0.22,28733
0.22,28872
0.22,29308
0.22,28983
0.22,30562
0.22,30958
0.22,30893
0.22,31047
0.22,31415
0.22,31388
0.22,30592
0.22,30968
0.23,30960
0.23,31303
0.23,31570
0.23,31584
0.23,32178
0.23,31141
0.23,30870
0.23,29854
0.23,30871
0.23,30213
0.23,30103
0.23,30172
0.23,30598
0.23,30782
0.23,30699
0.23,30866
0.23,30814
0.23,29510
0.23,29048
0.23,29373
0.23,29499
0.23,28576
0.23,29134
0.23,29612
0.23,28406
0.23,28225
0.23,27640
0.23,27720
0.23,27374
0.23,27364
0.23,27778
0.23,27604
0.23,27058
0.23,27315
0.23,27360
0.23,27160
0.23,26690
0.23,28023
0.23,29584
0.23,30148
0.23,30072
0.23,30031
0.23,29589
0.23,29713
0.23,28974
0.23,29035
0.23,29619
0.23,29539
0.23,29539
0.23,29336
0.23,29348
0.23,29435
0.23,29422
0.23,28329
0.23,28467
0.23,27785
0.23,26975
0.23,27080
0.23,26800
0.23,27107
0.23,27281
0.23,27839
0.23,27699
0.23,28439
0.23,28909
0.23,27432
0.24,26073
0.24,26568
0.24,26654
0.24,26652
0.24,27599
0.24,26497
0.24,26112
0.24,27129
0.24,25498
0.24,26106
0.24,27000
0.24,26759
0.24,27271
0.24,26637
0.24,26484
0.24,27324
0.24,26932
0.24,27197
0.24,27927
0.24,27221
0.24,26696
0.24,27165
0.24,27164
0.24,26363
0.24,26903
0.24,27292
0.24,27227
0.24,26988
0.24,27267
0.24,27191
0.24,26796
0.24,26644
0.24,27707
0.24,27857
0.24,27823
0.24,27909
0.24,27877
0.24,28304
0.24,28107
0.24,27835
0.24,28062
0.24,27996
0.24,28017
0.24,27762
0.24,28144
0.24,28234
0.24,28184
0.24,28433
0.24,28694
0.24,28523
0.24,28981
0.24,29254
0.24,28547
0.24,29804
0.24,30067
0.24,30124
0.24,30059
0.24,30346
0.24,30445
0.24,31014
0.24,30826
0.24,31329
0.24,31104
0.25,31412
0.25,31890
0.25,31880
0.25,31995
0.25,34474
0.25,34333
0.25,33075
0.25,32995
0.25,32533
0.25,32437
0.25,31888
0.25,31968
0.25,31459
0.25,31564
0.25,30614
0.25,28752
0.25,29443
0.25,29846
0.25,29950
0.25,28972
0.25,28965
0.25,28222
0.25,27399
0.25,27675
0.25,27437
0.25,26997
0.25,28153
0.25,28003
0.25,28933
0.25,28747
0.25,28674
0.25,27943
0.25,27814
0.25,28157
0.25,28448
0.25,28896
0.25,28968
0.25,29030
0.25,28934
0.25,29061
0.25,29055
0.25,29058
0.25,29018
0.25,29123
0.25,30045
0.25,30475
0.25,30466
0.25,30420
0.25,30450
0.25,30400
0.25,29952
0.25,31024
0.25,30814
0.25,30364
0.25,29968
0.25,29096
0.25,29279
0.25,29201
0.25,29485
0.25,29432
0.25,29125
0.25,28053
0.25,28653
0.25,28638
0.25,28396
0.25,29679
0.26,29576
0.26,29197
0.26,28837
0.26,28761
0.26,29390
0.26,29538
0.26,28557
0.26,27929
0.26,27779
0.26,29031
0.26,28858
0.26,29000
0.26,29298
0.26,29559
0.26,29427
0.26,29835
0.26,28740
0.26,27605
0.26,27494
0.26,28293
0.26,27563
0.26,28107
0.26,27648
0.26,27602
0.26,28442
0.26,28530
0.26,28706
0.26,29153
0.26,28953
0.26,28686
0.26,29977
0.26,30346
0.26,30325
0.26,30177
0.26,29465
0.26,27592
0.26,28898
0.27,30821
0.27,31245
0.27,30855
0.27,31079
0.27,30950
0.27,30790
0.27,30196
0.27,30297
0.27,30446
0.27,30036
0.27,29887
0.27,29732
0.27,29083
0.27,29355
0.27,28677
0.27,28051
0.27,27958
0.27,28768
0.27,27952
0.27,28241
0.27,28302
0.27,28781
0.27,28920
0.27,28765
0.27,28627
0.27,27508
0.27,27763
0.27,26635
0.27,26438
0.27,27219
0.27,27727
0.27,27795
0.27,27650
0.27,27510
0.27,27385
0.27,27521
0.27,27384
0.27,27533
0.27,27339
0.27,27301
0.27,27732
0.28,27676
0.28,27482
0.28,26741
0.28,27446
0.28,27802
0.28,27527
0.28,27269
0.28,27902
0.28,27409
0.28,27949
0.28,28414
0.28,28420
0.28,28574
0.28,28214
0.28,28215
0.28,28896
0.28,28723
0.28,28710
0.28,28677
0.28,29025
0.28,29024
0.28,30394
0.28,30009
0.28,30562
0.28,29961
0.28,31773
0.28,31021
0.28,31134
0.28,30707
0.28,30376
0.28,30139
0.28,30860
0.28,31653
0.28,31316
0.28,30937
0.28,30795
0.28,30566
0.28,30903
0.28,31016
0.28,30933
0.28,28121
0.28,28297
0.28,28556
0.28,27636
0.28,27931
0.28,27775
0.28,27831
0.28,28629
0.28,28151
0.28,29169
0.28,30196
0.28,29683
0.28,28085
0.28,28471
0.28,29319
0.28,30172
0.28,30065
0.28,29562
0.28,29868
0.28,29844
0.28,29592
0.28,30404
0.28,29452
0.28,29951
0.28,30404
0.28,30504
0.29,30603
0.29,29844
0.29,29157
0.29,29155
0.29,29187
0.29,29332
0.29,29143
0.29,28176
0.29,28066
0.29,28522
0.29,27000
0.29,27131
0.29,27692
0.29,27745
0.29,27915
0.29,28036
0.29,27747
0.29,27691
0.29,28344
0.29,27803
0.29,27584
0.29,27586
0.29,27672
0.29,27811
0.29,27355
0.29,27724
0.29,27803
0.29,28083
0.29,28037
0.29,27970
0.29,29520
0.29,29528
0.29,28587
0.29,28978
0.29,29007
0.29,29164
0.29,29362
0.29,29861
0.29,30175
0.29,29260
0.29,29998
0.29,29845
0.29,30899
0.29,30821
0.29,30876
0.29,30614
0.29,29961
0.29,30338
0.29,29973
0.29,29602
0.29,28947
0.29,29685
0.29,29600
0.29,28990
0.29,28590
0.29,28633
0.29,29974
0.29,30055
0.29,28885
0.29,28562
0.29,28128
0.29,28396
0.29,28223
0.29,28741
0.29,28486
0.29,28533
0.30,29458
0.30,29055
0.30,29038
0.30,29385
0.30,29214
0.30,29184
0.30,29263
0.30,29264
0.30,29372
0.30,29255
0.30,29056
0.30,28808
0.30,29467
0.30,29740
0.30,29370
0.30,29930
0.30,29651
0.30,29491
0.30,28507
0.30,29017
0.30,28477
0.30,28268
0.30,27852
0.30,28199
0.30,29555
0.30,29697
0.30,29163
0.30,31008
0.30,30435
0.30,29751
0.30,29675
0.30,30621
0.30,29386
0.30,29328
0.30,29058
0.30,29890
0.30,30005
0.30,30099
0.30,29807
0.30,29756
0.30,29962
0.30,31217
0.30,32774
0.30,32840
0.30,32097
0.30,32437
0.30,32443
0.30,32490
0.30,32573
0.30,31788
0.30,31777
0.30,31975
0.30,31975
0.30,32825
0.30,33163
0.30,34096
0.30,35071
0.30,35669
0.30,35372
0.30,33629
0.30,33617
0.30,31844
0.30,31679
0.30,31713
0.30,31757
0.30,31273
0.31,30843
0.31,31656
0.31,31419
0.31,30842
0.31,29834
0.31,29632
0.31,29340
0.31,29781
0.31,29267
0.31,29063
0.31,29082
0.31,29316
0.31,29415
0.31,29596
0.31,29530
0.31,29653
0.31,29454
0.31,29256
0.31,29579
0.31,29580
0.31,29379
0.31,29335
0.31,29840
0.31,29892
0.31,30122
0.31,29603
0.31,29116
0.31,28960
0.31,29198
0.31,29348
0.31,29213
0.31,29911
0.31,30044
0.31,30070
0.31,29902
0.31,30205
0.31,30102
0.31,29904
0.31,29346
0.31,29237
0.31,29349
0.31,29857
0.31,28646
0.31,28675
0.31,28436
0.31,28468
0.31,28299
0.31,28049
0.31,28162
0.31,27542
0.31,26877
0.31,27108
0.31,27076
0.31,27152
0.31,27765
0.31,27864
0.31,28046
0.31,27353
0.31,27249
0.31,27408
0.31,27316
0.31,27613
0.31,27808
0.31,27220
0.31,26861
0.32,28194
0.32,28986
0.32,28758
0.32,28815
0.32,28861
0.32,30078
0.32,30420
0.32,30188
0.32,30207
0.32,30414
0.32,30167
0.32,30016
0.32,28238
0.32,28240
0.32,28322
0.32,29446
0.32,30005
0.32,30361
0.32,30238
0.32,29022
0.32,29022
0.32,29605
0.32,30014
0.32,31113
0.32,30629
0.32,28356
0.32,29250
0.32,29258
0.32,29335
0.32,29925
0.32,29527
0.32,30423
0.32,30444
0.32,29792
0.32,29054
0.32,29097
0.32,28821
0.32,29228
0.32,28663
0.32,28663
0.32,28329
0.32,28144
0.32,28167
0.32,28518
0.32,28042
0.32,27753
0.32,27662
0.32,27535
0.32,28262
0.32,27160
0.32,27419
0.32,27932
0.32,28323
0.32,28473
0.32,28421
0.32,28572
0.32,28847
0.32,29484
0.32,28863
0.32,28766
0.32,28365
0.32,28926
0.33,28652
0.33,27791
0.33,28319
0.33,28435
0.33,28976
0.33,28747
0.33,28663
0.33,30941
0.33,30611
0.33,30282
0.33,30611
0.33,30475
0.33,30823
0.33,30750
0.33,31106
0.33,32838
0.33,32711
0.33,33093
0.33,31220
0.33,30961
0.33,31035
0.33,30645
0.33,30701
0.33,31436
0.33,31238
0.33,31074
0.33,30981
0.33,31300
0.33,31736
0.33,30911
0.33,30654
0.33,31300
0.33,31302
0.33,31276
0.33,29401
0.33,29684
0.33,30241
0.33,29899
0.33,29812
0.33,29244
0.33,29142
0.33,29275
0.33,29230
0.33,29503
0.33,29891
0.33,30635
0.33,30369
0.33,31712
0.33,32701
0.33,32004
0.33,32247
0.33,32373
0.33,31761
0.33,32101
0.33,32027
0.33,31936
0.33,31937
0.33,31976
0.33,31455
0.33,31718
0.33,31992
0.33,32537
0.33,32124
0.33,32106
0.33,32152
0.33,31904
0.34,31393
0.34,31728
0.34,31073
0.34,30843
0.34,30880
0.34,30894
0.34,30702
0.34,30524
0.34,30524
0.34,30777
0.34,31051
0.34,31066
0.34,29921
0.34,29862
0.34,30095
0.34,30265
0.34,30286
0.34,30399
0.34,30443
0.34,30332
0.34,30785
0.34,30854
0.34,30901
0.34,31528
0.34,31501
0.34,32998
0.34,33210
0.34,32969
0.34,32944
0.34,32671
0.34,31966
0.34,31452
0.34,31417
0.34,31453
0.34,31387
0.34,30788
0.34,31135
0.34,31012
0.34,31916
0.34,32057
0.34,31568
0.34,31478
0.34,31372
0.34,31275
0.34,31147
0.34,30930
0.34,31037
0.34,31046
0.34,31159
0.34,31242
0.34,31594
0.34,31778
0.34,31991
0.34,31905
0.34,32067
0.34,31860
0.34,31914
0.34,31719
0.34,32157
0.34,32144
0.34,31929
0.34,31753
0.34,31612
0.34,31576
0.34,30999
0.34,31715
0.34,31845
0.35,31795
0.35,31518
0.35,31379
0.35,31387
0.35,29748
0.35,28281
0.35,28295
0.35,28258
0.35,28096
0.35,28953
0.35,28644
0.35,28633
0.35,29263
0.35,29444
0.35,29357
0.35,29936
0.35,30257
0.35,29401
0.35,28852
0.35,29047
0.35,29124
0.35,29279
0.35,29248
0.35,28634
0.35,27978
0.35,29005
0.35,29437
0.35,29488
0.35,29589
0.35,29710
0.35,30737
0.35,31026
0.35,30314
0.35,29685
0.35,29946
0.35,29234
0.35,29727
0.35,28392
0.35,27512
0.35,27652
0.35,29367
0.35,29458
0.35,29624
0.35,30218
0.35,29763
0.35,30188
0.35,31424
0.35,31711
0.35,30753
0.35,30801
0.35,30340
0.35,29344
0.35,29671
0.35,29199
0.35,28246
0.35,28890
0.35,29431
0.35,29375
0.35,29201
0.35,29804
0.35,28841
0.35,27747
0.35,27659
0.35,27467
0.36,27470
0.36,28392
0.36,27503
0.36,27973
0.36,27755
0.36,27950
0.36,28653
0.36,27863
0.36,28480
0.36,28487
0.36,28480
0.36,29188
0.36,29175
0.36,28430
0.36,28702
0.36,29070
0.36,28144
0.36,27477
0.36,27682
0.36,27658
0.36,27879
0.36,28695
0.36,28351
0.36,28296
0.36,28684
0.36,28003
0.36,28519
0.36,28345
0.36,28236
0.36,28675
0.36,28373
0.36,28221
0.36,28191
0.36,27500
0.36,27436
0.36,27575
0.36,28345
0.36,28086
0.36,26688
0.36,27722
0.36,27817
0.36,27915
0.36,29349
0.36,29311
0.36,29695
0.36,29410
0.36,30123
0.36,29745
0.36,29296
0.36,29032
0.36,28971
0.36,29211
0.36,28930
0.36,28973
0.36,29823
0.36,30487
0.36,30273
0.36,30074
0.36,30331
0.36,28831
0.36,28557
0.36,28548
0.36,28574
0.36,28812
0.36,28673
0.36,28281
0.37,28271
0.37,28047
0.37,28375
0.37,28666
0.37,28689
0.37,28726
0.37,28696
0.37,28592
0.37,28694
0.37,29096
0.37,29123
0.37,28996
0.37,28636
0.37,28694
0.37,28818
0.37,29528
0.37,30748
0.37,31209
0.37,31235
0.37,30905
0.37,30571
0.37,31109
0.37,31351
0.37,31547
0.37,31292
0.37,32513
0.37,32763
0.37,32200
0.37,31505
0.37,31099
0.37,30473
0.37,30653
0.37,30548
0.37,30004
0.37,30071
0.37,29987
0.37,29229
0.37,29278
0.37,29547
0.37,29544
0.37,29463
0.37,30242
0.37,30519
0.37,30321
0.37,30259
0.37,30744
0.37,30801
0.37,30770
0.37,31251
0.37,31332
0.37,31061
0.37,30970
0.37,30971
0.37,30469
0.37,29732
0.37,29707
0.37,29724
0.37,27830
0.37,27173
0.37,27792
0.37,27916
0.37,29284
0.37,29856
0.37,29769
0.37,30103
0.38,30823
0.38,30641
0.38,30632
0.38,30608
0.38,30575
0.38,30013
0.38,29507
0.38,29382
0.38,29610
0.38,29746
0.38,29350
0.38,29377
0.38,29361
0.38,29125
0.38,29141
0.38,29837
0.38,29969
0.38,30055
0.38,29705
0.38,29286
0.38,28966
0.38,29924
0.38,29815
0.38,30048
0.38,30218
0.38,30051
0.38,29939
0.38,30345
0.38,30614
0.38,30534
0.38,30290
0.38,29593
0.38,29295
0.38,29032
0.38,29939
0.38,29502
0.38,29499
0.38,29510
0.38,29703
0.38,30615
0.38,30944
0.38,31563
0.38,28162
0.38,28958
0.38,30243
0.38,30960
0.38,30907
0.38,31094
0.38,31023
0.38,30487
0.38,30961
0.38,31367
0.38,31134
0.38,29271
0.38,28897
0.38,29053
0.38,28973
0.38,29817
0.38,28192
0.38,27525
0.38,27171
0.38,27498
0.38,27652
0.38,26560
0.38,26475
0.38,26155
0.39,26306
0.39,25952
0.39,26208
0.39,25093
0.39,24774
0.39,24963
0.39,25854
0.39,25769
0.39,25270
0.39,25219
0.39,25303
0.39,24856
0.39,25113
0.39,25731
0.39,24639
0.39,24407
0.39,25118
0.39,25427
0.39,25378
0.39,25942
0.39,26068
0.39,26239
0.39,26669
0.39,26311
0.39,27192
0.39,26620
0.39,27521
0.39,26701
0.39,26606
0.39,26001
0.39,26275
0.39,26146
0.39,26107
0.39,26393
0.39,25998
0.39,26017
0.39,27361
0.39,27266
0.39,27298
0.39,27248
0.39,27399
0.39,27407
0.39,27811
0.39,27833
0.39,27550
0.39,27576
0.39,27651
0.39,27638
0.39,27029
0.39,27027
0.39,27164
0.39,27152
0.39,27759
0.39,27838
0.39,28265
0.39,28294
0.39,28230
0.39,27483
0.39,28023
0.39,27434
0.39,28004
0.39,27564
0.39,28071
0.39,27855
0.39,27605
0.40,28263
0.40,28741
0.40,29455
0.40,28376
0.40,28251
0.40,28607
0.40,28538
0.40,28958
0.40,29199
0.40,29346
0.40,29597
0.40,29211
0.40,29185
0.40,28953
0.40,30098
0.40,30096
0.40,29253
0.40,28111
0.40,29353
0.40,29480
0.40,28791
0.40,29234
0.40,30111
0.40,30319
0.40,30416
0.40,30070
0.40,29896
0.40,29739
0.40,29849
0.40,29238
0.40,30764
0.40,31034
0.40,31300
0.40,31874
0.40,32104
0.40,32351
0.40,31665
0.40,31668
0.40,31640
0.40,31846
0.40,31566
0.40,31652
0.40,31483
0.40,31689
0.40,31867
0.40,31845
0.40,29775
0.40,29653
0.40,29566
0.40,30168
0.40,30131
0.40,30425
0.40,30008
0.40,29999
0.40,29784
0.40,29666
0.40,29354
0.40,29432
0.40,29219
0.40,28939
0.40,29353
0.40,29504
0.40,29427
0.40,29882
0.41,29674
0.41,30476
0.41,30141
0.41,29270
0.41,28933
0.41,29174
0.41,29421
0.41,29590
0.41,29579
0.41,29528
0.41,29176
0.41,29615
0.41,29260
0.41,29844
0.41,29733
0.41,29973
0.41,28525
0.41,28684
0.41,29006
0.41,28964
0.41,29419
0.41,29298
0.41,27990
0.41,28561
0.41,28858
0.41,28743
0.41,29577
0.41,30277
0.41,31086
0.41,30641
0.41,29954
0.41,30010
0.41,30104
0.41,29263
0.41,29774
0.41,30168
0.41,28620
0.41,28605
0.41,28547
0.41,28411
0.41,29611
0.41,29487
0.41,29113
0.41,29487
0.41,29531
0.41,29057
0.41,28690
0.41,28883
0.41,28876
0.41,29257
0.41,30678
0.41,31104
0.41,30930
0.41,30984
0.41,29859
0.41,29738
0.41,29473
0.41,29092
0.41,29345
0.41,29178
0.41,28149
0.41,29503
0.41,29441
0.42,29298
0.42,29109
0.42,27697
0.42,28001
0.42,28490
0.42,28562
0.42,28443
0.42,26435
0.42,26052
0.42,27234
0.42,28217
0.42,28210
0.42,28087
0.42,28215
0.42,28136
0.42,28539
0.42,28588
0.42,28381
0.42,28468
0.42,28413
0.42,28462
0.42,28454
0.42,27352
0.42,27934
0.42,27629
0.42,27008
0.42,26762
0.42,26845
0.42,26919
0.42,26774
0.42,26913
0.42,27288
0.42,26720
0.42,26942
0.42,26895
0.42,26471
0.42,27540
0.42,27354
0.42,28378
0.42,29307
0.42,28640
0.42,29202
0.42,29208
0.42,29433
0.42,28822
0.42,28915
0.42,29404
0.42,29611
0.42,29350
0.42,29777
0.42,29625
0.42,29901
0.42,30007
0.42,29813
0.42,29741
0.42,29942
0.42,29987
0.42,30519
0.42,30055
0.42,30031
0.42,31189
0.42,30409
0.42,30418
0.42,30526
0.42,30490
0.43,31334
0.43,31537
0.43,31382
0.43,31359
0.43,31514
0.43,31522
0.43,31046
0.43,31682
0.43,30109
0.43,30071
0.43,30185
0.43,30335
0.43,30334
0.43,28554
0.43,28812
0.43,28816
0.43,28310
0.43,27904
0.43,28455
0.43,28527
0.43,28531
0.43,28717
0.43,29206
0.43,28953
0.43,28364
0.43,28173
0.43,28638
0.43,28622
0.43,28729
0.43,29287
0.43,29278
0.43,28816
0.43,29306
0.43,29378
0.43,28483
0.43,27960
0.43,27286
0.43,26551
0.43,25756
0.43,25243
0.43,25397
0.43,25760
0.43,25834
0.43,25648
0.43,27356
0.43,27393
0.43,28217
0.43,28008
0.43,27973
0.43,28328
0.43,28504
0.43,28742
0.43,28928
0.43,29073
0.43,29750
0.43,29624
0.43,28203
0.43,28704
0.43,28661
0.43,28335
0.43,27671
0.43,29463
0.44,29013
0.44,29881
0.44,29583
0.44,29608
0.44,29331
0.44,29806
0.44,29945
0.44,30239
0.44,30382
0.44,30225
0.44,30209
0.44,30277
0.44,29873
0.44,29581
0.44,29595
0.44,29753
0.44,30364
0.44,29891
0.44,29746
0.44,29643
0.44,29551
0.44,30008
0.44,30208
0.44,30223
0.44,30034
0.44,30357
0.44,29593
0.44,29404
0.44,29207
0.44,29072
0.44,28836
0.44,28910
0.44,29220
0.44,29480
0.44,29340
0.44,29004
0.44,29222
0.44,29170
0.44,29226
0.44,29246
0.44,29217
0.44,29275
0.44,29569
0.44,30039
0.44,29965
0.44,30063
0.44,29657
0.44,29487
0.44,29438
0.44,28926
0.44,27930
0.44,27894
0.44,27858
0.44,27956
0.44,28136
0.44,27996
0.44,28150
0.44,28085
0.44,27595
0.44,28453
0.44,30393
0.44,30790
0.44,29510
0.45,28948
0.45,29094
0.45,29136
0.45,29281
0.45,28878
0.45,29175
0.45,29648
0.45,29714
0.45,29077
0.45,29703
0.45,29881
0.45,29732
0.45,29604
0.45,29625
0.45,28793
0.45,28562
0.45,28411
0.45,28238
0.45,28089
0.45,28068
0.45,28364
0.45,28381
0.45,27561
0.45,26921
0.45,27098
0.45,27605
0.45,27683
0.45,26641
0.45,26584
0.45,25369
0.45,25876
0.45,25937
0.45,26015
0.45,26023
0.45,26758
0.45,27091
0.45,27128
0.45,28082
0.45,28164
0.45,28026
0.45,28226
0.45,27760
0.45,26802
0.45,26331
0.45,26073
0.45,25914
0.45,25961
0.45,27167
0.45,28231
0.45,28168
0.45,28774
0.45,28732
0.45,27987
0.45,27996
0.45,27761
0.45,28938
0.45,28793
0.45,28724
0.45,28150
0.45,29639
0.45,29678
0.45,29447
0.46,29683
0.46,29610
0.46,29210
0.46,29230
0.46,28106
0.46,28092
0.46,28707
0.46,28364
0.46,27857
0.46,28485
0.46,28528
0.46,28374
0.46,27730
0.46,27990
0.46,28382
0.46,28110
0.46,28111
0.46,27887
0.46,28264
0.46,28969
0.46,28932
0.46,28998
0.46,28933
0.46,29249
0.46,28546
0.46,28661
0.46,29898
0.46,29341
0.46,28944
0.46,29030
0.46,30271
0.46,30271
0.46,30783
0.46,30805
0.46,30112
0.46,29615
0.46,29878
0.46,30574
0.46,30880
0.46,30694
0.46,29571
0.46,30465
0.46,30141
0.46,31166
0.46,32067
0.46,32280
0.46,32351
0.46,32202
0.46,33022
0.46,33560
0.46,33563
0.46,33104
0.46,32967
0.46,32557
0.46,31382
0.46,31173
0.46,31227
0.46,32095
0.46,32262
0.46,32143
0.46,32141
0.46,31633
0.46,31179
0.46,28498
0.46,28749
0.46,28780
0.46,28849
0.46,28724
0.46,28455
0.47,28399
0.47,28220
0.47,28462
0.47,28565
0.47,28747
0.47,29508
0.47,29619
0.47,30288
0.47,28593
0.47,28893
0.47,29916
0.47,30105
0.47,30347
0.47,30215
0.47,30398
0.47,31914
0.47,31954
0.47,31652
0.47,31656
0.47,31463
0.47,31253
0.47,31368
0.47,31776
0.47,31681
0.47,31591
0.47,31603
0.47,31131
0.47,31020
0.47,31132
0.47,30952
0.47,30940
0.47,30866
0.47,30340
0.47,30199
0.47,28047
0.47,27843
0.47,27766
0.47,28231
0.47,28899
0.47,28258
0.47,28490
0.47,28900
0.47,30083
0.47,30029
0.47,28844
0.47,30495
0.47,29480
0.47,29667
0.47,29251
0.47,29818
0.47,30002
0.47,28741
0.47,29799
0.47,29661
0.47,30228
0.47,29972
0.47,29253
0.47,29957
0.47,30013
0.47,29719
0.47,29803
0.47,30346
0.47,30581
0.47,30947
0.47,31010
0.47,31174
0.48,31725
0.48,31452
0.48,31292
0.48,30968
0.48,30820
0.48,30935
0.48,30792
0.48,30977
0.48,30740
0.48,28481
0.48,27485
0.48,27180
0.48,27147
0.48,27219
0.48,26936
0.48,27379
0.48,27779
0.48,27508
0.48,27344
0.48,27262
0.48,28024
0.48,27642
0.48,27519
0.48,28007
0.48,27823
0.48,27508
0.48,27296
0.48,28305
0.48,28976
0.48,28974
0.48,28371
0.48,28384
0.48,28812
0.48,29912
0.48,30139
0.48,30001
0.48,29581
0.48,29128
0.48,30040
0.48,28744
0.48,28725
0.48,28817
0.48,28801
0.48,29506
0.48,29448
0.48,29504
0.48,29035
0.48,29390
0.48,30114
0.48,30301
0.48,29956
0.48,29987
0.48,29602
0.48,29540
0.48,29861
0.48,29753
0.48,30437
0.48,30623
0.48,30536
0.48,30453
0.48,30678
0.48,30472
0.48,30279
0.48,29228
0.48,29246
0.48,29693
0.48,29332
0.48,29173
0.48,28396
0.49,29556
0.49,29835
0.49,29560
0.49,29533
0.49,29562
0.49,30976
0.49,30723
0.49,30739
0.49,30918
0.49,31580
0.49,31588
0.49,31788
0.49,31675
0.49,31207
0.49,31342
0.49,31183
0.49,30837
0.49,30807
0.49,30903
0.49,30922
0.49,30952
0.49,31157
0.49,31677
0.49,30254
0.49,30226
0.49,29668
0.49,29549
0.49,29056
0.49,28660
0.49,29369
0.49,30988
0.49,31023
0.49,31204
0.49,31150
0.49,31202
0.49,31048
0.49,31781
0.49,32058
0.49,32126
0.49,32132
0.49,32668
0.49,32639
0.49,32968
0.49,33097
0.49,32304
0.49,31323
0.49,30913
0.49,30318
0.49,29955
0.49,29963
0.49,27183
0.49,27192
0.49,27014
0.49,26726
0.49,27893
0.49,27790
0.49,27324
0.49,26268
0.49,26384
0.49,26525
0.49,28196
0.49,27881
0.49,27838
0.49,28105
0.49,27121
0.49,27026
0.50,27001
0.50,26345
0.50,27258
0.50,27654
0.50,28602
0.50,28624
0.50,28492
0.50,28692
0.50,28838
0.50,28731
0.50,27902
0.50,28769
0.50,28876
0.50,29168
0.50,28960
0.50,28830
0.50,27305
0.50,27796
0.50,28557
0.50,28527
0.50,28719
0.50,27948
0.50,28002
0.50,27791
0.50,27890
0.50,27894
0.50,27764
0.50,27879
0.50,27802
0.50,28591
0.50,28903
0.50,28778
0.50,28508
0.50,28284
0.50,28675
0.50,29326
0.50,29703
0.50,29966
0.50,28964
0.50,29582
0.50,30176
0.50,30179
0.50,29974
0.50,29625
0.50,29711
0.50,29405
0.50,29016
0.50,28740
0.50,29424
0.50,29626
0.50,29712
0.50,29302
0.50,28920
0.50,28509
0.50,28828
0.50,28804
0.50,28762
0.50,28720
0.50,28698
0.50,28547
0.50,28648
0.50,28664
0.51,28184
0.51,28855
0.51,28783
0.51,29113
0.51,28960
0.51,28083
0.51,27992
0.51,27974
0.51,27894
0.51,28435
0.51,28035
0.51,28730
0.51,28401
0.51,28611
0.51,28723
0.51,28945
0.51,30100
0.51,30445
0.51,30292
0.51,30731
0.51,31218
0.51,31314
0.51,30888
0.51,31907
0.51,31671
0.51,31842
0.51,29175
0.51,30489
0.51,30073
0.51,31658
0.51,31568
0.51,31920
0.51,30987
0.51,31056
0.51,31039
0.51,30501
0.51,30574
0.51,30459
0.51,29708
0.51,30003
0.51,30202
0.51,29547
0.51,29521
0.51,29435
0.51,29291
0.51,29366
0.51,29594
0.51,28602
0.51,28716
0.51,29627
0.51,29422
0.51,29762
0.51,29605
0.51,29560
0.51,31252
0.51,31140
0.51,30625
0.51,30648
0.51,29704
0.51,29362
0.52,29638
0.52,29827
0.52,29975
0.52,30083
0.52,30140
0.52,30282
0.52,29511
0.52,29641
0.52,29730
0.52,30399
0.52,31815
0.52,31541
0.52,31741
0.52,31526
0.52,31528
0.52,31109
0.52,30351
0.52,30477
0.52,29569
0.52,29444
0.52,30253
0.52,30205
0.52,30291
0.52,30177
0.52,30564
0.52,30057
0.52,29299
0.52,29318
0.52,28611
0.52,27819
0.52,28458
0.52,27620
0.52,27427
0.52,27494
0.52,27427
0.52,27306
0.52,27072
0.52,27153
0.52,26870
0.52,28498
0.52,28702
0.52,28801
0.52,30158
0.52,29898
0.52,30392
0.52,31144
0.52,30896
0.52,30667
0.52,30874
0.52,30631
0.52,30888
0.52,30690
0.52,30912
0.52,31022
0.52,31076
0.52,31095
0.52,30908
0.52,31854
0.52,31650
0.52,31325
0.52,31229
0.52,30851
0.52,30957
0.52,30740
0.52,30666
0.52,29338
0.52,29435
0.53,28940
0.53,28761
0.53,30206
0.53,30033
0.53,29783
0.53,28513
0.53,28817
0.53,29102
0.53,29087
0.53,28992
0.53,29971
0.53,30150
0.53,29544
0.53,29459
0.53,29404
0.53,28672
0.53,28810
0.53,29849
0.53,29014
0.53,28956
0.53,29500
0.53,29323
0.53,28309
0.53,28403
0.53,27822
0.53,26584
0.53,26276
0.53,26171
0.53,26749
0.53,26633
0.53,26661
0.53,27365
0.53,26787
0.53,27884
0.53,28184
0.53,29809
0.53,29322
0.53,29415
0.53,29430
0.53,29260
0.53,29316
0.53,29479
0.53,28268
0.53,28583
0.53,28208
0.53,28072
0.53,27979
0.53,27573
0.53,26564
0.53,26221
0.53,26236
0.53,26287
0.53,25811
0.53,25388
0.53,25424
0.53,25604
0.53,25712
0.53,25161
0.53,24991
0.53,24978
0.53,24616
0.53,25007
0.53,24172
0.53,26515
0.54,27630
0.54,27648
0.54,27714
0.54,27584
0.54,28040
0.54,28107
0.54,27744
0.54,26883
0.54,26883
0.54,26832
0.54,27365
0.54,27609
0.54,27586
0.54,27811
0.54,27240
0.54,27236
0.54,27266
0.54,27249
0.54,27324
0.54,27793
0.54,27251
0.54,30198
0.54,30098
0.54,29868
0.54,30469
0.54,30463
0.54,30313
0.54,30121
0.54,30806
0.54,30717
0.54,30032
0.54,30894
0.54,30885
0.54,30986
0.54,31230
0.54,31841
0.54,32206
0.54,32149
0.54,32873
0.54,32084
0.54,32016
0.54,31844
0.54,30139
0.54,30575
0.54,30254
0.54,29191
0.54,29137
0.54,29324
0.54,29351
0.54,29354
0.54,28388
0.54,28554
0.54,28030
0.54,27918
0.54,27979
0.54,28464
0.54,28882
0.54,28784
0.54,29442
0.54,29201
0.54,29360
0.54,29220
0.54,28907
0.54,28016
0.54,28105
0.54,27175
0.55,25908
0.55,25901
0.55,26215
0.55,25469
0.55,25897
0.55,26924
0.55,27785
0.55,27840
0.55,27851
0.55,28313
0.55,28037
0.55,27699
0.55,27777
0.55,28484
0.55,28554
0.55,28443
0.55,29407
0.55,28774
0.55,28752
0.55,27610
0.55,27712
0.55,28955
0.55,29535
0.55,29054
0.55,28744
0.55,28647
0.55,29052
0.55,28993
0.55,28688
0.55,28458
0.55,28301
0.55,28429
0.55,29363
0.55,29003
0.55,28291
0.55,28483
0.55,29004
0.55,28916
0.55,29127
0.55,29075
0.55,28552
0.55,28489
0.55,28249
0.55,28664
0.55,28333
0.55,28100
0.55,28553
0.55,27905
0.55,27894
0.55,27644
0.55,27671
0.55,26747
0.55,26992
0.55,27111
0.55,27346
0.55,27298
0.55,26865
0.55,27280
0.55,26865
0.55,27121
0.55,26964
0.55,26830
0.55,26797
0.55,27462
0.55,27389
0.56,28049
0.56,28813
0.56,28608
0.56,28478
0.56,28203
0.56,28027
0.56,28955
0.56,28962
0.56,28669
0.56,28509
0.56,28432
0.56,28066
0.56,28200
0.56,27387
0.56,27358
0.56,27995
0.56,28522
0.56,29080
0.56,30135
0.56,31239
0.56,31426
0.56,32485
0.56,32159
0.56,32342
0.56,32563
0.56,32704
0.56,32660
0.56,32983
0.56,32548
0.56,32581
0.56,32531
0.56,31537
0.56,31476
0.56,29476
0.56,29241
0.56,29632
0.56,29485
0.56,27876
0.56,27862
0.56,27511
0.56,27245
0.56,26703
0.56,25797
0.56,25828
0.56,25208
0.56,25153
0.56,24949
0.56,25170
0.56,25178
0.56,26280
0.56,25413
0.56,25017
0.56,25230
0.56,24718
0.56,25012
0.56,25165
0.56,24641
0.56,24494
0.56,24383
0.56,23897
0.56,24104
0.56,24981
0.56,25019
0.56,25012
0.57,25675
0.57,26018
0.57,26009
0.57,26730
0.57,27611
0.57,27862
0.57,27950
0.57,27590
0.57,28879
0.57,28641
0.57,28397
0.57,29040
0.57,29055
0.57,30997
0.57,30826
0.57,31078
0.57,30882
0.57,31084
0.57,31354
0.57,30811
0.57,31395
0.57,31383
0.57,31417
0.57,31161
0.57,31380
0.57,31893
0.57,32749
0.57,32469
0.57,32563
0.57,32010
0.57,31830
0.57,31164
0.57,31331
0.57,31094
0.57,31072
0.57,30931
0.57,30602
0.57,28260
0.57,28379
0.57,28589
0.57,28517
0.57,28602
0.57,28533
0.57,29052
0.57,29440
0.57,29731
0.57,29343
0.57,28990
0.57,28987
0.57,29149
0.57,29166
0.57,29973
0.57,28763
0.57,28613
0.57,28778
0.57,29772
0.57,29395
0.57,28815
0.57,29579
0.57,29054
0.57,30061
0.57,30743
0.57,29099
0.57,29148
0.58,28867
0.58,28313
0.58,28417
0.58,28263
0.58,28231
0.58,28680
0.58,28937
0.58,29624
0.58,28513
0.58,28559
0.58,28473
0.58,28418
0.58,28728
0.58,29192
0.58,29709
0.58,29332
0.58,29949
0.58,29834
0.58,30450
0.58,30309
0.58,29376
0.58,29023
0.58,28384
0.58,28690
0.58,28718
0.58,28691
0.58,28694
0.58,28576
0.58,28713
0.58,28828
0.58,28456
0.58,29377
0.58,28925
0.58,29412
0.58,28780
0.58,28474
0.58,29020
0.58,28606
0.58,28247
0.58,28010
0.58,28192
0.58,28096
0.58,27859
0.58,27372
0.58,28027
0.58,27861
0.58,28361
0.58,27952
0.58,28201
0.58,29247
0.58,29922
0.58,29797
0.58,29796
0.58,30577
0.58,30689
0.58,30931
0.58,29834
0.58,29240
0.58,29165
0.58,29879
0.58,29462
0.58,29894
0.58,29868
0.58,29891
0.59,29462
0.59,28861
0.59,29096
0.59,29853
0.59,30033
0.59,30147
0.59,30470
0.59,30614
0.59,29965
0.59,29539
0.59,29318
0.59,29699
0.59,30723
0.59,30362
0.59,30074
0.59,30127
0.59,30010
0.59,28076
0.59,26968
0.59,26714
0.59,27916
0.59,28536
0.59,28452
0.59,28581
0.59,29281
0.59,29406
0.59,28795
0.59,28799
0.59,29052
0.59,29046
0.59,29412
0.59,30415
0.59,31904
0.59,30779
0.59,32582
0.59,32850
0.59,32433
0.59,32010
0.59,32198
0.59,32412
0.59,31691
0.59,30838
0.59,30020
0.59,29388
0.59,29941
0.59,30109
0.59,29662
0.59,29354
0.59,28974
0.59,29048
0.59,28644
0.59,28675
0.59,28633
0.59,28821
0.59,27742
0.59,27952
0.59,27638
0.59,27858
0.59,29773
0.59,29497
0.59,29190
0.59,29573
0.59,29287
0.59,29283
0.59,29134
0.59,30056
0.59,30299
0.60,30112
0.60,29350
0.60,28449
0.60,29283
0.60,29911
0.60,29530
0.60,29893
0.60,29824
0.60,29673
0.60,29375
0.60,29231
0.60,29375
0.60,29740
0.60,29978
0.60,29664
0.60,30155
0.60,30422
0.60,29883
0.60,29982
0.60,29537
0.60,28871
0.60,29618
0.60,29058
0.60,28492
0.60,26664
0.60,26418
0.60,26152
0.60,26300
0.60,26362
0.60,26253
0.60,26540
0.60,26709
0.60,26056
0.60,26029
0.60,25643
0.60,26991
0.60,27183
0.60,27182
0.60,27213
0.60,27205
0.60,27847
0.60,27481
0.60,27493
0.60,28288
0.60,27451
0.60,27397
0.60,27240
0.60,27218
0.60,27102
0.60,25707
0.60,25565
0.60,25851
0.60,26547
0.60,26553
0.60,27631
0.60,27814
0.60,27972
0.60,28233
0.60,28089
0.60,27961
0.60,27878
0.60,27617
0.60,28754
0.60,28546
0.60,28176
0.61,26881
0.61,26823
0.61,28086
0.61,29608
0.61,29319
0.61,29307
0.61,29339
0.61,28660
0.61,28221
0.61,28233
0.61,28067
0.61,28169
0.61,28252
0.61,28329
0.61,27702
0.61,28399
0.61,28502
0.61,28560
0.61,29157
0.61,28431
0.61,27984
0.61,27825
0.61,27884
0.61,27882
0.61,29047
0.61,29003
0.61,29730
0.61,29863
0.61,29879
0.61,29863
0.61,29733
0.61,29125
0.61,28971
0.61,28883
0.61,28703
0.61,29924
0.61,30084
0.61,30084
0.61,30623
0.61,30569
0.61,30680
0.61,30619
0.61,30878
0.61,30821
0.61,30761
0.61,29949
0.61,29987
0.61,30011
0.61,30019
0.61,29651
0.61,29931
0.61,29971
0.61,29438
0.61,29350
0.61,29583
0.61,28569
0.61,28594
0.61,28026
0.61,28371
0.61,28120
0.61,28008
0.62,28043
0.62,27953
0.62,28761
0.62,29606
0.62,28766
0.62,28783
0.62,29576
0.62,29570
0.62,30181
0.62,30922
0.62,31456
0.62,32069
0.62,32121
0.62,32621
0.62,32302
0.62,31084
0.62,30649
0.62,30321
0.62,30868
0.62,30717
0.62,30963
0.62,29655
0.62,29991
0.62,29734
0.62,29927
0.62,29710
0.62,28374
0.62,28533
0.62,29829
0.62,30422
0.62,30102
0.62,30126
0.62,29902
0.62,29913
0.62,29810
0.62,27912
0.62,27913
0.62,27924
0.62,27979
0.62,27980
0.62,28369
0.62,28306
0.62,28743
0.62,28357
0.62,28519
0.62,29186
0.62,27849
0.62,28418
0.62,28660
0.62,28964
0.62,30408
0.62,30275
0.62,29662
0.62,29583
0.62,29670
0.62,29993
0.62,29091
0.62,28885
0.62,28844
0.62,27984
0.62,28316
0.62,27845
0.62,27841
0.62,26876
0.62,26697
0.62,27714
0.62,27918
0.62,28609
0.62,29274
0.63,28947
0.63,28993
0.63,29019
0.63,29177
0.63,28958
0.63,28978
0.63,29056
0.63,28375
0.63,28610
0.63,29066
0.63,28945
0.63,29016
0.63,28425
0.63,28887
0.63,29605
0.63,28862
0.63,28252
0.63,27402
0.63,27408
0.63,27121
0.63,27168
0.63,27284
0.63,27606
0.63,27819
0.63,28828
0.63,28427
0.63,28564
0.63,28852
0.63,28765
0.63,28332
0.63,28224
0.63,28268
0.63,28142
0.63,28045
0.63,28896
0.63,28294
0.63,27997
0.63,28059
0.63,28636
0.63,28328
0.63,28589
0.63,28427
0.63,29006
0.63,28494
0.63,27844
0.63,27717
0.63,27718
0.63,28741
0.63,29026
0.63,29644
0.63,30179
0.63,31514
0.63,30941
0.63,31038
0.63,31004
0.63,30057
0.63,30444
0.63,29934
0.63,29827
0.63,29168
0.63,28562
0.63,29270
0.63,29584
0.64,29720
0.64,29927
0.64,29771
0.64,30728
0.64,30743
0.64,30424
0.64,30285
0.64,30274
0.64,30269
0.64,28447
0.64,29881
0.64,29660
0.64,30145
0.64,29931
0.64,29841
0.64,29989
0.64,30898
0.64,31177
0.64,31155
0.64,30719
0.64,30009
0.64,29727
0.64,30144
0.64,30009
0.64,28639
0.64,29390
0.64,29411
0.64,28708
0.64,28378
0.64,27836
0.64,29079
0.64,28752
0.64,28107
0.64,26091
0.64,26026
0.64,25933
0.64,26022
0.64,26192
0.64,26055
0.64,26027
0.64,27156
0.64,27034
0.64,27105
0.64,27053
0.64,25118
0.64,25563
0.64,26161
0.64,26538
0.64,27666
0.64,27087
0.64,27043
0.64,27468
0.64,27861
0.64,27816
0.64,26843
0.64,27406
0.64,27890
0.64,27628
0.64,27940
0.64,27993
0.64,28311
0.64,28395
0.64,27276
0.64,27179
0.65,27434
0.65,26624
0.65,27533
0.65,25992
0.65,25844
0.65,25849
0.65,26088
0.65,27638
0.65,27707
0.65,27886
0.65,26934
0.65,27558
0.65,26932
0.65,26986
0.65,26117
0.65,26776
0.65,26897
0.65,27771
0.65,27827
0.65,28208
0.65,28771
0.65,28503
0.65,27918
0.65,26067
0.65,26857
0.65,26978
0.65,26692
0.65,26740
0.65,27235
0.65,27196
0.65,27580
0.65,27529
0.65,27838
0.65,27844
0.65,26847
0.65,28975
0.65,28929
0.65,28746
0.65,28160
0.65,28136
0.65,28263
0.65,27975
0.65,27974
0.65,28316
0.65,28643
0.65,27083
0.65,27625
0.65,27947
0.65,27944
0.65,28201
0.65,28727
0.65,29169
0.65,29073
0.65,29028
0.65,29151
0.65,28749
0.65,28278
0.65,28438
0.65,28396
0.65,27942
0.65,27916
0.65,27839
0.65,27523
0.65,26817
0.66,26882
0.66,28767
0.66,29010
0.66,30375
0.66,30666
0.66,30106
0.66,30267
0.66,30233
0.66,28269
0.66,28564
0.66,27212
0.66,28154
0.66,27896
0.66,27786
0.66,27826
0.66,28950
0.66,29277
0.66,29165
0.66,29123
0.66,28479
0.66,28144
0.66,28183
0.66,28137
0.66,27912
0.66,27853
0.66,29369
0.66,28736
0.66,28506
0.66,28439
0.66,27041
0.66,26936
0.66,26550
0.66,27275
0.66,27601
0.66,27594
0.66,27599
0.66,27045
0.66,27297
0.66,27342
0.66,27395
0.66,27458
0.66,27601
0.66,27573
0.66,27720
0.66,27963
0.66,27816
0.66,28020
0.66,27240
0.66,27269
0.66,26418
0.66,26665
0.66,25772
0.66,25775
0.66,25711
0.66,27474
0.66,27900
0.66,28188
0.66,29425
0.66,29346
0.66,28383
0.67,28274
0.67,30120
0.67,30259
0.67,30213
0.67,30034
0.67,29688
0.67,29949
0.67,30673
0.67,30012
0.67,29934
0.67,29894
0.67,29779
0.67,29495
0.67,29356
0.67,28892
0.67,28942
0.67,28851
0.67,29487
0.67,29621
0.67,29564
0.67,29991
0.67,29958
0.67,29530
0.67,29667
0.67,29410
0.67,29307
0.67,29805
0.67,30074
0.67,30444
0.67,29585
0.67,29618
0.67,29581
0.67,29038
0.67,28984
0.67,28741
0.67,29061
0.67,28655
0.67,28930
0.67,28605
0.67,27241
0.67,28310
0.67,28578
0.67,29217
0.67,30705
0.67,31002
0.67,31436
0.67,31526
0.67,31819
0.67,31545
0.67,31817
0.67,31693
0.67,31029
0.67,31268
0.67,31278
0.67,31398
0.67,30632
0.67,30591
0.67,31215
0.67,30446
0.67,30105
0.67,29752
0.67,29801
0.68,29678
0.68,29033
0.68,28367
0.68,27842
0.68,27723
0.68,27573
0.68,28501
0.68,28271
0.68,28652
0.68,28713
0.68,29277
0.68,27643
0.68,27471
0.68,28128
0.68,28399
0.68,28015
0.68,28136
0.68,28098
0.68,27764
0.68,27901
0.68,27483
0.68,28255
0.68,28651
0.68,28228
0.68,28350
0.68,28122
0.68,27934
0.68,28135
0.68,27591
0.68,27877
0.68,28163
0.68,28300
0.68,28987
0.68,29010
0.68,28155
0.68,27824
0.68,28668
0.68,28761
0.68,28142
0.68,27691
0.68,26602
0.68,26537
0.68,26976
0.68,26766
0.68,28225
0.68,27925
0.68,27721
0.68,27309
0.68,26234
0.68,26247
0.68,26260
0.68,26103
0.68,26209
0.68,25221
0.68,25648
0.68,26037
0.68,27025
0.68,27809
0.68,26790
0.68,25490
0.68,25105
0.69,25053
0.69,25696
0.69,25667
0.69,25991
0.69,25970
0.69,26368
0.69,26365
0.69,26228
0.69,26300
0.69,26364
0.69,27270
0.69,27201
0.69,27225
0.69,29242
0.69,29239
0.69,28178
0.69,28177
0.69,27958
0.69,27960
0.69,27973
0.69,27624
0.69,27580
0.69,27977
0.69,27744
0.69,27720
0.69,27245
0.69,27254
0.69,27526
0.69,27385
0.69,26910
0.69,26514
0.69,26361
0.69,25709
0.69,25875
0.69,26127
0.69,26268
0.69,26852
0.69,26847
0.69,27130
0.69,28020
0.69,28803
0.69,28432
0.69,28174
0.69,28180
0.69,27104
0.69,27153
0.69,27321
0.69,27194
0.69,29026
0.69,29252
0.69,29317
0.69,28214
0.69,28358
0.69,29027
0.69,28585
0.69,28703
0.69,28230
0.69,28260
0.69,27980
0.70,28005
0.70,27954
0.70,27618
0.70,27645
0.70,27952
0.70,28180
0.70,28495
0.70,26553
0.70,26729
0.70,26954
0.70,26898
0.70,26729
0.70,27877
0.70,27385
0.70,26457
0.70,26508
0.70,26790
0.70,26674
0.70,26532
0.70,26518
0.70,26979
0.70,27483
0.70,27985
0.70,27652
0.70,27842
0.70,27127
0.70,27848
0.70,28495
0.70,28500
0.70,28946
0.70,28902
0.70,28994
0.70,29229
0.70,30291
0.70,30096
0.70,30377
0.70,30317
0.70,31278
0.70,30902
0.70,30906
0.70,31260
0.70,31508
0.70,31352
0.70,31333
0.70,31687
0.70,32170
0.70,32219
0.70,31617
0.70,32153
0.70,31762
0.70,31613
0.70,31181
0.70,30651
0.70,30123
0.70,29004
0.70,29577
0.70,29396
0.70,29442
0.70,29478
0.70,28587
0.70,28445
0.70,28126
0.70,27946
0.71,29427
0.71,29320
0.71,29321
0.71,29455
0.71,29431
0.71,29496
0.71,29534
0.71,29582
0.71,29574
0.71,29869
0.71,29457
0.71,29380
0.71,29380
0.71,31061
0.71,31051
0.71,29780
0.71,30192
0.71,30100
0.71,30000
0.71,30229
0.71,29970
0.71,30490
0.71,31120
0.71,31132
0.71,31112
0.71,31091
0.71,30783
0.71,30627
0.71,30495
0.71,30403
0.71,30097
0.71,30087
0.71,30082
0.71,30015
0.71,29210
0.71,28892
0.71,28878
0.71,28123
0.71,28617
0.71,28797
0.71,28789
0.71,28839
0.71,29305
0.71,29076
0.71,29067
0.71,28547
0.71,28750
0.71,28099
0.71,28222
0.71,28223
0.71,28583
0.71,28892
0.71,29059
0.71,30539
0.71,30377
0.71,30286
0.71,30412
0.71,31094
0.71,31196
0.71,31131
0.71,30435
0.71,30759
0.71,30942
0.72,31738
0.72,30971
0.72,30981
0.72,31323
0.72,31283
0.72,31090
0.72,31101
0.72,30417
0.72,30375
0.72,30821
0.72,30848
0.72,29941
0.72,30148
0.72,30132
0.72,30297
0.72,30862
0.72,31194
0.72,31451
0.72,32422
0.72,32224
0.72,31911
0.72,31858
0.72,31882
0.72,32184
0.72,32232
0.72,32163
0.72,32964
0.72,32224
0.72,32215
0.72,32119
0.72,31387
0.72,31566
0.72,31888
0.72,31783
0.72,32206
0.72,31039
0.72,31368
0.72,30965
0.72,30098
0.72,30024
0.72,28622
0.72,28464
0.72,28447
0.72,28192
0.72,28832
0.72,28816
0.72,28657
0.72,29143
0.72,29270
0.72,29302
0.72,29220
0.72,27781
0.72,27772
0.72,27771
0.72,30135
0.72,28684
0.72,28828
0.72,27229
0.72,26655
0.72,26201
0.72,25722
0.72,25809
0.72,25960
0.72,25952
0.73,25692
0.73,26363
0.73,26188
0.73,26208
0.73,25805
0.73,25980
0.73,26037
0.73,26735
0.73,26155
0.73,25445
0.73,25309
0.73,25994
0.73,26271
0.73,26266
0.73,26226
0.73,26194
0.73,26383
0.73,25609
0.73,25684
0.73,25563
0.73,26221
0.73,26374
0.73,27681
0.73,27287
0.73,27088
0.73,27266
0.73,27380
0.73,26951
0.73,26806
0.73,27331
0.73,27079
0.73,27533
0.73,27066
0.73,27191
0.73,26265
0.73,26354
0.73,26459
0.73,27734
0.73,27421
0.73,27489
0.73,27928
0.74,26426
0.74,25983
0.74,26010
0.74,25527
0.74,25580
0.74,25788
0.74,25686
0.74,26244
0.74,26725
0.74,26880
0.74,27036
0.74,27179
0.74,26826
0.74,27071
0.74,27021
0.74,28558
0.74,29254
0.74,29113
0.74,26745
0.74,27627
0.74,26990
0.74,27335
0.74,27220
0.74,27290
0.74,27394
0.74,27562
0.74,27919
0.74,27905
0.74,27221
0.74,27009
0.74,27594
0.74,27382
0.74,27110
0.74,26912
0.74,27580
0.74,28148
0.74,27926
0.74,28057
0.74,27658
0.74,27456
0.74,27190
0.74,26886
0.74,27011
0.74,27166
0.74,27474
0.74,27046
0.74,27076
0.74,26714
0.74,26129
0.74,25636
0.74,26166
0.74,26185
0.74,26167
0.74,25585
0.74,25704
0.74,25805
0.74,25847
0.75,26168
0.75,26798
0.75,26791
0.75,26985
0.75,27642
0.75,27739
0.75,27452
0.75,26205
0.75,25954
0.75,26988
0.75,26600
0.75,25364
0.75,25520
0.75,25375
0.75,24739
0.75,25175
0.75,25526
0.75,25198
0.75,24734
0.75,24417
0.75,24815
0.75,24681
0.75,25082
0.75,25191
0.75,23875
0.75,23796
0.75,23196
0.75,23373
0.75,23630
0.75,23723
0.75,24731
0.75,24554
0.75,24966
0.75,24583
0.75,25073
0.75,26358
0.75,25917
0.75,25770
0.75,25649
0.75,25668
0.75,25610
0.75,27090
0.75,26242
0.75,26337
0.75,25354
0.75,24994
0.75,25677
0.75,26940
0.75,27256
0.75,26561
0.75,26378
0.75,26775
0.75,26763
0.75,26413
0.75,28151
0.75,27426
0.76,28382
0.76,28273
0.76,28478
0.76,28946
0.76,28855
0.76,28990
0.76,28187
0.76,29033
0.76,28911
0.76,29792
0.76,29659
0.76,30103
0.76,30819
0.76,31318
0.76,30438
0.76,30206
0.76,30692
0.76,30704
0.76,31024
0.76,31133
0.76,30943
0.76,31333
0.76,31131
0.76,30834
0.76,31916
0.76,30965
0.76,30979
0.76,30512
0.76,30509
0.76,30458
0.76,29419
0.76,29514
0.76,29378
0.76,28205
0.76,27482
0.76,26379
0.76,26282
0.76,26314
0.76,26586
0.76,26295
0.76,26568
0.76,26520
0.76,26721
0.76,26970
0.76,27158
0.76,27184
0.76,26622
0.76,26938
0.76,26939
0.76,27308
0.76,27051
0.76,27336
0.76,28951
0.76,28705
0.76,28910
0.76,28788
0.76,28765
0.76,28951
0.76,28155
0.76,28122
0.77,27738
0.77,26932
0.77,27410
0.77,26909
0.77,26010
0.77,26111
0.77,25726
0.77,26065
0.77,26101
0.77,26975
0.77,26769
0.77,27119
0.77,27245
0.77,27144
0.77,27338
0.77,28418
0.77,28587
0.77,29169
0.77,28585
0.77,28854
0.77,28788
0.77,28869
0.77,29280
0.77,28874
0.77,28457
0.77,28523
0.77,28022
0.77,28692
0.77,28137
0.77,27323
0.77,27176
0.77,27196
0.77,26899
0.77,27031
0.77,27884
0.77,27889
0.77,26966
0.77,26935
0.77,27550
0.77,27554
0.77,27779
0.77,28066
0.77,27977
0.77,28688
0.77,28913
0.77,27296
0.77,26396
0.77,26440
0.77,26815
0.77,27045
0.77,26821
0.77,25734
0.77,26440
0.77,25553
0.77,25380
0.77,25781
0.77,25232
0.77,25326
0.77,24249
0.77,25603
0.77,25744
0.77,25912
0.78,25333
0.78,25708
0.78,25538
0.78,25923
0.78,25939
0.78,25758
0.78,26508
0.78,26706
0.78,26112
0.78,26034
0.78,26071
0.78,27222
0.78,27286
0.78,27196
0.78,27389
0.78,27866
0.78,28052
0.78,28708
0.78,28718
0.78,28709
0.78,28686
0.78,28910
0.78,28287
0.78,27856
0.78,27810
0.78,27936
0.78,27853
0.78,28126
0.78,28233
0.78,28532
0.78,27113
0.78,26556
0.78,25954
0.78,26172
0.78,26376
0.78,26775
0.78,27189
0.78,26931
0.78,27459
0.78,27239
0.78,27124
0.78,27295
0.78,27250
0.78,27282
0.78,27354
0.78,27356
0.78,27064
0.78,26727
0.78,28686
0.78,28725
0.78,28709
0.78,27548
0.78,27139
0.79,27337
0.79,26539
0.79,26714
0.79,26945
0.79,26996
0.79,26838
0.79,27385
0.79,27745
0.79,27717
0.79,28079
0.79,28015
0.79,28171
0.79,27892
0.79,27548
0.79,27576
0.79,28303
0.79,26517
0.79,27484
0.79,27222
0.79,27382
0.79,27654
0.79,28553
0.79,28511
0.79,28472
0.79,27954
0.79,27979
0.79,28629
0.79,28209
0.79,28324
0.79,28026
0.79,28232
0.79,28357
0.79,28289
0.79,28659
0.79,28289
0.79,28155
0.79,28165
0.79,26535
0.79,25703
0.79,25971
0.79,25358
0.79,24944
0.79,25305
0.79,25142
0.79,24744
0.79,25730
0.79,25316
0.79,25109
0.79,25981
0.79,25989
0.79,25586
0.79,25725
0.79,26084
0.79,25081
0.79,25473
0.79,26224
0.79,25473
0.79,27061
0.79,26915
0.79,26325
0.79,26386
0.80,26419
0.80,26685
0.80,26511
0.80,26233
0.80,26385
0.80,26446
0.80,26769
0.80,26922
0.80,26820
0.80,26712
0.80,26734
0.80,25780
0.80,25087
0.80,25074
0.80,25178
0.80,24981
0.80,26653
0.80,26164
0.80,26965
0.80,27303
0.80,27049
0.80,27290
0.80,26436
0.80,25529
0.80,25886
0.80,25790
0.80,26803
0.80,26989
0.80,26993
0.80,27208
0.80,27337
0.80,27091
0.80,27149
0.80,26596
0.80,27185
0.80,27435
0.80,27758
0.80,28987
0.80,29264
0.80,29350
0.80,29216
0.80,29141
0.80,29212
0.80,28948
0.80,29102
0.80,28968
0.80,28766
0.80,28208
0.80,28201
0.80,26902
0.80,27042
0.80,26027
0.80,26681
0.80,28662
0.80,28116
0.80,28658
0.81,28923
0.81,28221
0.81,28544
0.81,28498
0.81,27625
0.81,27462
0.81,26058
0.81,26020
0.81,25489
0.81,25683
0.81,25472
0.81,25801
0.81,25307
0.81,25384
0.81,25144
0.81,25352
0.81,25591
0.81,25461
0.81,25827
0.81,25452
0.81,26191
0.81,26018
0.81,24231
0.81,24237
0.81,24687
0.81,24448
0.81,24442
0.81,24531
0.81,25789
0.81,25773
0.81,25562
0.81,26377
0.81,26685
0.81,26746
0.81,26715
0.81,27021
0.81,27032
0.81,27085
0.81,27490
0.81,27539
0.81,27384
0.81,27742
0.81,28135
0.81,28489
0.81,28316
0.81,28580
0.81,28093
0.81,28270
0.81,28321
0.81,27192
0.81,27630
0.81,27594
0.81,27532
0.81,27456
0.81,27538
0.81,27637
0.81,27658
0.81,26903
0.81,26787
0.81,27594
0.82,27725
0.82,27725
0.82,28550
0.82,29265
0.82,28314
0.82,28404
0.82,28216
0.82,28247
0.82,27965
0.82,28758
0.82,28631
0.82,28566
0.82,28413
0.82,27805
0.82,27811
0.82,27892
0.82,28748
0.82,28092
0.82,28128
0.82,28100
0.82,28203
0.82,28611
0.82,28543
0.82,28417
0.82,28291
0.82,29379
0.82,26733
0.82,26733
0.82,26893
0.82,26741
0.82,26104
0.82,26503
0.82,25267
0.82,24998
0.82,25853
0.82,26384
0.82,25913
0.82,25856
0.82,27003
0.82,25947
0.82,24880
0.82,24521
0.82,25878
0.82,27027
0.82,27185
0.82,27142
0.82,26539
0.82,26302
0.82,26542
0.82,26562
0.82,26030
0.82,26289
0.82,26527
0.82,26331
0.82,26864
0.82,26545
0.82,26882
0.82,27171
0.82,26738
0.83,26673
0.83,26280
0.83,26588
0.83,26709
0.83,26104
0.83,25656
0.83,25955
0.83,26139
0.83,26579
0.83,26658
0.83,26553
0.83,27080
0.83,26905
0.83,26314
0.83,26780
0.83,27423
0.83,27728
0.83,27570
0.83,26703
0.83,26971
0.83,27043
0.83,26783
0.83,27270
0.83,27031
0.83,26955
0.83,26790
0.83,27521
0.83,27019
0.83,26807
0.83,26810
0.83,27018
0.83,26758
0.83,27040
0.83,26760
0.83,26743
0.83,26639
0.83,26931
0.83,27170
0.83,27116
0.83,28706
0.83,28873
0.83,28340
0.83,28533
0.83,28921
0.83,28923
0.83,28598
0.83,28290
0.83,28363
0.83,27861
0.83,27969
0.83,27543
0.83,27554
0.83,27900
0.83,28589
0.83,28248
0.84,28517
0.84,27653
0.84,27214
0.84,27187
0.84,27541
0.84,27695
0.84,27898
0.84,28209
0.84,27529
0.84,28329
0.84,27524
0.84,27588
0.84,27869
0.84,27683
0.84,27689
0.84,27708
0.84,27842
0.84,27869
0.84,27871
0.84,27154
0.84,27267
0.84,26953
0.84,26952
0.84,27252
0.84,28582
0.84,29970
0.84,30123
0.84,30268
0.84,30199
0.84,30159
0.84,29973
0.84,30054
0.84,29819
0.84,29998
0.84,29576
0.84,29856
0.84,29372
0.84,29832
0.84,29937
0.84,29844
0.84,29848
0.84,29923
0.84,29930
0.84,31313
0.84,31133
0.84,30113
0.84,29519
0.84,29221
0.84,29549
0.84,29662
0.84,29268
0.84,29556
0.84,29558
0.84,29258
0.85,28783
0.85,28769
0.85,28882
0.85,28703
0.85,28910
0.85,28681
0.85,28483
0.85,28534
0.85,27560
0.85,27133
0.85,26582
0.85,27550
0.85,27174
0.85,26850
0.85,27207
0.85,27188
0.85,26614
0.85,26837
0.85,26726
0.85,26367
0.85,25770
0.85,25368
0.85,25368
0.85,25250
0.85,25289
0.85,25302
0.85,25146
0.85,25546
0.85,25544
0.85,25749
0.85,25417
0.85,25594
0.85,25781
0.85,25665
0.85,25771
0.85,26649
0.85,26742
0.85,26828
0.85,26737
0.85,27294
0.85,27137
0.85,27240
0.85,27279
0.85,26433
0.85,26195
0.85,26095
0.85,26129
0.85,25726
0.85,25926
0.85,25925
0.85,25598
0.85,26349
0.85,26351
0.85,26021
0.85,25677
0.86,26108
0.86,26541
0.86,26569
0.86,26305
0.86,26248
0.86,26050
0.86,25824
0.86,25961
0.86,26305
0.86,26306
0.86,26366
0.86,26239
0.86,25441
0.86,26177
0.86,24983
0.86,25266
0.86,25439
0.86,25553
0.86,25975
0.86,26269
0.86,26477
0.86,26527
0.86,26661
0.86,26259
0.86,25933
0.86,25384
0.86,25450
0.86,25352
0.86,24849
0.86,24794
0.86,27179
0.86,27125
0.86,27068
0.86,27037
0.86,27349
0.86,27122
0.86,27407
0.86,26059
0.86,26032
0.86,25491
0.86,25840
0.86,25749
0.86,25772
0.86,25838
0.86,25627
0.87,25891
0.87,24689
0.87,24534
0.87,24924
0.87,24667
0.87,25444
0.87,26032
0.87,26049
0.87,26187
0.87,26552
0.87,25413
0.87,24895
0.87,25268
0.87,24777
0.87,24280
0.87,24627
0.87,25737
0.87,25836
0.87,25024
0.87,25773
0.87,25967
0.87,26309
0.87,26710
0.87,26855
0.87,26190
0.87,25935
0.87,25648
0.87,24640
0.87,24752
0.87,25731
0.87,25911
0.87,27442
0.87,27031
0.87,27156
0.87,27051
0.87,27006
0.87,27004
0.87,26888
0.87,27384
0.87,27513
0.87,27455
0.87,26986
0.87,27083
0.87,26886
0.87,26529
0.87,26606
0.87,26843
0.87,27093
0.87,27127
0.87,27517
0.88,27423
0.88,27144
0.88,27719
0.88,28960
0.88,28907
0.88,28954
0.88,28934
0.88,28691
0.88,29141
0.88,28844
0.88,28278
0.88,28293
0.88,27983
0.88,27940
0.88,28385
0.88,28651
0.88,28505
0.88,28388
0.88,28297
0.88,28648
0.88,28648
0.88,28504
0.88,27514
0.88,27505
0.88,26695
0.88,27182
0.88,27032
0.88,26986
0.88,27589
0.88,26779
0.88,27154
0.88,27730
0.88,28289
0.88,28241
0.88,28023
0.88,27703
0.88,27490
0.88,26971
0.88,28039
0.88,28283
0.88,28068
0.88,28362
0.88,28442
0.88,28362
0.88,28280
0.88,28962
0.88,29210
0.88,28894
0.88,28892
0.88,29002
0.88,29467
0.88,29661
0.89,30852
0.89,30896
0.89,30986
0.89,31393
0.89,31512
0.89,31470
0.89,29948
0.89,27603
0.89,27030
0.89,27132
0.89,27322
0.89,26673
0.89,26641
0.89,27297
0.89,27402
0.89,27006
0.89,26453
0.89,27526
0.89,27808
0.89,27553
0.89,27453
0.89,28630
0.89,28433
0.89,27954
0.89,28716
0.89,28697
0.89,29030
0.89,29114
0.89,28125
0.89,28150
0.89,27857
0.89,28297
0.89,28714
0.89,28913
0.89,29262
0.89,28237
0.89,28175
0.89,28178
0.89,26743
0.89,26905
0.89,27237
0.89,27368
0.89,27411
0.89,27493
0.89,27479
0.89,27702
0.89,27457
0.89,27630
0.89,26483
0.89,26371
0.89,26577
0.89,25198
0.89,25118
0.89,25306
0.89,25315
0.89,25353
0.89,25450
0.89,25921
0.90,25976
0.90,25878
0.90,25622
0.90,25723
0.90,26022
0.90,26210
0.90,25098
0.90,25151
0.90,24949
0.90,24952
0.90,25492
0.90,26020
0.90,25771
0.90,25629
0.90,25687
0.90,26132
0.90,26599
0.90,26352
0.90,25013
0.90,24396
0.90,24368
0.90,24268
0.90,24415
0.90,24008
0.90,23897
0.90,24426
0.90,23649
0.90,23573
0.90,23405
0.90,24664
0.90,24868
0.90,24893
0.90,25015
0.90,26034
0.90,25297
0.90,26639
0.90,27097
0.90,26718
0.90,26295
0.90,24123
0.90,23922
0.90,24410
0.90,24862
0.90,24853
0.90,25404
0.90,25309
0.90,25303
0.90,25729
0.90,25654
0.91,25736
0.91,25672
0.91,25382
0.91,25352
0.91,25409
0.91,25772
0.91,25661
0.91,25714
0.91,26169
0.91,26070
0.91,26023
0.91,25952
0.91,26467
0.91,26284
0.91,27001
0.91,25964
0.91,25916
0.91,25761
0.91,25969
0.91,25782
0.91,25676
0.91,25952
0.91,24812
0.91,24626
0.91,25039
0.91,25290
0.91,24450
0.91,24399
0.91,24595
0.91,25011
0.91,25353
0.91,26059
0.91,25965
0.91,25911
0.91,26415
0.91,25556
0.91,26583
0.91,26872
0.91,26477
0.91,26006
0.91,26473
0.91,26418
0.91,26364
0.91,25865
0.91,25624
0.91,25516
0.91,24488
0.91,24358
0.91,24292
0.92,26118
0.92,25484
0.92,25899
0.92,26152
0.92,26633
0.92,25690
0.92,25699
0.92,26156
0.92,25950
0.92,26027
0.92,25606
0.92,26081
0.92,25520
0.92,24691
0.92,24542
0.92,24440
0.92,24224
0.92,24505
0.92,24440
0.92,22984
0.92,23382
0.92,24216
0.92,23346
0.92,23106
0.92,22095
0.92,22152
0.92,21675
0.92,22228
0.92,22159
0.92,23672
0.92,24003
0.92,23827
0.92,24134
0.92,25051
0.92,25197
0.92,25154
0.92,25140
0.92,25400
0.92,25481
0.92,26640
0.92,26195
0.92,25969
0.93,25970
0.93,25832
0.93,25656
0.93,25810
0.93,25691
0.93,25597
0.93,24646
0.93,24732
0.93,25404
0.93,25324
0.93,25254
0.93,25480
0.93,25083
0.93,24865
0.93,24841
0.93,24760
0.93,25227
0.93,25087
0.93,24789
0.93,24636
0.93,25031
0.93,24796
0.93,26046
0.93,25832
0.93,25524
0.93,25519
0.93,25274
0.93,25207
0.93,25303
0.93,25156
0.93,25159
0.93,25738
0.93,26209
0.93,26472
0.93,26378
0.93,25856
0.93,26048
0.93,25517
0.93,26379
0.93,26304
0.93,26216
0.93,26503
0.93,26542
0.93,26095
0.93,26297
0.93,26627
0.93,26819
0.93,27821
0.93,27842
0.93,27886
0.93,28740
0.93,28771
0.93,28511
0.93,28503
0.94,28352
0.94,28462
0.94,29378
0.94,29091
0.94,27577
0.94,27153
0.94,27027
0.94,26371
0.94,26798
0.94,27225
0.94,27443
0.94,27279
0.94,27350
0.94,26466
0.94,26046
0.94,26209
0.94,26587
0.94,26472
0.94,26120
0.94,26393
0.94,26407
0.94,26102
0.94,26232
0.94,28525
0.94,28857
0.94,28592
0.94,28001
0.94,27941
0.94,28116
0.94,28023
0.94,28048
0.94,27879
0.94,27368
0.94,26921
0.94,26617
0.94,26341
0.94,26852
0.94,26627
0.94,25961
0.94,25773
0.94,25797
0.94,25707
0.94,25872
0.94,25287
0.94,25643
0.94,25599
0.94,24550
0.94,24367
0.94,23269
0.94,23069
0.94,22914
0.94,22690
0.95,22748
0.95,21592
0.95,21728
0.95,22454
0.95,23469
0.95,23493
0.95,24084
0.95,24740
0.95,25240
0.95,24874
0.95,25541
0.95,25593
0.95,26814
0.95,25991
0.95,26615
0.95,26031
0.95,26334
0.95,25443
0.95,25236
0.95,24541
0.95,24618
0.95,25023
0.95,26466
0.95,27758
0.95,27631
0.95,25753
0.95,25624
0.95,24964
0.95,24683
0.95,23716
0.95,24482
0.95,24552
0.95,25167
0.95,25080
0.95,25247
0.95,25499
0.95,26716
0.95,26769
0.95,26486
0.95,26645
0.95,26290
0.95,26227
0.95,26441
0.96,26412
0.96,26368
0.96,26004
0.96,26139
0.96,25989
0.96,26497
0.96,26580
0.96,26939
0.96,26681
0.96,26660
0.96,27712
0.96,27640
0.96,27122
0.96,26939
0.96,27336
0.96,26637
0.96,26772
0.96,26631
0.96,26559
0.96,27540
0.96,27370
0.96,26937
0.96,27289
0.96,27059
0.96,26653
0.96,26665
0.96,27729
0.96,27626
0.96,26770
0.96,26592
0.96,25509
0.96,26002
0.96,25597
0.96,25001
0.96,23710
0.96,23876
0.96,23946
0.96,23856
0.96,23503
0.96,23535
0.96,24141
0.96,23727
0.96,24004
0.96,23882
0.96,24204
0.96,23653
0.97,23222
0.97,23405
0.97,23436
0.97,24118
0.97,23906
0.97,24089
0.97,24892
0.97,25394
0.97,25474
0.97,25600
0.97,25177
0.97,24913
0.97,24960
0.97,24722
0.97,25035
0.97,24359
0.97,24203
0.97,24354
0.97,24061
0.97,24111
0.97,23943
0.97,23764
0.97,23820
0.97,23822
0.97,24389
0.97,24413
0.97,25062
0.97,25496
0.97,25464
0.97,25746
0.97,25774
0.97,25869
0.97,26125
0.97,26155
0.97,26229
0.97,26124
0.97,25884
0.97,25971
0.97,25526
0.97,26002
0.97,26001
0.97,25555
0.97,25611
0.97,24968
0.97,25015
0.97,25803
0.97,26645
0.97,26769
0.98,26843
0.98,27738
0.98,28029
0.98,28095
0.98,28198
0.98,28594
0.98,27989
0.98,27960
0.98,27312
0.98,27120
0.98,26987
0.98,26751
0.98,26434
0.98,26533
0.98,26628
0.98,26739
0.98,26709
0.98,25984
0.98,25682
0.98,26342
0.98,26262
0.98,26209
0.98,25842
0.98,25998
0.98,25839
0.98,25884
0.98,26022
0.98,25879
0.98,24890
0.98,24963
0.98,24856
0.98,24076
0.98,24654
0.98,24896
0.98,24917
0.98,24900
0.98,25452
0.98,25418
0.98,25732
0.98,25843
0.98,26397
0.98,26319
0.98,26494
0.99,26402
0.99,26422
0.99,26319
0.99,27067
0.99,26286
0.99,26251
0.99,27088
0.99,27697
0.99,27250
0.99,27356
0.99,27386
0.99,27962
0.99,27370
0.99,27327
0.99,28240
0.99,28186
0.99,27645
0.99,28162
0.99,27764
0.99,28260
0.99,28418
0.99,27957
0.99,27860
0.99,27365
0.99,26770
0.99,26566
0.99,26804
0.99,26600
0.99,26482
0.99,26503
0.99,26639
0.99,27053
0.99,26923
0.99,27126
0.99,27498
0.99,27415
0.99,27037
0.99,26878
0.99,27014
0.99,27145
0.99,27586
0.99,26537
0.99,26630
0.99,26587
0.99,26464
0.99,26117
0.99,26911
0.99,26742
0.99,26707
0.99,26633
0.99,26624
0.99,26642
0.99,26416
0.99,25792
0.99,25813
0.99,25821
0.99,25742
0.99,25638
1.00,25199
1.00,25226
1.00,24830
1.00,25759
1.00,25884
1.00,25590
1.00,25519
1.00,24915
1.00,24951
1.00,24218
1.00,24118
1.00,24741
1.00,25668
1.00,25787
1.00,25155
1.00,25187
1.00,25326
1.00,25277
1.00,25358
1.00,25775
1.00,26050
1.00,25427
1.00,25516
1.00,25359
1.00,25440
1.00,26997
1.00,25601
1.00,25511
1.00,25756
1.00,25672
1.00,25613
1.00,25938
1.00,25671
1.00,24799
1.00,24535
1.00,24331
1.00,24819
1.01,24842
1.01,25146
1.01,24895
1.01,24956
1.01,25407
1.01,24543
1.01,24376
1.01,25407
1.01,25583
1.01,25580
1.01,25486
1.01,25482
1.01,25512
1.01,24924
1.01,23812
1.01,24077
1.01,24123
1.01,23519
1.01,23561
1.01,23531
1.01,24527
1.01,25075
1.01,25368
1.01,25254
1.01,24586
1.01,25069
1.01,24679
1.01,24385
1.01,24455
1.01,24446
1.01,24573
1.01,24487
1.01,23691
1.01,23693
1.01,23819
1.01,24151
1.01,24035
1.01,24386
1.01,24306
1.01,24460
1.02,24443
1.02,24528
1.02,23871
1.02,24461
1.02,24236
1.02,24056
1.02,24044
1.02,24174
1.02,24214
1.02,24734
1.02,25416
1.02,25443
1.02,25438
1.02,25219
1.02,25202
1.02,24907
1.02,24819
1.02,25136
1.02,25099
1.02,25091
1.02,25024
1.02,26235
1.02,25902
1.02,26481
1.02,26271
1.02,26114
1.02,25458
1.02,25473
1.02,25486
1.02,25767
1.02,25796
1.02,25957
1.02,25674
1.02,24612
1.02,24935
1.02,24872
1.02,25063
1.02,24001
1.02,24010
1.02,24550
1.02,24457
1.02,24101
1.02,25049
1.02,24637
1.02,24624
1.02,24303
1.03,24542
1.03,24276
1.03,24549
1.03,24347
1.03,24604
1.03,24459
1.03,24778
1.03,23941
1.03,24526
1.03,24513
1.03,24216
1.03,24077
1.03,24984
1.03,25423
1.03,25801
1.03,26074
1.03,25854
1.03,25911
1.03,26052
1.03,25511
1.03,25822
1.03,25764
1.03,25857
1.03,26913
1.03,26208
1.03,26286
1.03,26241
1.03,25393
1.03,26080
1.03,25996
1.03,25996
1.03,25611
1.03,25564
1.03,24257
1.03,24503
1.03,24473
1.03,24433
1.03,24383
1.03,24188
1.03,23945
1.03,23985
1.03,23563
1.03,23391
1.03,22525
1.04,22454
1.04,23212
1.04,23099
1.04,23378
1.04,24280
1.04,24433
1.04,24535
1.04,23958
1.04,24019
1.04,24331
1.04,24547
1.04,24600
1.04,24661
1.04,24304
1.04,24527
1.04,24688
1.04,24475
1.04,24543
1.04,24553
1.04,24772
1.04,24461
1.04,24623
1.04,24172
1.04,24252
1.04,24163
1.04,24166
1.04,24080
1.04,24449
1.04,24366
1.04,23844
1.04,23613
1.04,23529
1.04,23548
1.04,23561
1.04,23209
1.04,23807
1.04,24192
1.04,24307
1.04,24297
1.04,24588
1.04,24839
1.04,24490
1.04,24185
1.04,24302
1.04,23946
1.04,23931
1.05,23854
1.05,23730
1.05,25280
1.05,25647
1.05,25702
1.05,25684
1.05,25486
1.05,25100
1.05,25606
1.05,25633
1.05,25527
1.05,25594
1.05,25658
1.05,25221
1.05,25396
1.05,25539
1.05,25754
1.05,25326
1.05,25915
1.05,26048
1.05,26027
1.05,25547
1.05,25550
1.05,25625
1.05,24088
1.05,24705
1.05,24936
1.05,24953
1.05,25839
1.05,24802
1.05,25080
1.05,25191
1.05,25748
1.05,25735
1.05,24732
1.05,24772
1.05,24298
1.05,24424
1.05,24575
1.05,24569
1.05,25163
1.05,24603
1.05,23033
1.05,23752
1.06,23782
1.06,23255
1.06,23150
1.06,24711
1.06,24873
1.06,24901
1.06,24581
1.06,24508
1.06,23458
1.06,23343
1.06,23022
1.06,23006
1.06,22819
1.06,23465
1.06,23687
1.06,23579
1.06,24364
1.06,24307
1.06,24069
1.06,24165
1.06,23787
1.06,23538
1.06,23710
1.06,23776
1.06,23682
1.06,23671
1.06,23746
1.06,23953
1.06,24631
1.06,24601
1.06,23804
1.06,23968
1.06,24076
1.06,24204
1.06,25533
1.06,25361
1.06,25383
1.06,24812
1.06,24728
1.06,25751
1.06,26788
1.06,26852
1.06,26997
1.06,26521
1.06,26788
1.06,26702
1.06,26621
1.06,26909
1.07,26885
1.07,26877
1.07,27020
1.07,27005
1.07,27039
1.07,27057
1.07,26081
1.07,25963
1.07,25686
1.07,25598
1.07,25902
1.07,25895
1.07,26241
1.07,25872
1.07,26316
1.07,26288
1.07,25825
1.07,26124
1.07,26109
1.07,26132
1.07,26704
1.07,27294
1.07,27636
1.07,27645
1.07,27661
1.07,27724
1.07,27247
1.07,26551
1.07,26735
1.07,26802
1.07,26467
1.07,26987
1.07,26717
1.07,26531
1.07,26160
1.07,26214
1.07,26013
1.07,26666
1.07,27393
1.07,27200
1.07,27576
1.07,26930
1.07,26985
1.07,27460
1.07,26972
1.07,27110
1.07,27389
1.07,27276
1.08,26452
1.08,26432
1.08,26666
1.08,26664
1.08,26547
1.08,26100
1.08,26522
1.08,25974
1.08,26852
1.08,26977
1.08,26733
1.08,26684
1.08,26232
1.08,26024
1.08,25302
1.08,25757
1.08,25142
1.08,25094
1.08,25312
1.08,25135
1.08,24664
1.08,24262
1.08,24160
1.08,23879
1.08,23956
1.08,24119
1.08,24200
1.08,23217
1.08,23321
1.08,23326
1.08,23534
1.08,23776
1.08,24008
1.08,24177
1.08,24353
1.08,24361
1.08,24157
1.08,23757
1.08,23854
1.09,24007
1.09,24112
1.09,23061
1.09,23510
1.09,23337
1.09,23121
1.09,23117
1.09,23141
1.09,23423
1.09,23223
1.09,23365
1.09,23672
1.09,23942
1.09,24248
1.09,24181
1.09,24574
1.09,23762
1.09,23879
1.09,23892
1.09,22809
1.09,22900
1.09,22900
1.09,23602
1.09,23635
1.09,23092
1.09,23221
1.09,23662
1.09,23891
1.09,23790
1.09,23571
1.09,23790
1.09,23842
1.09,23231
1.09,23076
1.09,23251
1.09,23089
1.09,22710
1.09,22763
1.09,23310
1.10,23281
1.10,24088
1.10,24142
1.10,24860
1.10,24872
1.10,24901
1.10,25126
1.10,25278
1.10,25509
1.10,26238
1.10,26691
1.10,26491
1.10,26539
1.10,26585
1.10,26224
1.10,25643
1.10,25308
1.10,24240
1.10,24183
1.10,24108
1.10,24391
1.10,24468
1.10,25077
1.10,24637
1.10,23887
1.10,24228
1.10,23719
1.10,24111
1.10,24262
1.10,24050
1.10,23937
1.10,23994
1.10,23535
1.10,23616
1.10,23253
1.10,23237
1.10,23822
1.10,23634
1.10,23501
1.11,23831
1.11,24022
1.11,23825
1.11,23159
1.11,23259
1.11,23484
1.11,23487
1.11,23280
1.11,23261
1.11,23331
1.11,23260
1.11,23497
1.11,23212
1.11,23556
1.11,23187
1.11,22394
1.11,22971
1.11,22883
1.11,23348
1.11,23289
1.11,23028
1.11,23973
1.11,24366
1.11,24415
1.11,24282
1.11,23333
1.11,23229
1.11,23934
1.11,23787
1.11,22341
1.11,22750
1.11,23205
1.12,22779
1.12,23069
1.12,23706
1.12,23806
1.12,23613
1.12,25202
1.12,25245
1.12,25382
1.12,25696
1.12,24832
1.12,25134
1.12,25147
1.12,24955
1.12,24836
1.12,24837
1.12,25103
1.12,25101
1.12,24916
1.12,24688
1.12,24671
1.12,24345
1.12,23958
1.12,24579
1.12,23834
1.12,24188
1.12,23395
1.12,23616
1.12,23699
1.12,25034
1.12,25068
1.12,24885
1.12,24384
1.12,24337
1.12,24504
1.13,24448
1.13,23844
1.13,23651
1.13,24154
1.13,23177
1.13,22872
1.13,22904
1.13,22857
1.13,23038
1.13,22198
1.13,21294
1.13,21063
1.13,21187
1.13,21654
1.13,21672
1.13,22175
1.13,22303
1.13,22100
1.13,22013
1.13,21808
1.13,21865
1.13,21892
1.13,21853
1.13,22247
1.13,22194
1.13,22125
1.13,21882
1.13,21805
1.13,22478
1.13,22557
1.13,21889
1.13,22230
1.13,22348
1.13,22705
1.13,22848
1.13,22831
1.13,23015
1.14,22370
1.14,22318
1.14,23089
1.14,22910
1.14,22780
1.14,22747
1.14,22631
1.14,23315
1.14,23150
1.14,23278
1.14,23201
1.14,23688
1.14,22906
1.14,23479
1.14,22676
1.14,21891
1.14,21864
1.14,21869
1.14,21864
1.14,20929
1.14,21332
1.14,21600
1.14,21429
1.14,21588
1.14,22027
1.14,22533
1.14,23178
1.14,23681
1.14,23412
1.14,23508
1.14,22830
1.14,22617
1.14,22472
1.15,21896
1.15,22088
1.15,21925
1.15,21924
1.15,22338
1.15,22261
1.15,22515
1.15,22529
1.15,22777
1.15,22851
1.15,22733
1.15,22624
1.15,22999
1.15,22926
1.15,22916
1.15,22977
1.15,22944
1.15,22987
1.15,22947
1.15,22373
1.15,22101
1.15,22264
1.15,22542
1.15,22035
1.15,21806
1.15,21643
1.15,21495
1.15,21398
1.15,21910
1.15,21732
1.15,22305
1.15,22201
1.15,22076
1.15,22160
1.15,22299
1.16,21326
1.16,21382
1.16,21033
1.16,21089
1.16,21158
1.16,21131
1.16,21110
1.16,21263
1.16,21167
1.16,21412
1.16,21253
1.16,22111
1.16,21938
1.16,21575
1.16,21494
1.16,21851
1.16,22368
1.16,22060
1.16,22041
1.16,21536
1.16,19775
1.16,19931
1.16,19776
1.17,19685
1.17,20170
1.17,20128
1.17,19674
1.17,19506
1.17,19753
1.17,20058
1.17,20032
1.17,20017
1.17,20174
1.17,20239
1.17,20664
1.17,20630
1.17,20416
1.17,20312
1.17,20064
1.17,19924
1.17,19563
1.17,20123
1.17,20085
1.17,19864
1.17,20380
1.17,20404
1.17,20616
1.17,20583
1.17,19908
1.17,19433
1.18,19483
1.18,19813
1.18,19623
1.18,19875
1.18,19835
1.18,19871
1.18,19762
1.18,19689
1.18,20214
1.18,20313
1.18,20289
1.18,20553
1.18,20350
1.18,20003
1.18,19855
1.18,19581
1.18,19676
1.18,19816
1.18,20090
1.18,20113
1.18,20148
1.18,20127
1.18,20122
1.18,20675
1.18,21043
1.18,20995
1.18,20854
1.18,20407
1.18,20092
1.18,19930
1.18,19800
1.19,19716
1.19,19673
1.19,19525
1.19,19437
1.19,19319
1.19,19327
1.19,18527
1.19,18628
1.19,18807
1.19,18817
1.19,18715
1.19,18686
1.19,18624
1.19,18466
1.19,18365
1.19,18630
1.19,18801
1.19,18991
1.19,19417
1.19,19462
1.19,19754
1.19,19662
1.19,19633
1.19,19428
1.19,20223
1.19,20254
1.19,20487
1.20,20443
1.20,20707
1.20,20502
1.20,20508
1.20,20487
1.20,20163
1.20,19994
1.20,19955
1.20,20424
1.20,20179
1.20,20386
1.20,20463
1.20,20442
1.20,20262
1.20,18695
1.20,18887
1.20,18924
1.20,19092
1.20,19005
1.20,18816
1.20,18869
1.20,19102
1.21,19014
1.21,18851
1.21,18766
1.21,19655
1.21,19482
1.21,19275
1.21,19630
1.21,19580
1.21,19646
1.21,19596
1.21,19629
1.21,19671
1.21,19509
1.21,20178
1.21,19530
1.21,19331
1.21,19899
1.21,19325
1.21,19294
1.21,19222
1.21,19169
1.21,19309
1.21,19366
1.21,19623
1.21,19602
1.21,19574
1.21,19864
1.21,19438
1.21,19388
1.21,18793
1.21,19096
1.22,18862
1.22,18671
1.22,18779
1.22,19904
1.22,19690
1.22,19553
1.22,19734
1.22,19771
1.22,19825
1.22,20149
1.22,19963
1.22,19833
1.22,19547
1.22,19562
1.22,19654
1.22,19820
1.22,19739
1.22,19928
1.22,20181
1.22,20239
1.23,20250
1.23,20373
1.23,20157
1.23,20111
1.23,20011
1.23,19535
1.23,19352
1.23,20356
1.23,20124
1.23,20370
1.23,20316
1.23,20273
1.23,20533
1.23,20622
1.23,20166
1.23,20327
1.23,21193
1.23,21166
1.23,21198
1.23,21147
1.23,21163
1.23,20905
1.23,20874
1.23,21033
1.23,21296
1.23,20729
1.24,20672
1.24,20950
1.24,20870
1.24,20741
1.24,21188
1.24,20963
1.24,21142
1.24,21321
1.24,21800
1.24,21604
1.24,21672
1.24,21644
1.24,21116
1.24,20923
1.24,20847
1.24,20358
1.25,20194
1.25,20099
1.25,20295
1.25,20410
1.25,20197
1.25,20247
1.25,20156
1.25,20052
1.25,20046
1.25,20110
1.25,20789
1.25,20936
1.25,21914
1.25,21214
1.25,21153
1.25,21180
1.25,21194
1.25,21160
1.25,21181
1.25,21284
1.25,21269
1.25,21279
1.25,21448
1.25,21649
1.25,21606
1.25,21692
1.25,22076
1.25,22261
1.25,22151
1.25,22174
1.25,22334
1.25,21976
1.25,21581
1.25,21459
1.26,21254
1.26,21274
1.26,21176
1.26,21380
1.26,21514
1.26,21452
1.26,19779
1.26,19938
1.26,20751
1.26,20095
1.26,19941
1.26,20110
1.26,20036
1.26,19981
1.26,20007
1.26,19639
1.26,19602
1.26,18442
1.26,17969
1.26,18001
1.26,18009
1.26,18149
1.26,18322
1.26,18230
1.26,18446
1.26,18358
1.26,18321
1.26,18639
1.26,18614
1.26,18965
1.27,18608
1.27,18431
1.27,18147
1.27,18291
1.27,18460
1.27,18416
1.27,18355
1.27,18401
1.27,18666
1.27,19374
1.27,19374
1.27,19514
1.27,19668
1.27,19831
1.27,20377
1.27,20365
1.27,20092
1.27,19676
1.27,19613
1.27,19529
1.27,19512
1.27,19689
1.27,19619
1.27,19233
1.27,19161
1.27,19197
1.28,19252
1.28,19332
1.28,18952
1.28,18975
1.28,19309
1.28,18774
1.28,18617
1.28,18662
1.28,18514
1.28,18686
1.28,19028
1.28,19105
1.28,19309
1.28,18902
1.28,18722
1.28,18893
1.28,18973
1.28,19299
1.28,18883
1.28,19069
1.28,19304
1.28,19312
1.28,19318
1.28,19165
1.28,18734
1.28,18943
1.28,18867
1.29,18862
1.29,18425
1.29,18374
1.29,18049
1.29,18317
1.29,18665
1.29,18541
1.29,18480
1.29,18526
1.29,18355
1.29,18373
1.29,18312
1.29,18315
1.29,18581
1.29,18596
1.29,18486
1.29,18784
1.30,18705
1.30,18701
1.30,18613
1.30,18543
1.30,18326
1.30,18183
1.30,18717
1.30,18574
1.30,18630
1.30,18381
1.30,18302
1.30,18282
1.30,18333
1.30,18114
1.30,18362
1.30,18281
1.30,18586
1.30,18366
1.30,18543
1.30,18530
1.31,18651
1.31,18608
1.31,19288
1.31,19283
1.31,19254
1.31,19057
1.31,19614
1.31,19954
1.31,19798
1.31,19824
1.31,20000
1.31,19850
1.31,20011
1.31,19850
1.31,19834
1.31,19901
1.31,19806
1.31,19567
1.31,19395
1.31,19385
1.31,18878
1.31,18730
1.31,18823
1.31,18814
1.32,19422
1.32,19520
1.32,19560
1.32,19753
1.32,19521
1.32,19628
1.32,19862
1.32,19848
1.32,19243
1.32,19308
1.32,19324
1.32,19125
1.32,19239
1.32,19250
1.32,19211
1.32,18973
1.32,18624
1.32,19040
1.32,19117
1.32,18912
1.32,18970
1.32,18985
1.32,18181
1.33,18265
1.33,18051
1.33,18476
1.33,18762
1.33,18864
1.33,18797
1.33,18755
1.33,18601
1.33,18188
1.33,18068
1.33,18109
1.33,17974
1.33,18067
1.33,18111
1.33,17946
1.33,17928
1.34,17654
1.34,17790
1.34,17859
1.34,17782
1.34,18070
1.34,18389
1.34,18492
1.34,18423
1.34,18399
1.34,18203
1.34,18210
1.34,18304
1.34,18486
1.34,18464
1.34,18224
1.34,18328
1.34,18298
1.35,17934
1.35,18003
1.35,18313
1.35,18362
1.35,18232
1.35,18241
1.35,17709
1.35,17704
1.35,17885
1.35,17686
1.35,17666
1.35,18019
1.35,17681
1.35,17650
1.35,18221
1.35,18776
1.35,18454
1.35,18627
1.35,18491
1.36,18465
1.36,18322
1.36,18310
1.36,18445
1.36,18452
1.36,18437
1.36,18389
1.36,18587
1.36,18605
1.36,18620
1.36,18612
1.36,18697
1.36,18650
1.36,18586
1.36,17542
1.36,17577
1.36,17594
1.36,17733
1.36,17714
1.36,17503
1.36,17391
1.36,17400
1.37,17442
1.37,17165
1.37,17007
1.37,17004
1.37,17122
1.37,17079
1.37,16988
1.37,17008
1.37,17205
1.37,17487
1.37,16873
1.37,16820
1.37,16835
1.37,16856
1.37,17337
1.37,17336
1.38,17164
1.38,17544
1.38,17539
1.38,17486
1.38,17484
1.38,17488
1.38,18105
1.38,17894
1.38,18313
1.38,18309
1.38,18280
1.38,18237
1.38,18246
1.38,18090
1.38,18005
1.38,18056
1.38,18054
1.38,18103
1.38,18315
1.39,18204
1.39,18179
1.39,18617
1.39,18091
1.39,18158
1.39,17863
1.39,18048
1.39,18038
1.39,17718
1.39,17676
1.39,17673
1.39,17773
1.39,17766
1.39,17700
1.39,17488
1.39,17466
1.39,17733
1.39,17697
1.39,18036
1.40,17943
1.40,18092
1.40,18084
1.40,17995
1.40,17421
1.40,17366
1.40,17500
1.40,16721
1.40,16945
1.40,17243
1.40,17782
1.40,17791
1.40,17565
1.40,17545
1.40,18251
1.40,17983
1.41,17812
1.41,17604
1.41,17394
1.41,16925
1.41,16743
1.41,16766
1.41,16967
1.41,16872
1.41,16900
1.41,16950
1.41,17014
1.41,16979
1.41,16910
1.41,16834
1.41,16794
1.41,16489
1.41,16466
1.42,16525
1.42,16511
1.42,16441
1.42,16419
1.42,16281
1.42,16070
1.42,16510
1.42,16492
1.42,16312
1.42,16237
1.42,16367
1.42,16552
1.43,16067
1.43,16118
1.43,16160
1.43,16133
1.43,16096
1.43,15867
1.43,15471
1.43,15491
1.43,15494
1.43,15140
1.44,15426
1.44,15295
1.44,14797
1.44,14586
1.44,14389
1.44,14363
1.44,14512
1.44,14538
1.44,14539
1.44,14422
1.44,14340
1.44,14390
1.44,14605
1.45,14469
1.45,14467
1.45,14542
1.45,14542
1.45,14414
1.45,14545
1.45,14604
1.45,14517
1.45,14724
1.45,14798
1.45,14954
1.46,14954
1.46,15006
1.46,14947
1.46,15471
1.46,15472
1.46,15349
1.46,14638
1.46,14762
1.46,14860
1.46,15285
1.47,15030
1.47,15029
1.47,15266
1.47,15381
1.47,15484
1.47,15492
1.47,15152
1.47,15166
1.47,15368
1.47,15351
1.48,15376
1.48,15379
1.48,14778
1.48,14879
1.48,14887
1.48,14926
1.48,14911
1.48,14610
1.48,14518
1.48,14490
1.48,14504
1.48,14568
1.49,14512
1.49,13900
1.49,13315
1.49,13292
1.49,13272
1.49,13262
1.49,13238
1.49,13130
1.49,13246
1.49,13621
1.50,13752
1.50,13789
1.50,13628
1.50,13780
1.50,13924
1.50,13951
1.50,14150
1.50,14167
1.51,14115
1.51,14043
1.51,14344
1.51,14329
1.51,14317
1.51,14188
1.51,14190
1.51,14465
1.51,14558
1.51,14612
1.52,14412
1.52,14420
1.52,14601
1.52,14508
1.52,14702
1.52,14615
1.52,14534
1.52,14632
1.53,14606
1.53,14614
1.53,14631
1.53,14628
1.53,14436
1.53,14444
1.53,14478
1.53,14456
1.54,14280
1.54,14256
1.54,14262
1.54,14233
1.54,14153
1.54,14096
1.55,13881
1.55,13747
1.55,13833
1.55,13813
1.55,13553
1.55,13480
1.55,13634
1.55,13633
1.55,13439
1.55,13191
1.56,13212
1.56,13306
1.56,13268
1.56,13201
1.56,13151
1.56,13316
1.56,13293
1.56,13460
1.56,13245
1.57,13283
1.57,13319
1.57,13148
1.57,12999
1.57,13051
1.57,12772
1.58,12735
1.58,12730
1.58,12805
1.58,12825
1.58,12229
1.58,12410
1.59,12406
1.59,12483
1.59,12457
1.59,12443
1.59,12447
1.59,12396
1.59,12428
1.59,12440
1.60,12405
1.60,12514
1.60,12502
1.60,12548
1.60,12412
1.60,12247
1.60,12253
1.60,12178
1.60,12035
1.60,12038
1.61,11627
1.61,11858
1.61,11808
1.61,11519
1.61,11543
1.62,11493
1.62,11147
1.62,11017
1.62,10960
1.63,10888
1.63,11380
1.63,11373
1.63,11353
1.63,11367
1.64,11204
1.64,11203
1.64,11198
1.64,11187
1.64,11255
1.64,11263
1.65,11263
1.65,11226
1.65,11246
1.65,11288
1.65,11287
1.66,11227
1.66,11227
1.66,11220
1.67,11227
1.67,11301
1.67,11308
1.68,11319
1.68,11436
1.69,11527
1.69,11524
1.69,11517
1.69,11487
1.69,11508
1.70,11471
1.70,11354
1.71,11273
1.71,11156
1.71,11188
1.71,11182
1.72,11229
1.72,11170
1.73,11178
1.73,11136
1.73,11200
1.73,11171
1.73,11230
1.73,11050
1.73,11111
1.73,11096
1.74,11086
1.74,11005
1.74,10536
1.74,10555
1.74,10409
1.74,10399
1.75,10409
1.75,10344
1.76,10353
1.76,10319
1.76,10334
1.77,10319
1.77,10247
1.77,10268
1.78,10258
1.78,10345
1.79,10355
1.79,10317
1.79,10319
1.80,10333
1.80,10337
1.81,10453
1.81,10453
1.81,10418
1.82,10383
1.82,10383
1.83,10304
1.83,10306
1.83,10299
1.84,10276
1.84,10340
1.84,10344
1.85,10350
1.87,10346
1.88,10387
1.88,10406
1.88,10367
1.89,10143
1.90,10136
1.90,10117
1.92,10027
1.92,10032
1.93,10009
1.94,10006
1.96,10012
1.97,9995
1.97,10031
1.97,9959
1.97,9924
2.01,9872
2.01,9701
2.01,9687
2.02,9705
2.02,9693
2.02,9706
2.03,9718
2.04,9648
2.06,9649
2.08,9629
2.09,9609
2.11,9490
2.12,9466
2.13,9418
2.15,9390
2.15,9404
2.16,9393
2.16,9409
2.16,9264
2.18,9243
2.18,9247
2.19,9261
2.22,9238
2.25,9224
2.35,9198
2.37,9163
2.38,9157
2.69,9163
2.70,9158
