0.23,24772
0.29,24090
0.31,24067
0.38,23168
0.48,22602
0.51,21911
0.55,21467
0.59,21166
0.69,21127
0.71,20045
0.72,19608
0.74,18995
0.78,18818
0.80,18468
0.81,18090
0.84,16844
0.95,16424
1.04,16250
1.05,16077
1.13,15802
1.21,15733
1.22,15360
1.34,15227
1.36,15121
1.37,14833
1.49,14638
1.57,14444
1.61,14369
1.63,14227
1.70,14154
1.72,13930
1.78,13719
1.83,13269
1.87,13123
1.92,12860
2.01,12788
2.04,12301
2.08,12056
2.14,11922
2.20,11910
2.25,11896
2.29,11882
2.31,11793
2.35,11722
2.47,11474
2.50,11468
2.59,11415
2.71,11342
2.76,11244
2.91,11091
3.01,11080
3.03,10843
3.19,10663
3.45,10586
3.62,10502
3.78,10496
3.86,10465
3.99,10368
4.10,10363
4.32,10342
4.48,10326
4.52,10266
4.60,10231
4.72,10195
5.43,10047
5.94,10015
6.34,9903
6.41,9857
6.49,9758
6.58,9729
7.04,9497
7.28,9325
