0.22,26522
0.24,24874
0.26,24100
0.29,23945
0.33,23193
0.36,21182
0.41,19709
0.47,19629
0.57,19612
0.59,18965
0.62,18219
0.68,17362
0.75,17269
0.81,17206
0.83,16386
0.90,16128
0.95,15691
1.05,15602
1.08,15486
1.10,15396
1.13,15075
1.17,14873
1.20,14805
1.31,14670
1.34,14642
1.35,14632
1.40,14428
1.44,14279
1.52,14164
1.53,13685
1.61,13561
1.67,13128
1.74,13032
1.88,13031
1.91,13002
1.93,12998
1.99,12922
2.00,12776
2.02,12772
2.03,12740
2.08,12632
2.20,12567
2.21,12467
2.27,12222
2.33,12093
2.42,11710
2.53,11633
2.62,11486
2.66,11392
2.72,11071
2.75,10970
2.83,10878
2.84,10821
2.89,10774
2.92,10354
3.14,10272
3.29,10246
3.38,10243
3.40,10176
3.44,10120
3.55,9987
3.64,9953
3.69,9816
3.91,9687
3.94,9623
4.06,9615
4.21,9587
4.38,9566
4.63,9478
4.78,9460
5.59,9426
5.80,9319
6.02,9280
6.11,9228
6.41,9139
7.25,9034
7.76,8895
