0.21,30184
0.21,31087
0.21,31080
0.21,29765
0.21,29843
0.21,30598
0.21,31025
0.21,30564
0.21,30422
0.21,30387
0.21,30420
0.21,30387
0.21,30590
0.21,30546
0.21,30312
0.21,30504
0.21,30484
0.21,30654
0.21,30138
0.21,30063
0.21,30128
0.21,30262
0.21,30218
0.21,32091
0.21,33143
0.21,32899
0.21,32900
0.21,32726
0.21,31934
0.21,32549
0.21,33328
0.21,33318
0.21,31769
0.21,31819
0.21,31722
0.21,30399
0.21,30105
0.21,29907
0.21,30157
0.21,30089
0.21,30157
0.21,30259
0.21,31100
0.21,31164
0.21,31445
0.21,31265
0.21,31242
0.21,31245
0.21,31239
0.21,31185
0.21,30135
0.21,30395
0.21,30041
0.21,30440
0.21,30356
0.21,31098
0.21,31078
0.21,31210
0.21,31778
0.22,31470
0.22,31495
0.22,31640
0.22,31761
0.22,31662
0.22,32035
0.22,30788
0.22,30207
0.22,30644
0.22,30523
0.22,30309
0.22,30155
0.22,30312
0.22,29917
0.22,29368
0.22,29374
0.22,29865
0.22,30317
0.22,29138
0.22,30173
0.22,30057
0.22,30604
0.22,30257
0.22,30018
0.22,29748
0.22,30018
0.22,29694
0.22,29640
0.22,29690
0.22,30387
0.22,30201
0.22,30198
0.22,30143
0.22,29566
0.22,30427
0.22,30603
0.22,30543
0.22,30354
0.22,30890
0.22,29373
0.22,29815
0.22,29726
0.22,30200
0.22,32145
0.22,30824
0.22,30463
0.22,30120
0.22,29968
0.22,29865
0.22,29591
0.22,29857
0.22,29953
0.22,30681
0.22,30603
0.22,30923
0.22,30797
0.22,31080
0.22,31189
0.22,31822
0.22,32157
0.22,30725
0.22,31072
0.22,30966
0.22,31051
0.22,30587
0.22,29234
0.22,28917
0.23,29396
0.23,30005
0.23,28663
0.23,29134
0.23,27312
0.23,27613
0.23,28531
0.23,28571
0.23,28737
0.23,28138
0.23,27713
0.23,28505
0.23,29055
0.23,28488
0.23,29600
0.23,29465
0.23,29159
0.23,29554
0.23,29213
0.23,29086
0.23,28582
0.23,28795
0.23,29012
0.23,30636
0.23,30496
0.23,30123
0.23,31065
0.23,31733
0.23,31782
0.23,32970
0.23,33490
0.23,32886
0.23,32676
0.23,31506
0.23,32057
0.23,32097
0.23,30799
0.23,30473
0.23,30245
0.23,30814
0.23,29296
0.23,28913
0.23,28659
0.23,28455
0.23,28357
0.23,28041
0.23,28470
0.23,27956
0.23,28095
0.23,29889
0.23,29686
0.23,29905
0.23,30471
0.23,30583
0.23,30397
0.23,30758
0.23,29448
0.23,29309
0.23,29558
0.23,28639
0.23,28661
0.23,27875
0.23,27879
0.23,28269
0.23,27987
0.23,28293
0.24,28325
0.24,28494
0.24,28572
0.24,28548
0.24,28465
0.24,28633
0.24,28311
0.24,28460
0.24,28753
0.24,28633
0.24,28328
0.24,27443
0.24,27454
0.24,27636
0.24,26566
0.24,27118
0.24,27306
0.24,27424
0.24,26530
0.24,27039
0.24,26893
0.24,27045
0.24,27077
0.24,26720
0.24,27881
0.24,26746
0.24,26016
0.24,27444
0.24,26943
0.24,26773
0.24,26714
0.24,26720
0.24,27515
0.24,27563
0.24,27760
0.24,28670
0.24,29021
0.24,29042
0.24,28956
0.24,28567
0.24,29121
0.24,28945
0.24,29400
0.24,29314
0.24,30116
0.24,30306
0.24,30323
0.24,29799
0.24,29292
0.24,28162
0.24,27941
0.24,27738
0.24,27893
0.24,27448
0.24,27410
0.24,27046
0.24,26779
0.24,27056
0.24,27099
0.24,27449
0.24,27436
0.24,27847
0.24,28302
0.24,28257
0.24,28319
0.24,30630
0.24,29950
0.24,29194
0.25,28646
0.25,29426
0.25,29562
0.25,29545
0.25,29376
0.25,29326
0.25,29483
0.25,30811
0.25,30764
0.25,31148
0.25,30411
0.25,30806
0.25,30384
0.25,30705
0.25,30854
0.25,31414
0.25,31765
0.25,31016
0.25,30882
0.25,30769
0.25,30924
0.25,31180
0.25,31318
0.25,31460
0.25,30357
0.25,28988
0.25,28941
0.25,29566
0.25,29323
0.25,29601
0.25,29642
0.25,29682
0.25,29739
0.25,29571
0.25,29225
0.25,29338
0.25,28442
0.25,27978
0.25,28494
0.25,28827
0.25,29193
0.25,30048
0.25,30111
0.25,30227
0.25,30076
0.25,30024
0.25,30613
0.25,30443
0.25,30043
0.25,29951
0.25,30522
0.25,30379
0.25,28722
0.25,29123
0.25,28996
0.25,28545
0.25,28867
0.25,28767
0.25,28485
0.25,27906
0.25,27154
0.25,26980
0.25,27069
0.25,26581
0.25,26520
0.25,27697
0.25,27577
0.26,27697
0.26,27714
0.26,26934
0.26,27231
0.26,27566
0.26,26912
0.26,27143
0.26,26775
0.26,27671
0.26,28270
0.26,28237
0.26,28849
0.26,27557
0.26,27453
0.26,28475
0.26,27465
0.26,27943
0.26,27265
0.26,26136
0.26,26627
0.26,26389
0.26,26275
0.26,27042
0.26,27022
0.26,27669
0.26,27605
0.26,28469
0.26,26778
0.26,28134
0.26,29105
0.26,29619
0.26,30228
0.26,30609
0.26,30646
0.26,30210
0.26,30515
0.26,30361
0.26,29806
0.26,30802
0.26,30729
0.26,31035
0.26,31295
0.26,31493
0.26,31603
0.26,31645
0.26,30999
0.26,30785
0.26,30845
0.26,31015
0.26,30307
0.26,30375
0.26,30339
0.26,30846
0.26,30369
0.26,31008
0.26,30968
0.26,30793
0.26,30703
0.26,30833
0.26,30044
0.26,30022
0.26,29920
0.26,29658
0.26,29208
0.26,29402
0.26,29275
0.26,29259
0.27,29385
0.27,29084
0.27,30794
0.27,29574
0.27,28614
0.27,28711
0.27,28483
0.27,28428
0.27,29094
0.27,27954
0.27,27767
0.27,27069
0.27,26770
0.27,26874
0.27,27533
0.27,27961
0.27,28688
0.27,28946
0.27,28239
0.27,28452
0.27,29006
0.27,29500
0.27,29630
0.27,29506
0.27,29290
0.27,29914
0.27,29886
0.27,29980
0.27,29967
0.27,30108
0.27,30550
0.27,30562
0.27,30387
0.27,29940
0.27,30011
0.27,30042
0.27,30138
0.27,29724
0.27,31320
0.27,30928
0.27,30963
0.27,30944
0.27,30815
0.27,31494
0.27,31095
0.27,31091
0.27,31092
0.27,30707
0.27,30668
0.27,30651
0.27,30429
0.27,30023
0.27,29878
0.27,29669
0.27,30885
0.27,30593
0.27,30081
0.27,30259
0.27,30469
0.27,30117
0.27,29868
0.27,29594
0.27,28145
0.27,28408
0.27,28045
0.27,28055
0.27,28239
0.28,28278
0.28,28265
0.28,29382
0.28,29668
0.28,29594
0.28,29628
0.28,30247
0.28,30317
0.28,29529
0.28,29780
0.28,29418
0.28,29753
0.28,28848
0.28,29304
0.28,28861
0.28,28811
0.28,29051
0.28,28859
0.28,29004
0.28,28766
0.28,29181
0.28,28629
0.28,29115
0.28,29353
0.28,29144
0.28,27841
0.28,27716
0.28,28219
0.28,28219
0.28,28692
0.28,28429
0.28,29451
0.28,29424
0.28,29365
0.28,29958
0.28,29763
0.28,29246
0.28,29504
0.28,29300
0.28,29312
0.28,29650
0.28,28411
0.28,27653
0.28,26845
0.28,26333
0.28,28657
0.28,28697
0.28,28765
0.28,29219
0.28,28237
0.28,27781
0.28,28211
0.28,29049
0.28,29408
0.28,29776
0.28,29962
0.28,29087
0.28,29130
0.28,28776
0.28,28961
0.28,26630
0.28,26814
0.28,26393
0.28,28021
0.28,26654
0.29,27838
0.29,28158
0.29,29904
0.29,30081
0.29,30069
0.29,30730
0.29,30842
0.29,30393
0.29,30707
0.29,31398
0.29,31919
0.29,31857
0.29,31747
0.29,31811
0.29,30123
0.29,30352
0.29,30385
0.29,30875
0.29,31254
0.29,32060
0.29,33322
0.29,33163
0.29,33042
0.29,32679
0.29,30932
0.29,31198
0.29,30274
0.29,30341
0.29,29509
0.29,29323
0.29,29198
0.29,29183
0.29,30372
0.29,30961
0.29,30217
0.29,30023
0.29,29844
0.29,29824
0.29,29734
0.29,29722
0.29,30174
0.29,30126
0.29,30141
0.29,30293
0.29,30214
0.29,30101
0.29,30681
0.29,31161
0.29,30615
0.29,30586
0.29,30657
0.29,30285
0.29,30573
0.29,30546
0.29,30485
0.29,31251
0.29,31155
0.29,31275
0.29,31201
0.29,31182
0.29,31613
0.29,30585
0.29,31739
0.29,31844
0.29,30150
0.29,30908
0.29,30889
0.29,30343
0.29,29025
0.30,29045
0.30,29204
0.30,28496
0.30,28797
0.30,28547
0.30,27654
0.30,27531
0.30,27072
0.30,27266
0.30,26805
0.30,27092
0.30,27175
0.30,27307
0.30,27532
0.30,27008
0.30,27777
0.30,28950
0.30,29028
0.30,29085
0.30,29051
0.30,28456
0.30,28762
0.30,28595
0.30,29239
0.30,29447
0.30,29517
0.30,29108
0.30,28799
0.30,28391
0.30,28396
0.30,27963
0.30,27037
0.30,27467
0.30,27497
0.30,27594
0.30,27432
0.30,27646
0.30,26642
0.30,26403
0.30,25642
0.30,25615
0.30,25895
0.30,25300
0.30,25478
0.30,25955
0.30,25869
0.30,26003
0.30,26408
0.30,26874
0.30,25344
0.30,26101
0.30,25627
0.30,26136
0.30,26555
0.30,26582
0.30,26372
0.30,26085
0.30,27094
0.30,26815
0.30,26802
0.30,26965
0.30,27094
0.31,27993
0.31,27923
0.31,27821
0.31,28131
0.31,28950
0.31,28786
0.31,28863
0.31,29091
0.31,29335
0.31,29437
0.31,29423
0.31,30748
0.31,30707
0.31,30758
0.31,30935
0.31,30744
0.31,30613
0.31,30453
0.31,30464
0.31,31203
0.31,31278
0.31,31112
0.31,30812
0.31,31164
0.31,30220
0.31,30242
0.31,30431
0.31,30105
0.31,29652
0.31,30694
0.31,28999
0.31,28651
0.31,29680
0.31,29266
0.31,29466
0.31,28267
0.31,28363
0.31,27878
0.31,28517
0.31,28460
0.31,29374
0.31,28928
0.31,28420
0.31,28309
0.31,28290
0.31,28568
0.31,28473
0.31,28497
0.31,28551
0.31,29579
0.31,29946
0.31,30354
0.31,30224
0.31,30830
0.31,31221
0.31,31117
0.31,31539
0.31,31993
0.31,32116
0.31,32343
0.31,32009
0.31,30890
0.31,30963
0.31,31763
0.31,31780
0.31,31210
0.31,31025
0.31,30861
0.31,30780
0.32,29791
0.32,29676
0.32,29261
0.32,28981
0.32,29334
0.32,29737
0.32,29761
0.32,28279
0.32,29104
0.32,30079
0.32,30936
0.32,30284
0.32,30333
0.32,30543
0.32,30642
0.32,29438
0.32,29100
0.32,29168
0.32,29159
0.32,29088
0.32,29210
0.32,29208
0.32,30238
0.32,28913
0.32,29145
0.32,29587
0.32,29129
0.32,28722
0.32,29200
0.32,29567
0.32,28987
0.32,28985
0.32,28032
0.32,27934
0.32,28440
0.32,28467
0.32,28604
0.32,28862
0.32,29105
0.32,28214
0.32,28572
0.32,28327
0.32,27816
0.32,27999
0.32,27371
0.32,27025
0.32,27330
0.32,27681
0.32,28464
0.32,28743
0.32,28212
0.32,28045
0.32,28276
0.32,27631
0.32,27634
0.32,27983
0.32,27962
0.32,28395
0.32,28629
0.32,30084
0.32,31300
0.32,31256
0.32,31203
0.32,31087
0.32,30896
0.32,30215
0.32,30485
0.33,30262
0.33,30060
0.33,30201
0.33,30152
0.33,28889
0.33,28991
0.33,28960
0.33,28941
0.33,28735
0.33,29268
0.33,30255
0.33,29932
0.33,29860
0.33,30458
0.33,30562
0.33,30107
0.33,30260
0.33,29414
0.33,29613
0.33,29641
0.33,29800
0.33,29608
0.33,29015
0.33,29013
0.33,28218
0.33,28714
0.33,28998
0.33,29208
0.33,30209
0.33,30038
0.33,29786
0.33,29373
0.33,28911
0.33,28022
0.33,27934
0.33,28738
0.33,28997
0.33,28422
0.33,29185
0.33,30607
0.33,30521
0.33,29967
0.33,30613
0.33,29711
0.33,30314
0.33,30388
0.33,30390
0.33,30363
0.33,29720
0.33,29808
0.33,29621
0.33,30281
0.33,30787
0.33,31205
0.33,31997
0.33,31190
0.33,31222
0.33,32112
0.33,31950
0.33,31601
0.33,31700
0.33,30904
0.33,29415
0.33,26566
0.33,26663
0.33,25969
0.33,26700
0.34,26977
0.34,27179
0.34,27299
0.34,27411
0.34,27423
0.34,27289
0.34,27362
0.34,28124
0.34,27881
0.34,27525
0.34,27586
0.34,27307
0.34,27001
0.34,27922
0.34,27914
0.34,28229
0.34,25804
0.34,25835
0.34,26973
0.34,26837
0.34,26094
0.34,24685
0.34,24465
0.34,25718
0.34,25937
0.34,25944
0.34,24916
0.34,25692
0.34,26368
0.34,26392
0.34,25710
0.34,25311
0.34,27137
0.34,27145
0.34,27132
0.34,27587
0.34,28529
0.34,28230
0.34,28492
0.34,28398
0.34,28043
0.34,28191
0.34,28289
0.34,28177
0.34,28542
0.34,28237
0.34,29128
0.34,29010
0.34,28948
0.34,28093
0.34,28165
0.34,27571
0.34,26836
0.34,26626
0.34,27469
0.34,28235
0.34,27706
0.34,28649
0.34,28255
0.34,28210
0.34,28276
0.34,28433
0.34,28155
0.34,28215
0.34,28046
0.35,28960
0.35,29853
0.35,30068
0.35,29633
0.35,29552
0.35,29621
0.35,29932
0.35,30176
0.35,30348
0.35,30172
0.35,30547
0.35,30049
0.35,30948
0.35,31108
0.35,29781
0.35,29938
0.35,30361
0.35,30432
0.35,30918
0.35,30657
0.35,31040
0.35,30419
0.35,30503
0.35,30425
0.35,30250
0.35,30187
0.35,30230
0.35,30342
0.35,28843
0.35,28640
0.35,29021
0.35,29011
0.35,29122
0.35,29288
0.35,29497
0.35,30028
0.35,30060
0.35,30017
0.35,31908
0.35,32135
0.35,32171
0.35,31218
0.35,31799
0.35,31422
0.35,31501
0.35,30964
0.35,30806
0.35,31771
0.35,31660
0.35,31898
0.35,32382
0.35,31600
0.35,30285
0.35,30246
0.35,30421
0.35,30187
0.35,30003
0.35,30195
0.35,29547
0.35,30065
0.35,30403
0.35,29881
0.35,29982
0.35,29289
0.35,28451
0.35,28581
0.35,28579
0.36,28404
0.36,28448
0.36,28907
0.36,28989
0.36,29319
0.36,29299
0.36,29026
0.36,29413
0.36,28828
0.36,28804
0.36,29537
0.36,29586
0.36,30228
0.36,30165
0.36,29793
0.36,29357
0.36,29381
0.36,30005
0.36,30191
0.36,29826
0.36,31120
0.36,31022
0.36,30720
0.36,31045
0.36,29499
0.36,30432
0.36,30246
0.36,30675
0.36,30589
0.36,30195
0.36,30217
0.36,29978
0.36,29981
0.36,29460
0.36,29278
0.36,30453
0.36,30281
0.36,29961
0.36,29837
0.36,29955
0.36,30481
0.36,30148
0.36,30189
0.36,29700
0.36,30400
0.36,31433
0.36,31694
0.36,31902
0.36,31820
0.36,31599
0.36,28915
0.36,28319
0.36,27319
0.36,27791
0.36,27795
0.36,28050
0.36,27544
0.36,27572
0.36,27606
0.36,27723
0.36,26560
0.36,25295
0.36,25002
0.36,24694
0.36,27121
0.36,27095
0.36,26864
0.37,26760
0.37,25975
0.37,27286
0.37,26920
0.37,27824
0.37,28505
0.37,28534
0.37,28629
0.37,27785
0.37,27945
0.37,28985
0.37,28828
0.37,28025
0.37,29288
0.37,28617
0.37,29060
0.37,28959
0.37,29046
0.37,28735
0.37,28071
0.37,28086
0.37,27329
0.37,27336
0.37,27589
0.37,28198
0.37,27889
0.37,27574
0.37,28759
0.37,29769
0.37,30086
0.37,29550
0.37,30122
0.37,30361
0.37,30581
0.37,30738
0.37,30666
0.37,29292
0.37,29422
0.37,29188
0.37,29951
0.37,29912
0.37,29887
0.37,31229
0.37,31798
0.37,31762
0.37,31569
0.37,31045
0.37,31749
0.37,31651
0.37,31226
0.37,31119
0.37,31179
0.37,30365
0.37,30740
0.37,31137
0.37,30805
0.37,29815
0.37,31553
0.37,31767
0.37,31941
0.37,32606
0.37,32197
0.37,32525
0.37,32525
0.37,31972
0.37,29815
0.37,29305
0.37,29439
0.37,29637
0.38,29229
0.38,29352
0.38,29346
0.38,29470
0.38,30680
0.38,30770
0.38,30137
0.38,29681
0.38,30548
0.38,30712
0.38,30396
0.38,31160
0.38,31725
0.38,31251
0.38,31409
0.38,30759
0.38,30826
0.38,30248
0.38,31369
0.38,31530
0.38,31640
0.38,32745
0.38,33196
0.38,33759
0.38,32854
0.38,32797
0.38,33396
0.38,33513
0.38,33456
0.38,33321
0.38,32690
0.38,33015
0.38,32620
0.38,32807
0.38,32796
0.38,32931
0.38,32731
0.38,30639
0.38,30371
0.38,29973
0.38,28913
0.38,29241
0.38,29345
0.38,29248
0.38,29543
0.38,29923
0.38,29977
0.38,29837
0.38,30179
0.38,29262
0.38,29490
0.38,29079
0.38,28514
0.38,28406
0.38,28515
0.38,28924
0.38,29672
0.38,30098
0.38,30095
0.38,30477
0.38,30815
0.38,30676
0.38,31242
0.38,31138
0.38,31014
0.38,30518
0.39,31395
0.39,31844
0.39,31781
0.39,31540
0.39,30987
0.39,30784
0.39,30521
0.39,30452
0.39,29652
0.39,28533
0.39,29575
0.39,30321
0.39,30669
0.39,30246
0.39,30604
0.39,29791
0.39,30117
0.39,29531
0.39,29238
0.39,28806
0.39,28850
0.39,28988
0.39,28381
0.39,28492
0.39,28840
0.39,29417
0.39,29479
0.39,29289
0.39,29108
0.39,29122
0.39,29088
0.39,28967
0.39,30207
0.39,29996
0.39,29498
0.39,30036
0.39,28604
0.39,28587
0.39,28583
0.39,28429
0.39,28440
0.39,28775
0.39,29131
0.39,28778
0.39,28159
0.39,27203
0.39,28783
0.39,28170
0.39,28342
0.39,28915
0.39,28703
0.39,28731
0.39,29264
0.39,29422
0.39,30209
0.39,29844
0.39,30618
0.39,30741
0.39,31758
0.39,31436
0.39,31543
0.39,31776
0.39,31922
0.39,30556
0.39,30354
0.39,29917
0.39,30117
0.39,30177
0.39,30014
0.40,29470
0.40,29405
0.40,29589
0.40,29793
0.40,28531
0.40,27696
0.40,28635
0.40,28985
0.40,29739
0.40,30586
0.40,30577
0.40,31206
0.40,29698
0.40,30041
0.40,29221
0.40,28927
0.40,29366
0.40,29386
0.40,29522
0.40,29109
0.40,28723
0.40,28833
0.40,27847
0.40,28403
0.40,27827
0.40,27804
0.40,27532
0.40,27286
0.40,27753
0.40,27690
0.40,27421
0.40,27452
0.40,27051
0.40,28837
0.40,28542
0.40,28911
0.40,28883
0.40,28548
0.40,28966
0.40,29084
0.40,29226
0.40,29309
0.40,29542
0.40,29611
0.40,29312
0.40,29348
0.40,29231
0.40,30372
0.40,30880
0.40,30249
0.40,30355
0.40,30374
0.40,30387
0.40,31313
0.40,30705
0.40,30650
0.40,30774
0.40,30407
0.40,30084
0.40,31568
0.40,31978
0.40,31829
0.40,31027
0.40,30371
0.40,30293
0.41,30496
0.41,30062
0.41,32041
0.41,31239
0.41,31680
0.41,31385
0.41,31008
0.41,31005
0.41,30720
0.41,30881
0.41,30655
0.41,30681
0.41,30927
0.41,31446
0.41,31398
0.41,31070
0.41,30846
0.41,30986
0.41,31032
0.41,31072
0.41,31030
0.41,31044
0.41,31241
0.41,31041
0.41,30733
0.41,30768
0.41,29709
0.41,29654
0.41,29994
0.41,31245
0.41,29579
0.41,29290
0.41,28576
0.41,28813
0.41,29056
0.41,29079
0.41,28452
0.41,28636
0.41,29205
0.41,29390
0.41,29779
0.41,29996
0.41,30504
0.41,31625
0.41,31275
0.41,30034
0.41,29821
0.41,31087
0.41,31418
0.41,30847
0.41,30420
0.41,30496
0.41,30106
0.41,30357
0.41,30412
0.41,30456
0.41,29159
0.41,29752
0.41,28852
0.41,28721
0.41,28440
0.41,27906
0.41,28279
0.41,28122
0.41,28549
0.41,28966
0.41,29092
0.41,29085
0.42,26944
0.42,26993
0.42,28070
0.42,28347
0.42,28255
0.42,27930
0.42,29098
0.42,29922
0.42,31214
0.42,31250
0.42,31566
0.42,31402
0.42,31238
0.42,30431
0.42,29885
0.42,29767
0.42,30948
0.42,30674
0.42,30483
0.42,30522
0.42,30503
0.42,29826
0.42,29601
0.42,29759
0.42,30000
0.42,29970
0.42,29815
0.42,29714
0.42,29933
0.42,29368
0.42,29283
0.42,29340
0.42,29634
0.42,28993
0.42,28989
0.42,28522
0.42,28444
0.42,27468
0.42,27689
0.42,28249
0.42,28255
0.42,28324
0.42,28459
0.42,29347
0.42,30850
0.42,30836
0.42,30820
0.42,30658
0.42,30733
0.42,31078
0.42,31299
0.42,31192
0.42,31003
0.42,31312
0.42,29267
0.42,27397
0.42,27302
0.42,27272
0.42,27197
0.42,27205
0.42,27620
0.42,27987
0.42,28134
0.42,28519
0.42,28536
0.42,28629
0.42,28418
0.42,28388
0.42,28351
0.43,31356
0.43,31419
0.43,30082
0.43,31069
0.43,31177
0.43,30529
0.43,30588
0.43,30595
0.43,30593
0.43,30757
0.43,30768
0.43,31543
0.43,31333
0.43,31312
0.43,30581
0.43,31281
0.43,31250
0.43,31486
0.43,31684
0.43,31430
0.43,31361
0.43,31529
0.43,32423
0.43,31873
0.43,32039
0.43,30840
0.43,31159
0.43,30660
0.43,30605
0.43,30279
0.43,29702
0.43,30143
0.43,31401
0.43,31324
0.43,31625
0.43,31279
0.43,31144
0.43,31032
0.43,30532
0.43,30849
0.43,31438
0.43,31777
0.43,30471
0.43,30151
0.43,30033
0.43,29934
0.43,30853
0.43,31145
0.43,31221
0.43,31255
0.43,31093
0.43,31440
0.43,31466
0.43,30572
0.43,30620
0.43,30561
0.43,29742
0.43,30171
0.43,29419
0.43,31180
0.43,30929
0.43,31545
0.43,31449
0.43,31212
0.43,31222
0.43,31448
0.43,30160
0.44,31766
0.44,32606
0.44,32534
0.44,32431
0.44,32415
0.44,32029
0.44,31667
0.44,31921
0.44,32160
0.44,32663
0.44,32200
0.44,31674
0.44,31806
0.44,32345
0.44,31036
0.44,31907
0.44,31620
0.44,31632
0.44,31757
0.44,31712
0.44,31706
0.44,33516
0.44,33596
0.44,31829
0.44,31681
0.44,31659
0.44,31289
0.44,30852
0.44,31526
0.44,31074
0.44,31087
0.44,29417
0.44,28018
0.44,28043
0.44,28077
0.44,28234
0.44,27788
0.44,26931
0.44,26880
0.44,27191
0.44,27986
0.44,28482
0.44,28682
0.44,29233
0.44,30793
0.44,30734
0.44,30714
0.44,30503
0.44,29763
0.44,30023
0.44,29682
0.44,29713
0.44,30030
0.44,29968
0.44,29921
0.44,29899
0.44,29901
0.44,30690
0.44,30910
0.44,30093
0.44,29932
0.44,30098
0.44,30285
0.44,30243
0.44,30801
0.44,31637
0.44,31615
0.44,32211
0.44,31266
0.45,31604
0.45,31291
0.45,31427
0.45,31496
0.45,30071
0.45,30206
0.45,30299
0.45,30662
0.45,31919
0.45,31623
0.45,31679
0.45,31302
0.45,31142
0.45,30478
0.45,29868
0.45,30215
0.45,30310
0.45,29787
0.45,29811
0.45,29720
0.45,29123
0.45,29376
0.45,28814
0.45,28464
0.45,29342
0.45,29604
0.45,30174
0.45,29516
0.45,29680
0.45,30432
0.45,30500
0.45,30449
0.45,30218
0.45,30612
0.45,29246
0.45,28944
0.45,29186
0.45,30334
0.45,30667
0.45,29650
0.45,29371
0.45,29406
0.45,28876
0.45,29692
0.45,29117
0.45,29208
0.45,29127
0.45,28814
0.45,28297
0.45,29423
0.45,29268
0.45,29352
0.45,30511
0.45,29181
0.45,29495
0.45,30688
0.45,30776
0.45,30816
0.45,29913
0.45,29635
0.45,28889
0.45,29311
0.45,29012
0.45,29160
0.45,29490
0.45,29387
0.45,30604
0.45,30671
0.46,31801
0.46,31809
0.46,31808
0.46,32036
0.46,33318
0.46,33563
0.46,33202
0.46,33113
0.46,32584
0.46,32696
0.46,32213
0.46,32403
0.46,32220
0.46,32293
0.46,32360
0.46,32390
0.46,32244
0.46,32311
0.46,32220
0.46,29816
0.46,28653
0.46,28818
0.46,28975
0.46,28952
0.46,29263
0.46,29729
0.46,28537
0.46,28823
0.46,28743
0.46,29716
0.46,28871
0.46,28891
0.46,28906
0.46,28682
0.46,28254
0.46,28079
0.46,28188
0.46,28140
0.46,27053
0.46,26877
0.46,26517
0.46,26461
0.46,26577
0.46,26660
0.46,27178
0.46,26961
0.46,29048
0.46,30068
0.46,30583
0.46,30582
0.46,30117
0.46,29614
0.46,29021
0.46,29041
0.46,28458
0.46,28471
0.46,28427
0.46,28428
0.46,27965
0.46,27937
0.46,27857
0.46,26870
0.46,27294
0.46,28467
0.46,28787
0.46,30175
0.47,29912
0.47,29777
0.47,29642
0.47,29313
0.47,29132
0.47,28090
0.47,29270
0.47,28841
0.47,28097
0.47,28346
0.47,29448
0.47,28813
0.47,29027
0.47,29000
0.47,28081
0.47,28152
0.47,27901
0.47,27251
0.47,27354
0.47,26724
0.47,27022
0.47,27188
0.47,27265
0.47,27325
0.47,27145
0.47,28518
0.47,28388
0.47,29116
0.47,28848
0.47,28930
0.47,29402
0.47,29977
0.47,29769
0.47,29360
0.47,29194
0.47,29209
0.47,29985
0.47,30789
0.47,30955
0.47,30571
0.47,30102
0.47,29120
0.47,29112
0.47,29422
0.47,29307
0.47,29508
0.47,29368
0.47,29360
0.47,29721
0.47,29229
0.47,27636
0.47,28618
0.47,28361
0.47,28274
0.47,28486
0.47,28430
0.47,29793
0.47,29617
0.47,29643
0.47,31273
0.47,31340
0.47,31431
0.47,30665
0.47,30749
0.47,31179
0.47,31252
0.47,30437
0.47,31622
0.48,30844
0.48,30856
0.48,30697
0.48,30744
0.48,30512
0.48,30399
0.48,29996
0.48,29365
0.48,27822
0.48,27691
0.48,28167
0.48,28247
0.48,29531
0.48,29102
0.48,29377
0.48,29383
0.48,29653
0.48,29255
0.48,30090
0.48,30108
0.48,30050
0.48,29772
0.48,28811
0.48,28563
0.48,27808
0.48,27589
0.48,27782
0.48,27408
0.48,27764
0.48,26988
0.48,27209
0.48,27499
0.48,27169
0.48,27223
0.48,27380
0.48,27170
0.48,27170
0.48,28266
0.48,27641
0.48,27771
0.48,27585
0.48,27846
0.48,28039
0.48,27886
0.48,27992
0.48,28937
0.48,28836
0.48,28781
0.48,28691
0.48,28951
0.48,28677
0.48,28457
0.48,27990
0.48,27952
0.48,27594
0.48,27506
0.48,28214
0.48,28319
0.48,28407
0.48,28082
0.48,27535
0.48,26907
0.48,26379
0.48,25325
0.48,25251
0.48,25261
0.49,25652
0.49,25830
0.49,26752
0.49,27200
0.49,27220
0.49,26451
0.49,26360
0.49,26073
0.49,26246
0.49,26125
0.49,26125
0.49,25957
0.49,24352
0.49,24453
0.49,24478
0.49,23910
0.49,23821
0.49,23861
0.49,23807
0.49,23896
0.49,24193
0.49,24260
0.49,24279
0.49,24297
0.49,24638
0.49,24432
0.49,23838
0.49,23697
0.49,24250
0.49,24467
0.49,25738
0.49,25955
0.49,24952
0.49,24586
0.49,24646
0.49,24622
0.49,24504
0.49,24401
0.49,26248
0.49,26321
0.49,26739
0.49,26541
0.49,25923
0.49,26193
0.49,26298
0.49,26155
0.49,25990
0.49,27381
0.49,28982
0.49,29216
0.49,29065
0.49,29153
0.49,29255
0.49,28867
0.49,29048
0.49,30066
0.49,30667
0.49,30426
0.49,30057
0.49,29919
0.49,29954
0.49,29718
0.49,30419
0.49,30705
0.49,31945
0.49,31940
0.49,31645
0.49,31816
0.50,31667
0.50,31537
0.50,30197
0.50,30224
0.50,29027
0.50,29054
0.50,28571
0.50,28184
0.50,28230
0.50,28474
0.50,28863
0.50,31210
0.50,31450
0.50,31415
0.50,31351
0.50,31137
0.50,31173
0.50,31100
0.50,30471
0.50,29465
0.50,29589
0.50,29301
0.50,29465
0.50,30623
0.50,31222
0.50,31222
0.50,31636
0.50,31262
0.50,30852
0.50,30198
0.50,30691
0.50,30188
0.50,30791
0.50,30088
0.50,31247
0.50,31174
0.50,31391
0.50,31458
0.50,28713
0.50,28673
0.50,27875
0.50,28744
0.50,28896
0.50,28712
0.50,28755
0.50,28830
0.50,28759
0.50,27791
0.50,28029
0.50,28971
0.50,29306
0.50,28608
0.50,28394
0.50,28082
0.50,27499
0.50,27458
0.50,27508
0.50,27287
0.50,27655
0.50,27603
0.50,27845
0.51,28036
0.51,28208
0.51,28195
0.51,28670
0.51,29202
0.51,29355
0.51,29365
0.51,28828
0.51,28787
0.51,28917
0.51,28784
0.51,29882
0.51,30172
0.51,29762
0.51,29715
0.51,29597
0.51,30270
0.51,31022
0.51,31487
0.51,31546
0.51,30813
0.51,31709
0.51,32286
0.51,32071
0.51,32009
0.51,31647
0.51,32037
0.51,31138
0.51,30891
0.51,31096
0.51,30941
0.51,30597
0.51,30033
0.51,30424
0.51,30523
0.51,30530
0.51,30502
0.51,31394
0.51,30884
0.51,31324
0.51,31013
0.51,31474
0.51,31630
0.51,31206
0.51,30973
0.51,31163
0.51,31911
0.51,32295
0.51,32132
0.51,31470
0.51,31403
0.51,30287
0.51,30296
0.51,30500
0.51,29708
0.51,29823
0.51,29475
0.51,29766
0.51,30125
0.51,30528
0.51,29515
0.51,30173
0.51,30225
0.51,30092
0.51,30132
0.52,29201
0.52,29498
0.52,30274
0.52,29720
0.52,29474
0.52,29762
0.52,30714
0.52,30497
0.52,31140
0.52,31025
0.52,31211
0.52,31101
0.52,29302
0.52,29912
0.52,29458
0.52,29281
0.52,29917
0.52,29593
0.52,29642
0.52,29446
0.52,31387
0.52,31328
0.52,31764
0.52,31426
0.52,30288
0.52,30282
0.52,30573
0.52,30309
0.52,30018
0.52,30785
0.52,29894
0.52,29293
0.52,29135
0.52,29446
0.52,29771
0.52,29881
0.52,29703
0.52,29733
0.52,29517
0.52,30124
0.52,30299
0.52,29786
0.52,29724
0.52,29708
0.52,29510
0.52,29439
0.52,29510
0.52,28985
0.52,28711
0.52,28731
0.52,29078
0.52,29029
0.52,29091
0.52,29324
0.52,29181
0.52,29345
0.52,29369
0.52,29437
0.52,28714
0.52,29019
0.52,28763
0.52,29002
0.52,28724
0.52,28177
0.52,27989
0.52,27992
0.52,28644
0.53,28221
0.53,28596
0.53,28492
0.53,29045
0.53,28850
0.53,28887
0.53,28637
0.53,29295
0.53,29599
0.53,29672
0.53,29437
0.53,29265
0.53,29496
0.53,29044
0.53,28648
0.53,28501
0.53,27747
0.53,27540
0.53,27918
0.53,28493
0.53,28708
0.53,29241
0.53,29337
0.53,29393
0.53,29411
0.53,29371
0.53,29106
0.53,30317
0.53,28637
0.53,28732
0.53,28570
0.53,29159
0.53,29669
0.53,29563
0.53,29536
0.53,29799
0.53,28709
0.53,27738
0.53,28446
0.53,26072
0.53,26208
0.53,26984
0.53,27056
0.53,26594
0.53,27035
0.53,27864
0.53,27125
0.53,27143
0.53,27312
0.53,28943
0.53,28870
0.53,28813
0.53,29283
0.53,29299
0.53,28607
0.53,28151
0.53,29376
0.53,29442
0.53,29760
0.53,29022
0.53,29011
0.53,29209
0.53,29888
0.53,28888
0.53,28454
0.54,28323
0.54,29000
0.54,29154
0.54,29737
0.54,29931
0.54,29803
0.54,29375
0.54,28958
0.54,26594
0.54,27358
0.54,27431
0.54,27463
0.54,27421
0.54,27177
0.54,25729
0.54,23630
0.54,23221
0.54,22162
0.54,22905
0.54,22727
0.54,21961
0.54,21508
0.54,22089
0.54,23096
0.54,23697
0.54,24495
0.54,25969
0.54,25577
0.54,25561
0.54,26921
0.54,27724
0.54,27413
0.54,27321
0.54,27075
0.54,26791
0.54,27614
0.54,27753
0.54,29003
0.54,29063
0.54,29461
0.54,29243
0.54,28954
0.54,29316
0.54,29685
0.54,29621
0.54,29152
0.54,29281
0.54,29450
0.54,30767
0.54,30560
0.54,30147
0.54,29678
0.54,29191
0.54,29239
0.54,29450
0.54,29516
0.54,29290
0.54,29615
0.54,29657
0.54,29772
0.54,29130
0.54,29034
0.54,27329
0.55,27433
0.55,27289
0.55,27151
0.55,27933
0.55,28154
0.55,28693
0.55,28525
0.55,28731
0.55,28842
0.55,28873
0.55,28985
0.55,28965
0.55,29048
0.55,28540
0.55,28548
0.55,28360
0.55,28205
0.55,28265
0.55,28464
0.55,28405
0.55,28443
0.55,28860
0.55,28840
0.55,28584
0.55,28282
0.55,28565
0.55,28295
0.55,28035
0.55,27457
0.55,26944
0.55,27585
0.55,26274
0.55,26544
0.55,26781
0.55,26753
0.55,27085
0.55,27089
0.55,27483
0.55,26994
0.55,27149
0.55,27169
0.55,26827
0.55,26393
0.55,26378
0.55,26081
0.55,25947
0.55,26230
0.55,26204
0.55,26186
0.55,27587
0.55,27522
0.55,27958
0.55,28661
0.55,29476
0.55,29490
0.55,29703
0.55,29363
0.55,28311
0.55,27606
0.55,27378
0.55,27741
0.55,27964
0.55,28233
0.55,27636
0.55,28483
0.56,28924
0.56,28117
0.56,28082
0.56,27856
0.56,27362
0.56,27794
0.56,29213
0.56,30278
0.56,29847
0.56,30139
0.56,30299
0.56,29838
0.56,29656
0.56,29347
0.56,29382
0.56,30699
0.56,30790
0.56,30217
0.56,30227
0.56,30058
0.56,30041
0.56,29772
0.56,29833
0.56,29712
0.56,30495
0.56,30429
0.56,29116
0.56,29196
0.56,29450
0.56,30019
0.56,29674
0.56,28513
0.56,27658
0.56,26910
0.56,27047
0.56,26742
0.56,26634
0.56,26745
0.56,26483
0.56,26941
0.56,26245
0.56,26494
0.56,26480
0.56,27947
0.56,27396
0.56,27534
0.56,27779
0.56,27938
0.56,29243
0.56,29269
0.56,29768
0.56,28781
0.56,28687
0.56,28665
0.56,28912
0.56,29077
0.56,29711
0.56,31150
0.56,31151
0.56,31180
0.56,31103
0.56,30945
0.57,30975
0.57,30336
0.57,30192
0.57,30668
0.57,29606
0.57,29331
0.57,30341
0.57,30366
0.57,31088
0.57,29869
0.57,29658
0.57,29855
0.57,30051
0.57,29953
0.57,29874
0.57,28471
0.57,28917
0.57,29415
0.57,29223
0.57,29475
0.57,29468
0.57,28465
0.57,28685
0.57,28315
0.57,28395
0.57,28498
0.57,28247
0.57,29289
0.57,30310
0.57,29862
0.57,29848
0.57,29750
0.57,29646
0.57,30094
0.57,30100
0.57,30642
0.57,30877
0.57,31247
0.57,32236
0.57,31988
0.57,30558
0.57,30754
0.57,31159
0.57,30982
0.57,30687
0.57,31136
0.57,29859
0.57,29402
0.57,29432
0.57,28443
0.57,29532
0.57,30090
0.57,28596
0.57,27801
0.57,27902
0.57,28355
0.57,28398
0.57,29037
0.57,29110
0.57,29234
0.57,29087
0.57,31545
0.57,32375
0.57,31808
0.57,31346
0.57,30929
0.58,30596
0.58,30625
0.58,29715
0.58,29837
0.58,30569
0.58,30227
0.58,30353
0.58,30662
0.58,30677
0.58,30622
0.58,30584
0.58,30948
0.58,30954
0.58,31502
0.58,31125
0.58,30662
0.58,31068
0.58,31322
0.58,30202
0.58,30632
0.58,30630
0.58,30266
0.58,29713
0.58,29160
0.58,29035
0.58,28696
0.58,28940
0.58,28109
0.58,28463
0.58,28525
0.58,29121
0.58,28537
0.58,28717
0.58,27996
0.58,28165
0.58,28164
0.58,27611
0.58,27372
0.58,27673
0.58,27674
0.58,27370
0.58,28617
0.58,28267
0.58,28247
0.58,28982
0.58,29584
0.58,29640
0.58,29205
0.58,29343
0.58,29297
0.58,29803
0.58,28653
0.58,27661
0.58,28877
0.58,28541
0.58,28721
0.58,28378
0.58,28137
0.58,28162
0.58,27966
0.58,28376
0.59,28076
0.59,28306
0.59,28662
0.59,29022
0.59,29394
0.59,30331
0.59,30539
0.59,30532
0.59,30476
0.59,30628
0.59,30280
0.59,29948
0.59,30020
0.59,29600
0.59,29643
0.59,30813
0.59,31464
0.59,31495
0.59,31588
0.59,30621
0.59,31106
0.59,30981
0.59,30921
0.59,30851
0.59,30993
0.59,30083
0.59,29563
0.59,29469
0.59,28103
0.59,28260
0.59,27687
0.59,27522
0.59,27426
0.59,27628
0.59,27651
0.59,26979
0.59,26991
0.59,26938
0.59,27568
0.59,27350
0.59,26301
0.59,26843
0.59,26673
0.59,28077
0.59,27748
0.59,29887
0.59,31239
0.59,31198
0.59,31225
0.59,30735
0.59,31401
0.59,31410
0.59,30627
0.59,30396
0.59,30313
0.59,30803
0.59,30793
0.59,30838
0.59,30719
0.59,30590
0.59,30520
0.59,28960
0.59,28763
0.59,29229
0.59,28445
0.60,28057
0.60,27856
0.60,26390
0.60,26015
0.60,26235
0.60,27871
0.60,29022
0.60,29270
0.60,29404
0.60,29699
0.60,29846
0.60,29704
0.60,29418
0.60,29552
0.60,29836
0.60,29088
0.60,30143
0.60,30559
0.60,30409
0.60,31007
0.60,31171
0.60,30722
0.60,30828
0.60,30106
0.60,30102
0.60,29545
0.60,29343
0.60,29542
0.60,29616
0.60,28897
0.60,29256
0.60,29253
0.60,28875
0.60,29908
0.60,29901
0.60,30319
0.60,30252
0.60,30026
0.60,30108
0.60,31205
0.60,31072
0.60,31176
0.60,30148
0.60,30124
0.60,30026
0.60,30171
0.60,28525
0.60,28598
0.60,28540
0.60,28533
0.60,28297
0.60,28749
0.60,28459
0.60,28732
0.60,28615
0.60,28366
0.60,28232
0.60,28349
0.60,28011
0.60,28351
0.60,27345
0.60,26565
0.60,27301
0.60,27112
0.60,27113
0.61,27218
0.61,27306
0.61,26979
0.61,26925
0.61,26997
0.61,26779
0.61,26769
0.61,26786
0.61,27169
0.61,27146
0.61,27390
0.61,27518
0.61,27702
0.61,26207
0.61,26486
0.61,26648
0.61,27508
0.61,27288
0.61,27910
0.61,27119
0.61,27092
0.61,26883
0.61,27780
0.61,27274
0.61,28138
0.61,27930
0.61,28125
0.61,28347
0.61,28238
0.61,28414
0.61,28259
0.61,28213
0.61,29025
0.61,29309
0.61,29896
0.61,30452
0.61,30071
0.61,30035
0.61,30349
0.61,30246
0.61,29537
0.61,29596
0.61,29473
0.61,29233
0.61,29237
0.61,29370
0.61,29247
0.61,28518
0.61,28385
0.61,28762
0.61,28849
0.61,28915
0.61,28923
0.61,28761
0.61,28750
0.61,28588
0.61,28789
0.61,28345
0.61,28092
0.61,27840
0.61,27502
0.61,26650
0.61,26517
0.61,26173
0.62,25919
0.62,25735
0.62,25681
0.62,26275
0.62,27969
0.62,29106
0.62,29078
0.62,29061
0.62,28805
0.62,29128
0.62,29949
0.62,30720
0.62,30378
0.62,29047
0.62,29963
0.62,29185
0.62,29700
0.62,29537
0.62,29300
0.62,29109
0.62,28465
0.62,28151
0.62,28940
0.62,30566
0.62,30853
0.62,31379
0.62,30905
0.62,30957
0.62,31369
0.62,31545
0.62,30700
0.62,30547
0.62,30462
0.62,30483
0.62,31530
0.62,31571
0.62,31749
0.62,30354
0.62,30121
0.62,29633
0.62,29415
0.62,29400
0.62,28041
0.62,28319
0.62,28507
0.62,28082
0.62,28343
0.62,28138
0.62,28379
0.62,29141
0.62,28950
0.62,28711
0.62,28645
0.62,29294
0.62,29252
0.62,29577
0.62,29892
0.62,29859
0.62,28796
0.62,28474
0.62,28410
0.62,28067
0.62,28522
0.62,28752
0.63,28859
0.63,28655
0.63,27727
0.63,27066
0.63,27230
0.63,26901
0.63,27315
0.63,27909
0.63,28931
0.63,28638
0.63,28215
0.63,28236
0.63,28415
0.63,28566
0.63,27965
0.63,27900
0.63,26787
0.63,26861
0.63,28381
0.63,28208
0.63,27963
0.63,27730
0.63,28086
0.63,28033
0.63,28071
0.63,28128
0.63,27877
0.63,28005
0.63,28583
0.63,28548
0.63,28750
0.63,29482
0.63,29911
0.63,29266
0.63,29212
0.63,29395
0.63,29215
0.63,30099
0.63,30810
0.63,30585
0.63,31532
0.63,31488
0.63,29967
0.63,30521
0.63,30834
0.63,30821
0.63,30469
0.63,29751
0.63,27428
0.63,28397
0.63,28447
0.63,28401
0.63,28434
0.63,28390
0.63,28359
0.63,28488
0.63,28080
0.63,28560
0.63,28202
0.63,28211
0.63,28338
0.63,28416
0.64,28119
0.64,28183
0.64,28624
0.64,28755
0.64,28522
0.64,29235
0.64,29910
0.64,29697
0.64,30212
0.64,30316
0.64,30327
0.64,30417
0.64,31002
0.64,31033
0.64,30836
0.64,30901
0.64,31061
0.64,31797
0.64,32448
0.64,32047
0.64,30250
0.64,30477
0.64,30419
0.64,30501
0.64,30451
0.64,29821
0.64,29800
0.64,29434
0.64,29351
0.64,29036
0.64,29134
0.64,29352
0.64,29682
0.64,29607
0.64,29554
0.64,29610
0.64,29931
0.64,30160
0.64,29957
0.64,29406
0.64,29665
0.64,29598
0.64,28535
0.64,28474
0.64,28190
0.64,27869
0.64,28410
0.64,28204
0.64,28567
0.64,28859
0.64,28627
0.64,28886
0.64,30265
0.64,30535
0.64,30462
0.64,31009
0.64,31775
0.64,31600
0.64,31342
0.64,31386
0.64,31339
0.64,31730
0.64,31848
0.64,30978
0.64,30866
0.65,30533
0.65,30006
0.65,30423
0.65,30126
0.65,29938
0.65,30206
0.65,30502
0.65,30774
0.65,30718
0.65,30397
0.65,32354
0.65,31560
0.65,31501
0.65,31937
0.65,32038
0.65,30686
0.65,30800
0.65,31232
0.65,31117
0.65,30989
0.65,30991
0.65,31200
0.65,30350
0.65,32390
0.65,32226
0.65,31592
0.65,31438
0.65,30534
0.65,30491
0.65,30710
0.65,30596
0.65,30386
0.65,30630
0.65,30558
0.65,30314
0.65,31292
0.65,31015
0.65,30957
0.65,32687
0.65,31745
0.65,31760
0.65,31656
0.65,31641
0.65,30413
0.65,29816
0.65,29544
0.65,29810
0.65,29914
0.65,29478
0.65,29479
0.65,29101
0.65,29647
0.65,29702
0.65,29574
0.65,29417
0.65,29230
0.65,29131
0.65,28998
0.65,29089
0.65,28771
0.65,29520
0.65,28475
0.65,28611
0.65,28502
0.65,28076
0.65,28446
0.66,28328
0.66,27926
0.66,28228
0.66,28454
0.66,28438
0.66,29511
0.66,29489
0.66,29952
0.66,30609
0.66,30679
0.66,30997
0.66,31147
0.66,31223
0.66,31134
0.66,31151
0.66,31142
0.66,30891
0.66,30743
0.66,30287
0.66,31101
0.66,31169
0.66,31625
0.66,31670
0.66,31756
0.66,31813
0.66,31856
0.66,31905
0.66,31924
0.66,32000
0.66,32295
0.66,31992
0.66,31357
0.66,31712
0.66,31706
0.66,31703
0.66,31687
0.66,31834
0.66,31612
0.66,31370
0.66,31153
0.66,30181
0.66,30593
0.66,31418
0.66,31990
0.66,31821
0.66,31804
0.66,31289
0.66,30517
0.66,30168
0.66,30253
0.66,31157
0.66,29880
0.66,30490
0.66,31275
0.66,30788
0.66,30529
0.66,28504
0.66,28684
0.66,28269
0.66,28740
0.66,28251
0.66,27794
0.66,28206
0.66,28036
0.67,29435
0.67,30856
0.67,29512
0.67,28015
0.67,27874
0.67,27778
0.67,27760
0.67,27666
0.67,28546
0.67,28537
0.67,29390
0.67,29609
0.67,29679
0.67,30023
0.67,30029
0.67,29584
0.67,29472
0.67,29634
0.67,28198
0.67,28083
0.67,27545
0.67,28834
0.67,28989
0.67,28518
0.67,28879
0.67,27840
0.67,27812
0.67,27118
0.67,27509
0.67,27877
0.67,27418
0.67,27530
0.67,28316
0.67,28279
0.67,27627
0.67,28052
0.67,28558
0.67,28010
0.67,28247
0.67,27719
0.67,27904
0.67,28304
0.67,28158
0.67,28417
0.67,29093
0.67,28682
0.67,27843
0.67,27464
0.67,27054
0.67,27305
0.67,27072
0.67,27338
0.67,27630
0.67,27829
0.67,27933
0.67,28308
0.67,28673
0.67,28800
0.67,28767
0.67,28493
0.67,28468
0.67,28842
0.68,27837
0.68,27528
0.68,28450
0.68,28116
0.68,28038
0.68,28009
0.68,26782
0.68,26756
0.68,26720
0.68,26596
0.68,26585
0.68,26698
0.68,26529
0.68,26513
0.68,26416
0.68,26123
0.68,26446
0.68,26557
0.68,26243
0.68,25776
0.68,25652
0.68,25392
0.68,25860
0.68,24999
0.68,25164
0.68,25790
0.68,26495
0.68,26405
0.68,26283
0.68,26302
0.68,26882
0.68,27071
0.68,27113
0.68,27925
0.68,27671
0.68,27328
0.68,27249
0.68,27060
0.68,26772
0.68,26765
0.68,27269
0.68,27796
0.68,28653
0.68,28785
0.68,28064
0.68,27990
0.68,28768
0.68,29141
0.68,29011
0.68,28692
0.68,28956
0.68,29659
0.68,29560
0.68,29755
0.68,30127
0.68,29942
0.68,29470
0.68,29584
0.68,29712
0.68,30713
0.68,31348
0.68,31272
0.69,31252
0.69,30248
0.69,30705
0.69,30851
0.69,31711
0.69,31895
0.69,32896
0.69,32299
0.69,32512
0.69,32784
0.69,33145
0.69,32281
0.69,32242
0.69,30608
0.69,29300
0.69,29012
0.69,28725
0.69,28692
0.69,28629
0.69,28314
0.69,28431
0.69,28678
0.69,29150
0.69,29470
0.69,30222
0.69,30344
0.69,29901
0.69,29868
0.69,29860
0.69,30203
0.69,30688
0.69,30604
0.69,30449
0.69,28975
0.69,28765
0.69,28704
0.69,28774
0.69,29601
0.69,29631
0.69,29382
0.69,29536
0.69,29433
0.69,30684
0.69,30315
0.69,30380
0.69,29654
0.69,29476
0.69,28119
0.69,29775
0.69,29703
0.69,28047
0.69,28567
0.69,29009
0.69,29685
0.69,30381
0.69,29542
0.69,29445
0.69,29880
0.69,28802
0.69,28720
0.69,29478
0.70,29279
0.70,27903
0.70,28298
0.70,26352
0.70,26349
0.70,26710
0.70,25357
0.70,25558
0.70,24396
0.70,24403
0.70,24648
0.70,24938
0.70,25043
0.70,25807
0.70,26649
0.70,26246
0.70,26837
0.70,27977
0.70,28101
0.70,27787
0.70,28204
0.70,27923
0.70,28901
0.70,29020
0.70,28339
0.70,28401
0.70,30280
0.70,29492
0.70,31448
0.70,31428
0.70,30635
0.70,30431
0.70,30383
0.70,30189
0.70,30139
0.70,30601
0.70,30798
0.70,30761
0.70,29101
0.70,29088
0.70,29348
0.70,28893
0.70,28855
0.70,27993
0.70,27490
0.70,27582
0.70,26968
0.70,27438
0.70,27287
0.70,27067
0.70,28226
0.70,28203
0.70,29039
0.70,27946
0.70,27709
0.70,27913
0.70,27378
0.70,27374
0.71,27667
0.71,27795
0.71,29260
0.71,28651
0.71,28641
0.71,28636
0.71,28654
0.71,27660
0.71,27405
0.71,27227
0.71,26966
0.71,26110
0.71,26400
0.71,26960
0.71,27011
0.71,27507
0.71,27121
0.71,27690
0.71,28012
0.71,28092
0.71,28400
0.71,27452
0.71,28537
0.71,28805
0.71,29064
0.71,29231
0.71,29008
0.71,28770
0.71,29022
0.71,29149
0.71,28717
0.71,28382
0.71,29819
0.71,29670
0.71,29634
0.71,29080
0.71,28395
0.71,27902
0.71,28252
0.71,28444
0.71,28285
0.71,28072
0.71,29902
0.71,29720
0.71,31045
0.71,31208
0.71,31008
0.71,31020
0.71,31116
0.71,31048
0.71,31161
0.71,31036
0.71,30903
0.71,30888
0.71,31045
0.71,30744
0.71,31852
0.71,32059
0.71,32301
0.71,32483
0.72,31376
0.72,31541
0.72,30048
0.72,30280
0.72,30849
0.72,32116
0.72,32067
0.72,31820
0.72,31695
0.72,30225
0.72,29549
0.72,28475
0.72,28447
0.72,28300
0.72,27382
0.72,27913
0.72,28035
0.72,27009
0.72,27254
0.72,26444
0.72,26795
0.72,26506
0.72,26577
0.72,27942
0.72,27973
0.72,27517
0.72,27317
0.72,27079
0.72,27044
0.72,27110
0.72,27129
0.72,27297
0.72,28449
0.72,28159
0.72,28847
0.72,30048
0.72,29999
0.72,30603
0.72,30674
0.72,30407
0.72,28973
0.72,29019
0.72,28945
0.72,29035
0.72,29768
0.72,29865
0.72,29470
0.72,30055
0.72,29922
0.72,29973
0.72,30464
0.72,30664
0.72,31845
0.72,31779
0.72,32439
0.72,31791
0.72,31567
0.72,32153
0.72,31938
0.72,32017
0.73,31798
0.73,31278
0.73,31241
0.73,31096
0.73,31117
0.73,31136
0.73,29209
0.73,29805
0.73,29779
0.73,29352
0.73,29363
0.73,28627
0.73,28760
0.73,28134
0.73,28387
0.73,28293
0.73,27091
0.73,27229
0.73,27201
0.73,27116
0.73,27181
0.73,27200
0.73,27171
0.73,27531
0.73,27060
0.73,27440
0.73,27316
0.73,27420
0.73,27916
0.73,27899
0.73,28152
0.73,28388
0.73,27958
0.73,27965
0.73,27921
0.73,27249
0.73,27410
0.73,27168
0.73,26959
0.73,26799
0.73,27001
0.73,27516
0.73,27840
0.73,28746
0.73,28785
0.73,29509
0.73,28271
0.74,28546
0.74,28712
0.74,29070
0.74,28837
0.74,28783
0.74,28069
0.74,28515
0.74,28543
0.74,29022
0.74,29369
0.74,29416
0.74,29758
0.74,29751
0.74,30281
0.74,30551
0.74,30765
0.74,30560
0.74,30855
0.74,30744
0.74,29626
0.74,29496
0.74,29375
0.74,29320
0.74,29301
0.74,28784
0.74,28038
0.74,28203
0.74,28566
0.74,28718
0.74,29539
0.74,29570
0.74,29741
0.74,29207
0.74,28885
0.74,28677
0.74,29215
0.74,29378
0.74,29458
0.74,29626
0.74,29263
0.74,29577
0.74,29536
0.74,29812
0.74,29694
0.74,29825
0.74,30697
0.74,30763
0.74,28271
0.74,28272
0.74,28800
0.74,28319
0.74,28119
0.74,28888
0.74,29217
0.74,28978
0.74,29098
0.74,29079
0.74,29055
0.74,28700
0.74,28220
0.74,28883
0.75,28777
0.75,28780
0.75,30787
0.75,32103
0.75,30766
0.75,31042
0.75,30972
0.75,30795
0.75,31305
0.75,31412
0.75,31819
0.75,31841
0.75,31652
0.75,31824
0.75,32180
0.75,31851
0.75,31452
0.75,30971
0.75,30712
0.75,30955
0.75,30589
0.75,30679
0.75,31457
0.75,31322
0.75,31420
0.75,31527
0.75,31194
0.75,30798
0.75,30782
0.75,30835
0.75,30613
0.75,29722
0.75,29546
0.75,29524
0.75,29906
0.75,29846
0.75,30519
0.75,29633
0.75,29910
0.75,29358
0.75,29305
0.75,29225
0.75,29137
0.75,28835
0.75,28515
0.75,28647
0.75,28380
0.75,28353
0.75,27689
0.75,27271
0.75,27362
0.75,28295
0.75,29715
0.75,28863
0.75,28573
0.75,28376
0.75,27854
0.75,28214
0.75,27924
0.75,26544
0.75,26462
0.75,26939
0.76,27113
0.76,26905
0.76,27711
0.76,28168
0.76,30217
0.76,29411
0.76,29322
0.76,28023
0.76,27763
0.76,27790
0.76,28078
0.76,28250
0.76,28792
0.76,27921
0.76,27472
0.76,28246
0.76,28243
0.76,28578
0.76,28605
0.76,28270
0.76,27829
0.76,28555
0.76,28365
0.76,28237
0.76,27612
0.76,27050
0.76,27042
0.76,27230
0.76,28370
0.76,29090
0.76,29055
0.76,29072
0.76,29939
0.76,29878
0.76,30028
0.76,30598
0.76,30814
0.76,30419
0.76,29878
0.76,30630
0.76,30578
0.76,30719
0.76,30534
0.76,30513
0.76,30563
0.76,29759
0.76,29574
0.76,28768
0.76,28548
0.76,28554
0.76,29187
0.76,29365
0.76,29226
0.76,29678
0.76,30111
0.76,28996
0.76,29110
0.76,28890
0.76,28942
0.77,29282
0.77,29175
0.77,28873
0.77,28246
0.77,28232
0.77,27939
0.77,27528
0.77,27496
0.77,28073
0.77,28064
0.77,26805
0.77,27027
0.77,27011
0.77,27015
0.77,26955
0.77,26735
0.77,26949
0.77,27680
0.77,28433
0.77,28363
0.77,29098
0.77,29071
0.77,29716
0.77,29555
0.77,29446
0.77,28326
0.77,29515
0.77,29500
0.77,29723
0.77,29418
0.77,29317
0.77,28962
0.77,27804
0.77,27452
0.77,27679
0.77,27665
0.77,27532
0.77,27623
0.77,27456
0.77,27007
0.77,27220
0.77,27082
0.77,26996
0.77,25970
0.77,26053
0.77,26249
0.77,26487
0.77,26699
0.77,27011
0.77,27914
0.77,29082
0.77,27800
0.77,27194
0.78,27091
0.78,26549
0.78,26234
0.78,26502
0.78,26130
0.78,26349
0.78,27197
0.78,26765
0.78,26352
0.78,26322
0.78,25870
0.78,26019
0.78,25840
0.78,25932
0.78,24695
0.78,24545
0.78,24262
0.78,24451
0.78,25884
0.78,27046
0.78,26995
0.78,27609
0.78,27615
0.78,27364
0.78,28430
0.78,28104
0.78,28178
0.78,27476
0.78,27707
0.78,27304
0.78,27313
0.78,27793
0.78,27591
0.78,27811
0.78,28035
0.78,27988
0.78,26839
0.78,27001
0.78,26426
0.78,25655
0.78,26632
0.78,26801
0.78,26076
0.78,25608
0.78,25359
0.78,25996
0.78,26079
0.78,26973
0.78,27235
0.78,27423
0.78,27374
0.78,26396
0.78,27699
0.78,27466
0.78,27699
0.79,27403
0.79,27115
0.79,27024
0.79,27012
0.79,27335
0.79,27391
0.79,28198
0.79,27721
0.79,27447
0.79,26558
0.79,26964
0.79,27184
0.79,26909
0.79,26543
0.79,28264
0.79,28076
0.79,28391
0.79,29768
0.79,29679
0.79,29568
0.79,29452
0.79,29102
0.79,29314
0.79,29251
0.79,29478
0.79,30270
0.79,30594
0.79,30323
0.79,30804
0.79,30315
0.79,29126
0.79,29097
0.79,29051
0.79,28795
0.79,28910
0.79,28369
0.79,28397
0.79,28060
0.79,28385
0.79,28530
0.79,28532
0.79,29019
0.79,28711
0.79,29094
0.79,28814
0.79,29205
0.79,29314
0.79,28620
0.79,27551
0.79,27391
0.79,26620
0.79,27329
0.79,27687
0.79,28680
0.79,27688
0.80,28588
0.80,28897
0.80,29315
0.80,29109
0.80,28486
0.80,28245
0.80,27570
0.80,27840
0.80,28149
0.80,28322
0.80,28678
0.80,28842
0.80,29026
0.80,29048
0.80,29027
0.80,29931
0.80,30028
0.80,29588
0.80,29715
0.80,29438
0.80,28693
0.80,29475
0.80,29307
0.80,30060
0.80,29717
0.80,29494
0.80,29486
0.80,28110
0.80,28335
0.80,28285
0.80,29050
0.80,28990
0.80,28880
0.80,28815
0.80,28675
0.80,28590
0.80,28148
0.80,28254
0.80,28148
0.80,28090
0.80,27930
0.80,28058
0.80,27761
0.80,27082
0.80,27206
0.80,27128
0.80,27122
0.80,27449
0.80,27676
0.80,26372
0.80,28601
0.80,29217
0.80,29172
0.80,30079
0.80,30003
0.81,29986
0.81,29701
0.81,29097
0.81,28848
0.81,28332
0.81,27942
0.81,28466
0.81,27959
0.81,27830
0.81,27781
0.81,27456
0.81,27241
0.81,27385
0.81,26876
0.81,26993
0.81,27397
0.81,27600
0.81,27480
0.81,26692
0.81,26586
0.81,27045
0.81,27469
0.81,26532
0.81,26611
0.81,27067
0.81,27459
0.81,27404
0.81,27992
0.81,27379
0.81,27434
0.81,27205
0.81,27334
0.81,26667
0.81,27607
0.81,27234
0.81,26986
0.81,27111
0.81,27112
0.81,27937
0.81,27997
0.81,27687
0.81,28460
0.81,28748
0.81,29368
0.81,29463
0.81,29056
0.81,27663
0.81,27781
0.81,26827
0.81,26109
0.81,26330
0.81,26548
0.81,26881
0.81,26622
0.81,26551
0.81,26683
0.82,26630
0.82,27321
0.82,28238
0.82,28413
0.82,29969
0.82,30509
0.82,30949
0.82,31329
0.82,31315
0.82,31429
0.82,31379
0.82,31183
0.82,31078
0.82,30848
0.82,30768
0.82,30819
0.82,31020
0.82,30920
0.82,32028
0.82,32045
0.82,32057
0.82,32116
0.82,31489
0.82,31700
0.82,31618
0.82,31276
0.82,30695
0.82,29410
0.82,28814
0.82,29512
0.82,29114
0.82,28532
0.82,26850
0.82,27369
0.82,27357
0.82,27198
0.82,27363
0.82,27214
0.82,26890
0.82,26701
0.82,26796
0.82,26996
0.82,26578
0.82,26607
0.82,27296
0.82,27628
0.82,27736
0.82,27604
0.82,26931
0.82,27338
0.82,27477
0.82,27641
0.82,28530
0.82,28969
0.82,27880
0.82,27966
0.82,28806
0.82,29144
0.82,29977
0.82,29470
0.82,31117
0.83,31261
0.83,31780
0.83,32601
0.83,32482
0.83,31721
0.83,31149
0.83,31579
0.83,31538
0.83,30739
0.83,29755
0.83,29336
0.83,29243
0.83,27609
0.83,28833
0.83,28488
0.83,29232
0.83,28912
0.83,28847
0.83,28878
0.83,28836
0.83,27552
0.83,28388
0.83,28394
0.83,28100
0.83,28999
0.83,28154
0.83,29031
0.83,28918
0.83,28932
0.83,30045
0.83,29680
0.83,29766
0.83,29726
0.83,29497
0.83,29435
0.83,29054
0.83,29511
0.83,29355
0.83,28956
0.83,28359
0.83,28479
0.83,28384
0.83,27597
0.83,27893
0.83,27858
0.83,28120
0.83,28025
0.83,27013
0.83,26937
0.83,26977
0.83,26970
0.83,26919
0.83,27782
0.83,28426
0.83,28499
0.83,28177
0.83,27840
0.83,28122
0.83,27532
0.84,26862
0.84,26798
0.84,25533
0.84,25451
0.84,25847
0.84,25814
0.84,25145
0.84,25437
0.84,25610
0.84,25986
0.84,25002
0.84,25331
0.84,25002
0.84,25074
0.84,25114
0.84,25087
0.84,25691
0.84,25411
0.84,25455
0.84,25806
0.84,25843
0.84,25785
0.84,25844
0.84,25535
0.84,25646
0.84,26007
0.84,25859
0.84,26326
0.84,26355
0.84,25914
0.84,25066
0.84,25516
0.84,25327
0.84,25039
0.84,23714
0.84,23506
0.84,22967
0.84,22840
0.84,22370
0.84,22647
0.84,22753
0.84,22915
0.84,22803
0.84,22813
0.84,22917
0.84,22813
0.84,22876
0.84,22716
0.85,22553
0.85,22907
0.85,23132
0.85,23472
0.85,23376
0.85,23652
0.85,24039
0.85,23758
0.85,23628
0.85,23717
0.85,25206
0.85,25157
0.85,24352
0.85,24040
0.85,24332
0.85,24261
0.85,24117
0.85,23875
0.85,24842
0.85,24644
0.85,24454
0.85,24469
0.85,25105
0.85,25359
0.85,25401
0.85,25414
0.85,25539
0.85,25496
0.85,24684
0.85,25244
0.85,25282
0.85,25476
0.85,24878
0.85,24942
0.85,24732
0.85,24994
0.85,25717
0.85,26127
0.85,26739
0.85,27006
0.85,27320
0.85,27093
0.85,26992
0.86,27290
0.86,28360
0.86,27445
0.86,26689
0.86,26611
0.86,26615
0.86,26543
0.86,25529
0.86,24614
0.86,24568
0.86,25181
0.86,25557
0.86,25547
0.86,25502
0.86,26119
0.86,26166
0.86,26124
0.86,25146
0.86,25108
0.86,25045
0.86,25565
0.86,24580
0.86,24811
0.86,24927
0.86,24877
0.86,25391
0.86,25455
0.86,25436
0.86,25514
0.86,26048
0.86,26104
0.86,26082
0.86,27522
0.86,26943
0.86,26868
0.86,27519
0.86,27619
0.86,27532
0.86,27552
0.86,27748
0.86,27032
0.86,26611
0.86,27928
0.86,28376
0.86,28093
0.86,28883
0.86,27924
0.86,28396
0.86,28676
0.86,28098
0.86,28027
0.86,28131
0.86,28187
0.86,28566
0.86,28581
0.87,28211
0.87,28357
0.87,28366
0.87,28845
0.87,28622
0.87,28450
0.87,27987
0.87,27551
0.87,27029
0.87,27353
0.87,27289
0.87,27367
0.87,27237
0.87,27243
0.87,26869
0.87,26924
0.87,25849
0.87,26079
0.87,26254
0.87,26251
0.87,26086
0.87,25656
0.87,26336
0.87,26600
0.87,26212
0.87,26090
0.87,26215
0.87,27135
0.87,26835
0.87,26090
0.87,26492
0.87,24758
0.87,24614
0.87,24901
0.87,23246
0.87,23420
0.87,23166
0.87,22239
0.87,23455
0.87,24217
0.87,24477
0.87,24342
0.87,24789
0.87,24431
0.88,24286
0.88,25377
0.88,24315
0.88,24250
0.88,23869
0.88,23793
0.88,24402
0.88,25540
0.88,26743
0.88,26856
0.88,28918
0.88,27771
0.88,27762
0.88,27632
0.88,27681
0.88,26104
0.88,26668
0.88,26366
0.88,26460
0.88,26317
0.88,26700
0.88,26447
0.88,26585
0.88,26467
0.88,26740
0.88,26760
0.88,26685
0.88,26387
0.88,26623
0.88,26467
0.88,26433
0.88,26485
0.88,25810
0.88,25473
0.88,26300
0.88,26746
0.88,26346
0.88,26499
0.88,25864
0.88,26502
0.88,27087
0.88,27776
0.88,28097
0.88,27844
0.88,27792
0.88,27778
0.88,28253
0.88,28762
0.88,28788
0.88,28412
0.88,28264
0.88,28566
0.88,29037
0.88,28709
0.88,28398
0.88,28137
0.88,28535
0.88,28888
0.89,28673
0.89,28396
0.89,28972
0.89,29982
0.89,30770
0.89,30951
0.89,30850
0.89,30774
0.89,30711
0.89,30700
0.89,30850
0.89,29613
0.89,29104
0.89,29181
0.89,28613
0.89,28779
0.89,28330
0.89,28654
0.89,28630
0.89,28558
0.89,28726
0.89,28805
0.89,29281
0.89,29272
0.89,29281
0.89,29162
0.89,29512
0.89,29476
0.89,29321
0.89,29575
0.89,29245
0.89,29195
0.89,28934
0.89,29236
0.89,29618
0.89,29678
0.89,29730
0.89,30091
0.89,29981
0.89,30029
0.89,30571
0.89,30664
0.89,30434
0.89,30991
0.89,29921
0.89,29316
0.89,29336
0.89,29749
0.89,29694
0.89,29592
0.89,29700
0.89,29630
0.89,29448
0.89,29271
0.90,28787
0.90,28715
0.90,28323
0.90,28064
0.90,28127
0.90,28116
0.90,28191
0.90,28423
0.90,29083
0.90,28812
0.90,29221
0.90,29619
0.90,29509
0.90,29398
0.90,28910
0.90,29059
0.90,29644
0.90,29772
0.90,29771
0.90,29765
0.90,30539
0.90,29779
0.90,29312
0.90,29148
0.90,29174
0.90,29989
0.90,29933
0.90,29942
0.90,29973
0.90,29096
0.90,28841
0.90,28997
0.90,28932
0.90,28899
0.90,29215
0.90,29470
0.90,29213
0.90,29135
0.90,29419
0.90,29420
0.90,30446
0.90,30279
0.90,30055
0.90,29718
0.90,29767
0.90,29103
0.90,29081
0.90,28906
0.90,28718
0.90,28612
0.90,27623
0.91,27609
0.91,27619
0.91,28134
0.91,28104
0.91,26839
0.91,26798
0.91,24920
0.91,25024
0.91,24824
0.91,24987
0.91,24457
0.91,25880
0.91,25839
0.91,26202
0.91,25737
0.91,26879
0.91,26904
0.91,26857
0.91,26883
0.91,27190
0.91,27140
0.91,27121
0.91,27457
0.91,27221
0.91,26874
0.91,26988
0.91,27418
0.91,27063
0.91,27134
0.91,27348
0.91,27248
0.91,27515
0.91,27548
0.91,27514
0.91,27274
0.91,28078
0.91,28008
0.91,28304
0.91,26893
0.91,26861
0.91,27125
0.91,26256
0.91,26383
0.91,26151
0.92,26197
0.92,26519
0.92,26612
0.92,26840
0.92,26782
0.92,26769
0.92,25742
0.92,26366
0.92,26421
0.92,27761
0.92,27817
0.92,27849
0.92,27460
0.92,27960
0.92,27787
0.92,28212
0.92,27880
0.92,27855
0.92,27733
0.92,28739
0.92,28619
0.92,28484
0.92,28829
0.92,28594
0.92,28638
0.92,27922
0.92,27912
0.92,27386
0.92,26934
0.92,27666
0.92,27533
0.92,27629
0.92,27728
0.92,28002
0.92,28044
0.92,28064
0.92,28083
0.92,27393
0.92,27674
0.92,29085
0.92,28601
0.92,28399
0.92,27271
0.92,27112
0.92,27577
0.92,27701
0.92,26764
0.92,27087
0.92,27308
0.92,27231
0.92,27094
0.92,27351
0.92,26370
0.92,26290
0.92,25963
0.93,27264
0.93,27026
0.93,26277
0.93,25526
0.93,25571
0.93,25985
0.93,25981
0.93,25591
0.93,25594
0.93,25312
0.93,25510
0.93,25714
0.93,24372
0.93,24078
0.93,24983
0.93,25048
0.93,25230
0.93,25261
0.93,25202
0.93,25247
0.93,25549
0.93,25565
0.93,26109
0.93,25598
0.93,25696
0.93,25973
0.93,26435
0.93,27391
0.93,27387
0.93,27635
0.93,26876
0.93,26935
0.93,27614
0.93,27735
0.93,27995
0.93,28607
0.93,28592
0.93,27913
0.93,27992
0.93,27601
0.93,27546
0.93,27393
0.93,26589
0.93,26533
0.93,26801
0.93,26801
0.93,26585
0.93,26658
0.93,25905
0.93,25399
0.94,25398
0.94,25911
0.94,26277
0.94,26159
0.94,26157
0.94,26691
0.94,27205
0.94,27589
0.94,27539
0.94,27472
0.94,27673
0.94,27604
0.94,27764
0.94,27583
0.94,26941
0.94,26367
0.94,26499
0.94,25787
0.94,25457
0.94,26525
0.94,26881
0.94,26885
0.94,26899
0.94,26733
0.94,26934
0.94,26923
0.94,27314
0.94,27276
0.94,26992
0.94,26522
0.94,27014
0.94,27367
0.94,27965
0.94,28033
0.94,27876
0.94,27845
0.94,28069
0.94,27685
0.94,27686
0.94,27731
0.94,27207
0.94,28211
0.94,28748
0.94,28698
0.94,28842
0.94,28610
0.94,28618
0.94,28006
0.94,26888
0.94,26561
0.94,26095
0.94,25666
0.94,25129
0.94,25559
0.94,25615
0.94,25250
0.95,26451
0.95,26325
0.95,26069
0.95,26073
0.95,25471
0.95,24996
0.95,24922
0.95,24779
0.95,25003
0.95,23479
0.95,24040
0.95,24043
0.95,23688
0.95,23552
0.95,23582
0.95,23619
0.95,23422
0.95,23682
0.95,23272
0.95,23574
0.95,23836
0.95,23892
0.95,23910
0.95,24247
0.95,24465
0.95,24110
0.95,24834
0.95,24851
0.95,25423
0.95,25422
0.95,25503
0.95,25349
0.95,25079
0.95,25137
0.95,25152
0.95,25251
0.95,25228
0.95,24672
0.95,24432
0.95,24458
0.95,24523
0.95,24135
0.95,25258
0.95,25099
0.95,25127
0.95,25350
0.95,25127
0.95,25452
0.95,25778
0.95,25546
0.95,24475
0.96,23904
0.96,23649
0.96,24013
0.96,22933
0.96,22931
0.96,22777
0.96,22890
0.96,22900
0.96,23515
0.96,23895
0.96,24398
0.96,23962
0.96,24021
0.96,24090
0.96,23827
0.96,23819
0.96,24133
0.96,23867
0.96,23916
0.96,24457
0.96,24641
0.96,24896
0.96,23219
0.96,23359
0.96,23739
0.96,23813
0.96,23598
0.96,23585
0.96,23885
0.96,23894
0.96,24086
0.96,24421
0.96,24328
0.96,25684
0.96,25239
0.96,25393
0.96,25588
0.96,25450
0.96,25352
0.96,25380
0.96,24084
0.96,23669
0.96,23848
0.96,24058
0.96,23832
0.96,23215
0.97,23181
0.97,23285
0.97,23299
0.97,23042
0.97,23084
0.97,23341
0.97,23380
0.97,23430
0.97,23106
0.97,23221
0.97,23620
0.97,23441
0.97,23921
0.97,24281
0.97,24257
0.97,24870
0.97,24867
0.97,23874
0.97,23188
0.97,23449
0.97,23915
0.97,24231
0.97,25226
0.97,25096
0.97,25711
0.97,26352
0.97,26914
0.97,26768
0.97,26757
0.97,27343
0.97,27212
0.97,27788
0.97,27568
0.97,27694
0.97,27556
0.97,27477
0.97,27447
0.97,27504
0.97,27793
0.97,27634
0.97,27770
0.97,26959
0.97,27844
0.97,27783
0.97,28842
0.97,27899
0.97,27694
0.97,27318
0.97,26340
0.97,26249
0.98,26132
0.98,25928
0.98,25551
0.98,25813
0.98,25847
0.98,25734
0.98,25234
0.98,25496
0.98,25368
0.98,25054
0.98,24589
0.98,24121
0.98,23338
0.98,23289
0.98,22678
0.98,22980
0.98,23129
0.98,23653
0.98,23262
0.98,23114
0.98,22814
0.98,22447
0.98,22163
0.98,22181
0.98,23046
0.98,22328
0.98,22808
0.98,23880
0.98,23935
0.98,24816
0.98,25005
0.98,24638
0.98,24733
0.98,24785
0.98,24653
0.98,23792
0.98,23335
0.98,23033
0.98,23034
0.98,22903
0.98,23418
0.98,23830
0.98,24125
0.98,23971
0.98,23700
0.99,23633
0.99,23142
0.99,22683
0.99,21874
0.99,22246
0.99,22080
0.99,22071
0.99,22840
0.99,24561
0.99,25425
0.99,25401
0.99,24585
0.99,24367
0.99,24645
0.99,23810
0.99,23740
0.99,23152
0.99,23263
0.99,24097
0.99,24446
0.99,24648
0.99,25978
0.99,26072
0.99,25655
0.99,25722
0.99,25641
0.99,25856
0.99,25735
0.99,25166
0.99,25204
0.99,25167
1.00,25303
1.00,24959
1.00,24869
1.00,24959
1.00,24309
1.00,24501
1.00,24501
1.00,25046
1.00,25088
1.00,24675
1.00,24667
1.00,24776
1.00,24103
1.00,23734
1.00,24249
1.00,24448
1.00,24994
1.00,24479
1.00,24252
1.00,23298
1.00,24430
1.00,24597
1.00,25200
1.00,24523
1.00,23898
1.00,23669
1.00,24485
1.00,24477
1.00,24523
1.00,24569
1.00,24770
1.00,25073
1.00,25225
1.00,24786
1.00,24695
1.00,24609
1.00,24905
1.00,25095
1.00,25045
1.00,24565
1.00,24682
1.00,24621
1.00,24079
1.00,24231
1.00,24016
1.00,24139
1.01,24003
1.01,23377
1.01,23983
1.01,24054
1.01,24643
1.01,24411
1.01,23918
1.01,25068
1.01,25899
1.01,25554
1.01,25424
1.01,24971
1.01,23435
1.01,23570
1.01,23085
1.01,23590
1.01,23807
1.01,23909
1.01,24461
1.01,24471
1.01,24149
1.01,23921
1.01,23812
1.01,23479
1.01,24207
1.01,24231
1.01,24537
1.01,24599
1.01,24595
1.01,24909
1.01,24014
1.01,24049
1.01,23659
1.01,23726
1.01,23710
1.01,23909
1.01,23955
1.01,23999
1.01,24225
1.01,23620
1.01,23654
1.02,23946
1.02,23226
1.02,22916
1.02,21719
1.02,22024
1.02,22552
1.02,22244
1.02,22246
1.02,22466
1.02,22368
1.02,22107
1.02,21969
1.02,21999
1.02,21973
1.02,22378
1.02,22256
1.02,21974
1.02,22083
1.02,21855
1.02,21953
1.02,22080
1.02,21585
1.02,21316
1.02,21526
1.02,21799
1.02,21775
1.02,21471
1.02,21895
1.02,21614
1.02,21265
1.02,21150
1.02,21461
1.02,21616
1.02,21733
1.02,23037
1.02,22971
1.02,23291
1.02,22635
1.02,22317
1.02,22246
1.03,22382
1.03,21977
1.03,22214
1.03,22186
1.03,22872
1.03,23109
1.03,23163
1.03,23115
1.03,23334
1.03,23747
1.03,23912
1.03,23782
1.03,23642
1.03,23820
1.03,23740
1.03,24011
1.03,24005
1.03,24578
1.03,24530
1.03,24113
1.03,23793
1.03,23618
1.03,23576
1.03,23943
1.03,23224
1.03,23686
1.03,24145
1.03,23527
1.03,24115
1.03,24393
1.03,24871
1.03,24597
1.03,24562
1.03,24806
1.03,25136
1.03,25975
1.03,25136
1.04,26208
1.04,25828
1.04,25828
1.04,25884
1.04,25689
1.04,25913
1.04,25891
1.04,26433
1.04,26539
1.04,26283
1.04,25994
1.04,26084
1.04,26012
1.04,25684
1.04,25030
1.04,25170
1.04,24953
1.04,24717
1.04,24775
1.04,24853
1.04,24960
1.04,25080
1.04,25183
1.04,25063
1.04,24860
1.04,24807
1.04,24529
1.04,24628
1.04,25122
1.04,24956
1.04,24585
1.04,25129
1.04,24790
1.04,24816
1.04,25018
1.04,25293
1.04,26096
1.04,26534
1.04,26559
1.04,27032
1.04,26892
1.04,26865
1.04,26232
1.04,26561
1.05,25947
1.05,26126
1.05,26707
1.05,26304
1.05,26331
1.05,25483
1.05,25580
1.05,25609
1.05,25812
1.05,26109
1.05,26125
1.05,25464
1.05,25514
1.05,25561
1.05,25968
1.05,27247
1.05,27081
1.05,26325
1.05,26103
1.05,26426
1.05,26438
1.05,26585
1.05,26860
1.05,25770
1.05,26011
1.05,26073
1.05,26176
1.05,26306
1.05,26629
1.05,26333
1.05,26882
1.05,27288
1.05,27610
1.05,27315
1.05,27546
1.05,27413
1.05,27287
1.05,27210
1.05,27150
1.05,26249
1.05,26380
1.05,26151
1.05,25500
1.05,25506
1.05,25278
1.06,25350
1.06,25229
1.06,25446
1.06,25459
1.06,25718
1.06,26082
1.06,26240
1.06,26429
1.06,26372
1.06,26149
1.06,25910
1.06,25929
1.06,26279
1.06,26399
1.06,26383
1.06,26200
1.06,26441
1.06,26335
1.06,26320
1.06,26482
1.06,26230
1.06,26104
1.06,26131
1.06,25886
1.06,25920
1.06,25978
1.06,26046
1.06,26055
1.06,26137
1.06,25921
1.06,25929
1.06,25842
1.06,25929
1.06,25972
1.06,25954
1.06,26231
1.06,26531
1.06,26061
1.06,26123
1.06,26116
1.06,25592
1.06,25384
1.06,26479
1.06,26959
1.06,27840
1.06,27466
1.06,27370
1.07,27670
1.07,27081
1.07,27200
1.07,26979
1.07,27336
1.07,27295
1.07,27123
1.07,27014
1.07,26335
1.07,26433
1.07,26290
1.07,26857
1.07,27090
1.07,26882
1.07,26934
1.07,27321
1.07,27407
1.07,27310
1.07,26709
1.07,26933
1.07,27075
1.07,27111
1.07,27148
1.07,26418
1.07,26482
1.07,26840
1.07,27847
1.07,28132
1.07,28118
1.07,28130
1.07,28928
1.07,28967
1.07,28809
1.07,29314
1.07,28752
1.07,27531
1.07,27422
1.07,27240
1.07,27254
1.07,27186
1.07,27347
1.07,27253
1.07,27095
1.07,28575
1.07,28082
1.07,27770
1.08,27672
1.08,27702
1.08,27120
1.08,27159
1.08,27242
1.08,27017
1.08,27002
1.08,26695
1.08,26738
1.08,25454
1.08,25761
1.08,25786
1.08,25747
1.08,25518
1.08,25347
1.08,25195
1.08,25120
1.08,24218
1.08,24299
1.08,23660
1.08,24104
1.08,23941
1.08,23870
1.08,23764
1.08,23438
1.08,23612
1.08,23935
1.08,23866
1.08,23827
1.08,24109
1.08,24524
1.09,24383
1.09,24475
1.09,24221
1.09,24604
1.09,25072
1.09,25972
1.09,25960
1.09,25444
1.09,25710
1.09,25439
1.09,25315
1.09,25566
1.09,25665
1.09,25214
1.09,25637
1.09,26305
1.09,26832
1.09,25359
1.09,25168
1.09,26194
1.09,26508
1.09,26405
1.09,25683
1.09,24283
1.09,25599
1.09,25350
1.09,25445
1.09,25505
1.09,25735
1.09,24801
1.09,24796
1.09,24775
1.09,24719
1.09,25371
1.09,25348
1.09,25472
1.09,25413
1.09,25145
1.09,24872
1.09,24767
1.09,24820
1.09,25226
1.09,25202
1.09,25603
1.09,26158
1.09,26146
1.09,26247
1.09,26542
1.10,26645
1.10,26596
1.10,25140
1.10,25250
1.10,24909
1.10,24912
1.10,24666
1.10,24509
1.10,24745
1.10,25356
1.10,25603
1.10,24947
1.10,23164
1.10,23404
1.10,23396
1.10,22529
1.10,22563
1.10,22743
1.10,22681
1.10,22768
1.10,23652
1.10,23694
1.10,23821
1.10,24001
1.10,23393
1.10,23330
1.10,22852
1.10,22657
1.10,23235
1.10,23778
1.10,23799
1.10,23851
1.10,23916
1.10,24253
1.10,24324
1.10,24334
1.10,24139
1.10,23896
1.10,24537
1.10,24550
1.10,24539
1.11,25019
1.11,24890
1.11,24025
1.11,23722
1.11,23844
1.11,23808
1.11,23429
1.11,23173
1.11,22940
1.11,23150
1.11,23745
1.11,23760
1.11,23842
1.11,23914
1.11,24036
1.11,23962
1.11,24078
1.11,24609
1.11,24700
1.11,24683
1.11,24328
1.11,24057
1.11,23973
1.11,23347
1.11,23221
1.11,23122
1.11,23154
1.11,23377
1.11,23017
1.11,23651
1.11,23158
1.11,23076
1.11,23216
1.11,23640
1.11,24184
1.11,23716
1.11,23379
1.12,24002
1.12,23954
1.12,23892
1.12,23790
1.12,24404
1.12,24194
1.12,24130
1.12,24062
1.12,24013
1.12,23960
1.12,24403
1.12,24790
1.12,24992
1.12,25146
1.12,24214
1.12,24167
1.12,23900
1.12,23902
1.12,24343
1.12,24189
1.12,24104
1.12,23948
1.12,23844
1.12,24237
1.12,24385
1.12,24495
1.12,24815
1.12,24389
1.12,24559
1.12,24912
1.12,24955
1.13,25146
1.13,25156
1.13,25025
1.13,24761
1.13,24838
1.13,25201
1.13,25496
1.13,25873
1.13,25214
1.13,25480
1.13,25251
1.13,25261
1.13,26040
1.13,26119
1.13,26245
1.13,26242
1.13,25551
1.13,25524
1.13,25523
1.13,25059
1.13,25165
1.13,25261
1.13,25315
1.13,25230
1.13,25241
1.13,25247
1.13,24629
1.13,24569
1.13,24762
1.13,24563
1.13,24060
1.13,23827
1.13,23137
1.13,23167
1.13,23053
1.13,22991
1.13,22325
1.13,23076
1.13,22605
1.13,22525
1.13,22476
1.14,22606
1.14,22398
1.14,22318
1.14,22440
1.14,22843
1.14,22738
1.14,22440
1.14,22318
1.14,22337
1.14,22240
1.14,22287
1.14,22474
1.14,22849
1.14,22606
1.14,23385
1.14,23477
1.14,24147
1.14,24136
1.14,24331
1.14,24340
1.14,24586
1.14,24897
1.14,26155
1.14,26047
1.14,25772
1.14,25374
1.14,26644
1.14,26918
1.14,26777
1.15,27403
1.15,27132
1.15,27590
1.15,27080
1.15,27125
1.15,26624
1.15,26715
1.15,27744
1.15,27736
1.15,27839
1.15,27428
1.15,27376
1.15,27830
1.15,27983
1.15,28251
1.15,28257
1.15,27884
1.15,26919
1.15,26927
1.15,26561
1.15,26183
1.15,25610
1.15,25714
1.15,25026
1.15,25070
1.15,25039
1.15,25217
1.15,25255
1.15,25168
1.15,25373
1.15,25582
1.15,25840
1.15,24556
1.15,24771
1.15,24710
1.15,24581
1.16,24606
1.16,24785
1.16,24518
1.16,24085
1.16,24284
1.16,23721
1.16,23095
1.16,22937
1.16,23068
1.16,22913
1.16,23185
1.16,23622
1.16,23868
1.16,23796
1.16,23541
1.16,23368
1.16,23304
1.16,22658
1.16,22653
1.16,22240
1.16,22267
1.16,22031
1.16,22145
1.16,22476
1.16,22785
1.16,22508
1.16,22483
1.16,22816
1.17,22766
1.17,22569
1.17,22604
1.17,22773
1.17,23198
1.17,23692
1.17,24051
1.17,23965
1.17,23400
1.17,23588
1.17,22493
1.17,23122
1.17,23105
1.17,22944
1.17,22969
1.17,22877
1.17,21804
1.17,21674
1.17,22081
1.17,22523
1.17,22214
1.17,21936
1.17,22589
1.17,22542
1.17,22736
1.17,22257
1.17,22027
1.17,21953
1.17,22092
1.17,21759
1.18,21759
1.18,21564
1.18,21553
1.18,21841
1.18,21989
1.18,21972
1.18,22614
1.18,21953
1.18,21838
1.18,22284
1.18,21926
1.18,21673
1.18,21603
1.18,20901
1.18,20753
1.18,20962
1.18,20593
1.18,20446
1.18,20253
1.18,20428
1.18,19744
1.18,19456
1.18,19448
1.18,18998
1.18,18764
1.18,18727
1.18,18687
1.18,18823
1.18,19528
1.18,19644
1.18,19965
1.18,19124
1.18,19081
1.18,19021
1.18,18870
1.19,18854
1.19,19068
1.19,19276
1.19,19454
1.19,19403
1.19,19480
1.19,20177
1.19,20103
1.19,20039
1.19,19835
1.19,20067
1.19,20099
1.19,20997
1.19,20947
1.19,21189
1.19,21576
1.19,21954
1.19,22132
1.19,21645
1.19,21611
1.19,22014
1.20,22096
1.20,22345
1.20,22723
1.20,22663
1.20,22789
1.20,22753
1.20,22763
1.20,22780
1.20,22437
1.20,22216
1.20,22230
1.20,21487
1.20,21354
1.20,20821
1.20,20305
1.20,20460
1.20,20665
1.20,20377
1.20,20387
1.20,20321
1.20,20551
1.20,20509
1.20,20469
1.20,20396
1.20,20014
1.21,20164
1.21,20123
1.21,20076
1.21,19846
1.21,20092
1.21,20223
1.21,19551
1.21,19488
1.21,19542
1.21,19613
1.21,19074
1.21,19077
1.21,19028
1.21,19199
1.21,19188
1.21,19290
1.21,18350
1.21,18815
1.21,18733
1.21,18638
1.21,18931
1.21,19336
1.21,19456
1.21,19401
1.21,19653
1.21,19473
1.21,19423
1.21,19226
1.22,19370
1.22,19288
1.22,19411
1.22,20050
1.22,19780
1.22,19730
1.22,19907
1.22,21001
1.22,20855
1.22,19932
1.22,20363
1.22,21199
1.22,21504
1.22,21219
1.22,21017
1.22,20833
1.22,20946
1.22,20803
1.22,20825
1.22,21117
1.22,21648
1.22,21689
1.22,21693
1.22,21073
1.22,20935
1.22,20838
1.22,20834
1.22,20948
1.22,20887
1.22,20672
1.22,20672
1.23,20723
1.23,20501
1.23,20405
1.23,19838
1.23,19863
1.23,20274
1.23,20463
1.23,20394
1.23,20407
1.23,19675
1.23,19854
1.23,19673
1.23,19433
1.23,19596
1.23,19176
1.23,19233
1.23,19399
1.23,19232
1.23,19224
1.23,19227
1.23,19424
1.23,19306
1.23,19337
1.24,19413
1.24,18934
1.24,19008
1.24,18955
1.24,18725
1.24,18337
1.24,17570
1.24,17607
1.24,17912
1.24,17893
1.24,17929
1.24,18064
1.24,18078
1.24,18242
1.24,18440
1.24,18144
1.24,18933
1.24,19402
1.24,19566
1.24,19705
1.24,19425
1.24,19093
1.24,19071
1.24,18709
1.25,17646
1.25,17636
1.25,17595
1.25,17668
1.25,17735
1.25,17970
1.25,17926
1.25,18218
1.25,18304
1.25,17901
1.25,17987
1.25,17529
1.25,17288
1.25,17730
1.25,17937
1.25,18507
1.25,18412
1.25,18208
1.25,18220
1.25,18326
1.25,18547
1.25,18538
1.25,18843
1.25,18956
1.26,19052
1.26,19048
1.26,18982
1.26,18992
1.26,18693
1.26,18621
1.26,19015
1.26,19322
1.26,19338
1.26,19223
1.26,19235
1.26,18489
1.26,18679
1.26,18714
1.26,18725
1.26,18821
1.26,18473
1.26,18382
1.26,18130
1.27,17781
1.27,17798
1.27,17704
1.27,18381
1.27,18672
1.27,18745
1.27,18923
1.27,19401
1.27,19639
1.27,19709
1.27,19210
1.27,19822
1.27,19677
1.27,19779
1.27,19211
1.27,19235
1.27,19119
1.27,19067
1.27,18760
1.27,18971
1.27,18407
1.27,18655
1.27,18658
1.27,18969
1.27,18653
1.27,18714
1.27,18478
1.28,19043
1.28,18899
1.28,18903
1.28,18318
1.28,18255
1.28,18134
1.28,18279
1.28,18541
1.28,18623
1.28,18987
1.28,18990
1.28,19058
1.28,19011
1.28,18992
1.28,18692
1.28,18164
1.28,18381
1.28,18472
1.28,18239
1.29,18052
1.29,18071
1.29,18189
1.29,18218
1.29,18469
1.29,18793
1.29,18887
1.29,18934
1.29,18697
1.29,18508
1.29,19195
1.29,19196
1.29,18869
1.29,20024
1.29,20072
1.29,19849
1.29,19832
1.29,19630
1.29,19683
1.29,19422
1.29,19483
1.29,19474
1.29,19385
1.29,19359
1.29,19289
1.30,19178
1.30,20161
1.30,20400
1.30,20738
1.30,20475
1.30,20478
1.30,20402
1.30,20340
1.30,20284
1.30,19844
1.30,19710
1.30,19315
1.30,18651
1.30,18332
1.30,18514
1.30,18355
1.30,18389
1.30,18441
1.30,18260
1.30,18088
1.30,17952
1.30,17787
1.30,17767
1.30,18142
1.30,18300
1.30,18350
1.31,18524
1.31,18395
1.31,17652
1.31,17552
1.31,17394
1.31,17373
1.31,16518
1.31,16928
1.31,16759
1.31,16882
1.31,16954
1.31,16865
1.31,17239
1.31,17405
1.31,17389
1.31,17239
1.31,17596
1.31,17438
1.31,17431
1.32,17669
1.32,17579
1.32,17731
1.32,17800
1.32,17789
1.32,17775
1.32,17799
1.32,17316
1.32,17310
1.32,17280
1.32,17178
1.32,17314
1.32,17569
1.32,17599
1.33,17548
1.33,17789
1.33,17809
1.33,18096
1.33,18785
1.33,18673
1.33,18910
1.33,18568
1.33,18557
1.33,18633
1.33,18679
1.33,18678
1.33,18787
1.33,18345
1.33,18782
1.33,18584
1.33,18585
1.33,18573
1.33,18446
1.33,18824
1.34,18807
1.34,18776
1.34,18040
1.34,18034
1.34,18398
1.34,18395
1.34,18244
1.34,18753
1.34,18760
1.34,18513
1.34,18348
1.34,18372
1.34,18098
1.34,18020
1.34,18002
1.34,17992
1.34,17970
1.34,17904
1.35,17876
1.35,18034
1.35,18259
1.35,18254
1.35,18523
1.35,18170
1.35,18159
1.35,17986
1.35,17997
1.35,17956
1.35,18362
1.35,18115
1.35,18186
1.35,18261
1.35,17960
1.35,17981
1.35,18163
1.35,18134
1.35,18969
1.36,18992
1.36,18708
1.36,18699
1.36,19022
1.36,19047
1.36,18979
1.36,19155
1.36,19284
1.36,19156
1.36,18934
1.36,18872
1.36,18404
1.36,18724
1.36,18497
1.36,18502
1.36,18509
1.36,17693
1.36,17791
1.36,17747
1.37,17248
1.37,17222
1.37,17322
1.37,17476
1.37,17494
1.37,17493
1.37,17197
1.37,17714
1.37,17423
1.37,17603
1.37,17714
1.37,17956
1.37,18230
1.38,17521
1.38,17673
1.38,17747
1.38,17198
1.38,17222
1.38,16948
1.38,17377
1.38,17382
1.38,16917
1.38,16597
1.38,16582
1.38,16756
1.38,16323
1.38,16005
1.38,16092
1.39,15941
1.39,15823
1.39,15960
1.39,16066
1.39,16122
1.39,16155
1.39,15987
1.39,15911
1.39,15943
1.39,16220
1.39,16192
1.39,16203
1.40,16364
1.40,16331
1.40,15920
1.40,15953
1.40,15928
1.40,16344
1.40,16521
1.40,16803
1.40,16784
1.40,17057
1.40,17227
1.40,17110
1.40,16736
1.40,17126
1.40,17041
1.41,17158
1.41,16844
1.41,16878
1.41,16774
1.41,16547
1.41,16486
1.41,16114
1.41,16235
1.41,16326
1.41,16372
1.41,16180
1.41,16051
1.41,16066
1.42,16160
1.42,16205
1.42,16251
1.42,16157
1.42,16107
1.42,16074
1.42,16055
1.42,16024
1.42,16129
1.42,16191
1.42,16469
1.42,16547
1.42,16499
1.42,16547
1.42,16692
1.42,16399
1.42,16546
1.43,16514
1.43,16392
1.43,16539
1.43,16394
1.43,16478
1.43,16609
1.43,16626
1.43,16482
1.43,16424
1.43,16534
1.43,16722
1.44,16599
1.44,16652
1.44,16771
1.44,16556
1.44,16600
1.44,16024
1.44,16246
1.44,16280
1.44,16300
1.44,16157
1.44,16235
1.44,16262
1.45,16273
1.45,16494
1.45,16329
1.45,16055
1.45,15894
1.45,15839
1.45,15746
1.45,15570
1.45,15470
1.45,15549
1.45,15506
1.45,15506
1.45,15143
1.45,15186
1.45,15012
1.46,15039
1.46,14982
1.46,15008
1.46,15175
1.46,14868
1.46,14722
1.46,14627
1.46,14771
1.46,14709
1.46,15182
1.46,14993
1.46,14588
1.46,14458
1.46,14323
1.47,14385
1.47,14328
1.47,14073
1.47,14068
1.47,14045
1.47,14099
1.47,14274
1.47,14044
1.48,14198
1.48,14195
1.48,14587
1.48,14603
1.48,14476
1.48,14587
1.48,14489
1.48,14515
1.48,14525
1.48,14526
1.48,14442
1.48,14317
1.48,14297
1.48,14494
1.49,14408
1.49,14404
1.49,14351
1.49,14126
1.49,14085
1.49,14248
1.49,14246
1.49,14225
1.49,14277
1.49,14271
1.50,14225
1.50,14271
1.50,14234
1.50,14225
1.50,14249
1.50,14246
1.50,14528
1.50,14465
1.51,14306
1.51,14300
1.51,14657
1.51,14211
1.51,14047
1.51,14048
1.51,13789
1.51,13741
1.51,13500
1.51,13461
1.51,13414
1.51,13374
1.51,13332
1.51,13352
1.52,13350
1.52,13447
1.52,13564
1.52,13570
1.52,13861
1.52,13393
1.52,13523
1.52,13514
1.53,13576
1.53,13535
1.53,13575
1.53,13567
1.53,13674
1.53,13799
1.53,13804
1.53,13582
1.53,13588
1.53,13595
1.54,13584
1.54,13552
1.54,13554
1.54,13356
1.54,13276
1.54,13593
1.55,13610
1.55,13295
1.55,13379
1.55,13284
1.55,12974
1.55,13042
1.55,13093
1.55,13063
1.56,13048
1.56,13142
1.56,13447
1.56,13351
1.56,13296
1.56,13460
1.56,13152
1.57,13354
1.57,13300
1.57,13257
1.57,13289
1.57,13100
1.57,13021
1.58,13093
1.58,13172
1.58,12772
1.58,12767
1.58,12730
1.58,12778
1.58,12764
1.58,12728
1.58,12715
1.59,12793
1.59,12667
1.59,12631
1.59,12508
1.60,12516
1.60,12642
1.60,12520
1.60,12185
1.60,12296
1.60,12355
1.60,12475
1.60,12474
1.61,12559
1.61,12632
1.61,12736
1.61,12448
1.62,12340
1.62,12408
1.62,12443
1.62,12539
1.62,12652
1.62,12557
1.62,12802
1.63,12823
1.63,12804
1.63,12966
1.63,12927
1.63,12964
1.63,12961
1.64,12756
1.64,12496
1.64,12481
1.64,12513
1.64,12521
1.65,12392
1.65,12383
1.65,12406
1.65,12405
1.65,12501
1.65,12514
1.65,12479
1.65,12419
1.66,12470
1.66,12478
1.66,12649
1.66,12478
1.66,12515
1.66,12716
1.67,12741
1.67,12827
1.67,12705
1.67,12671
1.67,12604
1.68,12509
1.68,12608
1.68,12670
1.68,12444
1.68,12430
1.68,12348
1.68,12287
1.68,12244
1.69,12226
1.69,12089
1.69,11930
1.69,11948
1.70,12101
1.70,12112
1.71,12092
1.71,12070
1.71,12070
1.71,12041
1.72,11943
1.73,11910
1.73,11894
1.74,11883
1.74,11817
1.74,11814
1.75,11811
1.75,11819
1.75,11792
1.76,11727
1.77,11648
1.78,11662
1.78,11681
1.78,11729
1.78,11715
1.79,11708
1.79,11651
1.79,11733
1.79,11808
1.80,11785
1.80,11746
1.81,11754
1.81,11725
1.81,11723
1.82,11718
1.82,11720
1.83,11633
1.83,11695
1.83,11727
1.84,11811
1.84,11764
1.84,11676
1.86,11593
1.86,11539
1.87,11540
1.87,11573
1.88,11574
1.88,11453
1.88,11013
1.88,10914
1.89,10895
1.89,10815
1.90,10756
1.91,10662
1.93,10676
1.94,10634
1.94,10665
1.94,10695
1.95,10661
1.95,10620
1.95,10605
1.96,10566
1.96,10524
1.97,10508
1.99,10481
1.99,10452
2.00,10392
2.01,10382
2.03,10387
2.04,10378
2.04,10361
2.06,10370
2.08,10364
2.08,10347
2.08,10324
2.10,10268
2.10,10258
2.11,10254
2.12,10245
2.12,10236
2.14,10245
2.14,10243
2.15,10132
2.16,10111
2.20,10064
2.21,10049
2.22,10047
2.22,10060
2.24,10029
2.25,10039
2.26,10001
2.27,9981
2.27,9972
2.28,9938
2.29,9925
2.31,9926
2.33,9931
2.33,9922
2.33,9931
2.34,9889
2.35,9884
2.37,9875
2.51,9874
2.51,9785
2.54,9768
2.65,9764
2.66,9763
2.74,9756
2.75,9744
2.77,9744
2.79,9733
