0.20,26973
0.20,27499
0.20,27691
0.20,27210
0.20,27590
0.20,27688
0.20,27027
0.20,27644
0.20,27277
0.20,27448
0.20,28147
0.20,27712
0.20,27211
0.20,27168
0.20,26839
0.20,27918
0.20,26897
0.20,27910
0.20,28128
0.20,29843
0.20,29289
0.20,29265
0.20,28477
0.21,28373
0.21,28480
0.21,28330
0.21,29657
0.21,29469
0.21,29523
0.21,27853
0.21,26794
0.21,26914
0.21,27325
0.21,27165
0.21,26265
0.21,26508
0.21,26668
0.21,27299
0.21,27123
0.21,26448
0.21,27902
0.21,26144
0.21,26299
0.21,26736
0.21,27079
0.21,27125
0.21,25447
0.21,25618
0.21,25176
0.21,25148
0.21,25439
0.21,25109
0.21,25838
0.21,26128
0.21,27137
0.21,27159
0.21,28529
0.21,27900
0.21,28124
0.21,27900
0.21,27877
0.21,28252
0.21,29485
0.21,31027
0.21,30925
0.21,31449
0.21,31284
0.21,32509
0.21,32094
0.21,32033
0.21,32089
0.21,31715
0.21,30904
0.21,30904
0.21,30404
0.21,29805
0.21,29540
0.21,29737
0.21,30295
0.21,30264
0.21,30245
0.22,29779
0.22,29042
0.22,28777
0.22,28481
0.22,29632
0.22,28991
0.22,29383
0.22,30402
0.22,29393
0.22,29368
0.22,29929
0.22,29934
0.22,29642
0.22,29872
0.22,28600
0.22,28884
0.22,27397
0.22,27217
0.22,26429
0.22,26838
0.22,26823
0.22,27729
0.22,27963
0.22,27779
0.22,28329
0.22,28549
0.22,28412
0.22,28652
0.22,28592
0.22,28656
0.22,28572
0.22,29210
0.22,28499
0.22,29101
0.22,30087
0.22,30012
0.22,30172
0.22,29742
0.22,29644
0.22,29784
0.22,30532
0.22,31222
0.22,31397
0.22,31694
0.22,31642
0.22,31183
0.22,31368
0.22,32558
0.22,31554
0.22,31873
0.22,31656
0.22,32101
0.22,32171
0.22,31549
0.23,31721
0.23,31091
0.23,31076
0.23,30829
0.23,31469
0.23,31501
0.23,31606
0.23,31585
0.23,30796
0.23,29089
0.23,29462
0.23,29495
0.23,29880
0.23,29981
0.23,28938
0.23,28696
0.23,28633
0.23,28444
0.23,27377
0.23,27408
0.23,27252
0.23,26026
0.23,25911
0.23,25780
0.23,24651
0.23,25094
0.23,25556
0.23,25592
0.23,25184
0.23,25933
0.23,25994
0.23,26216
0.23,26479
0.23,26257
0.23,27395
0.23,26987
0.23,26290
0.23,27804
0.23,27799
0.23,27893
0.23,27385
0.23,28209
0.23,28215
0.23,27253
0.23,27878
0.23,27961
0.23,29559
0.23,29705
0.23,29667
0.23,29812
0.23,29852
0.23,29175
0.23,30780
0.23,31038
0.24,30868
0.24,31205
0.24,30669
0.24,31091
0.24,30805
0.24,30601
0.24,30131
0.24,30134
0.24,30039
0.24,28772
0.24,28562
0.24,28281
0.24,28179
0.24,28136
0.24,27901
0.24,28601
0.24,28613
0.24,27764
0.24,28029
0.24,28598
0.24,29035
0.24,28889
0.24,31561
0.24,32230
0.24,32313
0.24,32233
0.24,31856
0.24,31912
0.24,31933
0.24,32515
0.24,32466
0.24,32311
0.24,32230
0.24,31191
0.24,30292
0.24,30304
0.24,29124
0.24,29411
0.24,29635
0.24,30620
0.24,30657
0.24,30602
0.24,30530
0.24,30933
0.24,31005
0.24,31542
0.24,30226
0.24,30501
0.24,30438
0.24,30345
0.24,30187
0.24,30014
0.24,30417
0.25,30490
0.25,29998
0.25,29679
0.25,30126
0.25,30018
0.25,30034
0.25,29327
0.25,29277
0.25,29727
0.25,30478
0.25,31809
0.25,31336
0.25,31302
0.25,30336
0.25,30339
0.25,29886
0.25,29557
0.25,29604
0.25,29634
0.25,29757
0.25,29998
0.25,30459
0.25,29830
0.25,30069
0.25,30867
0.25,30936
0.25,29822
0.25,29910
0.25,29875
0.25,29018
0.25,28422
0.25,28076
0.25,27959
0.25,29000
0.25,29661
0.25,29952
0.25,29833
0.25,28783
0.25,28607
0.25,28329
0.25,28315
0.25,28272
0.25,28826
0.25,28929
0.25,29210
0.25,29126
0.25,29002
0.25,28824
0.25,28713
0.25,27462
0.25,27594
0.25,25900
0.25,25827
0.25,25507
0.25,25191
0.26,24633
0.26,24838
0.26,26334
0.26,26654
0.26,27542
0.26,27325
0.26,27410
0.26,27604
0.26,30291
0.26,30512
0.26,30319
0.26,29719
0.26,29844
0.26,29663
0.26,27895
0.26,28155
0.26,28179
0.26,27796
0.26,26186
0.26,26659
0.26,27403
0.26,26640
0.26,27234
0.26,27991
0.26,28877
0.26,27992
0.26,27979
0.26,28328
0.26,29665
0.26,30520
0.26,30307
0.26,30304
0.26,30904
0.26,31265
0.26,31040
0.26,31135
0.26,30369
0.26,31229
0.26,31262
0.26,31157
0.26,30038
0.26,28912
0.26,28189
0.26,29031
0.26,29460
0.26,30164
0.26,30150
0.26,30410
0.26,30369
0.26,30257
0.26,30408
0.26,30256
0.27,28543
0.27,27755
0.27,28127
0.27,28104
0.27,28092
0.27,27561
0.27,26606
0.27,26498
0.27,25931
0.27,25937
0.27,26828
0.27,26349
0.27,26382
0.27,26448
0.27,26464
0.27,26926
0.27,26925
0.27,26587
0.27,27736
0.27,27728
0.27,27769
0.27,26681
0.27,26777
0.27,26686
0.27,27192
0.27,27298
0.27,28226
0.27,29230
0.27,29448
0.27,29482
0.27,29569
0.27,30080
0.27,29538
0.27,30526
0.27,30630
0.27,30326
0.27,30645
0.27,30960
0.27,28501
0.27,29319
0.27,28699
0.27,28675
0.27,28757
0.27,28992
0.27,28539
0.27,29512
0.27,29507
0.27,29505
0.27,28614
0.27,28762
0.27,28452
0.27,28335
0.27,27936
0.27,28189
0.28,27999
0.28,28783
0.28,28795
0.28,28894
0.28,28721
0.28,28573
0.28,28892
0.28,28705
0.28,28476
0.28,28408
0.28,28912
0.28,29201
0.28,28730
0.28,27878
0.28,27869
0.28,27722
0.28,27695
0.28,28494
0.28,28398
0.28,28355
0.28,29672
0.28,29332
0.28,29725
0.28,29786
0.28,29423
0.28,29551
0.28,30550
0.28,31006
0.28,31051
0.28,31553
0.28,31265
0.28,31269
0.28,31198
0.28,31156
0.28,30567
0.28,30072
0.28,29953
0.28,29994
0.28,30366
0.28,30101
0.28,30389
0.28,30131
0.28,28720
0.28,29203
0.28,31051
0.28,31048
0.28,30971
0.28,30586
0.28,29966
0.28,30017
0.28,29709
0.28,29389
0.29,29561
0.29,29534
0.29,28643
0.29,28625
0.29,28771
0.29,28772
0.29,28194
0.29,27917
0.29,28666
0.29,29665
0.29,31193
0.29,31688
0.29,31421
0.29,31212
0.29,31052
0.29,30499
0.29,31336
0.29,30932
0.29,31123
0.29,31917
0.29,31462
0.29,31497
0.29,31774
0.29,31707
0.29,31331
0.29,31155
0.29,30926
0.29,31383
0.29,30732
0.29,31346
0.29,30516
0.29,30486
0.29,32696
0.29,32919
0.29,32688
0.29,31900
0.29,31469
0.29,30965
0.29,29803
0.29,29977
0.29,30100
0.29,27535
0.29,27504
0.29,27273
0.29,27194
0.29,27590
0.29,27838
0.29,28236
0.29,28063
0.29,27336
0.29,27485
0.29,27495
0.29,26832
0.29,26358
0.29,26608
0.30,26610
0.30,25742
0.30,25647
0.30,26705
0.30,26549
0.30,26501
0.30,27333
0.30,27557
0.30,27271
0.30,28614
0.30,28784
0.30,28403
0.30,28738
0.30,29375
0.30,29249
0.30,29726
0.30,30572
0.30,30702
0.30,30342
0.30,29255
0.30,29229
0.30,28868
0.30,27686
0.30,28209
0.30,28530
0.30,28098
0.30,28117
0.30,27982
0.30,28391
0.30,28496
0.30,27351
0.30,26656
0.30,26668
0.30,27726
0.30,27641
0.30,27975
0.30,27525
0.30,27315
0.30,27591
0.30,27195
0.30,27641
0.30,27728
0.30,27719
0.30,28055
0.30,28188
0.30,29150
0.30,29201
0.30,29382
0.30,29048
0.30,28769
0.30,28539
0.30,28617
0.31,27812
0.31,26875
0.31,26712
0.31,26670
0.31,26718
0.31,26574
0.31,26998
0.31,27799
0.31,27807
0.31,27577
0.31,28125
0.31,29876
0.31,30590
0.31,30595
0.31,30043
0.31,30129
0.31,29359
0.31,29366
0.31,29023
0.31,29851
0.31,29868
0.31,31244
0.31,31355
0.31,31680
0.31,32247
0.31,31906
0.31,31903
0.31,31892
0.31,31706
0.31,30640
0.31,30608
0.31,30179
0.31,29920
0.31,30012
0.31,29877
0.31,29991
0.31,29372
0.31,30527
0.31,30648
0.31,30496
0.31,30334
0.31,30476
0.31,30249
0.31,30170
0.31,30586
0.31,30943
0.31,30172
0.31,29758
0.31,29224
0.31,27813
0.31,28302
0.31,28274
0.31,28057
0.31,27505
0.32,27015
0.32,26902
0.32,25775
0.32,26762
0.32,26042
0.32,25216
0.32,25933
0.32,25934
0.32,26677
0.32,26206
0.32,25996
0.32,25999
0.32,27873
0.32,28972
0.32,28857
0.32,28982
0.32,29100
0.32,30067
0.32,30032
0.32,29605
0.32,29746
0.32,31353
0.32,31052
0.32,30889
0.32,29980
0.32,29559
0.32,28565
0.32,28645
0.32,28409
0.32,28637
0.32,28774
0.32,28881
0.32,29180
0.32,29692
0.32,30335
0.32,30290
0.32,30105
0.32,30256
0.32,29860
0.32,30192
0.32,30271
0.32,30114
0.32,30510
0.32,31063
0.32,31638
0.32,31667
0.32,31351
0.32,31238
0.32,31537
0.32,30791
0.32,30274
0.32,30344
0.32,30233
0.32,30495
0.33,29945
0.33,30195
0.33,29935
0.33,30403
0.33,30944
0.33,31072
0.33,30943
0.33,31090
0.33,32851
0.33,32956
0.33,33158
0.33,33161
0.33,33065
0.33,33167
0.33,33395
0.33,31834
0.33,31647
0.33,31787
0.33,31570
0.33,31398
0.33,31381
0.33,31235
0.33,31367
0.33,31394
0.33,31240
0.33,30707
0.33,30808
0.33,29326
0.33,28806
0.33,28854
0.33,28761
0.33,28904
0.33,28974
0.33,28819
0.33,29374
0.33,29129
0.33,28368
0.33,28365
0.33,28397
0.33,29100
0.33,29080
0.33,28514
0.33,28831
0.33,28812
0.33,29021
0.33,29172
0.33,29749
0.33,30626
0.33,29333
0.33,29797
0.33,29493
0.33,28729
0.34,28669
0.34,28819
0.34,29151
0.34,28752
0.34,28820
0.34,28913
0.34,28984
0.34,28916
0.34,28882
0.34,28567
0.34,29525
0.34,30223
0.34,30018
0.34,30790
0.34,30434
0.34,30577
0.34,30613
0.34,30074
0.34,30105
0.34,30196
0.34,30786
0.34,30941
0.34,30675
0.34,30582
0.34,30411
0.34,30504
0.34,30656
0.34,30522
0.34,30484
0.34,30684
0.34,30510
0.34,30751
0.34,31181
0.34,31134
0.34,31120
0.34,31961
0.34,31805
0.34,31734
0.34,32115
0.34,31845
0.34,31649
0.34,31522
0.34,31559
0.34,31413
0.34,31479
0.34,31361
0.34,31597
0.34,31865
0.34,31225
0.34,31923
0.34,32076
0.34,31857
0.34,31929
0.34,31937
0.35,31835
0.35,32286
0.35,31257
0.35,30140
0.35,29733
0.35,29528
0.35,29147
0.35,30009
0.35,29998
0.35,30107
0.35,30289
0.35,30529
0.35,28685
0.35,28625
0.35,28693
0.35,27235
0.35,27549
0.35,27669
0.35,27650
0.35,26922
0.35,26614
0.35,27543
0.35,27634
0.35,27599
0.35,30061
0.35,30953
0.35,31116
0.35,30465
0.35,30706
0.35,30691
0.35,30422
0.35,30114
0.35,30021
0.35,30045
0.35,30121
0.35,29662
0.35,30827
0.35,29992
0.35,29284
0.35,29991
0.35,29332
0.35,29769
0.35,28949
0.35,29152
0.35,30177
0.35,29724
0.35,29643
0.35,29312
0.35,28958
0.35,29002
0.35,28999
0.35,28946
0.35,28943
0.36,27412
0.36,25682
0.36,25658
0.36,25627
0.36,26098
0.36,26876
0.36,27146
0.36,27210
0.36,27774
0.36,27570
0.36,28112
0.36,27748
0.36,27878
0.36,29795
0.36,29357
0.36,29013
0.36,29350
0.36,29819
0.36,29857
0.36,30584
0.36,30373
0.36,29590
0.36,29364
0.36,28937
0.36,29127
0.36,29900
0.36,29690
0.36,30723
0.36,31792
0.36,31616
0.36,31348
0.36,31602
0.36,31444
0.36,30851
0.36,31197
0.36,30439
0.36,30610
0.36,30561
0.36,31534
0.36,31416
0.36,31020
0.36,31542
0.36,32177
0.36,32334
0.36,29900
0.36,28881
0.36,29381
0.36,29573
0.36,31127
0.36,30818
0.36,30762
0.36,30884
0.36,31446
0.37,31423
0.37,33045
0.37,32912
0.37,32897
0.37,32453
0.37,31936
0.37,31994
0.37,31901
0.37,31955
0.37,32249
0.37,32030
0.37,31874
0.37,31859
0.37,32468
0.37,32813
0.37,32655
0.37,32189
0.37,32385
0.37,32040
0.37,31363
0.37,31435
0.37,31211
0.37,31052
0.37,32286
0.37,29709
0.37,28943
0.37,29290
0.37,29189
0.37,30086
0.37,30453
0.37,29676
0.37,29861
0.37,29357
0.37,29376
0.37,29664
0.37,29889
0.37,29911
0.37,29552
0.37,29564
0.37,30551
0.37,30580
0.37,30206
0.37,30543
0.37,30360
0.37,29852
0.37,28421
0.37,28269
0.37,28719
0.37,28737
0.37,29450
0.37,29654
0.37,28579
0.37,28770
0.37,27674
0.38,27387
0.38,27392
0.38,26858
0.38,27210
0.38,26686
0.38,27129
0.38,28355
0.38,29698
0.38,30045
0.38,29660
0.38,28784
0.38,28611
0.38,29740
0.38,29635
0.38,29777
0.38,29442
0.38,29751
0.38,29949
0.38,29783
0.38,29446
0.38,29210
0.38,29296
0.38,29634
0.38,29498
0.38,29329
0.38,29110
0.38,29216
0.38,29355
0.38,29321
0.38,28886
0.38,28927
0.38,28904
0.38,28901
0.38,28730
0.38,28625
0.38,28398
0.38,28058
0.38,27596
0.38,27490
0.38,26698
0.38,29809
0.38,29818
0.38,29829
0.38,29718
0.38,30848
0.38,30355
0.38,30816
0.38,30866
0.38,30887
0.38,31139
0.38,30506
0.38,30531
0.39,30533
0.39,30744
0.39,30639
0.39,30723
0.39,30145
0.39,29737
0.39,30734
0.39,30268
0.39,30222
0.39,30850
0.39,30854
0.39,30420
0.39,30128
0.39,29596
0.39,29182
0.39,29102
0.39,29081
0.39,29067
0.39,28863
0.39,28937
0.39,28688
0.39,28969
0.39,28789
0.39,28922
0.39,29136
0.39,29637
0.39,29581
0.39,29696
0.39,30371
0.39,28580
0.39,28581
0.39,28279
0.39,29234
0.39,29247
0.39,29238
0.39,29851
0.39,28649
0.39,29888
0.39,29856
0.39,28738
0.39,28585
0.39,29345
0.39,30293
0.39,30187
0.39,30350
0.39,30207
0.39,28611
0.39,28348
0.39,28300
0.39,28337
0.39,27969
0.39,28008
0.39,28490
0.39,28711
0.39,28491
0.40,29227
0.40,29222
0.40,28303
0.40,28314
0.40,28295
0.40,27632
0.40,27584
0.40,27455
0.40,27404
0.40,27519
0.40,27345
0.40,27240
0.40,27391
0.40,27525
0.40,28894
0.40,28527
0.40,28705
0.40,30008
0.40,30014
0.40,29997
0.40,29808
0.40,30368
0.40,31061
0.40,31137
0.40,31279
0.40,31767
0.40,31359
0.40,31122
0.40,30238
0.40,29715
0.40,29497
0.40,29386
0.40,28722
0.40,29000
0.40,29003
0.40,28495
0.40,28572
0.40,28369
0.40,27776
0.40,27551
0.40,28989
0.40,29070
0.40,28866
0.40,28658
0.40,28494
0.40,28512
0.40,29085
0.40,29973
0.40,29815
0.40,30025
0.41,28795
0.41,28666
0.41,28634
0.41,28034
0.41,27118
0.41,26744
0.41,27771
0.41,27750
0.41,28211
0.41,28399
0.41,27135
0.41,26125
0.41,26741
0.41,26299
0.41,25904
0.41,26835
0.41,27773
0.41,27309
0.41,27471
0.41,27840
0.41,28906
0.41,28723
0.41,29409
0.41,29130
0.41,29052
0.41,28745
0.41,29257
0.41,29594
0.41,29228
0.41,29188
0.41,29239
0.41,28968
0.41,29446
0.41,28000
0.41,28488
0.41,28628
0.41,28093
0.41,28084
0.41,27689
0.41,27857
0.41,27938
0.41,28331
0.41,28329
0.41,29794
0.41,29813
0.41,30589
0.41,30085
0.41,30040
0.41,30268
0.41,29421
0.41,29111
0.42,29381
0.42,29715
0.42,30085
0.42,31042
0.42,30932
0.42,31029
0.42,30953
0.42,31001
0.42,31314
0.42,30099
0.42,29981
0.42,28558
0.42,28667
0.42,27361
0.42,27581
0.42,27706
0.42,27673
0.42,27679
0.42,28490
0.42,28477
0.42,28755
0.42,28540
0.42,28675
0.42,28833
0.42,30318
0.42,30086
0.42,29489
0.42,29395
0.42,29769
0.42,29909
0.42,30478
0.42,30428
0.42,30589
0.42,29934
0.42,29706
0.42,29353
0.42,28681
0.42,28616
0.42,28531
0.42,28489
0.42,29351
0.42,28940
0.42,29091
0.42,27364
0.42,27384
0.42,27386
0.42,27352
0.42,27281
0.42,29333
0.42,29998
0.42,30048
0.42,30971
0.42,30105
0.42,29373
0.43,29684
0.43,29437
0.43,29751
0.43,29227
0.43,29176
0.43,28699
0.43,28395
0.43,28185
0.43,28310
0.43,28581
0.43,27948
0.43,27981
0.43,29156
0.43,29428
0.43,29010
0.43,30118
0.43,30820
0.43,30503
0.43,29953
0.43,29283
0.43,29336
0.43,29915
0.43,29315
0.43,29965
0.43,30294
0.43,30465
0.43,30609
0.43,30212
0.43,31063
0.43,31045
0.43,30414
0.43,30222
0.43,30807
0.43,30740
0.43,30506
0.43,30020
0.43,29654
0.43,28693
0.43,28688
0.43,29292
0.43,29470
0.43,29344
0.43,29325
0.43,30313
0.43,30382
0.43,30211
0.43,30699
0.43,31791
0.43,30741
0.43,30679
0.43,30420
0.43,29043
0.43,29289
0.43,29595
0.43,28893
0.43,28069
0.44,28001
0.44,28461
0.44,26588
0.44,26090
0.44,26232
0.44,26234
0.44,27939
0.44,27825
0.44,27767
0.44,28035
0.44,28105
0.44,27804
0.44,27995
0.44,27529
0.44,28034
0.44,29123
0.44,29179
0.44,29337
0.44,29377
0.44,27520
0.44,27605
0.44,27599
0.44,29126
0.44,29111
0.44,30148
0.44,30220
0.44,30589
0.44,30978
0.44,30987
0.44,31970
0.44,31903
0.44,31923
0.44,32041
0.44,32018
0.44,32539
0.44,32689
0.44,32953
0.44,33294
0.44,33994
0.44,34529
0.44,33398
0.44,32271
0.44,33483
0.44,33238
0.44,33529
0.44,32967
0.44,32135
0.44,31858
0.44,31903
0.44,32624
0.44,32821
0.44,32972
0.44,32954
0.44,32695
0.45,33122
0.45,33065
0.45,32871
0.45,33303
0.45,33420
0.45,32776
0.45,32681
0.45,32068
0.45,31942
0.45,31705
0.45,31348
0.45,30673
0.45,30848
0.45,30515
0.45,28030
0.45,28019
0.45,27952
0.45,28064
0.45,28056
0.45,28077
0.45,28834
0.45,28997
0.45,28713
0.45,28157
0.45,28456
0.45,30110
0.45,30359
0.45,30441
0.45,31247
0.45,30877
0.45,31109
0.45,31865
0.45,30966
0.45,31558
0.45,30884
0.45,30653
0.45,30754
0.45,30645
0.45,30643
0.45,30840
0.45,31007
0.45,30873
0.45,31008
0.45,31264
0.45,31354
0.45,31382
0.45,31393
0.45,31288
0.45,30626
0.45,30929
0.45,31269
0.45,31042
0.45,30576
0.45,29133
0.46,29139
0.46,29617
0.46,29205
0.46,29453
0.46,29735
0.46,29723
0.46,31533
0.46,31539
0.46,31514
0.46,31360
0.46,31446
0.46,30348
0.46,30733
0.46,29662
0.46,28908
0.46,29877
0.46,28708
0.46,30465
0.46,30920
0.46,30187
0.46,30461
0.46,30444
0.46,29770
0.46,29159
0.46,29076
0.46,27674
0.46,28488
0.46,29272
0.46,30040
0.46,30077
0.46,31429
0.46,30069
0.46,30762
0.46,31191
0.46,31277
0.46,31331
0.46,31876
0.46,32270
0.46,31797
0.46,31405
0.46,31203
0.46,32178
0.46,31910
0.46,31861
0.46,31726
0.46,32084
0.46,31842
0.46,31243
0.46,30945
0.46,30997
0.46,29395
0.46,29341
0.46,30042
0.46,29995
0.46,30076
0.47,29989
0.47,30073
0.47,29777
0.47,29794
0.47,29857
0.47,29664
0.47,30213
0.47,30099
0.47,30177
0.47,29819
0.47,30005
0.47,29527
0.47,29672
0.47,28769
0.47,29141
0.47,29295
0.47,29242
0.47,29439
0.47,28783
0.47,28586
0.47,28604
0.47,28604
0.47,29823
0.47,29809
0.47,29207
0.47,29316
0.47,28708
0.47,27701
0.47,27865
0.47,27919
0.47,28333
0.47,28324
0.47,28102
0.47,28946
0.47,29133
0.47,28223
0.47,26193
0.47,26749
0.47,26354
0.47,26364
0.47,27546
0.47,28054
0.47,28143
0.47,28096
0.47,29667
0.47,29198
0.47,29046
0.47,28901
0.47,28681
0.48,28758
0.48,28677
0.48,29727
0.48,28677
0.48,28222
0.48,26413
0.48,27404
0.48,27049
0.48,26919
0.48,26349
0.48,26646
0.48,27209
0.48,27216
0.48,26947
0.48,27038
0.48,26714
0.48,27487
0.48,26814
0.48,26640
0.48,26610
0.48,27100
0.48,27181
0.48,27818
0.48,27951
0.48,27604
0.48,27489
0.48,27875
0.48,27693
0.48,28208
0.48,28256
0.48,28102
0.48,27869
0.48,28664
0.48,29136
0.48,28986
0.48,28778
0.48,27836
0.48,28339
0.48,28527
0.48,28397
0.48,28480
0.48,28924
0.48,27806
0.48,27593
0.48,26364
0.48,26198
0.48,27032
0.48,26980
0.48,26612
0.48,26610
0.48,27390
0.49,26570
0.49,27094
0.49,27556
0.49,27475
0.49,27252
0.49,26982
0.49,26978
0.49,27658
0.49,27508
0.49,27371
0.49,28284
0.49,29132
0.49,29256
0.49,29370
0.49,29050
0.49,28796
0.49,28446
0.49,28875
0.49,28858
0.49,29103
0.49,28935
0.49,28669
0.49,28769
0.49,28478
0.49,27391
0.49,27005
0.49,27216
0.49,27850
0.49,26827
0.49,26725
0.49,28097
0.49,27586
0.49,28295
0.49,27719
0.49,27794
0.49,26940
0.49,27340
0.49,27126
0.49,26935
0.49,28464
0.49,28398
0.49,28497
0.49,28951
0.49,28975
0.49,29003
0.49,28950
0.49,29047
0.49,29083
0.49,30123
0.49,29759
0.49,29725
0.50,29462
0.50,29744
0.50,29911
0.50,29638
0.50,29196
0.50,30012
0.50,29541
0.50,29577
0.50,29540
0.50,29331
0.50,30632
0.50,30546
0.50,30613
0.50,28645
0.50,30183
0.50,30828
0.50,30496
0.50,30615
0.50,31047
0.50,30944
0.50,31052
0.50,30037
0.50,29307
0.50,29685
0.50,29523
0.50,28629
0.50,28568
0.50,29138
0.50,28374
0.50,29423
0.50,29636
0.50,29989
0.50,30079
0.50,30127
0.50,29950
0.50,30024
0.50,30592
0.50,30100
0.50,29861
0.50,29776
0.50,29996
0.50,30125
0.50,29920
0.50,29898
0.50,29283
0.50,29358
0.50,29233
0.50,28832
0.50,29817
0.50,29433
0.50,29440
0.50,29044
0.50,29752
0.51,30111
0.51,29921
0.51,29868
0.51,29831
0.51,30323
0.51,31150
0.51,31468
0.51,30627
0.51,28757
0.51,28899
0.51,28885
0.51,29157
0.51,28541
0.51,28623
0.51,28541
0.51,28759
0.51,29159
0.51,28952
0.51,29139
0.51,28525
0.51,28444
0.51,28490
0.51,28411
0.51,28405
0.51,27886
0.51,27812
0.51,29098
0.51,29122
0.51,27432
0.51,27287
0.51,27578
0.51,26908
0.51,26532
0.51,27791
0.51,26610
0.51,27000
0.51,28017
0.51,27622
0.51,27428
0.51,27012
0.51,26552
0.51,26455
0.51,27398
0.51,26431
0.51,26410
0.51,26320
0.51,26485
0.51,26183
0.51,26903
0.51,26510
0.52,27207
0.52,27317
0.52,28002
0.52,28461
0.52,28331
0.52,26892
0.52,27484
0.52,27531
0.52,27671
0.52,27770
0.52,27478
0.52,27594
0.52,27898
0.52,29084
0.52,29834
0.52,30478
0.52,29828
0.52,29893
0.52,30459
0.52,30481
0.52,29785
0.52,31216
0.52,31345
0.52,31103
0.52,31443
0.52,30051
0.52,29567
0.52,29793
0.52,29483
0.52,29545
0.52,29411
0.52,28798
0.52,29612
0.52,29620
0.52,29909
0.52,30263
0.52,28872
0.52,28759
0.52,29153
0.52,29337
0.52,29345
0.52,29633
0.52,29872
0.52,29892
0.52,29772
0.52,29572
0.52,29619
0.52,29292
0.52,28534
0.52,28295
0.52,28382
0.52,27870
0.52,28008
0.53,27228
0.53,26613
0.53,25893
0.53,25657
0.53,25837
0.53,25646
0.53,25651
0.53,26238
0.53,26648
0.53,26824
0.53,27298
0.53,27927
0.53,27616
0.53,26837
0.53,27848
0.53,27023
0.53,27151
0.53,26748
0.53,26620
0.53,26672
0.53,27197
0.53,26919
0.53,26710
0.53,27726
0.53,27955
0.53,28607
0.53,28185
0.53,27941
0.53,28171
0.53,30059
0.53,31270
0.53,31050
0.53,30567
0.53,30156
0.53,30245
0.53,30082
0.53,29551
0.53,29393
0.53,29458
0.53,28676
0.53,29857
0.53,29498
0.53,29381
0.53,29350
0.53,29675
0.53,29219
0.53,29126
0.53,29186
0.53,29904
0.53,29652
0.53,30566
0.53,30292
0.53,30458
0.54,30486
0.54,29876
0.54,31480
0.54,32039
0.54,30741
0.54,28420
0.54,28267
0.54,28499
0.54,27889
0.54,27720
0.54,27647
0.54,27473
0.54,27392
0.54,27245
0.54,27662
0.54,26965
0.54,27058
0.54,27387
0.54,28546
0.54,28150
0.54,28419
0.54,28044
0.54,27922
0.54,28033
0.54,28806
0.54,29012
0.54,29043
0.54,29132
0.54,29566
0.54,29804
0.54,28994
0.54,28647
0.54,28044
0.54,28914
0.54,29495
0.54,28771
0.54,28347
0.54,28385
0.54,28380
0.54,28033
0.54,28185
0.54,28087
0.54,27476
0.54,28475
0.54,28652
0.54,29171
0.54,29375
0.54,29363
0.54,28933
0.54,29439
0.54,29511
0.54,29055
0.55,29046
0.55,29566
0.55,29230
0.55,29158
0.55,29216
0.55,28769
0.55,27697
0.55,27350
0.55,30287
0.55,30409
0.55,31557
0.55,31512
0.55,30202
0.55,29838
0.55,30040
0.55,30125
0.55,30063
0.55,30011
0.55,29828
0.55,29734
0.55,29408
0.55,28885
0.55,28806
0.55,29818
0.55,27931
0.55,27856
0.55,28926
0.55,28793
0.55,28020
0.55,27369
0.55,27349
0.55,26711
0.55,26681
0.55,26674
0.55,26639
0.55,25756
0.55,27577
0.55,28460
0.55,28307
0.55,29713
0.55,29527
0.55,29324
0.55,28662
0.55,28568
0.55,28567
0.55,28534
0.55,27604
0.55,27717
0.55,27641
0.55,27661
0.55,27537
0.56,26561
0.56,26381
0.56,26412
0.56,26443
0.56,26564
0.56,26644
0.56,27310
0.56,27675
0.56,27345
0.56,27358
0.56,26801
0.56,26906
0.56,26377
0.56,26180
0.56,26804
0.56,26252
0.56,26286
0.56,26629
0.56,27223
0.56,28018
0.56,27972
0.56,29094
0.56,29084
0.56,28549
0.56,28792
0.56,28620
0.56,28735
0.56,28432
0.56,28885
0.56,28620
0.56,27785
0.56,27808
0.56,28022
0.56,27737
0.56,28158
0.56,28811
0.56,28350
0.56,28456
0.56,28275
0.56,27748
0.56,27694
0.56,26336
0.56,26063
0.56,26667
0.56,27973
0.56,27969
0.56,28046
0.56,28419
0.56,28693
0.56,29099
0.56,29455
0.56,29185
0.57,27864
0.57,27963
0.57,26800
0.57,26984
0.57,26909
0.57,27522
0.57,27435
0.57,27378
0.57,27278
0.57,27740
0.57,27612
0.57,27603
0.57,27364
0.57,27400
0.57,27534
0.57,27580
0.57,28056
0.57,28870
0.57,29334
0.57,29787
0.57,29793
0.57,29778
0.57,29386
0.57,29344
0.57,29562
0.57,29311
0.57,28896
0.57,29440
0.57,29190
0.57,29075
0.57,29827
0.57,30183
0.57,29870
0.57,30408
0.57,30314
0.57,30048
0.57,30338
0.57,30381
0.57,30485
0.57,31608
0.57,31793
0.57,31306
0.57,31761
0.57,31921
0.57,31689
0.57,31607
0.57,30945
0.57,30418
0.57,30263
0.57,30008
0.57,29979
0.57,30095
0.58,30097
0.58,29347
0.58,29370
0.58,29739
0.58,29909
0.58,30073
0.58,30501
0.58,30488
0.58,29875
0.58,29429
0.58,29899
0.58,29999
0.58,30315
0.58,29361
0.58,29613
0.58,29018
0.58,29033
0.58,30425
0.58,31116
0.58,30864
0.58,30037
0.58,29799
0.58,29483
0.58,29476
0.58,30247
0.58,30239
0.58,30234
0.58,30166
0.58,31251
0.58,31284
0.58,30936
0.58,30744
0.58,28846
0.58,28938
0.58,28890
0.58,29505
0.58,29112
0.58,29611
0.58,29287
0.58,29419
0.58,29385
0.58,28748
0.58,28671
0.58,28845
0.58,28507
0.58,27996
0.58,27850
0.58,29501
0.58,29257
0.58,29277
0.58,29548
0.58,29488
0.58,29578
0.59,29445
0.59,29183
0.59,29007
0.59,30212
0.59,29848
0.59,29531
0.59,28932
0.59,29628
0.59,29265
0.59,29324
0.59,29414
0.59,29438
0.59,29519
0.59,29520
0.59,29657
0.59,29623
0.59,29307
0.59,27896
0.59,27866
0.59,27878
0.59,27060
0.59,27527
0.59,27689
0.59,26728
0.59,26452
0.59,26537
0.59,26023
0.59,26023
0.59,27483
0.59,27742
0.59,27964
0.59,28163
0.59,27429
0.59,28442
0.59,28404
0.59,28547
0.59,28568
0.59,29065
0.59,29113
0.59,29801
0.59,30103
0.59,30220
0.59,30231
0.59,29809
0.59,28881
0.59,28867
0.59,29016
0.59,29172
0.59,29479
0.60,29135
0.60,28845
0.60,28950
0.60,28972
0.60,28693
0.60,28954
0.60,28820
0.60,28784
0.60,28845
0.60,28422
0.60,28406
0.60,28660
0.60,28812
0.60,28590
0.60,28301
0.60,27791
0.60,27050
0.60,27720
0.60,28332
0.60,28644
0.60,28646
0.60,29689
0.60,29480
0.60,28876
0.60,28939
0.60,28699
0.60,28376
0.60,28463
0.60,30150
0.60,30276
0.60,29249
0.60,29273
0.60,28567
0.60,28359
0.60,28361
0.60,28345
0.60,27868
0.60,28954
0.60,28101
0.60,28611
0.60,28938
0.60,29315
0.60,29204
0.60,28316
0.60,28455
0.60,28126
0.61,28258
0.61,28141
0.61,27789
0.61,28088
0.61,29107
0.61,29082
0.61,27811
0.61,27373
0.61,27373
0.61,27654
0.61,27993
0.61,27533
0.61,27672
0.61,27709
0.61,27925
0.61,27992
0.61,28192
0.61,28117
0.61,27849
0.61,27935
0.61,28180
0.61,28483
0.61,26568
0.61,27358
0.61,27367
0.61,27840
0.61,28050
0.61,28370
0.61,28529
0.61,28262
0.61,29215
0.61,29264
0.61,29082
0.61,29235
0.61,30524
0.61,29740
0.61,29382
0.61,30259
0.61,30360
0.61,30074
0.61,29818
0.61,29660
0.61,29672
0.61,29302
0.61,28938
0.61,29213
0.61,29231
0.61,28698
0.61,28385
0.61,28428
0.61,28509
0.61,28900
0.61,29498
0.62,29379
0.62,29231
0.62,29925
0.62,29269
0.62,29339
0.62,28617
0.62,28363
0.62,27784
0.62,27856
0.62,28182
0.62,27505
0.62,27704
0.62,28038
0.62,26708
0.62,26700
0.62,26580
0.62,26318
0.62,26685
0.62,26229
0.62,26380
0.62,26486
0.62,26324
0.62,26883
0.62,26907
0.62,28904
0.62,28791
0.62,29366
0.62,30030
0.62,30487
0.62,30306
0.62,30412
0.62,30183
0.62,30609
0.62,30577
0.62,30256
0.62,29038
0.62,29066
0.62,30068
0.62,30027
0.62,30370
0.62,30361
0.62,30094
0.62,30095
0.62,30416
0.62,30455
0.62,30733
0.62,31742
0.63,31856
0.63,32091
0.63,32043
0.63,32261
0.63,29997
0.63,30241
0.63,30239
0.63,30331
0.63,29940
0.63,30306
0.63,30467
0.63,30656
0.63,30692
0.63,30136
0.63,29340
0.63,29632
0.63,29875
0.63,30032
0.63,30570
0.63,31067
0.63,31794
0.63,31158
0.63,31618
0.63,31122
0.63,31003
0.63,31010
0.63,30502
0.63,29617
0.63,29672
0.63,29217
0.63,29536
0.63,29076
0.63,27699
0.63,27850
0.63,27864
0.63,27832
0.63,26935
0.63,28099
0.63,28300
0.63,28716
0.63,28687
0.63,29042
0.63,28816
0.63,29299
0.63,29295
0.63,29363
0.63,30406
0.63,30837
0.63,30641
0.63,30372
0.63,30716
0.63,30969
0.63,30070
0.64,29960
0.64,29686
0.64,29536
0.64,29946
0.64,29804
0.64,29974
0.64,29945
0.64,29825
0.64,30072
0.64,30840
0.64,29905
0.64,30170
0.64,30490
0.64,30522
0.64,30353
0.64,29550
0.64,29103
0.64,30060
0.64,30076
0.64,30749
0.64,30341
0.64,30132
0.64,29753
0.64,29805
0.64,29897
0.64,30021
0.64,29278
0.64,29284
0.64,29521
0.64,29430
0.64,29449
0.64,29294
0.64,28679
0.64,29544
0.64,29651
0.64,29166
0.64,29137
0.64,28880
0.64,30088
0.64,29669
0.64,29468
0.64,29047
0.64,29759
0.64,29399
0.64,30877
0.64,31158
0.64,31204
0.64,31937
0.64,31896
0.64,32255
0.64,32079
0.65,31501
0.65,30666
0.65,30583
0.65,31005
0.65,31249
0.65,31717
0.65,31246
0.65,31417
0.65,28697
0.65,27009
0.65,26859
0.65,28412
0.65,28955
0.65,28931
0.65,28494
0.65,27742
0.65,27664
0.65,25792
0.65,25990
0.65,26105
0.65,26834
0.65,26871
0.65,27245
0.65,25685
0.65,25678
0.65,26957
0.65,26716
0.65,26579
0.65,26464
0.65,28959
0.65,28238
0.65,27827
0.65,27506
0.65,27890
0.65,27398
0.65,26521
0.65,26242
0.65,26657
0.65,27276
0.65,27664
0.65,28800
0.65,29492
0.65,29354
0.65,29114
0.65,29202
0.65,29051
0.65,28366
0.66,28854
0.66,28572
0.66,28694
0.66,28804
0.66,28198
0.66,27656
0.66,27360
0.66,27678
0.66,27627
0.66,27433
0.66,27533
0.66,28437
0.66,28072
0.66,30036
0.66,29673
0.66,29252
0.66,29130
0.66,27951
0.66,28362
0.66,28011
0.66,28088
0.66,27817
0.66,27425
0.66,28172
0.66,28696
0.66,27352
0.66,27794
0.66,27440
0.66,28064
0.66,27535
0.66,27273
0.66,27551
0.66,27802
0.66,28281
0.66,28591
0.66,28246
0.66,28163
0.66,28119
0.66,28108
0.66,28026
0.66,28079
0.66,28766
0.66,28867
0.66,29340
0.66,28399
0.66,28005
0.66,28182
0.66,29072
0.66,29509
0.67,30163
0.67,31533
0.67,31461
0.67,31922
0.67,32051
0.67,32236
0.67,31679
0.67,31843
0.67,31812
0.67,31716
0.67,32940
0.67,31715
0.67,31714
0.67,31452
0.67,30372
0.67,30769
0.67,29539
0.67,29644
0.67,29636
0.67,29652
0.67,30032
0.67,30637
0.67,30389
0.67,30403
0.67,30282
0.67,30356
0.67,30311
0.67,29914
0.67,29685
0.67,29692
0.67,29826
0.67,30549
0.67,30278
0.67,28390
0.67,28232
0.67,28071
0.67,27451
0.67,27949
0.67,28004
0.67,28206
0.67,28392
0.67,28923
0.67,28875
0.67,28123
0.67,27988
0.67,28605
0.67,28760
0.67,29571
0.67,29899
0.67,29343
0.67,28846
0.67,29235
0.67,29248
0.67,28782
0.67,28846
0.67,28894
0.67,28177
0.68,28092
0.68,27929
0.68,27592
0.68,27431
0.68,27768
0.68,28476
0.68,27983
0.68,28428
0.68,28784
0.68,28105
0.68,27972
0.68,29533
0.68,29136
0.68,28782
0.68,29373
0.68,29555
0.68,29112
0.68,28569
0.68,28227
0.68,28271
0.68,28413
0.68,28149
0.68,28431
0.68,28587
0.68,29693
0.68,30121
0.68,30201
0.68,30667
0.68,30266
0.68,30266
0.68,30109
0.68,29735
0.68,29559
0.68,29584
0.68,30074
0.68,30857
0.68,30917
0.68,31119
0.68,31101
0.68,31228
0.68,31434
0.68,31658
0.68,31703
0.68,31736
0.68,31787
0.68,31805
0.68,31462
0.68,31067
0.68,32001
0.68,32424
0.69,32660
0.69,32091
0.69,32939
0.69,32833
0.69,31666
0.69,31915
0.69,32104
0.69,32032
0.69,31433
0.69,31302
0.69,31370
0.69,31857
0.69,32111
0.69,32801
0.69,33220
0.69,33211
0.69,33271
0.69,33005
0.69,33094
0.69,33156
0.69,33288
0.69,31816
0.69,31544
0.69,31439
0.69,31160
0.69,30992
0.69,30453
0.69,30169
0.69,29294
0.69,28751
0.69,28378
0.69,29722
0.69,29774
0.69,30017
0.69,30027
0.69,29907
0.69,28374
0.69,27746
0.69,27768
0.69,27735
0.69,27285
0.69,27825
0.69,28247
0.69,27936
0.69,27899
0.69,28503
0.69,28482
0.69,28307
0.69,28612
0.69,28144
0.69,28193
0.70,28388
0.70,28588
0.70,27974
0.70,28004
0.70,26865
0.70,27219
0.70,27315
0.70,27613
0.70,28292
0.70,27861
0.70,28158
0.70,29539
0.70,29864
0.70,29931
0.70,29605
0.70,28997
0.70,28839
0.70,28947
0.70,26944
0.70,27800
0.70,28073
0.70,28181
0.70,27934
0.70,28135
0.70,27665
0.70,27203
0.70,27343
0.70,26945
0.70,27194
0.70,27399
0.70,27424
0.70,27550
0.70,28487
0.70,27114
0.70,27017
0.70,26961
0.70,27074
0.70,27085
0.70,27263
0.70,27082
0.70,26676
0.70,26436
0.70,26273
0.70,26875
0.70,27163
0.70,27398
0.70,27583
0.70,27948
0.70,29089
0.70,28820
0.71,29588
0.71,29045
0.71,29443
0.71,29528
0.71,28753
0.71,28807
0.71,28805
0.71,28786
0.71,27805
0.71,28493
0.71,29241
0.71,30335
0.71,30695
0.71,30550
0.71,30448
0.71,30445
0.71,30621
0.71,30614
0.71,30571
0.71,30169
0.71,30104
0.71,29918
0.71,30290
0.71,30642
0.71,30478
0.71,30384
0.71,30289
0.71,30178
0.71,30069
0.71,29863
0.71,28855
0.71,28972
0.71,28517
0.71,28087
0.71,28123
0.71,28113
0.71,28180
0.71,28504
0.71,28164
0.71,28351
0.71,27383
0.71,27365
0.71,27305
0.71,27732
0.71,27031
0.71,26027
0.71,26049
0.71,25970
0.71,26605
0.71,26916
0.71,29070
0.72,29319
0.72,29376
0.72,29147
0.72,28479
0.72,27921
0.72,28225
0.72,28389
0.72,28181
0.72,28785
0.72,29497
0.72,29354
0.72,30297
0.72,30304
0.72,29275
0.72,28895
0.72,28784
0.72,28382
0.72,27750
0.72,27193
0.72,28245
0.72,29076
0.72,29619
0.72,29634
0.72,29756
0.72,29690
0.72,30204
0.72,30515
0.72,30673
0.72,30451
0.72,30490
0.72,30629
0.72,29855
0.72,29691
0.72,30342
0.72,30641
0.72,30609
0.72,30683
0.72,30926
0.72,31348
0.72,31440
0.72,30451
0.72,30311
0.72,29993
0.72,30104
0.72,30245
0.72,29764
0.72,30033
0.72,29554
0.72,29550
0.72,29794
0.72,30088
0.73,28688
0.73,28600
0.73,28504
0.73,28563
0.73,27667
0.73,27584
0.73,27733
0.73,27113
0.73,27539
0.73,27734
0.73,27644
0.73,26709
0.73,27042
0.73,26803
0.73,26439
0.73,26326
0.73,26612
0.73,26740
0.73,26712
0.73,26064
0.73,27522
0.73,27726
0.73,27884
0.73,27302
0.73,27068
0.73,26586
0.73,25938
0.73,26003
0.73,27312
0.73,27799
0.73,28002
0.73,28219
0.73,28653
0.73,28749
0.73,27698
0.73,27939
0.73,27876
0.73,29264
0.73,29611
0.73,29090
0.73,29174
0.73,29130
0.73,29266
0.73,29309
0.73,29136
0.73,27708
0.73,27566
0.73,28063
0.73,27900
0.73,27940
0.73,27867
0.73,28217
0.73,28316
0.74,29602
0.74,29636
0.74,29763
0.74,30034
0.74,30372
0.74,29052
0.74,30375
0.74,29640
0.74,29612
0.74,28740
0.74,28719
0.74,28782
0.74,29318
0.74,29294
0.74,30226
0.74,29838
0.74,29304
0.74,28652
0.74,28597
0.74,29030
0.74,28453
0.74,28058
0.74,27396
0.74,27518
0.74,27475
0.74,27654
0.74,27567
0.74,27596
0.74,27757
0.74,28065
0.74,28243
0.74,28514
0.74,28063
0.74,28088
0.74,28076
0.74,27654
0.74,27656
0.74,27582
0.74,27724
0.74,27783
0.74,27548
0.74,26801
0.74,25000
0.74,24858
0.74,24980
0.74,25024
0.74,25401
0.74,25925
0.74,25819
0.75,26278
0.75,26000
0.75,25308
0.75,26084
0.75,26210
0.75,26248
0.75,26825
0.75,27125
0.75,26866
0.75,26983
0.75,27047
0.75,27094
0.75,27311
0.75,27479
0.75,27146
0.75,26925
0.75,28035
0.75,27463
0.75,27776
0.75,28377
0.75,27726
0.75,28575
0.75,28430
0.75,28272
0.75,28294
0.75,28160
0.75,27893
0.75,27884
0.75,27898
0.75,29341
0.75,29971
0.75,30591
0.75,30513
0.75,30289
0.75,29502
0.75,28908
0.75,28994
0.75,28867
0.75,28747
0.75,28669
0.75,28538
0.75,28030
0.76,27754
0.76,27863
0.76,28249
0.76,27621
0.76,27583
0.76,27472
0.76,27065
0.76,27302
0.76,26804
0.76,26148
0.76,25943
0.76,25975
0.76,26343
0.76,26310
0.76,26034
0.76,25591
0.76,25987
0.76,26216
0.76,26384
0.76,25417
0.76,24843
0.76,24400
0.76,24400
0.76,24283
0.76,25244
0.76,24592
0.76,26563
0.76,27333
0.76,27148
0.76,26827
0.76,26735
0.76,27000
0.76,26825
0.76,26265
0.76,27179
0.76,27329
0.76,26904
0.76,26832
0.76,28826
0.76,28753
0.76,28154
0.76,28029
0.76,28225
0.76,28278
0.76,27919
0.76,28992
0.76,28947
0.76,28737
0.76,29109
0.76,28888
0.77,29382
0.77,29233
0.77,29094
0.77,29094
0.77,28874
0.77,28771
0.77,28816
0.77,28628
0.77,28581
0.77,28505
0.77,29478
0.77,30559
0.77,30760
0.77,30632
0.77,29346
0.77,29561
0.77,29499
0.77,30311
0.77,29672
0.77,29955
0.77,30092
0.77,30649
0.77,30664
0.77,29942
0.77,29792
0.77,30027
0.77,30564
0.77,29727
0.77,29407
0.77,28397
0.77,29418
0.77,29469
0.77,29775
0.77,29972
0.77,30275
0.77,30541
0.77,31078
0.77,30439
0.77,30674
0.77,31245
0.77,31101
0.77,31686
0.77,31192
0.77,30814
0.77,30554
0.77,30806
0.77,30706
0.78,30668
0.78,30790
0.78,30638
0.78,30454
0.78,30308
0.78,28661
0.78,28658
0.78,28825
0.78,28414
0.78,29384
0.78,28400
0.78,28784
0.78,28808
0.78,30071
0.78,30062
0.78,29960
0.78,29540
0.78,29602
0.78,29616
0.78,28909
0.78,28674
0.78,31016
0.78,29973
0.78,29887
0.78,29830
0.78,30057
0.78,30547
0.78,30134
0.78,29974
0.78,30005
0.78,30155
0.78,30000
0.78,30766
0.78,31014
0.78,31054
0.78,31088
0.78,30845
0.78,30801
0.78,30940
0.78,30966
0.78,31314
0.78,31291
0.78,30433
0.78,30298
0.78,30218
0.78,30227
0.78,30454
0.78,29921
0.78,29543
0.78,29917
0.78,29443
0.78,29313
0.79,29288
0.79,28909
0.79,29064
0.79,28987
0.79,28947
0.79,27203
0.79,28650
0.79,28209
0.79,28277
0.79,28108
0.79,28097
0.79,28008
0.79,27990
0.79,28429
0.79,28475
0.79,29509
0.79,30688
0.79,30568
0.79,31149
0.79,31445
0.79,30800
0.79,30032
0.79,29791
0.79,28986
0.79,28977
0.79,29229
0.79,29839
0.79,29999
0.79,30015
0.79,30097
0.79,30150
0.79,30025
0.79,30032
0.79,29370
0.79,29245
0.79,29014
0.79,29136
0.79,29339
0.79,29930
0.79,29857
0.79,29964
0.79,29800
0.79,30106
0.79,29731
0.79,29762
0.79,29087
0.79,29068
0.79,29539
0.79,29467
0.79,29830
0.80,29550
0.80,30146
0.80,29686
0.80,30101
0.80,30312
0.80,30766
0.80,30474
0.80,30295
0.80,30544
0.80,30710
0.80,29811
0.80,29924
0.80,29388
0.80,28844
0.80,28439
0.80,28522
0.80,28759
0.80,28663
0.80,28819
0.80,28807
0.80,28699
0.80,27396
0.80,26599
0.80,26723
0.80,26726
0.80,27430
0.80,27260
0.80,27577
0.80,27809
0.80,27436
0.80,27318
0.80,26392
0.80,26978
0.80,26545
0.80,25967
0.80,25494
0.80,25481
0.80,25381
0.80,25605
0.80,26311
0.80,26956
0.80,27085
0.80,27279
0.80,27693
0.81,27000
0.81,26735
0.81,26512
0.81,26816
0.81,27387
0.81,27357
0.81,27502
0.81,27408
0.81,25973
0.81,25564
0.81,26868
0.81,28151
0.81,27396
0.81,27736
0.81,28135
0.81,28271
0.81,28340
0.81,27269
0.81,27749
0.81,28373
0.81,28305
0.81,28012
0.81,27892
0.81,28193
0.81,28512
0.81,26476
0.81,26729
0.81,26265
0.81,27271
0.81,27244
0.81,27414
0.81,27933
0.81,28535
0.81,27970
0.81,27889
0.81,27915
0.81,27979
0.81,27804
0.81,27324
0.81,28611
0.81,28676
0.81,26815
0.81,26170
0.81,26181
0.81,27747
0.81,27875
0.81,28306
0.81,28613
0.81,29272
0.82,29636
0.82,29764
0.82,30143
0.82,30447
0.82,29391
0.82,29457
0.82,29499
0.82,29277
0.82,28789
0.82,28800
0.82,28897
0.82,28394
0.82,28406
0.82,28290
0.82,28330
0.82,29305
0.82,29586
0.82,29591
0.82,29631
0.82,29115
0.82,29518
0.82,29625
0.82,29909
0.82,30146
0.82,31210
0.82,30834
0.82,30708
0.82,30143
0.82,30189
0.82,29761
0.82,29757
0.82,29864
0.82,30196
0.82,29349
0.82,28924
0.82,29075
0.82,28807
0.82,27717
0.82,26649
0.82,27166
0.82,28089
0.82,27979
0.82,28089
0.82,27638
0.82,27444
0.82,27124
0.82,26286
0.82,26281
0.82,25754
0.82,25731
0.82,26064
0.82,26112
0.82,26400
0.83,26612
0.83,26621
0.83,26569
0.83,26593
0.83,26290
0.83,26290
0.83,26130
0.83,26079
0.83,27135
0.83,26938
0.83,26514
0.83,27244
0.83,26447
0.83,25703
0.83,24798
0.83,23325
0.83,22874
0.83,23467
0.83,23195
0.83,23225
0.83,24023
0.83,24000
0.83,23938
0.83,24477
0.83,24467
0.83,25112
0.83,25588
0.83,25756
0.83,26272
0.83,26547
0.83,27851
0.83,28753
0.83,28148
0.83,28078
0.83,28384
0.83,28396
0.83,28670
0.83,28737
0.83,29286
0.83,28961
0.83,28601
0.83,28728
0.83,28900
0.83,28873
0.83,28399
0.84,28444
0.84,28683
0.84,28827
0.84,28392
0.84,28140
0.84,28949
0.84,29676
0.84,29450
0.84,30554
0.84,30715
0.84,29517
0.84,29141
0.84,27597
0.84,27990
0.84,27820
0.84,27713
0.84,26510
0.84,26232
0.84,25642
0.84,25441
0.84,25774
0.84,25767
0.84,26052
0.84,25717
0.84,25863
0.84,25895
0.84,26008
0.84,26088
0.84,25531
0.84,25772
0.84,25757
0.84,25868
0.84,25918
0.84,26206
0.84,26088
0.84,26345
0.84,26351
0.84,26763
0.84,27234
0.84,27828
0.84,27547
0.84,27512
0.84,26692
0.84,26981
0.84,26414
0.85,26313
0.85,26573
0.85,26367
0.85,26497
0.85,27088
0.85,26927
0.85,26431
0.85,26480
0.85,26831
0.85,27316
0.85,27331
0.85,27994
0.85,28274
0.85,28319
0.85,27910
0.85,27997
0.85,28182
0.85,28212
0.85,28138
0.85,28206
0.85,27490
0.85,27623
0.85,27768
0.85,27443
0.85,27005
0.85,27870
0.85,27945
0.85,28126
0.85,28374
0.85,28386
0.85,27430
0.85,28499
0.85,28545
0.85,28675
0.85,28518
0.85,28690
0.85,28738
0.85,28327
0.85,28168
0.85,28026
0.85,28897
0.86,28800
0.86,27934
0.86,27744
0.86,28225
0.86,28425
0.86,28941
0.86,28998
0.86,27170
0.86,27074
0.86,26886
0.86,26743
0.86,26863
0.86,26625
0.86,27556
0.86,27805
0.86,27854
0.86,27653
0.86,27492
0.86,27211
0.86,27742
0.86,27823
0.86,28085
0.86,27961
0.86,27989
0.86,28747
0.86,29142
0.86,28378
0.86,28240
0.86,28141
0.86,27022
0.86,27005
0.86,27000
0.86,27030
0.86,27031
0.86,27142
0.86,27189
0.86,27050
0.86,26760
0.86,26765
0.86,26931
0.86,27370
0.86,27108
0.86,27274
0.86,28498
0.86,29024
0.86,29183
0.86,29347
0.87,29447
0.87,29634
0.87,29305
0.87,29725
0.87,29982
0.87,28730
0.87,29571
0.87,29401
0.87,29772
0.87,29957
0.87,29959
0.87,28973
0.87,29842
0.87,29985
0.87,28937
0.87,28329
0.87,28708
0.87,29062
0.87,29129
0.87,29627
0.87,29764
0.87,30368
0.87,30728
0.87,30937
0.87,30893
0.87,30655
0.87,29870
0.87,30121
0.87,29047
0.87,28981
0.87,28988
0.87,28064
0.87,29159
0.87,29097
0.87,29683
0.87,29092
0.87,29042
0.87,28015
0.87,28063
0.87,28454
0.87,28414
0.87,28472
0.87,28168
0.87,28435
0.87,29929
0.87,30228
0.88,29543
0.88,30246
0.88,30278
0.88,30698
0.88,30011
0.88,30084
0.88,30352
0.88,30528
0.88,30474
0.88,30277
0.88,28604
0.88,28843
0.88,28367
0.88,27513
0.88,27568
0.88,27687
0.88,27708
0.88,27967
0.88,29046
0.88,28844
0.88,28599
0.88,28803
0.88,28778
0.88,29002
0.88,29355
0.88,28347
0.88,28361
0.88,28501
0.88,28535
0.88,28490
0.88,27919
0.88,27056
0.88,27098
0.88,27086
0.88,27102
0.88,26983
0.88,27954
0.88,27813
0.88,28439
0.88,27925
0.88,27628
0.88,27569
0.88,27508
0.88,27482
0.88,27942
0.88,28432
0.88,29194
0.88,29299
0.88,30421
0.89,30601
0.89,30751
0.89,29421
0.89,30162
0.89,30484
0.89,30984
0.89,31281
0.89,31379
0.89,31072
0.89,30900
0.89,29142
0.89,28956
0.89,28985
0.89,28992
0.89,28335
0.89,28222
0.89,28214
0.89,29129
0.89,29483
0.89,29497
0.89,29673
0.89,30529
0.89,30328
0.89,29947
0.89,30064
0.89,29838
0.89,29302
0.89,28928
0.89,28834
0.89,28375
0.89,27923
0.89,27710
0.89,28104
0.89,27300
0.89,26449
0.89,26683
0.89,26405
0.89,27302
0.89,27165
0.89,27434
0.89,26630
0.90,26883
0.90,27339
0.90,26684
0.90,26591
0.90,26558
0.90,26596
0.90,26487
0.90,27164
0.90,27288
0.90,27243
0.90,25863
0.90,25477
0.90,25203
0.90,25213
0.90,25634
0.90,25920
0.90,25704
0.90,25639
0.90,25908
0.90,25900
0.90,25906
0.90,25698
0.90,25725
0.90,25091
0.90,24567
0.90,24482
0.90,25420
0.90,25415
0.90,25452
0.90,24586
0.90,24748
0.90,25193
0.90,25219
0.90,26851
0.90,27161
0.90,27333
0.90,27562
0.90,27513
0.90,27594
0.90,27621
0.91,27474
0.91,27079
0.91,27218
0.91,27290
0.91,28142
0.91,28443
0.91,28663
0.91,28779
0.91,28890
0.91,28425
0.91,28122
0.91,27699
0.91,27690
0.91,27649
0.91,27640
0.91,27666
0.91,27796
0.91,27470
0.91,27523
0.91,27285
0.91,27140
0.91,27235
0.91,27094
0.91,27191
0.91,27141
0.91,27186
0.91,27071
0.91,27716
0.91,27717
0.91,27718
0.91,29089
0.91,30106
0.91,28752
0.91,28823
0.91,29819
0.91,29724
0.91,29623
0.91,27688
0.91,27929
0.91,28179
0.91,26662
0.91,26862
0.91,26986
0.91,27324
0.91,27358
0.91,26985
0.91,27237
0.91,27008
0.91,27683
0.91,27704
0.92,27983
0.92,27694
0.92,27603
0.92,27629
0.92,26861
0.92,26603
0.92,26883
0.92,26269
0.92,26199
0.92,26211
0.92,25591
0.92,25714
0.92,25718
0.92,25727
0.92,26678
0.92,26669
0.92,26816
0.92,26974
0.92,26888
0.92,27000
0.92,26814
0.92,27432
0.92,27182
0.92,27551
0.92,27574
0.92,28020
0.92,28017
0.92,27745
0.92,28233
0.92,26996
0.92,27640
0.92,27398
0.92,27325
0.92,27520
0.92,26662
0.92,26673
0.92,27373
0.92,28038
0.92,27812
0.92,28662
0.92,28816
0.92,28634
0.92,28890
0.92,28726
0.92,28600
0.92,28492
0.92,28178
0.92,28491
0.93,28058
0.93,28032
0.93,28212
0.93,28209
0.93,27528
0.93,28130
0.93,28264
0.93,28340
0.93,27480
0.93,26953
0.93,26392
0.93,27087
0.93,27005
0.93,26993
0.93,27571
0.93,27585
0.93,27554
0.93,27348
0.93,28660
0.93,27910
0.93,27423
0.93,27289
0.93,26745
0.93,26071
0.93,27300
0.93,28003
0.93,27548
0.93,28022
0.93,27097
0.93,26873
0.93,26204
0.93,27885
0.93,28258
0.93,27526
0.93,27610
0.93,27487
0.93,27391
0.93,28967
0.93,28883
0.93,28841
0.93,28334
0.93,27681
0.93,27580
0.93,27918
0.93,28474
0.93,28442
0.93,28616
0.93,28179
0.93,28455
0.93,28845
0.93,29070
0.94,28887
0.94,29580
0.94,29496
0.94,29803
0.94,30062
0.94,30011
0.94,29830
0.94,28911
0.94,28599
0.94,28193
0.94,28340
0.94,29057
0.94,29166
0.94,29159
0.94,29311
0.94,29057
0.94,28358
0.94,28777
0.94,29051
0.94,29571
0.94,29772
0.94,29777
0.94,30225
0.94,30035
0.94,30029
0.94,30824
0.94,30836
0.94,31024
0.94,30645
0.94,30502
0.94,30526
0.94,30669
0.94,30541
0.94,30558
0.94,30856
0.94,29898
0.94,29502
0.94,30187
0.94,31580
0.94,31430
0.94,31360
0.94,30795
0.94,29796
0.94,30439
0.94,30587
0.94,29579
0.94,29890
0.94,29751
0.94,30038
0.95,29961
0.95,28548
0.95,28637
0.95,28523
0.95,28639
0.95,28500
0.95,28592
0.95,28177
0.95,26219
0.95,26384
0.95,26362
0.95,26574
0.95,25937
0.95,26077
0.95,26267
0.95,26265
0.95,26322
0.95,25561
0.95,25766
0.95,25474
0.95,25484
0.95,25413
0.95,25914
0.95,26479
0.95,26690
0.95,26666
0.95,25637
0.95,25519
0.95,25720
0.95,25979
0.95,25837
0.95,25069
0.95,25066
0.95,25078
0.95,25614
0.95,25667
0.95,25360
0.95,24830
0.95,23762
0.95,23864
0.95,24310
0.95,24983
0.95,26005
0.95,26019
0.95,25844
0.95,25860
0.96,25340
0.96,25624
0.96,25579
0.96,25588
0.96,25724
0.96,25824
0.96,26619
0.96,26725
0.96,26760
0.96,26387
0.96,28063
0.96,28458
0.96,28609
0.96,28795
0.96,28501
0.96,30973
0.96,31024
0.96,30983
0.96,29912
0.96,29547
0.96,29487
0.96,29384
0.96,29368
0.96,30632
0.96,31087
0.96,31542
0.96,31370
0.96,30789
0.96,30204
0.96,29470
0.96,29451
0.96,29640
0.96,29697
0.96,29606
0.96,29695
0.96,29562
0.96,29123
0.96,28850
0.96,28817
0.96,28715
0.96,28489
0.96,28943
0.96,28626
0.96,28897
0.96,28866
0.96,28581
0.96,29013
0.96,29104
0.96,29364
0.97,29751
0.97,29707
0.97,32308
0.97,32326
0.97,31776
0.97,32269
0.97,31271
0.97,30605
0.97,31470
0.97,31105
0.97,30565
0.97,29051
0.97,28791
0.97,29787
0.97,29910
0.97,29879
0.97,29386
0.97,28528
0.97,28969
0.97,28247
0.97,28161
0.97,28215
0.97,28384
0.97,28495
0.97,28968
0.97,29188
0.97,27342
0.97,27842
0.97,27613
0.97,27864
0.97,29327
0.97,30647
0.97,30874
0.97,30342
0.97,31187
0.97,31298
0.97,31299
0.97,32058
0.97,32669
0.97,31598
0.97,30931
0.97,31091
0.97,31486
0.97,31378
0.97,31630
0.98,31603
0.98,31509
0.98,31133
0.98,31156
0.98,31205
0.98,31372
0.98,31056
0.98,31054
0.98,29205
0.98,29223
0.98,28746
0.98,28729
0.98,28937
0.98,29052
0.98,29632
0.98,29103
0.98,28995
0.98,29026
0.98,29060
0.98,28677
0.98,28561
0.98,28509
0.98,28578
0.98,28689
0.98,29341
0.98,28604
0.98,28894
0.98,28860
0.98,29610
0.98,28411
0.98,28313
0.98,27769
0.98,28217
0.98,28087
0.98,27972
0.98,28223
0.98,28225
0.98,28082
0.98,27584
0.98,27717
0.98,27852
0.98,27530
0.98,26363
0.99,26132
0.99,26805
0.99,27196
0.99,27253
0.99,27929
0.99,28042
0.99,28085
0.99,28148
0.99,29196
0.99,29105
0.99,29512
0.99,29549
0.99,29396
0.99,29679
0.99,29475
0.99,29498
0.99,29715
0.99,29631
0.99,29136
0.99,29233
0.99,29454
0.99,29269
0.99,29231
0.99,29266
0.99,30921
0.99,30376
0.99,31134
0.99,30889
0.99,30625
0.99,30119
0.99,29842
0.99,29064
0.99,29197
0.99,29012
0.99,28888
0.99,29007
0.99,29409
0.99,29489
0.99,29405
0.99,28767
0.99,28679
0.99,28267
0.99,28597
0.99,28675
0.99,28384
1.00,29047
1.00,28852
1.00,28973
1.00,29063
1.00,29033
1.00,28293
1.00,29042
1.00,28701
1.00,28322
1.00,28829
1.00,28906
1.00,29586
1.00,28655
1.00,28332
1.00,29726
1.00,29442
1.00,27935
1.00,26420
1.00,26200
1.00,26343
1.00,26449
1.00,26830
1.00,27121
1.00,27419
1.00,28118
1.00,28358
1.00,28129
1.00,27914
1.00,27765
1.00,27449
1.00,26867
1.00,26606
1.00,26687
1.00,26548
1.00,26742
1.00,26638
1.00,26575
1.00,26651
1.00,26966
1.00,26225
1.00,26216
1.00,25648
1.00,25671
1.00,25389
1.01,25443
1.01,25542
1.01,25486
1.01,25318
1.01,25372
1.01,25923
1.01,25371
1.01,25149
1.01,25372
1.01,25318
1.01,24397
1.01,24715
1.01,25114
1.01,25297
1.01,25334
1.01,26160
1.01,27470
1.01,27512
1.01,27614
1.01,27673
1.01,27527
1.01,26715
1.01,26687
1.01,25828
1.01,25856
1.01,26662
1.01,26968
1.01,25495
1.01,25422
1.01,25390
1.01,25384
1.01,28411
1.01,26093
1.01,25887
1.01,25376
1.01,25332
1.01,25797
1.01,26001
1.02,26450
1.02,26718
1.02,27185
1.02,27002
1.02,26678
1.02,26634
1.02,26581
1.02,25781
1.02,24677
1.02,24308
1.02,24850
1.02,24657
1.02,24697
1.02,23745
1.02,24159
1.02,23717
1.02,23932
1.02,24218
1.02,25030
1.02,24922
1.02,24894
1.02,24745
1.02,24667
1.02,24637
1.02,24881
1.02,24439
1.02,24655
1.02,24160
1.02,23944
1.02,23645
1.02,24822
1.02,25651
1.02,25742
1.02,25772
1.02,26028
1.02,26108
1.02,25983
1.02,26093
1.02,25593
1.03,25583
1.03,25168
1.03,24535
1.03,24783
1.03,26717
1.03,26784
1.03,26805
1.03,26008
1.03,25767
1.03,26395
1.03,27154
1.03,26918
1.03,26359
1.03,26800
1.03,27391
1.03,27702
1.03,27310
1.03,26812
1.03,26787
1.03,26244
1.03,26628
1.03,27244
1.03,28050
1.03,28127
1.03,28393
1.03,27602
1.03,27184
1.03,27388
1.03,27340
1.03,29861
1.03,29536
1.03,30468
1.03,30220
1.03,30171
1.03,30156
1.03,29938
1.03,29948
1.03,29746
1.03,29012
1.03,28592
1.03,28313
1.03,28321
1.03,28041
1.03,28040
1.03,27803
1.03,28053
1.03,28049
1.04,28072
1.04,27454
1.04,27464
1.04,27710
1.04,27174
1.04,27139
1.04,27771
1.04,27662
1.04,27668
1.04,27454
1.04,27241
1.04,27037
1.04,26320
1.04,26402
1.04,26385
1.04,26458
1.04,26548
1.04,26555
1.04,26782
1.04,26820
1.04,26620
1.04,26786
1.04,26786
1.04,26788
1.04,26262
1.04,26172
1.04,26483
1.04,26398
1.04,26418
1.04,27077
1.04,27316
1.04,27253
1.04,28052
1.04,29722
1.04,29352
1.04,29985
1.04,30251
1.04,30102
1.04,30222
1.04,30486
1.04,30440
1.04,30313
1.04,30310
1.04,30416
1.04,28925
1.04,29199
1.05,29283
1.05,29020
1.05,28350
1.05,28301
1.05,28902
1.05,29635
1.05,29452
1.05,29843
1.05,29677
1.05,29861
1.05,30111
1.05,29981
1.05,29799
1.05,28816
1.05,29499
1.05,29854
1.05,28797
1.05,29393
1.05,30013
1.05,29842
1.05,29765
1.05,29748
1.05,29679
1.05,30703
1.05,30597
1.05,31420
1.05,31122
1.05,30282
1.06,30380
1.06,30397
1.06,30329
1.06,30548
1.06,30524
1.06,29397
1.06,29299
1.06,30150
1.06,30006
1.06,30380
1.06,29638
1.06,29477
1.06,29269
1.06,29313
1.06,28123
1.06,27637
1.06,27814
1.06,27766
1.06,28385
1.06,28469
1.06,25568
1.06,25890
1.06,25679
1.06,25671
1.06,26657
1.06,26458
1.06,26635
1.06,26454
1.06,26673
1.06,26535
1.06,27475
1.06,27537
1.06,27202
1.06,27408
1.06,27313
1.06,26466
1.06,26448
1.06,26855
1.06,27442
1.06,26948
1.06,26363
1.06,26663
1.06,26705
1.06,27061
1.06,27456
1.06,27380
1.06,27790
1.06,28032
1.07,26671
1.07,26611
1.07,26614
1.07,26296
1.07,26831
1.07,26451
1.07,26493
1.07,26817
1.07,27411
1.07,27986
1.07,27900
1.07,27340
1.07,26930
1.07,26269
1.07,25962
1.07,26561
1.07,26465
1.07,26382
1.07,26317
1.07,26616
1.07,25843
1.07,25683
1.07,25735
1.07,25477
1.07,25218
1.07,24319
1.07,25542
1.07,25341
1.07,25756
1.07,25888
1.07,25928
1.07,27347
1.07,26917
1.07,26638
1.07,26781
1.07,27174
1.07,27474
1.07,27464
1.07,27653
1.07,27209
1.07,27543
1.08,27146
1.08,27207
1.08,27400
1.08,27401
1.08,27354
1.08,27555
1.08,27174
1.08,27108
1.08,27047
1.08,27133
1.08,26637
1.08,26166
1.08,25817
1.08,26232
1.08,25658
1.08,25821
1.08,25794
1.08,25970
1.08,26732
1.08,26855
1.08,26583
1.08,26900
1.08,26935
1.08,27151
1.08,26791
1.08,27827
1.08,28184
1.08,28112
1.08,28780
1.08,28428
1.08,28219
1.08,29008
1.08,28946
1.08,27859
1.08,27804
1.08,27582
1.08,27290
1.08,27307
1.08,27263
1.08,27835
1.09,28125
1.09,28549
1.09,28030
1.09,27798
1.09,27704
1.09,27997
1.09,27993
1.09,27743
1.09,27284
1.09,27307
1.09,28105
1.09,28718
1.09,29348
1.09,28475
1.09,28649
1.09,29086
1.09,29482
1.09,29341
1.09,29500
1.09,30676
1.09,30685
1.09,29454
1.09,28061
1.09,28025
1.09,28111
1.09,28250
1.09,28199
1.09,28760
1.09,28629
1.09,29203
1.09,29544
1.09,29310
1.09,30278
1.09,29446
1.09,29560
1.09,29468
1.09,29705
1.09,29293
1.09,29307
1.09,29119
1.09,29029
1.09,29156
1.10,29023
1.10,28230
1.10,28344
1.10,28155
1.10,28039
1.10,27798
1.10,28124
1.10,28169
1.10,27427
1.10,26965
1.10,26905
1.10,26327
1.10,26375
1.10,26985
1.10,26379
1.10,27149
1.10,27378
1.10,27273
1.10,26923
1.10,27091
1.10,26720
1.10,26794
1.10,26738
1.10,26693
1.10,25378
1.10,26322
1.10,27150
1.10,27806
1.10,28172
1.10,29140
1.10,30088
1.10,30107
1.10,29074
1.10,28329
1.10,28002
1.10,28034
1.10,27931
1.10,27897
1.10,27723
1.10,26948
1.10,26794
1.11,27072
1.11,27081
1.11,25968
1.11,25433
1.11,25481
1.11,26032
1.11,26163
1.11,26126
1.11,26107
1.11,27605
1.11,27396
1.11,27207
1.11,27007
1.11,26923
1.11,27403
1.11,27145
1.11,26425
1.11,27030
1.11,28164
1.11,27157
1.11,27147
1.11,26207
1.11,25475
1.11,25668
1.11,25912
1.11,26079
1.11,26183
1.11,25830
1.11,25862
1.11,25859
1.11,26067
1.11,25854
1.11,25822
1.11,26062
1.11,26041
1.11,26101
1.11,25924
1.11,25937
1.11,25709
1.11,25743
1.11,26053
1.11,25213
1.11,25378
1.12,25371
1.12,24607
1.12,24623
1.12,25340
1.12,25411
1.12,24899
1.12,24729
1.12,24684
1.12,25712
1.12,26452
1.12,27225
1.12,25987
1.12,26117
1.12,27630
1.12,27839
1.12,26976
1.12,27038
1.12,26971
1.12,26487
1.12,26423
1.12,26596
1.12,25827
1.12,25872
1.12,25966
1.12,25683
1.12,25193
1.12,25097
1.12,24972
1.12,25789
1.12,26642
1.12,26607
1.12,26961
1.12,26965
1.12,26875
1.13,27057
1.13,27190
1.13,27154
1.13,27622
1.13,27914
1.13,27834
1.13,27771
1.13,27535
1.13,27502
1.13,27816
1.13,27970
1.13,28303
1.13,27530
1.13,27238
1.13,26964
1.13,26707
1.13,26390
1.13,26564
1.13,26694
1.13,25395
1.13,25458
1.13,25267
1.13,24580
1.13,25629
1.13,24928
1.13,24996
1.13,25441
1.13,25213
1.13,25256
1.13,25133
1.13,25661
1.13,25879
1.13,26314
1.13,26349
1.13,26074
1.13,26089
1.13,26737
1.13,27029
1.13,27293
1.13,27001
1.14,27004
1.14,27169
1.14,27145
1.14,26363
1.14,26100
1.14,26155
1.14,26550
1.14,26844
1.14,26635
1.14,26883
1.14,26513
1.14,26343
1.14,26250
1.14,26145
1.14,26735
1.14,27108
1.14,26897
1.14,27000
1.14,27583
1.14,27406
1.14,27400
1.14,27912
1.14,27866
1.14,27757
1.14,28449
1.14,27077
1.14,27273
1.14,27408
1.14,26963
1.14,26995
1.14,27146
1.14,27165
1.14,27262
1.14,27482
1.14,27779
1.14,27624
1.14,27530
1.14,27514
1.14,27509
1.14,28517
1.14,28681
1.15,28040
1.15,27428
1.15,28445
1.15,28060
1.15,28127
1.15,28870
1.15,28591
1.15,28571
1.15,28730
1.15,28575
1.15,27585
1.15,27451
1.15,27236
1.15,27700
1.15,27394
1.15,27418
1.15,27467
1.15,26906
1.15,27980
1.15,27099
1.15,26903
1.15,26991
1.15,27175
1.15,27422
1.15,28171
1.15,28100
1.15,28743
1.15,29235
1.15,29201
1.15,30302
1.15,29966
1.15,29823
1.15,29513
1.15,29878
1.15,30272
1.15,30364
1.15,30137
1.15,29534
1.15,29883
1.15,30016
1.15,29927
1.15,30025
1.15,29854
1.15,29797
1.15,29260
1.16,28344
1.16,28507
1.16,27641
1.16,27195
1.16,27357
1.16,27147
1.16,27276
1.16,27269
1.16,27408
1.16,27815
1.16,27515
1.16,26887
1.16,27338
1.16,27293
1.16,27345
1.16,27432
1.16,27877
1.16,28025
1.16,27668
1.16,27404
1.16,27674
1.16,27345
1.16,27607
1.16,27635
1.16,25499
1.16,25919
1.16,26050
1.16,27055
1.16,27024
1.16,26668
1.16,26635
1.16,26620
1.16,26527
1.16,26920
1.16,26833
1.16,26933
1.16,27271
1.16,27003
1.16,26905
1.17,26910
1.17,27504
1.17,27519
1.17,27690
1.17,28439
1.17,28433
1.17,29135
1.17,29243
1.17,29221
1.17,29503
1.17,29510
1.17,29221
1.17,28966
1.17,28846
1.17,28987
1.17,28983
1.17,28332
1.17,27937
1.17,27972
1.17,27126
1.17,27046
1.17,26531
1.17,26601
1.17,26658
1.17,26708
1.17,26529
1.17,26578
1.17,27043
1.17,26574
1.17,26771
1.17,25782
1.17,25700
1.17,25627
1.17,25745
1.17,26675
1.17,26807
1.17,26800
1.17,26206
1.18,26108
1.18,26167
1.18,25912
1.18,25912
1.18,25758
1.18,25792
1.18,25637
1.18,25436
1.18,25704
1.18,25056
1.18,24950
1.18,24943
1.18,25221
1.18,25244
1.18,24176
1.18,23996
1.18,23311
1.18,23392
1.18,23240
1.18,23297
1.18,22769
1.18,23173
1.18,23063
1.18,23019
1.18,23150
1.18,23277
1.18,23112
1.18,23064
1.18,22988
1.18,22382
1.18,23216
1.18,23290
1.18,23057
1.18,23318
1.18,23451
1.18,23304
1.19,22891
1.19,22917
1.19,23030
1.19,22914
1.19,26019
1.19,25788
1.19,25484
1.19,25197
1.19,25275
1.19,25055
1.19,25276
1.19,25182
1.19,25334
1.19,25360
1.19,25199
1.19,25325
1.19,25142
1.19,25690
1.19,25062
1.19,25187
1.19,26068
1.19,26082
1.19,25196
1.19,25437
1.19,25460
1.19,25024
1.19,24330
1.19,24926
1.19,24069
1.19,24053
1.19,24803
1.19,25114
1.19,25184
1.20,25734
1.20,26483
1.20,26470
1.20,27058
1.20,27313
1.20,26650
1.20,26245
1.20,25811
1.20,25857
1.20,25628
1.20,25776
1.20,26310
1.20,26383
1.20,25813
1.20,26672
1.20,26138
1.20,26127
1.20,25746
1.20,25190
1.20,25093
1.20,25177
1.20,25310
1.20,23900
1.20,23823
1.20,23761
1.20,23965
1.20,24147
1.20,24924
1.20,25053
1.20,25210
1.20,25218
1.20,25199
1.20,24187
1.20,24170
1.20,24098
1.21,24116
1.21,23985
1.21,24915
1.21,24411
1.21,24050
1.21,24521
1.21,23619
1.21,23843
1.21,23859
1.21,24077
1.21,23603
1.21,22619
1.21,23802
1.21,23562
1.21,23558
1.21,24281
1.21,24653
1.21,24920
1.21,24746
1.21,24696
1.21,24870
1.21,24981
1.21,24713
1.21,23924
1.21,23798
1.21,23378
1.21,24302
1.21,24249
1.21,24181
1.21,24123
1.21,24167
1.21,24112
1.21,23952
1.21,24025
1.21,23957
1.21,25350
1.21,25498
1.21,25612
1.21,26218
1.21,26150
1.21,25824
1.22,26476
1.22,25681
1.22,25983
1.22,26109
1.22,25666
1.22,25469
1.22,25506
1.22,24973
1.22,24852
1.22,24621
1.22,24469
1.22,24317
1.22,24216
1.22,24491
1.22,24889
1.22,24854
1.22,25143
1.22,23907
1.22,23527
1.22,23266
1.22,23345
1.22,23342
1.22,23530
1.22,23324
1.22,23661
1.22,24350
1.22,24836
1.22,25263
1.22,25549
1.22,25864
1.22,26138
1.22,26432
1.22,26257
1.23,26274
1.23,26355
1.23,25685
1.23,24206
1.23,24501
1.23,24253
1.23,23873
1.23,23366
1.23,23637
1.23,23854
1.23,23820
1.23,23854
1.23,23801
1.23,23973
1.23,23986
1.23,24035
1.23,24420
1.23,24651
1.23,24727
1.23,24710
1.23,24041
1.23,23976
1.23,23758
1.23,23749
1.23,23144
1.23,23817
1.23,23160
1.23,22838
1.23,22811
1.23,23877
1.23,24338
1.23,24348
1.23,23557
1.23,23507
1.23,23852
1.23,23891
1.23,24052
1.23,24670
1.24,24659
1.24,24611
1.24,23746
1.24,23410
1.24,25931
1.24,26050
1.24,26032
1.24,26615
1.24,26514
1.24,26382
1.24,25578
1.24,25436
1.24,25254
1.24,25951
1.24,25112
1.24,25155
1.24,24549
1.24,24401
1.24,24254
1.24,24231
1.24,23756
1.24,24340
1.24,24335
1.24,24219
1.24,24035
1.24,23506
1.24,23363
1.24,23468
1.24,23494
1.24,23493
1.24,23443
1.24,23388
1.24,22898
1.24,22546
1.24,22758
1.24,23015
1.24,23338
1.25,23845
1.25,23815
1.25,24141
1.25,23033
1.25,23621
1.25,23778
1.25,23329
1.25,23640
1.25,22845
1.25,22328
1.25,22317
1.25,23182
1.25,23185
1.25,24574
1.25,24535
1.25,23799
1.25,23224
1.25,23258
1.25,22939
1.25,22951
1.25,22773
1.25,22399
1.25,22106
1.25,22241
1.25,22559
1.25,22240
1.26,21707
1.26,21651
1.26,21542
1.26,22273
1.26,21959
1.26,22440
1.26,22629
1.26,22329
1.26,22286
1.26,22243
1.26,22292
1.26,22503
1.26,22673
1.26,22245
1.26,22349
1.26,22598
1.26,22243
1.26,22406
1.26,22391
1.26,22997
1.26,22947
1.26,22418
1.26,22725
1.26,22766
1.26,22894
1.26,22812
1.26,22130
1.26,21872
1.26,21607
1.26,21758
1.26,22097
1.26,22245
1.26,22302
1.26,22301
1.27,22744
1.27,22611
1.27,22612
1.27,23097
1.27,22635
1.27,21785
1.27,21765
1.27,21524
1.27,21945
1.27,21743
1.27,22432
1.27,22272
1.27,22668
1.27,23041
1.27,23191
1.27,23051
1.27,23580
1.27,23457
1.27,23092
1.27,22955
1.27,22975
1.27,22919
1.27,22900
1.27,22984
1.27,23268
1.27,22917
1.27,22783
1.27,22142
1.27,21856
1.28,21773
1.28,21223
1.28,21000
1.28,22705
1.28,23524
1.28,23209
1.28,23375
1.28,23019
1.28,22801
1.28,22717
1.28,22889
1.28,23807
1.28,22605
1.28,22751
1.28,22770
1.28,22427
1.28,22602
1.28,22955
1.28,22811
1.28,22687
1.28,22522
1.28,22484
1.28,22327
1.28,22572
1.28,22535
1.28,22232
1.28,23237
1.28,22805
1.28,22565
1.29,22294
1.29,22105
1.29,22437
1.29,22289
1.29,22779
1.29,22499
1.29,22382
1.29,22449
1.29,22488
1.29,22373
1.29,22373
1.29,21834
1.29,21895
1.29,22011
1.29,22790
1.29,23417
1.29,22935
1.29,23336
1.29,23321
1.29,22952
1.29,23158
1.29,23001
1.29,23246
1.30,23467
1.30,22916
1.30,22935
1.30,22970
1.30,22182
1.30,22279
1.30,22637
1.30,22630
1.30,22817
1.30,23054
1.30,22985
1.30,22839
1.30,21843
1.30,21738
1.30,22546
1.30,22569
1.30,22592
1.30,22698
1.30,22674
1.30,22345
1.30,22338
1.30,22321
1.30,22765
1.30,23598
1.30,23396
1.30,22891
1.30,22914
1.31,22599
1.31,22619
1.31,22717
1.31,22245
1.31,22722
1.31,22667
1.31,22937
1.31,23088
1.31,22604
1.31,22746
1.31,22214
1.31,22334
1.31,22389
1.31,22581
1.31,22606
1.31,23383
1.31,24184
1.31,24430
1.31,24910
1.31,24615
1.31,24886
1.31,24425
1.31,24483
1.31,24546
1.31,25644
1.31,25128
1.31,25770
1.31,25364
1.31,25370
1.31,25731
1.31,26103
1.32,26289
1.32,26190
1.32,25856
1.32,25955
1.32,26092
1.32,25714
1.32,26235
1.32,26326
1.32,26614
1.32,26041
1.32,25932
1.32,24721
1.32,24894
1.32,24786
1.32,25074
1.32,25335
1.32,25333
1.32,25046
1.32,24998
1.32,25253
1.32,25227
1.32,25352
1.32,25729
1.32,25753
1.32,25971
1.32,25880
1.32,25727
1.32,25710
1.32,25474
1.32,25441
1.32,24621
1.32,24731
1.32,24154
1.32,25537
1.32,25630
1.32,25258
1.32,25380
1.32,25865
1.32,25692
1.32,25613
1.32,25258
1.33,25516
1.33,25999
1.33,25522
1.33,25728
1.33,25468
1.33,25786
1.33,25739
1.33,25196
1.33,25199
1.33,25702
1.33,25438
1.33,25270
1.33,25069
1.33,24058
1.33,23898
1.33,24558
1.33,24440
1.33,24726
1.33,24778
1.33,24319
1.33,24496
1.33,24094
1.33,24132
1.33,24192
1.33,24180
1.33,24771
1.33,25247
1.33,25459
1.33,25657
1.33,25827
1.33,25932
1.33,26329
1.33,26151
1.33,26114
1.33,26052
1.33,26082
1.33,25858
1.33,25835
1.34,25747
1.34,26421
1.34,26240
1.34,26069
1.34,25614
1.34,24647
1.34,25216
1.34,24928
1.34,24458
1.34,22503
1.34,21804
1.34,21956
1.34,21789
1.34,21954
1.34,21962
1.34,21980
1.34,21794
1.34,21941
1.34,21972
1.34,21885
1.34,22171
1.34,22112
1.34,22109
1.34,22203
1.34,22439
1.34,22510
1.34,22056
1.35,21847
1.35,21400
1.35,21082
1.35,20846
1.35,20713
1.35,22222
1.35,22444
1.35,22896
1.35,22938
1.35,23097
1.35,23067
1.35,22914
1.35,22925
1.35,22925
1.35,22687
1.35,22851
1.35,22888
1.35,22581
1.35,22372
1.35,22317
1.35,22601
1.35,22769
1.35,22629
1.35,22710
1.35,22718
1.35,22746
1.35,22603
1.35,22038
1.35,22892
1.35,22628
1.35,22513
1.35,23222
1.36,23101
1.36,22950
1.36,22876
1.36,22524
1.36,22518
1.36,22483
1.36,22713
1.36,22472
1.36,22692
1.36,22644
1.36,22944
1.36,22671
1.36,22802
1.36,23190
1.36,23059
1.36,22776
1.36,22283
1.36,22364
1.36,22642
1.36,22947
1.36,23127
1.36,23145
1.36,23335
1.36,23701
1.37,22664
1.37,22559
1.37,22597
1.37,22579
1.37,23204
1.37,23067
1.37,23089
1.37,22211
1.37,21808
1.37,21793
1.37,21622
1.37,20897
1.37,20864
1.37,21130
1.37,21544
1.37,21804
1.37,21670
1.37,21524
1.37,21728
1.37,21762
1.37,21933
1.37,22256
1.37,22086
1.37,21890
1.37,21828
1.37,21770
1.37,21819
1.38,21911
1.38,21974
1.38,21940
1.38,22097
1.38,22069
1.38,21591
1.38,21881
1.38,21511
1.38,21347
1.38,21662
1.38,21814
1.38,21857
1.38,21603
1.38,21639
1.38,21553
1.38,21542
1.38,20045
1.38,20603
1.38,20731
1.38,20778
1.38,21167
1.39,21185
1.39,21176
1.39,21160
1.39,21065
1.39,22238
1.39,22286
1.39,22385
1.39,22177
1.39,22231
1.39,22195
1.39,22306
1.39,22338
1.39,21992
1.39,22049
1.39,22037
1.39,22088
1.39,21828
1.39,22877
1.39,22905
1.39,22816
1.39,22800
1.39,21854
1.39,21930
1.39,20941
1.39,20739
1.39,21008
1.39,21403
1.39,21564
1.39,20312
1.39,19798
1.39,19757
1.39,20414
1.39,20760
1.39,20759
1.40,20719
1.40,20591
1.40,20582
1.40,20589
1.40,20968
1.40,20981
1.40,21202
1.40,21044
1.40,20762
1.40,21580
1.40,20872
1.40,20950
1.40,21106
1.40,21139
1.40,21069
1.40,19920
1.40,19917
1.40,19749
1.40,19639
1.40,19698
1.40,19952
1.40,19581
1.40,19577
1.40,20239
1.40,20251
1.40,19627
1.41,18772
1.41,18654
1.41,18747
1.41,18982
1.41,18816
1.41,18973
1.41,19062
1.41,19240
1.41,19128
1.41,19120
1.41,19664
1.41,19611
1.41,19705
1.41,19707
1.41,19656
1.41,19506
1.41,20310
1.41,20190
1.42,21122
1.42,20458
1.42,21270
1.42,21129
1.42,21214
1.42,21307
1.42,21815
1.42,20411
1.42,20437
1.42,20184
1.42,20177
1.42,20248
1.42,20564
1.42,20633
1.42,20817
1.42,20386
1.42,20387
1.42,20316
1.42,20060
1.42,21153
1.42,21027
1.42,20880
1.42,21095
1.43,21334
1.43,20331
1.43,20637
1.43,20842
1.43,20619
1.43,21094
1.43,20845
1.43,21485
1.43,21296
1.43,21129
1.43,21144
1.43,20958
1.43,20764
1.43,21221
1.43,21331
1.43,21497
1.43,21376
1.43,21236
1.43,21163
1.43,20647
1.44,21005
1.44,21106
1.44,20819
1.44,20776
1.44,21330
1.44,21609
1.44,21432
1.44,21137
1.44,20939
1.44,20914
1.44,21557
1.44,21365
1.44,21378
1.44,20901
1.44,21099
1.44,21294
1.44,20864
1.44,20740
1.44,20751
1.45,20763
1.45,21505
1.45,21526
1.45,21691
1.45,22085
1.45,22265
1.45,22542
1.45,22428
1.45,22394
1.45,22587
1.45,22689
1.45,22953
1.45,22299
1.45,22381
1.45,21968
1.45,22499
1.45,22410
1.45,22524
1.45,22705
1.45,22034
1.45,21386
1.45,21404
1.45,21584
1.45,21186
1.45,21073
1.45,20931
1.45,20450
1.46,20275
1.46,20682
1.46,20686
1.46,20028
1.46,20467
1.46,21301
1.46,21651
1.46,21681
1.46,21437
1.46,21109
1.46,21211
1.46,20781
1.46,20528
1.46,21135
1.46,20759
1.46,20734
1.46,20760
1.46,20955
1.46,21064
1.46,21011
1.46,21315
1.46,22103
1.46,22196
1.46,22215
1.46,22182
1.47,22125
1.47,22172
1.47,22948
1.47,23006
1.47,22717
1.47,22001
1.47,21092
1.47,20242
1.47,19533
1.47,19314
1.47,19113
1.47,19047
1.47,18891
1.47,18885
1.47,19043
1.47,19300
1.47,19215
1.47,19335
1.48,19527
1.48,19422
1.48,19096
1.48,19156
1.48,19230
1.48,19643
1.48,19517
1.48,19570
1.48,19587
1.48,19713
1.48,19755
1.48,18719
1.49,18010
1.49,18176
1.49,18166
1.49,17902
1.49,17969
1.49,18257
1.49,18305
1.49,18592
1.49,18805
1.49,19028
1.49,19015
1.49,18491
1.49,18498
1.49,18274
1.49,17823
1.49,18274
1.49,18548
1.49,18483
1.49,18802
1.50,18812
1.50,18076
1.50,18832
1.50,18840
1.50,18876
1.50,18694
1.50,18785
1.50,18760
1.50,18736
1.50,19077
1.50,18811
1.51,19048
1.51,19283
1.51,19306
1.51,19402
1.51,19285
1.51,19688
1.51,20373
1.51,20375
1.51,20388
1.51,20402
1.51,20270
1.51,20284
1.51,20151
1.51,20422
1.51,20536
1.51,20452
1.51,20606
1.51,20520
1.51,20519
1.51,20989
1.51,20990
1.51,20894
1.51,20881
1.52,20973
1.52,20064
1.52,20137
1.52,20134
1.52,20130
1.52,20110
1.52,19430
1.52,19721
1.52,19999
1.52,19971
1.52,20068
1.52,19950
1.52,19933
1.52,19648
1.52,19416
1.52,19464
1.53,19336
1.53,19109
1.53,19372
1.53,19578
1.53,20082
1.53,20437
1.53,20174
1.53,20140
1.53,20146
1.53,20172
1.53,20320
1.53,20475
1.54,20304
1.54,20228
1.54,20606
1.54,20799
1.54,20758
1.54,20653
1.54,20919
1.54,21042
1.54,20953
1.54,21094
1.54,20697
1.54,20867
1.54,20892
1.54,20731
1.54,21022
1.54,20881
1.55,20383
1.55,20709
1.55,20889
1.55,20771
1.55,21323
1.55,21338
1.55,21085
1.55,21034
1.55,20756
1.55,20627
1.55,20847
1.55,20890
1.55,20810
1.55,20762
1.55,20641
1.55,20436
1.55,20452
1.55,20506
1.55,20505
1.55,20793
1.56,20539
1.56,20118
1.56,19968
1.56,19630
1.56,18963
1.56,18562
1.56,18671
1.56,18694
1.56,18610
1.56,18593
1.56,18591
1.56,18599
1.56,18797
1.56,19208
1.56,18926
1.57,19002
1.57,19027
1.57,19521
1.57,19703
1.57,19693
1.57,19823
1.57,19926
1.57,19834
1.57,19928
1.57,20033
1.57,19913
1.57,20267
1.57,20024
1.57,20164
1.58,19883
1.58,19670
1.58,19343
1.58,19242
1.58,19272
1.58,18570
1.58,18800
1.58,19328
1.58,19242
1.58,18855
1.58,18649
1.58,18722
1.58,18550
1.58,18589
1.58,18654
1.58,18795
1.58,18716
1.59,18596
1.59,19217
1.59,19205
1.59,19189
1.59,19314
1.59,19770
1.59,19763
1.59,20299
1.59,20315
1.59,20272
1.59,20289
1.59,20053
1.59,19826
1.59,19881
1.60,19982
1.60,19317
1.60,19357
1.60,18694
1.60,19029
1.60,19038
1.60,19199
1.60,19102
1.60,18785
1.60,17897
1.60,17828
1.60,17697
1.60,17457
1.61,17264
1.61,17701
1.61,17994
1.61,17571
1.61,17560
1.61,17754
1.61,17515
1.62,17497
1.62,17672
1.62,17517
1.62,17838
1.62,18272
1.62,18154
1.62,17835
1.62,17738
1.62,17898
1.63,17865
1.63,17902
1.63,18139
1.63,17304
1.63,17136
1.63,17464
1.63,17455
1.63,17229
1.63,17244
1.63,17414
1.63,17533
1.63,17654
1.63,17658
1.63,17496
1.63,17330
1.64,17160
1.64,16994
1.64,17034
1.64,17057
1.64,16772
1.64,16595
1.64,16492
1.64,16675
1.64,16916
1.65,16738
1.65,16678
1.65,16606
1.65,16621
1.65,16785
1.65,16547
1.65,16721
1.65,16772
1.66,16785
1.66,16273
1.66,16500
1.66,16323
1.66,16252
1.66,16216
1.66,16209
1.66,16142
1.66,16162
1.67,16571
1.67,16430
1.67,16530
1.67,16713
1.67,16518
1.67,16555
1.68,16541
1.68,17024
1.68,16957
1.68,16971
1.68,16444
1.68,16076
1.68,16078
1.68,16059
1.68,16086
1.68,16492
1.68,16442
1.68,16758
1.68,16524
1.68,16742
1.69,16859
1.69,16849
1.69,17083
1.69,17143
1.69,17042
1.69,16946
1.69,16881
1.69,16909
1.69,17041
1.69,17133
1.69,17827
1.69,18130
1.70,18107
1.70,18250
1.70,18321
1.70,17947
1.70,17908
1.70,17773
1.70,17678
1.70,17491
1.70,16859
1.70,16965
1.70,16940
1.70,17204
1.70,17005
1.70,17013
1.70,17193
1.70,17367
1.71,17238
1.71,17217
1.71,17232
1.71,17106
1.71,16514
1.71,16477
1.71,16466
1.71,16182
1.71,16087
1.72,16153
1.72,15883
1.72,15742
1.72,15818
1.72,15832
1.72,15869
1.72,15803
1.72,16012
1.72,15973
1.72,15882
1.73,16338
1.73,16300
1.73,16209
1.73,16291
1.73,15957
1.73,16263
1.73,16102
1.73,15906
1.73,15894
1.74,15888
1.74,15989
1.74,16029
1.75,16116
1.75,16132
1.75,16093
1.75,16089
1.75,16167
1.75,16122
1.75,16412
1.75,16397
1.75,16358
1.75,16454
1.75,16407
1.75,16294
1.75,16211
1.75,16130
1.75,16134
1.75,16359
1.75,16379
1.76,16625
1.76,16725
1.76,16661
1.76,16682
1.76,16484
1.76,16186
1.76,16254
1.76,16305
1.77,15873
1.77,15936
1.77,15909
1.77,15806
1.78,16000
1.78,16001
1.78,15855
1.78,16015
1.78,16095
1.78,15758
1.78,15622
1.78,15504
1.79,15311
1.79,15243
1.79,15785
1.79,15803
1.79,15005
1.79,15027
1.79,15234
1.79,15365
1.79,15297
1.80,15327
1.80,15645
1.80,15371
1.80,15346
1.80,15250
1.80,15259
1.81,15279
1.81,15079
1.81,14791
1.81,15168
1.81,15122
1.81,14849
1.81,14888
1.82,14599
1.82,14554
1.82,14586
1.82,14700
1.82,14734
1.83,14780
1.83,14411
1.83,14405
1.83,14620
1.83,14363
1.84,14356
1.84,14488
1.84,14427
1.85,14500
1.85,14412
1.86,14243
1.86,14102
1.86,13902
1.86,13964
1.86,14129
1.86,14103
1.87,14128
1.87,14149
1.87,14267
1.87,14075
1.87,14061
1.88,14090
1.88,14114
1.89,14104
1.89,14140
1.89,14217
1.89,14112
1.89,14246
1.89,14141
1.89,13795
1.89,13998
1.90,14020
1.90,13918
1.91,13947
1.91,13800
1.91,13628
1.91,13619
1.91,14051
1.91,14044
1.91,14235
1.91,14071
1.91,14096
1.91,14044
1.91,14081
1.92,14023
1.92,14022
1.92,13933
1.92,13995
1.92,13935
1.93,13768
1.93,13842
1.93,13715
1.93,13852
1.93,13939
1.93,13709
1.94,13626
1.94,13545
1.94,13457
1.94,13430
1.94,13400
1.95,13408
1.95,13555
1.95,13458
1.95,13400
1.95,13391
1.95,13347
1.95,13430
1.95,13287
1.95,13297
1.96,13278
1.96,13271
1.96,13322
1.97,13239
1.97,12993
1.97,12651
1.98,12645
1.98,12670
1.98,12781
1.98,12677
1.99,12566
1.99,12466
1.99,12523
1.99,12583
1.99,12625
2.00,12663
2.00,12678
2.00,12606
2.01,12605
2.01,12692
2.01,12804
2.01,12637
2.01,12579
2.02,12537
2.02,12467
2.02,12438
2.03,12403
2.03,12483
2.03,12527
2.03,12561
2.03,12143
2.04,12121
2.04,12192
2.05,11879
2.05,11897
2.05,11956
2.06,11816
2.07,11729
2.07,11875
2.07,11866
2.08,11858
2.08,12010
2.08,11939
2.09,11971
2.09,12064
2.09,11916
2.10,11750
2.11,11605
2.11,11337
2.11,11345
2.12,11368
2.13,11358
2.14,11212
2.14,11216
2.14,11208
2.14,11212
2.15,11208
2.15,11235
2.15,11366
2.16,11362
2.17,11370
2.17,11359
2.17,11333
2.18,11359
2.18,11322
2.18,11363
2.19,11327
2.20,11249
2.20,11264
2.20,11284
2.20,11197
2.21,11259
2.21,11252
2.23,11226
2.23,11231
2.24,11244
2.24,11236
2.25,11190
2.25,11202
2.26,11193
2.26,11097
2.26,11041
2.26,11029
2.26,11025
2.26,10999
2.27,10918
2.28,10813
2.28,10828
2.29,10816
2.29,10889
2.29,10897
2.30,10972
2.30,10962
2.32,10875
2.32,10854
2.33,10843
2.33,10863
2.33,10882
2.33,10904
2.33,10895
2.33,10842
2.34,10862
2.34,10921
2.35,10988
2.35,11016
2.36,10983
2.36,10991
2.36,11056
2.36,10976
2.36,10990
2.37,10966
2.37,10847
2.37,10829
2.39,10806
2.41,10781
2.44,10780
2.46,10806
2.46,10820
2.46,10823
2.47,10862
2.47,10829
2.47,10816
2.49,10769
2.49,10761
2.50,10596
2.51,10559
2.52,10594
2.52,10580
2.53,10588
2.54,10570
2.55,10577
2.56,10578
2.56,10570
2.58,10576
2.60,10533
2.60,10526
2.61,10512
2.61,10490
2.61,10466
2.63,10292
2.64,10292
2.68,10302
2.72,10257
2.72,10271
2.76,10262
2.78,10159
2.78,10098
2.79,10086
2.79,10092
2.82,10091
2.82,10099
2.87,10099
2.89,9974
2.89,9975
2.92,9933
2.96,9930
2.98,9929
2.99,9914
3.06,9897
3.07,9903
3.14,9910
3.16,9904
3.18,9881
3.28,9874
3.35,9874
3.48,9874
