0.31,2421011
0.33,2326269
0.40,2311594
0.44,2235465
0.46,2226151
0.50,2224637
0.52,2181241
0.54,2152076
0.56,2077749
0.66,2027174
0.71,1940946
0.73,1890924
0.84,1855773
0.86,1850880
0.93,1809817
0.95,1778898
0.96,1762968
1.01,1699501
1.03,1698716
1.05,1671870
1.07,1661007
1.15,1586101
1.17,1575971
1.23,1568712
1.25,1564436
1.29,1547688
1.33,1504651
1.46,1493649
1.52,1493499
1.56,1488812
1.62,1467369
1.66,1459162
1.72,1435967
1.78,1366201
1.98,1325665
2.09,1318769
2.24,1292698
2.37,1184769
3.14,1182887
3.39,1172141
3.54,1142799
3.76,1141699
4.01,1135746
4.18,1133897
4.44,1128890
4.64,1127959
4.90,1122272
4.96,1121763
4.98,1110601
5.00,1101210
5.10,1083249
5.51,1083021
5.95,1080584
5.98,1076658
6.05,1063204
6.08,1056661
6.79,1028163
6.89,1014821
7.14,1011528
7.17,999627
7.19,982307
7.27,967113
8.29,963355
8.99,949095
9.62,937218
9.76,937008
10.69,935908
11.16,912924
12.54,906381
14.17,903653
