0.22,2230326
0.28,2147596
0.30,2141138
0.33,2117148
0.34,2051566
0.36,1984793
0.40,1855535
0.48,1849288
0.52,1799909
0.60,1755133
0.61,1736399
0.63,1687046
0.64,1684883
0.69,1656051
0.74,1653123
0.77,1601679
0.78,1598026
0.84,1586729
0.86,1505576
1.00,1494074
1.03,1441072
1.08,1418944
1.16,1360743
1.31,1333126
1.39,1331647
1.41,1328109
1.47,1326022
1.48,1325677
1.50,1316344
1.51,1315196
1.53,1295437
1.56,1253839
1.63,1248089
1.66,1209372
1.68,1205753
1.71,1149342
1.82,1133790
1.88,1120944
2.00,1101651
2.14,1099814
2.28,1096375
2.32,1063907
2.43,1057502
2.55,1054005
2.67,1050209
2.78,1042466
3.11,1035575
3.14,1027228
3.27,1016327
3.29,1010806
3.37,1009577
3.60,1002860
3.78,1001414
3.84,1001233
3.86,1000377
3.91,985008
4.38,975666
4.60,973171
4.64,972315
4.67,970699
5.00,962890
5.41,958353
5.75,958174
5.94,958165
6.19,955893
6.49,953693
6.82,952593
8.39,952314
9.92,945590
11.37,943567
11.99,943548
13.57,940930
13.65,938703
14.45,938487
14.75,936854
14.89,933748
