0.30,2449492
0.32,2376467
0.34,2354573
0.35,2324102
0.37,2234331
0.38,2220026
0.40,2088685
0.42,1895511
0.43,1865054
0.45,1822231
0.49,1796994
0.55,1793491
0.59,1771919
0.60,1746339
0.63,1703787
0.68,1694620
0.69,1640465
0.73,1617825
0.81,1608502
0.82,1600282
0.86,1531695
1.02,1527783
1.12,1500300
1.16,1464158
1.23,1446273
1.26,1430482
1.31,1429396
1.37,1366929
1.51,1350000
1.56,1343372
1.62,1340798
1.65,1322190
1.67,1296478
1.74,1275734
1.84,1265354
1.85,1251955
2.05,1189092
2.17,1177230
2.28,1164286
2.43,1146105
2.45,1140632
2.60,1124505
2.63,1119865
2.69,1101434
3.11,1096085
3.14,1089855
3.16,1079779
3.24,1067766
3.51,1057329
3.66,1049950
3.79,1045552
3.82,1044543
3.88,1015942
4.09,1007044
4.18,1006233
4.49,999654
4.73,980810
5.09,975100
5.33,973442
5.52,966631
5.72,966087
5.92,959276
8.34,958153
8.64,955886
10.08,952502
10.50,950811
10.75,950110
10.76,949559
11.06,944651
11.33,943950
12.02,941121
12.47,940021
