0.22,2412396
0.23,2322268
0.26,2216822
0.28,2079266
0.32,1950561
0.34,1949638
0.36,1916157
0.38,1892285
0.44,1882823
0.47,1829200
0.48,1780086
0.51,1742738
0.56,1671813
0.57,1654371
0.69,1619209
0.78,1587805
0.79,1576066
0.85,1565356
0.87,1552495
0.88,1522164
0.94,1511305
0.95,1507117
1.01,1474843
1.06,1451155
1.07,1392665
1.10,1379308
1.25,1372967
1.28,1329897
1.36,1320632
1.37,1302772
1.42,1298805
1.43,1238533
1.58,1212305
1.68,1185051
1.70,1137883
1.85,1121259
2.04,1116862
2.08,1108693
2.11,1102002
2.15,1067141
2.27,1048347
2.29,1021904
2.49,1013758
2.61,1003422
2.77,999524
3.00,992331
3.02,989188
3.37,989109
3.55,968471
3.75,968148
3.81,966125
4.00,962145
4.29,961578
4.62,956345
4.94,954159
5.07,952462
5.22,948359
5.25,942399
5.38,940702
5.76,932999
5.84,923149
6.13,920622
6.35,920022
6.47,918928
6.79,918882
6.99,918774
7.63,917549
7.67,916541
7.99,915477
8.63,913277
8.81,911833
8.95,911044
9.05,908803
9.65,906570
10.90,906360
13.28,906019
