0.21,3069012
0.21,3068513
0.21,3054500
0.21,3037178
0.21,2871475
0.21,2820632
0.21,2731047
0.21,2730083
0.21,2642255
0.21,2641241
0.21,2646285
0.21,2632393
0.21,2588947
0.21,2570959
0.21,2512964
0.21,2493412
0.21,2500536
0.21,2491578
0.21,2434921
0.21,2401505
0.21,2404736
0.21,2374880
0.21,2383413
0.21,2388275
0.21,2393675
0.21,2385658
0.21,2324101
0.21,2328809
0.21,2286698
0.21,2272776
0.21,2181372
0.21,2115608
0.21,2044575
0.22,2046374
0.22,2037520
0.22,2014586
0.22,1988281
0.22,1950274
0.22,1933826
0.22,1932251
0.22,1949467
0.22,1956242
0.22,1947456
0.22,1934950
0.22,1883999
0.22,1873831
0.22,1865616
0.23,1856915
0.23,1770801
0.23,1773191
0.23,1738505
0.23,1733398
0.23,1704917
0.23,1704910
0.23,1708995
0.23,1708951
0.24,1702717
0.24,1706981
0.24,1702415
0.24,1681428
0.24,1684566
0.24,1676082
0.25,1678369
0.25,1679995
0.25,1681021
0.25,1683330
0.25,1685361
0.25,1650235
0.25,1638746
0.25,1633854
0.25,1631293
0.25,1615068
0.26,1613628
0.26,1587151
0.26,1585051
0.26,1585189
0.26,1582616
0.26,1568823
0.26,1564780
0.26,1548905
0.26,1597514
0.26,1585112
0.26,1535662
0.26,1536035
0.27,1543512
0.27,1541120
0.27,1538818
0.27,1514771
0.27,1518832
0.27,1520285
0.27,1496220
0.27,1495290
0.28,1490873
0.28,1492423
0.28,1496840
0.28,1502233
0.28,1505446
0.28,1499723
0.29,1492674
0.29,1495750
0.29,1496211
0.29,1490417
0.29,1494926
0.29,1494155
0.29,1496716
0.29,1482151
0.29,1479965
0.29,1472457
0.30,1470123
0.30,1488456
0.30,1487651
0.30,1476964
0.30,1467052
0.30,1462987
0.31,1463972
0.31,1478953
0.31,1479475
0.31,1489491
0.31,1488802
0.31,1486718
0.31,1481170
0.31,1466637
0.31,1465614
0.32,1396587
0.32,1403794
0.32,1410920
0.32,1401027
0.32,1402655
0.32,1391213
0.32,1385487
0.32,1378361
0.32,1333720
0.33,1281410
0.33,1298017
0.33,1269187
0.33,1257181
0.33,1263057
0.33,1268165
0.34,1250389
0.34,1250209
0.34,1250980
0.34,1249667
0.34,1233824
0.34,1230287
0.34,1234253
0.34,1247558
0.34,1248905
0.35,1214269
0.35,1210303
0.35,1203966
0.35,1194176
0.36,1191141
0.37,1196284
0.37,1205198
0.38,1219617
0.38,1215142
0.38,1205560
0.39,1207850
0.39,1210885
0.39,1211880
0.39,1202803
0.40,1209635
0.40,1208640
0.40,1205730
0.40,1195662
0.42,1196731
0.42,1195241
0.42,1199207
0.43,1197549
0.43,1187133
0.43,1186611
0.43,1184151
0.43,1178641
0.44,1179163
0.44,1182520
0.44,1188095
0.45,1181577
0.45,1188095
0.45,1198358
0.46,1199047
0.46,1192134
0.46,1216450
0.46,1203305
0.46,1196588
0.47,1175247
0.48,1159022
0.48,1157967
0.49,1157556
0.49,1137260
0.49,1130096
0.49,1125068
0.49,1128838
0.49,1128547
0.50,1142374
0.50,1141910
0.50,1136072
0.51,1118375
0.51,1119528
0.51,1123440
0.52,1126807
0.53,1126512
0.53,1126305
0.54,1126034
0.54,1127794
0.55,1121080
0.56,1121040
0.56,1113046
0.56,1098248
0.57,1094360
0.57,1099671
0.57,1090532
0.57,1082176
0.58,1088828
0.58,1075754
0.59,1070443
0.59,1068243
0.60,1067287
0.61,1060635
0.62,1061523
0.63,1065151
0.65,1064849
0.66,1057068
0.66,1056978
0.68,1057280
0.68,1057764
0.70,1057462
0.70,1057764
0.70,1059964
0.71,1060054
0.71,1059964
0.71,1053825
0.72,1052831
0.73,1052752
0.73,1049873
0.75,1049963
0.76,1041920
0.77,1027718
0.80,1030669
0.81,1022626
0.82,1019623
0.82,1019533
0.83,1019623
0.86,1009020
0.94,1002871
0.95,998166
0.96,995966
0.96,996517
1.03,993367
1.03,986078
1.05,986788
1.11,986479
1.23,985928
1.25,985218
