0.34,2337823
0.37,2319411
0.39,2200936
0.42,2182041
0.45,1976098
0.50,1961019
0.54,1915089
0.56,1909331
0.59,1896707
0.62,1852993
0.64,1780984
0.67,1777291
0.68,1732182
0.75,1725909
0.83,1712917
0.86,1641194
0.93,1550339
1.02,1532733
1.05,1503087
1.22,1479193
1.31,1404840
1.40,1346764
1.51,1345212
1.52,1318372
1.57,1318061
1.69,1265688
1.75,1256751
1.86,1255978
1.92,1234576
2.03,1229369
2.05,1157000
2.31,1147255
2.49,1147094
2.60,1122547
2.85,1068200
3.79,1052683
4.76,1051723
5.18,1039422
5.64,1039155
5.73,1028121
5.77,1018949
5.94,1015380
6.11,984865
7.00,980172
8.78,979719
9.38,975811
9.55,972699
9.97,971879
10.06,968767
10.36,967817
10.40,952948
