0.36,2370737
0.40,2349050
0.41,2285763
0.44,2259851
0.46,2172850
0.50,2121077
0.51,2034129
0.53,1977306
0.62,1940152
0.66,1916065
0.67,1915403
0.69,1865699
0.70,1839845
0.73,1807489
0.78,1724335
0.80,1714115
0.82,1693765
0.85,1657971
0.94,1605431
1.00,1601433
1.02,1540488
1.05,1421563
1.21,1381635
1.27,1356981
1.49,1350326
1.55,1344402
1.68,1327217
1.72,1308431
1.85,1284720
1.89,1260668
2.07,1249011
2.15,1245844
2.24,1241767
2.25,1237076
2.27,1226808
2.31,1223723
2.33,1210058
2.55,1194756
2.66,1175840
2.74,1166244
2.77,1159075
2.94,1151067
3.00,1140548
3.10,1133170
3.18,1127041
3.25,1119538
3.49,1119531
3.52,1115274
3.58,1112164
3.75,1108774
3.79,1107900
3.81,1103228
4.06,1080254
4.55,1074838
4.57,1071926
4.62,1064712
5.21,1064665
5.33,1043015
5.38,1033022
5.52,1029003
5.71,1011791
5.87,1004691
5.88,995646
6.07,990831
6.13,983284
6.30,976094
6.48,975450
6.68,974743
7.07,973287
7.13,968199
7.22,962173
8.30,954525
10.79,944735
11.25,943202
11.33,942855
13.13,932373
15.70,930493
