0.38,2400927
0.40,2320875
0.41,2285831
0.43,2254741
0.47,2104241
0.52,2102996
0.55,2023644
0.60,1912583
0.64,1790905
0.66,1764788
0.67,1747793
0.70,1673453
0.78,1666022
0.84,1635705
0.87,1625734
0.96,1561349
1.01,1553009
1.12,1535895
1.15,1530803
1.16,1497435
1.24,1488539
1.25,1467688
1.30,1417910
1.36,1396486
1.38,1386094
1.41,1373012
1.49,1345412
1.61,1332046
1.66,1312370
1.74,1280958
1.91,1280376
1.96,1275085
1.99,1265979
2.03,1260278
2.05,1243675
2.06,1224882
2.08,1207100
2.38,1184307
2.68,1166329
2.77,1155513
2.81,1130781
2.89,1128155
2.95,1122065
3.13,1118437
3.20,1099258
3.40,1098305
3.49,1086994
3.78,1081209
3.83,1080256
3.92,1077728
3.96,1028623
4.17,1015300
4.22,1015237
4.24,1008451
4.43,1003141
4.50,1000460
4.55,984870
4.68,980292
4.78,964702
4.97,959875
5.02,957582
5.18,954394
5.27,949747
5.52,949741
5.59,942277
5.71,940527
5.80,928848
7.13,927505
7.31,905497
8.02,905150
8.10,903933
9.58,903504
