0.23,2397555
0.25,2378894
0.27,2285016
0.29,2283273
0.31,2037291
0.43,1985731
0.47,1966105
0.49,1931925
0.51,1902735
0.54,1820028
0.56,1721920
0.62,1714100
0.68,1705609
0.70,1640117
0.72,1623956
0.74,1615602
0.86,1614367
0.88,1580973
1.02,1495528
1.11,1492316
1.25,1486565
1.29,1481146
1.31,1439415
1.52,1394969
1.58,1393868
1.60,1367648
1.76,1353542
1.84,1342775
1.88,1330282
1.99,1303087
2.03,1283446
2.13,1278244
2.23,1268125
2.24,1254208
2.26,1229134
2.38,1225401
2.47,1222177
2.48,1189884
2.56,1165692
2.80,1154323
2.87,1148254
2.89,1135354
2.90,1132242
2.92,1116817
3.09,1114875
3.15,1112048
3.18,1105651
3.20,1056822
3.51,1041168
3.66,1036356
3.67,1026318
3.70,1022555
3.75,1020549
3.78,1012765
3.84,1002765
3.94,998105
4.19,996805
4.29,990120
4.49,971705
5.18,959556
5.33,954413
5.45,954188
5.67,949045
5.75,931204
5.87,926061
6.16,923861
6.74,922696
7.72,922486
9.91,921064
