0.27,2317605
0.32,2153016
0.40,2138689
0.42,2103768
0.45,2048787
0.47,1881056
0.58,1823809
0.66,1782926
0.70,1776089
0.74,1759800
0.75,1701000
0.83,1561611
0.96,1548163
1.00,1546641
1.02,1482946
1.05,1460941
1.12,1426675
1.15,1413703
1.16,1389419
1.24,1354684
1.26,1334871
1.29,1290749
1.40,1278312
1.43,1260753
1.51,1259906
1.54,1254432
1.57,1198949
1.68,1195991
1.70,1182712
1.73,1178648
1.74,1169840
1.79,1167060
1.84,1156129
1.87,1149695
1.88,1125347
1.90,1123418
1.93,1119153
2.01,1117192
2.08,1100945
2.13,1091994
2.81,1083259
2.83,1071186
3.17,1042082
3.39,1034209
3.46,1031345
3.77,1029855
3.84,1013874
3.98,1008191
4.08,1004458
4.68,996855
4.87,991491
5.74,987866
5.99,980544
6.05,972756
7.37,972016
9.21,971839
9.53,971787
10.09,960550
