0.33,2363623
0.35,2246843
0.40,2194892
0.48,2157280
0.53,2144372
0.55,2108760
0.58,2107476
0.60,1952826
0.71,1945579
0.77,1910974
0.82,1847340
0.88,1845665
0.98,1764690
1.00,1749614
1.03,1665812
1.10,1649758
1.19,1646681
1.20,1618807
1.26,1614116
1.28,1517139
1.40,1511278
1.41,1440589
1.64,1440217
1.86,1398276
2.03,1376397
2.12,1365712
2.40,1363921
2.45,1316493
2.66,1315053
2.84,1301641
2.94,1292664
3.09,1271227
3.17,1268120
3.20,1209686
3.43,1200058
3.63,1174335
3.72,1173194
3.86,1158663
3.95,1131915
4.00,1125916
4.11,1095642
4.29,1074566
4.46,1072416
4.50,1050506
4.62,1037201
4.88,1014729
5.24,1010547
5.32,1000887
5.72,987713
6.19,980065
6.87,970740
7.24,970436
7.96,970245
8.39,968674
8.69,967125
9.07,965363
9.20,960938
9.53,959363
10.69,958134
12.99,954938
