0.30,186207
0.32,181687
0.34,180613
0.36,176443
0.42,171359
0.46,163614
0.53,158002
0.57,151643
0.66,148883
0.68,145884
0.74,143435
0.76,138146
0.85,135823
0.87,133114
0.91,132940
1.06,130635
1.07,128623
1.13,128171
1.17,125990
1.19,122437
1.36,120175
1.45,116516
1.53,111782
1.59,110253
1.79,107606
1.81,106692
1.91,103821
2.09,102067
2.11,101986
2.14,100723
2.16,99867
2.19,98895
2.24,96626
2.42,95278
2.44,95085
2.50,93798
2.53,92660
2.61,92656
2.62,92030
2.64,90496
2.74,89790
2.81,89584
2.98,86868
3.12,85685
3.14,84288
3.30,84016
3.34,82247
3.43,81795
3.45,79921
3.56,79361
3.74,77267
3.99,76185
4.03,76073
4.10,74549
4.22,74348
4.33,73693
4.45,73299
4.50,73243
4.65,72643
4.76,72222
4.87,71438
4.94,70804
5.01,70290
5.27,69991
5.32,69938
5.38,69782
5.50,69126
5.72,69067
5.74,68719
5.83,68507
5.90,68239
6.31,68058
6.81,67586
7.10,66528
7.82,66065
8.79,65874
8.98,65797
9.34,65723
9.47,65295
9.50,64391
9.76,64351
9.87,63857
10.11,63809
10.20,63564
10.43,63492
10.57,63136
10.68,63050
10.75,63002
11.05,62474
11.63,62455
11.92,62139
12.26,61857
14.18,61690
14.70,61317
15.16,61307
16.68,61234
17.99,61150
