0.31,171700
0.37,156609
0.42,150888
0.47,149788
0.53,147912
0.58,145207
0.63,143124
0.65,142172
0.67,141454
0.69,132500
0.76,127911
0.86,127781
0.92,127511
0.93,126230
0.95,126180
0.97,119992
1.05,119732
1.07,117690
1.12,115568
1.16,108694
1.39,108468
1.48,108348
1.51,107296
1.56,107226
1.60,106552
1.66,106444
1.72,100755
1.90,99714
1.96,99010
2.01,97879
2.03,96549
2.10,94407
2.21,93389
2.27,92127
2.30,91894
2.37,91268
2.39,89512
2.54,89147
2.58,88661
2.70,87384
2.86,86781
2.88,85888
2.91,84869
3.02,84868
3.07,83355
3.14,82496
3.26,82099
3.28,81270
3.33,79950
3.47,76751
3.71,76717
3.78,76108
3.90,76036
3.96,75830
4.01,75259
4.07,75135
4.09,73248
4.32,72590
4.41,72266
4.64,71303
4.83,71103
4.85,70764
5.15,70683
5.17,70133
5.26,69977
5.40,69513
5.56,68818
5.59,68539
5.81,68406
6.26,68104
6.54,67943
7.27,67711
8.36,66929
8.46,66927
9.10,66311
9.31,65193
12.06,64932
13.31,64789
13.94,64772
14.04,64615
14.40,64308
14.45,64260
14.86,63690
15.99,63297
16.61,62952
16.67,62398
18.18,61876
18.63,61875
19.26,61534
