0.31,185396
0.34,180910
0.39,171313
0.41,168127
0.44,166628
0.46,164055
0.49,158090
0.53,157097
0.55,155514
0.56,153478
0.58,149771
0.60,147219
0.62,145364
0.64,145117
0.65,137970
0.81,137412
0.82,136599
0.84,131820
0.91,131621
0.96,122322
1.02,121898
1.11,116547
1.12,116268
1.25,116114
1.29,108985
1.42,106619
1.54,105115
1.58,102790
1.60,101952
1.76,101792
1.80,101020
1.85,100838
1.92,100316
1.96,99357
2.06,97806
2.16,95524
2.18,95196
2.30,94795
2.34,93685
2.50,92568
2.60,91736
2.64,91643
2.73,89564
2.83,88526
2.96,88450
2.99,87918
3.01,85312
3.04,84026
3.08,82883
3.30,81400
3.47,81398
3.51,80220
3.56,78839
3.86,78732
3.95,77943
3.97,77331
4.05,76851
4.12,76806
4.21,76767
4.26,76686
4.32,76328
4.38,75058
4.45,74485
4.65,73504
4.68,73215
4.72,72651
4.74,72526
4.95,71431
4.98,71371
5.07,71361
5.15,71316
5.22,70889
5.74,70707
5.95,70537
5.97,69889
6.63,69716
6.75,69492
6.82,69174
6.94,68991
6.98,68918
7.33,68752
7.43,68702
7.45,68595
7.47,68147
7.54,67391
7.96,67300
8.08,67242
8.26,66868
8.29,66227
8.47,66051
8.50,65708
9.08,65608
9.29,65435
9.66,65377
9.76,64745
10.68,64580
10.75,64152
10.89,63446
12.13,63341
12.42,63156
12.73,63051
12.80,62683
13.34,62540
13.45,62431
14.66,61261
15.18,61070
15.78,60696
16.02,60634
16.14,60608
16.29,60561
