0.29,171805
0.33,170635
0.35,166411
0.39,163318
0.40,162377
0.44,162102
0.46,152298
0.56,150063
0.62,147519
0.64,141641
0.67,139112
0.69,138708
0.76,133507
0.80,131611
0.83,127720
0.87,125762
0.99,125482
1.01,121114
1.05,119841
1.07,114690
1.15,114459
1.21,112272
1.22,112189
1.34,109615
1.49,107698
1.56,105328
1.61,105319
1.72,103997
1.77,103778
1.79,102420
1.85,101749
1.88,100345
1.90,97601
2.04,96733
2.18,94390
2.31,92819
2.32,89020
2.50,87898
2.53,86683
2.85,86217
2.88,86016
2.90,85187
3.20,84084
3.22,83075
3.29,82801
3.40,81938
3.65,81831
3.67,81029
3.75,80358
3.77,80233
3.93,79836
4.00,78365
4.30,78217
4.37,76684
4.55,76349
4.91,75745
4.96,75630
5.03,75410
5.05,74606
5.42,73879
5.55,73762
5.64,72823
5.80,72033
6.36,70410
6.77,70242
7.02,69956
7.27,69460
7.31,68853
8.07,68487
8.33,68466
8.37,68312
8.42,68080
8.59,67931
8.64,67912
8.75,67886
9.08,67517
9.31,66924
9.41,66710
9.48,66361
9.67,66147
10.00,66103
10.44,66012
10.69,65265
11.65,65179
11.95,65095
12.13,65056
12.46,65022
12.62,65014
12.71,64972
12.80,64903
13.08,64455
13.86,64450
14.57,63599
14.77,63532
14.97,63498
15.45,63270
15.91,63029
16.05,62931
16.29,62462
16.68,62202
16.71,61733
16.97,61251
18.41,60459
