0.28,176902
0.32,171100
0.36,169574
0.38,161774
0.40,159732
0.47,157201
0.50,149935
0.56,143290
0.65,142387
0.70,138490
0.74,136792
0.77,133583
0.81,133210
0.83,131778
0.85,129340
0.93,128086
0.94,123195
1.02,121420
1.04,121373
1.07,121070
1.09,113659
1.37,112750
1.38,110657
1.40,107375
1.49,107259
1.53,102153
1.63,98081
1.83,98070
1.84,98038
1.90,96759
1.97,96088
1.99,92349
2.34,91902
2.48,90331
2.54,88959
2.80,88955
2.85,88709
2.87,88264
2.93,87764
2.98,87559
3.01,86519
3.05,85551
3.16,85398
3.21,83912
3.35,83404
3.58,81809
3.66,79763
3.77,77189
4.24,76705
4.35,76560
4.44,75167
4.61,74773
4.68,74391
4.85,74176
4.94,73681
5.02,73281
5.27,72365
5.51,72190
5.75,71855
6.08,71632
6.14,71553
6.33,71489
6.42,71276
6.47,70741
6.70,70677
6.73,70575
6.82,70511
6.99,70298
7.08,70234
7.26,69261
7.29,68825
7.43,68729
7.71,68572
7.83,68560
7.85,68436
8.15,68317
8.27,68280
8.55,68037
8.58,67536
8.72,67367
9.15,67240
9.27,67193
9.88,67103
11.01,67031
11.28,65695
11.73,63812
11.95,63737
12.07,62788
12.67,62760
12.83,62542
13.48,62501
13.69,62415
13.76,62374
14.11,61900
