0.28,181500
0.32,181275
0.34,175464
0.36,162182
0.38,161433
0.43,160716
0.45,152725
0.55,149169
0.58,147292
0.63,145208
0.67,144220
0.69,139404
0.74,137291
0.75,135962
0.82,132488
0.86,130838
0.99,128542
1.02,124245
1.05,121907
1.14,120738
1.21,118749
1.23,116227
1.28,115664
1.30,113508
1.34,109260
1.48,107131
1.55,106758
1.63,103587
1.68,102454
1.73,100327
2.11,95968
2.17,94137
2.36,93865
2.43,92759
2.71,92271
2.81,91054
2.96,90919
3.09,89125
3.14,88217
3.30,88075
3.39,87834
3.43,86686
3.56,85633
3.61,84904
3.63,84041
3.64,83738
3.68,82806
3.80,82516
3.86,82185
3.93,82026
3.97,81276
4.05,80700
4.09,80498
4.23,79199
4.32,78695
4.44,78320
4.53,77377
4.71,76440
4.82,75889
4.96,73776
5.04,72961
5.25,72705
5.33,72391
5.38,72323
5.45,71190
5.59,70955
5.64,70662
5.70,70431
5.75,69146
5.93,69124
6.22,68915
6.27,68474
6.43,67786
6.70,66974
7.21,66972
7.66,66706
7.79,66631
7.81,66407
7.86,66384
7.88,65816
8.47,63668
10.70,63554
10.90,62832
11.07,62026
11.17,61783
11.24,61640
11.52,61397
11.61,61395
11.77,60741
12.58,60276
13.64,59292
14.80,59121
14.98,59102
15.27,58644
15.55,58530
15.62,57759
16.64,57575
16.78,57550
17.35,57216
17.63,56514
