0.20,217627
0.20,214142
0.20,215765
0.20,206388
0.20,212225
0.20,211432
0.20,207979
0.20,206895
0.20,200062
0.20,207983
0.20,203281
0.21,208922
0.21,187856
0.21,186823
0.21,189704
0.21,192080
0.21,193734
0.21,195845
0.21,196357
0.21,195366
0.21,196152
0.21,190764
0.21,198746
0.21,197912
0.21,197134
0.21,199190
0.21,200843
0.21,203384
0.21,201769
0.21,201943
0.21,200872
0.21,199373
0.21,202211
0.21,202935
0.21,204743
0.21,205495
0.21,203262
0.21,203138
0.21,203117
0.21,201525
0.21,205655
0.21,206457
0.21,208581
0.21,214356
0.21,213890
0.21,214079
0.21,213943
0.21,211761
0.21,210450
0.21,213269
0.21,210684
0.21,213246
0.21,214534
0.21,215475
0.21,219045
0.21,215830
0.21,214827
0.21,212092
0.21,209741
0.21,209596
0.21,207520
0.21,205658
0.21,204191
0.21,201903
0.21,201955
0.21,196744
0.21,209474
0.21,204553
0.21,203439
0.22,207571
0.22,210414
0.22,215882
0.22,217391
0.22,218671
0.22,205429
0.22,205918
0.22,203769
0.22,206771
0.22,209212
0.22,202703
0.22,200574
0.22,202107
0.22,206189
0.22,204450
0.22,204331
0.22,204509
0.22,204039
0.22,187964
0.22,187031
0.22,190143
0.22,191370
0.22,197976
0.22,197584
0.22,192360
0.22,194415
0.22,195557
0.22,195995
0.22,197215
0.22,191091
0.22,191730
0.22,190427
0.22,190747
0.22,190476
0.22,191290
0.22,196129
0.22,196713
0.22,195959
0.22,195045
0.22,193255
0.22,199569
0.22,197889
0.22,193035
0.22,190240
0.22,181502
0.22,181046
0.22,178420
0.22,181539
0.22,181568
0.22,194101
0.22,195199
0.23,195159
0.23,197791
0.23,200074
0.23,202592
0.23,200499
0.23,200569
0.23,204303
0.23,200277
0.23,200823
0.23,200238
0.23,203156
0.23,203754
0.23,187939
0.23,191373
0.23,173976
0.23,182607
0.23,181483
0.23,181842
0.23,181042
0.23,181896
0.23,183620
0.23,182588
0.23,184415
0.23,182450
0.23,182838
0.23,177588
0.23,173814
0.23,180074
0.23,177959
0.23,176447
0.23,177143
0.23,176070
0.23,172183
0.23,177414
0.23,180676
0.23,180519
0.23,180946
0.23,182474
0.23,178077
0.23,182382
0.23,187445
0.23,185542
0.23,182214
0.23,190416
0.23,192592
0.23,190970
0.23,187204
0.23,190515
0.23,190123
0.23,190621
0.23,190686
0.23,188510
0.24,186502
0.24,187464
0.24,182458
0.24,181207
0.24,181553
0.24,183499
0.24,178552
0.24,177220
0.24,177137
0.24,182029
0.24,183624
0.24,181588
0.24,181314
0.24,181585
0.24,181574
0.24,182105
0.24,182528
0.24,185505
0.24,182985
0.24,182674
0.24,183862
0.24,193939
0.24,202838
0.24,209141
0.24,211022
0.24,206835
0.24,201178
0.24,203635
0.24,203709
0.24,203098
0.24,202325
0.24,202158
0.24,200979
0.24,203325
0.24,204596
0.24,199861
0.24,201365
0.24,205295
0.24,205525
0.24,217320
0.24,228456
0.24,217202
0.24,217280
0.24,208707
0.24,207248
0.24,194784
0.24,197359
0.24,198489
0.24,202770
0.25,210963
0.25,211300
0.25,210835
0.25,211294
0.25,211365
0.25,212699
0.25,213721
0.25,205784
0.25,206901
0.25,204233
0.25,203463
0.25,209559
0.25,209025
0.25,217691
0.25,221466
0.25,218418
0.25,225632
0.25,225147
0.25,222063
0.25,215299
0.25,212112
0.25,215730
0.25,214859
0.25,212820
0.25,221432
0.25,220233
0.25,213792
0.25,215762
0.25,214909
0.25,214271
0.25,213952
0.25,212962
0.25,212674
0.25,208745
0.25,199267
0.25,199641
0.25,199172
0.25,194569
0.25,195912
0.25,204220
0.25,196486
0.25,191771
0.25,191651
0.25,193353
0.25,188061
0.25,190040
0.25,188588
0.25,187156
0.25,187207
0.25,182007
0.26,181960
0.26,182279
0.26,181111
0.26,193992
0.26,197453
0.26,202397
0.26,203808
0.26,205505
0.26,204790
0.26,203259
0.26,203835
0.26,202599
0.26,208582
0.26,208833
0.26,207596
0.26,200811
0.26,199572
0.26,198965
0.26,197383
0.26,191238
0.26,191743
0.26,190194
0.26,185748
0.26,185547
0.26,192519
0.26,192216
0.26,199336
0.26,198241
0.26,197824
0.26,198093
0.26,198104
0.26,196154
0.26,195520
0.26,196878
0.26,196539
0.26,196675
0.26,195122
0.26,189116
0.26,190160
0.26,187656
0.26,186847
0.26,185765
0.26,182888
0.26,195751
0.26,194167
0.26,192149
0.26,182573
0.26,182285
0.26,180970
0.26,181984
0.26,178685
0.26,186249
0.26,186591
0.26,187889
0.26,188042
0.27,191798
0.27,191589
0.27,197845
0.27,197908
0.27,197118
0.27,194167
0.27,194240
0.27,193690
0.27,198816
0.27,199012
0.27,198257
0.27,199187
0.27,199146
0.27,197208
0.27,200630
0.27,198650
0.27,204522
0.27,201432
0.27,198518
0.27,197280
0.27,196188
0.27,196177
0.27,190272
0.27,191519
0.27,190540
0.27,187150
0.27,181077
0.27,180120
0.27,181390
0.27,181338
0.27,184500
0.27,194988
0.27,195032
0.27,197447
0.27,196718
0.27,196809
0.27,198186
0.27,196834
0.27,199494
0.27,201374
0.27,201577
0.27,202676
0.27,197531
0.27,198640
0.27,196814
0.27,199505
0.27,196877
0.27,195271
0.27,196484
0.27,191120
0.27,187339
0.27,187524
0.27,184365
0.28,183821
0.28,182038
0.28,185402
0.28,179853
0.28,178647
0.28,180296
0.28,180862
0.28,184232
0.28,187567
0.28,195496
0.28,189936
0.28,191700
0.28,186340
0.28,187913
0.28,188006
0.28,190599
0.28,187839
0.28,187920
0.28,192126
0.28,191368
0.28,186832
0.28,185553
0.28,182411
0.28,185317
0.28,183765
0.28,173605
0.28,167084
0.28,166276
0.28,166208
0.28,165227
0.28,164803
0.28,168457
0.28,167660
0.28,168635
0.28,169717
0.28,171055
0.28,171612
0.28,170072
0.28,171689
0.28,170166
0.28,175290
0.28,170491
0.28,170301
0.28,170292
0.28,170234
0.28,170884
0.28,174976
0.28,177727
0.28,177809
0.28,180377
0.29,179781
0.29,180314
0.29,183393
0.29,192315
0.29,190834
0.29,190734
0.29,190554
0.29,189345
0.29,195977
0.29,195926
0.29,180237
0.29,179785
0.29,168857
0.29,171363
0.29,172337
0.29,174434
0.29,174012
0.29,177263
0.29,183105
0.29,181310
0.29,181504
0.29,180435
0.29,180856
0.29,181283
0.29,184377
0.29,184131
0.29,177094
0.29,180382
0.29,184613
0.29,184489
0.29,177366
0.29,177769
0.29,181969
0.29,189178
0.29,198835
0.29,201099
0.29,203616
0.29,203411
0.29,200958
0.29,200952
0.29,198363
0.29,203319
0.29,203101
0.29,202862
0.29,204380
0.29,201924
0.29,203502
0.29,203969
0.29,204238
0.29,199328
0.29,203961
0.29,203780
0.30,204308
0.30,204936
0.30,206559
0.30,204738
0.30,211608
0.30,208106
0.30,207392
0.30,208360
0.30,208848
0.30,206539
0.30,204583
0.30,203900
0.30,207381
0.30,207288
0.30,206985
0.30,205058
0.30,207060
0.30,211081
0.30,208257
0.30,210903
0.30,204439
0.30,202541
0.30,203249
0.30,209571
0.30,205496
0.30,205131
0.30,205042
0.30,188020
0.30,189604
0.30,188224
0.30,185680
0.30,186645
0.30,187311
0.30,192308
0.30,193467
0.30,197164
0.30,198427
0.30,199039
0.30,200772
0.30,201522
0.30,203676
0.30,199134
0.30,194702
0.30,194224
0.30,193876
0.30,192103
0.30,184816
0.30,183997
0.30,183126
0.30,183913
0.30,188710
0.30,188253
0.30,188731
0.30,183074
0.30,174142
0.31,174416
0.31,174289
0.31,178587
0.31,176440
0.31,171729
0.31,172732
0.31,174885
0.31,184552
0.31,180164
0.31,177338
0.31,173762
0.31,172602
0.31,171102
0.31,174665
0.31,173941
0.31,174113
0.31,172575
0.31,168544
0.31,169565
0.31,172252
0.31,173052
0.31,178030
0.31,177067
0.31,177882
0.31,177067
0.31,179429
0.31,181088
0.31,177120
0.31,176170
0.31,177097
0.31,180202
0.31,186687
0.31,180054
0.31,177538
0.31,172454
0.31,175454
0.31,179207
0.31,179049
0.31,180036
0.31,183197
0.31,179266
0.31,179189
0.31,181621
0.31,172764
0.31,173446
0.31,173675
0.31,172430
0.31,173560
0.31,174129
0.31,185614
0.31,184381
0.31,181346
0.31,181753
0.31,183413
0.31,184263
0.32,184838
0.32,184033
0.32,188491
0.32,186540
0.32,186622
0.32,188286
0.32,188509
0.32,189113
0.32,188963
0.32,189834
0.32,189345
0.32,193112
0.32,185959
0.32,180365
0.32,183782
0.32,184974
0.32,189833
0.32,191939
0.32,191764
0.32,193564
0.32,197554
0.32,193266
0.32,198167
0.32,200427
0.32,206374
0.32,205352
0.32,200894
0.32,198409
0.32,187005
0.32,189547
0.32,188400
0.32,187801
0.32,185559
0.32,185334
0.32,185430
0.32,191773
0.32,189946
0.32,189678
0.32,194744
0.32,194567
0.32,194551
0.32,198401
0.32,192013
0.32,190607
0.32,182180
0.32,182462
0.32,184464
0.33,187037
0.33,179179
0.33,182112
0.33,180106
0.33,180252
0.33,178597
0.33,182622
0.33,189175
0.33,189099
0.33,189015
0.33,191646
0.33,191399
0.33,188680
0.33,191308
0.33,178164
0.33,182772
0.33,183409
0.33,176535
0.33,180534
0.33,174767
0.33,171948
0.33,179174
0.33,181820
0.33,182050
0.33,182337
0.33,184971
0.33,187609
0.33,186782
0.33,185979
0.33,189275
0.33,186691
0.33,185862
0.33,189834
0.33,189559
0.33,191144
0.33,192796
0.33,195549
0.33,199100
0.33,199089
0.33,201742
0.33,202527
0.33,194869
0.33,202609
0.33,200836
0.33,201468
0.33,199495
0.34,202607
0.34,201642
0.34,195776
0.34,195355
0.34,192790
0.34,194002
0.34,194243
0.34,195619
0.34,195568
0.34,192103
0.34,193784
0.34,193455
0.34,177162
0.34,177126
0.34,178030
0.34,177125
0.34,176332
0.34,178439
0.34,185377
0.34,186096
0.34,183318
0.34,187744
0.34,188740
0.34,198916
0.34,198220
0.34,195010
0.34,192001
0.34,200686
0.34,193772
0.34,189372
0.34,189552
0.34,189530
0.34,189800
0.34,194736
0.34,192453
0.34,192614
0.34,192201
0.34,197483
0.34,194034
0.34,194165
0.34,192171
0.34,196970
0.34,194580
0.34,189405
0.34,187483
0.34,186936
0.34,190023
0.34,190241
0.35,189359
0.35,190852
0.35,187323
0.35,185333
0.35,178847
0.35,175298
0.35,178535
0.35,177582
0.35,176724
0.35,183503
0.35,183452
0.35,183335
0.35,182923
0.35,183347
0.35,197694
0.35,198567
0.35,200046
0.35,199123
0.35,198650
0.35,196852
0.35,197319
0.35,194187
0.35,195057
0.35,194578
0.35,194588
0.35,192328
0.35,192086
0.35,190758
0.35,193284
0.35,186293
0.35,170281
0.35,174036
0.35,175268
0.35,177342
0.35,180908
0.35,181809
0.35,183014
0.35,179077
0.35,180613
0.35,180801
0.35,181595
0.35,183375
0.35,183590
0.35,181249
0.35,181589
0.36,183009
0.36,176853
0.36,179300
0.36,174333
0.36,182080
0.36,181578
0.36,180232
0.36,179513
0.36,188384
0.36,196414
0.36,191230
0.36,191466
0.36,189293
0.36,191721
0.36,193358
0.36,192502
0.36,192267
0.36,192010
0.36,188488
0.36,192451
0.36,191857
0.36,192578
0.36,193213
0.36,193599
0.36,196462
0.36,196353
0.36,201531
0.36,201552
0.36,203614
0.36,193547
0.36,193705
0.36,193978
0.36,193947
0.36,198529
0.36,188084
0.36,183189
0.36,181038
0.36,176100
0.36,176364
0.36,175736
0.36,174893
0.36,170030
0.36,176537
0.37,167970
0.37,169087
0.37,176224
0.37,179936
0.37,180529
0.37,179892
0.37,181301
0.37,181729
0.37,175563
0.37,176744
0.37,169717
0.37,171663
0.37,169345
0.37,169435
0.37,174227
0.37,174277
0.37,172314
0.37,172165
0.37,174128
0.37,172636
0.37,172380
0.37,172561
0.37,173269
0.37,170668
0.37,169132
0.37,172121
0.37,182965
0.37,183174
0.37,184717
0.37,184995
0.37,184659
0.37,183953
0.37,186032
0.37,191485
0.37,181841
0.37,191536
0.37,190661
0.37,191714
0.38,186829
0.38,188464
0.38,187835
0.38,189417
0.38,188389
0.38,190886
0.38,190648
0.38,191689
0.38,192848
0.38,189556
0.38,189790
0.38,184252
0.38,185525
0.38,185664
0.38,185548
0.38,196512
0.38,195107
0.38,206253
0.38,205217
0.38,205175
0.38,204222
0.38,203938
0.38,202665
0.38,194428
0.38,192419
0.38,194756
0.38,196020
0.38,189967
0.38,189374
0.38,190124
0.38,187816
0.38,188288
0.38,187936
0.38,184032
0.38,184008
0.38,182771
0.38,184241
0.38,186877
0.38,184288
0.38,182811
0.38,183427
0.38,194201
0.38,195213
0.38,197855
0.38,201973
0.38,206848
0.38,204542
0.38,203723
0.38,205299
0.38,205932
0.38,200733
0.38,202986
0.38,203367
0.38,202827
0.38,192807
0.39,191713
0.39,200790
0.39,200976
0.39,199208
0.39,197360
0.39,192441
0.39,191973
0.39,191730
0.39,192301
0.39,192517
0.39,204359
0.39,204482
0.39,204809
0.39,205076
0.39,202990
0.39,197968
0.39,198300
0.39,201658
0.39,201522
0.39,202243
0.39,203007
0.39,204445
0.39,204240
0.39,206937
0.39,207892
0.39,208300
0.39,208183
0.39,207710
0.39,208346
0.39,203401
0.39,213465
0.39,210403
0.39,203431
0.39,192660
0.39,196045
0.39,196096
0.39,196087
0.39,196556
0.39,187490
0.39,187518
0.39,187459
0.40,190566
0.40,192045
0.40,190071
0.40,193805
0.40,194630
0.40,194801
0.40,194321
0.40,194620
0.40,189229
0.40,188552
0.40,188465
0.40,188849
0.40,194546
0.40,194283
0.40,196935
0.40,194946
0.40,199438
0.40,199953
0.40,200730
0.40,194367
0.40,194149
0.40,194293
0.40,193430
0.40,191345
0.40,190136
0.40,190527
0.40,190755
0.40,189845
0.40,186296
0.40,185665
0.40,184897
0.40,181811
0.40,174663
0.40,174328
0.40,169643
0.40,177846
0.40,181450
0.40,180763
0.40,181101
0.40,182977
0.40,183985
0.40,182928
0.40,188444
0.40,186893
0.41,186064
0.41,185187
0.41,184405
0.41,181891
0.41,180052
0.41,180781
0.41,180562
0.41,177741
0.41,178191
0.41,174756
0.41,175857
0.41,175088
0.41,175395
0.41,175918
0.41,175919
0.41,171302
0.41,172848
0.41,178075
0.41,183715
0.41,177281
0.41,177543
0.41,178939
0.41,190262
0.41,180067
0.41,181338
0.41,189672
0.41,191101
0.41,185941
0.41,190012
0.41,189247
0.41,188410
0.41,187833
0.41,186462
0.41,190230
0.41,190149
0.41,187741
0.41,186743
0.41,183418
0.41,183711
0.41,185340
0.41,178792
0.41,180482
0.41,176324
0.41,175937
0.41,178151
0.41,177077
0.41,172813
0.41,171729
0.41,167554
0.42,170190
0.42,166270
0.42,162595
0.42,162022
0.42,163933
0.42,172188
0.42,170139
0.42,167177
0.42,165712
0.42,166816
0.42,169383
0.42,169031
0.42,169578
0.42,170629
0.42,175258
0.42,176194
0.42,175895
0.42,171607
0.42,173037
0.42,171823
0.42,175242
0.42,179679
0.42,179658
0.42,182791
0.42,185675
0.42,189271
0.42,188459
0.42,190982
0.42,190874
0.42,181066
0.42,184118
0.42,185371
0.42,187009
0.42,190113
0.42,189539
0.42,197568
0.42,197408
0.42,196701
0.42,193592
0.42,193667
0.42,194948
0.43,189069
0.43,187006
0.43,187149
0.43,187121
0.43,187544
0.43,190677
0.43,187106
0.43,190352
0.43,190134
0.43,190149
0.43,188441
0.43,188070
0.43,188492
0.43,189030
0.43,187401
0.43,182493
0.43,186887
0.43,185883
0.43,186026
0.43,183049
0.43,180792
0.43,179133
0.43,184419
0.43,187647
0.43,189282
0.43,190151
0.43,190955
0.43,188775
0.43,190811
0.43,188670
0.43,188627
0.43,188031
0.43,187219
0.43,186249
0.43,184699
0.43,176931
0.43,179435
0.43,178205
0.43,176986
0.43,177274
0.43,170638
0.43,172912
0.44,172357
0.44,180039
0.44,181261
0.44,175803
0.44,175505
0.44,172420
0.44,175089
0.44,182231
0.44,182770
0.44,179870
0.44,180621
0.44,180229
0.44,182159
0.44,183650
0.44,185895
0.44,182427
0.44,187092
0.44,187851
0.44,186316
0.44,184858
0.44,183816
0.44,185414
0.44,185464
0.44,185097
0.44,184466
0.44,181838
0.44,181736
0.44,183316
0.44,183762
0.44,181582
0.44,180382
0.44,178238
0.44,179614
0.44,177414
0.44,176680
0.44,173821
0.44,175254
0.44,176721
0.44,177975
0.45,178532
0.45,180690
0.45,182913
0.45,184728
0.45,185665
0.45,185985
0.45,184515
0.45,191407
0.45,194286
0.45,194507
0.45,184272
0.45,184291
0.45,182949
0.45,183058
0.45,181070
0.45,181397
0.45,180004
0.45,175274
0.45,177057
0.45,183737
0.45,184597
0.45,182149
0.45,179104
0.45,178995
0.45,178821
0.45,178699
0.45,178694
0.45,178802
0.45,173702
0.45,174618
0.45,174668
0.45,174714
0.45,174585
0.45,174384
0.45,177086
0.45,174558
0.45,166267
0.45,168280
0.45,167878
0.45,171163
0.45,173786
0.45,174458
0.45,176672
0.45,175910
0.45,177565
0.45,185891
0.45,184537
0.45,182066
0.45,183656
0.45,178010
0.45,177566
0.46,185871
0.46,182013
0.46,182682
0.46,182146
0.46,182168
0.46,181508
0.46,181463
0.46,175583
0.46,177895
0.46,175168
0.46,174627
0.46,173621
0.46,171862
0.46,172562
0.46,173116
0.46,183907
0.46,184271
0.46,183688
0.46,180171
0.46,181634
0.46,176445
0.46,175861
0.46,173704
0.46,168826
0.46,174036
0.46,172858
0.46,171776
0.46,157462
0.46,162280
0.46,161776
0.46,165172
0.46,160550
0.46,163156
0.46,163498
0.46,169220
0.46,167615
0.46,165671
0.46,171360
0.46,179342
0.46,181839
0.47,182598
0.47,183212
0.47,184396
0.47,189810
0.47,186103
0.47,184312
0.47,183819
0.47,183655
0.47,181090
0.47,181449
0.47,183253
0.47,183837
0.47,179551
0.47,185533
0.47,179960
0.47,176786
0.47,181163
0.47,187187
0.47,179273
0.47,179420
0.47,180335
0.47,180106
0.47,179516
0.47,179075
0.47,177675
0.47,177707
0.47,177349
0.47,178412
0.47,178965
0.47,181480
0.47,182852
0.47,182899
0.47,177234
0.47,174716
0.47,174098
0.47,178561
0.47,180630
0.48,185988
0.48,186691
0.48,190332
0.48,183575
0.48,180190
0.48,181535
0.48,181550
0.48,179372
0.48,181619
0.48,180381
0.48,180348
0.48,176193
0.48,176090
0.48,176231
0.48,178447
0.48,181430
0.48,178408
0.48,180848
0.48,176192
0.48,180880
0.48,181192
0.48,181893
0.48,181631
0.48,181569
0.48,183833
0.48,181017
0.48,184218
0.48,184515
0.48,184704
0.48,184413
0.48,183825
0.48,183992
0.48,182723
0.48,183236
0.48,185080
0.48,181639
0.48,181525
0.48,182877
0.48,184226
0.49,190069
0.49,182830
0.49,180765
0.49,181135
0.49,183277
0.49,183535
0.49,182415
0.49,183142
0.49,183348
0.49,187292
0.49,185936
0.49,186514
0.49,189589
0.49,191076
0.49,191756
0.49,191917
0.49,187731
0.49,188526
0.49,189644
0.49,191659
0.49,193258
0.49,190759
0.49,190373
0.49,191436
0.49,189684
0.49,189602
0.49,188880
0.49,187729
0.49,186576
0.49,184863
0.49,183900
0.49,181397
0.49,172872
0.49,169494
0.49,168006
0.49,159736
0.49,158378
0.49,162062
0.49,162220
0.49,157333
0.49,156970
0.49,158487
0.50,148873
0.50,149539
0.50,149430
0.50,150493
0.50,150187
0.50,151970
0.50,152873
0.50,152362
0.50,153031
0.50,156674
0.50,152906
0.50,154179
0.50,154115
0.50,153909
0.50,155082
0.50,156400
0.50,156331
0.50,166235
0.50,167555
0.50,164874
0.50,165876
0.50,165305
0.50,165578
0.50,161333
0.50,161038
0.50,160689
0.50,169770
0.50,169947
0.50,153498
0.50,154046
0.50,150329
0.50,156442
0.50,153932
0.50,156965
0.50,157199
0.50,156481
0.50,160700
0.50,160389
0.50,160381
0.50,157257
0.50,156597
0.50,155827
0.50,154188
0.51,155992
0.51,159210
0.51,157511
0.51,158664
0.51,154612
0.51,153800
0.51,154450
0.51,150536
0.51,150758
0.51,145340
0.51,149003
0.51,151779
0.51,154474
0.51,152165
0.51,154059
0.51,154172
0.51,153885
0.51,148916
0.51,147147
0.51,146571
0.51,145451
0.51,143040
0.51,143103
0.51,141952
0.51,142603
0.51,141582
0.51,151681
0.51,156471
0.51,155260
0.51,155421
0.51,155360
0.51,155814
0.51,160910
0.51,160854
0.52,159883
0.52,161144
0.52,157750
0.52,156904
0.52,156032
0.52,157253
0.52,156272
0.52,156090
0.52,156493
0.52,156377
0.52,149205
0.52,147884
0.52,150818
0.52,148434
0.52,145988
0.52,151783
0.52,153064
0.52,160343
0.52,161554
0.52,158663
0.52,158051
0.52,158368
0.52,158096
0.52,157187
0.52,161103
0.52,161287
0.52,161725
0.52,160171
0.52,161947
0.52,163527
0.52,161550
0.52,161570
0.52,159516
0.52,159642
0.52,161297
0.52,162112
0.52,163205
0.53,161604
0.53,161786
0.53,161916
0.53,162229
0.53,163555
0.53,162523
0.53,158617
0.53,157728
0.53,158098
0.53,158268
0.53,161429
0.53,158766
0.53,156984
0.53,155898
0.53,152653
0.53,151709
0.53,153335
0.53,154247
0.53,152294
0.53,151809
0.53,152815
0.53,152724
0.53,152581
0.53,152479
0.53,152735
0.53,153273
0.53,158427
0.53,147221
0.53,145475
0.53,145563
0.53,146194
0.53,146451
0.53,152626
0.54,155457
0.54,155418
0.54,156966
0.54,156495
0.54,156337
0.54,157418
0.54,158722
0.54,158007
0.54,155178
0.54,155953
0.54,150446
0.54,148450
0.54,150700
0.54,151985
0.54,154299
0.54,153777
0.54,156726
0.54,154800
0.54,151499
0.54,153456
0.54,154407
0.54,155772
0.54,151695
0.54,151269
0.54,148053
0.54,147555
0.54,144465
0.54,143791
0.54,143565
0.55,146209
0.55,147585
0.55,150466
0.55,151285
0.55,155570
0.55,159237
0.55,159950
0.55,155938
0.55,151496
0.55,147332
0.55,147443
0.55,143445
0.55,143442
0.55,143093
0.55,142847
0.55,142452
0.55,142999
0.55,143356
0.55,147037
0.55,148166
0.55,151187
0.55,152130
0.55,157824
0.55,152978
0.55,153224
0.55,151614
0.55,150330
0.55,150351
0.55,150393
0.55,151176
0.55,148160
0.55,149385
0.55,150805
0.56,152524
0.56,154889
0.56,155423
0.56,157106
0.56,162509
0.56,163299
0.56,163415
0.56,163458
0.56,164053
0.56,163976
0.56,163995
0.56,163442
0.56,163600
0.56,163019
0.56,163487
0.56,164210
0.56,162412
0.56,162923
0.56,165683
0.56,167924
0.56,161753
0.56,156343
0.56,157075
0.56,158031
0.56,156481
0.56,159346
0.56,159271
0.56,160912
0.56,160649
0.56,160523
0.56,160738
0.56,160310
0.56,162103
0.56,158847
0.56,155670
0.56,155346
0.56,156998
0.56,156110
0.57,160820
0.57,164761
0.57,165520
0.57,166399
0.57,166583
0.57,163111
0.57,162262
0.57,162463
0.57,164114
0.57,164189
0.57,163041
0.57,162070
0.57,162273
0.57,163946
0.57,167021
0.57,168360
0.57,171169
0.57,171670
0.57,170682
0.57,170269
0.57,172074
0.57,165467
0.57,164362
0.57,164513
0.57,163557
0.57,162685
0.57,161712
0.57,161491
0.57,166715
0.57,168255
0.57,173436
0.58,174706
0.58,175216
0.58,176394
0.58,177060
0.58,177355
0.58,179669
0.58,181992
0.58,180065
0.58,179160
0.58,178992
0.58,180732
0.58,180250
0.58,185294
0.58,186223
0.58,185606
0.58,185520
0.58,186106
0.58,185983
0.58,180925
0.58,180332
0.58,178618
0.58,176768
0.58,175781
0.58,173111
0.58,174616
0.58,174325
0.58,169848
0.58,168820
0.58,169260
0.58,170912
0.58,169066
0.58,165180
0.58,165178
0.58,165150
0.58,165085
0.58,167929
0.58,167489
0.59,166481
0.59,165124
0.59,162762
0.59,162549
0.59,163206
0.59,168349
0.59,166713
0.59,164879
0.59,164802
0.59,164792
0.59,165114
0.59,164290
0.59,164006
0.59,159714
0.59,160019
0.59,159587
0.59,160518
0.59,161087
0.59,160201
0.59,157899
0.59,149861
0.59,149512
0.59,149591
0.59,149469
0.59,150371
0.59,146036
0.59,145135
0.59,144699
0.59,146357
0.59,145248
0.59,143981
0.60,145087
0.60,146586
0.60,145372
0.60,146895
0.60,145049
0.60,144700
0.60,139706
0.60,141764
0.60,142324
0.60,142068
0.60,144601
0.60,145188
0.60,144715
0.60,141745
0.60,141369
0.60,143217
0.60,148045
0.60,147620
0.60,147712
0.60,141909
0.60,141817
0.61,149875
0.61,145744
0.61,146257
0.61,145226
0.61,144970
0.61,143359
0.61,144588
0.61,144453
0.61,145284
0.61,146152
0.61,145905
0.61,145509
0.61,135556
0.61,135458
0.61,134354
0.61,135348
0.61,137020
0.61,137867
0.61,140280
0.61,141918
0.61,141677
0.61,142063
0.61,142557
0.61,142486
0.61,153999
0.61,152257
0.61,154192
0.61,154169
0.61,155474
0.61,148293
0.61,147705
0.61,148555
0.61,147040
0.61,146711
0.61,147543
0.61,147725
0.62,149129
0.62,150143
0.62,149758
0.62,147937
0.62,146544
0.62,145127
0.62,143189
0.62,143868
0.62,142865
0.62,145996
0.62,146687
0.62,143650
0.62,144300
0.62,143652
0.62,146033
0.62,146573
0.62,145380
0.62,152882
0.62,156432
0.62,158389
0.62,159775
0.62,158250
0.62,151774
0.62,151180
0.62,152105
0.62,152954
0.62,153359
0.62,157529
0.62,158391
0.62,158058
0.62,156345
0.63,155783
0.63,153044
0.63,152320
0.63,150990
0.63,150982
0.63,149993
0.63,147273
0.63,146119
0.63,144123
0.63,140522
0.63,143869
0.63,145545
0.63,143576
0.63,145119
0.63,144622
0.63,139742
0.63,141487
0.63,140984
0.63,139191
0.63,139128
0.63,138538
0.63,137280
0.63,136777
0.63,137271
0.63,137059
0.63,133522
0.63,134186
0.63,133737
0.63,137270
0.63,138417
0.63,140726
0.63,140723
0.63,143094
0.63,143276
0.64,142927
0.64,141026
0.64,142395
0.64,141711
0.64,142469
0.64,142312
0.64,142878
0.64,143568
0.64,140353
0.64,141852
0.64,141370
0.64,141681
0.64,140629
0.64,136054
0.64,138690
0.64,140272
0.64,138495
0.64,139307
0.64,139674
0.64,137884
0.64,137592
0.64,138079
0.64,135862
0.64,137438
0.64,138114
0.65,137368
0.65,145819
0.65,146189
0.65,145651
0.65,144339
0.65,143598
0.65,144562
0.65,144890
0.65,146786
0.65,146453
0.65,146661
0.65,146373
0.65,146035
0.65,145618
0.65,146512
0.65,147187
0.65,148024
0.65,145573
0.65,146445
0.65,143775
0.65,144765
0.65,142268
0.65,144413
0.65,144989
0.65,142206
0.65,141820
0.65,137456
0.65,140379
0.65,142613
0.66,142977
0.66,142933
0.66,142380
0.66,142125
0.66,138696
0.66,136815
0.66,133840
0.66,135693
0.66,132901
0.66,131087
0.66,130887
0.66,131423
0.66,130763
0.66,130224
0.66,129354
0.66,127358
0.66,126758
0.66,127030
0.66,129078
0.67,126310
0.67,122455
0.67,123006
0.67,120822
0.67,120428
0.67,115754
0.67,116083
0.67,117916
0.67,117450
0.67,119728
0.67,119697
0.67,120769
0.67,120274
0.67,120884
0.67,117594
0.67,114726
0.67,113621
0.67,111989
0.67,112377
0.67,116570
0.68,116427
0.68,112918
0.68,111988
0.68,110764
0.68,110777
0.68,116513
0.68,114317
0.68,114280
0.68,113445
0.68,113955
0.68,117823
0.68,117972
0.68,121025
0.68,119872
0.68,117901
0.68,122804
0.68,124166
0.68,126624
0.68,126925
0.68,127759
0.68,127783
0.68,129469
0.68,134289
0.69,132832
0.69,133070
0.69,133777
0.69,134108
0.69,136471
0.69,135233
0.69,135176
0.69,137291
0.69,137749
0.69,137737
0.69,135559
0.69,133807
0.69,133506
0.69,139400
0.69,139450
0.69,138291
0.69,133637
0.69,133281
0.69,134506
0.69,134500
0.69,134475
0.70,131781
0.70,131698
0.70,131813
0.70,132853
0.70,127042
0.70,127199
0.70,126840
0.70,126765
0.70,126572
0.70,126344
0.70,127132
0.70,126914
0.70,126178
0.70,126804
0.70,125215
0.70,127109
0.70,126698
0.70,126923
0.70,127968
0.70,131105
0.70,133089
0.70,134672
0.70,132260
0.71,131112
0.71,130602
0.71,130788
0.71,131970
0.71,133384
0.71,130707
0.71,130866
0.71,130591
0.71,130779
0.71,130342
0.71,131050
0.71,130872
0.71,129894
0.71,128934
0.71,130180
0.71,131491
0.71,131594
0.71,130779
0.72,129854
0.72,129836
0.72,127053
0.72,123262
0.72,120439
0.72,119024
0.72,118753
0.72,126087
0.72,126340
0.72,127640
0.72,125212
0.72,125028
0.72,127783
0.72,127658
0.72,128111
0.72,128538
0.72,129349
0.72,129386
0.72,129445
0.72,129488
0.73,130045
0.73,130506
0.73,129596
0.73,129996
0.73,127550
0.73,127384
0.73,127270
0.73,125904
0.73,125915
0.73,125630
0.73,126409
0.73,128472
0.73,127959
0.73,121984
0.73,124346
0.73,128290
0.74,128510
0.74,126970
0.74,126358
0.74,128211
0.74,127222
0.74,123362
0.74,124326
0.74,125893
0.74,122248
0.74,123051
0.74,120884
0.74,120630
0.74,120714
0.74,119044
0.74,118498
0.74,121367
0.75,121864
0.75,124632
0.75,125192
0.75,125682
0.75,125289
0.75,125821
0.75,123611
0.75,126095
0.75,125073
0.75,125961
0.75,127755
0.75,127341
0.75,129149
0.76,133123
0.76,133969
0.76,134790
0.76,135143
0.76,135886
0.76,136340
0.76,135228
0.76,136054
0.76,135887
0.76,134974
0.76,134629
0.76,134916
0.76,135203
0.76,137673
0.76,135782
0.76,135326
0.76,134760
0.76,133803
0.76,134088
0.76,134575
0.76,135449
0.76,137211
0.76,139424
0.76,141204
0.76,140103
0.76,139616
0.76,139543
0.77,135011
0.77,135218
0.77,136612
0.77,136464
0.77,134983
0.77,132565
0.77,131218
0.77,136958
0.77,137228
0.77,139405
0.77,141312
0.77,140469
0.77,136147
0.77,140306
0.77,140615
0.77,140013
0.77,139158
0.77,126342
0.77,126422
0.77,126994
0.77,126929
0.77,131192
0.77,131642
0.77,130312
0.78,131663
0.78,127147
0.78,126060
0.78,128393
0.78,129277
0.78,127628
0.78,128587
0.78,128463
0.78,129212
0.78,129813
0.78,123904
0.78,122364
0.78,122744
0.78,119835
0.78,118874
0.78,119423
0.78,117680
0.78,117567
0.79,117889
0.79,116654
0.79,113446
0.79,113268
0.79,115030
0.79,115317
0.79,112027
0.79,110101
0.79,109930
0.79,111596
0.79,112859
0.79,113918
0.80,114129
0.80,114281
0.80,115665
0.80,115002
0.80,114077
0.80,114434
0.80,113073
0.80,112569
0.80,111920
0.80,111613
0.80,111938
0.81,111429
0.81,110191
0.81,110470
0.81,110854
0.81,109900
0.81,109950
0.81,108520
0.81,108388
0.81,113126
0.81,116377
0.81,116365
0.81,119001
0.81,118326
0.81,117025
0.82,122268
0.82,121645
0.82,118361
0.82,119127
0.82,119545
0.82,120705
0.82,120286
0.82,117819
0.82,117160
0.82,116810
0.82,117422
0.82,115254
0.82,115828
0.82,114747
0.83,115539
0.83,115981
0.83,113987
0.83,114841
0.83,114217
0.83,115736
0.83,116326
0.83,116569
0.83,117428
0.83,118359
0.83,119018
0.83,117312
0.83,116597
0.83,117702
0.84,115723
0.84,116644
0.84,117355
0.84,116996
0.84,116462
0.84,118620
0.84,117597
0.84,116496
0.84,116692
0.84,116689
0.84,115149
0.84,115033
0.84,115860
0.84,115261
0.84,113598
0.85,113784
0.85,114704
0.85,113406
0.85,113967
0.85,114182
0.85,115787
0.85,117167
0.85,118813
0.85,118344
0.85,117927
0.85,116939
0.86,115569
0.86,116870
0.86,115937
0.86,116078
0.86,115713
0.86,115935
0.86,115868
0.86,115480
0.86,112331
0.86,112787
0.86,114338
0.86,112946
0.86,113053
0.86,110587
0.87,110427
0.87,111253
0.87,111012
0.87,108556
0.87,108443
0.87,109382
0.87,108489
0.87,109216
0.87,109192
0.87,108857
0.87,108643
0.87,109301
0.87,109193
0.87,108099
0.88,108326
0.88,107699
0.88,106631
0.88,106811
0.88,103239
0.88,103041
0.88,102381
0.88,102394
0.88,102264
0.89,102376
0.89,102318
0.89,102025
0.89,100081
0.89,96331
0.89,96024
0.89,97805
0.89,97951
0.89,101263
0.89,101250
0.89,101362
0.89,99895
0.90,99404
0.90,98425
0.90,97811
0.90,98417
0.90,98877
0.90,99292
0.90,99175
0.90,99269
0.90,100610
0.90,101359
0.90,101259
0.90,100897
0.91,101285
0.91,101353
0.91,103110
0.91,104590
0.91,103787
0.91,102270
0.91,104334
0.91,103816
0.91,102712
0.91,101121
0.92,101781
0.92,99686
0.92,99846
0.92,99994
0.92,100281
0.92,102408
0.92,101122
0.92,105146
0.92,103798
0.92,103859
0.92,103851
0.92,102855
0.92,101095
0.93,100828
0.93,100813
0.93,100839
0.93,98447
0.93,99851
0.93,99087
0.93,99108
0.93,98463
0.93,99219
0.94,99410
0.94,96269
0.94,95707
0.94,94113
0.94,94459
0.94,94667
0.94,93553
0.94,93207
0.94,93665
0.94,93375
0.95,91908
0.95,91869
0.95,94771
0.95,93399
0.95,92788
0.95,92647
0.95,93620
0.95,93856
0.95,92403
0.95,92107
0.96,91744
0.96,92186
0.96,92775
0.96,93273
0.96,93085
0.96,93421
0.96,94405
0.96,90060
0.96,90275
0.96,90633
0.97,91766
0.97,91737
0.97,91376
0.97,91277
0.97,91221
0.97,90932
0.97,90365
0.97,88683
0.98,87194
0.98,86881
0.98,86929
0.98,86720
0.98,86692
0.98,85206
0.98,85275
0.98,85033
0.99,85685
0.99,86066
0.99,86338
1.00,84950
1.00,84976
1.01,85015
1.01,83967
1.01,85113
1.01,86096
1.01,85870
1.01,85864
1.01,86663
1.01,87235
1.02,87148
1.02,87906
1.02,87290
1.02,87597
1.02,87481
1.03,87449
1.03,86295
1.03,86703
1.03,86925
1.03,87148
1.04,87939
1.04,88246
1.04,89424
1.04,86132
1.04,85777
1.04,85722
1.04,86287
1.05,87600
1.05,86752
1.05,85803
1.05,85852
1.05,86472
1.05,85686
1.05,85199
1.05,84867
1.05,84804
1.06,84885
1.06,84668
1.06,84132
1.06,83879
1.07,83189
1.07,83229
1.07,83296
1.07,82320
1.07,80646
1.08,80584
1.08,80761
1.08,80890
1.08,80746
1.09,81615
1.10,81761
1.10,81785
1.10,81861
1.10,81921
1.10,82258
1.10,81487
1.11,81631
1.11,81485
1.11,79772
1.11,79592
1.11,79374
1.11,77244
1.11,78974
1.11,79075
1.11,79147
1.11,78998
1.11,77807
1.12,77368
1.12,76462
1.13,77023
1.13,76469
1.14,76488
1.16,76816
1.16,76540
1.16,76563
1.16,76709
1.17,75879
1.17,75929
1.17,76131
1.18,76165
1.19,76659
1.19,77117
1.19,76455
1.20,76313
1.20,76382
1.20,76460
1.20,76545
1.21,77949
1.21,78053
1.21,77277
1.21,76784
1.21,76863
1.21,76785
1.22,76878
1.22,77060
1.22,77026
1.23,75373
1.24,74865
1.24,74868
1.25,74439
1.25,74465
1.25,73600
1.26,73838
1.26,74036
1.26,73951
1.26,73393
1.26,73638
1.27,73672
1.28,73337
1.28,72973
1.29,72556
1.30,72282
1.30,72850
1.30,73186
1.31,73817
1.31,74262
1.31,74323
1.33,73878
1.34,73716
1.34,71773
1.34,71825
1.36,71380
1.36,71110
1.40,71380
1.41,71134
1.42,71281
1.42,70837
1.43,71281
1.43,71202
1.45,71567
1.45,71571
1.46,71883
1.46,72129
1.47,72176
1.47,71654
1.48,71086
1.48,70706
1.48,70654
1.48,70767
1.51,70888
1.52,70824
1.52,70928
1.53,70791
1.54,70644
1.54,70711
1.56,70471
1.57,70266
1.57,70104
1.58,69847
1.60,69553
1.60,68702
1.60,68059
1.61,67993
1.62,67638
1.67,67332
1.67,67089
1.69,66639
1.71,66476
1.73,65717
1.74,65719
1.75,65632
1.78,65032
1.78,64785
1.81,64639
2.00,64637
2.15,64639
2.23,64637
2.24,64278
2.28,63946
2.32,63914
2.67,63177
2.71,63179
2.80,63177
