0.30,181900
0.32,174768
0.36,166890
0.41,166620
0.43,161844
0.47,160965
0.54,155274
0.56,151129
0.59,149969
0.65,147528
0.67,130545
0.73,128866
0.84,128842
0.88,126783
0.93,121133
1.04,120623
1.06,120389
1.14,119659
1.17,119421
1.19,119339
1.23,117304
1.25,116849
1.30,112724
1.38,110289
1.48,109998
1.52,103949
1.61,103528
1.63,101150
1.81,100857
1.89,99081
1.94,98047
1.96,91692
2.36,90686
2.43,86398
2.62,86333
2.66,84945
2.68,83759
2.70,83500
2.74,82402
2.89,81084
2.93,80533
3.02,79438
3.18,79057
3.35,78893
3.44,78892
3.48,78479
3.51,77941
3.68,77891
3.70,76258
3.83,76074
3.86,75878
3.97,75663
4.00,75113
4.06,74679
4.25,73870
4.32,73736
4.38,72949
4.52,71704
4.96,71634
5.10,69868
5.19,69768
5.57,69725
5.67,68470
5.97,68283
5.99,67905
6.39,67337
6.81,66941
6.84,66135
7.35,64963
7.52,63469
7.61,62426
7.68,61982
7.92,61842
8.11,61745
8.35,60298
9.52,60061
9.54,59703
10.04,58954
10.96,58501
11.79,57929
12.08,57605
12.54,57529
12.71,56730
15.07,56356
