0.30,188763
0.32,180636
0.37,174428
0.41,170445
0.43,162236
0.46,155457
0.50,152954
0.53,149010
0.55,147397
0.60,145377
0.64,145162
0.65,144973
0.71,132145
0.76,132108
0.78,125613
0.87,122751
0.94,121142
0.96,119613
0.98,119404
1.01,118780
1.03,118691
1.05,112142
1.08,110726
1.12,110062
1.17,108974
1.19,106560
1.24,104853
1.30,101287
1.32,98192
1.34,97330
1.46,94541
1.58,94445
1.60,92259
1.74,91522
1.79,91093
1.81,90866
1.85,88900
1.97,87861
2.01,87314
2.06,84704
2.31,82738
2.34,82502
2.38,81110
2.61,80422
2.71,78096
2.97,76260
3.13,75765
3.15,74765
3.53,74092
3.65,73718
3.69,73114
3.88,71597
4.25,71167
4.41,70572
4.46,70373
4.78,70326
4.81,69504
5.05,69169
5.19,69129
5.28,69022
5.46,68622
5.55,67730
5.59,67368
5.84,66670
5.96,65967
6.01,65844
6.06,65825
6.13,65476
6.23,65088
6.34,64996
6.53,64362
6.61,64250
6.65,64062
6.75,63831
6.82,63224
7.04,62312
7.94,62131
8.29,61535
8.60,61482
9.15,61462
9.44,61328
9.49,61156
9.75,60902
10.35,60888
10.66,60885
10.88,60884
10.92,60630
11.95,60325
12.82,60062
13.34,59645
13.92,58588
14.52,58571
15.30,58417
15.37,58118
16.97,57768
