0.27,177363
0.31,174704
0.32,169993
0.34,168128
0.38,167333
0.41,164085
0.43,158637
0.49,157401
0.52,152284
0.55,151264
0.59,147911
0.62,144312
0.64,142446
0.70,134789
0.75,134261
0.82,134034
0.84,131404
0.89,130824
0.92,125834
0.94,125415
0.96,122951
1.07,119609
1.10,118244
1.14,113197
1.28,108197
1.36,105458
1.43,102013
1.49,101611
1.68,99899
1.70,99222
1.71,98889
1.78,97426
1.82,97274
1.98,96684
2.08,95455
2.14,92710
2.22,91678
2.24,90494
2.34,90332
2.38,88853
2.45,87788
2.48,87273
2.52,87027
2.59,86907
2.66,86904
2.73,86351
2.81,86177
3.02,85998
3.04,85520
3.06,85105
3.09,84945
3.13,84595
3.14,83392
3.30,81690
3.37,80770
3.64,80698
3.65,77891
3.93,76585
4.04,75522
4.09,74333
4.62,74282
4.64,72627
4.80,71013
5.64,69910
5.89,69344
6.28,69134
6.35,69108
6.49,68999
6.51,68722
6.56,68461
6.60,67837
6.67,67619
6.92,66714
7.37,66495
7.84,66182
7.94,65163
8.25,65105
8.41,64806
8.43,64526
8.52,64428
8.63,64391
8.77,64200
8.83,64146
8.86,63899
8.90,63714
9.01,63622
9.04,63272
9.29,62968
9.53,62933
9.60,62913
9.62,62899
9.78,62878
9.89,62864
10.07,62823
10.14,62809
10.38,62511
10.54,62324
10.94,61549
11.15,61255
11.69,59899
12.23,59508
12.62,59268
12.95,59206
13.79,59171
14.67,59064
15.25,58913
16.05,58909
17.14,58505
17.75,58398
