0.30,181097
0.35,172995
0.37,166608
0.43,158703
0.46,153039
0.54,152292
0.58,149376
0.61,145991
0.63,142248
0.72,141768
0.74,141372
0.76,131754
0.85,130993
0.87,127620
0.89,123375
1.05,122135
1.07,121455
1.09,120667
1.11,120150
1.13,116797
1.18,112150
1.40,109355
1.42,107289
1.53,106431
1.58,104094
1.63,102556
1.67,102290
1.71,101499
1.80,100391
1.92,99369
2.07,97744
2.12,97541
2.14,97530
2.17,96488
2.24,95660
2.34,95108
2.38,94946
2.45,93784
2.46,90620
2.68,90319
2.75,88883
2.86,87309
3.03,87188
3.07,87020
3.09,85097
3.14,84241
3.29,83768
3.34,82314
3.37,82068
3.58,81142
3.66,80485
3.90,78170
4.04,77398
4.26,77121
4.42,76654
4.55,76388
4.67,75280
5.23,75086
5.55,75085
5.57,74671
5.71,73729
5.80,73661
5.82,73419
5.89,73128
5.91,71336
6.16,70100
6.20,68292
6.27,68053
6.55,67841
6.59,67815
6.62,66897
6.71,66742
6.77,66430
6.89,66139
6.97,65454
7.13,64641
7.77,64442
7.98,64417
8.10,63980
8.42,63776
8.43,63732
8.77,62127
9.31,61951
9.64,61389
11.19,60964
11.49,60932
12.37,60740
14.33,60500
