0.20,393354
0.20,393896
0.20,387973
0.20,334556
0.20,327173
0.20,321400
0.20,317861
0.20,329754
0.20,318782
0.20,308001
0.21,315985
0.21,306750
0.21,289880
0.21,308627
0.21,314606
0.21,300846
0.21,294098
0.21,288119
0.21,289880
0.21,295859
0.21,311608
0.21,304088
0.21,303591
0.21,312442
0.21,311173
0.21,311615
0.21,314819
0.21,319283
0.21,325403
0.21,324468
0.21,324797
0.21,330715
0.21,312951
0.21,313839
0.21,326299
0.21,331040
0.21,311707
0.21,319227
0.21,316157
0.21,328965
0.21,310476
0.21,305735
0.21,290287
0.21,308776
0.21,290287
0.21,284308
0.21,298506
0.22,306756
0.22,302882
0.22,310866
0.22,311175
0.22,314352
0.22,312970
0.22,325357
0.22,330827
0.22,317400
0.22,317716
0.22,304305
0.22,301167
0.22,307146
0.22,301167
0.22,304201
0.22,296959
0.22,317640
0.22,315541
0.22,315308
0.22,322521
0.22,321586
0.22,312264
0.22,306888
0.22,295062
0.22,292262
0.22,311128
0.22,309572
0.22,310841
0.22,351260
0.22,349522
0.22,343878
0.22,365910
0.22,358828
0.22,359520
0.22,350669
0.22,349205
0.22,331014
0.22,332742
0.22,333186
0.22,323383
0.22,321016
0.22,329625
0.22,330069
0.22,324090
0.22,307540
0.23,307412
0.23,306752
0.23,306756
0.23,307127
0.23,298821
0.23,298693
0.23,300072
0.23,299756
0.23,298068
0.23,306141
0.23,302197
0.23,306444
0.23,284061
0.23,306752
0.23,312731
0.23,308541
0.23,303800
0.23,320757
0.23,317299
0.23,301065
0.23,309120
0.23,312153
0.23,313892
0.23,306601
0.23,297992
0.23,291748
0.23,303676
0.23,291748
0.24,297992
0.24,285184
0.24,298800
0.24,306373
0.24,304333
0.24,305268
0.24,319226
0.24,320526
0.24,328776
0.24,327216
0.24,331767
0.24,330469
0.24,311023
0.24,307509
0.24,311096
0.24,322379
0.24,314042
0.24,311166
0.24,310989
0.24,307045
0.24,310989
0.24,308189
0.24,306618
0.24,309418
0.24,307657
0.24,301915
0.24,303676
0.24,308517
0.24,307888
0.24,309720
0.24,313724
0.24,316847
0.24,320791
0.24,328555
0.24,325886
0.24,320096
0.24,317729
0.24,336317
0.24,338514
0.24,345521
0.24,340503
0.24,345521
0.24,321767
0.24,319550
0.25,324471
0.25,337144
0.25,346978
0.25,334305
0.25,300397
0.25,312407
0.25,304101
0.25,289103
0.25,299118
0.25,314667
0.25,295080
0.25,302322
0.25,306266
0.25,304422
0.25,296116
0.25,341994
0.25,341194
0.25,341994
0.25,341685
0.25,328109
0.25,333467
0.25,341377
0.25,339754
0.25,331065
0.25,328265
0.25,301877
0.25,297409
0.25,289103
0.25,301990
0.25,307732
0.25,337886
0.25,335327
0.25,321636
0.25,323553
0.25,321636
0.25,309708
0.25,321636
0.25,309708
0.25,303650
0.25,303363
0.26,297384
0.26,297671
0.26,304720
0.26,324685
0.26,306372
0.26,304108
0.26,296924
0.26,302158
0.26,305490
0.26,302158
0.26,294974
0.26,302158
0.26,294974
0.26,298038
0.26,298354
0.26,298896
0.26,299024
0.26,286466
0.26,308532
0.26,302934
0.26,306473
0.26,316360
0.26,326585
0.26,329318
0.26,329958
0.26,320912
0.26,323859
0.26,332531
0.26,330347
0.27,327536
0.27,307076
0.27,304879
0.27,293414
0.27,293782
0.27,293921
0.27,299380
0.27,301992
0.27,299380
0.27,303390
0.27,303254
0.27,306449
0.27,319860
0.27,310636
0.27,306085
0.27,300626
0.27,304570
0.27,304941
0.27,282122
0.27,288101
0.27,282122
0.28,280743
0.28,284075
0.28,294626
0.28,284075
0.28,285996
0.28,303363
0.28,291002
0.28,292971
0.28,292674
0.28,288800
0.28,305179
0.28,318795
0.28,348158
0.28,347520
0.28,315791
0.28,317066
0.28,311580
0.28,285516
0.28,301065
0.28,305786
0.28,301742
0.29,307484
0.29,304684
0.29,308728
0.29,313256
0.29,290919
0.29,290610
0.29,289228
0.29,289537
0.29,280752
0.29,287063
0.29,280752
0.29,286975
0.29,284175
0.29,277952
0.30,279537
0.30,282337
0.30,279537
0.30,277952
0.30,279537
0.30,285310
0.30,279537
0.30,277952
0.31,283931
0.31,293486
0.31,294784
0.31,301675
0.31,297570
0.31,306179
0.31,306150
0.31,298166
0.31,295133
0.31,296810
0.31,297570
0.31,296810
0.32,288504
0.32,286475
0.32,288504
0.32,289264
0.32,296104
0.32,309740
0.32,309832
0.32,307573
0.32,305929
0.32,285996
0.32,292971
0.32,291002
0.32,292971
0.32,297288
0.32,297656
0.32,309728
0.33,309129
0.33,297288
0.33,292971
0.33,292674
0.33,288800
0.33,294779
0.33,295150
0.33,294706
0.33,288727
0.33,290997
0.33,294941
0.33,296320
0.33,297964
0.34,293789
0.34,303057
0.34,305443
0.34,296175
0.34,293789
0.34,296175
0.34,308942
0.34,301096
0.34,299579
0.34,298867
0.34,300605
0.34,297273
0.34,286722
0.34,290287
0.34,290097
0.34,290287
0.34,289745
0.34,286428
0.34,279537
0.34,277952
0.34,280752
0.34,277952
0.34,279537
0.35,277952
0.35,280752
0.35,287063
0.35,290845
0.35,282337
0.35,280752
0.35,277952
0.35,279537
0.35,286428
0.36,289228
0.36,308449
0.36,300685
0.36,291461
0.36,301315
0.36,291461
0.36,300685
0.36,308449
0.36,282384
0.36,284278
0.36,290257
0.36,284278
0.36,288480
0.37,284278
0.37,293383
0.37,284278
0.37,287078
0.37,295062
0.37,297112
0.37,297737
0.37,282337
0.37,290845
0.37,288805
0.37,292236
0.37,295771
0.37,292236
0.37,296018
0.37,294257
0.37,291246
0.37,285023
0.37,287063
0.37,280752
0.37,282337
0.37,279537
0.37,277952
0.38,284175
0.38,286975
0.38,288560
0.38,285760
0.38,284175
0.38,277952
0.38,285023
0.38,277952
0.39,283931
0.39,277952
0.39,280752
0.39,277952
0.39,279537
0.40,290196
0.40,292996
0.40,282337
0.40,279537
0.40,285516
0.40,283931
0.40,285516
0.41,292407
0.41,286428
0.41,279537
0.41,277952
0.41,283931
0.42,285516
0.42,283931
0.42,277952
0.42,283931
0.42,277952
0.42,283931
0.42,285516
0.42,279537
0.43,277952
0.43,280752
0.44,287063
0.44,285077
0.44,282337
0.44,279537
0.45,282337
0.45,280752
0.45,277952
0.45,279537
0.45,277952
0.45,279537
0.45,285760
0.45,287810
0.46,285760
0.46,279537
0.46,277952
0.46,284175
0.46,285760
0.46,279537
0.46,282337
0.47,279537
0.47,277952
0.47,284175
0.47,285760
0.47,284175
0.47,277952
0.47,283931
0.47,285516
0.47,279537
0.48,277952
0.48,279537
0.48,277952
0.48,284175
0.48,277952
0.48,280752
0.48,282337
0.48,280752
0.49,277952
0.51,279537
0.51,277952
0.51,280752
0.53,277952
0.53,280752
0.53,282337
0.53,279537
0.54,277952
0.54,279537
0.54,277952
0.55,279537
0.56,277952
0.56,280752
0.56,277952
0.57,280752
0.57,282337
0.57,285077
0.57,287063
0.57,280752
0.58,282337
0.58,280752
0.58,277952
0.61,279537
0.62,277952
0.62,279537
0.62,277952
0.64,279537
0.64,277952
