0.31,576855
0.31,560221
0.31,560435
0.31,560856
0.31,562525
0.31,564647
0.31,567753
0.31,564275
0.31,542982
0.31,543338
0.31,543545
0.31,544527
0.31,549990
0.31,549108
0.31,547983
0.31,542104
0.31,550569
0.31,553042
0.31,529017
0.31,534993
0.31,523932
0.31,523267
0.32,522097
0.32,510726
0.32,512823
0.32,504742
0.32,504831
0.32,505206
0.32,510425
0.32,511678
0.32,517402
0.32,517891
0.32,500025
0.32,493662
0.32,497726
0.32,498582
0.32,500473
0.32,501448
0.32,505866
0.32,508362
0.32,501956
0.32,500340
0.32,501090
0.32,503539
0.32,494301
0.32,512560
0.32,498653
0.32,499263
0.32,497347
0.32,488253
0.32,487694
0.32,487921
0.32,485525
0.32,476657
0.32,477934
0.32,477986
0.32,475775
0.32,475214
0.32,475219
0.32,479609
0.33,476099
0.33,473188
0.33,474581
0.33,472697
0.33,471346
0.33,475384
0.33,482247
0.33,485390
0.33,481345
0.33,477026
0.33,475585
0.33,478083
0.33,477920
0.33,478671
0.33,470535
0.33,443681
0.33,447427
0.33,449171
0.33,447141
0.33,444775
0.33,451775
0.33,453075
0.33,442754
0.33,441759
0.33,443607
0.33,440235
0.33,439716
0.33,443963
0.33,450988
0.33,441939
0.33,440815
0.33,442091
0.33,432419
0.34,436194
0.34,433712
0.34,434171
0.34,440194
0.34,438648
0.34,442952
0.34,437444
0.34,431500
0.34,433312
0.34,435834
0.34,431726
0.34,428656
0.34,434065
0.34,432916
0.34,431456
0.34,425787
0.34,427266
0.34,436415
0.34,436315
0.34,447107
0.34,446468
0.34,455231
0.34,443288
0.34,448163
0.34,442841
0.35,445212
0.35,446146
0.35,451188
0.35,448566
0.35,439648
0.35,439047
0.35,434487
0.35,433929
0.35,440472
0.35,440602
0.35,447245
0.35,442045
0.35,437875
0.35,437782
0.35,421363
0.35,420035
0.35,416902
0.35,433774
0.35,440671
0.35,437902
0.35,439102
0.35,423446
0.35,427765
0.36,423267
0.36,421338
0.36,421216
0.36,423287
0.36,421216
0.36,426275
0.36,414380
0.36,415846
0.36,416429
0.36,423114
0.36,425751
0.36,432818
0.36,433352
0.36,433381
0.36,433352
0.36,436587
0.36,444075
0.36,447005
0.36,441921
0.36,444709
0.37,447408
0.37,437055
0.37,439704
0.37,434720
0.37,438212
0.37,440161
0.37,453871
0.37,452001
0.37,456645
0.37,456339
0.37,462168
0.37,444595
0.37,429958
0.37,432139
0.37,428959
0.37,440556
0.37,428296
0.37,426827
0.37,427927
0.37,436034
0.37,435435
0.37,435821
0.37,435427
0.37,433217
0.37,426432
0.38,435643
0.38,433776
0.38,457544
0.38,468411
0.38,459297
0.38,458385
0.38,457271
0.38,448566
0.38,444209
0.38,439357
0.38,440660
0.38,426136
0.38,436567
0.38,442565
0.38,436590
0.38,438536
0.38,433547
0.38,434945
0.38,430586
0.38,429023
0.38,425458
0.38,442382
0.39,445332
0.39,446714
0.39,446532
0.39,452371
0.39,427717
0.39,430251
0.39,427881
0.39,434040
0.39,428531
0.39,431940
0.39,437164
0.39,435289
0.39,439926
0.39,442761
0.39,442063
0.39,446367
0.39,447941
0.39,459334
0.39,450948
0.39,456798
0.39,444682
0.39,443295
0.39,440273
0.39,439962
0.39,440185
0.39,444059
0.39,454841
0.39,455615
0.39,458023
0.39,461220
0.40,451426
0.40,452239
0.40,452762
0.40,448144
0.40,451958
0.40,452351
0.40,462895
0.40,463988
0.40,483964
0.40,483423
0.40,478303
0.40,476742
0.40,470962
0.40,469085
0.40,475516
0.40,478357
0.40,478183
0.40,479654
0.40,483385
0.40,479843
0.40,488329
0.40,487898
0.40,488749
0.40,494707
0.40,496984
0.40,494480
0.40,494553
0.40,493418
0.40,495016
0.40,497914
0.40,499979
0.40,499671
0.40,497430
0.41,493944
0.41,491838
0.41,496476
0.41,493167
0.41,496197
0.41,496754
0.41,499560
0.41,501510
0.41,508134
0.41,506657
0.41,508049
0.41,506316
0.41,507930
0.41,507442
0.41,509816
0.41,507465
0.41,510497
0.41,502734
0.41,500896
0.41,505061
0.41,505165
0.41,509628
0.41,504732
0.41,505806
0.41,506637
0.41,491795
0.41,489660
0.41,480901
0.41,472398
0.41,479621
0.41,481655
0.42,474396
0.42,467874
0.42,457757
0.42,472466
0.42,470700
0.42,471442
0.42,474016
0.42,471328
0.42,466901
0.42,473492
0.42,479115
0.42,477880
0.42,473746
0.42,477163
0.42,476030
0.42,475075
0.42,475702
0.42,468831
0.42,478328
0.42,476610
0.42,473873
0.43,474518
0.43,470419
0.43,452316
0.43,451171
0.43,447136
0.43,456234
0.43,451648
0.43,450432
0.43,458231
0.43,456386
0.43,457243
0.43,458309
0.43,451853
0.43,452976
0.43,453614
0.43,460883
0.43,462898
0.43,461618
0.43,469387
0.43,466694
0.43,461182
0.43,460449
0.43,459026
0.43,470611
0.43,458150
0.43,456975
0.43,458121
0.43,447124
0.43,449953
0.44,454660
0.44,452784
0.44,445729
0.44,445540
0.44,435915
0.44,437216
0.44,437652
0.44,439286
0.44,431799
0.44,431850
0.44,426414
0.44,427285
0.44,427918
0.44,427925
0.44,431795
0.44,431570
0.44,437560
0.44,436528
0.44,434269
0.44,434562
0.44,444964
0.44,447710
0.44,444558
0.44,448644
0.45,454191
0.45,450244
0.45,458738
0.45,466916
0.45,468235
0.45,468034
0.45,469347
0.45,470049
0.45,469713
0.45,464599
0.45,465522
0.45,459055
0.45,455903
0.45,453472
0.45,453850
0.45,457073
0.45,455770
0.45,451614
0.45,451706
0.45,440821
0.45,448389
0.45,443699
0.45,457052
0.45,457292
0.45,457348
0.46,454955
0.46,462262
0.46,461505
0.46,478923
0.46,484822
0.46,483276
0.46,482740
0.46,471131
0.46,464089
0.46,470710
0.46,477130
0.46,480583
0.46,479825
0.46,460400
0.46,454011
0.46,454532
0.46,458202
0.46,458722
0.46,459610
0.46,447586
0.46,454650
0.46,454650
0.46,451314
0.46,446949
0.46,440201
0.46,446328
0.46,448082
0.46,448447
0.46,451169
0.46,450159
0.46,445162
0.46,443536
0.46,443308
0.46,442431
0.46,443136
0.47,434626
0.47,432624
0.47,423209
0.47,424005
0.47,425736
0.47,425397
0.47,424383
0.47,421082
0.47,422846
0.47,422797
0.47,425924
0.47,425204
0.47,423898
0.47,412785
0.47,413744
0.47,419793
0.47,422270
0.47,417947
0.47,418931
0.47,420027
0.47,421156
0.47,418072
0.47,419968
0.47,416556
0.47,424403
0.47,425732
0.47,432307
0.47,432679
0.47,434189
0.47,435228
0.47,431213
0.47,450463
0.48,458941
0.48,459778
0.48,466531
0.48,463499
0.48,460504
0.48,449067
0.48,447060
0.48,442533
0.48,425268
0.48,420334
0.48,420593
0.48,409717
0.48,416894
0.48,415978
0.48,421550
0.48,417785
0.48,414962
0.48,416002
0.48,428427
0.48,428189
0.48,430852
0.48,431854
0.48,427654
0.48,433686
0.49,439143
0.49,440462
0.49,441105
0.49,444316
0.49,445906
0.49,453191
0.49,452782
0.49,448991
0.49,456596
0.49,462808
0.49,456967
0.49,460624
0.49,463173
0.49,454288
0.49,457528
0.49,465025
0.49,486594
0.49,478079
0.49,476328
0.49,468159
0.49,472114
0.49,473308
0.49,472250
0.49,459447
0.49,460128
0.49,463026
0.49,464611
0.49,465742
0.49,465236
0.49,464221
0.49,453875
0.49,453293
0.50,454750
0.50,455048
0.50,454148
0.50,451451
0.50,451811
0.50,449175
0.50,447827
0.50,444221
0.50,444816
0.50,439596
0.50,441773
0.50,436470
0.50,429497
0.50,422014
0.50,426687
0.50,421668
0.50,423027
0.50,418786
0.50,420585
0.50,419000
0.50,434339
0.50,426667
0.50,429582
0.50,428456
0.50,426543
0.50,419214
0.50,422174
0.51,422133
0.51,425322
0.51,427957
0.51,417909
0.51,419394
0.51,420902
0.51,410935
0.51,410281
0.51,410144
0.51,410933
0.51,411805
0.51,412021
0.51,409679
0.51,418936
0.51,412199
0.51,406642
0.51,405007
0.51,411884
0.51,413238
0.51,422585
0.51,422068
0.51,419971
0.51,428430
0.51,427115
0.51,424808
0.51,430252
0.51,433790
0.51,439797
0.51,439078
0.51,439050
0.52,439574
0.52,443171
0.52,445285
0.52,444413
0.52,445539
0.52,446792
0.52,447165
0.52,444627
0.52,449261
0.52,454192
0.52,454396
0.52,456805
0.52,454139
0.52,456819
0.52,460693
0.52,459423
0.52,457286
0.52,448960
0.52,446820
0.52,441636
0.52,442343
0.52,438976
0.52,440430
0.52,439188
0.52,436785
0.52,434346
0.52,440325
0.52,442145
0.52,442977
0.52,440081
0.53,447201
0.53,448244
0.53,451061
0.53,451441
0.53,451250
0.53,459204
0.53,454553
0.53,455143
0.53,455540
0.53,457902
0.53,458035
0.53,458525
0.53,461563
0.53,459900
0.53,456063
0.53,455917
0.53,456395
0.53,459235
0.53,464566
0.53,466787
0.53,452753
0.53,452716
0.53,452153
0.54,453269
0.54,450167
0.54,450220
0.54,450798
0.54,452340
0.54,449587
0.54,452434
0.54,453822
0.54,454628
0.54,455148
0.54,452266
0.54,450139
0.54,451325
0.54,446793
0.54,450035
0.54,449854
0.54,448593
0.54,448631
0.54,453409
0.54,451204
0.54,454057
0.54,449885
0.54,449371
0.55,450122
0.55,449251
0.55,453009
0.55,451442
0.55,452257
0.55,459447
0.55,459124
0.55,458344
0.55,453974
0.55,459820
0.55,459544
0.55,453948
0.55,453146
0.55,440450
0.55,440093
0.55,438503
0.55,438489
0.55,438125
0.55,438482
0.55,441341
0.55,458066
0.55,449921
0.55,445221
0.55,443963
0.55,445761
0.56,438092
0.56,439727
0.56,439668
0.56,438459
0.56,436483
0.56,434695
0.56,427936
0.56,422520
0.56,434894
0.56,431382
0.56,429814
0.56,430115
0.56,431186
0.56,419692
0.56,419356
0.56,421041
0.56,425018
0.56,424422
0.56,422956
0.56,425243
0.56,426657
0.56,418610
0.56,419490
0.57,417651
0.57,417991
0.57,418794
0.57,414598
0.57,415444
0.57,421209
0.57,425721
0.57,422193
0.57,411451
0.57,407092
0.57,406276
0.57,410655
0.57,409012
0.57,405729
0.57,411472
0.57,409683
0.57,407750
0.58,405914
0.58,406885
0.58,415153
0.58,414346
0.58,415615
0.58,417354
0.58,415766
0.58,417227
0.58,420179
0.58,410142
0.58,414661
0.58,420552
0.58,412924
0.58,414401
0.58,414302
0.58,418204
0.58,411025
0.58,407069
0.58,404576
0.58,399965
0.58,400358
0.58,404160
0.58,402428
0.59,406842
0.59,408575
0.59,416953
0.59,417062
0.59,411586
0.59,416094
0.59,425111
0.59,424473
0.59,421936
0.59,424041
0.59,424046
0.59,434073
0.59,432579
0.59,430770
0.59,430311
0.59,431374
0.59,424342
0.59,424079
0.59,426791
0.59,415269
0.59,415764
0.59,435812
0.59,437791
0.59,439769
0.59,439236
0.59,437289
0.59,437154
0.59,439704
0.59,430417
0.59,435973
0.59,434647
0.60,429354
0.60,429736
0.60,435437
0.60,433890
0.60,433966
0.60,445125
0.60,441713
0.60,442938
0.60,439603
0.60,438200
0.60,434305
0.60,433471
0.60,435119
0.60,438422
0.60,438269
0.60,439234
0.60,436769
0.60,437503
0.60,437762
0.60,430857
0.60,439375
0.60,443881
0.60,441816
0.61,435550
0.61,437941
0.61,436741
0.61,437165
0.61,427609
0.61,416748
0.61,419548
0.61,421362
0.61,432268
0.61,432178
0.61,434984
0.61,439965
0.61,440566
0.61,441682
0.61,445979
0.61,456821
0.61,458102
0.61,457613
0.61,452289
0.61,455621
0.61,457333
0.61,460968
0.61,453464
0.62,457379
0.62,454294
0.62,448187
0.62,448282
0.62,453157
0.62,444116
0.62,432956
0.62,436196
0.62,438286
0.62,442836
0.62,438278
0.62,441081
0.62,446966
0.62,447016
0.62,444917
0.62,446071
0.62,448073
0.63,437185
0.63,436128
0.63,434471
0.63,439214
0.63,438050
0.63,439813
0.63,433800
0.63,437287
0.63,425024
0.63,422698
0.63,421901
0.63,421824
0.63,424830
0.63,424406
0.63,424660
0.63,430833
0.63,436873
0.63,434898
0.63,434878
0.63,439416
0.63,434444
0.63,435262
0.63,434794
0.63,435094
0.63,423817
0.64,427018
0.64,425365
0.64,424687
0.64,428570
0.64,426341
0.64,427242
0.64,416131
0.64,412949
0.64,413399
0.64,419021
0.64,414959
0.64,410307
0.64,412073
0.64,419076
0.64,417498
0.64,414673
0.64,413468
0.64,414384
0.64,414063
0.64,409489
0.64,408640
0.64,410852
0.64,399886
0.64,405493
0.64,407549
0.64,402917
0.65,401594
0.65,401061
0.65,402983
0.65,401438
0.65,402624
0.65,401502
0.65,402815
0.65,402222
0.65,397010
0.65,398908
0.65,396308
0.65,395305
0.65,402835
0.65,400470
0.65,400578
0.65,393927
0.65,390741
0.66,390673
0.66,392170
0.66,392825
0.66,395451
0.66,394620
0.66,400810
0.66,401054
0.66,399767
0.66,406538
0.66,414405
0.66,415989
0.66,424630
0.66,429319
0.66,430013
0.66,432041
0.66,424561
0.66,427300
0.66,421620
0.66,421157
0.66,423666
0.66,425048
0.66,430883
0.66,428151
0.66,426680
0.67,427342
0.67,431326
0.67,428031
0.67,424694
0.67,419296
0.67,417082
0.67,414190
0.67,412334
0.67,412821
0.67,411076
0.67,414693
0.67,412853
0.67,416046
0.67,413400
0.67,432800
0.67,431527
0.67,429168
0.67,425464
0.68,429713
0.68,429465
0.68,429919
0.68,434422
0.68,434178
0.68,430533
0.68,423867
0.68,422744
0.68,423673
0.68,420656
0.68,425741
0.68,427022
0.68,429230
0.68,432425
0.68,432039
0.68,430889
0.68,433489
0.68,436147
0.68,437320
0.68,438067
0.68,417296
0.68,411935
0.68,413957
0.68,417068
0.68,415925
0.68,418555
0.69,423958
0.69,425306
0.69,429507
0.69,429287
0.69,427841
0.69,427755
0.69,427166
0.69,425277
0.69,422758
0.69,421093
0.69,420907
0.69,395482
0.69,395665
0.69,398395
0.69,400789
0.69,402781
0.69,400322
0.69,402904
0.69,404642
0.69,405549
0.69,405358
0.70,405978
0.70,407833
0.70,405641
0.70,421084
0.70,421849
0.70,416014
0.70,430950
0.70,428484
0.70,432975
0.70,437436
0.70,436375
0.70,443339
0.70,445022
0.70,434325
0.70,430436
0.70,429583
0.70,427464
0.70,425859
0.70,435088
0.70,434908
0.70,426989
0.70,427244
0.71,426541
0.71,428329
0.71,428241
0.71,432826
0.71,435160
0.71,441099
0.71,437481
0.71,444063
0.71,438687
0.71,439559
0.71,439504
0.71,438433
0.71,427087
0.71,429910
0.71,422631
0.71,422780
0.71,423300
0.72,419696
0.72,422994
0.72,419871
0.72,422760
0.72,422815
0.72,418366
0.72,421526
0.72,420275
0.72,421409
0.72,429263
0.72,428506
0.72,429553
0.72,428944
0.72,425739
0.72,422959
0.72,427326
0.72,421675
0.72,422040
0.72,418839
0.72,414871
0.72,416430
0.73,414983
0.73,413970
0.73,414691
0.73,409417
0.73,403550
0.73,413705
0.73,411297
0.73,411442
0.73,416605
0.73,416176
0.73,414860
0.73,417050
0.73,405276
0.73,405381
0.73,404340
0.73,406640
0.73,408180
0.73,407526
0.73,404716
0.73,403491
0.73,406180
0.74,407311
0.74,412379
0.74,410084
0.74,410894
0.74,399204
0.74,399405
0.74,400008
0.74,398055
0.74,399400
0.74,399378
0.74,398442
0.74,397058
0.74,400192
0.74,405386
0.74,408397
0.74,408897
0.75,403630
0.75,401460
0.75,402569
0.75,391679
0.75,398619
0.75,399560
0.75,384414
0.75,383636
0.75,382818
0.75,384574
0.75,389033
0.75,379479
0.75,377219
0.75,377352
0.75,378907
0.76,379908
0.76,380832
0.76,385240
0.76,393229
0.76,407791
0.76,395352
0.76,404277
0.76,402481
0.76,406125
0.76,404693
0.76,404037
0.76,402765
0.76,405168
0.76,406754
0.76,415988
0.76,422686
0.77,421894
0.77,417344
0.77,416915
0.77,417719
0.77,411021
0.77,411677
0.77,406717
0.77,408022
0.77,405871
0.77,403249
0.77,404386
0.77,402081
0.77,403371
0.77,400672
0.78,392724
0.78,392571
0.78,397330
0.78,393927
0.78,392374
0.78,389220
0.78,390514
0.78,386618
0.78,383795
0.78,385846
0.78,385785
0.78,388136
0.78,401338
0.78,394195
0.78,388026
0.78,388391
0.79,389508
0.79,391590
0.79,395734
0.79,398528
0.79,396446
0.79,396568
0.79,404770
0.79,398521
0.79,400278
0.79,389685
0.79,391604
0.79,391446
0.79,389912
0.79,390586
0.79,389314
0.80,386263
0.80,380662
0.80,378258
0.80,380434
0.80,380789
0.80,383271
0.80,390613
0.80,381087
0.80,382460
0.80,380662
0.80,381463
0.80,379014
0.80,374812
0.80,373185
0.80,372882
0.80,373964
0.80,371563
0.80,372725
0.80,375667
0.80,373181
0.81,361125
0.81,363060
0.81,365227
0.81,371525
0.81,373072
0.81,372730
0.81,370718
0.81,368064
0.81,373390
0.81,374162
0.81,375050
0.81,381668
0.81,372806
0.81,370754
0.81,370700
0.81,356439
0.82,352882
0.82,354743
0.82,356791
0.82,355131
0.82,357010
0.82,357618
0.82,360864
0.82,350648
0.82,354275
0.82,355561
0.82,352194
0.82,350867
0.82,349834
0.82,351513
0.82,355501
0.82,356679
0.82,356776
0.82,353682
0.82,353159
0.82,357406
0.82,360955
0.83,366616
0.83,366498
0.83,367736
0.83,366307
0.83,365050
0.83,364269
0.83,361152
0.83,352781
0.83,355198
0.83,348679
0.83,348787
0.83,345929
0.83,346979
0.84,345074
0.84,350475
0.84,348867
0.84,346733
0.84,347465
0.84,346433
0.84,353449
0.84,357338
0.84,361303
0.84,355938
0.84,356326
0.84,353978
0.84,358267
0.84,357989
0.84,357607
0.84,358873
0.84,364825
0.84,361427
0.84,367365
0.85,367562
0.85,362637
0.85,364161
0.85,361574
0.85,355868
0.85,358437
0.85,361510
0.85,358673
0.85,360752
0.85,360693
0.85,360268
0.85,361863
0.86,358389
0.86,362758
0.86,358896
0.86,357335
0.86,358756
0.86,355422
0.86,359306
0.86,355677
0.86,354072
0.86,355076
0.86,358625
0.86,354455
0.86,354173
0.87,349083
0.87,355591
0.87,353215
0.87,359139
0.87,359206
0.87,361614
0.87,362880
0.87,368510
0.87,369203
0.87,369737
0.87,369991
0.87,376261
0.87,373074
0.87,369947
0.87,372504
0.87,363963
0.88,360413
0.88,362432
0.88,362369
0.88,362090
0.88,360486
0.88,361270
0.88,356368
0.88,356055
0.88,351206
0.88,354858
0.88,351887
0.88,347427
0.88,346736
0.88,347239
0.88,347738
0.88,348657
0.88,347444
0.88,343337
0.88,344542
0.89,344071
0.89,341226
0.89,340097
0.89,343318
0.89,344081
0.89,343201
0.89,346359
0.89,345632
0.89,346035
0.89,339853
0.89,340819
0.89,339013
0.89,338186
0.89,341519
0.89,345030
0.90,344494
0.90,345407
0.90,343259
0.90,342189
0.90,341637
0.90,345562
0.90,341456
0.90,340796
0.90,338801
0.90,336460
0.90,330068
0.90,330361
0.91,328268
0.91,330013
0.91,328781
0.91,328893
0.91,324678
0.91,324007
0.91,323232
0.91,322686
0.91,332833
0.91,335079
0.91,332850
0.92,322703
0.92,323535
0.92,322472
0.92,324283
0.92,322597
0.92,322961
0.92,323364
0.92,324511
0.92,322983
0.92,328575
0.93,333410
0.93,335584
0.93,337015
0.93,345188
0.93,344584
0.93,349458
0.93,346937
0.93,346579
0.93,343499
0.93,339934
0.93,339046
0.93,336230
0.94,337856
0.94,336245
0.94,336407
0.94,339083
0.94,342843
0.94,340609
0.94,341103
0.94,339583
0.95,339116
0.95,342163
0.95,341522
0.95,350234
0.95,347392
0.95,347761
0.95,348404
0.95,350787
0.95,350555
0.95,348822
0.95,346192
0.95,346423
0.95,347033
0.95,340984
0.95,340341
0.95,339359
0.95,340981
0.96,337776
0.96,341927
0.96,344284
0.96,345815
0.96,342612
0.96,343819
0.96,342441
0.96,341870
0.96,343591
0.96,337786
0.96,334964
0.97,334475
0.97,333558
0.97,330665
0.97,328944
0.97,327662
0.97,328614
0.97,330542
0.97,329550
0.97,328594
0.98,328722
0.98,327483
0.98,328163
0.98,327650
0.98,331219
0.98,331846
0.98,333681
0.98,335342
0.98,336794
0.98,337998
0.98,340552
0.99,344121
0.99,344183
0.99,344045
0.99,341920
0.99,342557
0.99,342370
0.99,342703
0.99,335140
0.99,328358
0.99,328704
0.99,330828
0.99,329640
0.99,330548
0.99,330294
0.99,326759
1.00,328995
1.00,322926
1.00,327533
1.00,329221
1.00,329494
1.00,329349
1.00,329552
1.00,324925
1.00,324889
1.00,324949
1.00,323587
1.00,322181
1.00,320358
1.00,317730
1.00,316586
1.01,316243
1.01,323057
1.01,324049
1.01,324076
1.01,323852
1.01,328644
1.01,328377
1.01,327883
1.01,328148
1.01,331553
1.01,330500
1.01,330190
1.01,326480
1.01,327158
1.01,322697
1.02,322151
1.02,321659
1.02,324049
1.02,317475
1.02,319449
1.02,317703
1.02,320152
1.02,314954
1.02,315421
1.02,314157
1.02,313637
1.03,317092
1.03,316119
1.03,315853
1.03,316336
1.03,311498
1.03,310561
1.03,310863
1.04,310679
1.04,306548
1.04,307791
1.04,308477
1.04,309038
1.04,310217
1.04,301874
1.04,304940
1.04,303482
1.04,301175
1.04,293904
1.04,297928
1.04,296868
1.04,297478
1.04,296873
1.05,296700
1.05,296767
1.05,292042
1.05,293595
1.05,292928
1.05,289908
1.05,289920
1.05,290038
1.05,286079
1.06,289475
1.06,289649
1.06,294255
1.06,298541
1.06,303648
1.06,309797
1.06,309394
1.06,309642
1.06,310421
1.06,305628
1.07,307112
1.07,308999
1.07,309334
1.07,309489
1.07,306870
1.07,304149
1.07,306918
1.07,306350
1.08,306368
1.08,305642
1.08,307232
1.08,306903
1.08,310226
1.08,309706
1.08,309951
1.09,310913
1.09,308727
1.09,305739
1.09,306006
1.09,307321
1.09,300142
1.09,302496
1.09,301085
1.09,302024
1.09,304131
1.09,291703
1.09,291849
1.09,292145
1.09,291466
1.10,291300
1.10,290184
1.10,285776
1.10,283627
1.10,283974
1.11,281662
1.11,279092
1.11,278762
1.11,278329
1.11,279780
1.11,281192
1.11,284635
1.11,287870
1.11,282977
1.12,282777
1.12,280353
1.12,280670
1.12,279664
1.12,278880
1.13,277009
1.13,277061
1.13,277609
1.13,277572
1.13,277494
1.13,280108
1.13,281005
1.13,281710
1.14,281474
1.14,281015
1.14,281904
1.14,281548
1.14,282143
1.14,285511
1.14,282902
1.14,285734
1.15,284150
1.15,281511
1.15,279753
1.15,280139
1.15,277873
1.15,278206
1.15,280535
1.15,277841
1.16,279370
1.16,272949
1.16,272559
1.16,271301
1.16,271254
1.16,272387
1.16,268852
1.16,264708
1.17,263362
1.17,263120
1.17,258521
1.17,256459
1.17,257465
1.17,258778
1.17,259134
1.17,260376
1.18,264499
1.18,264531
1.18,265281
1.18,265411
1.19,266742
1.19,265293
1.19,261651
1.19,259037
1.20,259394
1.21,261272
1.21,260332
1.21,259019
1.21,259138
1.22,260954
1.22,260765
1.22,261064
1.22,260621
1.22,262038
1.22,261955
1.22,262870
1.22,262651
1.23,262061
1.23,259902
1.23,259597
1.23,260371
1.23,259348
1.24,261513
1.24,261135
1.24,262909
1.24,259657
1.24,259727
1.24,262579
1.24,262544
1.25,261217
1.25,262975
1.25,263324
1.25,258295
1.26,258982
1.26,258585
1.26,256448
1.26,252828
1.26,251429
1.26,250885
1.26,249469
1.26,248425
1.26,243733
1.26,246613
1.26,245836
1.27,246169
1.27,248041
1.27,248462
1.27,243335
1.27,245283
1.27,245965
1.27,244169
1.27,243402
1.27,241315
1.27,243949
1.27,243976
1.28,244711
1.28,244137
1.28,244125
1.28,243835
1.29,243479
1.29,242475
1.29,243237
1.29,242535
1.29,239280
1.29,240123
1.29,240069
1.30,239530
1.30,240787
1.30,240642
1.30,240723
1.30,236042
1.30,234378
1.31,234194
1.31,234602
1.31,237256
1.31,239525
1.32,238416
1.32,238012
1.32,239388
1.32,239289
1.32,239309
1.32,238524
1.32,234984
1.33,235287
1.33,235630
1.33,235506
1.33,235745
1.33,237762
1.34,237886
1.34,238159
1.34,237988
1.34,234651
1.34,233700
1.34,233100
1.34,230805
1.35,230066
1.35,229907
1.36,226870
1.36,225384
1.36,221202
1.36,221821
1.37,220985
1.37,222287
1.37,221988
1.37,223515
1.38,223268
1.38,222231
1.38,222024
1.38,221948
1.39,223026
1.39,222253
1.39,221844
1.39,222815
1.39,223246
1.39,228732
1.40,229065
1.40,223088
1.40,221642
1.40,220900
1.40,221042
1.41,221265
1.41,222204
1.41,220642
1.41,220582
1.42,220066
1.42,219914
1.42,221644
1.42,221682
1.42,218003
1.43,218482
1.43,219722
1.43,218700
1.44,217848
1.44,220667
1.45,220814
1.46,221409
1.46,219229
1.46,218798
1.47,217376
1.47,216794
1.47,217537
1.48,218248
1.48,217952
1.48,217311
1.48,215975
1.48,214676
1.48,216641
1.48,216073
1.48,215174
1.50,214134
1.51,213764
1.51,213418
1.51,213474
1.51,211569
1.52,210392
1.52,210012
1.52,210365
1.52,211793
1.53,213600
1.53,212568
1.53,213121
1.53,212278
1.54,210663
1.54,205836
1.54,204856
1.55,203670
1.56,205464
1.56,204492
1.56,198702
1.57,197452
1.57,197099
1.59,196402
1.59,194619
1.59,192669
1.59,192761
1.59,191387
1.60,190552
1.60,191706
1.61,189352
1.63,188148
1.63,188750
1.64,188961
1.65,188277
1.65,188483
1.65,188887
1.67,188004
1.68,187097
1.68,187824
1.68,188178
1.68,188468
1.69,189073
1.69,188504
1.69,188187
1.69,188321
1.69,188302
1.71,187829
1.71,188663
1.72,188644
1.74,185982
1.75,187056
1.76,187801
1.77,186898
1.77,187518
1.78,188155
1.78,186868
1.80,184734
1.80,183544
1.80,184124
1.80,183544
1.80,184743
1.81,184106
1.81,184252
1.82,184263
1.83,183188
1.84,184320
1.84,184639
1.84,181868
1.85,180092
1.86,180898
1.87,181467
1.87,181236
1.87,181432
1.88,181293
1.88,181172
1.88,181319
1.89,181068
1.90,180355
1.90,180712
1.92,178236
1.92,178506
1.92,178219
1.94,177547
1.96,178070
1.97,178001
1.97,178192
1.98,177187
1.98,175891
1.98,175857
1.99,175567
2.03,174499
2.05,173810
2.05,173538
2.06,173434
2.06,173689
2.07,173448
2.10,172480
2.10,172055
2.12,170384
2.14,170643
2.14,170817
2.15,169590
2.15,168952
2.16,168823
2.17,168584
2.18,167866
2.19,167194
2.24,167432
2.24,167643
2.24,167401
2.24,167723
2.26,167744
2.27,167704
2.28,166523
2.33,166245
2.36,166165
2.38,165893
2.39,165701
2.42,165617
2.45,164495
2.49,164178
2.49,164328
2.52,164257
2.52,164240
2.53,163824
2.58,163821
2.58,163716
2.61,163188
2.67,162283
2.69,162543
2.70,162530
2.70,161847
2.73,161796
2.76,161812
2.76,161698
2.78,161106
2.78,161085
2.84,160693
2.85,159834
2.92,159871
2.92,159825
2.96,158849
3.00,158657
3.01,158609
3.10,158512
3.10,157268
3.13,156578
3.14,156500
3.14,156359
3.17,156332
3.17,155730
3.22,155526
3.24,154655
3.27,154486
3.30,154450
3.31,154264
3.40,154170
3.60,153949
3.81,153774
3.81,153690
3.96,153617
4.02,153543
4.10,152582
4.14,152491
4.36,152485
4.61,151544
4.62,151473
4.67,150755
4.73,150224
4.74,150093
4.76,149799
