0.33,476137
0.46,466344
0.51,451925
0.59,445888
0.63,441128
0.67,438840
0.72,420745
1.09,417157
1.13,407116
1.17,389936
1.29,382253
1.49,381147
1.57,359519
1.86,355634
2.15,352614
2.27,340675
2.35,338390
2.47,329050
2.59,322143
2.63,317334
2.84,315060
2.88,310207
3.23,307645
3.28,301978
3.36,294919
3.62,293636
3.66,286142
3.88,286034
4.04,283427
4.59,280283
4.69,280230
4.73,275280
4.88,269626
5.05,264666
5.23,258515
5.34,252331
5.38,252287
5.50,247216
5.87,239817
5.91,236367
6.43,235702
6.48,231618
6.52,227641
6.98,225361
7.02,221214
7.10,218773
8.17,211605
8.94,209539
9.47,208509
10.06,207716
10.72,206213
11.63,206209
11.86,203924
12.82,198818
