0.32,469995
0.45,462783
0.50,461945
0.54,455318
0.58,452723
0.62,439085
0.80,427018
0.92,426836
0.97,419939
1.05,419249
1.09,408897
1.18,404913
1.24,392799
1.98,383491
2.10,376228
2.32,372586
2.64,370478
2.75,367352
2.98,364008
3.09,357278
3.20,349428
3.37,341312
3.55,340082
4.27,332363
4.88,325473
5.09,324965
5.53,323958
5.85,312378
6.27,312132
6.60,308068
6.96,298996
7.66,291006
9.06,285897
9.43,283233
9.54,282081
9.73,281988
9.99,279374
10.14,279365
10.29,278312
10.43,267870
11.53,267470
11.85,258781
11.97,258232
13.00,258180
13.11,257005
13.56,244554
14.99,242046
16.17,238517
16.96,234835
17.07,233325
18.47,233162
18.92,232499
19.37,232030
19.70,228068
20.26,227106
20.92,224817
21.47,222346
21.81,221362
22.14,216141
22.68,212837
23.45,211955
23.78,210674
25.02,209471
25.14,206459
25.47,205621
25.80,204964
26.80,202347
26.91,201452
27.63,198740
28.30,198458
28.40,198280
29.17,192889
29.60,192186
30.60,190701
30.94,189957
31.05,187623
32.04,186308
32.92,184981
33.70,184587
34.67,182241
35.66,176192
38.62,175780
38.95,173338
39.07,172407
39.72,169720
39.82,166983
40.77,166947
41.65,163414
42.10,163304
43.25,162575
43.91,161811
44.68,160617
46.24,160075
46.47,159124
47.63,158019
47.98,156784
