0.14,593895
0.14,593484
0.14,592271
0.14,590362
0.14,584146
0.14,581964
0.14,580317
0.14,578993
0.15,577713
0.15,576091
0.15,575721
0.18,574979
0.18,573699
0.18,572077
0.18,571707
0.23,571199
0.24,571098
0.24,569774
0.26,568494
0.27,566872
0.27,566502
0.31,565638
0.33,564314
0.35,564310
0.37,562949
0.45,562023
1.17,561641
1.26,560974
3.59,560425
3.84,560281
3.84,559880
3.86,559540
3.86,558973
3.86,558958
6.85,558568
6.85,558001
7.07,557479
7.07,557078
7.08,556738
7.08,556171
7.09,556156
9.73,556023
9.73,555456
10.49,554950
10.50,553626
10.53,552346
10.56,550724
10.56,550354
10.65,549490
10.68,548166
10.72,548162
10.77,546801
10.90,545875
12.04,545493
12.20,544826
13.99,544600
17.02,543287
18.17,542959
18.86,542874
18.87,542504
18.90,541546
19.37,539443
19.41,538876
35.23,538786
35.23,538313
80.48,538136
179.38,537854
182.67,537729
194.83,537677
199.58,537357
216.97,537268
223.06,536791
223.71,536614
422.98,536573
432.72,536565
475.95,536540
476.09,536350
476.09,535783
505.48,535648
507.11,535563
507.14,535193
507.20,534235
508.19,532132
508.27,531565
539.43,531475
539.43,531002
