0.34,481704
0.38,477867
0.43,470221
0.47,464402
0.51,457816
0.56,437281
0.77,427538
0.98,414748
1.02,413707
1.07,412702
1.11,403404
1.15,400235
1.28,394611
1.40,387824
1.50,370575
1.72,357509
3.13,354514
3.23,337165
4.31,336631
4.54,331662
4.90,330741
5.01,322562
5.13,314942
5.47,313686
5.81,312283
6.04,298826
6.63,296913
6.85,296304
7.08,294157
7.74,283859
8.53,283506
8.75,275110
8.87,257267
11.38,255910
11.83,255502
11.94,255213
12.06,254114
12.17,250738
12.61,250386
12.71,250254
12.94,248589
13.05,246988
13.16,242403
14.07,241882
14.19,241753
14.53,240528
14.77,235316
15.07,234489
15.63,234333
16.08,233257
16.30,230367
16.41,229772
16.86,228291
16.98,228229
17.48,224570
17.92,222909
18.47,219823
18.80,216040
19.35,212871
19.46,211725
19.91,211105
20.11,206404
20.23,205346
20.35,203424
20.83,199978
20.98,198143
21.34,197974
21.38,193986
21.50,193767
21.65,191527
21.93,191107
22.00,190872
22.16,185995
22.48,184222
23.07,183377
23.79,183213
23.83,181787
23.87,181018
24.04,180520
24.16,179906
24.19,179171
24.27,178299
24.35,177558
24.75,177025
25.19,175801
25.82,175775
25.90,175505
26.05,175419
26.09,175294
26.14,174966
26.18,174918
26.22,174705
26.29,174239
26.59,174084
26.63,173477
26.71,172418
27.10,172301
27.18,172117
27.38,171658
27.54,170701
27.66,167313
29.21,166575
29.48,164926
29.61,164857
29.72,164483
30.04,164146
30.16,162536
30.32,160436
30.84,160095
31.15,159049
31.27,158708
31.75,155134
33.10,154626
34.13,154462
34.22,154134
34.57,153313
34.77,152596
35.25,151647
36.45,151305
36.60,151024
36.76,150950
36.92,150800
37.04,150767
37.44,149980
38.15,148380
38.71,147532
38.95,146712
39.19,146529
39.82,146523
40.23,144489
42.53,143473
43.68,143358
44.00,143213
44.12,143111
44.24,142770
44.49,142641
44.68,142010
44.80,141561
44.84,141482
45.00,140978
45.40,140779
45.44,140650
46.07,140633
46.32,140087
46.67,140052
46.91,139313
47.58,139248
49.32,138308
50.41,137735
50.51,137302
51.57,136625
52.05,135735
