0.29,468292
0.50,461853
0.59,447369
0.71,444542
0.79,437669
0.83,434980
0.92,430682
0.96,413878
1.13,402808
1.29,382103
1.54,376583
1.62,363220
2.02,360865
2.10,358365
2.18,352460
2.27,348297
2.35,334352
2.40,329468
2.98,325801
3.22,319654
4.04,307464
4.72,304826
4.92,297829
5.39,291057
6.10,290899
6.34,276010
7.88,275733
7.99,274291
8.11,270614
9.00,250492
11.23,243113
12.16,240818
12.28,236706
12.85,236363
13.08,235551
13.65,232628
13.74,228931
14.19,226512
14.30,221135
14.53,218359
16.47,216135
16.58,211571
18.03,207971
18.92,202741
19.47,200575
20.48,200160
21.15,198915
21.49,197490
22.24,195571
22.34,192732
23.55,192074
23.89,191995
24.02,191889
24.41,190860
24.49,189905
25.31,189605
25.42,188599
25.52,187861
25.83,187644
26.07,187149
26.18,183629
28.25,182952
29.59,182709
30.19,176097
32.83,175223
33.95,173257
34.96,170717
35.19,168768
36.20,168579
37.41,168081
37.58,167892
37.68,167709
38.12,166541
38.17,164829
39.77,162435
39.99,162166
42.78,159763
43.40,158904
44.06,157798
44.60,157127
45.66,155239
47.99,154915
48.88,154063
49.59,152120
51.32,151178
53.05,150933
53.46,148917
