0.32,474935
0.37,450475
0.49,447273
0.58,445298
0.67,440102
0.76,429004
0.84,421624
0.96,420067
1.00,406966
1.04,393130
1.25,362465
1.47,357852
1.55,347820
1.71,345439
1.91,342597
1.99,337750
2.04,330082
2.08,324143
2.12,319594
2.16,318439
2.25,315362
2.29,313479
2.43,304629
2.57,303381
2.97,303073
3.07,289693
3.41,287438
3.45,285002
3.54,284299
3.67,283229
3.71,281759
3.88,280155
3.93,268974
4.18,266087
4.43,265808
4.52,261019
4.99,260259
5.08,259434
5.12,258081
5.17,256578
5.21,251193
5.60,247497
5.91,247150
5.99,243078
6.07,239276
6.61,235814
6.75,234370
6.97,227527
8.68,226060
10.37,221414
10.48,217428
10.71,217051
11.95,208440
13.91,207683
14.14,199520
16.61,199405
17.29,198460
17.87,195752
17.99,192254
19.63,190031
19.97,188806
20.87,188303
21.09,187761
21.21,180855
22.89,180064
23.00,179671
23.75,173638
25.23,173456
25.88,172945
26.44,172494
27.24,172463
27.36,172420
27.47,170006
28.26,169314
28.36,167358
28.81,167252
29.04,166624
29.27,165675
29.71,165226
30.28,163425
31.79,162758
32.71,162082
33.15,162023
33.38,161345
33.72,160732
33.95,159739
34.18,159598
34.40,158985
35.69,155301
37.85,155014
38.75,147657
40.67,147656
41.07,147610
41.52,146581
41.75,144707
42.58,144162
43.00,141952
45.02,141212
45.92,139405
46.84,138875
47.74,138457
48.33,138271
50.01,137950
50.79,137427
52.80,136920
54.32,134671
54.88,134596
