0.29,461545
0.33,457840
0.46,447351
0.50,430394
0.67,430271
0.71,417173
0.79,415261
0.88,411712
0.92,407994
0.97,399521
1.01,381012
1.09,378075
1.38,377738
1.47,376991
1.51,376988
1.55,375813
1.59,365587
1.64,362142
1.81,357544
1.93,353510
1.98,340429
2.27,337509
2.39,337309
2.43,330249
2.50,327726
2.59,321517
2.85,317203
2.89,316535
3.01,313398
3.09,308131
3.38,298127
3.46,297957
3.54,288666
4.02,288039
4.10,285840
4.14,280604
4.31,276717
4.35,274224
4.46,272454
4.54,271496
4.78,267306
4.94,264735
5.22,253587
5.43,246264
5.67,246084
5.92,237832
6.29,235937
6.42,235057
6.46,232348
6.73,229796
6.98,229336
7.02,227286
7.06,226014
7.10,223950
7.46,219005
7.74,217281
7.94,216273
8.02,207135
8.99,205841
9.03,205488
9.11,204524
9.36,202467
9.60,202190
9.80,200061
9.88,199074
10.04,198466
10.21,195256
10.99,192084
12.23,189387
14.15,187764
14.55,185915
14.89,178170
17.79,178022
18.47,177878
18.91,177820
19.82,173593
22.26,173410
22.47,173361
22.68,171945
23.02,169502
23.65,168754
25.98,168542
26.68,165747
26.99,164383
27.91,162976
29.42,162715
31.12,162520
31.55,159684
32.30,159480
32.47,158280
32.55,156650
32.93,156612
33.01,156339
33.66,155337
33.70,152630
35.19,152281
35.51,150454
35.59,149878
36.00,148915
36.37,148900
36.45,146860
36.49,146367
36.69,144933
37.01,144743
37.09,144213
37.33,141384
37.53,141077
37.88,140808
37.92,140501
37.96,139913
38.73,139657
38.84,139337
39.73,139287
40.51,139050
40.73,139018
42.30,138711
43.68,138688
