0.25,471732
0.45,460594
0.49,455353
0.57,453020
0.61,439419
0.66,435244
0.70,429642
0.82,420117
0.90,414259
0.97,410894
1.13,400140
1.17,397993
1.29,396545
1.33,390211
1.41,377169
1.56,362413
2.13,361772
2.21,356389
2.25,352040
2.44,351046
2.48,350088
2.52,345060
2.60,339886
2.88,335180
2.92,332161
2.95,330068
3.03,329640
3.07,321350
3.23,317958
3.39,312929
3.62,311645
3.66,302209
3.86,300914
3.94,297997
4.02,296921
4.06,296797
4.22,295375
4.33,293803
4.37,292458
4.41,284191
4.53,274682
5.05,273999
5.09,261841
5.53,253444
5.88,251258
6.04,246211
6.12,238785
7.22,235210
7.31,234253
7.35,233358
7.51,228590
8.03,227149
8.15,226204
8.47,225923
8.51,216461
8.78,214977
8.86,208378
9.84,207896
10.28,201197
11.22,200071
11.43,197920
12.14,197781
12.34,196495
12.38,196462
12.54,193807
12.97,192303
13.00,190399
13.59,189570
14.14,187703
14.29,186497
14.64,185040
14.72,184974
15.04,178560
15.43,175322
16.30,174751
16.38,174276
16.70,173963
16.74,173206
16.77,173135
16.85,172014
17.13,171900
17.28,171773
17.32,171760
17.40,168603
17.72,167826
17.83,167482
17.91,166044
18.69,165698
18.73,165485
18.89,165138
18.97,162358
19.83,162306
19.99,162270
20.11,160584
20.30,157052
21.08,155286
21.97,154672
22.28,154331
22.48,154181
22.63,154125
22.67,153850
22.75,153023
22.91,151014
23.45,150971
24.31,150942
24.42,150646
24.54,149232
24.89,149017
25.43,148399
25.59,147043
25.74,146042
26.02,145175
26.17,143339
27.03,140984
28.47,140903
28.90,139923
29.56,139029
29.68,138806
30.96,138518
32.40,138427
32.98,137990
33.34,137434
33.49,136827
33.72,133467
35.43,132335
36.87,132048
38.54,130968
