0.36,477874
0.41,473094
0.49,465718
0.53,457242
0.57,454088
0.66,440652
0.70,432866
0.95,431160
1.00,423988
1.10,412840
1.87,408084
1.98,405767
2.09,404308
2.20,401884
2.31,393977
2.79,383813
2.90,376293
3.02,375367
3.47,360281
4.75,358565
4.96,354753
5.07,347203
5.24,343506
5.55,342461
5.66,340020
5.75,339805
6.01,336653
6.31,333238
6.61,328328
7.04,326665
7.14,325362
7.26,325025
7.36,311357
7.95,307295
8.20,307068
8.31,299652
8.43,297245
9.45,296245
9.68,289995
9.90,277506
10.13,269417
10.24,267827
11.01,261678
11.23,257771
12.25,256883
12.37,256255
13.05,254053
13.16,250999
13.48,250927
13.88,248729
14.10,248704
14.32,243878
14.71,240374
15.35,238888
16.01,234847
16.98,234344
17.28,229895
18.47,227727
18.86,224452
19.58,222474
19.91,219226
20.09,212843
21.50,212293
21.73,211401
21.99,210359
22.21,206990
22.56,206081
22.67,200953
22.78,199717
23.10,198767
23.33,198652
23.99,194670
24.98,194182
25.39,192875
25.49,189445
27.41,187943
27.87,185349
28.08,184296
28.99,182279
29.39,181974
30.96,181479
31.51,180389
32.16,180342
33.07,179400
33.29,179241
33.51,178015
35.35,176020
35.76,175956
36.19,175642
36.85,173911
36.97,171729
37.30,169260
37.64,168785
38.76,167188
