0.40,466770
0.58,438081
0.70,428150
0.83,413114
0.97,398019
1.18,392293
1.22,392214
1.31,374527
1.73,371238
1.81,365937
1.90,351805
2.19,351754
2.27,348711
2.31,338808
2.40,335989
2.69,330329
2.74,327166
2.78,324824
2.91,319822
2.95,316167
3.28,313497
3.32,311908
3.45,307241
3.50,287988
3.66,286990
3.79,283042
3.87,280522
3.92,280162
4.08,279715
4.13,276541
4.17,274604
4.25,269981
4.38,265969
4.50,260392
4.83,258615
5.29,254803
5.42,252365
5.47,244072
5.76,238958
6.09,238902
6.31,238889
6.52,236055
6.69,236014
6.82,235134
6.94,232282
7.11,230132
7.15,229875
7.28,227370
7.44,225977
7.65,224093
7.74,223396
7.95,222242
8.04,221920
8.12,220630
8.20,219033
8.29,216516
8.54,216136
8.79,215263
8.83,214903
8.91,213082
8.96,211625
9.08,211005
9.20,210798
9.25,208389
9.58,207921
9.71,203949
10.01,202591
10.26,201630
10.30,200663
10.55,199913
10.88,199141
10.97,196496
11.17,192374
12.05,190803
12.09,188834
12.81,180153
13.35,178788
13.60,178153
14.10,176517
14.77,175929
15.16,175624
15.32,175092
15.37,173485
15.62,172364
16.30,171656
16.34,171637
16.39,171339
16.64,171121
16.73,171093
16.81,168173
16.94,168047
17.02,166510
17.44,164768
17.52,163964
17.56,162010
18.41,161505
18.54,161194
18.62,160869
18.66,160813
18.75,157522
19.51,157079
19.67,156986
20.21,156871
20.49,155891
20.84,155704
20.97,155064
21.48,155034
21.86,154860
21.90,154568
22.07,152730
22.60,151963
22.94,151925
23.38,151252
23.46,148206
25.49,147209
26.61,146363
26.74,145690
28.18,145508
28.44,145363
28.57,145040
28.88,144029
29.18,143851
29.82,143353
29.90,143198
30.08,143051
30.34,142648
30.83,142405
31.97,141095
33.54,140655
33.67,137521
34.99,135932
37.28,135687
38.03,135437
38.08,134484
39.10,133573
40.68,132072
42.91,131782
