0.48,477754
0.53,476030
0.57,455665
0.70,448001
0.82,442104
0.86,428602
0.94,428164
0.98,396273
1.27,391445
1.65,382909
1.86,370738
2.38,357952
2.85,354462
2.96,349192
3.08,345890
3.26,332074
3.92,331710
4.04,329898
4.16,325174
4.24,318814
4.69,318701
4.89,314627
5.12,308284
5.63,305968
5.74,299057
5.85,292489
7.01,292360
7.68,289595
7.95,288062
8.27,282648
8.71,281431
8.85,281105
9.63,280807
9.74,272294
10.42,269052
11.37,263955
12.40,263383
12.51,262502
12.62,259238
12.85,252495
13.95,248683
14.40,246030
15.18,244608
16.06,241702
16.63,238052
16.95,236418
17.51,231330
18.95,225838
19.62,220606
20.17,220393
20.51,219907
21.17,218127
21.29,213102
21.98,211914
22.42,211662
22.74,210940
22.85,210901
23.30,208790
23.85,203584
24.92,200971
26.04,199312
26.51,198046
27.94,195542
28.06,193427
29.62,190135
29.84,189231
30.62,187888
31.73,187463
33.39,187234
33.83,183476
34.61,181091
35.62,180793
35.83,180390
35.95,179840
36.51,175417
38.51,173207
38.95,173185
39.39,172969
39.62,171941
39.73,170944
41.19,169345
42.52,167840
42.95,166734
43.98,163999
46.13,162999
47.34,162733
47.45,161545
49.07,161507
49.29,160701
50.50,159869
51.38,159329
51.93,158318
53.04,157802
53.71,154948
54.72,154605
54.94,152480
