0.23,6337045
0.29,6024897
0.35,5760525
0.37,5687363
0.43,5475843
0.64,5417729
0.69,5374782
0.72,5286759
0.75,5246216
0.77,4914081
0.86,4901711
0.88,4897646
0.91,4721391
1.13,4623686
1.16,4566684
1.18,4519096
1.21,4473429
1.24,4401694
1.32,4395044
1.37,4386156
1.40,4379466
1.45,4329084
1.50,4287707
1.53,4099903
1.64,4075136
1.75,3968366
1.94,3948260
1.96,3910017
1.99,3839336
2.13,3832028
2.21,3664571
2.40,3612021
2.43,3610660
2.45,3537399
2.67,3482347
2.72,3470151
2.75,3438431
2.80,3368000
2.83,3346344
2.85,3331326
2.93,3324775
2.99,3273561
3.04,3230082
3.07,3221116
3.12,3203548
3.18,3159903
3.21,3104329
3.31,3086910
3.42,3016003
3.60,2969340
3.71,2964549
3.82,2961811
3.84,2961469
3.95,2934118
3.98,2851093
4.11,2837008
4.22,2821387
4.28,2800199
4.36,2743582
4.38,2731813
4.41,2694842
4.76,2654013
4.97,2622145
5.05,2621799
5.11,2608100
5.22,2586438
5.51,2584073
5.62,2578315
5.78,2551445
5.92,2542700
6.27,2538836
6.32,2537842
6.40,2535162
6.51,2492953
6.91,2465829
6.99,2460199
7.26,2444265
7.29,2440520
7.32,2402406
7.56,2392319
7.72,2338527
8.01,2331625
8.07,2315199
8.15,2306316
8.39,2286658
8.41,2279537
8.65,2272188
8.76,2252811
9.08,2248952
9.11,2233507
9.21,2232297
9.24,2224901
9.40,2222082
9.42,2222039
9.45,2212023
9.48,2191372
9.90,2189668
10.06,2188510
10.12,2157200
10.52,2139516
11.00,2138670
11.06,2138168
11.22,2116182
11.37,2112532
11.65,2096801
11.93,2090636
12.12,2085832
12.15,2083287
12.70,2083131
12.76,2074973
13.20,2067543
14.04,2066077
14.18,2055354
15.01,2043141
15.70,2034805
15.75,2015314
16.27,2011206
16.38,2008887
16.55,2007358
16.60,1993911
17.02,1952501
18.82,1940934
21.50,1929665
22.96,1922244
23.90,1919009
24.14,1918982
24.38,1910929
24.44,1879704
26.90,1874148
26.98,1874100
