0.13,7783731
0.14,7698243
0.14,7681522
0.14,7611400
0.14,7600275
0.14,7600066
0.14,7564431
0.14,7547556
0.14,7541643
0.14,7526845
0.14,7524972
0.14,7517346
0.14,7500471
0.14,7493593
0.15,7485159
0.15,7473825
0.15,7445275
0.15,7428400
0.15,7426527
0.15,7416287
0.15,7399412
0.15,7392534
0.15,7382721
0.15,7380848
0.17,7378814
0.17,7371936
0.17,7369322
0.26,7368781
0.31,7354966
0.31,7354516
0.39,7343707
0.42,7342906
0.42,7336028
0.43,7331162
0.43,7330057
0.43,7328887
0.43,7326215
0.43,7324342
0.48,7322308
0.49,7315430
0.50,7312816
0.63,7307418
0.64,7304628
0.64,7303523
0.64,7302353
0.64,7299681
0.64,7297808
0.64,7283399
0.64,7282294
0.64,7281124
0.64,7269166
0.64,7266381
0.65,7263815
0.65,7260932
0.65,7259827
0.65,7258657
0.65,7246699
0.65,7243914
1.58,7241711
1.58,7238926
2.89,7237900
2.89,7235115
3.32,7234152
3.32,7233047
3.32,7231877
3.32,7219919
3.32,7217134
4.18,7212742
4.18,7209957
8.45,7203541
8.45,7202436
8.45,7201266
8.45,7198594
8.45,7196721
8.45,7182312
8.45,7181207
8.45,7180037
8.45,7168079
8.45,7165294
78.55,7164381
110.43,7154282
165.83,7149169
167.89,7131508
167.98,7128176
171.03,7127489
211.36,7112683
254.42,7105424
254.89,7102092
270.38,7101405
575.93,7098493
575.93,7098439
