0.22,6712832
0.23,6592636
0.23,6568942
0.23,6420358
0.23,6419812
0.23,6381681
0.23,6395508
0.23,6331759
0.23,6345187
0.23,6351253
0.23,6279710
0.23,6281581
0.23,6262151
0.23,6222295
0.23,6188294
0.23,6029878
0.23,6026154
0.24,5953216
0.24,5959717
0.24,5955552
0.24,5792865
0.24,5762492
0.24,5662084
0.24,5673980
0.24,5626822
0.24,5594672
0.24,5584910
0.24,5591051
0.24,5592219
0.24,5589101
0.24,5570609
0.25,5568597
0.25,5492254
0.25,5296372
0.25,5223637
0.25,5234732
0.25,5239018
0.25,5103199
0.25,5107947
0.25,5099242
0.25,5115098
0.26,4994936
0.26,4998878
0.26,4955187
0.26,4942909
0.26,4922142
0.26,4930246
0.26,4907501
0.26,4729938
0.26,4739280
0.26,4734571
0.26,4737236
0.27,4692536
0.27,4608774
0.27,4566930
0.27,4535681
0.27,4497858
0.27,4444984
0.27,4450316
0.27,4422096
0.28,4446071
0.28,4424953
0.28,4407900
0.28,4341443
0.28,4332636
0.28,4246834
0.28,4248616
0.28,4167514
0.28,4136813
0.28,4118947
0.28,4071767
0.28,4064092
0.28,4062612
0.28,4081340
0.29,4083302
0.29,4045761
0.29,4036947
0.29,4035876
0.29,3973130
0.29,3976023
0.30,3978818
0.30,3960446
0.30,3935544
0.30,3926145
0.30,3904575
0.30,3899413
0.30,3882658
0.30,3768024
0.30,3771077
0.30,3767443
0.30,3766148
0.30,3771604
0.31,3768540
0.31,3768371
0.31,3752837
0.31,3752377
0.31,3709718
0.31,3708215
0.32,3695029
0.32,3688838
0.32,3688303
0.32,3679680
0.32,3673719
0.32,3671508
0.32,3666138
0.33,3636956
0.33,3605936
0.33,3608993
0.33,3593002
0.33,3563304
0.33,3561369
0.33,3535801
0.33,3541821
0.33,3571906
0.34,3574120
0.34,3571915
0.34,3506450
0.34,3502661
0.35,3470465
0.35,3464209
0.35,3457898
0.35,3477674
0.35,3479514
0.35,3480580
0.35,3482521
0.35,3468758
0.35,3454646
0.36,3437045
0.36,3435104
0.37,3423393
0.37,3414681
0.37,3343409
0.37,3325670
0.37,3323162
0.38,3331089
0.38,3333331
0.38,3294390
0.39,3297161
0.39,3275450
0.39,3274471
0.39,3254487
0.40,3252136
0.40,3254650
0.42,3249116
0.42,3204450
0.42,3204280
0.42,3206600
0.43,3197784
0.44,3180863
0.45,3159529
0.45,3165069
0.45,3164055
0.46,3142196
0.46,3139517
0.46,3145510
0.46,3144793
0.46,3149546
0.47,3155979
0.48,3155568
0.48,3141857
0.48,3088878
0.49,3089289
0.49,3084380
0.50,3068481
0.50,3026828
0.50,3037328
0.50,3047297
0.51,3035051
0.51,3024703
0.51,3002602
0.51,2881397
0.52,2872429
0.52,2856542
0.53,2861567
0.53,2859435
0.54,2861870
0.54,2874332
0.54,2880219
0.54,2880707
0.55,2893952
0.56,2895384
0.56,2893487
0.56,2881621
0.56,2888106
0.56,2877552
0.57,2856679
0.58,2851568
0.58,2836233
0.58,2839277
0.61,2840582
0.61,2833052
0.61,2826106
0.61,2824577
0.62,2782822
0.62,2778989
0.64,2772474
0.64,2748337
0.64,2707484
0.65,2713568
0.65,2710337
0.66,2713326
0.69,2699890
0.69,2683561
0.70,2657547
0.71,2656416
0.71,2653725
0.71,2642088
0.72,2642077
0.72,2626136
0.72,2594360
0.73,2597120
0.73,2597333
0.73,2595461
0.76,2597333
0.76,2584933
0.79,2581810
0.79,2582658
0.80,2540291
0.80,2540478
0.81,2535609
0.81,2532540
0.83,2518462
0.83,2517206
0.84,2520622
0.84,2518764
0.84,2518324
0.85,2494842
0.88,2494300
0.88,2494307
0.90,2493782
0.90,2492375
0.90,2485634
0.91,2485352
0.92,2484168
0.92,2480859
0.93,2465451
0.94,2461558
0.95,2459751
0.96,2452235
0.97,2453589
0.97,2453567
0.98,2453589
0.98,2408849
0.98,2408905
0.98,2408148
0.99,2409531
0.99,2403859
1.02,2402111
1.04,2392584
1.04,2391790
1.05,2389796
1.05,2393581
1.05,2391065
1.06,2391150
1.06,2387365
1.07,2383283
1.08,2379612
1.09,2374251
1.12,2361704
1.13,2336671
1.13,2327879
1.16,2324740
1.17,2324331
1.17,2324393
1.18,2320499
1.19,2320344
1.19,2321952
1.20,2321701
1.23,2315636
1.23,2314518
1.25,2313793
1.25,2313948
1.25,2313408
1.26,2268795
1.28,2264624
1.29,2258353
1.30,2244870
1.31,2243115
1.37,2237159
1.37,2232640
1.39,2226854
1.39,2219705
1.40,2219543
1.42,2189599
1.42,2184725
1.44,2180237
1.45,2178466
1.48,2168502
1.56,2168664
1.57,2158563
1.62,2156019
1.63,2156182
1.64,2156020
1.67,2154118
1.70,2152143
1.73,2144341
1.74,2141060
1.76,2140586
1.80,2124792
1.89,2123838
1.93,2124000
2.03,2122491
2.15,2119387
2.19,2107991
2.27,2107767
2.50,2096882
3.29,2096720
