0.24,6421693
0.26,6288214
0.35,6271877
0.41,5895110
0.55,5775993
0.58,5651150
0.66,5349709
0.74,5138292
0.89,5029792
0.94,4848905
1.20,4822192
1.23,4785592
1.31,4620723
1.40,4567100
1.46,4562870
1.52,4489881
1.57,4403080
1.70,4325073
1.79,4316670
1.81,4023692
1.97,3998693
2.00,3985760
2.16,3847689
2.21,3805961
2.40,3728911
2.45,3722427
2.51,3604860
2.59,3499618
2.72,3486160
2.75,3462389
2.88,3300529
3.05,3270056
3.20,3222543
3.26,3161972
3.43,3100135
3.46,3026730
3.93,2988839
4.25,2975940
4.28,2960521
4.48,2889608
4.61,2828283
4.82,2795551
4.88,2787563
5.02,2755446
5.08,2743755
5.22,2659419
5.34,2606726
5.68,2563743
5.90,2561842
5.93,2545927
6.13,2525925
6.22,2510759
6.36,2462463
6.59,2456408
6.71,2406702
6.73,2377091
7.05,2336726
7.48,2314372
7.59,2279373
7.68,2269281
7.94,2267346
7.96,2266788
8.14,2245651
8.25,2242616
8.36,2242163
8.39,2189463
8.87,2182470
8.90,2177380
9.09,2171148
9.11,2156928
9.17,2129376
9.56,2103834
10.31,2100277
10.54,2070397
12.21,2046909
12.38,2031530
12.52,2016514
12.61,2016372
12.67,2001732
13.01,2000397
13.04,1997735
13.24,1997344
13.76,1962975
16.18,1946217
16.93,1930984
18.50,1926552
19.16,1912960
