0.24,6417733
0.27,6358317
0.30,6229438
0.33,5935438
0.38,5740135
0.46,5736352
0.49,5266931
0.80,5213863
0.82,5160525
0.85,5128497
0.88,5101707
0.91,5087910
0.94,4782150
0.96,4765813
0.99,4743647
1.02,4653172
1.05,4494612
1.28,4433727
1.31,4425958
1.34,4156158
1.37,4104466
1.56,4102488
1.67,4054904
1.70,4044877
1.76,3860455
1.88,3737198
2.06,3681454
2.11,3612133
2.31,3471311
2.55,3404898
2.75,3379942
2.78,3337816
2.92,3318003
2.97,3168845
3.03,3125788
3.31,3020754
3.65,2975333
3.67,2874685
4.10,2851611
4.50,2850568
4.53,2838876
4.59,2761329
4.73,2760947
4.94,2738892
5.16,2738822
5.22,2715633
5.28,2698351
5.39,2669652
5.44,2666537
5.53,2658178
5.67,2614920
5.95,2608203
5.98,2606698
6.10,2571773
6.19,2565427
6.25,2556533
6.78,2540695
7.02,2534336
7.10,2525832
7.21,2496029
7.56,2473675
7.81,2463328
7.89,2456475
7.91,2439789
8.02,2430827
8.10,2402939
8.18,2373042
8.20,2370085
8.29,2348740
8.74,2335417
8.96,2329244
9.04,2325784
9.10,2324564
9.24,2304979
9.35,2282751
9.54,2276707
9.70,2268808
9.79,2268693
9.84,2262086
10.01,2249655
10.03,2242479
10.29,2239272
10.43,2237111
10.68,2228582
10.73,2217741
10.95,2214129
11.01,2210610
11.06,2206420
11.30,2203307
11.33,2195194
11.64,2190970
11.67,2174633
11.72,2155753
12.18,2152640
12.30,2147344
12.32,2141167
12.35,2140023
12.40,2139925
12.43,2128488
12.91,2128091
13.13,2123382
13.27,2103853
13.97,2092318
14.07,2084505
14.39,2079156
14.42,2078009
14.71,2061134
14.90,2041938
15.68,1989322
15.95,1988230
16.06,1970742
16.55,1968985
17.08,1967893
17.19,1950673
17.30,1943997
17.81,1942905
18.57,1937757
18.89,1934545
19.17,1918027
19.97,1916237
21.63,1913489
21.79,1913460
21.98,1897710
23.13,1891066
25.42,1884830
25.59,1884587
25.85,1881353
26.07,1881329
26.17,1853270
