0.23,5706970
0.40,5569213
0.45,5469416
0.50,5445169
0.56,5173235
0.58,4765683
0.67,4586068
0.69,4515857
0.74,4417717
0.83,4214145
1.02,4161267
1.15,3931999
1.20,3873202
1.23,3850533
1.33,3813095
1.36,3773590
1.44,3542235
1.63,3513684
1.76,3512972
1.79,3359472
1.82,3321751
1.87,3287915
1.90,3257242
2.06,3130498
2.28,3116587
2.44,3034122
2.81,2976727
3.02,2920198
3.13,2911852
3.21,2910833
3.43,2865654
3.56,2815830
3.96,2781644
4.09,2715602
4.17,2669202
4.34,2655331
4.66,2641677
4.95,2598831
5.22,2590339
5.35,2568368
5.56,2500692
5.73,2475761
6.05,2447846
6.13,2437364
6.37,2379787
6.87,2365520
6.95,2344639
7.40,2336358
7.67,2331895
8.36,2330436
8.88,2317917
9.20,2313944
9.24,2301908
9.53,2296286
9.71,2293384
9.75,2287076
9.90,2280365
10.08,2279262
10.22,2279093
10.26,2276115
10.30,2237377
10.48,2231757
10.66,2228437
10.77,2217112
11.21,2184587
11.85,2182960
12.62,2167252
12.98,2154205
13.46,2146767
15.03,2116052
15.18,2110914
15.29,2047954
18.13,2045093
19.07,2040558
19.17,2029712
20.51,2026851
21.78,1991204
