0.24,6343531
0.29,6177804
0.32,6090197
0.35,6082846
0.43,5861128
0.51,5794625
0.59,5533672
0.67,5506897
0.70,5410596
0.72,5312509
0.77,5276663
0.83,5149370
0.85,5141890
0.88,5026372
0.91,4915915
0.96,4874147
0.99,4773381
1.12,4465169
1.44,4429073
1.52,4226309
1.62,4164555
1.68,4006572
1.78,3992142
1.86,3773252
2.12,3764886
2.20,3693479
2.36,3634807
2.47,3588430
2.55,3561590
2.65,3530809
2.68,3479550
2.73,3433394
2.87,3420052
3.00,3415391
3.05,3377884
3.08,3309778
3.13,3279867
3.16,3272379
3.21,3197186
3.24,3183594
3.37,3111682
3.67,3102047
3.72,3096887
3.80,3054339
4.06,3047738
4.17,3026151
4.20,3014207
4.33,2973751
4.41,2954073
4.65,2951028
4.73,2930701
4.84,2912518
5.00,2908604
5.08,2889653
5.11,2763894
5.66,2748246
5.85,2681824
6.11,2656080
6.17,2646389
6.30,2618792
6.32,2594442
6.64,2572079
6.75,2563595
6.77,2540136
6.83,2519604
6.96,2518415
7.04,2499079
7.07,2481120
7.15,2475204
7.23,2472810
7.26,2442320
7.42,2418060
7.55,2391004
7.63,2389529
7.68,2385944
7.76,2367281
7.95,2358606
7.97,2353823
8.03,2349842
8.26,2334889
8.64,2325578
8.66,2288094
8.87,2285932
8.90,2282443
8.98,2276225
9.03,2267042
9.09,2263434
9.33,2243993
9.59,2231781
9.94,2203908
10.02,2186682
10.26,2170809
10.31,2169898
10.65,2161806
10.84,2160478
11.00,2155642
11.05,2133867
11.53,2131504
11.67,2123749
11.94,2121174
12.02,2119611
12.18,2113562
13.30,2112342
13.33,2052230
14.98,2045884
15.88,2029970
16.18,2015418
16.61,2004584
17.13,1969564
