0.24,6524587
0.30,6471586
0.32,6334778
0.35,6213066
0.40,5771183
0.56,5273212
0.64,5264854
0.72,5180573
0.83,5007941
0.91,4980704
1.02,4931735
1.04,4726519
1.10,4658078
1.12,4651686
1.18,4578482
1.26,4537527
1.31,4442563
1.36,4267481
1.44,4163728
1.50,4112264
1.53,4106082
1.66,4036052
1.72,3952359
1.90,3946414
1.93,3899625
1.95,3884804
2.28,3864209
2.34,3816653
2.37,3732798
2.42,3667591
2.53,3553477
2.64,3437891
2.75,3363836
2.80,3354397
2.83,3350277
2.88,3286703
2.96,3269478
3.04,3248605
3.12,3207964
3.23,3191900
3.25,3130132
3.41,3121785
3.49,3067136
3.65,3052041
3.70,3033424
3.78,2977384
3.81,2922778
3.86,2894733
4.07,2862679
4.28,2849475
4.31,2832461
4.39,2789512
4.66,2775900
4.76,2692451
5.29,2680801
5.53,2668881
5.61,2647257
5.66,2645501
5.69,2613905
6.32,2584763
6.40,2543800
6.79,2543080
6.81,2532315
6.94,2523034
7.05,2486719
8.04,2451956
8.52,2440089
9.10,2435081
9.18,2421601
9.20,2413219
9.23,2395328
9.39,2387803
9.87,2372117
10.13,2354339
10.45,2350949
10.58,2321672
11.18,2314284
11.45,2271921
11.99,2235643
12.31,2234574
13.16,2229812
13.66,2222667
14.07,2220707
14.28,2210731
14.96,2207777
15.04,2207053
15.15,2191063
16.26,2190990
16.37,2175728
16.76,2167976
16.84,2159788
16.89,2156042
17.11,2127326
17.45,2126506
17.53,2125674
17.66,2099645
19.54,2086201
20.38,2082776
20.46,2080342
20.86,2074173
21.18,2035310
22.21,2029466
22.66,2020097
22.93,2010857
23.39,1995866
23.53,1982503
25.04,1975472
