0.24,6428373
0.30,6249506
0.38,6176012
0.40,5685834
0.51,5683338
0.57,5290130
0.76,5240672
0.79,5122797
0.98,4889089
1.15,4504975
1.19,4434879
1.24,4337266
1.30,4279856
1.57,4180928
1.63,4170011
1.65,4057142
1.68,4044874
1.71,4003848
1.74,3906922
1.76,3714172
1.90,3696160
1.99,3591042
2.17,3572716
2.21,3335817
2.73,3323540
2.91,3219365
2.98,3200102
3.24,3188966
3.32,3185702
3.40,3145763
3.43,3138496
3.51,3098497
3.62,3081948
3.67,3042575
3.80,3012686
3.86,2976859
4.23,2976709
4.25,2942782
4.46,2917238
4.62,2901227
4.65,2880559
4.73,2877323
4.97,2854394
5.00,2784455
5.56,2769092
5.69,2765886
5.80,2744026
5.82,2742984
5.90,2723509
5.96,2698070
6.12,2696077
6.28,2691432
6.36,2653561
6.41,2625282
6.44,2621621
6.59,2604036
6.81,2586767
7.15,2581473
7.38,2578008
7.54,2566264
7.59,2560051
7.67,2558298
7.70,2526172
7.86,2522816
7.89,2515510
8.27,2486907
8.48,2458155
8.56,2414473
8.93,2407479
8.99,2380369
9.01,2366736
9.15,2339479
9.17,2336867
9.36,2336138
9.46,2322160
9.78,2306833
10.19,2295678
10.21,2285510
10.43,2272021
10.78,2263398
10.84,2255999
11.03,2245028
11.14,2239610
11.25,2177094
11.75,2153306
11.91,2149788
12.68,2147630
12.76,2062770
12.81,2059834
12.84,1964299
12.89,1919565
12.93,1916957
13.41,1896858
13.55,1896602
13.79,1896365
14.00,1891813
14.10,1874904
14.63,1869675
14.83,1868096
15.09,1867628
15.17,1864900
15.41,1845888
16.09,1841097
16.72,1832912
16.80,1820862
17.37,1813779
18.21,1810499
18.32,1807865
18.48,1804895
18.66,1802977
18.98,1798469
19.46,1798057
19.51,1796531
19.85,1795269
20.20,1781097
20.46,1780137
20.72,1776043
20.80,1768197
22.51,1765415
23.43,1744311
24.79,1741767
24.92,1734364
25.77,1725078
27.22,1720420
