0.24,5913378
0.40,5901056
0.43,5853583
0.48,5630859
0.51,5396273
0.67,5345947
0.69,5006134
0.75,4976707
0.77,4894396
0.88,4839659
0.91,4715476
0.99,4583497
1.12,4528838
1.17,4503735
1.25,4461318
1.28,4428841
1.33,4418062
1.36,4330443
1.38,4290892
1.46,4242780
1.49,4134334
1.62,3924451
1.65,3922617
1.78,3838373
1.98,3824652
2.06,3744362
2.11,3715043
2.25,3636146
2.35,3601300
2.41,3572935
2.43,3542367
2.54,3535963
2.65,3498165
2.81,3488082
2.86,3387743
2.97,3294525
3.10,3185941
3.67,3163164
3.70,3092917
3.87,3085762
3.92,3032367
3.95,3012230
4.21,3005460
4.52,2986951
4.71,2986756
4.74,2964944
4.90,2853520
5.11,2793190
5.78,2778637
5.93,2773765
6.14,2770942
6.28,2726870
6.33,2702951
6.38,2657199
6.49,2640811
6.55,2613934
6.97,2607662
7.08,2599279
7.19,2599179
7.51,2562848
7.62,2554561
7.87,2535997
8.16,2523218
8.27,2482869
8.88,2461102
9.31,2451137
9.41,2437225
9.44,2419368
9.93,2400670
10.27,2392849
10.38,2374699
10.40,2359319
10.59,2326300
10.86,2284373
11.02,2259887
11.58,2246618
12.21,2227135
12.64,2218384
12.80,2198007
13.41,2190025
13.57,2158516
13.60,2145367
13.67,2139440
13.84,2126291
13.89,2118222
14.02,2116980
14.18,2116435
15.11,2111267
15.38,2104289
15.56,2099808
15.61,2099121
15.97,2095867
16.03,2087662
16.08,2081915
16.10,2081237
16.29,2078056
16.32,2065288
16.92,2055682
17.71,2033275
18.43,2025021
18.76,2023669
19.16,2014031
20.24,2012951
20.64,2010688
20.72,2006838
20.80,2000172
21.23,1994059
22.67,1990206
22.91,1957752
23.23,1944594
23.95,1943455
25.11,1938385
26.01,1936614
26.84,1930311
27.21,1923629
