0.24,5963277
0.35,5962201
0.38,5866028
0.40,5864853
0.43,5790032
0.48,5630295
0.53,5404338
0.56,5343235
0.69,5287312
0.72,5217912
0.75,5211790
0.80,5080832
0.85,5053711
0.88,4902144
0.93,4835568
1.01,4822833
1.06,4778597
1.09,4766565
1.12,4759626
1.14,4679451
1.17,4638171
1.23,4625417
1.25,4238571
1.57,3951922
2.03,3943788
2.11,3876207
2.17,3847410
2.19,3843105
2.38,3722478
2.41,3709370
2.70,3658901
2.75,3633927
2.86,3607523
2.99,3565712
3.04,3539550
3.12,3449415
3.15,3361948
3.23,3230471
3.31,3224405
3.55,3197778
3.68,3182504
3.73,3122584
3.76,3073066
3.86,3063235
3.89,3040483
3.94,3020735
4.02,3005808
4.10,2927377
4.47,2903251
4.66,2902376
4.68,2901048
4.90,2755817
5.06,2745324
5.37,2742283
5.42,2677798
5.45,2677236
5.93,2659589
5.95,2630991
6.06,2630106
6.22,2599691
6.72,2592832
6.93,2538056
7.59,2410287
8.97,2408681
9.37,2400821
9.48,2369801
10.27,2357335
10.40,2315529
11.28,2311549
11.30,2291260
11.59,2284006
11.96,2280856
11.99,2275286
12.41,2267738
13.35,2266320
13.69,2257012
13.85,2238423
14.75,2204003
15.04,2203898
15.12,2195037
15.46,2171570
15.73,2166348
15.91,2099123
17.97,2090113
18.85,2072803
19.01,2056565
19.22,2025055
19.70,2009516
19.99,2007319
20.10,2006188
20.55,1965098
22.93,1957216
24.35,1936342
24.41,1924289
24.78,1887284
25.12,1883956
25.68,1850890
