0.23,6166540
0.29,6001056
0.32,5966485
0.37,5641779
0.61,5481063
0.66,5376909
0.74,5166078
0.87,5083684
0.93,4815456
1.03,4789444
1.06,4533295
1.35,4471774
1.42,4213961
1.45,4104648
1.66,4104462
1.69,4072425
1.77,3975854
1.85,3963366
1.87,3921814
1.90,3731774
2.03,3693307
2.13,3679541
2.16,3659789
2.24,3653121
2.32,3532335
2.37,3531347
2.42,3398772
2.45,3374808
2.68,3356117
2.76,3337471
2.79,3327519
2.82,3239827
2.90,3232771
2.92,3192297
2.98,3172186
3.03,3164726
3.21,3045800
3.40,3038357
3.42,3021624
3.58,2934287
3.71,2839287
3.82,2819937
4.11,2799445
4.14,2767863
4.25,2762410
4.28,2742316
4.33,2640496
4.65,2607680
4.71,2580583
4.87,2542225
5.08,2517871
5.11,2508022
5.14,2487906
5.24,2482303
5.27,2407672
5.41,2378884
5.49,2354947
5.70,2351033
5.73,2344435
5.91,2344233
5.94,2318530
6.26,2307713
6.48,2278182
6.72,2276959
6.77,2263926
7.17,2255637
7.30,2243178
7.83,2241550
7.91,2238138
7.93,2219951
8.15,2205742
8.25,2192035
8.75,2191173
8.86,2153634
9.78,2141036
10.22,2117957
10.96,2114405
11.23,2109747
11.52,2094311
12.00,2083484
12.30,2027070
