0.21,3255989
0.23,2924650
0.24,2895299
0.26,2857121
0.30,2680193
0.32,2652887
0.33,2512420
0.34,2354684
0.38,2347844
0.39,2137883
0.40,2039562
0.46,2026601
0.50,1973137
0.52,1967685
0.53,1962416
0.54,1956939
0.56,1947194
0.57,1905894
0.59,1874967
0.62,1874890
0.62,1841075
0.65,1836473
0.66,1833100
0.69,1831664
0.70,1813791
0.71,1764865
0.73,1758316
0.74,1722698
0.82,1706016
0.84,1677964
0.95,1677596
1.00,1675091
1.04,1659962
1.10,1622004
1.15,1618060
1.18,1609611
1.19,1600557
1.20,1591847
1.23,1588999
1.24,1587310
1.26,1579606
1.29,1562806
1.30,1547217
1.32,1538955
1.36,1527060
1.43,1500560
1.53,1484486
1.66,1483436
1.79,1478171
1.80,1477691
1.82,1469982
1.91,1466328
2.02,1445648
2.16,1434285
2.28,1434079
2.32,1428313
2.35,1418302
2.43,1418096
2.66,1417859
2.86,1408537
3.15,1406237
4.85,1403899
5.68,1398281
6.76,1395981
