0.22,3289162
0.23,3266662
0.26,3101992
0.27,2833358
0.28,2794288
0.33,2647092
0.36,2572544
0.38,2493307
0.40,2493156
0.41,2398822
0.42,2181625
0.52,2168325
0.53,2148220
0.54,2066890
0.58,2058337
0.65,2002295
0.68,1964684
0.72,1941572
0.73,1919895
0.76,1867838
0.78,1860763
0.80,1828656
0.82,1788677
0.90,1732338
0.94,1701007
1.03,1694275
1.07,1651825
1.14,1647195
1.22,1630386
1.38,1625507
1.42,1605048
1.49,1603871
1.53,1597074
1.57,1553008
1.63,1544167
1.66,1539526
1.69,1530685
1.86,1525280
1.92,1463026
2.06,1452721
2.22,1420678
2.43,1417414
2.82,1413102
2.89,1409838
3.95,1407538
4.23,1406849
4.57,1404549
4.80,1402882
5.31,1401831
