0.21,3356287
0.22,3323744
0.24,3192742
0.25,3168382
0.26,2893817
0.27,2768812
0.30,2648506
0.32,2515667
0.33,2401358
0.34,2331616
0.38,1989395
0.43,1977958
0.45,1953371
0.46,1947336
0.48,1923591
0.49,1905627
0.50,1834095
0.52,1701422
0.56,1697352
0.57,1689927
0.57,1666464
0.59,1653849
0.64,1643170
0.67,1632855
0.74,1628385
0.78,1623702
0.81,1623361
0.82,1611841
0.87,1594831
0.98,1572120
1.12,1558530
1.18,1541839
1.25,1467941
1.25,1448923
1.26,1447518
1.28,1437552
1.35,1429516
1.40,1421569
1.60,1421001
1.61,1411173
1.63,1404011
1.93,1403443
2.25,1402314
2.39,1402307
2.82,1400857
3.11,1395981
