0.21,3554229
0.23,3292210
0.25,2961392
0.29,2897209
0.30,2878489
0.32,2794794
0.33,2466318
0.36,2454218
0.38,2405111
0.39,2343678
0.42,2338137
0.43,2316945
0.44,2134712
0.49,2128878
0.51,2088932
0.52,2037832
0.53,1983854
0.57,1946435
0.59,1923741
0.64,1871053
0.67,1794554
0.78,1771603
0.79,1744757
0.85,1691946
0.97,1682727
0.99,1660423
1.04,1653470
1.10,1569385
1.17,1558407
1.29,1542374
1.43,1525458
1.46,1507607
1.47,1491309
1.51,1486190
1.58,1471702
1.65,1470371
1.67,1463525
1.72,1460802
1.79,1455676
1.86,1451633
1.91,1437924
1.97,1437435
2.11,1434349
2.13,1423963
2.87,1412509
3.16,1410209
3.36,1408589
3.64,1406707
4.13,1405325
4.73,1405257
4.95,1401993
5.09,1400857
6.16,1395981
