0.21,3290248
0.22,2978471
0.27,2859468
0.29,2835705
0.30,2771865
0.30,2670132
0.32,2590391
0.34,2506130
0.35,2436571
0.39,2338219
0.42,2233585
0.47,2215809
0.49,2200321
0.51,2189214
0.52,2161809
0.55,2096787
0.57,2065743
0.62,2043756
0.63,2033466
0.65,2028434
0.68,2016593
0.71,1983475
0.75,1979099
0.77,1942127
0.90,1898986
0.99,1870766
1.01,1861073
1.02,1860206
1.05,1843612
1.07,1837799
1.08,1802030
1.12,1798509
1.16,1755391
1.20,1749750
1.22,1714277
1.27,1711828
1.28,1693582
1.33,1686785
1.34,1684288
1.35,1666264
1.40,1618714
1.43,1617635
1.47,1615845
1.48,1604831
1.49,1597411
1.52,1579387
1.59,1576504
1.79,1568667
1.82,1556750
2.42,1507426
2.71,1502523
3.56,1491021
3.79,1490453
3.89,1489149
3.90,1486145
4.07,1485577
4.16,1484273
4.38,1483137
4.78,1478767
5.41,1478199
