0.13,4177783
0.13,4143186
0.13,4128547
0.13,4099695
0.13,4078348
0.14,3977618
0.14,3943021
0.14,3939315
0.14,3912387
0.14,3905710
0.14,3904421
0.14,3891071
0.15,3879037
0.15,3859054
0.15,3837707
0.16,3820816
0.16,3817553
0.23,3813782
0.23,3808571
0.23,3786854
0.24,3780177
0.24,3778888
0.25,3765538
0.76,3744373
0.83,3727482
0.83,3724219
1.23,3721495
1.23,3710782
7.04,3709012
7.23,3697032
7.29,3696978
7.35,3666420
7.36,3645073
7.65,3628182
7.66,3624919
68.19,3604368
181.92,3591209
181.93,3587946
182.81,3582096
182.82,3578672
276.62,3574045
276.62,3570621
336.37,3567207
336.65,3564073
336.83,3553360
