0.20,4519474
0.20,4509736
0.20,4495530
0.20,4505401
0.20,4479432
0.20,4472951
0.20,3900127
0.20,3793415
0.20,3796570
0.20,3805610
0.20,3739789
0.20,3595027
0.20,3577047
0.21,3357359
0.21,3326515
0.21,3271261
0.21,3277616
0.21,3265550
0.21,3132830
0.21,3130318
0.21,3136069
0.21,3133879
0.21,3127468
0.21,3028600
0.21,3005149
0.21,2887655
0.21,2886551
0.21,2891764
0.21,2890803
0.21,2918418
0.21,2888854
0.21,2853089
0.21,2620263
0.21,2629289
0.22,2642615
0.22,2629765
0.22,2597523
0.22,2603854
0.22,2608564
0.22,2621108
0.22,2622925
0.22,2622378
0.22,2618449
0.22,2564492
0.22,2556061
0.22,2590653
0.22,2566804
0.22,2440235
0.22,2443688
0.22,2423567
0.23,2422289
0.23,2370641
0.23,2323664
0.23,2317015
0.23,2311533
0.23,2312507
0.23,2317380
0.23,2318485
0.24,2317042
0.24,2317280
0.24,2311071
0.25,2248529
0.25,2242117
0.25,2227965
0.25,2234174
0.25,2230144
0.25,2231902
0.25,2229201
0.25,2228457
0.25,2229201
0.25,2228457
0.25,2109807
0.25,2100023
0.25,2111482
0.25,2112878
0.25,2107154
0.26,2108567
0.26,2097700
0.26,2089533
0.26,2088090
0.26,2097624
0.26,2082198
0.26,2043124
0.26,2033163
0.26,2032945
0.26,2041838
0.26,2028924
0.26,2013287
0.27,2004394
0.27,1972068
0.27,1963920
0.27,1975550
0.27,1972347
0.27,1972735
0.28,1983582
0.28,1999986
0.28,2015969
0.28,2007453
0.28,2002739
0.28,1997255
0.28,1996925
0.29,1998352
0.29,1990537
0.29,1999943
0.29,1990537
0.29,1984275
0.30,1987367
0.30,1976480
0.30,1978860
0.30,1980973
0.30,1981839
0.30,1978747
0.30,1976031
0.30,1980332
0.30,1981227
0.30,1986721
0.30,1997563
0.30,2015326
0.30,2014873
0.30,2031034
0.31,2039418
0.31,2055191
0.31,2047712
0.31,2039330
0.31,2032598
0.31,2036866
0.31,2027462
0.31,2035142
0.32,2027185
0.32,2025296
0.32,2023997
0.32,1991925
0.32,2002643
0.32,1982941
0.32,1975853
0.32,1974134
0.32,1966756
0.33,1955500
0.33,1958719
0.33,1955500
0.33,1954708
0.33,1947191
0.33,1950724
0.34,1959112
0.34,1953054
0.34,1969713
0.34,1967570
0.34,1956484
0.34,1955863
0.34,1951452
0.34,1954224
0.36,1937565
0.36,1937895
0.36,1934860
0.36,1939220
0.37,1937728
0.37,1939220
0.37,1939768
0.37,1931199
0.37,1936462
0.37,1936357
0.38,1934991
0.38,1930902
0.38,1927370
0.38,1901840
0.39,1897733
0.39,1900626
0.40,1901992
0.40,1904438
0.40,1900597
0.40,1901509
0.40,1900283
0.42,1896028
0.42,1897981
0.42,1896667
0.42,1899011
0.43,1908791
0.43,1908686
0.44,1907720
0.44,1904903
0.44,1907247
0.45,1901205
0.45,1902824
0.45,1899931
0.46,1909884
0.46,1909779
0.46,1908000
0.46,1893190
0.47,1888749
0.48,1884453
0.48,1879035
0.48,1890522
0.48,1879035
0.49,1874687
0.49,1866256
0.53,1866586
0.53,1864142
0.54,1864314
0.55,1868406
0.55,1872630
0.56,1868538
0.59,1864314
0.61,1863984
0.62,1863812
0.67,1866256
0.69,1867059
0.71,1863984
0.74,1864314
0.76,1867389
0.76,1867059
0.77,1863984
0.80,1864314
0.80,1863984
0.87,1863812
0.91,1863984
1.03,1863812
1.09,1864142
1.09,1863812
1.12,1863984
1.18,1864314
1.20,1863984
1.20,1864314
1.22,1863984
1.43,1863812
