0.22,3250674
0.23,3169794
0.24,3134061
0.25,2847659
0.32,2575119
0.34,2507872
0.36,2287250
0.37,2168646
0.39,2038776
0.40,2016816
0.44,1876340
0.46,1868882
0.52,1836308
0.53,1818841
0.55,1815430
0.56,1810082
0.57,1806108
0.59,1775093
0.60,1701546
0.68,1688313
0.70,1652959
0.75,1636433
0.77,1618470
0.80,1615586
0.81,1611717
0.87,1600065
0.92,1593224
0.93,1587768
0.95,1561182
1.05,1546747
1.10,1543891
1.11,1517927
1.21,1497122
1.35,1494018
1.48,1487902
1.63,1482917
1.86,1478825
2.24,1477701
2.38,1477133
2.42,1475401
2.51,1474833
