0.21,3362013
0.22,3253459
0.24,3115891
0.25,2957882
0.28,2928624
0.28,2819958
0.29,2645886
0.31,2434530
0.32,2423013
0.34,2355786
0.35,2194464
0.37,2193289
0.38,2162753
0.40,2155447
0.41,2091076
0.42,2050318
0.42,1963623
0.44,1950741
0.46,1946069
0.48,1934593
0.49,1918673
0.51,1881235
0.57,1869943
0.60,1812080
0.62,1786084
0.66,1778425
0.70,1760068
0.72,1754023
0.76,1735111
0.79,1724386
0.84,1717366
0.88,1700272
0.90,1697643
0.91,1692539
0.95,1689561
0.96,1689476
0.97,1548556
1.98,1498383
2.28,1495970
2.32,1488354
2.33,1475979
2.39,1467737
2.49,1457389
2.56,1447137
2.68,1446503
3.01,1441601
3.02,1440861
3.35,1434222
3.55,1429584
4.03,1395981
