0.21,3341539
0.22,2884357
0.27,2582434
0.29,2398826
0.31,2294250
0.35,2287508
0.36,2236026
0.37,2229892
0.39,2187733
0.40,2177851
0.42,2164378
0.43,2094182
0.47,2061148
0.49,1783373
0.62,1782428
0.65,1770117
0.67,1728498
0.86,1712388
0.87,1692182
0.98,1659062
1.09,1645403
1.10,1623816
1.18,1611947
1.34,1606029
1.39,1595897
1.51,1546825
1.70,1543876
1.74,1535577
1.90,1527087
1.97,1511549
2.30,1510995
2.52,1504071
2.54,1498181
3.00,1491257
3.03,1487993
3.07,1474153
3.27,1467229
3.34,1465675
3.71,1464551
3.79,1463074
3.97,1459810
4.55,1457949
4.69,1441966
