0.21,3559775
0.22,3417160
0.23,2999933
0.24,2998422
0.25,2813565
0.26,2714273
0.29,2568294
0.32,2563079
0.33,2400409
0.34,2393643
0.36,2277492
0.37,2239277
0.41,2190796
0.41,2127396
0.47,1914383
0.49,1854505
0.50,1848819
0.53,1847530
0.59,1839028
0.60,1814751
0.62,1812556
0.63,1790020
0.64,1766512
0.69,1736266
0.72,1726912
0.73,1720314
0.76,1719708
0.78,1610892
0.85,1608022
0.86,1602113
0.91,1575864
0.91,1574405
0.97,1565777
0.99,1559852
1.00,1531850
1.07,1530974
1.12,1515838
1.15,1513850
1.18,1513663
1.23,1505902
1.33,1504916
1.35,1501124
1.41,1492442
1.48,1492441
1.50,1489624
1.54,1486801
1.55,1486710
1.56,1486709
1.61,1484945
1.65,1478846
1.86,1475267
2.19,1472485
2.22,1472484
2.28,1467582
2.38,1466842
2.41,1465500
2.48,1464760
2.98,1451374
3.65,1431157
