0.22,3120455
0.23,2943796
0.24,2798236
0.26,2637054
0.28,2628678
0.29,2505872
0.30,2372337
0.32,2198942
0.34,2173049
0.36,2071601
0.41,2055778
0.42,2049297
0.43,2045251
0.45,1979087
0.46,1948742
0.50,1873075
0.55,1866481
0.57,1864928
0.58,1856473
0.59,1841916
0.60,1802688
0.61,1770074
0.65,1764485
0.66,1684715
0.71,1671277
0.74,1669764
0.75,1650395
0.76,1618246
0.82,1612180
0.83,1591602
0.91,1583089
0.95,1578880
0.97,1562057
0.98,1559834
0.99,1555166
1.06,1535706
1.07,1534831
1.12,1532237
1.14,1523981
1.21,1515487
1.28,1499342
1.32,1498774
1.34,1484536
1.35,1483968
1.48,1482832
1.92,1477956
2.18,1467621
2.41,1440102
2.47,1435226
2.68,1433954
3.19,1399405
3.70,1395981
