0.20,6973308
0.20,6937558
0.20,6936887
0.20,6932233
0.20,6922233
0.20,6916586
0.20,6844563
0.20,6844050
0.20,6834783
0.20,6826447
0.20,6818831
0.20,6808313
0.20,6805866
0.20,6806080
0.20,6816428
0.20,6815406
0.20,6810763
0.21,6819622
0.21,6820135
0.21,6805596
0.21,6795645
0.21,6795761
0.21,6794630
0.21,6793815
0.21,6798997
0.21,6793050
0.21,6818440
0.21,6817817
0.21,6749846
0.21,6748447
0.21,6738587
0.21,6736635
0.22,6658286
0.22,6653712
0.22,6644311
0.22,6644175
0.22,6637829
0.22,6637936
0.22,6635493
0.22,6497187
0.22,6491809
0.22,6492284
0.22,6494244
0.23,6492763
0.23,6480927
0.23,6483484
0.23,6476894
0.23,6462855
0.23,6470375
0.23,6436001
0.23,6436162
0.23,6444446
0.23,6412522
0.23,6412028
0.23,6422643
0.23,6363550
0.23,6374806
0.23,6377303
0.23,6364220
0.24,6380655
0.24,6401560
0.24,6398748
0.24,6405428
0.24,6408078
0.24,6412416
0.24,6413149
0.24,6425779
0.24,6409912
0.24,6410165
0.24,6404800
0.24,6395723
0.24,6259416
0.24,6253872
0.24,6212740
0.24,6179024
0.25,6141800
0.25,6142617
0.25,6135027
0.25,6140095
0.25,6145113
0.25,6094591
0.25,6096506
0.25,6095534
0.25,6085435
0.25,6092382
0.25,6095097
0.25,6089866
0.25,6088040
0.25,6088003
0.25,6099183
0.25,6088979
0.25,6089630
0.26,6084555
0.26,6070576
0.26,6077532
0.26,5971588
0.26,5971410
0.26,5970799
0.26,5949257
0.26,5943692
0.26,5887891
0.26,5894805
0.26,5873057
0.26,5850783
0.26,5860119
0.27,5873899
0.27,5875223
0.27,5884929
0.27,5873766
0.27,5864738
0.27,5868749
0.27,5870366
0.27,5867569
0.27,5873584
0.27,5872693
0.27,5850274
0.27,5846470
0.28,5858649
0.28,5863302
0.28,5785136
0.28,5790420
0.28,5786517
0.28,5788235
0.28,5794499
0.28,5776662
0.28,5763744
0.28,5753379
0.28,5747264
0.28,5746620
0.28,5749235
0.29,5732793
0.29,5710261
0.29,5707038
0.29,5683159
0.29,5684554
0.29,5690425
0.29,5677540
0.29,5677225
0.30,5682240
0.30,5674413
0.30,5662840
0.30,5646519
0.30,5624314
0.30,5607988
0.30,5610340
0.30,5612294
0.30,5611168
0.30,5624871
0.30,5581648
0.30,5588156
0.31,5569083
0.31,5563671
0.31,5566438
0.31,5573032
0.31,5585171
0.31,5580915
0.31,5582143
0.31,5583399
0.31,5582593
0.31,5583693
0.32,5579756
0.32,5583521
0.32,5570914
0.32,5568738
0.32,5543654
0.32,5526942
0.32,5541305
0.32,5516615
0.32,5513654
0.32,5516965
0.33,5507199
0.33,5499215
0.33,5454182
0.33,5325622
0.33,5317403
0.33,5310001
0.33,5311607
0.34,5306548
0.34,5278231
0.34,5301610
0.34,5296488
0.34,5298576
0.34,5293139
0.34,5277247
0.34,5282080
0.34,5217345
0.34,5211366
0.34,5210820
0.34,5211181
0.34,5213549
0.35,5226867
0.35,5223434
0.35,5224864
0.35,5171495
0.35,5147445
0.35,5110266
0.36,5103692
0.36,5083081
0.36,5083913
0.36,5071513
0.36,5074911
0.36,5073417
0.36,5064840
0.36,5062908
0.36,5062732
0.36,5031752
0.36,5032940
0.36,5039449
0.37,5039315
0.37,5046069
0.37,4998699
0.37,5000860
0.37,4996809
0.37,5006112
0.37,5007398
0.37,5003326
0.37,5006788
0.38,4994335
0.38,4992110
0.38,4995196
0.38,4984694
0.38,4977605
0.38,4986066
0.38,4984991
0.38,4938366
0.38,4937406
0.38,4937727
0.39,4937809
0.39,4934930
0.39,4937818
0.39,4938431
0.39,4937706
0.40,4938784
0.40,4942929
0.40,4928891
0.40,4920674
0.40,4917616
0.40,4918243
0.40,4915073
0.40,4872622
0.40,4871326
0.41,4871390
0.41,4857958
0.41,4868833
0.41,4869993
0.41,4851689
0.41,4835656
0.41,4825116
0.41,4807067
0.41,4803721
0.42,4814346
0.42,4830321
0.42,4824181
0.42,4823427
0.42,4831346
0.42,4829808
0.42,4831832
0.42,4825611
0.42,4822499
0.42,4825325
0.42,4821454
0.43,4810579
0.43,4810592
0.43,4792370
0.43,4796658
0.43,4791692
0.43,4795076
0.43,4804677
0.43,4803402
0.43,4798835
0.44,4794588
0.44,4795266
0.44,4778635
0.44,4779345
0.44,4761838
0.44,4737467
0.44,4735407
0.44,4736395
0.44,4742472
0.45,4739461
0.45,4740089
0.45,4755211
0.45,4748459
0.45,4745555
0.45,4734318
0.46,4737708
0.46,4713887
0.46,4711648
0.46,4674491
0.46,4654452
0.46,4644613
0.46,4637841
0.46,4618676
0.46,4621460
0.46,4623219
0.47,4600112
0.47,4602050
0.47,4605201
0.47,4595968
0.47,4594891
0.47,4544059
0.47,4548417
0.47,4535735
0.48,4539598
0.48,4547480
0.48,4549397
0.48,4541789
0.49,4479722
0.49,4461484
0.49,4463064
0.49,4450617
0.49,4444620
0.49,4439843
0.49,4428349
0.49,4430107
0.50,4436083
0.50,4440068
0.50,4435484
0.50,4437409
0.50,4434387
0.50,4414665
0.50,4423024
0.50,4420993
0.50,4424435
0.50,4402636
0.51,4403850
0.51,4406308
0.51,4361319
0.51,4359644
0.51,4364399
0.51,4312487
0.51,4305284
0.52,4307218
0.52,4273392
0.52,4266258
0.52,4262955
0.52,4260671
0.52,4259067
0.52,4257286
0.53,4252272
0.53,4254897
0.53,4250262
0.53,4253472
0.53,4253450
0.54,4253169
0.54,4275002
0.54,4275779
0.54,4270924
0.54,4256650
0.55,4252834
0.55,4253995
0.55,4248602
0.55,4253792
0.55,4254781
0.56,4256311
0.56,4256437
0.56,4262628
0.56,4258573
0.56,4264686
0.56,4273587
0.56,4275916
0.56,4281281
0.57,4274021
0.57,4278814
0.57,4281086
0.57,4285947
0.57,4289474
0.57,4290168
0.57,4286991
0.57,4238090
0.58,4235802
0.58,4236749
0.58,4232783
0.58,4243271
0.59,4243474
0.59,4236154
0.59,4242166
0.59,4243575
0.59,4241309
0.59,4235042
0.60,4238757
0.60,4201062
0.60,4196299
0.60,4190094
0.60,4194480
0.60,4188463
0.60,4194635
0.61,4194216
0.61,4176364
0.61,4178191
0.61,4173551
0.61,4173223
0.62,4167212
0.62,4172626
0.62,4172226
0.63,4172289
0.63,4170531
0.63,4171416
0.63,4165697
0.63,4165863
0.63,4170202
0.63,4173786
0.63,4160797
0.64,4155280
0.64,4153615
0.64,4156135
0.64,4151206
0.64,4152240
0.65,4154633
0.65,4158746
0.65,4148854
0.65,4141026
0.65,4142257
0.65,4144416
0.65,4155382
0.66,4161236
0.66,4159840
0.66,4159729
0.66,4165731
0.67,4162413
0.67,4158990
0.67,4162278
0.67,4158969
0.67,4164854
0.67,4167147
0.68,4167494
0.68,4163191
0.68,4142665
0.68,4141908
0.68,4144296
0.68,4140780
0.68,4132015
0.68,4135241
0.68,4139845
0.69,4123449
0.69,4127259
0.69,4130429
0.69,4116082
0.69,4092142
0.69,4088302
0.69,4082134
0.70,4075017
0.70,4076088
0.70,4080888
0.70,4076829
0.70,4077352
0.71,4077664
0.71,4079069
0.71,4075712
0.71,4076321
0.72,4072840
0.72,4074180
0.72,4073167
0.73,4068364
0.73,4073108
0.73,4076274
0.73,4071552
0.73,4060265
0.73,4050816
0.73,4046322
0.74,4049273
0.74,4048111
0.74,4048969
0.74,4052621
0.75,4049318
0.75,4050233
0.75,4043577
0.75,4039455
0.75,4034699
0.75,4037280
0.75,4043537
0.75,4046779
0.75,4058980
0.76,4049201
0.76,4051432
0.76,4042193
0.76,4035779
0.76,4036391
0.76,4034935
0.77,4042623
0.77,4042943
0.77,4047502
0.77,4047677
0.77,4034550
0.78,4038613
0.78,4041633
0.78,4041984
0.78,4044411
0.78,4044748
0.79,4049564
0.79,4058503
0.80,4036464
0.80,4034003
0.80,4028817
0.80,4027767
0.81,4018501
0.81,4022964
0.81,4021667
0.81,4020356
0.81,4021357
0.82,4021266
0.82,4021186
0.82,4029923
0.82,4029780
0.82,4026746
0.82,4024829
0.82,4011911
0.82,4008716
0.83,3998544
0.83,3990682
0.83,3990053
0.83,3987491
0.83,3982446
0.83,3981713
0.83,3981974
0.83,3982397
0.84,3984904
0.84,3985703
0.84,3984166
0.84,3984828
0.84,3986931
0.84,3981528
0.84,3979113
0.85,3977387
0.85,3970942
0.85,3973821
0.86,3973394
0.86,3974064
0.86,3940364
0.86,3940764
0.87,3943373
0.87,3941134
0.87,3937442
0.87,3942863
0.87,3936305
0.87,3935431
0.88,3921740
0.88,3906752
0.88,3908303
0.88,3918037
0.88,3917311
0.89,3927203
0.89,3922723
0.89,3920787
0.89,3919794
0.89,3908064
0.89,3907265
0.90,3906836
0.90,3912435
0.91,3908734
0.91,3914420
0.91,3914756
0.91,3915203
0.92,3923806
0.92,3918679
0.92,3916538
0.92,3925330
0.92,3924224
0.92,3924049
0.92,3922810
0.92,3909914
0.93,3908606
0.93,3905142
0.93,3901089
0.93,3898330
0.93,3899011
0.93,3902302
0.93,3896146
0.94,3916014
0.94,3914775
0.94,3911698
0.94,3901598
0.94,3895448
0.94,3905165
0.94,3905015
0.94,3901538
0.94,3834257
0.94,3830465
0.95,3830652
0.95,3816911
0.95,3820552
0.95,3818301
0.96,3819457
0.96,3820725
0.96,3795960
0.96,3795529
0.96,3791942
0.96,3789916
0.96,3797453
0.96,3799765
0.97,3804973
0.97,3806231
0.97,3803723
0.97,3803302
0.97,3803816
0.97,3803154
0.97,3798060
0.97,3800547
0.97,3800843
0.97,3793610
0.98,3799926
0.98,3801875
0.98,3802235
0.98,3824473
0.98,3815193
0.98,3819750
0.98,3820938
0.99,3815780
0.99,3791094
0.99,3791345
1.00,3780396
1.00,3779430
1.00,3778680
1.00,3779166
1.00,3779025
1.00,3769273
1.01,3776628
1.01,3776901
1.02,3779269
1.03,3784044
1.03,3775381
1.04,3780030
1.04,3780958
1.04,3783811
1.04,3783903
1.04,3735854
1.04,3736104
1.04,3735217
1.04,3727207
1.05,3708069
1.05,3688347
1.05,3689093
1.05,3689728
1.05,3688960
1.05,3686941
1.06,3686815
1.06,3687874
1.06,3691747
1.06,3698124
1.07,3696877
1.07,3696887
1.07,3700676
1.07,3699266
1.07,3696231
1.08,3692662
1.09,3683193
1.09,3683142
1.09,3683682
1.09,3673266
1.09,3670720
1.09,3674864
1.09,3673929
1.10,3667857
1.11,3667686
1.11,3670351
1.11,3669098
1.12,3659691
1.12,3663891
1.12,3665776
1.13,3660046
1.13,3661866
1.13,3664621
1.13,3663800
1.14,3663443
1.14,3662939
1.14,3664206
1.14,3662851
1.15,3662013
1.15,3659046
1.15,3584404
1.15,3587100
1.15,3585252
1.16,3574330
1.16,3572766
1.16,3552372
1.16,3553908
1.17,3555362
1.17,3547900
1.17,3541393
1.17,3542639
1.18,3533180
1.19,3527804
1.19,3526468
1.19,3522254
1.19,3518477
1.20,3515351
1.20,3511586
1.21,3465943
1.21,3468972
1.21,3469769
1.21,3464306
1.21,3462677
1.21,3463802
1.22,3461854
1.22,3464024
1.23,3462064
1.23,3456880
1.23,3449540
1.23,3450612
1.23,3450109
1.24,3418343
1.24,3412698
1.25,3407576
1.25,3413344
1.25,3417397
1.26,3409582
1.27,3409846
1.27,3403111
1.27,3400450
1.27,3401048
1.27,3391092
1.27,3392213
1.28,3389987
1.29,3389608
1.29,3387899
1.29,3371765
1.30,3373284
1.30,3373830
1.30,3369373
1.31,3368864
1.31,3367707
1.31,3365087
1.31,3364055
1.31,3358829
1.32,3357462
1.32,3347617
1.32,3347499
1.32,3346359
1.32,3348007
1.34,3347444
1.34,3346808
1.35,3346936
1.35,3331392
1.35,3338492
1.37,3339324
1.37,3340305
1.38,3335863
1.38,3336858
1.38,3347841
1.39,3290171
1.39,3290006
1.39,3289562
1.39,3288367
1.40,3288463
1.41,3274573
1.41,3275814
1.41,3271677
1.42,3270847
1.42,3267677
1.42,3267322
1.43,3261220
1.44,3255786
1.44,3259596
1.44,3260468
1.44,3258020
1.44,3255635
1.45,3255217
1.46,3253093
1.46,3252612
1.46,3251376
1.46,3255058
1.46,3254655
1.47,3257019
1.47,3239209
1.47,3239844
1.47,3240384
1.47,3238703
1.47,3238942
1.48,3237944
1.48,3201674
1.48,3200430
1.49,3201942
1.49,3196681
1.49,3193603
1.50,3193409
1.51,3193067
1.51,3189919
1.51,3189708
1.51,3188761
1.51,3188811
1.52,3186762
1.52,3175328
1.52,3158295
1.52,3158307
1.53,3157890
1.53,3145528
1.53,3143941
1.53,3144345
1.54,3144418
1.55,3147356
1.56,3148173
1.56,3146145
1.56,3139252
1.58,3139100
1.58,3137547
1.59,3141636
1.59,3143101
1.59,3146626
1.61,3146768
1.61,3144441
1.61,3145036
1.61,3141839
1.62,3141717
1.62,3138333
1.62,3126746
1.63,3117233
1.63,3115096
1.63,3107347
1.64,3100281
1.64,3077207
1.65,3075796
1.65,3074444
1.65,3074688
1.66,3071859
1.66,3065152
1.67,3065666
1.67,3062895
1.67,3061493
1.68,3062125
1.69,3063267
1.69,3063545
1.71,3063090
1.72,3063201
1.72,3062054
1.73,3060090
1.74,3058726
1.76,3059006
1.79,3057977
1.80,3057479
1.80,3056591
1.81,3056205
1.81,3047676
1.82,3040462
1.82,3037099
1.82,3036071
1.83,3027446
1.83,3029730
1.83,3029658
1.85,3026829
1.85,3027018
1.86,3023992
1.87,3023490
1.87,3017906
1.87,3017795
1.87,3012432
1.88,3015090
1.88,3011597
1.89,3008082
1.89,3007033
1.89,3006931
1.89,3006803
1.90,3005535
1.91,3002326
1.91,2989720
1.91,2976776
1.92,2974688
1.92,2950194
1.95,2950639
1.95,2947937
1.96,2946552
1.96,2945226
1.97,2941599
1.98,2924855
1.99,2924881
2.00,2919983
2.02,2912152
2.02,2912149
2.02,2912237
2.02,2914383
2.02,2914434
2.03,2912546
2.03,2912073
2.05,2911268
2.05,2909604
2.06,2908504
2.06,2908635
2.07,2911482
2.09,2908909
2.09,2907215
2.11,2908765
2.12,2907478
2.12,2906396
2.14,2906268
2.14,2902572
2.14,2901218
2.15,2900296
2.15,2900503
2.17,2895164
2.17,2896747
2.17,2894571
2.18,2893569
2.19,2877729
2.19,2877341
2.19,2878441
2.21,2873865
2.23,2871881
2.23,2867074
2.23,2862798
2.24,2860738
2.25,2850445
2.28,2849996
2.28,2846064
2.29,2844170
2.30,2842115
2.31,2842080
2.33,2840344
2.33,2839864
2.34,2838804
2.35,2824731
2.36,2824729
2.37,2822857
2.38,2821082
2.40,2813716
2.40,2813098
2.41,2812959
2.41,2811810
2.41,2808351
2.42,2807586
2.42,2804067
2.43,2803043
2.43,2801740
2.45,2800839
2.47,2799399
2.49,2789844
2.51,2786754
2.52,2785084
2.52,2783713
2.53,2782954
2.53,2756745
2.55,2756748
2.58,2757308
2.58,2757946
2.59,2757164
2.60,2754573
2.60,2753593
2.61,2752695
2.62,2750797
2.66,2750103
2.67,2747133
2.67,2745293
2.68,2731369
2.69,2729893
2.71,2718881
2.72,2718649
2.73,2715123
2.73,2714162
2.73,2712350
2.76,2711610
2.76,2706000
2.76,2700259
2.78,2690780
2.79,2690668
2.79,2664664
2.81,2663824
2.83,2663054
2.86,2663670
2.87,2662234
2.88,2657346
2.89,2656146
2.90,2655998
2.91,2647994
2.92,2647522
2.93,2647535
2.93,2646432
2.94,2643491
2.96,2607213
2.96,2605731
2.96,2605521
2.98,2605784
3.00,2603204
3.01,2602592
3.02,2601970
3.02,2601488
3.02,2598368
3.05,2596871
3.05,2595131
3.09,2594258
3.09,2591186
3.11,2588260
3.11,2583891
3.12,2582801
3.13,2582647
3.13,2581734
3.14,2580548
3.17,2578674
3.18,2576114
3.19,2571870
3.20,2569664
3.22,2559746
3.23,2559197
3.23,2550786
3.23,2550504
3.23,2550474
3.24,2541328
3.26,2540593
3.29,2530943
3.31,2525571
3.34,2524747
3.34,2525386
3.39,2521805
3.39,2521529
3.40,2513000
3.41,2512115
3.43,2511792
3.45,2510567
3.51,2470946
3.51,2471484
3.51,2470412
3.51,2469345
3.52,2466482
3.55,2465285
3.55,2462068
3.57,2461741
3.58,2461514
3.60,2460739
3.60,2459158
3.61,2457266
3.62,2456620
3.63,2456835
3.64,2456104
3.66,2454215
3.67,2454106
3.69,2452018
3.69,2451330
3.71,2451474
3.77,2451087
3.77,2441279
3.78,2439210
3.79,2434106
3.79,2426286
3.80,2424048
3.81,2422988
3.81,2420948
3.83,2420985
3.83,2419452
3.86,2418321
3.90,2417472
3.91,2414896
3.91,2414447
3.92,2413659
3.95,2412965
3.95,2412835
3.96,2412927
3.99,2411289
4.00,2394976
4.01,2394754
4.03,2385948
4.04,2385627
4.09,2385214
4.13,2382620
4.14,2380875
4.16,2379165
4.18,2375772
4.20,2363441
4.25,2359114
4.25,2358457
4.25,2358463
4.25,2353708
4.33,2353182
4.46,2352060
4.48,2351395
4.49,2350295
4.50,2349484
4.53,2336950
4.54,2334156
4.55,2333454
4.57,2332904
4.57,2332807
4.59,2331093
4.59,2327470
4.60,2322708
4.60,2322231
4.62,2319749
4.68,2305618
4.70,2304332
4.71,2302457
4.72,2302326
4.73,2301700
4.76,2298070
4.77,2293631
4.78,2292751
4.80,2282597
4.84,2281016
4.86,2277741
4.87,2275725
4.92,2273664
4.94,2269185
4.96,2265402
4.96,2263263
5.00,2262984
5.01,2262696
5.03,2262527
5.04,2261509
5.06,2260330
5.10,2259593
5.10,2259601
5.14,2259420
5.17,2259382
5.19,2255195
5.21,2254243
5.23,2254217
5.25,2253292
5.28,2251325
5.28,2214308
5.29,2213954
5.29,2213881
5.31,2212423
5.41,2211667
5.41,2210692
5.43,2207958
5.44,2204412
5.44,2203918
5.44,2202372
5.47,2201132
5.47,2200844
5.48,2200275
5.49,2194750
5.51,2194743
5.55,2192337
5.58,2192233
5.59,2191929
5.60,2190107
5.63,2189248
5.64,2185896
5.68,2185913
5.68,2185463
5.70,2183581
5.71,2162753
5.72,2162366
5.74,2162124
5.79,2155135
5.80,2153934
5.81,2153830
5.89,2143951
5.95,2140383
5.96,2136616
5.97,2136209
6.00,2135683
6.10,2134245
6.17,2134146
6.18,2133988
6.19,2122861
6.27,2120960
6.33,2120874
6.39,2120190
6.41,2119804
6.45,2119402
6.48,2118843
6.50,2118736
6.50,2117303
6.53,2112332
6.54,2112187
6.58,2089221
6.62,2088956
6.67,2088683
6.69,2087812
6.71,2087655
6.72,2085765
6.73,2085292
6.80,2084722
6.81,2083883
6.81,2081430
6.86,2079912
6.91,2079499
6.93,2078401
6.93,2078121
6.99,2077644
7.01,2077353
7.02,2073577
7.04,2072228
7.09,2072137
7.13,2070929
7.24,2069280
7.29,2069263
7.31,2067849
7.33,2067708
7.34,2067637
7.39,2067618
7.43,2067187
7.45,2063979
7.47,2061378
7.47,2061141
7.48,2060888
7.50,2059617
7.53,2055989
7.53,2046826
7.53,2045377
7.54,2045311
7.54,2044786
7.56,2044399
7.57,2043798
7.58,2042570
7.59,2042537
7.62,2042147
7.67,2042009
7.69,2041308
7.73,2040960
7.80,2040253
7.89,2039189
7.92,2038409
7.93,2038020
