0.14,5924212
0.14,5899211
0.14,5874299
0.15,5852225
0.15,5831325
0.15,5822866
0.15,5783869
0.16,5775454
0.16,5750542
0.17,5740116
0.18,5718042
0.21,5717313
0.28,5693747
0.28,5689922
0.28,5672077
0.29,5669987
0.29,5661549
0.29,5656595
0.42,5651318
0.42,5649228
0.45,5646803
0.45,5625395
0.62,5615375
0.65,5613746
0.65,5610751
0.66,5607730
0.66,5593301
0.79,5583168
1.00,5573604
1.13,5567296
1.45,5553296
1.95,5546826
2.00,5527858
2.10,5527129
2.36,5503563
2.38,5501590
2.38,5481893
2.38,5479803
2.40,5471365
2.40,5470236
2.80,5461134
2.80,5459044
2.90,5435211
3.64,5430991
5.15,5422223
12.02,5411736
67.90,5408149
528.53,5407814
535.30,5399046
564.57,5393681
564.84,5388559
