0.27,5239574
0.33,5119936
0.39,4943124
0.50,4896819
0.70,4839494
0.76,4817822
0.87,4733306
0.93,4600648
1.04,4426276
1.22,4364121
1.33,4285077
1.50,4284696
1.56,4177813
1.62,4044139
1.97,3996086
2.03,3662730
2.97,3570447
3.43,3525979
3.51,3424245
3.74,3392374
3.85,3306799
4.14,3259303
4.43,3244307
4.48,3195695
4.54,3166466
4.88,2987938
5.80,2969488
5.85,2942046
5.97,2939107
6.20,2903350
6.66,2892684
6.71,2818731
7.17,2783178
7.23,2771487
7.28,2762070
7.63,2742084
7.91,2680619
8.89,2629674
9.29,2608261
9.97,2604926
10.03,2591512
10.08,2554250
10.71,2502067
11.11,2488537
11.17,2427942
12.09,2427153
12.49,2326048
12.83,2297558
13.23,2293082
13.34,2285999
13.80,2268054
14.52,2266585
14.82,2258027
15.13,2219749
15.60,2217012
16.14,2139603
17.15,2131193
17.22,2118812
17.38,2082579
17.84,2058928
18.57,2028456
18.74,1978203
19.09,1960625
19.55,1906458
19.95,1905811
20.30,1853254
20.70,1799859
20.87,1791513
21.27,1791298
21.50,1763976
22.19,1762827
22.42,1751294
22.54,1744949
22.72,1733489
22.89,1728687
23.42,1721058
23.77,1678570
24.34,1671178
24.51,1668941
24.64,1661314
24.87,1660626
24.93,1649734
25.52,1644467
25.63,1641576
25.69,1634958
26.39,1626577
26.51,1625302
26.57,1612748
26.86,1597099
27.55,1595107
27.60,1594974
27.72,1573079
28.13,1571643
28.30,1570954
28.42,1567073
29.06,1560359
29.23,1548739
29.35,1548164
29.98,1541777
30.16,1536581
30.27,1516949
30.62,1504651
31.25,1490266
31.31,1485019
31.66,1482441
31.78,1472744
32.18,1465972
32.46,1462192
32.63,1451878
32.75,1450583
32.86,1444599
33.71,1443714
34.17,1434875
34.45,1401125
34.68,1386561
35.19,1383929
35.48,1374919
35.54,1325891
36.80,1325006
37.43,1316127
37.61,1311450
38.77,1308419
38.82,1300951
39.80,1294740
39.92,1288374
39.97,1288132
40.14,1286469
40.26,1284048
40.31,1278333
40.37,1272390
40.65,1267641
40.88,1260941
41.33,1251934
41.56,1239440
42.94,1238825
45.43,1236668
45.60,1220245
47.24,1207312
47.98,1204905
48.09,1191868
49.54,1186095
49.96,1172750
53.01,1169520
54.53,1162238
54.93,1157331
55.38,1156446
55.90,1146906
56.47,1141999
57.38,1141114
57.85,1131048
59.09,1126630
