0.28,5289294
0.34,5207296
0.40,5141362
0.46,5050888
0.51,4983600
0.68,4891759
0.74,4820787
0.80,4682967
0.96,4520176
1.30,4395382
1.47,4272927
1.87,4232128
1.98,4207028
2.16,4156870
2.21,4155221
2.38,3941900
2.50,3740723
3.23,3729380
3.34,3680301
3.40,3660850
3.52,3605085
3.57,3511224
3.74,3490911
3.80,3449017
3.86,3420012
4.03,3413317
4.20,3367766
4.31,3360289
4.59,3254027
4.76,3152931
4.99,3104531
5.55,3025079
5.89,2987657
5.95,2947484
6.00,2911308
6.12,2836786
6.43,2772316
6.83,2765251
6.94,2698673
7.22,2618107
7.50,2579047
7.78,2567390
7.90,2553630
8.01,2509063
8.35,2457637
8.57,2395811
8.68,2380973
8.80,2330576
9.08,2274493
10.04,2260753
10.33,2249314
10.39,2238538
10.51,2192000
10.62,2174118
10.86,2127256
11.27,2100535
11.95,2070606
12.46,2002962
12.63,1996656
12.97,1970023
13.65,1904079
14.05,1895326
14.16,1893433
14.21,1886001
14.27,1832200
14.33,1829339
15.01,1781986
15.40,1781967
15.70,1779866
16.17,1777057
16.33,1740562
16.56,1735422
16.73,1707520
17.30,1693163
17.47,1687740
17.75,1635276
18.46,1592655
19.01,1585405
19.66,1582022
19.84,1556875
20.29,1544094
20.80,1542573
20.86,1533825
20.91,1531504
21.14,1521611
21.31,1514530
21.42,1497485
21.54,1497065
21.76,1493414
22.29,1492871
22.40,1491864
22.69,1469690
23.14,1456437
23.59,1451299
24.24,1444277
24.59,1428205
25.22,1414693
25.33,1406183
25.56,1393941
27.48,1392833
28.13,1387019
29.68,1379644
30.13,1376480
30.42,1365159
31.35,1361528
33.04,1356746
33.91,1350614
34.02,1332763
34.41,1322959
34.81,1317150
35.57,1313012
36.90,1311675
36.95,1303967
37.91,1299264
39.09,1289070
