0.28,5141472
0.34,5040696
0.40,4777891
0.62,4704555
0.69,4696599
0.76,4676785
0.82,4644068
0.99,4434465
1.05,4342178
1.40,4310497
1.57,4296855
1.62,4196526
1.68,4067627
1.74,4046473
2.08,4016849
2.14,3911817
2.31,3843385
2.42,3667231
2.87,3619099
3.10,3599539
3.16,3579518
3.21,3573527
3.39,3508115
3.44,3444132
3.56,3295609
3.95,3272193
4.64,3169966
5.04,3084700
5.44,3031469
5.72,2974215
6.18,2964738
6.40,2945416
6.69,2923152
6.80,2911252
6.97,2881774
7.03,2865602
7.26,2846441
7.49,2818965
7.54,2762147
7.66,2761880
8.06,2721435
8.17,2703054
8.23,2644871
8.57,2628249
8.74,2612391
8.80,2509881
10.09,2479583
10.38,2370128
11.51,2355763
11.56,2339377
11.79,2311556
12.24,2242641
13.26,2228415
13.43,2227884
13.49,2204079
13.60,2200351
13.88,2198302
13.94,2184870
14.12,2174966
14.23,2168403
14.29,2128216
14.75,2093701
14.88,2087184
15.11,2076622
15.56,2062003
15.62,2052833
15.85,1990379
15.91,1969362
16.59,1955742
16.75,1945704
17.09,1940197
17.37,1926294
17.65,1898739
17.82,1895368
17.99,1892946
18.05,1879477
18.28,1872064
18.39,1848250
18.78,1846050
19.06,1794082
19.40,1784293
19.52,1731650
20.64,1689432
21.21,1682375
21.43,1625071
21.82,1613765
22.11,1608525
22.33,1585795
23.18,1580163
23.34,1573965
23.57,1572495
23.69,1563379
23.74,1533957
24.31,1533012
24.60,1522805
24.88,1516228
25.00,1505932
25.45,1494783
25.61,1492466
25.67,1488215
25.89,1479553
26.12,1476220
26.45,1455473
26.68,1454135
26.79,1453151
27.24,1435964
27.29,1433347
27.35,1432009
27.63,1431321
27.69,1425029
28.36,1424337
28.48,1421147
29.19,1411099
29.41,1406848
29.69,1406160
29.80,1406057
30.08,1395426
30.42,1378564
31.72,1374498
32.83,1368640
33.22,1368567
33.67,1364033
34.17,1358510
34.62,1357714
35.23,1348394
35.90,1348163
36.46,1340412
37.31,1337063
38.26,1333279
38.31,1329483
39.57,1328375
39.99,1328082
40.71,1326974
42.84,1323828
43.12,1322419
44.30,1312639
45.42,1295330
47.22,1294042
47.34,1290330
47.56,1281564
47.90,1273405
49.07,1264775
49.97,1254772
51.80,1251908
52.08,1249672
54.58,1247473
55.09,1244824
55.14,1237792
56.77,1230134
