0.20,5780752
0.20,5776838
0.20,5735821
0.20,5737968
0.20,5706278
0.20,5709209
0.20,5693138
0.20,5692681
0.20,5658148
0.20,5636283
0.20,5616947
0.20,5614860
0.20,5573606
0.20,5575534
0.20,5466956
0.20,5442531
0.20,5389093
0.20,5375534
0.20,5337380
0.20,5335307
0.20,5294850
0.20,5289146
0.21,5195855
0.21,5175122
0.21,5161329
0.21,5140178
0.21,5133643
0.21,5058112
0.21,5080588
0.21,4971022
0.21,4933456
0.21,4914710
0.21,4908371
0.21,4866117
0.21,4854914
0.21,4822855
0.21,4819450
0.21,4812080
0.21,4751359
0.21,4704907
0.21,4697095
0.22,4667541
0.22,4631808
0.22,4629192
0.22,4587897
0.22,4538560
0.22,4526684
0.22,4514927
0.22,4521595
0.22,4508421
0.22,4491685
0.22,4436352
0.22,4434693
0.22,4392588
0.22,4322753
0.22,4287949
0.22,4269041
0.23,4282104
0.23,4142004
0.23,4133614
0.23,4024902
0.23,4031161
0.23,3980013
0.23,3977793
0.24,3977960
0.24,3862834
0.24,3866146
0.24,3865906
0.24,3883679
0.24,3883785
0.24,3858957
0.24,3843252
0.24,3841061
0.24,3858725
0.24,3864890
0.24,3868694
0.24,3878744
0.24,3878556
0.24,3845644
0.24,3844546
0.24,3837485
0.24,3832954
0.24,3802449
0.25,3796462
0.25,3745077
0.25,3756989
0.25,3754876
0.25,3734295
0.26,3726772
0.26,3731073
0.26,3727813
0.26,3704020
0.26,3689844
0.26,3682969
0.26,3646686
0.26,3622780
0.26,3604524
0.26,3589226
0.26,3592819
0.26,3587185
0.26,3498550
0.27,3485534
0.27,3478676
0.27,3475194
0.27,3417389
0.27,3372213
0.27,3368407
0.27,3344997
0.27,3336905
0.27,3337453
0.27,3312247
0.28,3258886
0.28,3256781
0.28,3261652
0.28,3268803
0.28,3271689
0.28,3271247
0.28,3271247
0.29,3253156
0.29,3226748
0.29,3229934
0.29,3172993
0.29,3164090
0.29,3168273
0.30,3138131
0.30,3143049
0.30,3149033
0.31,3150870
0.31,3120814
0.31,3114327
0.31,3089301
0.31,3090229
0.31,3043747
0.31,2978234
0.31,2967631
0.31,2969234
0.32,2964717
0.32,2950842
0.32,2917707
0.33,2909977
0.33,2887430
0.33,2871097
0.33,2870023
0.33,2818683
0.33,2803786
0.33,2808875
0.34,2790502
0.34,2763834
0.34,2756726
0.34,2747216
0.34,2741042
0.35,2738826
0.35,2730307
0.35,2718337
0.35,2694630
0.35,2683426
0.36,2679471
0.36,2663883
0.36,2661020
0.37,2665405
0.37,2653310
0.37,2653111
0.38,2670479
0.38,2660611
0.38,2650802
0.38,2659179
0.39,2654463
0.39,2683746
0.40,2679412
0.40,2683119
0.40,2665067
0.41,2646999
0.41,2651456
0.41,2625924
0.41,2625203
0.41,2618468
0.42,2625900
0.42,2625468
0.42,2622163
0.42,2607710
0.43,2574738
0.43,2576948
0.43,2559946
0.43,2547759
0.43,2548133
0.44,2538817
0.44,2546752
0.44,2526254
0.44,2527028
0.44,2525756
0.44,2519699
0.45,2502762
0.45,2501668
0.46,2511887
0.47,2491354
0.47,2482950
0.47,2496805
0.47,2492217
0.48,2491363
0.48,2474974
0.48,2476017
0.48,2480324
0.49,2476430
0.49,2471656
0.50,2480651
0.50,2485683
0.50,2487706
0.51,2479821
0.52,2464263
0.52,2470176
0.52,2477399
0.52,2478331
0.52,2466560
0.52,2464317
0.53,2471928
0.53,2473858
0.53,2475368
0.53,2460693
0.54,2424788
0.54,2437762
0.54,2427762
0.54,2425889
0.55,2418020
0.56,2418959
0.56,2415722
0.56,2411908
0.56,2410014
0.57,2396485
0.57,2377029
0.57,2380039
0.59,2391956
0.59,2391693
0.59,2396775
0.59,2397620
0.59,2388514
0.60,2373197
0.61,2329931
0.61,2317020
0.61,2304894
0.61,2301870
0.61,2296412
0.61,2294629
0.61,2293192
0.61,2292962
0.61,2285629
0.63,2279410
0.63,2264581
0.63,2264513
0.63,2261216
0.64,2250880
0.64,2251389
0.64,2243630
0.64,2246281
0.65,2247718
0.65,2212141
0.66,2213551
0.66,2212310
0.66,2208862
0.66,2211632
0.67,2206636
0.68,2207898
0.68,2208650
0.68,2208717
0.69,2196547
0.69,2191783
0.69,2192357
0.71,2184973
0.71,2189111
0.71,2175691
0.71,2169798
0.73,2172282
0.73,2172339
0.74,2169404
0.74,2170662
0.75,2169779
0.75,2166815
0.75,2145418
0.75,2144589
0.76,2130592
0.76,2127336
0.77,2104039
0.79,2104513
0.80,2100770
0.81,2077021
0.82,2077675
0.82,2074613
0.83,2037092
0.83,2042763
0.84,2030287
0.86,2010004
0.86,1995001
0.88,1991428
0.88,1983921
0.89,1975890
0.89,1975495
0.89,1965815
0.90,1949651
0.91,1944283
0.92,1943321
0.92,1942093
0.92,1936331
0.94,1919816
0.94,1920148
0.95,1917237
0.97,1910333
0.98,1914138
0.98,1912430
0.99,1904117
1.00,1903089
1.00,1904117
1.01,1903297
1.02,1899757
1.03,1896906
1.03,1891425
1.03,1890367
1.03,1840774
1.03,1830426
1.04,1830406
1.05,1829629
1.06,1827806
1.07,1828034
1.07,1828096
1.08,1827868
1.10,1823167
1.11,1823243
1.13,1820854
1.13,1817156
1.16,1816116
1.16,1813295
1.18,1812154
1.20,1795378
1.21,1792441
1.22,1781992
1.23,1771007
1.26,1773004
1.27,1743792
1.27,1740142
1.32,1738145
1.33,1739447
1.34,1734765
1.34,1733463
1.38,1727465
1.41,1715328
1.41,1714886
1.43,1712001
1.47,1713292
1.48,1708875
1.49,1708193
1.50,1705784
1.54,1700336
1.56,1692210
1.56,1690349
1.63,1687988
1.67,1686484
1.67,1685682
1.67,1683033
1.72,1681005
1.72,1675482
1.75,1672099
1.78,1671396
1.79,1669055
1.90,1665389
1.92,1659782
1.92,1658010
1.95,1655127
1.97,1655167
2.06,1655316
2.08,1652898
2.11,1650661
2.16,1646830
2.20,1642399
2.21,1636238
2.32,1634954
2.32,1627881
2.33,1626406
2.36,1622119
2.38,1620245
2.46,1617037
2.46,1617037
2.58,1613768
2.61,1613146
2.64,1608924
2.68,1606915
2.69,1606388
2.73,1597481
2.80,1578598
2.87,1576784
2.91,1558533
2.92,1549187
2.94,1547784
3.03,1537267
3.04,1536152
3.05,1533103
3.05,1524708
3.15,1524668
3.16,1524448
3.17,1524367
3.18,1523838
3.23,1523838
3.27,1522065
3.28,1521845
3.29,1518647
3.37,1517574
3.42,1495090
3.48,1491151
3.58,1490110
3.59,1489530
3.77,1486149
3.79,1484912
3.85,1483911
3.93,1483741
4.02,1483389
4.03,1482903
4.09,1482670
4.18,1478323
4.24,1477702
4.26,1477042
4.37,1470161
