0.27,5119171
0.39,5095874
0.45,4803557
0.62,4774676
0.79,4703638
0.85,4582165
0.90,4462225
1.02,4457975
1.18,4342204
1.24,4339773
1.41,4281555
1.53,4169639
1.81,4012803
2.14,3823711
2.48,3815690
2.54,3812113
2.65,3726478
2.76,3615409
2.82,3563606
3.15,3376334
3.38,3328557
3.60,3319621
3.66,3310250
3.83,3275090
3.94,3261720
4.00,3202564
4.05,3139605
4.55,3101404
4.67,3088891
4.95,3050003
5.34,2993393
5.56,2986699
5.79,2959660
6.07,2914398
6.29,2909679
6.35,2766148
7.47,2758554
7.70,2691635
8.03,2673146
8.37,2641786
9.21,2549447
10.99,2535721
12.40,2500816
12.67,2485619
13.29,2479825
13.34,2455020
13.96,2444490
14.07,2359848
15.63,2329487
16.21,2312932
16.95,2236840
17.60,2234635
18.16,2185155
18.49,2148678
18.94,2144705
19.00,2143165
19.44,2122632
19.50,2100851
19.95,2076478
20.01,2051538
20.63,2029938
21.19,2025469
21.30,2008465
21.41,2006388
21.58,2002332
21.64,1994283
21.69,1989257
21.86,1985245
21.92,1957621
22.25,1950263
22.42,1947229
22.54,1943335
22.65,1936135
22.77,1918833
23.10,1917077
23.44,1897036
23.50,1889462
23.55,1884714
23.61,1880520
23.95,1864639
24.45,1841642
24.74,1791399
25.48,1790335
25.66,1785315
25.84,1767332
26.66,1751938
27.00,1715698
27.11,1714784
27.51,1701093
28.01,1651410
28.29,1631394
28.34,1628555
28.57,1622744
28.68,1599582
28.85,1583412
29.24,1579137
29.29,1552626
29.63,1548191
29.96,1524356
31.41,1524222
31.52,1516761
31.80,1507924
31.86,1504314
32.28,1501183
32.46,1495685
32.79,1472884
32.85,1472564
33.13,1470046
33.24,1463526
33.41,1457437
33.52,1457182
33.58,1437714
33.82,1411345
36.13,1397673
36.18,1391500
36.24,1366671
37.83,1364339
39.20,1359976
39.93,1354386
39.98,1301111
41.85,1296503
42.24,1287175
42.41,1270458
42.52,1269874
42.91,1268364
43.02,1256594
43.30,1237783
44.25,1234511
44.88,1231244
45.27,1227972
45.55,1215783
47.09,1205599
47.43,1204946
49.11,1203220
49.27,1188283
50.00,1184586
50.23,1179687
50.45,1176652
50.84,1168083
50.95,1166050
51.13,1165457
51.58,1163184
51.97,1157582
53.33,1154716
53.44,1149820
53.90,1143139
54.40,1138074
54.80,1136863
54.91,1127663
55.41,1125170
55.64,1120792
55.69,1116370
56.35,1110400
56.64,1109499
