0.28,5200287
0.34,5184705
0.45,5057459
0.51,4970377
0.57,4828648
0.68,4633664
0.80,4606561
1.08,4377416
1.42,4331257
1.47,4296016
1.87,4266686
1.92,4191150
1.98,4173829
2.09,4150549
2.26,4111348
2.43,4077456
2.49,4062365
2.55,3936001
2.72,3903582
2.84,3900242
2.89,3854849
3.12,3673492
3.46,3644366
3.51,3467971
4.19,3398293
4.31,3268213
4.98,3214080
5.44,3102159
5.50,3062588
6.18,3058354
6.29,3016890
6.63,3011469
6.69,3008030
6.75,2890402
7.20,2844436
8.12,2817143
8.29,2769914
8.80,2753375
8.92,2718225
9.15,2680661
9.49,2672203
9.55,2646794
9.61,2602884
9.66,2512269
10.18,2505978
10.49,2503515
10.66,2375438
11.61,2374723
11.78,2292934
12.07,2231741
13.02,2207518
14.04,2173348
14.09,2162481
14.21,2154126
14.26,2130274
14.32,2114857
14.43,2075690
14.54,2046227
14.96,2026478
15.72,2002268
17.41,1996084
17.65,1976845
17.96,1938271
18.04,1935048
18.27,1879538
19.50,1878791
19.78,1868357
20.18,1864651
20.53,1824143
21.33,1819357
21.39,1815127
21.45,1763242
21.94,1732903
23.17,1724208
23.35,1711489
23.76,1699058
23.93,1647559
24.99,1647031
25.35,1606280
25.58,1598329
26.31,1595278
26.43,1571692
26.49,1564175
26.61,1554422
26.84,1552080
27.12,1539852
27.63,1526670
27.69,1506287
28.37,1503587
28.42,1490186
29.08,1480125
29.23,1466446
30.48,1466265
31.31,1452332
31.55,1443848
32.68,1443167
32.80,1433529
33.20,1430850
33.65,1417593
33.88,1415698
34.65,1410230
34.82,1409716
34.99,1396895
35.39,1380174
