0.27,5130253
0.33,5104878
0.45,4909774
0.64,4837036
0.69,4804907
0.81,4792128
0.86,4701307
0.97,4684091
1.03,4683103
1.09,4524496
1.20,4430306
1.26,4265565
1.43,4139321
1.77,4000894
2.17,3936829
2.29,3932380
2.34,3881498
2.40,3793832
2.69,3736042
2.81,3629967
2.92,3625694
3.10,3612186
3.27,3593998
3.32,3542374
3.49,3443980
3.61,3265322
4.02,3216844
4.13,3208712
4.30,3137942
4.42,3134140
4.76,3123738
5.10,3059435
5.28,3055446
5.34,2999176
5.39,2896040
5.45,2812085
6.02,2766747
6.25,2753647
6.59,2751728
6.65,2698893
6.94,2648805
7.06,2599238
7.51,2558477
7.69,2538977
7.80,2512443
8.08,2458484
8.87,2417685
9.04,2396780
9.10,2394471
9.50,2351677
9.56,2333958
9.62,2313334
9.73,2309439
9.85,2247823
10.14,2247122
10.31,2235129
10.42,2183750
10.48,2181843
10.76,2180672
10.82,2108781
11.22,2085429
11.74,2082847
11.79,2058589
12.02,2041121
12.58,2024359
12.87,1999077
13.44,1987193
13.50,1982400
13.67,1979335
14.07,1974839
14.13,1958049
14.64,1954412
14.70,1917035
14.76,1908587
15.22,1906713
15.90,1898259
15.96,1818761
16.24,1805346
16.48,1805279
16.53,1803369
16.65,1759517
18.36,1758820
18.75,1748649
18.86,1746038
19.04,1740575
19.32,1729133
19.94,1727616
20.00,1719373
20.11,1705277
20.16,1701311
20.33,1679336
20.79,1665460
21.35,1663772
21.93,1658579
21.98,1644890
22.15,1622186
22.44,1621255
22.67,1621030
22.84,1619205
22.95,1612602
23.06,1605955
23.46,1605481
23.75,1604624
23.93,1603492
24.04,1592082
24.27,1584917
24.44,1583794
24.50,1569261
25.52,1566011
25.81,1561884
26.15,1550718
27.12,1547245
27.58,1545012
27.75,1544410
27.80,1538873
28.03,1528405
28.08,1522653
29.77,1511603
30.39,1506713
30.50,1501890
30.61,1476680
31.51,1471996
31.95,1471823
32.07,1465744
32.51,1456343
32.79,1454988
32.84,1437447
32.90,1425586
33.12,1390545
33.62,1380132
34.96,1365237
35.36,1346484
38.11,1337808
