0.27,5060162
0.57,5038335
0.63,4935087
0.80,4821519
0.86,4797196
0.91,4791098
0.98,4725865
1.04,4606077
1.22,4592881
1.33,4588437
1.39,4541293
1.45,4529663
1.51,4522774
1.56,4377676
1.74,4363820
1.79,4242881
1.96,4058415
2.25,3963948
2.53,3944855
2.59,3639878
3.05,3517101
3.34,3507958
3.51,3497404
3.68,3396543
3.85,3373037
4.08,3342982
4.20,3339996
4.38,3294814
4.43,3231574
4.90,3184211
5.07,3161867
5.42,2874680
5.87,2865731
6.33,2754547
6.79,2731959
7.42,2668869
7.87,2637952
8.15,2621837
8.38,2522515
9.01,2495188
9.12,2479718
9.35,2467969
9.58,2432752
9.82,2397344
10.10,2394987
10.27,2351203
10.44,2344060
10.50,2292457
11.01,2267403
11.30,2253576
11.35,2214728
12.44,2200025
12.49,2169416
12.83,2156726
13.29,2126658
13.47,2122665
13.64,2058991
14.32,2037950
14.38,2036459
14.44,2032633
14.56,2013610
14.61,2005974
14.73,1967381
15.07,1955556
15.24,1954238
15.58,1950231
15.75,1935912
15.98,1919840
16.38,1901322
16.43,1898325
17.22,1889966
17.68,1889771
18.23,1869857
18.78,1855349
19.36,1824265
19.88,1814793
20.34,1814082
20.45,1801250
20.96,1796648
21.53,1773138
21.81,1744665
22.20,1733316
23.00,1712781
23.47,1709662
23.70,1686948
23.76,1686838
24.05,1678424
24.16,1653129
24.27,1637309
25.17,1587256
25.41,1584411
26.09,1575848
26.24,1550416
27.00,1540384
27.31,1540286
27.69,1514223
28.41,1507447
28.53,1489935
28.82,1485346
29.51,1463096
31.29,1426381
33.81,1421897
34.09,1407955
34.82,1404783
34.95,1398356
35.01,1397694
35.91,1396173
35.97,1394021
36.14,1391982
36.50,1390314
36.78,1380361
38.23,1374876
38.47,1372743
38.70,1343935
39.39,1342602
39.51,1330322
39.62,1316253
39.79,1307542
40.42,1299300
41.24,1289837
41.53,1283296
42.35,1283289
42.52,1274715
42.81,1272808
43.12,1266365
44.32,1265965
47.13,1260177
48.13,1257012
48.87,1254773
48.98,1250255
49.31,1237855
50.21,1227934
50.94,1220876
52.13,1220557
52.58,1206620
55.05,1199639
57.02,1187673
57.52,1180903
