0.27,5281959
0.39,5160539
0.51,5117327
0.57,4977401
0.63,4971582
0.70,4763009
0.76,4706135
1.05,4596158
1.10,4574554
1.22,4567466
1.34,4477767
1.46,4470424
1.51,4454444
1.57,4450667
1.63,4444434
1.74,4373018
1.86,4366973
1.92,4111056
2.55,4109303
2.73,4052298
2.84,4039996
3.01,3933081
3.24,3871965
3.30,3841014
3.36,3796965
3.53,3751746
3.58,3726852
3.93,3663831
4.22,3601540
4.27,3563017
4.45,3541375
4.56,3516236
4.62,3480943
4.79,3442914
4.85,3404861
4.96,3392713
5.02,3387561
5.08,3275372
5.48,3209480
5.54,3132018
6.05,3097596
6.17,3069549
6.51,2993691
6.62,2977959
6.80,2932152
7.03,2874284
7.31,2851098
7.37,2808232
7.71,2807129
7.77,2732935
8.17,2686140
8.74,2608709
9.31,2589151
9.59,2489936
9.94,2486842
10.34,2485725
10.39,2471905
10.45,2466652
11.02,2465751
11.08,2462422
11.14,2416860
11.43,2406177
11.65,2403517
11.71,2395766
11.77,2382005
11.94,2358506
12.05,2352541
12.51,2334556
14.05,2321101
14.22,2283207
14.90,2263085
15.36,2252275
15.48,2244602
16.10,2239418
16.28,2205052
16.56,2204229
16.91,2199422
16.96,2184809
17.08,2171879
17.60,2129404
17.96,2119099
18.19,2113155
18.31,2095625
19.12,2090013
19.35,2023820
19.64,2021207
20.12,2008657
20.59,2005954
20.65,1985962
20.82,1977321
21.29,1966440
21.57,1939032
22.09,1915483
22.38,1912214
22.55,1909892
22.84,1895688
22.95,1892720
23.19,1878205
23.59,1849387
24.05,1848009
24.46,1841233
24.69,1835449
25.16,1813531
25.34,1786522
26.51,1784230
27.10,1755190
27.21,1751972
27.27,1732749
27.80,1722742
28.29,1712118
28.47,1710295
28.53,1706883
28.64,1684756
29.11,1666830
29.22,1661523
29.74,1650667
29.80,1629375
30.11,1619732
30.45,1618165
30.79,1616458
31.03,1614533
31.67,1613128
31.84,1599529
32.12,1591848
32.64,1575143
32.75,1568653
33.04,1561814
33.15,1553732
33.32,1538651
33.61,1531497
33.72,1522748
33.89,1522293
34.06,1514281
34.46,1511473
34.58,1507657
34.69,1507633
34.75,1480239
35.21,1477685
35.60,1468151
36.00,1461371
36.06,1452688
36.35,1444977
36.92,1443983
37.20,1439072
37.26,1429283
37.37,1426969
37.49,1426534
37.77,1425492
38.00,1419537
38.06,1410571
38.22,1406019
38.28,1402024
38.85,1399533
39.19,1396774
39.25,1392688
39.53,1389659
39.87,1347348
39.99,1342098
40.16,1340985
41.13,1326905
41.92,1298042
44.30,1294925
45.78,1288468
45.95,1269517
48.41,1264540
48.93,1260954
49.27,1256106
49.62,1256045
49.84,1248300
50.41,1239601
52.41,1233192
55.02,1229924
55.13,1226453
56.81,1218700
