0.27,4975187
0.45,4842331
0.50,4822106
0.56,4802681
0.67,4769714
0.79,4725217
0.90,4631814
1.07,4585382
1.13,4441826
1.53,4378945
1.75,4365316
1.86,4364222
1.92,4328463
1.98,4312197
2.03,4283659
2.09,4135378
2.20,4113122
2.26,4037717
2.65,3875674
3.10,3831620
3.27,3780693
3.38,3749171
3.61,3690769
3.73,3543173
4.37,3537998
4.43,3527971
4.49,3474645
4.54,3470259
4.77,3461144
4.83,3431418
4.89,3281563
5.18,3259829
5.46,3133545
5.75,3093454
5.86,3086198
5.92,3062342
6.03,3033986
6.09,3030959
6.15,2915288
6.37,2892412
6.66,2889156
6.71,2879253
6.77,2855678
6.83,2837585
6.94,2723172
7.39,2664792
7.91,2650901
7.97,2610744
8.02,2558395
8.49,2460060
9.53,2453597
9.82,2440868
10.05,2424673
10.28,2373671
10.57,2352413
11.19,2333485
11.47,2309449
11.64,2271434
11.76,2241146
12.16,2175112
12.67,2131023
13.07,2126524
13.35,2097524
13.69,2048583
14.10,2041617
14.21,2008936
14.56,1991284
14.62,1959776
15.59,1920575
15.99,1878167
16.50,1877463
17.42,1871070
17.59,1864468
17.93,1859924
18.21,1853712
18.27,1829070
18.38,1828644
18.50,1792340
20.31,1783492
20.76,1779538
20.93,1744537
21.27,1738804
21.32,1728236
21.55,1720012
21.60,1697897
22.11,1695558
22.55,1695196
22.85,1687986
23.02,1684589
23.24,1682591
23.41,1675956
23.47,1663758
23.80,1661615
23.86,1646198
23.97,1613980
24.20,1608381
24.31,1600105
24.82,1577155
25.05,1556529
27.32,1545954
27.38,1504840
28.41,1494127
29.26,1480927
30.10,1472741
30.71,1462011
32.10,1441072
32.90,1426593
35.42,1417897
35.59,1416896
36.04,1406579
39.08,1403853
39.31,1401139
39.43,1394725
40.16,1380741
41.36,1375340
42.60,1367909
44.63,1364837
45.81,1360807
46.16,1359504
47.99,1358825
49.42,1356654
49.48,1352246
