0.27,5112436
0.39,5083158
0.45,5015519
0.51,5007131
0.57,4901021
0.68,4882709
0.79,4802929
0.85,4737872
1.02,4244056
1.65,4214327
1.71,4138950
1.77,3992347
2.16,3891550
2.40,3828639
2.63,3749582
2.69,3744534
2.86,3606073
3.15,3604022
3.20,3483103
3.66,3431825
3.83,3426833
3.89,3414642
3.95,3335028
4.29,3309950
4.34,3272135
4.40,3270418
4.46,3207497
4.57,3120387
4.69,3066522
5.53,3061452
5.59,3045930
5.72,3015571
5.91,2997951
6.03,2995495
6.09,2973876
6.15,2927511
6.33,2852726
6.89,2801322
7.33,2747012
7.52,2725864
8.27,2619074
9.39,2559805
9.73,2556039
9.84,2528068
9.96,2526715
10.13,2496227
10.43,2472493
10.54,2414595
10.77,2402871
11.28,2398592
11.46,2381565
11.92,2366438
12.49,2350740
12.60,2317145
12.89,2314234
13.69,2306995
13.81,2280824
13.92,2261902
14.71,2243103
15.22,2242116
15.51,2237084
15.79,2215492
15.85,2200767
16.36,2200472
16.54,2165443
16.59,2161880
16.82,2156839
17.27,2134392
17.79,2130951
17.85,2106350
18.03,2104989
18.65,2102166
18.71,2095969
18.94,2090981
19.39,2066118
19.51,2051256
19.57,2020372
19.85,2018522
19.96,2014218
20.55,2005997
20.67,1981528
21.03,1968340
21.09,1929859
21.33,1920907
21.74,1902901
22.02,1895665
22.37,1874318
22.85,1871601
22.96,1819212
23.48,1814210
23.59,1770973
24.11,1723281
25.82,1714692
26.75,1710156
26.81,1682785
27.17,1647751
27.88,1642554
28.73,1627728
30.10,1608489
31.23,1602970
31.46,1601061
31.92,1579903
32.32,1557658
32.49,1553676
33.28,1538923
34.10,1536142
34.38,1533290
34.72,1530564
34.89,1527744
35.06,1524085
35.34,1517322
35.51,1513512
35.85,1499667
36.07,1489520
36.35,1479883
36.52,1476073
37.03,1471629
37.08,1462808
37.14,1456547
37.31,1445318
37.71,1439057
37.93,1438568
37.99,1438555
38.21,1428719
38.33,1425811
38.38,1416885
38.72,1413750
38.89,1409912
39.00,1407780
39.51,1397964
39.68,1396885
39.85,1388140
40.18,1380546
40.80,1376694
41.48,1367344
41.82,1359750
42.91,1358930
43.14,1327578
43.68,1325304
43.98,1324987
44.09,1322713
44.20,1316541
44.49,1300061
45.24,1297787
45.64,1282489
46.34,1274321
47.60,1272595
47.65,1270524
47.77,1270186
47.94,1263552
48.62,1233057
49.47,1224014
