0.35,8780550
0.45,8608371
0.67,8515656
0.77,8405097
0.87,8260873
1.28,8168340
1.38,8066828
1.48,7713914
1.89,7670259
2.29,7532669
2.40,7469238
2.70,7440307
2.91,7272360
3.14,7073507
3.58,6842021
4.22,6522622
4.44,6502554
4.55,6409808
4.77,6402774
5.09,6341350
5.30,6150745
5.60,5989981
5.70,5930449
6.13,5924876
6.76,5896544
6.86,5697680
7.56,5631522
7.66,5568002
7.96,5487427
8.17,5326169
9.17,5245449
9.28,5196479
9.38,5079198
9.58,5070737
9.78,5035879
9.89,5019185
10.10,4991977
10.30,4958641
10.71,4928857
10.91,4920715
11.01,4888912
11.11,4741816
12.02,4680834
12.75,4563032
13.36,4496298
13.77,4472673
14.28,4453608
14.38,4443225
14.58,4404806
14.88,4299013
15.25,4224669
15.97,4216007
16.48,4210626
16.78,4163165
17.19,4107236
17.69,4103554
17.78,4076551
17.89,4045827
18.09,4004873
18.19,3997300
18.49,3959188
18.69,3949221
18.79,3949181
19.09,3878532
19.39,3870914
19.59,3857456
19.89,3790465
20.10,3756257
20.20,3755859
20.40,3684919
20.90,3657067
21.92,3564517
22.42,3523691
22.62,3503381
23.23,3489058
23.73,3486211
23.93,3435839
24.54,3335753
24.94,3334819
25.24,3221283
28.05,3192968
28.25,3131830
28.96,3007113
29.96,3001852
31.67,2957363
32.37,2955793
32.67,2953003
32.87,2931410
33.17,2878839
33.88,2866620
34.07,2837665
34.58,2821484
34.68,2808267
34.78,2805831
34.98,2762217
35.08,2750656
35.48,2725260
35.78,2719254
36.89,2713168
37.60,2663128
38.20,2635709
39.10,2632758
40.10,2606239
40.20,2581817
40.60,2570683
41.00,2515396
41.10,2472228
43.62,2467730
43.92,2467210
44.43,2454645
44.83,2441376
45.03,2406979
45.23,2397854
46.83,2337364
48.07,2317935
49.43,2311602
49.74,2307405
50.69,2306383
51.51,2298818
51.72,2291703
52.35,2290933
52.66,2274602
53.06,2263845
53.27,2239708
55.25,2239387
55.99,2220941
57.74,2214312
58.15,2171112
58.35,2160663
58.45,2146577
58.56,2120999
59.18,2116761
59.59,2114764
59.81,2106243
61.15,2093689
61.76,2087327
62.40,2064786
64.72,2014618
66.44,2013178
67.04,2013117
67.24,2010078
