0.20,9965947
0.20,9941592
0.20,9954306
0.20,9936546
0.21,9873735
0.21,9873711
0.21,9491656
0.21,9272034
0.21,9184275
0.21,9169435
0.21,9110450
0.21,9102165
0.21,9102986
0.21,9086263
0.21,9083840
0.21,9030153
0.21,8964570
0.21,8980430
0.21,8983806
0.21,8981995
0.22,8978888
0.22,8852105
0.22,8796061
0.22,8735269
0.22,8723702
0.22,8729088
0.22,8729039
0.22,8685345
0.22,8683048
0.22,8682802
0.22,8683597
0.22,8677831
0.22,8668186
0.22,8628148
0.22,8425770
0.23,8436301
0.23,8432555
0.23,8435253
0.23,8423979
0.23,8425758
0.23,8310889
0.23,8280780
0.23,8172028
0.23,8157930
0.23,8146265
0.23,8035873
0.24,8031953
0.24,8010471
0.24,8020259
0.24,7994348
0.24,8002274
0.24,8004322
0.24,8009646
0.24,7991329
0.24,7977782
0.25,7952848
0.25,7919898
0.25,7895384
0.25,7862349
0.25,7813881
0.25,7810845
0.25,7782815
0.25,7781589
0.25,7764571
0.25,7588747
0.25,7609692
0.25,7578148
0.25,7576023
0.25,7556076
0.25,7551996
0.25,7553455
0.25,7521972
0.26,7377368
0.26,7333530
0.26,7166041
0.26,7158909
0.26,7042037
0.26,7022380
0.26,7023953
0.27,7014126
0.27,6992920
0.27,6995988
0.27,6987457
0.27,6988321
0.27,6910384
0.27,6783547
0.27,6788284
0.27,6719542
0.27,6730667
0.27,6728985
0.27,6589207
0.27,6578139
0.28,6547188
0.28,6540168
0.28,6528538
0.28,6524637
0.28,6335122
0.28,6313056
0.28,6314983
0.28,6272526
0.28,6271483
0.28,6168418
0.28,6168620
0.28,6168575
0.28,6105246
0.29,6050516
0.29,6053702
0.29,6063222
0.29,6041431
0.29,5996736
0.29,6002124
0.29,5971827
0.30,5883254
0.30,5823937
0.30,5821521
0.30,5820240
0.30,5823010
0.30,5724002
0.31,5645271
0.31,5622837
0.31,5621471
0.31,5621378
0.31,5610259
0.31,5608612
0.31,5603309
0.32,5581736
0.32,5550094
0.32,5541682
0.32,5451792
0.32,5427633
0.32,5422198
0.32,5421617
0.32,5417722
0.32,5412181
0.33,5412064
0.33,5415599
0.33,5225922
0.33,5225869
0.33,5226464
0.33,5212935
0.33,5208917
0.33,5217206
0.34,5165593
0.34,5163003
0.35,5161997
0.35,5131846
0.35,5123640
0.35,5127506
0.35,5125507
0.36,5123276
0.36,5125256
0.36,5124188
0.36,4963019
0.36,4964450
0.36,4962432
0.37,4965091
0.37,4966937
0.37,4967463
0.37,4896830
0.37,4898293
0.37,4897149
0.37,4896741
0.37,4896182
0.37,4890333
0.37,4881983
0.37,4877813
0.37,4878475
0.37,4876484
0.38,4785335
0.38,4785194
0.38,4786216
0.38,4771261
0.39,4771393
0.39,4756319
0.39,4760748
0.39,4757112
0.40,4732978
0.40,4732522
0.40,4730548
0.40,4730328
0.40,4729080
0.41,4725187
0.41,4691539
0.42,4684856
0.42,4684677
0.42,4635556
0.42,4636062
0.42,4633160
0.42,4630433
0.42,4629347
0.42,4626905
0.42,4582231
0.42,4543391
0.43,4543709
0.43,4543352
0.43,4547535
0.43,4518925
0.44,4508762
0.45,4488997
0.45,4459408
0.45,4457791
0.45,4440548
0.46,4420258
0.46,4414489
0.46,4414012
0.46,4413035
0.46,4414080
0.46,4414510
0.47,4417651
0.47,4418794
0.47,4404711
0.47,4368211
0.47,4349928
0.48,4353507
0.48,4347089
0.48,4342905
0.48,4343851
0.48,4282948
0.49,4284700
0.49,4242589
0.49,4232544
0.49,4233119
0.50,4230492
0.50,4233262
0.50,4238287
0.50,4229423
0.50,4135227
0.51,4130849
0.51,4124320
0.51,4094129
0.51,4095242
0.51,4089229
0.51,4090461
0.52,4076734
0.52,4077050
0.52,4073883
0.52,4076741
0.52,4050826
0.52,4048876
0.52,4040269
0.52,4027368
0.53,4023910
0.53,4023640
0.53,4017455
0.53,4013673
0.54,4023297
0.54,4017268
0.54,4014770
0.54,4018175
0.54,4017704
0.54,4015952
0.54,3991284
0.55,3959481
0.55,3952438
0.56,3957591
0.56,3946786
0.56,3952812
0.57,3951407
0.57,3948350
0.57,3951892
0.57,3955443
0.57,3955088
0.57,3940261
0.57,3920875
0.58,3891291
0.58,3892942
0.58,3895395
0.58,3895432
0.58,3896712
0.58,3896789
0.58,3892886
0.59,3894264
0.59,3893852
0.59,3895248
0.59,3894952
0.59,3887301
0.59,3891491
0.59,3889349
0.59,3893679
0.59,3883180
0.59,3888295
0.59,3867629
0.60,3867415
0.60,3855066
0.61,3805120
0.62,3783473
0.62,3786624
0.63,3767426
0.63,3767856
0.64,3759839
0.64,3760836
0.64,3757488
0.65,3757790
0.65,3760380
0.65,3760267
0.65,3762163
0.65,3762814
0.65,3760038
0.65,3736222
0.65,3738537
0.65,3736886
0.66,3735920
0.67,3745186
0.67,3735393
0.67,3736076
0.67,3735811
0.67,3726822
0.67,3722134
0.68,3720049
0.68,3722483
0.68,3710782
0.69,3693099
0.69,3685474
0.69,3685921
0.69,3686722
0.70,3683532
0.70,3681064
0.70,3670573
0.70,3675588
0.70,3673556
0.71,3671654
0.71,3660188
0.72,3661819
0.72,3661427
0.72,3646639
0.73,3644404
0.74,3631631
0.74,3632752
0.75,3638588
0.75,3635425
0.75,3638851
0.75,3610019
0.75,3596658
0.76,3594360
0.76,3585223
0.77,3585406
0.77,3582962
0.78,3577724
0.78,3578059
0.78,3570507
0.78,3567190
0.78,3568413
0.78,3569418
0.79,3567641
0.79,3567151
0.80,3567264
0.80,3559611
0.80,3557722
0.80,3548493
0.80,3527444
0.81,3526887
0.82,3522508
0.83,3518584
0.83,3513084
0.83,3513545
0.83,3512734
0.84,3512973
0.84,3514635
0.85,3510298
0.85,3512293
0.86,3509754
0.86,3507633
0.86,3513414
0.87,3517124
0.88,3513410
0.88,3511069
0.88,3511692
0.89,3509543
0.89,3513638
0.89,3514435
0.90,3515811
0.90,3512903
0.90,3503781
0.91,3503726
0.91,3502929
0.91,3504250
0.92,3476974
0.92,3468481
0.93,3468473
0.93,3468961
0.93,3470265
0.95,3462819
0.96,3461611
0.97,3456847
0.97,3465528
0.98,3467342
0.98,3462070
0.99,3458683
0.99,3451362
0.99,3411281
1.00,3389909
1.00,3387478
1.00,3387791
1.03,3381713
1.03,3380507
1.04,3377973
1.04,3360715
1.05,3358694
1.05,3354744
1.06,3354627
1.06,3354627
1.07,3351402
1.08,3349050
1.09,3335103
1.10,3336409
1.10,3331391
1.14,3331767
1.15,3329536
1.15,3328222
1.15,3326953
1.17,3322928
1.19,3322845
1.20,3293716
1.21,3293282
1.22,3293111
1.22,3292557
1.22,3292623
1.24,3281243
1.24,3270132
1.24,3266697
1.25,3264477
1.25,3264360
1.26,3264035
1.26,3264206
1.27,3264784
1.27,3265654
1.28,3263196
1.29,3260909
1.30,3261058
1.32,3236402
1.32,3233882
1.33,3227210
1.34,3218916
1.37,3211684
1.37,3211632
1.37,3201874
1.39,3201372
1.41,3177553
1.42,3151618
1.44,3149006
1.44,3149195
1.46,3148718
1.48,3147543
1.49,3137625
1.50,3137011
1.55,3136768
1.55,3067517
1.56,3067605
1.58,3067553
1.58,3041111
1.60,3030950
1.60,3029975
1.61,3030058
1.61,3012266
1.64,2991177
1.65,2989556
1.68,2950927
1.71,2943845
1.74,2940475
1.75,2938795
1.76,2938795
1.79,2938221
1.82,2937851
1.83,2937700
1.88,2929255
1.90,2930209
1.91,2925981
1.91,2925585
1.92,2891471
1.93,2889458
1.95,2886408
1.96,2886809
1.97,2886679
2.00,2886440
2.03,2884885
2.06,2884802
2.11,2877502
2.18,2871996
2.19,2867449
2.21,2863500
2.25,2855612
2.30,2840623
2.31,2840637
2.35,2840327
2.36,2837449
2.37,2837297
2.38,2837205
2.41,2832338
2.41,2830427
2.43,2821192
2.45,2820776
2.52,2816512
2.53,2816177
2.57,2802264
2.63,2775928
2.68,2772935
2.70,2771575
2.71,2771575
2.75,2769676
2.76,2766278
2.81,2761740
2.82,2747685
2.87,2747627
2.87,2744519
2.92,2741576
2.94,2739023
2.95,2736615
2.95,2721230
2.97,2721010
3.00,2718032
3.02,2715176
3.06,2710103
3.08,2709835
3.09,2705360
3.16,2705118
3.16,2705017
3.23,2668982
3.27,2668521
3.31,2668416
3.31,2660770
3.32,2659585
3.38,2658521
3.42,2654833
3.43,2649177
3.48,2649177
3.49,2649164
3.49,2643137
3.57,2642928
3.60,2630876
3.63,2623029
3.65,2622946
3.67,2622413
3.71,2621197
3.72,2621061
3.80,2620953
3.97,2620953
3.99,2619665
4.03,2619288
4.12,2619288
4.16,2616135
4.19,2616135
4.38,2615994
4.43,2615014
4.45,2615014
