0.15,9926234
0.15,9823463
0.15,9769032
0.15,9767672
0.16,9762469
0.16,9761662
0.16,9761387
0.16,9758097
0.16,9752664
0.16,9752529
0.16,9747746
0.16,9745723
0.16,9745512
0.17,9737715
0.17,9636304
0.18,9630081
0.19,9627420
0.19,9622789
0.19,9622436
0.31,9558661
0.31,9550562
0.46,9549522
0.46,9549311
0.46,9541514
0.46,9539784
0.46,9539649
0.46,9538912
0.47,9531099
0.47,9531088
0.47,9525982
0.47,9525629
0.48,9485956
0.48,9477857
0.56,9476058
0.58,9475307
0.61,9424979
0.65,9418756
0.68,9416095
0.69,9411464
0.69,9411111
1.57,9400229
1.57,9388566
1.57,9384588
1.88,9380639
2.31,9375351
2.32,9369128
2.33,9366467
2.33,9361836
2.34,9361483
2.60,9350601
2.60,9338938
2.60,9334960
2.69,9331011
2.86,9329212
3.03,9327367
3.03,9327137
3.03,9322848
3.03,9322153
3.75,9297721
3.75,9296854
3.75,9272971
3.75,9271485
3.75,9271350
3.76,9265044
3.76,9263757
3.76,9263232
3.76,9256889
3.76,9252979
3.76,9249657
4.58,9238487
4.58,9238476
4.59,9230560
4.64,9230050
4.64,9229708
4.65,9226041
4.67,9225346
4.67,9225016
4.67,9224149
4.67,9200266
4.67,9198780
4.67,9198645
4.67,9192339
4.67,9191052
4.67,9190527
4.67,9184184
4.68,9180274
4.68,9176952
6.62,9158006
6.73,9151783
6.83,9149501
6.83,9144870
6.83,9144517
6.84,9144491
6.84,9144138
9.22,9133256
9.23,9121972
9.23,9121593
9.24,9117615
10.08,9114045
10.08,9113666
37.78,9112805
54.49,9109359
54.49,9098075
54.49,9097696
54.51,9097555
55.32,9097193
55.34,9097052
59.53,9092835
59.53,9092456
59.55,9092315
152.08,9086366
152.08,9085987
152.10,9085846
175.01,9085478
175.03,9085337
426.92,9084678
426.92,9084511
426.92,9082730
459.45,9079422
459.45,9079281
459.45,9075825
459.46,9075322
459.47,9074182
459.47,9074041
459.47,9070585
459.77,9067713
459.77,9067572
459.77,9064116
459.85,9063607
461.90,9063235
463.23,9061894
463.23,9060607
463.24,9060534
463.25,9045924
463.25,9036397
463.25,9035894
463.25,9031157
463.26,9024688
463.27,9024179
463.27,9023826
463.27,9023317
463.27,9023105
463.27,9021818
463.27,9021651
463.28,9021157
463.28,9019870
463.35,9017891
463.35,9017382
463.35,9015883
463.35,9015716
463.35,9013935
463.38,9013472
463.38,9011973
463.38,9011806
463.38,9010025
566.09,9009810
