0.20,126978
0.20,107826
0.20,107930
0.20,107826
0.20,105734
0.20,107423
0.20,111521
0.20,109886
0.20,111268
0.20,100840
0.20,100364
0.20,98426
0.20,100208
0.20,103522
0.20,113035
0.20,125701
0.20,125564
0.20,106572
0.20,98461
0.20,97003
0.20,96625
0.20,95960
0.20,126428
0.20,128127
0.20,128141
0.20,97673
0.20,97659
0.20,95249
0.20,95880
0.20,95935
0.20,95954
0.20,106786
0.20,105983
0.20,111038
0.20,111645
0.20,113303
0.20,101409
0.20,101091
0.20,101471
0.20,102242
0.20,101582
0.20,101186
0.21,99411
0.21,100520
0.21,96837
0.21,70469
0.21,71140
0.21,70469
0.21,70993
0.21,71244
0.21,70896
0.21,70190
0.21,81671
0.21,76135
0.21,75515
0.21,85536
0.21,90909
0.21,82117
0.21,79089
0.21,77687
0.21,83227
0.21,77687
0.21,82771
0.21,81630
0.21,80813
0.21,110046
0.21,111526
0.21,115886
0.21,133970
0.21,114150
0.21,109189
0.21,110824
0.21,112506
0.21,108401
0.21,99386
0.21,102936
0.21,97975
0.21,96493
0.21,71481
0.21,70229
0.21,70272
0.21,88846
0.21,70272
0.21,69787
0.21,71268
0.21,66510
0.21,68671
0.21,68249
0.21,69896
0.21,66788
0.21,69620
0.21,74397
0.21,74222
0.21,82900
0.21,85198
0.21,85301
0.21,83003
0.21,71781
0.22,69092
0.22,68758
0.22,79503
0.22,81803
0.22,81513
0.22,81367
0.22,81784
0.22,99748
0.22,99641
0.22,123080
0.22,130822
0.22,130580
0.22,126361
0.22,126928
0.22,126665
0.22,122239
0.22,115144
0.22,95674
0.22,98468
0.22,98458
0.22,98714
0.22,100929
0.22,102595
0.22,99986
0.22,100034
0.22,105109
0.22,105439
0.22,103187
0.22,102442
0.22,80176
0.22,80605
0.22,88089
0.22,88580
0.22,78540
0.22,79025
0.22,70572
0.22,71624
0.22,68074
0.22,69709
0.22,71147
0.22,74936
0.22,83178
0.22,83819
0.22,80011
0.23,76032
0.23,77006
0.23,79733
0.23,89464
0.23,80675
0.23,82051
0.23,76300
0.23,73506
0.23,71902
0.23,72719
0.23,72690
0.23,72709
0.23,72382
0.23,81147
0.23,80972
0.23,70074
0.23,75780
0.23,70074
0.23,77084
0.23,78564
0.23,70306
0.23,70966
0.23,85578
0.23,86830
0.23,76439
0.23,74665
0.23,73914
0.23,81655
0.23,82084
0.23,82309
0.23,80784
0.23,82452
0.23,72419
0.23,72085
0.23,71375
0.23,72085
0.23,71085
0.23,81118
0.23,80943
0.23,82296
0.23,81962
0.23,75909
0.23,62962
0.23,64744
0.23,64617
0.23,67791
0.23,69037
0.23,74144
0.23,72709
0.24,67654
0.24,68876
0.24,80456
0.24,68876
0.24,86960
0.24,72207
0.24,68806
0.24,73166
0.24,73826
0.24,73941
0.24,74370
0.24,75422
0.24,69686
0.24,66136
0.24,91137
0.24,93217
0.24,103951
0.24,114342
0.24,113813
0.24,113032
0.24,104005
0.24,104646
0.24,94952
0.24,92571
0.24,102265
0.24,102140
0.24,72436
0.24,73253
0.24,72276
0.24,71459
0.24,68204
0.24,65516
0.24,65691
0.24,71085
0.24,101549
0.24,103238
0.24,82234
0.24,82985
0.24,74716
0.24,75585
0.24,72622
0.24,69790
0.24,73667
0.24,81463
0.24,96930
0.24,68990
0.24,72259
0.25,81051
0.25,75678
0.25,78799
0.25,77982
0.25,77776
0.25,79298
0.25,81315
0.25,81461
0.25,79008
0.25,77481
0.25,74111
0.25,74506
0.25,69320
0.25,80133
0.25,80308
0.25,80353
0.25,80396
0.25,75836
0.25,96828
0.25,104152
0.25,112281
0.25,114316
0.25,114281
0.25,114316
0.25,117162
0.25,114316
0.25,123496
0.25,105586
0.25,100516
0.25,99468
0.25,98769
0.25,94963
0.25,95219
0.25,99688
0.25,119385
0.25,114916
0.25,107739
0.25,108399
0.25,107739
0.25,108848
0.25,117353
0.25,95459
0.25,79950
0.25,80435
0.25,79950
0.25,80435
0.25,77436
0.25,84920
0.25,77436
0.25,76726
0.25,80767
0.25,81408
0.26,83186
0.26,82369
0.26,82194
0.26,79934
0.26,72085
0.26,72463
0.26,72797
0.26,92152
0.26,103799
0.26,101480
0.26,100625
0.26,100787
0.26,101362
0.26,102361
0.26,97180
0.26,86928
0.26,70994
0.26,67862
0.26,69320
0.26,68074
0.26,69686
0.26,94006
0.26,69686
0.26,82015
0.26,78465
0.26,66136
0.26,71624
0.26,76004
0.26,74952
0.26,74523
0.26,76821
0.26,72343
0.26,74125
0.26,73398
0.26,75658
0.26,70259
0.26,83170
0.26,105378
0.26,77193
0.26,80620
0.26,71942
0.26,72919
0.26,78868
0.26,76170
0.26,76801
0.26,80351
0.26,78868
0.26,78208
0.26,79105
0.26,79407
0.27,79892
0.27,78563
0.27,79892
0.27,81427
0.27,80942
0.27,86229
0.27,84983
0.27,85799
0.27,81432
0.27,81451
0.27,73528
0.27,71565
0.27,71055
0.27,66626
0.27,69663
0.27,69022
0.27,69405
0.27,69707
0.27,68037
0.27,67226
0.27,68706
0.27,82590
0.27,83812
0.27,69928
0.27,69405
0.27,69928
0.27,70608
0.27,70627
0.27,68836
0.27,68817
0.27,72244
0.27,70469
0.27,82082
0.27,82416
0.27,72685
0.27,71868
0.27,71105
0.27,72351
0.28,71723
0.28,67273
0.28,68090
0.28,69466
0.28,72138
0.28,72419
0.28,75183
0.28,85060
0.28,82296
0.28,110132
0.28,134245
0.28,120164
0.28,126212
0.28,123104
0.28,121222
0.28,122338
0.28,101346
0.28,102647
0.28,102023
0.28,97270
0.28,100851
0.28,102180
0.28,101873
0.28,100470
0.28,97244
0.28,106398
0.28,105767
0.28,109826
0.28,102749
0.28,109826
0.28,109994
0.28,106449
0.28,105522
0.28,107211
0.28,107716
0.28,105836
0.28,100752
0.28,104684
0.28,114144
0.28,110212
0.28,100179
0.28,78237
0.28,69686
0.28,71468
0.28,70085
0.28,68833
0.28,67298
0.28,66324
0.28,64542
0.28,65516
0.28,68771
0.28,71459
0.28,72276
0.28,72936
0.28,71500
0.28,69709
0.29,70289
0.29,66197
0.29,67171
0.29,69860
0.29,74936
0.29,69860
0.29,68380
0.29,71384
0.29,68380
0.29,67616
0.29,71879
0.29,72167
0.29,71879
0.29,71860
0.29,70886
0.29,76398
0.29,72848
0.29,70192
0.29,71244
0.29,69709
0.29,69375
0.29,69404
0.29,70850
0.29,69404
0.29,71569
0.29,65839
0.29,68876
0.29,70259
0.29,69013
0.29,67791
0.29,69240
0.30,72120
0.30,72549
0.30,71297
0.30,71046
0.30,69458
0.30,68817
0.30,68634
0.30,68817
0.30,75827
0.30,78237
0.30,79717
0.30,79892
0.30,72119
0.30,69431
0.30,68771
0.30,68437
0.30,68771
0.30,68695
0.30,82452
0.30,84521
0.30,86366
0.30,83993
0.30,86366
0.30,80641
0.30,70764
0.30,68695
0.30,70230
0.30,69928
0.30,73380
0.30,74107
0.30,70603
0.30,70457
0.30,68922
0.30,68748
0.31,66837
0.31,66877
0.31,69914
0.31,69254
0.31,70221
0.31,69561
0.31,69863
0.31,69561
0.31,69707
0.31,77459
0.31,77406
0.31,79704
0.31,81773
0.31,80853
0.31,76374
0.31,67721
0.31,75935
0.31,75633
0.31,79725
0.31,79105
0.31,79182
0.31,78868
0.31,66877
0.31,70051
0.31,69391
0.31,69693
0.31,75139
0.31,69740
0.31,71137
0.31,72662
0.31,72328
0.31,72238
0.31,72092
0.31,70840
0.32,69594
0.32,70425
0.32,71960
0.32,70287
0.32,72356
0.32,72574
0.32,82177
0.32,81759
0.32,82477
0.32,75444
0.32,75929
0.32,70511
0.32,68350
0.32,74360
0.32,74694
0.32,75995
0.32,77906
0.32,92229
0.32,91569
0.32,83827
0.32,84340
0.32,73294
0.32,82463
0.32,82124
0.32,81949
0.32,80851
0.32,76792
0.32,75953
0.32,76792
0.32,78583
0.32,76792
0.32,76074
0.32,68272
0.33,69524
0.33,68984
0.33,72602
0.33,72936
0.33,72276
0.33,69021
0.33,67585
0.33,68303
0.33,67329
0.33,71710
0.33,69022
0.33,70603
0.33,69022
0.33,63779
0.33,69509
0.33,71924
0.33,69509
0.33,68006
0.33,67346
0.33,72719
0.33,67654
0.33,67694
0.33,76459
0.33,75799
0.33,77157
0.33,69444
0.33,70104
0.33,68706
0.33,66915
0.33,66692
0.33,66486
0.33,69594
0.33,71663
0.33,71228
0.33,70464
0.33,70074
0.33,66189
0.33,67441
0.33,67051
0.33,67226
0.33,68478
0.34,73543
0.34,83420
0.34,82915
0.34,82483
0.34,82838
0.34,80769
0.34,68748
0.34,68272
0.34,76396
0.34,81461
0.34,85828
0.34,85065
0.34,83818
0.34,83278
0.34,69687
0.34,68207
0.34,69024
0.34,69863
0.34,75812
0.34,76530
0.34,69046
0.34,73911
0.34,74245
0.34,74340
0.34,74006
0.34,68588
0.34,76072
0.34,75354
0.34,74108
0.34,77612
0.34,77824
0.34,76172
0.34,71872
0.34,67443
0.34,66958
0.35,66656
0.35,68066
0.35,73484
0.35,73003
0.35,74255
0.35,74370
0.35,73885
0.35,74937
0.35,71387
0.35,71439
0.35,72919
0.35,70613
0.35,75139
0.35,73294
0.35,72242
0.35,72902
0.35,72620
0.35,70947
0.35,70287
0.35,72356
0.35,72730
0.35,73700
0.35,81305
0.35,77090
0.35,77000
0.35,77302
0.36,72921
0.36,76042
0.36,77032
0.36,75780
0.36,93690
0.36,68090
0.36,67449
0.36,70999
0.36,68930
0.36,70603
0.36,69551
0.36,82462
0.36,82793
0.36,87658
0.36,86846
0.36,87181
0.36,86828
0.36,86890
0.36,69687
0.36,71569
0.36,66850
0.36,69682
0.36,66850
0.36,67189
0.36,66529
0.36,68515
0.36,68439
0.36,70175
0.36,68439
0.36,73528
0.36,72810
0.36,67721
0.36,68695
0.36,68393
0.36,68059
0.36,69495
0.36,75328
0.36,78160
0.36,78306
0.36,79329
0.36,75779
0.37,76420
0.37,77865
0.37,79262
0.37,77865
0.37,77224
0.37,77144
0.37,77350
0.37,76464
0.37,75875
0.37,71847
0.37,72276
0.37,73417
0.37,68273
0.37,66793
0.37,65357
0.37,65691
0.37,68380
0.37,65691
0.37,67226
0.37,70230
0.37,71244
0.37,72496
0.37,73931
0.37,70381
0.37,74467
0.37,80943
0.37,81118
0.37,80784
0.37,89882
0.37,70415
0.37,69986
0.37,69896
0.37,69986
0.37,71238
0.37,66788
0.38,66529
0.38,69361
0.38,70896
0.38,71198
0.38,71186
0.38,69117
0.38,73150
0.38,69117
0.38,68399
0.38,68875
0.38,68399
0.38,76376
0.38,74933
0.38,79621
0.38,80873
0.38,78041
0.38,78084
0.38,82081
0.38,80236
0.38,83763
0.38,83461
0.38,84682
0.38,83461
0.38,79934
0.38,76951
0.38,67220
0.38,78796
0.38,80299
0.38,78901
0.38,81022
0.38,81455
0.38,73280
0.38,69914
0.38,69575
0.38,70958
0.38,71257
0.38,70840
0.38,69594
0.39,73144
0.39,69594
0.39,70011
0.39,73561
0.39,73259
0.39,74076
0.39,74263
0.39,71142
0.39,69707
0.39,68037
0.39,67220
0.39,65691
0.39,67171
0.39,65691
0.39,67226
0.39,67616
0.39,71169
0.39,72259
0.39,68990
0.39,68272
0.39,65434
0.39,68272
0.39,80182
0.39,79418
0.39,84562
0.39,74240
0.39,73761
0.39,72620
0.39,67226
0.39,65435
0.39,68862
0.39,70905
0.39,76462
0.39,70905
0.40,77235
0.40,77362
0.40,67329
0.40,65260
0.40,62962
0.40,63137
0.40,66174
0.40,67226
0.40,72620
0.40,72776
0.40,73280
0.40,69914
0.40,69575
0.40,75836
0.40,69575
0.40,63954
0.40,64717
0.40,63954
0.41,63137
0.41,65969
0.41,68379
0.41,73454
0.41,68379
0.41,69196
0.41,66364
0.41,67616
0.41,69096
0.41,68706
0.41,66915
0.41,66692
0.41,66819
0.41,67042
0.41,65260
0.41,69686
0.41,83170
0.41,84952
0.41,83170
0.42,81645
0.42,66217
0.42,62962
0.42,65794
0.42,67382
0.42,66618
0.42,67382
0.42,66618
0.42,66793
0.42,67557
0.42,67382
0.42,66618
0.42,66793
0.42,67557
0.42,67382
0.42,66136
0.42,66189
0.42,63779
0.42,67034
0.42,66217
0.43,62962
0.43,63779
0.43,65182
0.43,65985
0.43,66486
0.43,66788
0.43,69707
0.43,70230
0.43,68439
0.43,67721
0.43,68206
0.43,69458
0.43,77307
0.43,74475
0.43,76725
0.43,76871
0.43,66850
0.43,66632
0.44,66486
0.44,66788
0.44,68439
0.44,68924
0.44,69175
0.44,66877
0.44,70936
0.44,73280
0.44,72795
0.44,72242
0.44,69898
0.44,70715
0.44,69569
0.44,70425
0.44,72207
0.44,71351
0.44,71142
0.44,69896
0.44,68249
0.45,65693
0.45,65518
0.45,66819
0.45,65518
0.45,66335
0.45,64542
0.45,63779
0.45,67034
0.45,68006
0.45,67667
0.45,66850
0.45,69682
0.45,69663
0.45,69682
0.45,66850
0.45,67189
0.46,68692
0.46,73176
0.46,72776
0.46,74028
0.46,76180
0.46,75780
0.46,77032
0.46,76314
0.46,77760
0.46,77633
0.46,74801
0.46,72386
0.46,67667
0.46,68430
0.46,67667
0.46,67336
0.46,68739
0.46,67336
0.46,69178
0.46,66174
0.46,65999
0.46,65182
0.47,66964
0.47,70416
0.47,68634
0.47,67382
0.47,65794
0.47,67382
0.47,69164
0.47,67576
0.47,64744
0.47,65561
0.47,67336
0.47,68099
0.47,67648
0.47,67355
0.47,67336
0.47,68411
0.47,77131
0.47,77412
0.47,69380
0.47,68411
0.47,68118
0.47,67557
0.48,68809
0.48,68862
0.48,65435
0.48,64717
0.48,63954
0.48,66958
0.48,66141
0.48,66958
0.48,67721
0.48,68439
0.48,66788
0.48,71565
0.48,71892
0.48,66837
0.48,65357
0.48,65182
0.48,63779
0.48,65182
0.48,65516
0.48,68205
0.49,66136
0.49,62962
0.49,63137
0.49,63954
0.49,68380
0.49,66311
0.49,66136
0.49,62962
0.49,65260
0.49,68515
0.49,66217
0.49,69049
0.49,70584
0.49,71564
0.50,71511
0.50,71564
0.50,70342
0.50,69096
0.50,64617
0.50,63137
0.50,62962
0.50,63137
0.50,62962
0.51,63137
0.51,64617
0.51,63137
0.51,62962
0.51,63137
0.51,62962
0.51,63137
0.52,65969
0.52,63137
0.52,62962
0.52,65999
0.52,65182
0.52,63779
0.53,63954
0.53,63137
0.53,62962
0.53,64744
0.53,65561
0.53,64744
0.53,62962
0.53,63779
0.53,65561
0.53,64744
0.53,67042
0.53,66819
0.53,67636
0.54,67509
0.54,68272
0.54,68066
0.54,67565
0.54,66802
0.54,65985
0.54,65182
0.54,63779
0.54,62962
0.55,63137
0.55,65435
0.55,65260
0.55,64542
0.55,65516
0.56,65691
0.56,64717
0.56,63954
0.56,63779
0.56,63954
0.56,63779
0.56,62962
0.56,64744
0.56,67576
0.57,66324
0.57,67042
0.57,68833
0.57,67051
0.57,68833
0.57,69223
0.57,68833
0.57,69358
0.57,67862
0.57,67051
0.57,67441
0.57,62962
0.58,63137
0.58,62962
0.59,64744
0.59,65561
0.59,64744
0.59,64617
0.60,64744
0.60,69117
0.60,66819
0.60,66692
0.60,66486
0.60,65985
0.60,66626
0.60,66964
0.60,65561
0.60,64744
0.60,66519
0.60,64744
0.60,65561
0.60,66964
0.60,66626
0.60,65985
0.60,65839
0.60,66141
0.60,66626
0.61,66964
0.61,65182
0.61,63779
0.61,63954
0.61,63779
0.61,62962
0.61,63137
0.61,62962
0.62,63137
0.62,62962
0.62,63779
0.62,63954
0.62,63779
0.63,62962
0.63,64744
0.63,64617
0.63,63137
0.63,62962
0.63,63137
0.63,62962
0.64,63779
0.64,62962
0.64,63779
0.64,62962
0.64,63137
0.65,63954
0.65,65434
0.65,64617
0.65,65434
0.65,63954
0.65,63137
0.66,62962
0.67,63137
0.67,62962
0.67,63137
0.68,62962
0.69,63137
0.70,62962
0.70,63137
0.70,63954
0.70,64717
0.71,63954
0.71,63779
0.71,62962
0.71,63137
0.71,62962
0.72,63137
0.72,62962
0.72,63137
0.72,62962
0.74,63137
0.74,64617
0.74,63137
0.75,62962
0.76,63137
0.76,62962
0.76,63137
0.77,62962
0.81,63137
0.81,62962
0.84,63137
0.84,62962
0.85,63137
0.85,62962
0.86,63137
0.86,62962
0.86,63137
0.87,62962
0.92,63137
0.92,62962
0.94,63137
0.94,62962
