0.32,671061
0.43,652280
0.53,644577
0.63,638932
0.82,621665
1.02,613250
1.21,600391
1.41,595474
1.71,583947
1.90,583680
2.00,577056
2.09,569441
2.19,564244
2.30,543640
2.50,541948
2.81,539865
2.92,522097
3.51,516581
3.71,498033
3.81,483305
4.63,463914
6.13,455822
6.23,452972
6.71,450629
6.90,450593
7.19,445973
7.97,439454
8.07,430138
9.43,423291
9.91,420719
10.01,420266
10.30,418695
10.40,408061
10.89,399713
11.66,399556
11.86,398052
12.05,395210
12.15,393886
12.44,387703
12.83,381706
13.22,378084
13.51,376015
13.90,373688
13.99,371181
14.48,368069
14.87,365018
14.99,364365
15.09,363316
15.18,358091
15.58,347511
15.97,347270
16.08,342866
16.92,341651
17.13,333767
19.22,326424
20.06,321920
20.79,320226
20.99,320059
21.79,319179
21.99,312697
22.57,311573
22.97,304752
23.06,302728
24.53,300741
25.23,295750
26.71,294399
27.00,293861
27.29,291384
27.58,289430
28.27,285245
29.15,284307
29.25,282269
29.35,279181
30.03,278695
30.13,275993
31.48,272347
31.67,272032
31.96,271175
32.35,266017
34.18,261182
35.05,260703
35.14,260320
36.31,259380
37.08,258383
37.37,255456
37.85,252367
38.24,251163
39.11,246837
40.65,246189
41.42,246153
42.49,245463
42.78,243756
43.54,242606
43.83,241159
43.93,240201
44.13,240192
45.14,239762
45.68,238651
45.98,238279
46.19,238025
46.91,237375
47.60,236369
47.70,236359
48.11,234938
49.05,234893
49.25,233272
49.66,231775
50.38,231327
50.77,230616
50.96,230422
51.54,228860
52.41,228732
52.50,228187
52.79,227618
52.89,227172
53.08,226663
53.75,225772
54.24,224891
54.43,222496
55.11,221248
55.60,220869
55.70,220039
56.08,219631
56.47,218879
57.14,217073
57.63,215829
57.73,214562
58.50,213407
59.37,213402
59.46,212256
59.94,211251
60.04,210605
60.43,210403
60.63,210210
60.93,208981
61.23,205789
61.42,204233
62.10,202992
63.07,202543
63.17,202336
63.75,201805
65.42,201524
66.22,200169
