0.32,650878
0.53,637095
0.93,615680
1.13,601993
1.80,593067
2.00,587347
2.40,561252
3.42,547318
3.63,543749
3.73,538073
4.04,524517
4.14,523233
4.63,513040
4.82,511808
5.01,507766
5.11,495279
5.50,493579
5.80,489932
6.01,484805
6.11,473013
6.82,470185
6.92,468538
7.02,466577
7.21,464670
7.31,462049
7.41,449521
7.92,444536
8.24,443896
8.66,434063
8.76,432098
9.35,430468
9.55,419953
10.23,417957
10.72,410058
11.14,403466
11.24,400669
11.34,399082
12.04,396717
12.53,386632
12.73,378516
13.77,375642
14.61,373389
14.83,371075
14.94,366652
15.16,364544
15.49,361894
15.60,355371
16.37,353890
17.90,351148
18.01,350910
18.34,346360
18.77,341818
19.65,339211
19.87,338161
20.09,333190
20.20,329776
20.95,327947
21.29,327181
21.39,324447
21.93,320880
22.03,309544
23.13,309268
23.95,309205
24.60,305215
25.80,302291
26.32,300389
27.04,298552
27.30,297218
27.70,294757
29.15,289939
29.55,289654
30.01,288973
30.11,286565
31.09,284644
31.58,281407
32.56,281139
32.85,279941
33.58,279922
33.78,279900
34.19,271512
35.78,271187
35.99,269479
38.94,269381
39.04,268244
39.44,266123
39.75,265479
40.06,262610
40.49,262605
41.48,258855
41.80,257185
42.12,256293
42.33,254565
42.84,251005
43.35,248373
45.64,248114
45.83,246787
45.93,246493
46.32,245105
46.71,245094
47.68,244712
47.98,244251
48.18,243436
48.38,243330
49.50,243005
49.60,240328
50.49,239298
51.18,238679
51.47,234700
52.86,233445
53.94,230385
54.73,230369
54.83,229783
55.02,228090
55.32,227993
55.61,226800
56.10,226036
56.59,225994
56.79,225545
56.98,223602
58.16,222208
59.62,221530
60.31,221143
60.60,220383
60.90,218632
61.00,217249
61.20,215472
63.64,215021
63.74,214790
64.67,212584
65.72,210829
66.33,210486
66.74,207234
66.94,207029
67.43,206205
68.31,205441
68.60,204696
69.73,204359
70.26,202384
71.94,200877
72.76,200597
73.59,199612
74.12,199009
74.75,198274
76.32,196790
76.61,196324
77.19,196312
77.49,196208
77.89,195486
77.99,195450
78.77,194229
80.76,192427
81.37,192262
81.57,191906
81.76,191544
82.34,190799
82.84,190613
83.51,190064
84.10,189610
84.30,188832
85.67,188516
86.47,188486
87.48,186648
