0.33,663265
0.54,637787
0.64,626666
1.04,617822
1.24,614044
1.34,613885
1.54,603887
1.65,596402
1.75,592609
1.95,589404
2.05,584442
2.17,578977
2.27,572639
2.56,571165
2.65,560097
2.76,552377
3.28,551596
3.38,537239
3.79,533713
3.89,532827
4.39,531508
4.49,530988
4.58,524070
4.68,521352
4.78,520754
5.08,519513
5.18,516898
5.48,513640
5.58,502299
5.99,492049
6.19,484412
6.68,483759
6.78,479397
7.07,479122
7.17,469421
7.36,465327
7.67,453272
8.17,451735
8.27,447370
8.36,439583
8.56,425632
9.06,422198
9.46,419236
9.87,417652
10.19,412151
10.90,401732
11.53,391341
12.16,389858
12.57,386218
12.76,379092
12.86,376718
13.44,374187
13.73,359653
14.30,357892
15.07,357048
15.27,356266
15.37,349392
15.46,347080
16.24,338157
17.20,327684
17.88,326911
18.07,325570
18.36,325498
18.45,324402
19.03,320613
19.90,320087
20.59,318979
21.19,312876
21.58,307947
21.68,305992
21.78,299689
23.35,293802
24.13,292625
24.62,291925
24.82,288654
26.30,287513
26.71,282359
27.31,277803
28.75,276470
29.33,274575
29.71,273464
30.10,273126
31.35,272586
31.64,269235
31.83,267457
32.79,263703
33.75,260762
35.11,255786
35.90,255412
37.19,252675
38.60,247861
40.97,246812
41.66,246476
41.75,246395
42.04,244715
42.14,242566
42.93,240660
43.62,239846
44.25,239584
44.34,235060
46.50,234419
47.02,232441
47.35,231426
48.48,231158
49.16,228055
49.77,225412
51.66,225351
52.81,225251
53.22,224970
53.42,224693
53.52,224596
53.73,224166
54.14,224145
54.56,223124
55.38,221434
56.70,221189
57.18,220659
57.38,220405
57.68,217847
60.10,216852
60.29,215864
61.90,215461
62.41,215364
62.71,215077
63.71,214215
63.92,211897
65.37,211873
65.57,210792
66.36,210052
66.46,208530
66.76,207763
66.85,207642
67.15,207614
67.75,207590
67.95,207396
68.05,206493
68.35,204221
69.52,204197
70.30,203228
70.49,203063
70.69,202230
71.65,202114
71.84,201806
72.04,201372
72.70,201204
73.38,201072
73.67,200727
73.77,200188
74.83,199940
75.22,199535
75.99,197693
77.25,197403
78.21,196706
78.80,196561
78.90,196521
79.19,196482
79.87,195574
80.16,195350
82.77,194931
83.06,194813
84.53,194755
84.92,194732
85.60,194399
87.91,192928
90.36,192589
91.45,192162
93.48,190447
