0.32,664670
0.43,655867
0.63,652569
0.73,626231
0.92,622100
1.02,608834
1.12,592587
1.51,580238
1.60,571611
1.90,556176
2.00,556039
2.10,549550
2.50,546845
2.80,537921
2.99,524541
3.29,521842
3.38,518046
3.48,511399
3.68,505678
4.59,505549
4.69,491569
4.80,488831
5.01,483288
5.11,477943
6.04,477731
6.14,456117
6.55,452911
7.24,451808
7.34,438042
8.71,417837
9.21,412387
10.12,411139
10.23,410507
10.33,394352
10.96,390924
12.17,389492
12.67,382640
13.28,381345
13.38,365949
15.24,365390
15.56,360694
15.79,357840
16.00,353192
16.30,350601
16.94,347152
17.16,345643
17.58,344114
17.98,343488
18.29,341757
18.61,337556
19.03,335256
19.13,334199
19.84,333521
20.10,332654
20.38,329421
20.78,322988
21.13,319873
21.64,319159
22.05,318965
22.44,315311
22.84,315217
22.94,314663
23.03,310532
23.93,308658
24.04,306702
24.24,305655
24.94,295046
25.44,288783
27.14,284630
28.25,284395
28.36,280333
28.57,275167
29.66,274760
30.16,271629
31.63,269088
32.02,266205
32.64,264015
33.13,261339
33.82,261094
34.74,260547
34.94,260499
35.04,259982
35.24,256664
35.63,256463
35.92,252833
37.10,251412
37.89,249513
38.38,249347
38.77,245398
39.47,243409
40.16,241534
40.36,241362
41.05,240279
41.83,238809
42.03,236634
43.02,235991
43.32,235831
43.52,235605
43.72,233193
44.21,231988
44.41,230131
44.90,227791
45.39,227173
45.49,226857
45.68,224871
45.98,224199
46.47,223288
47.06,223100
47.65,222615
48.05,222503
48.15,219606
48.64,216404
