0.32,662912
0.53,645654
0.73,638049
0.93,614703
1.03,614010
1.22,594272
1.51,584380
1.80,575820
1.90,575063
1.99,564570
2.38,552226
2.58,537089
2.67,530264
3.06,517912
3.54,517422
3.84,488375
4.52,485128
4.81,481528
4.91,474554
5.20,472785
5.29,468066
5.49,467722
5.59,462462
5.78,456729
6.65,450841
7.04,435966
7.62,430319
8.01,425855
8.30,423754
9.47,420503
9.76,413966
10.34,411463
10.43,410126
10.53,400971
11.41,398405
11.79,396806
11.89,391773
12.28,389088
12.48,387411
12.67,385705
12.86,382443
12.96,376870
13.25,373229
13.93,371717
14.03,365988
14.51,364966
14.71,358165
15.58,352120
15.97,351865
16.17,347119
16.75,346308
17.14,343292
17.72,342033
18.30,340632
18.40,338279
18.49,337997
18.69,327797
19.27,325794
19.85,321676
19.94,320290
20.62,313827
21.40,308349
23.25,305358
24.13,300100
24.32,297131
25.10,295757
25.30,292417
26.10,292349
26.40,292189
26.59,291438
26.69,290370
27.27,288256
27.46,285122
27.66,283268
28.73,277530
29.51,273835
30.20,272617
30.79,270703
31.46,262712
32.94,262161
33.33,261718
33.71,261643
33.91,261006
34.00,260190
34.10,258978
34.49,255945
35.17,255895
36.44,255458
36.83,255377
36.93,255213
37.02,254804
37.22,254079
37.41,253675
37.89,251736
38.19,250887
38.28,250724
38.67,250121
39.26,249617
39.55,249566
39.65,249200
39.75,248770
39.84,248190
39.94,248095
40.14,246690
41.01,246644
41.20,246591
41.50,245989
41.69,244844
42.37,244689
42.95,241752
44.22,241603
44.51,239244
45.09,237026
46.45,235431
47.03,235014
47.90,234033
48.10,233839
48.29,229971
49.86,229703
50.06,228899
50.26,228793
50.36,228552
50.98,228193
51.48,227985
51.87,227823
52.08,227462
52.18,226428
52.67,225023
54.81,223477
56.36,223199
57.05,223171
58.11,222006
58.31,221754
58.60,221051
58.89,220961
59.18,220879
59.28,220091
59.48,219522
60.35,219469
60.55,217032
61.90,216550
62.97,214119
64.12,213724
64.51,211582
65.61,211453
65.98,211439
66.51,210926
66.62,209670
67.12,209329
67.25,208934
68.16,208780
69.20,208442
70.37,208047
70.76,207828
71.67,207446
73.88,204560
76.47,204397
77.05,202539
77.25,202299
79.59,201354
80.09,200584
80.98,199972
82.64,199934
82.94,199794
83.03,199788
83.23,199709
83.33,199283
83.93,199059
84.24,195365
84.82,194443
85.30,194172
86.32,193913
86.80,193676
87.00,191557
87.58,190635
87.77,190376
88.65,190170
89.25,190105
90.57,189258
90.97,187258
