0.32,645082
0.53,641726
0.63,640106
0.73,629038
0.82,612701
0.92,603751
1.12,602343
1.50,593875
1.63,584051
1.76,579361
1.89,578265
2.02,577310
2.15,565524
2.29,560794
2.55,540411
3.20,535323
3.33,533736
3.59,531766
3.72,525121
3.85,520644
4.11,506718
4.76,494034
5.79,490070
5.90,487804
6.00,482616
6.10,481124
6.41,480856
6.51,473169
7.20,467703
7.89,457105
8.57,453475
8.67,450090
8.87,449669
8.96,438245
9.74,435638
9.93,435398
10.24,429691
11.50,428592
11.89,424537
11.99,405938
14.22,402173
14.32,395851
14.70,393134
14.89,393033
15.57,392909
15.67,390402
16.06,390335
16.27,387392
16.37,379905
16.87,379472
17.28,376920
17.49,375260
17.89,369462
18.19,365678
18.40,364023
18.99,360029
19.39,359276
19.50,348436
21.01,348084
21.12,344657
21.91,338026
22.01,336777
22.94,335841
23.14,334590
23.54,329905
23.64,326224
24.17,324546
25.04,324094
25.82,323690
26.21,321317
26.50,319963
26.59,318225
26.98,312939
27.47,310720
29.05,310145
29.55,309023
30.04,302852
31.06,300106
32.50,295581
33.35,293135
34.45,287594
36.58,283903
36.78,282048
37.55,281474
37.93,280925
38.80,279738
39.19,278529
39.96,277920
40.26,274989
40.65,274169
40.94,272805
41.53,270138
42.88,267355
44.23,263304
46.64,263287
46.73,260637
46.83,259188
47.60,258081
48.47,256388
48.85,256014
49.23,251642
50.10,250860
52.32,250144
53.67,247108
54.34,245232
56.57,242667
57.63,240721
58.21,238415
58.60,236656
59.27,234152
61.21,233006
61.60,231562
63.66,231101
64.22,230140
64.42,229940
64.90,229269
65.10,228534
65.29,228077
65.48,227547
65.58,224413
66.02,222938
66.86,220461
66.99,219776
67.25,219535
67.50,219459
68.40,219039
68.66,216494
68.79,215921
70.07,214665
70.46,213702
71.35,210682
72.00,208723
74.07,208632
74.97,207713
75.23,206648
75.61,201210
76.08,201176
77.33,198920
77.43,197867
78.49,197806
78.59,197489
78.68,196241
79.25,194240
80.87,193460
81.16,192685
83.09,192131
83.85,191871
84.72,191253
85.49,190867
85.59,190423
85.78,190313
86.45,190202
86.55,189917
88.47,189869
88.86,189642
89.44,189084
89.93,188019
90.51,187238
