0.33,657215
0.43,653350
0.53,624625
0.73,617677
1.02,606092
1.12,597177
1.31,592307
1.51,590961
1.60,585548
1.80,571041
1.99,565127
2.09,534662
2.88,525820
3.17,525481
3.39,523939
3.49,520111
3.60,518897
3.70,510005
3.81,506792
4.23,503689
4.33,497767
4.92,495501
5.11,489096
5.62,484406
5.93,480225
6.04,477479
6.14,471412
6.24,471364
6.44,464189
6.85,463545
7.15,462050
7.35,454796
7.77,446206
8.35,441364
8.45,436118
8.55,434192
8.96,429997
9.36,422520
9.97,421331
10.07,414679
10.47,412538
10.57,410331
10.67,404533
11.41,395857
12.14,394078
12.25,382155
12.79,381902
12.99,378916
13.10,377801
13.41,371384
13.61,370758
13.92,364199
14.24,356468
14.54,352507
14.64,347779
15.53,344121
15.62,331670
17.08,330642
17.37,320564
18.15,319027
18.25,316074
20.11,309688
20.90,306202
21.58,300280
22.07,298369
22.46,291450
23.63,290889
24.44,287607
24.54,286021
24.74,285332
25.22,282801
26.01,282769
26.30,282258
26.40,281884
26.69,279932
27.18,278012
27.56,277639
28.05,274553
29.03,272873
30.58,271846
30.67,271721
30.77,270436
31.25,266172
33.88,258885
35.31,257054
37.44,257006
37.64,255887
38.59,253068
41.02,252905
41.22,252224
41.63,250720
42.04,247032
42.85,240252
45.00,240109
46.73,239937
46.93,236165
49.28,235583
50.53,234675
51.23,233927
51.84,233701
52.13,233327
52.43,231614
53.02,231315
53.12,229675
53.51,229468
53.71,229099
53.80,226749
53.90,225127
55.91,224852
56.20,223680
58.09,223466
58.48,222990
58.57,222901
60.03,222849
60.32,220489
60.61,220147
60.71,219604
61.00,217776
62.45,217373
62.55,216721
62.84,214350
63.32,213947
63.52,213914
64.39,213063
64.58,212883
65.26,211565
65.65,209734
66.13,207474
67.29,206187
68.06,202546
