0.32,634265
0.72,619726
1.02,608333
1.41,597423
1.70,585007
1.79,576119
2.28,548021
2.96,538114
3.05,528348
3.16,528086
3.85,517584
4.43,508754
4.62,502859
4.82,495107
5.50,480708
6.28,478919
6.57,465653
7.26,463781
7.55,459769
7.65,449007
8.03,443813
8.42,435646
8.62,429539
8.72,420695
9.21,417637
9.41,413438
9.70,408380
9.80,398985
9.90,397297
10.68,395994
10.87,390279
10.97,387924
11.07,387272
11.26,383518
11.46,381846
11.55,377835
12.27,376652
12.37,370201
12.47,358864
12.78,354988
13.20,348373
13.81,344252
14.50,340707
14.71,340306
15.50,338061
15.64,337271
15.77,336842
16.16,328957
16.96,321753
18.30,321031
18.57,307142
21.16,305480
21.55,304497
21.94,303781
22.43,300505
23.11,299706
23.41,299349
23.70,299165
24.00,298437
24.39,296772
24.58,294592
24.87,294467
25.37,293232
25.57,290929
26.16,290661
27.46,290652
27.56,289683
28.15,286840
28.55,284113
29.72,282836
29.82,281371
31.41,281269
31.71,278837
32.10,274939
32.50,274599
33.18,272706
34.35,270471
35.45,270195
37.05,262671
39.05,261869
40.53,260871
40.63,258170
41.13,256825
42.30,256707
42.79,256630
42.89,253236
43.87,252978
43.97,250430
44.16,247265
44.36,246149
44.46,245110
44.87,234669
