0.36,653115
0.90,628087
1.30,627841
1.70,598992
2.22,591797
2.48,581608
3.37,569436
3.46,560488
3.56,555608
3.75,543400
4.52,540310
4.71,527037
5.29,521191
5.48,517411
5.77,509623
5.97,498500
6.55,491983
7.04,482206
7.13,467935
7.52,462170
8.00,461004
8.34,454470
8.74,447406
9.13,443657
9.39,439158
9.53,438533
9.66,437474
9.79,425821
10.45,421326
11.63,416476
12.55,407956
13.48,403195
14.00,403186
14.27,388744
15.85,381472
16.51,378239
16.64,377587
17.17,374900
17.31,373292
17.44,369873
17.83,368097
18.44,362222
18.84,358525
19.03,348876
19.52,344480
19.61,342280
20.39,340453
21.25,340391
21.55,338684
21.64,333144
21.93,329304
22.23,320828
22.75,318100
24.84,311718
26.19,303222
27.54,296762
30.05,295707
30.72,293271
30.92,291858
31.31,289228
32.27,285430
32.46,283678
33.44,281125
35.62,279858
35.81,277706
36.59,276048
37.55,275682
37.74,274966
38.03,270533
38.13,269476
38.81,267312
39.10,266656
39.58,266035
40.16,264278
40.35,260870
40.93,258190
41.03,255549
43.15,253934
44.01,252317
44.30,252215
44.50,250659
45.18,246495
46.35,246380
46.64,246203
47.22,245178
47.41,243361
48.00,240291
48.20,238775
48.68,235642
50.32,233979
50.62,233059
51.13,229709
51.64,229150
51.92,227299
52.72,227123
52.94,223153
55.05,219551
55.85,219283
56.37,219164
56.87,217052
57.88,216276
57.98,216050
58.28,213003
59.07,212566
59.79,211182
59.89,209782
61.30,209606
61.39,208424
62.26,208196
62.65,208188
62.84,207706
63.23,207499
63.32,206127
63.42,206081
64.72,205899
65.03,203799
65.44,202529
66.96,202227
67.06,202084
67.25,201308
67.54,200745
67.63,200218
68.02,199708
68.21,199610
68.41,199361
69.76,198797
70.64,195635
71.31,195486
72.27,195379
72.86,195377
73.72,195190
73.81,194928
74.68,194508
75.77,194186
76.17,193959
76.77,193652
77.46,191693
78.37,190419
80.24,189830
80.62,188999
81.01,188154
82.55,187799
82.65,187697
82.84,187252
84.20,185741
85.36,185373
85.65,184392
86.91,184149
87.01,183488
87.21,182401
88.27,181478
89.04,181284
89.14,179553
91.40,178466
91.88,176820
92.67,175889
93.35,175886
93.84,175357
94.65,175282
96.09,174861
