0.20,682165
0.20,680170
0.20,688275
0.20,687157
0.20,687133
0.20,684895
0.20,679670
0.20,678885
0.20,672082
0.20,675801
0.20,672646
0.20,668463
0.20,667748
0.20,664204
0.20,667806
0.20,659199
0.20,643838
0.20,643381
0.20,640119
0.20,643712
0.20,641240
0.20,641195
0.20,648593
0.20,648733
0.20,642806
0.20,644650
0.20,642376
0.20,635522
0.20,640988
0.20,636164
0.20,641470
0.20,646477
0.21,650829
0.21,639842
0.21,645739
0.21,644614
0.21,645383
0.21,643107
0.21,641650
0.21,648877
0.21,645466
0.21,657289
0.21,663154
0.21,661335
0.21,657850
0.21,661960
0.21,674041
0.21,674146
0.21,669840
0.21,669777
0.21,659864
0.21,661033
0.21,660015
0.21,659510
0.21,654704
0.21,652738
0.21,657302
0.21,654594
0.21,652916
0.21,642144
0.22,657752
0.22,659218
0.22,667020
0.22,674026
0.22,678722
0.22,676666
0.22,674527
0.22,663937
0.22,662035
0.22,669059
0.22,668390
0.22,674190
0.22,666137
0.22,656995
0.22,651821
0.22,653240
0.22,657356
0.22,654999
0.22,652624
0.22,646494
0.22,648370
0.22,642477
0.22,637039
0.22,638235
0.22,641391
0.22,640559
0.22,642611
0.22,634692
0.22,637871
0.22,639312
0.22,638974
0.23,638890
0.23,639462
0.23,640710
0.23,632991
0.23,635961
0.23,638440
0.23,637406
0.23,636171
0.23,623452
0.23,624169
0.23,630860
0.23,633755
0.23,654780
0.23,663167
0.23,663353
0.23,663980
0.23,663168
0.23,667920
0.23,658589
0.23,662694
0.23,657928
0.23,657520
0.23,674133
0.23,660953
0.23,660123
0.23,659698
0.23,659896
0.23,655841
0.23,654879
0.23,651017
0.23,646899
0.23,655382
0.24,647667
0.24,644681
0.24,629577
0.24,633582
0.24,625982
0.24,627505
0.24,627026
0.24,624495
0.24,621327
0.24,621251
0.24,627851
0.24,630144
0.24,630895
0.24,633289
0.24,624957
0.24,624995
0.24,623184
0.24,621443
0.24,618615
0.24,617098
0.24,621952
0.24,627564
0.24,620636
0.24,631318
0.24,628969
0.24,635065
0.24,640762
0.24,642668
0.24,637274
0.24,640985
0.24,638642
0.24,640495
0.24,642142
0.25,645484
0.25,646549
0.25,647698
0.25,649879
0.25,652392
0.25,654188
0.25,651628
0.25,643495
0.25,651938
0.25,660042
0.25,657904
0.25,661560
0.25,660983
0.25,656325
0.25,650224
0.25,651359
0.25,660195
0.25,662722
0.25,660083
0.25,659261
0.25,652598
0.25,664572
0.25,662173
0.25,661657
0.25,674798
0.25,673645
0.25,676183
0.25,670514
0.25,671227
0.26,670155
0.26,665416
0.26,662005
0.26,662022
0.26,653535
0.26,651514
0.26,663649
0.26,650514
0.26,654144
0.26,655776
0.26,656920
0.26,647855
0.26,645186
0.26,652377
0.26,653930
0.26,661307
0.26,660496
0.26,658140
0.26,643930
0.26,642693
0.26,643488
0.26,647242
0.26,646271
0.26,648077
0.26,650888
0.26,646565
0.26,644325
0.26,645262
0.26,646171
0.26,647422
0.26,655721
0.27,654979
0.27,654017
0.27,657960
0.27,657794
0.27,654757
0.27,652800
0.27,651835
0.27,650738
0.27,652620
0.27,654218
0.27,653197
0.27,648069
0.27,646428
0.27,646276
0.27,646067
0.27,666475
0.27,666579
0.27,663926
0.27,657635
0.27,666727
0.27,666491
0.27,670977
0.27,669502
0.27,668623
0.27,669765
0.27,670093
0.27,670346
0.27,671576
0.27,674818
0.27,674658
0.27,671614
0.27,665809
0.28,664628
0.28,662254
0.28,658977
0.28,670244
0.28,670257
0.28,658687
0.28,657760
0.28,652450
0.28,654142
0.28,654084
0.28,657893
0.28,654936
0.28,650361
0.28,649639
0.28,649969
0.28,661675
0.28,665189
0.28,654183
0.28,663466
0.28,663227
0.28,664487
0.28,658420
0.28,652994
0.28,653758
0.28,650068
0.28,653117
0.28,659162
0.28,658953
0.28,655326
0.28,656287
0.29,662757
0.29,663992
0.29,663553
0.29,663347
0.29,650918
0.29,649617
0.29,645092
0.29,647963
0.29,646941
0.29,644909
0.29,645793
0.29,644349
0.29,638089
0.29,635571
0.29,636365
0.29,638102
0.29,652401
0.29,652639
0.29,639797
0.29,639129
0.29,640704
0.29,645950
0.29,640201
0.29,640795
0.29,639395
0.29,631528
0.29,630468
0.29,633640
0.29,639182
0.29,643002
0.30,643139
0.30,643698
0.30,644073
0.30,643299
0.30,643203
0.30,644568
0.30,644179
0.30,655224
0.30,653217
0.30,656236
0.30,655844
0.30,652020
0.30,660254
0.30,658627
0.30,658523
0.30,658716
0.30,662934
0.30,662483
0.30,663573
0.30,658743
0.30,639883
0.30,639490
0.30,640851
0.30,639655
0.30,634102
0.31,634205
0.31,631877
0.31,641146
0.31,643052
0.31,643057
0.31,655536
0.31,656366
0.31,659464
0.31,659332
0.31,662853
0.31,667275
0.31,667461
0.31,672609
0.31,676263
0.31,681403
0.31,665133
0.31,667022
0.31,664189
0.31,661013
0.31,663244
0.31,661886
0.31,658105
0.31,657869
0.31,658977
0.31,654069
0.31,653432
0.31,654861
0.31,654890
0.31,654774
0.31,650164
0.31,647648
0.31,650770
0.31,637913
0.32,639554
0.32,638542
0.32,638546
0.32,637511
0.32,639416
0.32,639932
0.32,641027
0.32,642565
0.32,638737
0.32,639140
0.32,632380
0.32,629052
0.32,629333
0.32,628899
0.32,628608
0.32,630324
0.32,628903
0.32,628337
0.32,632785
0.32,635956
0.32,631679
0.32,633832
0.32,630971
0.32,629317
0.32,622244
0.32,625410
0.32,631521
0.32,640295
0.32,644596
0.32,652125
0.32,649389
0.32,649627
0.32,649206
0.33,656379
0.33,649374
0.33,648314
0.33,654661
0.33,651214
0.33,650088
0.33,635753
0.33,637176
0.33,637112
0.33,633353
0.33,633965
0.33,633905
0.33,641249
0.33,645749
0.33,643953
0.33,658229
0.33,659029
0.33,665331
0.33,660541
0.33,649953
0.33,643542
0.33,634480
0.33,641850
0.33,642993
0.33,634671
0.33,628903
0.33,630641
0.33,624177
0.33,604031
0.33,603724
0.33,600844
0.33,590829
0.33,592894
0.34,608600
0.34,612390
0.34,618401
0.34,625055
0.34,621667
0.34,621382
0.34,629960
0.34,636526
0.34,635217
0.34,633697
0.34,632180
0.34,635296
0.34,637220
0.34,635084
0.34,624824
0.34,607347
0.34,607774
0.34,608429
0.34,610896
0.34,614124
0.34,615784
0.34,616832
0.34,608441
0.34,610038
0.34,607141
0.34,605224
0.34,589354
0.35,586073
0.35,597459
0.35,599122
0.35,596573
0.35,581226
0.35,589634
0.35,588871
0.35,588830
0.35,589103
0.35,577037
0.35,568514
0.35,573429
0.35,573177
0.35,573129
0.35,562141
0.35,582728
0.35,580703
0.35,575694
0.35,570105
0.35,570124
0.35,571151
0.35,573683
0.35,574884
0.36,584551
0.36,587641
0.36,583956
0.36,584556
0.36,588333
0.36,584634
0.36,576459
0.36,576345
0.36,585689
0.36,586669
0.36,587278
0.36,594543
0.36,595710
0.36,593839
0.36,596366
0.36,592029
0.36,598315
0.36,605878
0.36,609930
0.36,616095
0.36,623378
0.36,622793
0.36,620335
0.36,620375
0.37,622460
0.37,620009
0.37,623098
0.37,626823
0.37,625584
0.37,643827
0.37,638478
0.37,640388
0.37,636765
0.37,635798
0.37,631912
0.37,640226
0.37,623405
0.37,627554
0.37,626908
0.37,624583
0.37,636988
0.37,633583
0.37,633049
0.37,637074
0.37,611430
0.37,607516
0.37,615548
0.37,606872
0.37,612808
0.37,614141
0.37,614649
0.37,613560
0.37,614525
0.37,611106
0.37,608063
0.38,612028
0.38,603386
0.38,595922
0.38,598189
0.38,591580
0.38,593673
0.38,593742
0.38,594282
0.38,599060
0.38,601898
0.38,600910
0.38,601610
0.38,591331
0.38,593247
0.38,591712
0.38,595074
0.38,602181
0.39,608626
0.39,613992
0.39,613562
0.39,612433
0.39,615589
0.39,624505
0.39,624106
0.39,624373
0.39,614885
0.39,615437
0.39,620920
0.39,613415
0.39,622890
0.39,603700
0.39,608870
0.39,605581
0.39,601476
0.39,607671
0.39,605948
0.39,606074
0.39,605355
0.39,604039
0.39,613080
0.39,613112
0.39,611078
0.39,606848
0.39,606875
0.40,610949
0.40,614524
0.40,616558
0.40,621144
0.40,623133
0.40,621019
0.40,615070
0.40,612578
0.40,615726
0.40,604838
0.40,605131
0.40,611246
0.40,611821
0.40,624116
0.40,625762
0.40,628020
0.40,626276
0.40,628274
0.40,624118
0.40,625042
0.40,627319
0.40,637266
0.40,639769
0.40,638079
0.40,650031
0.40,652947
0.40,652845
0.40,646440
0.40,640327
0.40,648001
0.40,649024
0.40,653013
0.41,662427
0.41,659316
0.41,657781
0.41,649152
0.41,646332
0.41,651748
0.41,633847
0.41,634186
0.41,634161
0.41,631959
0.41,637876
0.41,645978
0.41,647751
0.41,647174
0.41,651376
0.41,663719
0.41,663267
0.41,663713
0.41,650282
0.41,651017
0.41,647697
0.41,646672
0.41,648640
0.41,647414
0.41,650406
0.41,642859
0.41,649991
0.41,649116
0.41,650439
0.41,654953
0.41,654969
0.41,666638
0.42,666638
0.42,668157
0.42,671874
0.42,673838
0.42,676662
0.42,674448
0.42,672485
0.42,671357
0.42,661518
0.42,647501
0.42,648017
0.42,639568
0.42,641042
0.42,634090
0.42,634826
0.42,644834
0.42,643150
0.42,636049
0.42,638046
0.42,634922
0.42,633949
0.42,634931
0.42,641301
0.42,640579
0.42,637593
0.42,637805
0.42,637197
0.42,635847
0.42,636258
0.42,633332
0.43,637392
0.43,637005
0.43,634786
0.43,634759
0.43,632880
0.43,629370
0.43,629522
0.43,628092
0.43,624017
0.43,609449
0.43,605621
0.43,603228
0.43,603385
0.43,603977
0.43,595298
0.43,600650
0.43,601980
0.43,599783
0.43,597995
0.43,593055
0.43,592449
0.43,591930
0.43,595714
0.43,594950
0.44,595685
0.44,594707
0.44,594367
0.44,599534
0.44,604025
0.44,607360
0.44,608078
0.44,608874
0.44,607832
0.44,586347
0.44,592595
0.44,598680
0.44,616348
0.44,618746
0.44,618735
0.44,614758
0.44,616813
0.44,615359
0.44,611814
0.44,612018
0.44,617137
0.44,618972
0.44,619514
0.45,620196
0.45,621664
0.45,625187
0.45,611930
0.45,611580
0.45,612176
0.45,613765
0.45,607812
0.45,608503
0.45,613933
0.45,615547
0.45,618137
0.45,617839
0.45,610016
0.45,607049
0.45,606990
0.45,608941
0.45,610016
0.45,609988
0.45,599030
0.45,592840
0.45,587218
0.45,588597
0.45,587343
0.45,587422
0.46,586411
0.46,587402
0.46,584969
0.46,582925
0.46,587581
0.46,590705
0.46,589421
0.46,586416
0.46,585811
0.46,581578
0.46,579759
0.46,577633
0.46,575818
0.46,574004
0.46,562914
0.46,560412
0.46,564772
0.46,566569
0.46,568407
0.46,564146
0.46,565943
0.46,567276
0.46,567109
0.46,561485
0.46,560650
0.47,544592
0.47,540738
0.47,545767
0.47,544785
0.47,549632
0.47,550058
0.47,545920
0.47,548536
0.47,548530
0.47,551082
0.47,547320
0.47,546769
0.47,550447
0.47,549200
0.47,550846
0.47,555108
0.47,577856
0.47,582840
0.47,582791
0.48,589242
0.48,590084
0.48,590152
0.48,588898
0.48,598524
0.48,600842
0.48,602489
0.48,608383
0.48,613754
0.48,613911
0.48,621224
0.48,624084
0.48,623426
0.48,627171
0.48,629254
0.48,628426
0.48,618214
0.48,612601
0.48,598612
0.48,590180
0.48,592353
0.48,593377
0.48,595843
0.48,596798
0.48,599422
0.48,605875
0.48,603830
0.49,601173
0.49,593918
0.49,592106
0.49,594686
0.49,594306
0.49,596020
0.49,599111
0.49,596498
0.49,595995
0.49,594034
0.49,594560
0.49,593764
0.49,594800
0.49,589222
0.49,590580
0.49,590880
0.49,591233
0.49,589671
0.49,588147
0.49,588772
0.49,585530
0.50,584896
0.50,589302
0.50,597883
0.50,592378
0.50,591405
0.50,583427
0.50,582513
0.50,582178
0.50,583619
0.50,585996
0.50,583234
0.50,584018
0.50,582269
0.50,588574
0.50,590415
0.50,588875
0.50,573492
0.50,578138
0.50,578539
0.50,580433
0.50,580427
0.50,579579
0.50,577318
0.51,582438
0.51,579756
0.51,579453
0.51,578505
0.51,568971
0.51,566655
0.51,568362
0.51,570850
0.51,579208
0.51,581956
0.51,582245
0.51,584527
0.51,586024
0.51,586723
0.51,586120
0.51,582157
0.51,582162
0.51,574972
0.51,585415
0.51,585934
0.51,581302
0.51,583704
0.51,579316
0.51,579211
0.51,575135
0.52,574482
0.52,575552
0.52,572442
0.52,569292
0.52,568481
0.52,568536
0.52,565051
0.52,564414
0.52,563988
0.52,568851
0.52,575396
0.52,564683
0.52,564937
0.52,569126
0.52,570589
0.52,571599
0.53,571453
0.53,573316
0.53,573757
0.53,575364
0.53,574575
0.53,575984
0.53,575101
0.53,569985
0.53,568704
0.53,566895
0.53,565636
0.53,567052
0.53,569352
0.53,567516
0.53,566057
0.53,574336
0.53,567562
0.53,569957
0.53,569239
0.53,566089
0.53,563424
0.53,560760
0.53,561847
0.54,561508
0.54,562592
0.54,560053
0.54,561404
0.54,561437
0.54,563127
0.54,565011
0.54,568185
0.54,573281
0.54,572391
0.54,572376
0.54,572850
0.54,565744
0.54,563462
0.54,561837
0.54,565513
0.54,566227
0.54,563872
0.55,563436
0.55,575612
0.55,572708
0.55,572513
0.55,568452
0.55,569344
0.55,568674
0.55,568503
0.55,566679
0.55,568912
0.55,574373
0.55,572187
0.55,574747
0.55,574867
0.55,575978
0.55,590986
0.55,589507
0.55,591535
0.55,592002
0.55,609724
0.55,609157
0.55,614437
0.55,615321
0.55,616738
0.56,614046
0.56,609270
0.56,609349
0.56,597594
0.56,599206
0.56,592999
0.56,585192
0.56,585507
0.56,589398
0.56,580802
0.56,590596
0.56,588857
0.56,589238
0.56,582554
0.56,581455
0.56,598990
0.56,598434
0.56,600686
0.56,605455
0.56,602093
0.56,590102
0.57,588926
0.57,589425
0.57,578476
0.57,575963
0.57,575964
0.57,577560
0.57,576801
0.57,578315
0.57,579277
0.57,587332
0.57,590339
0.57,583784
0.57,586008
0.57,586931
0.57,585524
0.57,582092
0.57,583582
0.57,571949
0.57,570573
0.57,566456
0.57,565955
0.57,567126
0.57,564875
0.58,560406
0.58,558923
0.58,567373
0.58,574500
0.58,575356
0.58,573786
0.58,571753
0.58,574708
0.58,574592
0.58,578140
0.58,577462
0.58,572450
0.58,571637
0.58,570759
0.58,571917
0.58,553823
0.58,555665
0.58,555150
0.58,549205
0.58,546568
0.58,549268
0.58,546275
0.59,545762
0.59,548992
0.59,552712
0.59,552910
0.59,553818
0.59,551631
0.59,541434
0.59,534755
0.59,534779
0.59,530277
0.59,524547
0.59,524931
0.59,527223
0.59,527189
0.59,522439
0.59,530061
0.59,534259
0.59,541323
0.59,542921
0.59,540017
0.60,537526
0.60,536713
0.60,538280
0.60,536260
0.60,539478
0.60,544034
0.60,555545
0.60,554933
0.60,557806
0.60,558884
0.60,558845
0.60,559178
0.60,556982
0.60,557682
0.60,558407
0.60,558427
0.60,557427
0.60,557352
0.60,554515
0.60,557042
0.61,551975
0.61,545464
0.61,545136
0.61,545722
0.61,546267
0.61,538276
0.61,540718
0.61,542445
0.61,542610
0.61,543355
0.61,541777
0.61,548124
0.61,552697
0.61,550217
0.61,552810
0.61,552219
0.62,556063
0.62,551384
0.62,551400
0.62,552864
0.62,550824
0.62,542825
0.62,546294
0.62,547868
0.62,539821
0.62,544318
0.62,544278
0.62,545130
0.62,542379
0.62,543893
0.62,546749
0.62,546555
0.62,538787
0.63,533980
0.63,530427
0.63,526210
0.63,536945
0.63,530400
0.63,543168
0.63,535100
0.63,532043
0.63,524666
0.63,522463
0.63,518737
0.63,520537
0.63,517651
0.63,516285
0.63,516684
0.63,516820
0.64,519344
0.64,520126
0.64,526215
0.64,529379
0.64,524598
0.64,523872
0.64,524598
0.64,519557
0.64,523393
0.64,523591
0.64,527031
0.64,528824
0.64,526014
0.64,527628
0.65,523834
0.65,523767
0.65,521121
0.65,517035
0.65,520197
0.65,522973
0.65,530534
0.65,526351
0.65,524592
0.65,525275
0.65,524418
0.65,522692
0.65,518203
0.65,519331
0.65,518851
0.65,522751
0.66,519510
0.66,518518
0.66,511568
0.66,513933
0.66,515631
0.66,515737
0.66,513343
0.66,511510
0.66,508497
0.66,499451
0.66,498144
0.66,497718
0.66,494548
0.66,492982
0.67,496128
0.67,499248
0.67,500888
0.67,505048
0.67,502764
0.67,497748
0.67,497660
0.67,502016
0.67,507547
0.67,505798
0.67,506719
0.67,510895
0.67,514140
0.67,510998
0.68,501710
0.68,503070
0.68,501354
0.68,507508
0.68,510805
0.68,511688
0.68,512503
0.68,510270
0.68,510245
0.68,510513
0.68,511153
0.68,518881
0.68,513955
0.68,510418
0.68,506687
0.68,506921
0.68,511151
0.69,512980
0.69,504343
0.69,510428
0.69,510776
0.69,505975
0.69,508413
0.69,510473
0.69,511399
0.69,504617
0.69,504504
0.69,500779
0.69,504304
0.69,502259
0.69,500370
0.69,496744
0.69,492971
0.70,495465
0.70,491696
0.70,496093
0.70,489850
0.70,491071
0.70,494458
0.70,497532
0.70,498638
0.70,502589
0.70,505927
0.70,498060
0.70,498025
0.70,498158
0.70,497518
0.71,504898
0.71,505656
0.71,504412
0.71,506157
0.71,507775
0.71,514178
0.71,514067
0.71,510673
0.71,508537
0.71,508965
0.71,508769
0.71,510364
0.71,509144
0.71,504822
0.71,511792
0.71,512939
0.71,513349
0.71,513460
0.71,514348
0.71,518187
0.71,511768
0.71,513776
0.71,514153
0.72,516508
0.72,515527
0.72,517927
0.72,522952
0.72,520327
0.72,517087
0.72,522783
0.72,524583
0.72,522000
0.72,524386
0.72,519044
0.72,513620
0.72,512456
0.72,511255
0.72,518029
0.72,515990
0.72,518828
0.72,517081
0.72,519384
0.72,520361
0.72,520837
0.73,512881
0.73,512422
0.73,511738
0.73,511752
0.73,515244
0.73,516039
0.73,506761
0.73,506159
0.73,509564
0.73,508347
0.73,510966
0.73,512514
0.73,511580
0.73,512795
0.73,517047
0.73,518288
0.73,521494
0.74,522220
0.74,519342
0.74,518560
0.74,517940
0.74,512171
0.74,510703
0.74,513042
0.74,512906
0.74,516567
0.74,523079
0.74,520981
0.74,520552
0.74,511908
0.74,512701
0.74,514085
0.74,513290
0.74,514107
0.74,511449
0.75,504656
0.75,505182
0.75,506087
0.75,510755
0.75,516672
0.75,518219
0.75,517810
0.75,516681
0.75,516072
0.75,511166
0.75,516883
0.75,515867
0.75,515721
0.75,516703
0.75,519000
0.75,516824
0.75,516734
0.75,512023
0.75,512453
0.76,513871
0.76,516592
0.76,518441
0.76,527399
0.76,523357
0.76,525784
0.76,525440
0.76,521612
0.76,523711
0.76,521899
0.76,520361
0.76,520519
0.76,522733
0.76,521086
0.76,524644
0.76,524134
0.76,521364
0.76,516367
0.76,517760
0.76,515308
0.76,512341
0.76,506848
0.77,506780
0.77,507224
0.77,505874
0.77,511068
0.77,511893
0.77,515560
0.77,512772
0.77,509547
0.77,507126
0.77,502625
0.77,499285
0.77,499202
0.77,496049
0.77,495279
0.77,493532
0.77,493974
0.77,492207
0.77,495235
0.77,495543
0.77,496017
0.77,498056
0.78,494205
0.78,493446
0.78,493692
0.78,496281
0.78,500047
0.78,500829
0.78,496716
0.78,494371
0.78,494819
0.78,494983
0.78,494797
0.78,496556
0.78,491756
0.79,492006
0.79,488343
0.79,492244
0.79,494373
0.79,492869
0.79,492810
0.79,490926
0.79,494126
0.79,503926
0.79,501511
0.80,499478
0.80,496892
0.80,501490
0.80,499388
0.80,497396
0.80,497591
0.80,496519
0.80,496644
0.80,494982
0.80,497386
0.81,501922
0.81,502250
0.81,504563
0.81,503704
0.81,503863
0.81,506580
0.81,495923
0.81,493966
0.81,494461
0.81,493150
0.81,494039
0.81,495532
0.81,495949
0.81,494726
0.81,496213
0.81,495003
0.81,489835
0.81,488359
0.81,483441
0.82,483975
0.82,483284
0.82,483611
0.82,479251
0.82,476222
0.82,477494
0.82,477516
0.82,475881
0.82,475397
0.82,476812
0.83,481529
0.83,478692
0.83,480434
0.83,481177
0.83,486243
0.83,484563
0.83,485378
0.83,483223
0.83,483169
0.83,483326
0.83,487377
0.83,491375
0.84,495666
0.84,497200
0.84,490490
0.84,489385
0.84,491513
0.84,490269
0.84,490527
0.84,490602
0.84,491467
0.84,491521
0.84,488799
0.84,489793
0.85,490243
0.85,490491
0.85,489358
0.85,491834
0.85,493960
0.85,488383
0.85,487025
0.85,490494
0.85,490003
0.85,482936
0.85,477339
0.86,472160
0.86,472621
0.86,472184
0.86,472139
0.86,471253
0.86,472000
0.86,468528
0.86,474698
0.86,473696
0.86,470624
0.87,464867
0.87,464602
0.87,464995
0.87,462580
0.87,462349
0.87,461392
0.87,466073
0.87,463435
0.88,461001
0.88,463815
0.88,457789
0.88,453720
0.88,460507
0.88,460316
0.88,461589
0.88,459311
0.88,450338
0.88,453269
0.88,452858
0.88,456516
0.88,456756
0.89,457524
0.89,457755
0.89,456188
0.89,457859
0.89,460099
0.89,454395
0.89,454347
0.89,456139
0.90,454447
0.90,454288
0.90,454425
0.90,452148
0.90,446271
0.90,452330
0.90,451641
0.90,452524
0.90,457496
0.90,458225
0.91,457961
0.91,457184
0.91,456524
0.91,453865
0.91,454371
0.91,458032
0.91,459192
0.91,454226
0.91,455666
0.92,454577
0.92,449886
0.92,448029
0.92,448933
0.92,446074
0.92,449347
0.92,446028
0.92,444755
0.92,446348
0.92,445782
0.92,440203
0.92,438791
0.92,439762
0.93,438462
0.93,436931
0.93,436535
0.93,438276
0.93,435933
0.93,433067
0.93,429506
0.93,429350
0.93,430411
0.93,428517
0.93,428882
0.93,428597
0.93,432404
0.94,432460
0.94,433398
0.94,432244
0.94,420575
0.94,417946
0.94,419343
0.94,418098
0.94,418159
0.94,423142
0.94,421720
0.95,418862
0.95,420561
0.95,422314
0.95,416637
0.95,412669
0.95,413286
0.95,410353
0.96,409444
0.96,411653
0.96,411227
0.96,405245
0.96,406544
0.96,404816
0.96,407178
0.96,407214
0.96,408562
0.96,407907
0.97,403346
0.97,405800
0.97,406182
0.97,409990
0.97,410996
0.98,409795
0.98,408935
0.98,408986
0.98,409593
0.98,405575
0.98,401950
0.98,402931
0.98,403033
0.98,397014
0.98,396033
0.99,394889
0.99,393914
0.99,394050
0.99,396102
0.99,391432
1.00,390913
1.00,391231
1.00,393396
1.00,390078
1.00,387976
1.00,383720
1.01,385127
1.01,386350
1.01,388083
1.01,387381
1.01,388918
1.02,390261
1.02,388238
1.02,384189
1.02,383697
1.02,384735
1.02,382374
1.02,380204
1.02,381382
1.03,381548
1.03,380352
1.03,379523
1.03,382328
1.03,381528
1.03,380400
1.03,380407
1.03,378390
1.04,381436
1.04,383120
1.04,383994
1.04,383488
1.05,383503
1.05,381706
1.05,380563
1.05,379250
1.06,377893
1.06,381271
1.06,381190
1.06,381165
1.06,381748
1.07,383198
1.07,385026
1.07,385436
1.07,386723
1.07,385843
1.07,386311
1.07,385595
1.07,386946
1.08,385700
1.08,383291
1.08,383203
1.08,383944
1.08,384734
1.08,386408
1.08,386093
1.08,384506
1.08,385456
1.08,384417
1.09,385697
1.09,387029
1.09,386527
1.09,383275
1.09,383183
1.10,383505
1.10,382581
1.10,382089
1.10,380863
1.10,380806
1.10,382533
1.10,383616
1.11,384768
1.11,383497
1.11,382799
1.11,381022
1.11,380367
1.11,379468
1.11,379582
1.11,379232
1.11,376930
1.11,374963
1.12,375617
1.12,375554
1.12,372808
1.12,370488
1.12,368783
1.12,369564
1.12,369411
1.12,367596
1.12,368826
1.12,368712
1.12,371511
1.13,371345
1.13,370013
1.13,372673
1.13,373725
1.14,372971
1.15,370845
1.15,366651
1.15,365905
1.15,367157
1.15,366919
1.15,367106
1.16,366466
1.16,363514
1.16,362290
1.16,361210
1.17,363871
1.17,361934
1.17,362394
1.17,362048
1.17,366954
1.17,367641
1.18,361435
1.18,363291
1.18,361426
1.18,360666
1.18,360508
1.18,360140
1.18,360352
1.18,362216
1.19,363685
1.19,363742
1.19,365580
1.20,357790
1.20,358116
1.20,357534
1.21,356728
1.21,357163
1.21,356603
1.21,355930
1.21,353080
1.22,352570
1.22,354154
1.22,352940
1.22,350222
1.23,350749
1.23,349307
1.23,349086
1.24,344899
1.24,344548
1.26,346347
1.26,345884
1.26,346006
1.26,348778
1.26,348940
1.27,348852
1.27,348914
1.27,348910
1.27,348834
1.27,349811
1.28,348418
1.28,350801
1.28,350873
1.29,350364
1.29,348722
1.29,348118
1.29,349012
1.30,349344
1.30,347420
1.30,345433
1.30,344050
1.30,346242
1.30,347371
1.30,346167
1.30,347626
1.30,346035
1.31,345208
1.31,343853
1.31,343921
1.31,347906
1.31,348311
1.32,344715
1.32,345373
1.33,345489
1.33,346052
1.34,346516
1.34,345915
1.35,345314
1.35,347444
1.35,347334
1.35,347752
1.35,347963
1.35,347277
1.36,347051
1.36,344555
1.36,345233
1.36,345262
1.36,345270
1.37,344155
1.37,344028
1.37,344145
1.38,340628
1.38,341451
1.38,341677
1.38,335655
1.39,335890
1.39,340094
1.39,339204
1.40,337767
1.40,337539
1.40,333868
1.40,330916
1.40,330446
1.40,329692
1.40,329988
1.41,324445
1.41,323795
1.41,323822
1.41,323540
1.41,323307
1.42,322053
1.42,321592
1.43,318217
1.43,317203
1.44,316121
1.44,314015
1.44,312595
1.45,312561
1.45,312608
1.46,312413
1.46,312393
1.46,312593
1.47,313003
1.48,313246
1.48,313245
1.48,313454
1.48,313066
1.49,313151
1.50,312706
1.50,312324
1.50,312582
1.51,312503
1.51,312553
1.51,311423
1.51,310959
1.52,311431
1.52,311057
1.53,311041
1.53,310281
1.53,309322
1.54,308884
1.54,308408
1.54,306797
1.54,306675
1.55,305308
1.55,305065
1.55,304512
1.55,305974
1.56,303911
1.57,302267
1.58,302084
1.58,301061
1.59,302121
1.59,301595
1.60,301506
1.60,301498
1.60,300675
1.61,294856
1.61,293927
1.63,293905
1.63,294512
1.64,293729
1.66,292521
1.67,291298
1.67,292064
1.67,291254
1.68,288106
1.68,286236
1.69,285034
1.69,284832
1.70,285126
1.70,283763
1.73,284870
1.73,284606
1.74,285235
1.75,282954
1.75,282548
1.76,282034
1.77,282326
1.77,282566
1.77,281163
1.77,280930
1.78,281608
1.78,280645
1.78,279722
1.80,280310
1.81,280660
1.81,279175
1.81,277299
1.82,277029
1.82,277161
1.82,276060
1.83,275927
1.83,276141
1.83,275451
1.84,271555
1.85,271232
1.88,270768
1.88,269785
1.89,270339
1.90,269879
1.92,268779
1.94,268745
1.95,268700
1.96,267898
1.97,266915
1.98,266231
1.99,265666
2.00,264604
2.00,263984
2.01,263935
2.02,264044
2.05,263317
2.06,262846
2.07,261518
2.09,261462
2.11,259205
2.11,259157
2.14,258974
2.16,258952
2.16,258278
2.17,257368
2.18,256316
2.18,255003
2.19,254045
2.19,254047
2.20,253183
2.24,252425
2.24,252186
2.25,252093
2.26,252176
2.27,251619
2.27,251309
2.28,251203
2.28,250668
2.31,250170
2.31,250087
2.35,249471
2.38,248998
2.40,248131
2.40,244732
2.40,242590
2.41,242307
2.42,240425
2.44,240048
2.47,239296
2.48,238853
2.51,238776
2.53,237589
2.55,237231
2.55,236197
2.56,235884
2.60,234612
2.66,234115
2.66,233507
2.72,233086
2.72,232920
2.74,232919
2.75,232671
2.77,232431
2.80,232383
2.81,231823
2.87,231410
3.01,231166
3.01,231111
3.04,229602
3.06,229415
3.06,229405
3.07,229158
3.08,228868
3.13,228401
3.17,228213
3.19,226828
3.20,223806
3.22,223767
3.25,223111
3.31,222979
3.37,221153
3.40,221042
3.42,220266
3.52,219756
3.52,219681
3.55,219621
3.56,219562
3.59,219333
3.63,219222
3.64,219186
3.67,218145
3.74,217536
3.79,216568
3.80,216103
3.83,215907
3.83,215790
3.95,215721
3.96,215669
3.99,215370
4.06,214843
4.08,214202
4.10,211943
4.12,211831
4.19,211529
4.23,210685
4.26,208911
