0.32,655663
0.53,648243
0.63,629541
0.92,591452
1.50,584679
1.80,578958
1.90,570590
2.31,569565
2.41,552233
2.52,544584
2.73,539987
2.93,537840
3.23,535288
3.32,533272
3.42,521908
4.09,508540
4.19,497920
4.96,496200
5.55,493642
5.74,484092
6.14,477497
6.35,474099
6.73,469952
7.25,461052
7.35,458787
7.66,458416
7.75,455194
8.25,449110
8.57,437163
8.67,436388
9.36,435702
9.45,431588
9.65,419420
10.23,418256
10.33,414643
10.43,411157
10.52,408153
10.62,405011
10.82,403520
11.31,402723
11.71,400450
12.01,400294
12.11,398202
12.40,396243
12.60,394917
12.69,393245
12.79,392638
12.88,392491
12.98,378815
13.36,372580
14.71,370708
15.19,369466
15.38,360877
16.13,354469
16.61,350857
17.77,350422
18.35,345172
18.54,344513
18.64,342815
19.33,342389
19.46,341814
19.72,339920
19.85,338491
19.98,337208
20.24,334397
20.49,332053
20.75,324836
21.64,323959
22.67,322292
23.05,320348
23.55,317912
23.94,317746
24.07,304088
25.10,300083
26.08,298542
26.28,295462
26.89,294586
27.40,285998
27.71,285302
28.31,282290
28.60,277683
29.28,273749
30.06,272317
30.45,272179
30.54,267483
31.53,267078
31.82,265305
31.93,264749
32.12,264542
32.22,264191
32.61,260301
33.59,259397
33.69,259035
34.09,258468
34.70,256256
34.79,254491
35.18,253839
35.96,251352
37.64,250393
38.16,246754
